 Process in group number            0
 No PDF is used, alpha_s(MZ) from param_card is used
 Value of alpha_s from param_card:   0.11800000071525575     
 The default order of alpha_s running is fixed to            2
 *****************************************************
 *               MadGraph/MadEvent                   *
 *        --------------------------------           *
 *          http://madgraph.hep.uiuc.edu             *
 *          http://madgraph.phys.ucl.ac.be           *
 *          http://madgraph.roma2.infn.it            *
 *        --------------------------------           *
 *                                                   *
 *          PARAMETER AND COUPLING VALUES            *
 *                                                   *
 *****************************************************

  External Params
  ---------------------------------
  
 aEWM1 =    132.50700378417969     
 mdl_Gf =   1.16639000000000003E-005
 aS =   0.11800000071525575     
 mdl_ymb =    4.6999998092651367     
 mdl_ymt =    173.00000000000000     
 mdl_yme =   5.10999991092830896E-004
 mdl_ymm =   0.10565999895334244     
 mdl_ymtau =    1.7769999504089355     
 mdl_MZ =    91.188003540039063     
 mdl_MT =    173.00000000000000     
 mdl_MB =    4.6999998092651367     
 mdl_MH =    125.00000000000000     
 mdl_Me =   5.10999991092830896E-004
 mdl_MM =   0.10565999895334244     
 mdl_MTA =    1.7769999504089355     
 mdl_WZ =    2.4414041042327881     
 mdl_WW =    2.0476000308990479     
 mdl_WT =    1.4915000200271606     
 mdl_WH =   6.38233916833996773E-003
 mdl_WTau =   2.26999999999999982E-012
  Internal Params
  ---------------------------------
  
 mdl_conjg__CKM3x3 =    1.0000000000000000     
 mdl_CKM3x3 =    1.0000000000000000     
 mdl_conjg__CKM1x1 =    1.0000000000000000     
 mdl_complexi =  (  0.0000000000000000     ,  1.0000000000000000     )
 mdl_MZ__exp__2 =    8315.2519896181766     
 mdl_MZ__exp__4 =    69143415.650849044     
 mdl_sqrt__2 =    1.4142135623730951     
 mdl_MH__exp__2 =    15625.000000000000     
 mdl_aEW =   7.54677089845565054E-003
 mdl_MW =    80.419007276179556     
 mdl_sqrt__aEW =   8.68721526063194194E-002
 mdl_ee =   0.30795376284704501     
 mdl_MW__exp__2 =    6467.2167312862202     
 mdl_sw2 =   0.22224645274001076     
 mdl_cw =   0.88190336616887299     
 mdl_sqrt__sw2 =   0.47143022043565552     
 mdl_sw =   0.47143022043565552     
 mdl_g1 =   0.34919218438279087     
 mdl_gw =   0.65323296958447097     
 mdl_vev =    246.21845810181631     
 mdl_vev__exp__2 =    60623.529110035874     
 mdl_lam =   0.12886910601690271     
 mdl_yb =   2.69955531549349904E-002
 mdl_ye =   2.93504850670934038E-006
 mdl_ym =   6.06883028478528356E-004
 mdl_yt =   0.99366614581500645     
 mdl_ytau =   1.02066167158167895E-002
 mdl_muH =    88.388347648318444     
 mdl_I1x33 =  ( 2.69955531549349904E-002,  0.0000000000000000     )
 mdl_I2x33 =  ( 0.99366614581500645     ,  0.0000000000000000     )
 mdl_I3x33 =  ( 0.99366614581500645     ,  0.0000000000000000     )
 mdl_I4x33 =  ( 2.69955531549349904E-002,  0.0000000000000000     )
 mdl_ee__exp__2 =   9.48355200516540348E-002
 mdl_sw__exp__2 =   0.22224645274001076     
 mdl_cw__exp__2 =   0.77775354725998924     
  Internal Params evaluated point by point
  ----------------------------------------
  
 mdl_sqrt__aS =   0.34351128178744839     
 mdl_G__exp__2 =    1.4828317414825511     
  Couplings of sm-lepton_masses
  ---------------------------------
  
         GC_3 =  -0.00000E+00  -0.30795E+00

 Collider parameters:
 --------------------

<<<<<<< HEAD
 Running at e e   machine @   7.14879999999999960E-002  GeV
=======
 Running at e e   machine @   7.00000000000000067E-002  GeV
>>>>>>> 911b5ec345c81b054214c521136984e9d6306827
 PDF set = none   
 alpha_s(Mz)= 0.1180 running at 2 loops.
 alpha_s(Mz)= 0.1180 running at 2 loops.
 Renormalization scale fixed @    91.188000000000002     
 Factorization scales  fixed @    91.188000000000002        91.188000000000002     


 getting user params
Enter number of events and max and min iterations: 
 Number of events and iterations         2000           9           3
Enter desired fractional accuracy: 
<<<<<<< HEAD
 Desired fractional accuracy:  -3.19030000000000027E-005
=======
 Desired fractional accuracy:  -3.13399999999999974E-004
>>>>>>> 911b5ec345c81b054214c521136984e9d6306827
Enter 0 for fixed, 2 for adjustable grid: 
Suppress amplitude (0 no, 1 yes)? 
 Using suppressed amplitude.
Exact helicity sum (0 yes, n = number/event)? 
 Explicitly summing over helicities
Enter Configuration Number: 
Running Configuration Number:    1
 Not subdividing B.W.
 Attempting mappinvarients           1           4
 Completed mapping           4
 about to integrate            2        2000           9           3           2           1
 Using non-zero grid deformation.
  2 dimensions   2000 events  2 invarients  9 iterations  1 config(s),  (0.99)
 Using h-tuple random number sequence.
 Error opening grid
 Using Uniform Grid!
 Using uniform alpha   1.0000000000000000     
 Grid defined OK
 Set CM energy to          0.07
 Mapping Graph           1  to config           1
<<<<<<< HEAD
Setting grid   1    0.17611E-02   1
=======
Setting grid   1    0.38601E-01   1
>>>>>>> 911b5ec345c81b054214c521136984e9d6306827
 Masses: 0.511E-03 0.511E-03 0.000E+00 0.000E+00
   1   1   2
 Got moffset          21
Using random seed offsets     1 :      1
<<<<<<< HEAD
  with seed                  117
 Ranmar initialization seeds       24102       15630
=======
  with seed                   63
 Ranmar initialization seeds       18438       15574
>>>>>>> 911b5ec345c81b054214c521136984e9d6306827
  Particle       3       4
      Et >     0.0     0.0
       E >     0.0     0.0
     Eta <    -1.0    -1.0
   xqcut:      0.0     0.0
d R # 3  >    -0.0     0.0
s min # 3>     0.0     0.0
xqcutij # 3>     0.0     0.0
 alpha_s for scale    91.188000000000002       is   0.11800000071525575     
<<<<<<< HEAD
 Added good helicity            1  3.61342104278558531E-003  in event            1
 Added good helicity            2  4.31377244173387821E-004  in event            1
 Added good helicity            3  4.31377244173387713E-004  in event            1
 Added good helicity            6   7.3929266340941062       in event            1
 Added good helicity            7  0.60259719036532522       in event            1
 Added good helicity           10  0.60259719036532522       in event            1
 Added good helicity           11   7.3929266340941062       in event            1
 Added good helicity           14  4.31377244173387713E-004  in event            1
 Added good helicity           15  4.31377244173387821E-004  in event            1
 Added good helicity           16  3.61342104278558531E-003  in event            1
 Iteration  1   Mean: 0.1437E+09 Abs mean: 0.1437E+09   Fluctuation:  0.170E+07   0.176E+09    88.8%
  1    0.1437E+09 0.1437E+09 +- 0.1705E+07      0.53
 Writing out events   8992.2263507313583       0.53033470794192727     
 Relative summed weights:
  0.4919E+00  0.0000E+00
  0.5081E+00  0.0000E+00
 Relative number of events:
  0.4975E+00  0.0000E+00
  0.5025E+00  0.0000E+00
 Events:
         995           0
        1005           0
 Iteration  2   Mean: 0.1444E+09 Abs mean: 0.1444E+09   Fluctuation:  0.517E+06   0.238E+09    99.4%
  2    0.1444E+09 0.1444E+09 +- 0.5168E+06      0.23
 Relative summed weights:
  0.4875E+00  0.0000E+00
  0.5125E+00  0.0000E+00
 Relative number of events:
  0.4888E+00  0.0000E+00
  0.5112E+00  0.0000E+00
 Events:
        1955           0
        2045           0
 Iteration  3   Mean: 0.1451E+09 Abs mean: 0.1451E+09   Fluctuation:  0.248E+06   0.190E+09    99.8%
  3    0.1451E+09 0.1451E+09 +- 0.2478E+06      0.15
 Relative summed weights:
  0.5022E+00  0.0000E+00
  0.4978E+00  0.0000E+00
 Relative number of events:
  0.5029E+00  0.0000E+00
  0.4971E+00  0.0000E+00
 Events:
        4023           0
        3977           0
 Found          807  events.
 Wrote          802  events.
 Actual xsec    144921092.80931675     
 Correct abs xsec    144921092.80931675     
 Event xsec    144921092.80931845     
 Events wgts > 1:          802
 % Cross section > 1:   2.33412720263004303E-008  1.61061937733328924E-014
 Checking number of events   4623.4176238956325              802  chi2:   0.86906272779243587     
 Found          807  events.
 Wrote          802  events.
 Actual xsec    144921092.80931675     
 Correct abs xsec    144921092.80931675     
 Event xsec    144921092.80931845     
 Events wgts > 1:          802
 % Cross section > 1:   2.33412720263004303E-008  1.61061937733328924E-014
 Iteration  4   Mean: 0.1449E+09 Abs mean: 0.1449E+09   Fluctuation:  0.146E+06   0.177E+09    99.7%
  4    0.1449E+09 0.1449E+09 +- 0.1465E+06      0.13
 Relative summed weights:
  0.5040E+00  0.0000E+00
  0.4960E+00  0.0000E+00
 Relative number of events:
  0.5040E+00  0.0000E+00
  0.4960E+00  0.0000E+00
 Events:
        8064           0
        7936           0
 Found         1590  events.
 Wrote         1586  events.
 Actual xsec    144937470.39485115     
 Correct abs xsec    144937470.39485115     
 Event xsec    144937470.39485025     
 Events wgts > 1:            0
 % Cross section > 1:    0.0000000000000000        0.0000000000000000     
 Checking number of events   4623.9401180069362             1586  chi2:   0.62872882642477701     
 Found         1590  events.
 Wrote         1586  events.
 Actual xsec    144937470.39485115     
 Correct abs xsec    144937470.39485115     
 Event xsec    144937470.39485025     
 Events wgts > 1:            0
 % Cross section > 1:    0.0000000000000000        0.0000000000000000     
 Iteration  5   Mean: 0.1450E+09 Abs mean: 0.1450E+09   Fluctuation:  0.828E+05   0.180E+09    99.8%
  5    0.1450E+09 0.1450E+09 +- 0.8280E+05      0.10
 Relative summed weights:
  0.5010E+00  0.0000E+00
  0.4990E+00  0.0000E+00
 Relative number of events:
  0.5009E+00  0.0000E+00
  0.4991E+00  0.0000E+00
 Events:
       16029           0
       15971           0
 Found         3216  events.
 Wrote         3211  events.
 Actual xsec    144986676.60730180     
 Correct abs xsec    144986676.60730180     
 Event xsec    144986676.60730988     
 Events wgts > 1:            0
 % Cross section > 1:    0.0000000000000000        0.0000000000000000     
 Checking number of events   4625.5099438027501             3211  chi2:   0.10848737103760976     
 Found         3216  events.
 Wrote         3211  events.
 Actual xsec    144986676.60730180     
 Correct abs xsec    144986676.60730180     
 Event xsec    144986676.60730988     
 Events wgts > 1:            0
 % Cross section > 1:    0.0000000000000000        0.0000000000000000     
 Iteration  6   Mean: 0.1449E+09 Abs mean: 0.1449E+09   Fluctuation:  0.550E+05   0.206E+09    99.8%
  6    0.1449E+09 0.1449E+09 +- 0.5499E+05      0.10
 Relative summed weights:
  0.4954E+00  0.0000E+00
  0.5046E+00  0.0000E+00
 Relative number of events:
  0.4956E+00  0.0000E+00
  0.5044E+00  0.0000E+00
 Events:
       31718           0
       32282           0
 Found         6375  events.
 Wrote         6370  events.
 Actual xsec    144957834.32394880     
 Correct abs xsec    144957834.32394880     
 Event xsec    144957834.32393667     
 Events wgts > 1:            0
 % Cross section > 1:    0.0000000000000000        0.0000000000000000     
 Checking number of events   4624.5897884369388             6370  chi2:   0.13864080243265658     

 -------------------------------------------------------------------------------
 Accumulated results:   Integral =  0.1450E+09
                        Std dev  =  0.4289E+05
                       Cross sec =  0.4055E+00
             Chi**2 per DoF.     =
-------------------------------------------------
---------------------------
 Results Last   3 iters: Integral =   0.1450E+09
                     Abs integral =   0.1450E+09
                          Std dev =   0.4372E+05
                  Chi**2 per DoF. =      0.1386
-------------------------------------------------
---------------------------
 Status -3.19030000000000027E-005           7           9
 We found enough events        6370   4624.5897884369388     
=======
 Added good helicity            1  9.40029835745177615E-003  in event            1
 Added good helicity            2  9.54199509639110267E-005  in event            1
 Added good helicity            3  9.54199509639110267E-005  in event            1
 Added good helicity            6  2.51575010664779539E-002  in event            1
 Added good helicity            7   7.9652513606474402       in event            1
 Added good helicity           10   7.9652513606474402       in event            1
 Added good helicity           11  2.51575010664779539E-002  in event            1
 Added good helicity           14  9.54199509639110267E-005  in event            1
 Added good helicity           15  9.54199509639110267E-005  in event            1
 Added good helicity           16  9.40029835745177615E-003  in event            1
 Iteration  1   Mean: 0.1455E+08 Abs mean: 0.1455E+08   Fluctuation:  0.329E+06   0.158E+08    15.8%
  1    0.1455E+08 0.1455E+08 +- 0.3294E+06      1.01
 Writing out events   5105.2546437117298        1.0123575812299610     
 Relative summed weights:
  0.4926E+00  0.0000E+00
  0.5074E+00  0.0000E+00
 Relative number of events:
  0.4915E+00  0.0000E+00
  0.5085E+00  0.0000E+00
 Events:
         983           0
        1017           0
Warning xbin not returning correct x   1  0.966345E+00  0.999834E+00  0.5094E-02
Warning xbin not returning correct x   1  0.968911E+00  0.999847E+00  0.5094E-02
 Iteration  2   Mean: 0.1471E+08 Abs mean: 0.1471E+08   Fluctuation:  0.141E+06   0.206E+08    80.3%
  2    0.1471E+08 0.1471E+08 +- 0.1411E+06      0.61
 Relative summed weights:
  0.5008E+00  0.0000E+00
  0.4992E+00  0.0000E+00
 Relative number of events:
  0.5012E+00  0.0000E+00
  0.4988E+00  0.0000E+00
 Events:
        2005           0
        1995           0
Warning xbin not returning correct x   1  0.965860E+00  0.999955E+00  0.1366E-02
Warning xbin not returning correct x   1  0.963480E+00  0.999952E+00  0.1366E-02
Warning xbin not returning correct x   1  0.983182E+00  0.999978E+00  0.1366E-02
Warning xbin not returning correct x   1  0.983550E+00  0.999978E+00  0.1366E-02
 Iteration  3   Mean: 0.1474E+08 Abs mean: 0.1474E+08   Fluctuation:  0.655E+05   0.838E+08    95.2%
  3    0.1474E+08 0.1474E+08 +- 0.6554E+05      0.40
 Relative summed weights:
  0.4991E+00  0.0000E+00
  0.5009E+00  0.0000E+00
 Relative number of events:
  0.4991E+00  0.0000E+00
  0.5009E+00  0.0000E+00
 Events:
        3993           0
        4007           0
 Found          846  events.
 Wrote          841  events.
 Actual xsec    14728885.513844961     
 Correct abs xsec    14728885.513844961     
 Event xsec    14728885.513845270     
 Events wgts > 1:            0
 % Cross section > 1:    0.0000000000000000        0.0000000000000000     
 Checking number of events   4616.0327200390102              841  chi2:   0.16477252637768774     
 Found          846  events.
 Wrote          841  events.
 Actual xsec    14728885.513844961     
 Correct abs xsec    14728885.513844961     
 Event xsec    14728885.513845270     
 Events wgts > 1:            0
 % Cross section > 1:    0.0000000000000000        0.0000000000000000     
Warning xbin not returning correct x   1  0.998487E+00  0.999999E+00  0.4107E-03
Warning xbin not returning correct x   1  0.997190E+00  0.999999E+00  0.4107E-03
Warning xbin not returning correct x   1  0.991763E+00  0.999997E+00  0.4107E-03
Warning xbin not returning correct x   1  0.980683E+00  0.999992E+00  0.4107E-03
Warning xbin not returning correct x   1  0.977760E+00  0.999991E+00  0.4107E-03
Warning xbin still not working well. Last message this iteration.
 Iteration  4   Mean: 0.1472E+08 Abs mean: 0.1472E+08   Fluctuation:  0.342E+05   0.292E+08    96.0%
  4    0.1472E+08 0.1472E+08 +- 0.3419E+05      0.29
 Relative summed weights:
  0.4976E+00  0.0000E+00
  0.5024E+00  0.0000E+00
 Relative number of events:
  0.4969E+00  0.0000E+00
  0.5031E+00  0.0000E+00
 Events:
        7951           0
        8049           0
 Found         1665  events.
 Wrote         1660  events.
 Actual xsec    14722225.910807895     
 Correct abs xsec    14722225.910807895     
 Event xsec    14722225.910807360     
 Events wgts > 1:            0
 % Cross section > 1:    0.0000000000000000        0.0000000000000000     
 Checking number of events   4613.9456004471940             1660  chi2:   4.59931108494154237E-002
 Found         1665  events.
 Wrote         1660  events.
 Actual xsec    14722225.910807895     
 Correct abs xsec    14722225.910807895     
 Event xsec    14722225.910807360     
 Events wgts > 1:            0
 % Cross section > 1:    0.0000000000000000        0.0000000000000000     
Warning xbin not returning correct x   1  0.990930E+00  0.999998E+00  0.1918E-03
Warning xbin not returning correct x   1  0.983419E+00  0.999997E+00  0.1918E-03
Warning xbin not returning correct x   1  0.986580E+00  0.999998E+00  0.1918E-03
Warning xbin not returning correct x   1  0.982241E+00  0.999997E+00  0.1918E-03
Warning xbin not returning correct x   1  0.962092E+00  0.999993E+00  0.1918E-03
Warning xbin still not working well. Last message this iteration.
 Iteration  5   Mean: 0.1476E+08 Abs mean: 0.1476E+08   Fluctuation:  0.457E+05   0.208E+09    95.5%
  5    0.1476E+08 0.1476E+08 +- 0.4565E+05      0.55
 Relative summed weights:
  0.4993E+00  0.0000E+00
  0.5007E+00  0.0000E+00
 Relative number of events:
  0.4978E+00  0.0000E+00
  0.5022E+00  0.0000E+00
 Events:
       15931           0
       16069           0
 Found         3351  events.
 Wrote         3347  events.
 Actual xsec    14734616.915206322     
 Correct abs xsec    14734616.915206322     
 Event xsec    14734616.915205413     
 Events wgts > 1:           39
 % Cross section > 1:    79301.235492895066       0.53819679160480938     
 Checking number of events   4617.8289412256609             3347  chi2:   0.28994791665491670     
 Found         3351  events.
 Wrote         3347  events.
 Actual xsec    14734616.915206322     
 Correct abs xsec    14734616.915206322     
 Event xsec    14734616.915205413     
 Events wgts > 1:           39
 % Cross section > 1:    79301.235492895066       0.53819679160480938     
Warning xbin not returning correct x   1  0.965666E+00  0.999995E+00  0.1568E-03
Warning xbin not returning correct x   1  0.970730E+00  0.999996E+00  0.1568E-03
Warning xbin not returning correct x   1  0.971540E+00  0.999996E+00  0.1568E-03
Warning xbin not returning correct x   1  0.968894E+00  0.999995E+00  0.1568E-03
Warning xbin not returning correct x   1  0.990398E+00  0.999999E+00  0.1568E-03
Warning xbin still not working well. Last message this iteration.
 Iteration  6   Mean: 0.1469E+08 Abs mean: 0.1469E+08   Fluctuation:  0.241E+05   0.129E+09    94.7%
  6    0.1469E+08 0.1469E+08 +- 0.2407E+05      0.41
 Relative summed weights:
  0.5011E+00  0.0000E+00
  0.4989E+00  0.0000E+00
 Relative number of events:
  0.5006E+00  0.0000E+00
  0.4994E+00  0.0000E+00
 Events:
       32039           0
       31961           0
 Found         6693  events.
 Wrote         6689  events.
 Actual xsec    14707267.177451491     
 Correct abs xsec    14707267.177451491     
 Event xsec    14707267.177450405     
 Events wgts > 1:            0
 % Cross section > 1:    0.0000000000000000        0.0000000000000000     
 Checking number of events   4609.2575334132971             6689  chi2:    1.1185194268644656     

 -------------------------------------------------------------------------------
 Accumulated results:   Integral =  0.1471E+08
                        Std dev  =  0.1727E+05
                       Cross sec =  0.5387E+00
             Chi**2 per DoF.     =
-------------------------------------------------
---------------------------
 Results Last   3 iters: Integral =   0.1471E+08
                     Abs integral =   0.1471E+08
                          Std dev =   0.1808E+05
                  Chi**2 per DoF. =      1.1185
-------------------------------------------------
---------------------------
 Status -3.13399999999999974E-004           7           9
 We found enough events        6689   4609.2575334132971     
>>>>>>> 911b5ec345c81b054214c521136984e9d6306827

ls status:
events.lhe
ftn25
ftn26
input_sg.txt
moffset.dat
results.dat
run_01_ftn26.gz
run_01_log.txt
run_01_results.dat
run_02_ftn26.gz
run_02_log.txt
run_02_results.dat
run_03_ftn26.gz
run_03_log.txt
run_03_results.dat
run_04_ftn26.gz
run_04_log.txt
run_04_results.dat
<<<<<<< HEAD
run_05_ftn26.gz
run_05_log.txt
run_05_results.dat
run_06_ftn26.gz
run_06_log.txt
run_06_results.dat
run_08_ftn26.gz
run_08_log.txt
run_08_results.dat
run_09_ftn26.gz
run_09_log.txt
run_09_results.dat
run_10_ftn26.gz
run_10_log.txt
run_10_results.dat
=======
>>>>>>> 911b5ec345c81b054214c521136984e9d6306827
run1_app.log
