 Process in group number            0
 No PDF is used, alpha_s(MZ) from param_card is used
 Value of alpha_s from param_card:   0.11800000071525575     
 The default order of alpha_s running is fixed to            2
 *****************************************************
 *               MadGraph/MadEvent                   *
 *        --------------------------------           *
 *          http://madgraph.hep.uiuc.edu             *
 *          http://madgraph.phys.ucl.ac.be           *
 *          http://madgraph.roma2.infn.it            *
 *        --------------------------------           *
 *                                                   *
 *          PARAMETER AND COUPLING VALUES            *
 *                                                   *
 *****************************************************

  External Params
  ---------------------------------
  
 aEWM1 =    132.50700378417969     
 mdl_Gf =   1.16639000000000003E-005
 aS =   0.11800000071525575     
 mdl_ymb =    4.6999998092651367     
 mdl_ymt =    173.00000000000000     
 mdl_yme =   5.10999991092830896E-004
 mdl_ymm =   0.10565999895334244     
 mdl_ymtau =    1.7769999504089355     
 mdl_MZ =    91.188003540039063     
 mdl_MT =    173.00000000000000     
 mdl_MB =    4.6999998092651367     
 mdl_MH =    125.00000000000000     
 mdl_Me =   5.10999991092830896E-004
 mdl_MM =   0.10565999895334244     
 mdl_MTA =    1.7769999504089355     
 mdl_WZ =    2.4414041042327881     
 mdl_WW =    2.0476000308990479     
 mdl_WT =    1.4915000200271606     
 mdl_WH =   6.38233916833996773E-003
 mdl_WTau =   2.26999999999999982E-012
  Internal Params
  ---------------------------------
  
 mdl_conjg__CKM3x3 =    1.0000000000000000     
 mdl_CKM3x3 =    1.0000000000000000     
 mdl_conjg__CKM1x1 =    1.0000000000000000     
 mdl_complexi =  (  0.0000000000000000     ,  1.0000000000000000     )
 mdl_MZ__exp__2 =    8315.2519896181766     
 mdl_MZ__exp__4 =    69143415.650849044     
 mdl_sqrt__2 =    1.4142135623730951     
 mdl_MH__exp__2 =    15625.000000000000     
 mdl_aEW =   7.54677089845565054E-003
 mdl_MW =    80.419007276179556     
 mdl_sqrt__aEW =   8.68721526063194194E-002
 mdl_ee =   0.30795376284704501     
 mdl_MW__exp__2 =    6467.2167312862202     
 mdl_sw2 =   0.22224645274001076     
 mdl_cw =   0.88190336616887299     
 mdl_sqrt__sw2 =   0.47143022043565552     
 mdl_sw =   0.47143022043565552     
 mdl_g1 =   0.34919218438279087     
 mdl_gw =   0.65323296958447097     
 mdl_vev =    246.21845810181631     
 mdl_vev__exp__2 =    60623.529110035874     
 mdl_lam =   0.12886910601690271     
 mdl_yb =   2.69955531549349904E-002
 mdl_ye =   2.93504850670934038E-006
 mdl_ym =   6.06883028478528356E-004
 mdl_yt =   0.99366614581500645     
 mdl_ytau =   1.02066167158167895E-002
 mdl_muH =    88.388347648318444     
 mdl_I1x33 =  ( 2.69955531549349904E-002,  0.0000000000000000     )
 mdl_I2x33 =  ( 0.99366614581500645     ,  0.0000000000000000     )
 mdl_I3x33 =  ( 0.99366614581500645     ,  0.0000000000000000     )
 mdl_I4x33 =  ( 2.69955531549349904E-002,  0.0000000000000000     )
 mdl_ee__exp__2 =   9.48355200516540348E-002
 mdl_sw__exp__2 =   0.22224645274001076     
 mdl_cw__exp__2 =   0.77775354725998924     
  Internal Params evaluated point by point
  ----------------------------------------
  
 mdl_sqrt__aS =   0.34351128178744839     
 mdl_G__exp__2 =    1.4828317414825511     
  Couplings of sm-lepton_masses
  ---------------------------------
  
         GC_3 =  -0.00000E+00  -0.30795E+00
        GC_50 =  -0.00000E+00  -0.28804E+00
        GC_59 =   0.00000E+00   0.82310E-01
        GC_89 =  -0.00000E+00  -0.20754E-05

 Collider parameters:
 --------------------

<<<<<<< HEAD
 Running at e e   machine @   7.14879999999999960E-002  GeV
=======
 Running at e e   machine @   7.00000000000000067E-002  GeV
>>>>>>> 911b5ec345c81b054214c521136984e9d6306827
 PDF set = none   
 alpha_s(Mz)= 0.1180 running at 2 loops.
 alpha_s(Mz)= 0.1180 running at 2 loops.
 Renormalization scale fixed @    91.188000000000002     
 Factorization scales  fixed @    91.188000000000002        91.188000000000002     


 getting user params
Enter number of events and max and min iterations: 
<<<<<<< HEAD
 Number of events and iterations         2000           9           3
Enter desired fractional accuracy: 
 Desired fractional accuracy:  -1.94430000000000017E-006
=======
 Number of events and iterations         1000           9           3
Enter desired fractional accuracy: 
 Desired fractional accuracy:  -4.17719999999999991E-053
>>>>>>> 911b5ec345c81b054214c521136984e9d6306827
Enter 0 for fixed, 2 for adjustable grid: 
Suppress amplitude (0 no, 1 yes)? 
 Using suppressed amplitude.
Exact helicity sum (0 yes, n = number/event)? 
 Explicitly summing over helicities
Enter Configuration Number: 
Running Configuration Number:    4
 Not subdividing B.W.
 Attempting mappinvarients           1           4
 Completed mapping           4
<<<<<<< HEAD
 about to integrate            2        2000           9           3           2           1
 Using non-zero grid deformation.
  2 dimensions   2000 events  2 invarients  9 iterations  1 config(s),  (0.99)
 Using h-tuple random number sequence.
 Error opening grid
 Using Uniform Grid!
 Using uniform alpha   1.0000000000000000     
 Grid defined OK
 Set CM energy to          0.07
 Mapping Graph           4  to config           4
Setting grid   1    0.19567E-01   1
=======
 about to integrate            2        1000           9           3           2           1
 Keeping grid fixed.
  2 dimensions   1000 events  2 invarients  9 iterations  1 config(s),  (0.99)
 Using h-tuple random number sequence.
 Grid read from file
 Grid defined OK
 Set CM energy to          0.07
 Mapping Graph           4  to config           4
 No modification is setgrid, grid read from file
>>>>>>> 911b5ec345c81b054214c521136984e9d6306827
 Masses: 0.511E-03 0.511E-03 0.511E-03 0.511E-03
   4   1   2
 Got moffset          20
Using random seed offsets     4 :      1
<<<<<<< HEAD
  with seed                   63
 Ranmar initialization seeds       18441       12417
=======
  with seed                   30
 Ranmar initialization seeds        8295       12383
>>>>>>> 911b5ec345c81b054214c521136984e9d6306827
  Particle       3       4
      Et >     0.0     0.0
       E >     0.0     0.0
     Eta <    -1.0    -1.0
   xqcut:      0.0     0.0
d R # 3  >    -0.0     0.4
s min # 3>     0.0     0.0
xqcutij # 3>     0.0     0.0
 alpha_s for scale    91.188000000000002       is   0.11800000071525575     
<<<<<<< HEAD
 Added good helicity            1   4.3031524032715813       in event            1
 Added good helicity            2  6.75747686963888132E-006  in event            1
 Added good helicity            3  6.75747697692361024E-006  in event            1
 Added good helicity            5  6.75747686963887793E-006  in event            1
 Added good helicity            6   3.6968122889268606       in event            1
 Added good helicity            7  8.24944901550930374E-006  in event            1
 Added good helicity            8  6.75747686963886861E-006  in event            1
 Added good helicity            9  6.75747697692360940E-006  in event            1
 Added good helicity           10  8.24944901550930544E-006  in event            1
 Added good helicity           11   3.6968123453538921       in event            1
 Added good helicity           12  6.75747697692361787E-006  in event            1
 Added good helicity           14  6.75747686963887031E-006  in event            1
 Added good helicity           15  6.75747697692362126E-006  in event            1
 Added good helicity           16   4.3031524032715813       in event            1
 Iteration  1   Mean: 0.2392E+10 Abs mean: 0.2392E+10   Fluctuation:  0.648E+08   0.102E+11    89.4%
  1    0.2392E+10 0.2392E+10 +- 0.6483E+08      1.21
 Writing out events   148542.77126466378        1.2122692453291435     
=======
 Added good helicity            1   4.0000000000006315       in event            1
 Added good helicity            6   3.9999999999993689       in event            1
 Added good helicity           11   3.9999999999993689       in event            1
 Added good helicity           16   4.0000000000006315       in event            1
 Iteration  1   Mean: 0.4601E+53 Abs mean: 0.4601E+53   Fluctuation:  0.432E+53   0.432E+56   100.0%
  1    0.4601E+53 0.4601E+53 +- 0.4322E+53     29.71
 Writing out events  5.11186499705969710E+048   29.705608571332366     
 Relative summed weights:
  0.1000E+01  0.0000E+00
 Relative number of events:
  0.1000E+01  0.0000E+00
 Events:
        1000           0
 Iteration  2   Mean: 0.2793E+55 Abs mean: 0.2793E+55   Fluctuation:  0.274E+55   0.548E+58   100.0%
  2    0.2793E+55 0.2793E+55 +- 0.2740E+55     43.87
>>>>>>> 911b5ec345c81b054214c521136984e9d6306827
 Relative summed weights:
  0.1000E+01  0.0000E+00
 Relative number of events:
  0.1000E+01  0.0000E+00
 Events:
        2000           0
<<<<<<< HEAD
Warning xbin not returning correct x   1  0.986632E+00  0.999972E+00  0.2164E-02
Warning xbin not returning correct x   1  0.991010E+00  0.999981E+00  0.2164E-02
 Iteration  2   Mean: 0.2381E+10 Abs mean: 0.2381E+10   Fluctuation:  0.258E+08   0.680E+10    98.6%
  2    0.2381E+10 0.2381E+10 +- 0.2575E+08      0.68
=======
 Error in matrix element
 Iteration  3   Mean: 0.1129E+57 Abs mean: 0.1129E+57   Fluctuation:  0.972E+56   0.385E+60   100.0%
  3    0.1129E+57 0.1129E+57 +- 0.9721E+56     54.48
>>>>>>> 911b5ec345c81b054214c521136984e9d6306827
 Relative summed weights:
  0.1000E+01  0.0000E+00
 Relative number of events:
  0.1000E+01  0.0000E+00
 Events:
        4000           0
<<<<<<< HEAD
 Iteration  3   Mean: 0.2350E+10 Abs mean: 0.2350E+10   Fluctuation:  0.129E+08   0.974E+10    99.2%
  3    0.2350E+10 0.2350E+10 +- 0.1287E+08      0.49
=======
 Found           11  events.
 Wrote            2  events.
 Actual xsec   4.40501332694025149E+055
 Correct abs xsec   4.40501332694025149E+055
 Event xsec   4.40501332694025149E+055
 Events wgts > 1:            0
 % Cross section > 1:    0.0000000000000000        0.0000000000000000     
 Checking number of events   1840.0621669294819                2  chi2:    518479.19653300988     
 Found           11  events.
 Wrote            1  events.
 Actual xsec   4.40501332694025149E+055
 Correct abs xsec   4.40501332694025149E+055
 Event xsec   4.40501332694025149E+055
 Events wgts > 1:            0
 % Cross section > 1:    0.0000000000000000        0.0000000000000000     
 Iteration  4   Mean: 0.5497E+55 Abs mean: 0.5497E+55   Fluctuation:  0.397E+55   0.294E+59   100.0%
  4    0.5497E+55 0.5497E+55 +- 0.3974E+55     64.66
>>>>>>> 911b5ec345c81b054214c521136984e9d6306827
 Relative summed weights:
  0.1000E+01  0.0000E+00
 Relative number of events:
  0.1000E+01  0.0000E+00
 Events:
        8000           0
<<<<<<< HEAD
 Found          813  events.
 Wrote          808  events.
 Actual xsec    2357483834.7775917     
 Correct abs xsec    2357483834.7775917     
 Event xsec    2357483834.7775702     
 Events wgts > 1:            0
 % Cross section > 1:    0.0000000000000000        0.0000000000000000     
 Checking number of events   4583.6558199580722              808  chi2:   0.70068585365643832     
 Found          813  events.
 Wrote          808  events.
 Actual xsec    2357483834.7775917     
 Correct abs xsec    2357483834.7775917     
 Event xsec    2357483834.7775702     
 Events wgts > 1:            0
 % Cross section > 1:    0.0000000000000000        0.0000000000000000     
Warning xbin not returning correct x   1  0.994817E+00  0.999998E+00  0.3153E-03
Warning xbin not returning correct x   1  0.998057E+00  0.999999E+00  0.3153E-03
Warning xbin not returning correct x   1  0.990553E+00  0.999997E+00  0.3153E-03
Warning xbin not returning correct x   1  0.998872E+00  0.100000E+01  0.3153E-03
Warning xbin not returning correct x   1  0.997332E+00  0.999999E+00  0.3153E-03
 Iteration  4   Mean: 0.2351E+10 Abs mean: 0.2351E+10   Fluctuation:  0.598E+07   0.461E+10    99.4%
  4    0.2351E+10 0.2351E+10 +- 0.5979E+07      0.32
=======
 Found            9  events.
 Wrote            1  events.
 Actual xsec   3.84900285019767168E+055
 Correct abs xsec   3.84900285019767168E+055
 Event xsec   3.84900285019767168E+055
 Events wgts > 1:            0
 % Cross section > 1:    0.0000000000000000        0.0000000000000000     
 Checking number of events   1607.8054705845714                1  chi2:    119.64582003125356     
 Found            9  events.
 Wrote            3  events.
 Actual xsec   3.84900285019767168E+055
 Correct abs xsec   3.84900285019767168E+055
 Event xsec   3.84900285019767168E+055
 Events wgts > 1:            0
 % Cross section > 1:    0.0000000000000000        0.0000000000000000     
 Error in matrix element
 Iteration  5   Mean: 0.1708E+57 Abs mean: 0.1708E+57   Fluctuation:  0.116E+57   0.144E+61   100.0%
  5    0.1708E+57 0.1708E+57 +- 0.1159E+57     85.83
>>>>>>> 911b5ec345c81b054214c521136984e9d6306827
 Relative summed weights:
  0.1000E+01  0.0000E+00
 Relative number of events:
  0.1000E+01  0.0000E+00
 Events:
       16000           0
<<<<<<< HEAD
 Found         1585  events.
 Wrote         1580  events.
 Actual xsec    2352056569.6238627     
 Correct abs xsec    2352056569.6238627     
 Event xsec    2352056569.6239018     
 Events wgts > 1:            0
 % Cross section > 1:    0.0000000000000000        0.0000000000000000     
 Checking number of events   4573.1035883196764             1580  chi2:   0.64231721002975262     
 Found         1585  events.
 Wrote         1580  events.
 Actual xsec    2352056569.6238627     
 Correct abs xsec    2352056569.6238627     
 Event xsec    2352056569.6239018     
 Events wgts > 1:            0
 % Cross section > 1:    0.0000000000000000        0.0000000000000000     
Warning xbin not returning correct x   1  0.996413E+00  0.999999E+00  0.2001E-03
Warning xbin not returning correct x   1  0.990041E+00  0.999998E+00  0.2001E-03
Warning xbin not returning correct x   1  0.995048E+00  0.999999E+00  0.2001E-03
Warning xbin not returning correct x   1  0.987329E+00  0.999998E+00  0.2001E-03
Warning xbin not returning correct x   1  0.985692E+00  0.999997E+00  0.2001E-03
Warning xbin still not working well. Last message this iteration.
 Iteration  5   Mean: 0.2353E+10 Abs mean: 0.2353E+10   Fluctuation:  0.294E+07   0.343E+10    99.6%
  5    0.2353E+10 0.2353E+10 +- 0.2941E+07      0.22
=======
 Found           27  events.
 Wrote            1  events.
 Actual xsec   9.81972520369369070E+055
 Correct abs xsec   9.81972520369369070E+055
 Event xsec   9.81972520369369070E+055
 Events wgts > 1:            1
 % Cross section > 1:   6.37217255290103446E+048  6.48915567464570210E-006
 Checking number of events   4101.8956120869279                1  chi2:    272.28818939059659     
 Found           27  events.
 Wrote            2  events.
 Actual xsec   9.81972520369369070E+055
 Correct abs xsec   9.81972520369369070E+055
 Event xsec   9.81972520369369070E+055
 Events wgts > 1:            1
 % Cross section > 1:   3.18608638534087464E+048  3.24457794821226548E-006
 Error in matrix element
 Error in matrix element
 Error in matrix element
 Error in matrix element
 Iteration  6   Mean: 0.7558E+56 Abs mean: 0.7558E+56   Fluctuation:  0.476E+56   0.116E+61   100.0%
  6    0.7558E+56 0.7558E+56 +- 0.4763E+56    112.72
 Relative summed weights:
  0.1000E+01  0.0000E+00
 Relative number of events:
  0.1000E+01  0.0000E+00
 Events:
       32000           0
 Found           24  events.
 Wrote            2  events.
 Actual xsec   8.65822520399714627E+055
 Correct abs xsec   8.65822520399714627E+055
 Event xsec   8.65822520399714627E+055
 Events wgts > 1:            0
 % Cross section > 1:    0.0000000000000000        0.0000000000000000     
 Checking number of events   3616.7138322136880                2  chi2:    208.46108109073569     
 Found           24  events.
 Wrote            1  events.
 Actual xsec   8.65822520399714627E+055
 Correct abs xsec   8.65822520399714627E+055
 Event xsec   8.65822520399714627E+055
 Events wgts > 1:            0
 % Cross section > 1:    0.0000000000000000        0.0000000000000000     
 Error in matrix element
 Error in matrix element
 Error in matrix element
 Error in matrix element
 Error in matrix element
 Error in matrix element
 Iteration  7   Mean: 0.5583E+56 Abs mean: 0.5583E+56   Fluctuation:  0.222E+56   0.846E+60   100.0%
  7    0.5583E+56 0.5583E+56 +- 0.2223E+56    100.72
 Relative summed weights:
  0.1000E+01  0.0000E+00
 Relative number of events:
  0.1000E+01  0.0000E+00
 Events:
       64000           0
 Found           46  events.
 Wrote            5  events.
 Actual xsec   8.30534838194008607E+055
 Correct abs xsec   8.30534838194008607E+055
 Event xsec   8.30534838194008389E+055
 Events wgts > 1:            1
 % Cross section > 1:   5.26929690037823064E+048  6.34446221646316030E-006
 Checking number of events   3469.3101261040129                5  chi2:    1.0486755282834348     
 Found           46  events.
 Wrote            5  events.
 Actual xsec   8.30534838194008607E+055
 Correct abs xsec   8.30534838194008607E+055
 Event xsec   8.30534838194008498E+055
 Events wgts > 1:            1
 % Cross section > 1:   5.26929690037823064E+048  6.34446221646315861E-006
 Error in matrix element
 Error in matrix element
 Error in matrix element
 Error in matrix element
 Error in matrix element
 Error in matrix element
 Error in matrix element
 Iteration  8   Mean: 0.1290E+57 Abs mean: 0.1290E+57   Fluctuation:  0.314E+56   0.245E+61   100.0%
  8    0.1290E+57 0.1290E+57 +- 0.3139E+56     87.01
 Relative summed weights:
  0.1000E+01  0.0000E+00
 Relative number of events:
  0.1000E+01  0.0000E+00
 Events:
      128000           0
 Found          108  events.
 Wrote            6  events.
 Actual xsec   1.05865556946433375E+056
 Correct abs xsec   1.05865556946433375E+056
 Event xsec   1.05865556946433396E+056
 Events wgts > 1:            1
 % Cross section > 1:   1.75524405587886045E+048  1.65799350280374129E-006
 Checking number of events   4422.2160447664146                6  chi2:    3.0079878090835295     
 Found          108  events.
 Wrote            6  events.
 Actual xsec   1.05865556946433375E+056
 Correct abs xsec   1.05865556946433375E+056
 Event xsec   1.05865556946433396E+056
 Events wgts > 1:            1
 % Cross section > 1:   1.75524405587886045E+048  1.65799350280374129E-006
 Error in matrix element
 Error in matrix element
 Error in matrix element
 Error in matrix element
 Error in matrix element
 Error in matrix element
 Error in matrix element
 Error in matrix element
 Error in matrix element
 Error in matrix element
 Error in matrix element
 Error in matrix element
 Error in matrix element
 Error in matrix element
 Error in matrix element
 Error in matrix element
 Error in matrix element
 Error in matrix element
 Error in matrix element
 Error in matrix element
 Error in matrix element
 Error in matrix element
 Error in matrix element
 Error in matrix element
 Error in matrix element
 Iteration  9   Mean: 0.7505E+56 Abs mean: 0.7505E+56   Fluctuation:  0.131E+56   0.110E+61   100.0%
  9    0.7505E+56 0.7505E+56 +- 0.1311E+56     88.38
 Relative summed weights:
  0.1000E+01  0.0000E+00
 Relative number of events:
  0.1000E+01  0.0000E+00
 Events:
      256000           0
 Found          150  events.
 Wrote           18  events.
 Actual xsec   8.91865842021322508E+055
 Correct abs xsec   8.91865842021322508E+055
 Event xsec   8.91865842021322508E+055
 Events wgts > 1:            2
 % Cross section > 1:   7.39207348235205241E+053  0.82883244699658820     
 Checking number of events   3725.5019952914681               18  chi2:    2.5140969211312441     
 Found          150  events.
 Wrote           20  events.
 Actual xsec   8.91865842021322508E+055
 Correct abs xsec   8.91865842021322508E+055
 Event xsec   8.91865842021322834E+055
 Events wgts > 1:            2
 % Cross section > 1:   6.65838481949984476E+053  0.74656798206435349     

 -------------------------------------------------------------------------------
 Accumulated results:   Integral =   +Infinity
                        Std dev  =   +Infinity
                       Cross sec =   +Infinity
             Chi**2 per DoF.     =      1.4327
 -------------------------------------------------------------------------------
-------------------------------------------------
---------------------------
 Results Last   3 iters: Integral =   0.8919E+56
                     Abs integral =   0.8919E+56
                          Std dev =   0.1192E+56
                  Chi**2 per DoF. =      2.5141
-------------------------------------------------
---------------------------
 Status -4.17719999999999991E-053          10           9
 Trying w/ fresh grid
 Starting w/ ncall =         4000
 Keeping grid fixed.
  2 dimensions   4000 events  2 invarients  8 iterations  1 config(s),  (0.99)
 Using h-tuple random number sequence.
 Error opening grid
 Using Uniform Grid!
 Using uniform alpha   1.0000000000000000     
 Grid defined OK
Setting grid   1    0.53290E-04   1
 Iteration  1   Mean: 0.8283E+36 Abs mean: 0.8283E+36   Fluctuation:  0.828E+36   0.331E+40   100.0%
  1    0.8283E+36 0.8283E+36 +- 0.8283E+36     63.25
 Relative summed weights:
  0.1000E+01  0.0000E+00
 Relative number of events:
  0.1000E+01  0.0000E+00
 Events:
        4000           0
 Iteration  2   Mean: 0.4806E+32 Abs mean: 0.4806E+32   Fluctuation:  0.271E+32   0.179E+36   100.0%
  2    0.4806E+32 0.4806E+32 +- 0.2709E+32     50.42
 Relative summed weights:
  0.1000E+01  0.0000E+00
 Relative number of events:
  0.1000E+01  0.0000E+00
 Events:
        8000           0
 Iteration  3   Mean: 0.2339E+39 Abs mean: 0.2339E+39   Fluctuation:  0.180E+39   0.280E+43   100.0%
  3    0.2339E+39 0.2339E+39 +- 0.1802E+39     97.46
 Relative summed weights:
  0.1000E+01  0.0000E+00
 Relative number of events:
  0.1000E+01  0.0000E+00
 Events:
       16000           0
 Found          259  events.
 Wrote            1  events.
 Actual xsec   6.77220582037556488E+037
 Correct abs xsec   6.77220582037556488E+037
 Event xsec   6.77220582037556488E+037
 Events wgts > 1:            1
 % Cross section > 1:   3.21992269231195864E+030  4.75461434238186269E-006
 Checking number of events  2.82888581528728073E-015           1  chi2:    3124656101428.7573     
 Found          259  events.
 Wrote            1  events.
 Actual xsec   6.77220582037556488E+037
 Correct abs xsec   6.77220582037556488E+037
 Event xsec   6.77220582037556488E+037
 Events wgts > 1:            1
 % Cross section > 1:   3.21992269231195864E+030  4.75461434238186269E-006
 Iteration  4   Mean: 0.1241E+44 Abs mean: 0.1241E+44   Fluctuation:  0.119E+44   0.382E+48   100.0%
  4    0.1241E+44 0.1241E+44 +- 0.1195E+44    172.28
>>>>>>> 911b5ec345c81b054214c521136984e9d6306827
 Relative summed weights:
  0.1000E+01  0.0000E+00
 Relative number of events:
  0.1000E+01  0.0000E+00
 Events:
       32000           0
<<<<<<< HEAD
 Found         3227  events.
 Wrote         3222  events.
 Actual xsec    2352475083.7432384     
 Correct abs xsec    2352475083.7432384     
 Event xsec    2352475083.7431765     
 Events wgts > 1:            0
 % Cross section > 1:    0.0000000000000000        0.0000000000000000     
 Checking number of events   4573.9173053219793             3222  chi2:   6.58782810322443568E-002
 Found         3227  events.
 Wrote         3222  events.
 Actual xsec    2352475083.7432384     
 Correct abs xsec    2352475083.7432384     
 Event xsec    2352475083.7431765     
 Events wgts > 1:            0
 % Cross section > 1:    0.0000000000000000        0.0000000000000000     
Warning xbin not returning correct x   1  0.991701E+00  0.999999E+00  0.1698E-03
Warning xbin not returning correct x   1  0.981484E+00  0.999997E+00  0.1698E-03
Warning xbin not returning correct x   1  0.993684E+00  0.999999E+00  0.1698E-03
Warning xbin not returning correct x   1  0.995428E+00  0.999999E+00  0.1698E-03
Warning xbin not returning correct x   1  0.980929E+00  0.999997E+00  0.1698E-03
Warning xbin still not working well. Last message this iteration.
 Iteration  6   Mean: 0.2355E+10 Abs mean: 0.2355E+10   Fluctuation:  0.156E+07   0.316E+10    99.7%
  6    0.2355E+10 0.2355E+10 +- 0.1556E+07      0.17
=======
 Found          117  events.
 Wrote            1  events.
 Actual xsec   2.26373374629970510E+042
 Correct abs xsec   2.26373374629970510E+042
 Event xsec   2.26373374629970510E+042
 Events wgts > 1:            1
 % Cross section > 1:   5.19873093428470966E+035  2.29652932584609190E-005
 Checking number of events  9.45606860504312789E-011           1  chi2:   3.49134876717284590E+021
 Found          117  events.
 Wrote            1  events.
 Actual xsec   2.26373374629970510E+042
 Correct abs xsec   2.26373374629970510E+042
 Event xsec   2.26373374629970510E+042
 Events wgts > 1:            1
 % Cross section > 1:   5.19873093428470966E+035  2.29652932584609190E-005
 Iteration  5   Mean: 0.5563E+47 Abs mean: 0.5563E+47   Fluctuation:  0.531E+47   0.340E+52   100.0%
  5    0.5563E+47 0.5563E+47 +- 0.5313E+47    241.62
 Relative summed weights:
  0.1000E+01  0.0000E+00
 Relative number of events:
  0.1000E+01  0.0000E+00
 Events:
       64000           0
 Found          166  events.
 Wrote            1  events.
 Actual xsec   1.58069861483242112E+046
 Correct abs xsec   1.58069861483242112E+046
 Event xsec   1.58069861483242112E+046
 Events wgts > 1:            1
 % Cross section > 1:   1.95374530262492755E+039  1.23600114803166027E-005
 Checking number of events  6.60289425387798918E-007           1  chi2:    3845518614959383.5     
 Found          166  events.
 Wrote            1  events.
 Actual xsec   1.58069861483242112E+046
 Correct abs xsec   1.58069861483242112E+046
 Event xsec   1.58069861483242112E+046
 Events wgts > 1:            1
 % Cross section > 1:   1.95374530262492755E+039  1.23600114803166027E-005
 Fixing grid
 Iteration  6   Mean: 0.1732E+52 Abs mean: 0.1732E+52   Fluctuation:  0.107E+52   0.130E+57   100.0%
  6    0.1732E+52 0.1732E+52 +- 0.1070E+52    221.12
 Relative summed weights:
  0.1000E+01  0.0000E+00
 Relative number of events:
  0.1000E+01  0.0000E+00
 Events:
      128000           0
 Found          411  events.
 Wrote            1  events.
 Actual xsec   9.45931411779560349E+050
 Correct abs xsec   9.45931411779560349E+050
 Event xsec   9.45931411779560349E+050
 Events wgts > 1:            0
 % Cross section > 1:    0.0000000000000000        0.0000000000000000     
 Checking number of events  3.95134469328557933E-002           1  chi2:    3133561374218420.0     
 Found          411  events.
 Wrote            1  events.
 Actual xsec   9.45931411779560349E+050
 Correct abs xsec   9.45931411779560349E+050
 Event xsec   9.45931411779560349E+050
 Events wgts > 1:            0
 % Cross section > 1:    0.0000000000000000        0.0000000000000000     
 Iteration  7   Mean: 0.8888E+54 Abs mean: 0.8888E+54   Fluctuation:  0.628E+54   0.131E+60   100.0%
  7    0.8888E+54 0.8888E+54 +- 0.6275E+54    357.24
>>>>>>> 911b5ec345c81b054214c521136984e9d6306827
 Relative summed weights:
  0.1000E+01  0.0000E+00
 Relative number of events:
  0.1000E+01  0.0000E+00
 Events:
<<<<<<< HEAD
       64000           0
 Found         6409  events.
 Wrote         6404  events.
 Actual xsec    2354428790.6659679     
 Correct abs xsec    2354428790.6659679     
 Event xsec    2354428790.6657033     
 Events wgts > 1:            0
 % Cross section > 1:    0.0000000000000000        0.0000000000000000     
 Checking number of events   4577.7158976918417             6404  chi2:   0.38288164002354752     

 -------------------------------------------------------------------------------
 Accumulated results:   Integral =  0.2354E+10
                        Std dev  =  0.1331E+07
                       Cross sec =  0.4526E+00
             Chi**2 per DoF.     =
-------------------------------------------------
---------------------------
 Results Last   3 iters: Integral =   0.2354E+10
                     Abs integral =   0.2354E+10
                          Std dev =   0.1340E+07
                  Chi**2 per DoF. =      0.3829
-------------------------------------------------
---------------------------
 Status -1.94430000000000017E-006           7           9
 We found enough events        6404   4577.7158976918417     
=======
      256000           0
 Found           65  events.
 Wrote            2  events.
 Actual xsec   3.12477924505462409E+053
 Correct abs xsec   3.12477924505462409E+053
 Event xsec   3.12477924505462409E+053
 Events wgts > 1:            1
 % Cross section > 1:   7.63457675804412238E+045  2.44323715671334178E-006
 Checking number of events   13.052827862442175                2  chi2:    17293493544370.443     
 Found           65  events.
 Wrote            2  events.
 Actual xsec   3.12477924505462409E+053
 Correct abs xsec   3.12477924505462409E+053
 Event xsec   3.12477924505462409E+053
 Events wgts > 1:            1
 % Cross section > 1:   7.63457675804412238E+045  2.44323715671334178E-006
 Iteration  8   Mean: 0.4100E+56 Abs mean: 0.4100E+56   Fluctuation:  0.214E+56   0.758E+61   100.0%
  8    0.4100E+56 0.4100E+56 +- 0.2144E+56    374.09
 Relative summed weights:
  0.1000E+01  0.0000E+00
 Relative number of events:
  0.1000E+01  0.0000E+00
 Events:
      512000           0
 Found           27  events.
 Wrote            3  events.
 Actual xsec   6.79349608529720276E+055
 Correct abs xsec   6.79349608529720276E+055
 Event xsec   6.79349608529720276E+055
 Events wgts > 1:            0
 % Cross section > 1:    0.0000000000000000        0.0000000000000000     
 Checking number of events   765.54410742969935                3  chi2:    146600372.67266923     
 Found           27  events.
 Wrote            3  events.
 Actual xsec   6.79349608529720276E+055
 Correct abs xsec   6.79349608529720276E+055
 Event xsec   6.79349608529720276E+055
 Events wgts > 1:            0
 % Cross section > 1:    0.0000000000000000        0.0000000000000000     

 -------------------------------------------------------------------------------
 Accumulated results:   Integral =   +Infinity
                        Std dev  =   +Infinity
                       Cross sec =   +Infinity
             Chi**2 per DoF.     =      7.7928
 -------------------------------------------------------------------------------
-------------------------------------------------
---------------------------
 Results Last   3 iters: Integral =   0.1833E+56
                     Abs integral =   0.1833E+56
                         Std dev =   0.6368E+55
                 Chi**2 per DoF. =************
-------------------------------------------------
---------------------------
>>>>>>> 911b5ec345c81b054214c521136984e9d6306827

ls status:
events.lhe
ftn25
ftn26
input_sg.txt
<<<<<<< HEAD
moffset.dat
results.dat
run_01_ftn26.gz
run_01_log.txt
run_01_results.dat
run_02_ftn26.gz
run_02_log.txt
run_02_results.dat
run_03_ftn26.gz
run_03_log.txt
run_03_results.dat
run_04_ftn26.gz
run_04_log.txt
run_04_results.dat
=======
log.txt
moffset.dat
results.dat
>>>>>>> 911b5ec345c81b054214c521136984e9d6306827
run1_app.log
