 Process in group number            0
 No PDF is used, alpha_s(MZ) from param_card is used
 Value of alpha_s from param_card:   0.11800000071525575     
 The default order of alpha_s running is fixed to            2
<<<<<<< HEAD
=======
 Warning: pt or E min of a gamma should in general be >0
 Warning: pt or E min of a gamma should in general be >0
 Warning: pt or E min of a gamma should in general be >0
>>>>>>> 911b5ec345c81b054214c521136984e9d6306827
 *****************************************************
 *               MadGraph/MadEvent                   *
 *        --------------------------------           *
 *          http://madgraph.hep.uiuc.edu             *
 *          http://madgraph.phys.ucl.ac.be           *
 *          http://madgraph.roma2.infn.it            *
 *        --------------------------------           *
 *                                                   *
 *          PARAMETER AND COUPLING VALUES            *
 *                                                   *
 *****************************************************

  External Params
  ---------------------------------
  
 aEWM1 =    132.50700378417969     
 mdl_Gf =   1.16639000000000003E-005
 aS =   0.11800000071525575     
 mdl_ymb =    4.6999998092651367     
 mdl_ymt =    173.00000000000000     
 mdl_yme =   5.10999991092830896E-004
 mdl_ymm =   0.10565999895334244     
 mdl_ymtau =    1.7769999504089355     
 mdl_MZ =    91.188003540039063     
 mdl_MT =    173.00000000000000     
 mdl_MB =    4.6999998092651367     
 mdl_MH =    125.00000000000000     
 mdl_Me =   5.10999991092830896E-004
 mdl_MM =   0.10565999895334244     
 mdl_MTA =    1.7769999504089355     
 mdl_WZ =    2.4414041042327881     
 mdl_WW =    2.0476000308990479     
 mdl_WT =    1.4915000200271606     
 mdl_WH =   6.38233916833996773E-003
 mdl_WTau =   2.26999999999999982E-012
  Internal Params
  ---------------------------------
  
 mdl_conjg__CKM3x3 =    1.0000000000000000     
 mdl_CKM3x3 =    1.0000000000000000     
 mdl_conjg__CKM1x1 =    1.0000000000000000     
 mdl_complexi =  (  0.0000000000000000     ,  1.0000000000000000     )
 mdl_MZ__exp__2 =    8315.2519896181766     
 mdl_MZ__exp__4 =    69143415.650849044     
 mdl_sqrt__2 =    1.4142135623730951     
 mdl_MH__exp__2 =    15625.000000000000     
 mdl_aEW =   7.54677089845565054E-003
 mdl_MW =    80.419007276179556     
 mdl_sqrt__aEW =   8.68721526063194194E-002
 mdl_ee =   0.30795376284704501     
 mdl_MW__exp__2 =    6467.2167312862202     
 mdl_sw2 =   0.22224645274001076     
 mdl_cw =   0.88190336616887299     
 mdl_sqrt__sw2 =   0.47143022043565552     
 mdl_sw =   0.47143022043565552     
 mdl_g1 =   0.34919218438279087     
 mdl_gw =   0.65323296958447097     
 mdl_vev =    246.21845810181631     
 mdl_vev__exp__2 =    60623.529110035874     
 mdl_lam =   0.12886910601690271     
 mdl_yb =   2.69955531549349904E-002
 mdl_ye =   2.93504850670934038E-006
 mdl_ym =   6.06883028478528356E-004
 mdl_yt =   0.99366614581500645     
 mdl_ytau =   1.02066167158167895E-002
 mdl_muH =    88.388347648318444     
 mdl_I1x33 =  ( 2.69955531549349904E-002,  0.0000000000000000     )
 mdl_I2x33 =  ( 0.99366614581500645     ,  0.0000000000000000     )
 mdl_I3x33 =  ( 0.99366614581500645     ,  0.0000000000000000     )
 mdl_I4x33 =  ( 2.69955531549349904E-002,  0.0000000000000000     )
 mdl_ee__exp__2 =   9.48355200516540348E-002
 mdl_sw__exp__2 =   0.22224645274001076     
 mdl_cw__exp__2 =   0.77775354725998924     
  Internal Params evaluated point by point
  ----------------------------------------
  
 mdl_sqrt__aS =   0.34351128178744839     
 mdl_G__exp__2 =    1.4828317414825511     
  Couplings of sm-lepton_masses
  ---------------------------------
  
         GC_3 =  -0.00000E+00  -0.30795E+00

 Collider parameters:
 --------------------

<<<<<<< HEAD
 Running at e e   machine @   7.14879999999999960E-002  GeV
=======
 Running at e e   machine @   7.00000000000000067E-002  GeV
>>>>>>> 911b5ec345c81b054214c521136984e9d6306827
 PDF set = none   
 alpha_s(Mz)= 0.1180 running at 2 loops.
 alpha_s(Mz)= 0.1180 running at 2 loops.
 Renormalization scale fixed @    91.188000000000002     
 Factorization scales  fixed @    91.188000000000002        91.188000000000002     


 getting user params
Enter number of events and max and min iterations: 
<<<<<<< HEAD
 Number of events and iterations         2000           9           3
Enter desired fractional accuracy: 
 Desired fractional accuracy:  -1.03289999999999995E-004
=======
 Number of events and iterations         1000           9           3
Enter desired fractional accuracy: 
 Desired fractional accuracy:  -4.27509999999999978E-004
>>>>>>> 911b5ec345c81b054214c521136984e9d6306827
Enter 0 for fixed, 2 for adjustable grid: 
Suppress amplitude (0 no, 1 yes)? 
 Using suppressed amplitude.
Exact helicity sum (0 yes, n = number/event)? 
 Explicitly summing over helicities
Enter Configuration Number: 
Running Configuration Number:    1
 Not subdividing B.W.
 Attempting mappinvarients           1           5
 Completed mapping           5
<<<<<<< HEAD
 about to integrate            5        2000           9           3           5           1
 Using non-zero grid deformation.
  5 dimensions   2000 events  5 invarients  9 iterations  1 config(s),  (0.99)
 Using h-tuple random number sequence.
 Error opening grid
 Using Uniform Grid!
 Using uniform alpha   1.0000000000000000     
 Grid defined OK
 Set CM energy to          0.07
 Mapping Graph           1  to config           1
Setting grid   1    0.17611E-04   1
Setting grid   2    0.17611E-04   1
=======
 about to integrate            5        1000           9           3           5           1
 Keeping grid fixed.
  5 dimensions   1000 events  5 invarients  9 iterations  1 config(s),  (0.99)
 Using h-tuple random number sequence.
 Grid read from file
 Grid defined OK
 Set CM energy to          0.07
 Mapping Graph           1  to config           1
 Warning: No cutoff for shat integral found
          Minimum set to    204.08163265306121     
 No modification is setgrid, grid read from file
 Warning: No cutoff for shat integral found
          Minimum set to    204.08163265306121     
 No modification is setgrid, grid read from file
>>>>>>> 911b5ec345c81b054214c521136984e9d6306827
 Masses: 0.511E-03 0.511E-03 0.000E+00 0.000E+00 0.000E+00
   1   1   2   3   4   5
 Got moffset          17
Using random seed offsets     1 :      1
<<<<<<< HEAD
  with seed                  114
 Ranmar initialization seeds       20445        2999
=======
  with seed                   48
 Ranmar initialization seeds       30234        2930
>>>>>>> 911b5ec345c81b054214c521136984e9d6306827
  Particle       3       4       5
      Et >     0.0     0.0     0.0
       E >     0.0     0.0     0.0
     Eta <    -1.0    -1.0    -1.0
   xqcut:      0.0     0.0     0.0
d R # 3  >    -0.0     0.0     0.0
d R # 4  >    -0.0    -0.0     0.0
s min # 3>     0.0     0.0     0.0
s min # 4>     0.0     0.0     0.0
xqcutij # 3>     0.0     0.0     0.0
xqcutij # 4>     0.0     0.0     0.0
 alpha_s for scale    91.188000000000002       is   0.11800000071525575     
<<<<<<< HEAD
 Added good helicity            1  1.46802293131343461E-002  in event            1
 Added good helicity            2  5.02170714001677898E-002  in event            1
 Added good helicity            3  2.46050822732696772E-003  in event            1
 Added good helicity            4  3.97527019238160819E-004  in event            1
 Added good helicity            5  3.62101491447118368E-002  in event            1
 Added good helicity            7  6.03575693296105713E-004  in event            1
 Added good helicity           10   2.1088761991985061       in event            1
 Added good helicity           11  0.10481610206949317       in event            1
 Added good helicity           12   9.1396529207090715       in event            1
 Added good helicity           13  0.41463965337677905       in event            1
 Added good helicity           15   4.1274451131483492       in event            1
 Added good helicity           18   4.1274451131483509       in event            1
 Added good helicity           20  0.41463965337677905       in event            1
 Added good helicity           21   9.1396529207090715       in event            1
 Added good helicity           22  0.10481610206949260       in event            1
 Added good helicity           23   2.1088761991985057       in event            1
 Added good helicity           26  6.03575693296105388E-004  in event            1
 Added good helicity           28  3.62101491447118368E-002  in event            1
 Added good helicity           29  3.97527019238160819E-004  in event            1
 Added good helicity           30  2.46050822732696772E-003  in event            1
 Added good helicity           31  5.02170714001677829E-002  in event            1
 Added good helicity           32  1.46802293131343374E-002  in event            1
 Added good helicity           14  7.22620372874293172E-004  in event            2
 Added good helicity           19  7.22620372874292738E-004  in event            2
 Added good helicity            6  2.91409257097013073E-004  in event            4
 Added good helicity           27  2.91409257097013073E-004  in event            4
 Iteration  1   Mean: 0.3390E+08 Abs mean: 0.3390E+08   Fluctuation:  0.254E+07   0.258E+10    99.2%
  1    0.3390E+08 0.3390E+08 +- 0.2540E+07      3.35
 Writing out events   1899.3508328515063        3.3513846980230149     
 Relative summed weights:
  0.1734E+00  0.0000E+00
  0.1863E+00  0.0000E+00
  0.1410E+00  0.0000E+00
  0.1730E+00  0.0000E+00
  0.1788E+00  0.0000E+00
  0.1475E+00  0.0000E+00
 Relative number of events:
  0.1735E+00  0.0000E+00
  0.1695E+00  0.0000E+00
  0.1785E+00  0.0000E+00
  0.1580E+00  0.0000E+00
  0.1620E+00  0.0000E+00
  0.1585E+00  0.0000E+00
 Events:
         347           0
         339           0
         357           0
         316           0
         324           0
         317           0
 Iteration  2   Mean: 0.4662E+08 Abs mean: 0.4662E+08   Fluctuation:  0.580E+07   0.166E+11    97.4%
  2    0.4662E+08 0.4662E+08 +- 0.5802E+07      7.87
 Relative summed weights:
  0.1349E+00  0.0000E+00
  0.1232E+00  0.0000E+00
  0.1521E+00  0.0000E+00
  0.1319E+00  0.0000E+00
  0.2671E+00  0.0000E+00
  0.1909E+00  0.0000E+00
 Relative number of events:
  0.1683E+00  0.0000E+00
  0.1645E+00  0.0000E+00
  0.1665E+00  0.0000E+00
  0.1703E+00  0.0000E+00
  0.1742E+00  0.0000E+00
  0.1562E+00  0.0000E+00
 Events:
         673           0
         658           0
         666           0
         681           0
         697           0
         625           0
 Iteration  3   Mean: 0.3795E+08 Abs mean: 0.3795E+08   Fluctuation:  0.105E+07   0.361E+10    98.1%
  3    0.3795E+08 0.3795E+08 +- 0.1050E+07      2.47
 Relative summed weights:
  0.1798E+00  0.0000E+00
  0.1433E+00  0.0000E+00
  0.1480E+00  0.0000E+00
  0.1914E+00  0.0000E+00
  0.1790E+00  0.0000E+00
  0.1584E+00  0.0000E+00
 Relative number of events:
  0.1678E+00  0.0000E+00
  0.1646E+00  0.0000E+00
  0.1650E+00  0.0000E+00
  0.1693E+00  0.0000E+00
  0.1713E+00  0.0000E+00
  0.1621E+00  0.0000E+00
 Events:
        1342           0
        1317           0
        1320           0
        1354           0
        1370           0
        1297           0
 Found          629  events.
 Wrote          106  events.
 Actual xsec    37847231.767010510     
 Correct abs xsec    37847231.767010510     
 Event xsec    37847231.767010428     
 Events wgts > 1:            3
 % Cross section > 1:    276138.98396855249       0.72961474611532695     
 Checking number of events   3909.2405692145153              106  chi2:    2.3542809380039751     
 Found          629  events.
 Wrote          145  events.
 Actual xsec    37847231.767010510     
 Correct abs xsec    37847231.767010510     
 Event xsec    37847231.767010383     
 Events wgts > 1:            3
 % Cross section > 1:    202264.04471878955       0.53442229530534224     
 Iteration  4   Mean: 0.3958E+08 Abs mean: 0.3958E+08   Fluctuation:  0.905E+06   0.926E+10    97.7%
  4    0.3958E+08 0.3958E+08 +- 0.9050E+06      2.89
 Relative summed weights:
  0.1679E+00  0.0000E+00
  0.1620E+00  0.0000E+00
  0.1591E+00  0.0000E+00
  0.1785E+00  0.0000E+00
  0.1663E+00  0.0000E+00
  0.1662E+00  0.0000E+00
 Relative number of events:
  0.1633E+00  0.0000E+00
  0.1687E+00  0.0000E+00
  0.1641E+00  0.0000E+00
  0.1668E+00  0.0000E+00
  0.1662E+00  0.0000E+00
  0.1709E+00  0.0000E+00
 Events:
        2613           0
        2699           0
        2626           0
        2668           0
        2659           0
        2735           0
 Found         1559  events.
 Wrote          171  events.
 Actual xsec    39071872.321066178     
 Correct abs xsec    39071872.321066178     
 Event xsec    39071872.321066082     
 Events wgts > 1:            3
 % Cross section > 1:    366530.93247461040       0.93809410888402900     
 Checking number of events   4035.7336920429252              171  chi2:    1.5732197196401048     
 Found         1559  events.
 Wrote          153  events.
 Actual xsec    39071872.321066178     
 Correct abs xsec    39071872.321066178     
 Event xsec    39071872.321066111     
 Events wgts > 1:            3
 % Cross section > 1:    409200.60843618138        1.0473022768749056     
 Iteration  5   Mean: 0.4084E+08 Abs mean: 0.4084E+08   Fluctuation:  0.560E+06   0.629E+10    97.3%
  5    0.4084E+08 0.4084E+08 +- 0.5599E+06      2.45
 Relative summed weights:
  0.1614E+00  0.0000E+00
  0.1684E+00  0.0000E+00
  0.1635E+00  0.0000E+00
  0.1697E+00  0.0000E+00
  0.1640E+00  0.0000E+00
  0.1730E+00  0.0000E+00
 Relative number of events:
  0.1662E+00  0.0000E+00
  0.1659E+00  0.0000E+00
  0.1663E+00  0.0000E+00
  0.1671E+00  0.0000E+00
  0.1687E+00  0.0000E+00
  0.1659E+00  0.0000E+00
 Events:
        5318           0
        5309           0
        5321           0
        5346           0
        5398           0
        5308           0
 Found         3110  events.
 Wrote          534  events.
 Actual xsec    40114561.637343623     
 Correct abs xsec    40114561.637343623     
 Event xsec    40114561.637344092     
 Events wgts > 1:           10
 % Cross section > 1:    375344.41949254560       0.93568121941814753     
 Checking number of events   4143.4330715212227              534  chi2:    3.1263423621801936     
 Found         3110  events.
 Wrote          521  events.
 Actual xsec    40114561.637343623     
 Correct abs xsec    40114561.637343623     
 Event xsec    40114561.637343988     
 Events wgts > 1:           10
 % Cross section > 1:    384620.22141978214       0.95880449821923586     
 Iteration  6   Mean: 0.4116E+08 Abs mean: 0.4116E+08   Fluctuation:  0.335E+06   0.679E+10    97.0%
  6    0.4116E+08 0.4116E+08 +- 0.3355E+06      2.06
 Relative summed weights:
  0.1599E+00  0.0000E+00
  0.1673E+00  0.0000E+00
  0.1676E+00  0.0000E+00
  0.1717E+00  0.0000E+00
  0.1691E+00  0.0000E+00
  0.1644E+00  0.0000E+00
 Relative number of events:
  0.1656E+00  0.0000E+00
  0.1646E+00  0.0000E+00
  0.1674E+00  0.0000E+00
  0.1709E+00  0.0000E+00
  0.1653E+00  0.0000E+00
  0.1662E+00  0.0000E+00
 Events:
       10596           0
       10535           0
       10714           0
       10940           0
       10578           0
       10637           0
 Found         6196  events.
 Wrote         1529  events.
 Actual xsec    40947006.897000790     
 Correct abs xsec    40947006.897000790     
 Event xsec    40947006.896999791     
 Events wgts > 1:           30
 % Cross section > 1:    410872.81236108876        1.0034257531804935     
 Checking number of events   4229.4163423912114             1529  chi2:    1.3570104193839396     
 Found         6196  events.
 Wrote         1587  events.
 Actual xsec    40947006.897000790     
 Correct abs xsec    40947006.897000790     
 Event xsec    40947006.897000179     
 Events wgts > 1:           30
 % Cross section > 1:    396001.88911564951       0.96710826779541992     
 Iteration  7   Mean: 0.4064E+08 Abs mean: 0.4064E+08   Fluctuation:  0.212E+06   0.600E+10    96.8%
  7    0.4064E+08 0.4064E+08 +- 0.2125E+06      1.87
 Relative summed weights:
  0.1694E+00  0.0000E+00
  0.1643E+00  0.0000E+00
  0.1666E+00  0.0000E+00
  0.1668E+00  0.0000E+00
  0.1652E+00  0.0000E+00
  0.1676E+00  0.0000E+00
 Relative number of events:
  0.1670E+00  0.0000E+00
  0.1649E+00  0.0000E+00
  0.1668E+00  0.0000E+00
  0.1665E+00  0.0000E+00
  0.1671E+00  0.0000E+00
  0.1676E+00  0.0000E+00
 Events:
       21377           0
       21110           0
       21349           0
       21315           0
       21392           0
       21457           0
 Found        12523  events.
 Wrote         3575  events.
 Actual xsec    40792764.420352027     
 Correct abs xsec    40792764.420352027     
 Event xsec    40792764.420353815     
 Events wgts > 1:           65
 % Cross section > 1:    404918.98562648235       0.99262452883542596     
 Checking number of events   4213.4846369781608             3575  chi2:   0.87423865484485896     
 Found        12523  events.
 Wrote         3582  events.
 Actual xsec    40792764.420352027     
 Correct abs xsec    40792764.420352027     
 Event xsec    40792764.420355096     
 Events wgts > 1:           65
 % Cross section > 1:    404135.52608967246       0.99070394427109165     
 Iteration  8   Mean: 0.4052E+08 Abs mean: 0.4052E+08   Fluctuation:  0.130E+06   0.373E+10    96.6%
  8    0.4052E+08 0.4052E+08 +- 0.1302E+06      1.63
 Relative summed weights:
  0.1673E+00  0.0000E+00
  0.1661E+00  0.0000E+00
  0.1675E+00  0.0000E+00
  0.1669E+00  0.0000E+00
  0.1655E+00  0.0000E+00
  0.1668E+00  0.0000E+00
 Relative number of events:
  0.1670E+00  0.0000E+00
  0.1664E+00  0.0000E+00
  0.1678E+00  0.0000E+00
  0.1670E+00  0.0000E+00
  0.1658E+00  0.0000E+00
  0.1660E+00  0.0000E+00
 Events:
       42754           0
       42609           0
       42944           0
       42752           0
       42451           0
       42490           0
 Found        25432  events.
 Wrote         9763  events.
 Actual xsec    40612047.282436155     
 Correct abs xsec    40612047.282436155     
 Event xsec    40612047.282430574     
 Events wgts > 1:          188
 % Cross section > 1:    405788.40145539166       0.99918233285161728     
 Checking number of events   4194.8183638028304             9763  chi2:    1.5969338520734084     

 -------------------------------------------------------------------------------
 Accumulated results:   Integral =  0.4058E+08
                        Std dev  =  0.1023E+06
                       Cross sec =  0.2352E+01
             Chi**2 per DoF.     =
-------------------------------------------------
---------------------------
 Results Last   3 iters: Integral =   0.4061E+08
                     Abs integral =   0.4061E+08
                          Std dev =   0.1054E+06
                  Chi**2 per DoF. =      1.5969
-------------------------------------------------
---------------------------
 Status -1.03289999999999995E-004           9           9
 We found enough events        9763   4194.8183638028304     
=======
 Added good helicity            1  9.69348919250680313E-002  in event            1
 Added good helicity            2  7.45013396509640114E-006  in event            1
 Added good helicity            3  9.69325890250264527E-002  in event            1
 Added good helicity            4  7.45012713402671923E-006  in event            1
 Added good helicity            5  7.50544120109980845E-006  in event            1
 Added good helicity            7  7.45022141096650504E-006  in event            1
 Added good helicity           10   7.9030165331506677       in event            1
 Added good helicity           12   7.9027769822146485       in event            1
 Added good helicity           13  1.54574051920828816E-004  in event            1
 Added good helicity           15  1.54573156393435825E-004  in event            1
 Added good helicity           18  1.54573156393435825E-004  in event            1
 Added good helicity           20  1.54574051920828816E-004  in event            1
 Added good helicity           21   7.9027769822146521       in event            1
 Added good helicity           23   7.9030165331506668       in event            1
 Added good helicity           26  7.45022141096650504E-006  in event            1
 Added good helicity           28  7.50544120109981015E-006  in event            1
 Added good helicity           29  7.45012713402671923E-006  in event            1
 Added good helicity           30  9.69325890250264804E-002  in event            1
 Added good helicity           31  7.45013396509640284E-006  in event            1
 Added good helicity           32  9.69348919250680313E-002  in event            1
 Added good helicity            6  2.59753915876696850E-006  in event            2
 Added good helicity           11  2.49501788893703681E-005  in event            2
 Added good helicity           14   5.9560163412876221       in event            2
 Added good helicity           19   5.9560163412876221       in event            2
 Added good helicity           22  2.49501788893703850E-005  in event            2
 Added good helicity           27  2.59753915876696850E-006  in event            2
 Iteration  1   Mean: 0.1189E+09 Abs mean: 0.1189E+09   Fluctuation:  0.868E+07   0.596E+10    99.7%
  1    0.1189E+09 0.1189E+09 +- 0.8684E+07      2.31
 Writing out events   13250.896402016255        2.3094794746971821     
 Relative summed weights:
  0.1368E+00  0.0000E+00
  0.1508E+00  0.0000E+00
  0.1512E+00  0.0000E+00
  0.2443E+00  0.0000E+00
  0.1353E+00  0.0000E+00
  0.1816E+00  0.0000E+00
 Relative number of events:
  0.1560E+00  0.0000E+00
  0.1630E+00  0.0000E+00
  0.1790E+00  0.0000E+00
  0.1640E+00  0.0000E+00
  0.1640E+00  0.0000E+00
  0.1740E+00  0.0000E+00
 Events:
         156           0
         163           0
         179           0
         164           0
         164           0
         174           0
 Iteration  2   Mean: 0.1029E+09 Abs mean: 0.1029E+09   Fluctuation:  0.408E+07   0.613E+10    99.4%
  2    0.1029E+09 0.1029E+09 +- 0.4076E+07      1.77
 Relative summed weights:
  0.1298E+00  0.0000E+00
  0.1865E+00  0.0000E+00
  0.2095E+00  0.0000E+00
  0.1624E+00  0.0000E+00
  0.1599E+00  0.0000E+00
  0.1520E+00  0.0000E+00
 Relative number of events:
  0.1470E+00  0.0000E+00
  0.1690E+00  0.0000E+00
  0.1655E+00  0.0000E+00
  0.1805E+00  0.0000E+00
  0.1675E+00  0.0000E+00
  0.1705E+00  0.0000E+00
 Events:
         294           0
         338           0
         331           0
         361           0
         335           0
         341           0
 Iteration  3   Mean: 0.1235E+09 Abs mean: 0.1235E+09   Fluctuation:  0.766E+07   0.216E+11    99.2%
  3    0.1235E+09 0.1235E+09 +- 0.7659E+07      3.92
 Relative summed weights:
  0.1683E+00  0.0000E+00
  0.1485E+00  0.0000E+00
  0.1738E+00  0.0000E+00
  0.1449E+00  0.0000E+00
  0.2142E+00  0.0000E+00
  0.1502E+00  0.0000E+00
 Relative number of events:
  0.1670E+00  0.0000E+00
  0.1765E+00  0.0000E+00
  0.1620E+00  0.0000E+00
  0.1598E+00  0.0000E+00
  0.1737E+00  0.0000E+00
  0.1610E+00  0.0000E+00
 Events:
         668           0
         706           0
         648           0
         639           0
         695           0
         644           0
 Found          383  events.
 Wrote           29  events.
 Actual xsec    110599751.20799418     
 Correct abs xsec    110599751.20799418     
 Event xsec    110599751.20799418     
 Events wgts > 1:            1
 % Cross section > 1:   0.18515165150165558       1.67406933089260656E-007
 Checking number of events   47282.499638929592               29  chi2:    3.6756032225248085     
 Found          383  events.
 Wrote           21  events.
 Actual xsec    110599751.20799418     
 Correct abs xsec    110599751.20799418     
 Event xsec    110599751.20799427     
 Events wgts > 1:            1
 % Cross section > 1:   0.25568561349064112       2.31181002396468215E-007
 Iteration  4   Mean: 0.1267E+09 Abs mean: 0.1267E+09   Fluctuation:  0.164E+08   0.128E+12    99.4%
  4    0.1267E+09 0.1267E+09 +- 0.1636E+08     11.55
 Relative summed weights:
  0.1306E+00  0.0000E+00
  0.1342E+00  0.0000E+00
  0.2788E+00  0.0000E+00
  0.1634E+00  0.0000E+00
  0.1376E+00  0.0000E+00
  0.1554E+00  0.0000E+00
 Relative number of events:
  0.1580E+00  0.0000E+00
  0.1659E+00  0.0000E+00
  0.1679E+00  0.0000E+00
  0.1727E+00  0.0000E+00
  0.1681E+00  0.0000E+00
  0.1674E+00  0.0000E+00
 Events:
        1264           0
        1327           0
        1343           0
        1382           0
        1345           0
        1339           0
 Found          671  events.
 Wrote            9  events.
 Actual xsec    109981352.93290767     
 Correct abs xsec    109981352.93290767     
 Event xsec    109981352.93290769     
 Events wgts > 1:            1
 % Cross section > 1:    1.2863159552216530       1.16957640628984510E-006
 Checking number of events   47018.128192347358                9  chi2:    3.6034806345919179     
 Found          671  events.
 Wrote            7  events.
 Actual xsec    109981352.93290767     
 Correct abs xsec    109981352.93290767     
 Event xsec    109981352.93290769     
 Events wgts > 1:            1
 % Cross section > 1:    1.6538347937166691       1.50374108847848411E-006
 Iteration  5   Mean: 0.6096E+09 Abs mean: 0.6096E+09   Fluctuation:  0.483E+09   0.773E+13    99.2%
  5    0.6096E+09 0.6096E+09 +- 0.4834E+09    100.30
 Relative summed weights:
  0.3177E-01  0.0000E+00
  0.3806E-01  0.0000E+00
  0.3175E-01  0.0000E+00
  0.8357E+00  0.0000E+00
  0.3282E-01  0.0000E+00
  0.2993E-01  0.0000E+00
 Relative number of events:
  0.1688E+00  0.0000E+00
  0.1627E+00  0.0000E+00
  0.1640E+00  0.0000E+00
  0.1737E+00  0.0000E+00
  0.1685E+00  0.0000E+00
  0.1623E+00  0.0000E+00
 Events:
        2701           0
        2603           0
        2624           0
        2779           0
        2696           0
        2597           0
 Found         1322  events.
 Wrote            1  events.
 Actual xsec    126519282.61966637     
 Correct abs xsec    126519282.61966637     
 Event xsec    126519282.61966638     
 Events wgts > 1:            1
 % Cross section > 1:    2.0749171078205109       1.64000068990114716E-006
 Checking number of events   54088.258512733570                1  chi2:   0.57572159771369324     
 Found         1322  events.
 Wrote            1  events.
 Actual xsec    126519282.61966637     
 Correct abs xsec    126519282.61966637     
 Event xsec    126519282.61966638     
 Events wgts > 1:            1
 % Cross section > 1:    2.0749171078205109       1.64000068990114716E-006
 Iteration  6   Mean: 0.1160E+09 Abs mean: 0.1160E+09   Fluctuation:  0.244E+07   0.457E+11    99.3%
  6    0.1160E+09 0.1160E+09 +- 0.2443E+07      3.77
 Relative summed weights:
  0.1665E+00  0.0000E+00
  0.1694E+00  0.0000E+00
  0.1584E+00  0.0000E+00
  0.1624E+00  0.0000E+00
  0.1636E+00  0.0000E+00
  0.1798E+00  0.0000E+00
 Relative number of events:
  0.1658E+00  0.0000E+00
  0.1632E+00  0.0000E+00
  0.1637E+00  0.0000E+00
  0.1678E+00  0.0000E+00
  0.1681E+00  0.0000E+00
  0.1715E+00  0.0000E+00
 Events:
        5307           0
        5222           0
        5238           0
        5368           0
        5378           0
        5487           0
 Found          614  events.
 Wrote          161  events.
 Actual xsec    116623053.46707861     
 Correct abs xsec    116623053.46707861     
 Event xsec    116623053.46707924     
 Events wgts > 1:            2
 % Cross section > 1:    1136209.3597057834       0.97425794122816078     
 Checking number of events   49857.521587710777              161  chi2:   0.74088398974689729     
 Found          614  events.
 Wrote          167  events.
 Actual xsec    116623053.46707861     
 Correct abs xsec    116623053.46707861     
 Event xsec    116623053.46707891     
 Events wgts > 1:            2
 % Cross section > 1:    1095771.0223344178       0.93958354695603907     
 Iteration  7   Mean: 0.1198E+09 Abs mean: 0.1198E+09   Fluctuation:  0.243E+07   0.102E+12    99.3%
  7    0.1198E+09 0.1198E+09 +- 0.2427E+07      5.12
 Relative summed weights:
  0.1793E+00  0.0000E+00
  0.1637E+00  0.0000E+00
  0.1660E+00  0.0000E+00
  0.1664E+00  0.0000E+00
  0.1506E+00  0.0000E+00
  0.1740E+00  0.0000E+00
 Relative number of events:
  0.1689E+00  0.0000E+00
  0.1668E+00  0.0000E+00
  0.1657E+00  0.0000E+00
  0.1688E+00  0.0000E+00
  0.1633E+00  0.0000E+00
  0.1665E+00  0.0000E+00
 Events:
       10808           0
       10675           0
       10602           0
       10805           0
       10452           0
       10658           0
 Found         5787  events.
 Wrote          158  events.
 Actual xsec    118148920.27606127     
 Correct abs xsec    118148920.27606127     
 Event xsec    118148920.27606158     
 Events wgts > 1:            2
 % Cross section > 1:    771786.42863935791       0.65323189313625185     
 Checking number of events   50509.844907218947              158  chi2:    1.1349286204934710     
 Found         5787  events.
 Wrote          155  events.
 Actual xsec    118148920.27606127     
 Correct abs xsec    118148920.27606127     
 Event xsec    118148920.27606176     
 Events wgts > 1:            2
 % Cross section > 1:    786624.77595658705       0.66579091380487687     
 Iteration  8   Mean: 0.1224E+09 Abs mean: 0.1224E+09   Fluctuation:  0.231E+07   0.178E+12    99.3%
  8    0.1224E+09 0.1224E+09 +- 0.2305E+07      6.74
 Relative summed weights:
  0.1640E+00  0.0000E+00
  0.1706E+00  0.0000E+00
  0.1706E+00  0.0000E+00
  0.1554E+00  0.0000E+00
  0.1657E+00  0.0000E+00
  0.1736E+00  0.0000E+00
 Relative number of events:
  0.1669E+00  0.0000E+00
  0.1653E+00  0.0000E+00
  0.1674E+00  0.0000E+00
  0.1661E+00  0.0000E+00
  0.1668E+00  0.0000E+00
  0.1675E+00  0.0000E+00
 Events:
       21366           0
       21161           0
       21421           0
       21266           0
       21345           0
       21441           0
 Found        11266  events.
 Wrote          269  events.
 Actual xsec    119657488.11564662     
 Correct abs xsec    119657488.11564662     
 Event xsec    119657488.11564629     
 Events wgts > 1:            4
 % Cross section > 1:    1137257.2166944190       0.95042711877361596     
 Checking number of events   51154.772744320078              269  chi2:    1.8479766547761374     
 Found        11266  events.
 Wrote          264  events.
 Actual xsec    119657488.11564662     
 Correct abs xsec    119657488.11564662     
 Event xsec    119657488.11564603     
 Events wgts > 1:            4
 % Cross section > 1:    1158587.6274082218       0.96825334181215239     
 Iteration  9   Mean: 0.1217E+09 Abs mean: 0.1217E+09   Fluctuation:  0.149E+07   0.237E+12    99.3%
  9    0.1217E+09 0.1217E+09 +- 0.1486E+07      6.18
 Relative summed weights:
  0.1732E+00  0.0000E+00
  0.1671E+00  0.0000E+00
  0.1643E+00  0.0000E+00
  0.1636E+00  0.0000E+00
  0.1649E+00  0.0000E+00
  0.1669E+00  0.0000E+00
 Relative number of events:
  0.1653E+00  0.0000E+00
  0.1674E+00  0.0000E+00
  0.1671E+00  0.0000E+00
  0.1667E+00  0.0000E+00
  0.1670E+00  0.0000E+00
  0.1664E+00  0.0000E+00
 Events:
       42319           0
       42863           0
       42785           0
       42675           0
       42761           0
       42597           0
 Found        22107  events.
 Wrote          513  events.
 Actual xsec    121478587.40684915     
 Correct abs xsec    121478587.40684915     
 Event xsec    121478587.40684821     
 Events wgts > 1:            5
 % Cross section > 1:    1009490.2748156806       0.83100264529316692     
 Checking number of events   51933.310902302073              513  chi2:   0.33316306297241238     
 Found        22107  events.
 Wrote          505  events.
 Actual xsec    121478587.40684915     
 Correct abs xsec    121478587.40684915     
 Event xsec    121478587.40684950     
 Events wgts > 1:            5
 % Cross section > 1:    1025347.2191689627       0.84405592874975188     

 -------------------------------------------------------------------------------
 Accumulated results:   Integral =  0.1200E+09
                        Std dev  =  0.9679E+06
                       Cross sec =  0.1200E+09
             Chi**2 per DoF.     =      5.6088
 -------------------------------------------------------------------------------
-------------------------------------------------
---------------------------
 Results Last   3 iters: Integral =   0.1215E+09
                     Abs integral =   0.1215E+09
                          Std dev =   0.1111E+07
                  Chi**2 per DoF. =      0.3332
-------------------------------------------------
---------------------------
 Status -4.27509999999999978E-004          10           9
 Trying w/ fresh grid
 Starting w/ ncall =         4000
 Keeping grid fixed.
  5 dimensions   4000 events  5 invarients  8 iterations  1 config(s),  (0.99)
 Using h-tuple random number sequence.
 Error opening grid
 Using Uniform Grid!
 Using uniform alpha   1.0000000000000000     
 Grid defined OK
 Warning: No cutoff for shat integral found
          Minimum set to    204.08163265306121     
Setting grid   1    0.20408E+03   1
 Warning: No cutoff for shat integral found
          Minimum set to    204.08163265306121     
Setting grid   2    0.20408E+03   1
Warning xbin not returning correct x   2  0.999977E+00  0.993593E+00  0.2837E+03
Warning xbin not returning correct x   2  0.999991E+00  0.997513E+00  0.2837E+03
Warning xbin not returning correct x   2  0.999977E+00  0.993358E+00  0.2837E+03
Warning xbin not returning correct x   2  0.999962E+00  0.989148E+00  0.2837E+03
Warning xbin not returning correct x   2  0.999986E+00  0.996110E+00  0.2837E+03
Warning xbin still not working well. Last message this iteration.
 Iteration  1   Mean: 0.1801E+08 Abs mean: 0.1801E+08   Fluctuation:  0.288E+07   0.634E+10    99.2%
  1    0.1801E+08 0.1801E+08 +- 0.2882E+07     10.12
 Relative summed weights:
  0.1701E+00  0.0000E+00
  0.1670E+00  0.0000E+00
  0.1499E+00  0.0000E+00
  0.2331E+00  0.0000E+00
  0.1213E+00  0.0000E+00
  0.1586E+00  0.0000E+00
 Relative number of events:
  0.1690E+00  0.0000E+00
  0.1693E+00  0.0000E+00
  0.1655E+00  0.0000E+00
  0.1722E+00  0.0000E+00
  0.1578E+00  0.0000E+00
  0.1663E+00  0.0000E+00
 Events:
         676           0
         677           0
         662           0
         689           0
         631           0
         665           0
Warning xbin not returning correct x   1  0.989563E+00  0.999844E+00  0.1514E-01
Warning xbin not returning correct x   1  0.985322E+00  0.999781E+00  0.1514E-01
Warning xbin not returning correct x   1  0.996128E+00  0.999942E+00  0.1514E-01
Warning xbin not returning correct x   1  0.985958E+00  0.999791E+00  0.1514E-01
Warning xbin not returning correct x   1  0.997527E+00  0.999963E+00  0.1514E-01
Warning xbin still not working well. Last message this iteration.
 Iteration  2   Mean: 0.2516E+07 Abs mean: 0.2516E+07   Fluctuation:  0.186E+06   0.123E+10    95.6%
  2    0.2516E+07 0.2516E+07 +- 0.1863E+06      6.62
 Relative summed weights:
  0.1504E+00  0.0000E+00
  0.2201E+00  0.0000E+00
  0.1509E+00  0.0000E+00
  0.1742E+00  0.0000E+00
  0.1656E+00  0.0000E+00
  0.1389E+00  0.0000E+00
 Relative number of events:
  0.1671E+00  0.0000E+00
  0.1579E+00  0.0000E+00
  0.1681E+00  0.0000E+00
  0.1678E+00  0.0000E+00
  0.1727E+00  0.0000E+00
  0.1664E+00  0.0000E+00
 Events:
        1337           0
        1263           0
        1345           0
        1342           0
        1382           0
        1331           0
 Iteration  3   Mean: 0.7905E+08 Abs mean: 0.7905E+08   Fluctuation:  0.351E+08   0.484E+12   100.0%
  3    0.7905E+08 0.7905E+08 +- 0.3509E+08     56.15
 Relative summed weights:
  0.1110E+00  0.0000E+00
  0.1069E+00  0.0000E+00
  0.2213E+00  0.0000E+00
  0.3060E-01  0.0000E+00
  0.2956E-01  0.0000E+00
  0.5006E+00  0.0000E+00
 Relative number of events:
  0.1658E+00  0.0000E+00
  0.1712E+00  0.0000E+00
  0.1653E+00  0.0000E+00
  0.1639E+00  0.0000E+00
  0.1700E+00  0.0000E+00
  0.1638E+00  0.0000E+00
 Events:
        2653           0
        2739           0
        2645           0
        2623           0
        2720           0
        2620           0
 Found         2036  events.
 Wrote            1  events.
 Actual xsec    6901808.5670226114     
 Correct abs xsec    6901808.5670226114     
 Event xsec    6901808.5670226114     
 Events wgts > 1:            1
 % Cross section > 1:   0.61635861080139875       8.93039273425242618E-006
 Checking number of events   2950.5921804878362                1  chi2:    286.70550996511139     
 Found         2036  events.
 Wrote            3  events.
 Actual xsec    6901808.5670226114     
 Correct abs xsec    6901808.5670226114     
 Event xsec    6901808.5670226114     
 Events wgts > 1:            1
 % Cross section > 1:   0.20545288221910596       2.97679775125575230E-006
 Iteration  4   Mean: 0.7602E+08 Abs mean: 0.7602E+08   Fluctuation:  0.209E+08   0.631E+12    99.8%
  4    0.7602E+08 0.7602E+08 +- 0.2087E+08     49.11
 Relative summed weights:
  0.1564E+00  0.0000E+00
  0.4132E+00  0.0000E+00
  0.8102E-01  0.0000E+00
  0.1169E+00  0.0000E+00
  0.1008E+00  0.0000E+00
  0.1317E+00  0.0000E+00
 Relative number of events:
  0.1693E+00  0.0000E+00
  0.1676E+00  0.0000E+00
  0.1686E+00  0.0000E+00
  0.1669E+00  0.0000E+00
  0.1644E+00  0.0000E+00
  0.1632E+00  0.0000E+00
 Events:
        5419           0
        5364           0
        5395           0
        5340           0
        5260           0
        5222           0
 Found          821  events.
 Wrote            4  events.
 Actual xsec    9312256.0459107347     
 Correct abs xsec    9312256.0459107347     
 Event xsec    9312256.0459107347     
 Events wgts > 1:            0
 % Cross section > 1:    0.0000000000000000        0.0000000000000000     
 Checking number of events   3981.0825821872982                4  chi2:    672.58327993418084     
 Found          821  events.
 Wrote            5  events.
 Actual xsec    9312256.0459107347     
 Correct abs xsec    9312256.0459107347     
 Event xsec    9312256.0459107347     
 Events wgts > 1:            0
 % Cross section > 1:    0.0000000000000000        0.0000000000000000     
 Iteration  5   Mean: 0.1094E+09 Abs mean: 0.1094E+09   Fluctuation:  0.254E+08   0.138E+13    99.6%
  5    0.1094E+09 0.1094E+09 +- 0.2537E+08     58.66
 Relative summed weights:
  0.9768E-01  0.0000E+00
  0.1011E+00  0.0000E+00
  0.1070E+00  0.0000E+00
  0.1253E+00  0.0000E+00
  0.1223E+00  0.0000E+00
  0.4465E+00  0.0000E+00
 Relative number of events:
  0.1683E+00  0.0000E+00
  0.1662E+00  0.0000E+00
  0.1686E+00  0.0000E+00
  0.1648E+00  0.0000E+00
  0.1651E+00  0.0000E+00
  0.1670E+00  0.0000E+00
 Events:
       10769           0
       10636           0
       10792           0
       10550           0
       10567           0
       10686           0
 Found         2603  events.
 Wrote            5  events.
 Actual xsec    93236698.726717383     
 Correct abs xsec    93236698.726717383     
 Event xsec    93236698.726717383     
 Events wgts > 1:            1
 % Cross section > 1:    2.0523405931890011       2.20121542398722233E-006
 Checking number of events   39859.621072658949                5  chi2:   0.62495608986628226     
 Found         2603  events.
 Wrote            8  events.
 Actual xsec    93236698.726717383     
 Correct abs xsec    93236698.726717383     
 Event xsec    93236698.726717383     
 Events wgts > 1:            1
 % Cross section > 1:    1.2827128823846579       1.37575965247801181E-006
 Fixing grid
 Iteration  6   Mean: 0.1038E+09 Abs mean: 0.1038E+09   Fluctuation:  0.669E+07   0.449E+12    99.5%
  6    0.1038E+09 0.1038E+09 +- 0.6693E+07     23.08
 Relative summed weights:
  0.1379E+00  0.0000E+00
  0.2101E+00  0.0000E+00
  0.1908E+00  0.0000E+00
  0.1430E+00  0.0000E+00
  0.1595E+00  0.0000E+00
  0.1586E+00  0.0000E+00
 Relative number of events:
  0.1666E+00  0.0000E+00
  0.1663E+00  0.0000E+00
  0.1670E+00  0.0000E+00
  0.1653E+00  0.0000E+00
  0.1672E+00  0.0000E+00
  0.1677E+00  0.0000E+00
 Events:
       21319           0
       21281           0
       21370           0
       21155           0
       21407           0
       21468           0
 Found         6351  events.
 Wrote           38  events.
 Actual xsec    102808322.72390588     
 Correct abs xsec    102808322.72390588     
 Event xsec    102808322.72390576     
 Events wgts > 1:            1
 % Cross section > 1:    72113.170756160282       7.01433199623555381E-002
 Checking number of events   43951.586047696997               38  chi2:   0.86810999267776423     
 Found         6351  events.
 Wrote           30  events.
 Actual xsec    102808322.72390588     
 Correct abs xsec    102808322.72390588     
 Event xsec    102808322.72390586     
 Events wgts > 1:            1
 % Cross section > 1:    91326.267150929198       8.88315894387149974E-002
 Iteration  7   Mean: 0.9591E+08 Abs mean: 0.9591E+08   Fluctuation:  0.472E+07   0.738E+12    99.5%
  7    0.9591E+08 0.9591E+08 +- 0.4723E+07     24.92
 Relative summed weights:
  0.1454E+00  0.0000E+00
  0.1762E+00  0.0000E+00
  0.1511E+00  0.0000E+00
  0.1910E+00  0.0000E+00
  0.1537E+00  0.0000E+00
  0.1825E+00  0.0000E+00
 Relative number of events:
  0.1666E+00  0.0000E+00
  0.1670E+00  0.0000E+00
  0.1657E+00  0.0000E+00
  0.1668E+00  0.0000E+00
  0.1664E+00  0.0000E+00
  0.1674E+00  0.0000E+00
 Events:
       42655           0
       42757           0
       42431           0
       42708           0
       42601           0
       42848           0
 Found        12892  events.
 Wrote           22  events.
 Actual xsec    99102914.269140944     
 Correct abs xsec    99102914.269140944     
 Event xsec    99102914.269140914     
 Events wgts > 1:            1
 % Cross section > 1:   6.29226621240377426E-002  6.34922419669255618E-008
 Checking number of events   42367.486879200442               22  chi2:   0.55416341431346927     
 Found        12892  events.
 Wrote           28  events.
 Actual xsec    99102914.269140944     
 Correct abs xsec    99102914.269140944     
 Event xsec    99102914.269140914     
 Events wgts > 1:            1
 % Cross section > 1:   4.94392341934144497E-002  4.98867612098154561E-008
 Iteration  8   Mean: 0.1185E+09 Abs mean: 0.1185E+09   Fluctuation:  0.948E+07   0.357E+13    99.5%
  8    0.1185E+09 0.1185E+09 +- 0.9478E+07     57.22
 Relative summed weights:
  0.1961E+00  0.0000E+00
  0.1383E+00  0.0000E+00
  0.2093E+00  0.0000E+00
  0.1494E+00  0.0000E+00
  0.1788E+00  0.0000E+00
  0.1280E+00  0.0000E+00
 Relative number of events:
  0.1660E+00  0.0000E+00
  0.1673E+00  0.0000E+00
  0.1668E+00  0.0000E+00
  0.1669E+00  0.0000E+00
  0.1667E+00  0.0000E+00
  0.1662E+00  0.0000E+00
 Events:
       84982           0
       85675           0
       85420           0
       85475           0
       85373           0
       85075           0
 Found        27981  events.
 Wrote           20  events.
 Actual xsec    120150907.50382791     
 Correct abs xsec    120150907.50382791     
 Event xsec    120150907.50382794     
 Events wgts > 1:            1
 % Cross section > 1:   0.74788617156445980       6.22455699338461123E-007
 Checking number of events   43870.758832024490               20  chi2:    2.4303170504846028     
 Found        27981  events.
 Wrote           13  events.
 Actual xsec    120150907.50382791     
 Correct abs xsec    120150907.50382791     
 Event xsec    120150907.50382787     
 Events wgts > 1:            1
 % Cross section > 1:    1.1505941059440374       9.57624149370141735E-007

 -------------------------------------------------------------------------------
 Accumulated results:   Integral =  0.8210E+08
                        Std dev  =  0.2513E+07
                       Cross sec =  0.8210E+08
             Chi**2 per DoF.     =     36.6339
 -------------------------------------------------------------------------------
-------------------------------------------------
---------------------------
 Results Last   3 iters: Integral =   0.1026E+09
                     Abs integral =   0.1026E+09
                         Std dev =   0.3608E+07
                 Chi**2 per DoF. =      2.4303
-------------------------------------------------
---------------------------
>>>>>>> 911b5ec345c81b054214c521136984e9d6306827

ls status:
events.lhe
ftn25
ftn26
input_sg.txt
<<<<<<< HEAD
=======
log.txt
>>>>>>> 911b5ec345c81b054214c521136984e9d6306827
moffset.dat
results.dat
run_01_ftn26.gz
run_01_log.txt
run_01_results.dat
run_02_ftn26.gz
run_02_log.txt
run_02_results.dat
<<<<<<< HEAD
run_03_ftn26.gz
run_03_log.txt
run_03_results.dat
run_08_ftn26.gz
run_08_log.txt
run_08_results.dat
run_09_ftn26.gz
run_09_log.txt
run_09_results.dat
run_10_ftn26.gz
run_10_log.txt
run_10_results.dat
run_11_ftn26.gz
run_11_log.txt
run_11_results.dat
=======
>>>>>>> 911b5ec345c81b054214c521136984e9d6306827
run1_app.log
