 No PDF is used, alpha_s(MZ) from param_card is used
 Value of alpha_s from param_card:   0.11800000071525575     
 The default order of alpha_s running is fixed to            2
<<<<<<< HEAD
 Results.dat xsec =    2372400000.0000000       abs xsec =    2372400000.0000000     
 Found            1  subprocesses
 SubProcess/Channel     kept   read   xsec 
P0_epem_epem/G1/     790     790 0.154E+08
P0_epem_epem/G2.2/     790    1198 0.154E+08
P0_epem_epem/G3.2/     790    1566 0.154E+08
P0_epem_epem/G4/  166780  167556 0.237E+10
P0_epem_epem/G5/  166780  167920 0.237E+10
P0_epem_epem/G6/  166780  168295 0.237E+10
 Found       103011  events writing first       100000
 Unweighting selected       100000  events.
Truncated  0.00% of cross section
=======
 Results.dat xsec =   8.05259999999999967E+055  abs xsec =   8.05259999999999967E+055
 Found            1  subprocesses
 SubProcess/Channel     kept   read   xsec 
P0_epem_epem/G1/       0     418 0.000E+00
P0_epem_epem/G2.2/       0     797 0.000E+00
P0_epem_epem/G3.2/       0    1179 0.000E+00
P0_epem_epem/G4/      34    1213 0.805E+56
P0_epem_epem/G5/      34    1592 0.805E+56
P0_epem_epem/G6/      34    1958 0.805E+56
 Iteration            1  too large truncation   0.99966990291262137               34
 Iteration            2  too large truncation   0.99957087378640819               34
 Iteration            3  too large truncation   0.99944213592233055               34
 Iteration            4  too large truncation   0.99927477669902864               34
 Iteration            5  too large truncation   0.99905720970873768               34
 Iteration            6  too large truncation   0.99877437262135971               34
 Iteration            7  too large truncation   0.99840668440776659               34
 Iteration            8  too large truncation   0.99792868973009696               34
 Iteration            9  too large truncation   0.99730729664912676               34
 Iteration           10  too large truncation   0.99649948564386370               34
 Iteration           11  too large truncation   0.99544933133702296               34
 Iteration           12  too large truncation   0.99408413073812996               34
 Iteration           13  too large truncation   0.99230936995956898               34
 Iteration           14  too large truncation   0.99000218094744064               34
 Iteration           15  too large truncation   0.98700283523167165               34
 Iteration           16  too large truncation   0.98310368580117447               34
 Iteration           17  too large truncation   0.97803479154152662               34
 Iteration           18  too large truncation   0.97144522900398411               34
 Iteration           19  too large truncation   0.96287879770517870               34
 Iteration           20  too large truncation   0.95174243701673344               34
 Unable to get       100000  events. Writing           34
 Unweighting selected           34  events.
Truncated 95.17% of cross section
>>>>>>> 911b5ec345c81b054214c521136984e9d6306827
