 Process in group number            1
 No PDF is used, alpha_s(MZ) from param_card is used
 Value of alpha_s from param_card:   0.11800000071525575     
 The default order of alpha_s running is fixed to            2
 *****************************************************
 *               MadGraph/MadEvent                   *
 *        --------------------------------           *
 *          http://madgraph.hep.uiuc.edu             *
 *          http://madgraph.phys.ucl.ac.be           *
 *          http://madgraph.roma2.infn.it            *
 *        --------------------------------           *
 *                                                   *
 *          PARAMETER AND COUPLING VALUES            *
 *                                                   *
 *****************************************************

  External Params
  ---------------------------------
  
 aEWM1 =    132.50700378417969     
 mdl_Gf =   1.16639000000000003E-005
 aS =   0.11800000071525575     
 mdl_ymb =    4.6999998092651367     
 mdl_ymt =    173.00000000000000     
 mdl_ymtau =    1.7769999504089355     
 mdl_MZ =    91.188003540039063     
 mdl_MT =    173.00000000000000     
 mdl_MB =    4.6999998092651367     
 mdl_MH =    125.00000000000000     
 mdl_MTA =    1.7769999504089355     
 mdl_WZ =    2.4414041042327881     
 mdl_WW =    2.0476000308990479     
 mdl_WT =    1.4915000200271606     
 mdl_WH =   6.38233916833996773E-003
  Internal Params
  ---------------------------------
  
 mdl_conjg__CKM3x3 =    1.0000000000000000     
 mdl_CKM3x3 =    1.0000000000000000     
 mdl_conjg__CKM1x1 =    1.0000000000000000     
 mdl_complexi =  (  0.0000000000000000     ,  1.0000000000000000     )
 mdl_MZ__exp__2 =    8315.2519896181766     
 mdl_MZ__exp__4 =    69143415.650849044     
 mdl_sqrt__2 =    1.4142135623730951     
 mdl_MH__exp__2 =    15625.000000000000     
 mdl_aEW =   7.54677089845565054E-003
 mdl_MW =    80.419007276179556     
 mdl_sqrt__aEW =   8.68721526063194194E-002
 mdl_ee =   0.30795376284704501     
 mdl_MW__exp__2 =    6467.2167312862202     
 mdl_sw2 =   0.22224645274001076     
 mdl_cw =   0.88190336616887299     
 mdl_sqrt__sw2 =   0.47143022043565552     
 mdl_sw =   0.47143022043565552     
 mdl_g1 =   0.34919218438279087     
 mdl_gw =   0.65323296958447097     
 mdl_vev =    246.21845810181631     
 mdl_vev__exp__2 =    60623.529110035874     
 mdl_lam =   0.12886910601690271     
 mdl_yb =   2.69955531549349904E-002
 mdl_yt =   0.99366614581500645     
 mdl_ytau =   1.02066167158167895E-002
 mdl_muH =    88.388347648318444     
 mdl_I1x33 =  ( 2.69955531549349904E-002,  0.0000000000000000     )
 mdl_I2x33 =  ( 0.99366614581500645     ,  0.0000000000000000     )
 mdl_I3x33 =  ( 0.99366614581500645     ,  0.0000000000000000     )
 mdl_I4x33 =  ( 2.69955531549349904E-002,  0.0000000000000000     )
 mdl_ee__exp__2 =   9.48355200516540348E-002
 mdl_sw__exp__2 =   0.22224645274001076     
 mdl_cw__exp__2 =   0.77775354725998924     
  Internal Params evaluated point by point
  ----------------------------------------
  
 mdl_sqrt__aS =   0.34351128178744839     
 mdl_G__exp__2 =    1.4828317414825511     
  Couplings of sm
  ---------------------------------
  
         GC_3 =  -0.00000E+00  -0.30795E+00

 Collider parameters:
 --------------------

 Running at e e   machine @    13000.000000000000       GeV
 PDF set = none   
 alpha_s(Mz)= 0.1180 running at 2 loops.
 alpha_s(Mz)= 0.1180 running at 2 loops.
 Renormalization scale set on event-by-event basis
 Factorization   scale set on event-by-event basis


 getting user params
Enter number of events and max and min iterations: 
 Number of events and iterations         2000           9           3
Enter desired fractional accuracy: 
 Desired fractional accuracy:   -298740.00000000000     
Enter 0 for fixed, 2 for adjustable grid: 
Suppress amplitude (0 no, 1 yes)? 
 Using suppressed amplitude.
Exact helicity sum (0 yes, n = number/event)? 
 Explicitly summing over helicities
Enter Configuration Number: 
Running Configuration Number:    1
 Not subdividing B.W.
 Attempting mappinvarients           1           4
 Completed mapping           4
 about to integrate            2        2000           9           3           2           1
 Using non-zero grid deformation.
  2 dimensions   2000 events  2 invarients  9 iterations  1 config(s),  (0.99)
 Using h-tuple random number sequence.
 Error opening grid
 Using Uniform Grid!
 Using uniform alpha   1.0000000000000000     
 Grid defined OK
 Set CM energy to      13000.00
 Mapping Graph           1  to config           1
Setting grid   1    0.59172E-06   1
 Masses: 0.000E+00 0.000E+00 0.000E+00 0.000E+00
   1   1   2
 Got moffset           8
Using random seed offsets     1 :      2
  with seed                   72
 Ranmar initialization seeds       29409        4624
  Particle       3       4
      Et >    10.0    10.0
       E >     0.0     0.0
     Eta <     2.5     2.5
   xqcut:      0.0     0.0
d R # 3  >    -0.0     0.4
s min # 3>     0.0     0.0
xqcutij # 3>     0.0     0.0
 alpha_s for scale    80.622577482985491       is   0.12023373007294476     
 Added good helicity            6  0.10495322722261127       in event            1
 Added good helicity            7   7.8950467727773894       in event            1
 Added good helicity           10   7.8950467727773894       in event            1
 Added good helicity           11  0.10495322722261127       in event            1
 Iteration  1   Mean: 0.3384E-02 Abs mean: 0.3384E-02   Fluctuation:  0.750E-04   0.455E-02    34.0%
  1    0.3384E-02 0.3384E-02 +- 0.7498E-04      0.99
 Writing out events  5.53352249831977963E-007  0.99100640697329845     
 Relative summed weights:
  0.4964E+00  0.0000E+00
  0.5036E+00  0.0000E+00
 Relative number of events:
  0.4980E+00  0.0000E+00
  0.5020E+00  0.0000E+00
 Events:
         996           0
        1004           0
 Iteration  2   Mean: 0.3310E-02 Abs mean: 0.3310E-02   Fluctuation:  0.143E-04   0.519E-02   100.0%
  2    0.3310E-02 0.3310E-02 +- 0.1427E-04      0.27
 Relative summed weights:
  0.4940E+00  0.0000E+00
  0.5060E+00  0.0000E+00
 Relative number of events:
  0.4928E+00  0.0000E+00
  0.5072E+00  0.0000E+00
 Events:
        1971           0
        2029           0
 Iteration  3   Mean: 0.3302E-02 Abs mean: 0.3302E-02   Fluctuation:  0.688E-05   0.461E-02   100.0%
  3    0.3302E-02 0.3302E-02 +- 0.6880E-05      0.19
 Relative summed weights:
  0.5036E+00  0.0000E+00
  0.4964E+00  0.0000E+00
 Relative number of events:
  0.5026E+00  0.0000E+00
  0.4974E+00  0.0000E+00
 Events:
        4021           0
        3979           0
 Found          794  events.
 Wrote          789  events.
 Actual xsec   3.30415083225123240E-003
 Correct abs xsec   3.30415083225123240E-003
 Event xsec   3.30415083225118426E-003
 Events wgts > 1:            0
 % Cross section > 1:    0.0000000000000000        0.0000000000000000     
 Checking number of events   987.08201962673320              789  chi2:   0.69809377968959740     
 Found          794  events.
 Wrote          789  events.
 Actual xsec   3.30415083225123240E-003
 Correct abs xsec   3.30415083225123240E-003
 Event xsec   3.30415083225118426E-003
 Events wgts > 1:            0
 % Cross section > 1:    0.0000000000000000        0.0000000000000000     
 Iteration  4   Mean: 0.3303E-02 Abs mean: 0.3303E-02   Fluctuation:  0.352E-05   0.426E-02   100.0%
  4    0.3303E-02 0.3303E-02 +- 0.3524E-05      0.13
 Relative summed weights:
  0.5010E+00  0.0000E+00
  0.4990E+00  0.0000E+00
 Relative number of events:
  0.5009E+00  0.0000E+00
  0.4991E+00  0.0000E+00
 Events:
        8015           0
        7985           0
 Found         1608  events.
 Wrote         1603  events.
 Actual xsec   3.30301480904794534E-003
 Correct abs xsec   3.30301480904794534E-003
 Event xsec   3.30301480904795488E-003
 Events wgts > 1:            0
 % Cross section > 1:    0.0000000000000000        0.0000000000000000     
 Checking number of events   986.74264405498320             1603  chi2:   0.13442567942492728     

 -------------------------------------------------------------------------------
 Accumulated results:   Integral =  0.3303E-02
                        Std dev  =  0.3061E-05
                       Cross sec =  0.4957E+00
             Chi**2 per DoF.     =
-------------------------------------------------
---------------------------
 Results Last   3 iters: Integral =   0.3303E-02
                     Abs integral =   0.3303E-02
                          Std dev =   0.3063E-05
                  Chi**2 per DoF. =      0.1344
-------------------------------------------------
---------------------------
 Status  -298740.00000000000                5           9
 We found enough events        1603   986.74264405498320     

ls status:
events.lhe
ftn25
ftn26
input_sg.txt
moffset.dat
results.dat
run_01_ftn26.gz
run_01_log.txt
run_01_results.dat
run_02_ftn26.gz
run_02_log.txt
run_02_results.dat
run_03_ftn26.gz
run_03_log.txt
run_03_results.dat
run_04_ftn26.gz
run_04_log.txt
run_04_results.dat
run_05_ftn26.gz
run_05_log.txt
run_05_results.dat
run1_app.log
