 Process in group number            1
 No PDF is used, alpha_s(MZ) from param_card is used
 Value of alpha_s from param_card:   0.11800000071525575     
 The default order of alpha_s running is fixed to            2
 Warning: pt or E min of a gamma should in general be >0
 *****************************************************
 *               MadGraph/MadEvent                   *
 *        --------------------------------           *
 *          http://madgraph.hep.uiuc.edu             *
 *          http://madgraph.phys.ucl.ac.be           *
 *          http://madgraph.roma2.infn.it            *
 *        --------------------------------           *
 *                                                   *
 *          PARAMETER AND COUPLING VALUES            *
 *                                                   *
 *****************************************************

  External Params
  ---------------------------------
  
 mdl_MB =    4.6999998092651367     
 mdl_MT =    173.00000000000000     
 mdl_Me =   5.10999991092830896E-004
 mdl_MM =   0.10565999895334244     
 mdl_MTA =    1.7769999504089355     
 mdl_MZ =    91.188003540039063     
 mdl_MH =    125.00000000000000     
 aEWM1 =    132.50700378417969     
 mdl_Gf =   1.16639000000000003E-005
 aS =   0.11800000071525575     
 mdl_ymb =    4.6999998092651367     
 mdl_ymt =    173.00000000000000     
 mdl_yme =   5.10999991092830896E-004
 mdl_ymm =   0.10565999895334244     
 mdl_ymtau =    1.7769999504089355     
 mdl_WT =    1.4915000200271606     
 mdl_WTau =   2.26999999999999982E-012
 mdl_WZ =    2.4414041042327881     
 mdl_WW =    2.0476000308990479     
 mdl_WH =   6.38233916833996773E-003
  Internal Params
  ---------------------------------
  
 mdl_conjg__CKM3x3 =    1.0000000000000000     
 mdl_CKM3x3 =    1.0000000000000000     
 mdl_conjg__CKM1x1 =    1.0000000000000000     
 mdl_complexi =  (  0.0000000000000000     ,  1.0000000000000000     )
 mdl_MZ__exp__2 =    8315.2519896181766     
 mdl_MZ__exp__4 =    69143415.650849044     
 mdl_sqrt__2 =    1.4142135623730951     
 mdl_MH__exp__2 =    15625.000000000000     
 mdl_aEW =   7.54677089845565054E-003
 mdl_MW =    80.419007276179556     
 mdl_sqrt__aEW =   8.68721526063194194E-002
 mdl_ee =   0.30795376284704501     
 mdl_MW__exp__2 =    6467.2167312862202     
 mdl_sw2 =   0.22224645274001076     
 mdl_cw =   0.88190336616887299     
 mdl_sqrt__sw2 =   0.47143022043565552     
 mdl_sw =   0.47143022043565552     
 mdl_g1 =   0.34919218438279087     
 mdl_gw =   0.65323296958447097     
 mdl_vev =    246.21845810181631     
 mdl_vev__exp__2 =    60623.529110035874     
 mdl_lam =   0.12886910601690271     
 mdl_yb =   2.69955531549349904E-002
 mdl_ye =   2.93504850670934038E-006
 mdl_ym =   6.06883028478528356E-004
 mdl_yt =   0.99366614581500645     
 mdl_ytau =   1.02066167158167895E-002
 mdl_muH =    88.388347648318444     
 mdl_I1x33 =  ( 2.69955531549349904E-002,  0.0000000000000000     )
 mdl_I2x33 =  ( 0.99366614581500645     ,  0.0000000000000000     )
 mdl_I3x33 =  ( 0.99366614581500645     ,  0.0000000000000000     )
 mdl_I4x33 =  ( 2.69955531549349904E-002,  0.0000000000000000     )
 mdl_ee__exp__2 =   9.48355200516540348E-002
 mdl_sw__exp__2 =   0.22224645274001076     
 mdl_cw__exp__2 =   0.77775354725998924     
  Internal Params evaluated point by point
  ----------------------------------------
  
 mdl_sqrt__aS =   0.34351128178744839     
 mdl_G__exp__2 =    1.4828317414825511     
  Couplings of sm-lepton_masses
  ---------------------------------
  
         GC_3 =  -0.00000E+00  -0.30795E+00
        GC_50 =  -0.00000E+00  -0.28804E+00
        GC_59 =   0.00000E+00   0.82310E-01
        GC_89 =  -0.00000E+00  -0.20754E-05

 Collider parameters:
 --------------------

 Running at e e   machine @    10.000000000000000       GeV
 PDF set = none   
 alpha_s(Mz)= 0.1180 running at 2 loops.
 alpha_s(Mz)= 0.1180 running at 2 loops.
 Renormalization scale set on event-by-event basis
 Factorization   scale set on event-by-event basis


 getting user params
Enter number of events and max and min iterations: 
 Number of events and iterations         2000           9           3
Enter desired fractional accuracy: 
 Desired fractional accuracy:  -1.31209999999999997E-047
Enter 0 for fixed, 2 for adjustable grid: 
Suppress amplitude (0 no, 1 yes)? 
 Using suppressed amplitude.
Exact helicity sum (0 yes, n = number/event)? 
 Explicitly summing over helicities
Enter Configuration Number: 
Running Configuration Number:   22
 Not subdividing B.W.
 Attempting mappinvarients           1           5
 Completed mapping           5
 about to integrate            5        2000           9           3           5           1
 Keeping grid fixed.
  5 dimensions   2000 events  5 invarients  9 iterations  1 config(s),  (0.99)
 Using h-tuple random number sequence.
 Grid read from file
 Grid defined OK
 Set CM energy to         10.00
 Mapping Graph          22  to config          22
 No modification is setgrid, grid read from file
 No modification is setgrid, grid read from file
 Masses: 0.511E-03 0.511E-03 0.000E+00 0.511E-03 0.511E-03
  22   1   2   3   4   5
 Got moffset           9
Using random seed offsets    22 :      1
  with seed                   30
 Ranmar initialization seeds        8313        7737
  Particle       3       4       5
      Et >     0.0    -1.0    -1.0
       E >     0.0     0.0     0.0
     Eta <    -1.0    -1.0    -1.0
   xqcut:      0.0     0.0     0.0
d R # 3  >    -0.0     0.4     0.4
d R # 4  >    -0.0    -0.0     0.0
s min # 3>     0.0     0.0     0.0
s min # 4>     0.0     0.0     0.0
xqcutij # 3>     0.0     0.0     0.0
xqcutij # 4>     0.0     0.0     0.0
 alpha_s for scale    2.2360679803144543       is   0.28377211151104381     
 Added good helicity            1   4.1842015220807269       in event            1
 Added good helicity            3  4.38159975237425352E-004  in event            1
 Added good helicity            5   3.8153603179440343       in event            1
 Added good helicity           10   4.1842015220807269       in event            1
 Added good helicity           12  4.38159975237425352E-004  in event            1
 Added good helicity           14   3.8153603179440343       in event            1
 Added good helicity           19   3.8153603179440343       in event            1
 Added good helicity           21  4.38159975237423672E-004  in event            1
 Added good helicity           23   4.1842015220807269       in event            1
 Added good helicity           28   3.8153603179440343       in event            1
 Added good helicity           30  4.38159975237423672E-004  in event            1
 Added good helicity           32   4.1842015220807269       in event            1
 Iteration  1   Mean: 0.9131E+43 Abs mean: 0.9131E+43   Fluctuation:  0.624E+43   0.101E+47    97.5%
  1    0.9131E+43 0.9131E+43 +- 0.6237E+43     30.55
 Writing out events  5.20474348032461463E+038   30.546930234166556     
 Relative summed weights:
  0.1000E+01  0.0000E+00
 Relative number of events:
  0.1000E+01  0.0000E+00
 Events:
        2000           0
 Error in matrix element
 Iteration  2   Mean: 0.1752E+44 Abs mean: 0.1752E+44   Fluctuation:  0.846E+43   0.243E+47    97.2%
  2    0.1752E+44 0.1752E+44 +- 0.8461E+43     30.55
 Relative summed weights:
  0.1000E+01  0.0000E+00
 Relative number of events:
  0.1000E+01  0.0000E+00
 Events:
        4000           0
 Iteration  3   Mean: 0.1289E+45 Abs mean: 0.1289E+45   Fluctuation:  0.773E+44   0.542E+48    97.1%
  3    0.1289E+45 0.1289E+45 +- 0.7726E+44     53.62
 Relative summed weights:
  0.1000E+01  0.0000E+00
 Relative number of events:
  0.1000E+01  0.0000E+00
 Events:
        8000           0
 Found           28  events.
 Wrote            2  events.
 Actual xsec   4.92033476600124152E+043
 Correct abs xsec   4.92033476600124152E+043
 Event xsec   4.92033476600124152E+043
 Events wgts > 1:            1
 % Cross section > 1:   1.78036653774884176E+036  3.61838497260572900E-006
 Checking number of events  6.45597124647022879E-004           2  chi2:    28.182362823189386     
 Found           28  events.
 Wrote            1  events.
 Actual xsec   4.92033476600124152E+043
 Correct abs xsec   4.92033476600124152E+043
 Event xsec   4.92033476600124152E+043
 Events wgts > 1:            1
 % Cross section > 1:   3.56073293684839913E+036  7.23676966342314258E-006
 Error in matrix element
 Iteration  4   Mean: 0.1327E+48 Abs mean: 0.1327E+48   Fluctuation:  0.122E+48   0.194E+52    96.9%
  4    0.1327E+48 0.1327E+48 +- 0.1217E+48    115.99
 Relative summed weights:
  0.1000E+01  0.0000E+00
 Relative number of events:
  0.1000E+01  0.0000E+00
 Events:
       16000           0
 Found           27  events.
 Wrote            1  events.
 Actual xsec   1.91563087445704153E+046
 Correct abs xsec   1.91563087445704153E+046
 Event xsec   1.91563087445704153E+046
 Events wgts > 1:            1
 % Cross section > 1:   6.14667689057491300E+039  3.20869587796610424E-005
 Checking number of events  0.25134992703750841                1  chi2:    2588485.7523001563     
 Found           27  events.
 Wrote            1  events.
 Actual xsec   1.91563087445704153E+046
 Correct abs xsec   1.91563087445704153E+046
 Event xsec   1.91563087445704153E+046
 Events wgts > 1:            1
 % Cross section > 1:   6.14667689057491300E+039  3.20869587796610424E-005
 Error in matrix element
 Error in matrix element
 Error in matrix element
 Iteration  5   Mean: 0.9235E+46 Abs mean: 0.9235E+46   Fluctuation:  0.808E+46   0.257E+51    97.1%
  5    0.9235E+46 0.9235E+46 +- 0.8075E+46    156.43
 Relative summed weights:
  0.1000E+01  0.0000E+00
 Relative number of events:
  0.1000E+01  0.0000E+00
 Events:
       32000           0
 Found           10  events.
 Wrote            1  events.
 Actual xsec   3.22395560454929802E+046
 Correct abs xsec   3.22395560454929802E+046
 Event xsec   3.22395560454929802E+046
 Events wgts > 1:            1
 % Cross section > 1:   2.34897589642986376E+039  7.28600571644114003E-006
 Checking number of events  0.42301521487291338                1  chi2:    86377.331725121898     
 Found           10  events.
 Wrote            2  events.
 Actual xsec   3.22395560454929802E+046
 Correct abs xsec   3.22395560454929802E+046
 Event xsec   3.22395560454929802E+046
 Events wgts > 1:            1
 % Cross section > 1:   1.17448799385035349E+039  3.64300299977159330E-006
 Error in matrix element
 Iteration  6   Mean: 0.1127E+49 Abs mean: 0.1127E+49   Fluctuation:  0.112E+49   0.720E+53    97.2%
  6    0.1127E+49 0.1127E+49 +- 0.1124E+49    252.42
 Relative summed weights:
  0.1000E+01  0.0000E+00
 Relative number of events:
  0.1000E+01  0.0000E+00
 Events:
       64000           0
 Found           42  events.
 Wrote            1  events.
 Actual xsec   3.71727506030270227E+047
 Correct abs xsec   3.71727506030270227E+047
 Event xsec   3.71727506030270227E+047
 Events wgts > 1:            0
 % Cross section > 1:    0.0000000000000000        0.0000000000000000     
 Checking number of events   4.8774366066231751                1  chi2:    1009.6418665376166     
 Found           42  events.
 Wrote            1  events.
 Actual xsec   3.71727506030270227E+047
 Correct abs xsec   3.71727506030270227E+047
 Event xsec   3.71727506030270227E+047
 Events wgts > 1:            0
 % Cross section > 1:    0.0000000000000000        0.0000000000000000     
 Error in matrix element
 Error in matrix element
 Error in matrix element
 Error in matrix element
 Error in matrix element
 Error in matrix element
 Iteration  7   Mean: 0.2090E+48 Abs mean: 0.2090E+48   Fluctuation:  0.154E+48   0.190E+53    97.1%
  7    0.2090E+48 0.2090E+48 +- 0.1539E+48    263.54
 Relative summed weights:
  0.1000E+01  0.0000E+00
 Relative number of events:
  0.1000E+01  0.0000E+00
 Events:
      128000           0
 Found           24  events.
 Wrote            1  events.
 Actual xsec   3.67958329053739827E+047
 Correct abs xsec   3.67958329053739827E+047
 Event xsec   3.67958329053739827E+047
 Events wgts > 1:            0
 % Cross section > 1:    0.0000000000000000        0.0000000000000000     
 Checking number of events   4.8279812355141205                1  chi2:    987.40451811348510     
 Found           24  events.
 Wrote            3  events.
 Actual xsec   3.67958329053739827E+047
 Correct abs xsec   3.67958329053739827E+047
 Event xsec   3.67958329053739827E+047
 Events wgts > 1:            0
 % Cross section > 1:    0.0000000000000000        0.0000000000000000     
 Error in matrix element
 Error in matrix element
 Error in matrix element
 Error in matrix element
 Error in matrix element
 Error in matrix element
 Error in matrix element
 Error in matrix element
 Error in matrix element
 Error in matrix element
 Error in matrix element
 Error in matrix element
 Iteration  8   Mean: 0.2646E+48 Abs mean: 0.2646E+48   Fluctuation:  0.160E+48   0.347E+53    97.1%
  8    0.2646E+48 0.2646E+48 +- 0.1596E+48    305.13
 Relative summed weights:
  0.1000E+01  0.0000E+00
 Relative number of events:
  0.1000E+01  0.0000E+00
 Events:
      256000           0
 Found           68  events.
 Wrote            2  events.
 Actual xsec   4.00984165637936860E+047
 Correct abs xsec   4.00984165637936860E+047
 Event xsec   4.00984165637936779E+047
 Events wgts > 1:            1
 % Cross section > 1:   4.93909259162539210E+040  1.23174255117222734E-005
 Checking number of events   5.2613132373353695                2  chi2:    1.3517922735820340     
 Found           68  events.
 Wrote            3  events.
 Actual xsec   4.00984165637936860E+047
 Correct abs xsec   4.00984165637936860E+047
 Event xsec   4.00984165637936860E+047
 Events wgts > 1:            1
 % Cross section > 1:   3.29272853301339369E+040  8.21161735345559110E-006
 Error in matrix element
 Error in matrix element
 Error in matrix element
 Error in matrix element
 Error in matrix element
 Error in matrix element
 Error in matrix element
 Error in matrix element
 Error in matrix element
 Error in matrix element
 Error in matrix element
 Error in matrix element
 Error in matrix element
 Error in matrix element
 Error in matrix element
 Error in matrix element
 Error in matrix element
 Error in matrix element
 Error in matrix element
 Error in matrix element
 Error in matrix element
 Error in matrix element
 Error in matrix element
 Error in matrix element
 Error in matrix element
 Error in matrix element
 Error in matrix element
 Iteration  9   Mean: 0.3331E+48 Abs mean: 0.3331E+48   Fluctuation:  0.120E+48   0.330E+53    97.0%
  9    0.3331E+48 0.3331E+48 +- 0.1197E+48    257.07
 Relative summed weights:
  0.1000E+01  0.0000E+00
 Relative number of events:
  0.1000E+01  0.0000E+00
 Events:
      512000           0
 Found          105  events.
 Wrote            3  events.
 Actual xsec   2.99288957109491630E+047
 Correct abs xsec   2.99288957109491630E+047
 Event xsec   2.99288957109491630E+047
 Events wgts > 1:            1
 % Cross section > 1:   7.79008201248951475E+043  2.60286316198415461E-002
 Checking number of events   3.9269704062336395                3  chi2:   0.23568590675030771     
 Found          105  events.
 Wrote            5  events.
 Actual xsec   2.99288957109491630E+047
 Correct abs xsec   2.99288957109491630E+047
 Event xsec   2.99288957109491670E+047
 Events wgts > 1:            1
 % Cross section > 1:   4.67453589458394111E+043  1.56188051164006438E-002

 -------------------------------------------------------------------------------
 Accumulated results:   Integral =   +Infinity
                        Std dev  =   +Infinity
                       Cross sec =   +Infinity
             Chi**2 per DoF.     =      4.5056
 -------------------------------------------------------------------------------
-------------------------------------------------
---------------------------
 Results Last   3 iters: Integral =   0.2993E+48
                     Abs integral =   0.2993E+48
                          Std dev =   0.8520E+47
                  Chi**2 per DoF. =      0.2357
-------------------------------------------------
---------------------------
 Status -1.31209999999999997E-047          10           9
 We found enough events           5   3.9269704062336395     

ls status:
events.lhe
ftn25
ftn26
input_sg.txt
log.txt
moffset.dat
results.dat
run1_app.log
