 Process in group number            0
 No PDF is used, alpha_s(MZ) from param_card is used
 Value of alpha_s from param_card:   0.11800000071525575     
 The default order of alpha_s running is fixed to            2
 *****************************************************
 *               MadGraph/MadEvent                   *
 *        --------------------------------           *
 *          http://madgraph.hep.uiuc.edu             *
 *          http://madgraph.phys.ucl.ac.be           *
 *          http://madgraph.roma2.infn.it            *
 *        --------------------------------           *
 *                                                   *
 *          PARAMETER AND COUPLING VALUES            *
 *                                                   *
 *****************************************************

  External Params
  ---------------------------------
  
 aEWM1 =    132.50700378417969     
 mdl_Gf =   1.16639000000000003E-005
 aS =   0.11800000071525575     
 mdl_ymb =    4.6999998092651367     
 mdl_ymt =    173.00000000000000     
 mdl_yme =   5.10999991092830896E-004
 mdl_ymm =   0.10565999895334244     
 mdl_ymtau =    1.7769999504089355     
 mdl_MZ =    91.188003540039063     
 mdl_MT =    173.00000000000000     
 mdl_MB =    4.6999998092651367     
 mdl_MH =    125.00000000000000     
 mdl_Me =   5.10999991092830896E-004
 mdl_MM =   0.10565999895334244     
 mdl_MTA =    1.7769999504089355     
 mdl_WZ =    2.4414041042327881     
 mdl_WW =    2.0476000308990479     
 mdl_WT =    1.4915000200271606     
 mdl_WH =   6.38233916833996773E-003
 mdl_WTau =   2.26999999999999982E-012
  Internal Params
  ---------------------------------
  
 mdl_conjg__CKM3x3 =    1.0000000000000000     
 mdl_CKM3x3 =    1.0000000000000000     
 mdl_conjg__CKM1x1 =    1.0000000000000000     
 mdl_complexi =  (  0.0000000000000000     ,  1.0000000000000000     )
 mdl_MZ__exp__2 =    8315.2519896181766     
 mdl_MZ__exp__4 =    69143415.650849044     
 mdl_sqrt__2 =    1.4142135623730951     
 mdl_MH__exp__2 =    15625.000000000000     
 mdl_aEW =   7.54677089845565054E-003
 mdl_MW =    80.419007276179556     
 mdl_sqrt__aEW =   8.68721526063194194E-002
 mdl_ee =   0.30795376284704501     
 mdl_MW__exp__2 =    6467.2167312862202     
 mdl_sw2 =   0.22224645274001076     
 mdl_cw =   0.88190336616887299     
 mdl_sqrt__sw2 =   0.47143022043565552     
 mdl_sw =   0.47143022043565552     
 mdl_g1 =   0.34919218438279087     
 mdl_gw =   0.65323296958447097     
 mdl_vev =    246.21845810181631     
 mdl_vev__exp__2 =    60623.529110035874     
 mdl_lam =   0.12886910601690271     
 mdl_yb =   2.69955531549349904E-002
 mdl_ye =   2.93504850670934038E-006
 mdl_ym =   6.06883028478528356E-004
 mdl_yt =   0.99366614581500645     
 mdl_ytau =   1.02066167158167895E-002
 mdl_muH =    88.388347648318444     
 mdl_I1x33 =  ( 2.69955531549349904E-002,  0.0000000000000000     )
 mdl_I2x33 =  ( 0.99366614581500645     ,  0.0000000000000000     )
 mdl_I3x33 =  ( 0.99366614581500645     ,  0.0000000000000000     )
 mdl_I4x33 =  ( 2.69955531549349904E-002,  0.0000000000000000     )
 mdl_ee__exp__2 =   9.48355200516540348E-002
 mdl_sw__exp__2 =   0.22224645274001076     
 mdl_cw__exp__2 =   0.77775354725998924     
  Internal Params evaluated point by point
  ----------------------------------------
  
 mdl_sqrt__aS =   0.34351128178744839     
 mdl_G__exp__2 =    1.4828317414825511     
  Couplings of sm-lepton_masses
  ---------------------------------
  
         GC_3 =  -0.00000E+00  -0.30795E+00

 Collider parameters:
 --------------------

<<<<<<< HEAD
 Running at e e   machine @   7.14879999999999960E-002  GeV
=======
 Running at e e   machine @   7.00000000000000067E-002  GeV
>>>>>>> 911b5ec345c81b054214c521136984e9d6306827
 PDF set = none   
 alpha_s(Mz)= 0.1180 running at 2 loops.
 alpha_s(Mz)= 0.1180 running at 2 loops.
 Renormalization scale fixed @    91.188000000000002     
 Factorization scales  fixed @    91.188000000000002        91.188000000000002     


 getting user params
Enter number of events and max and min iterations: 
 Number of events and iterations         2000           9           3
Enter desired fractional accuracy: 
<<<<<<< HEAD
 Desired fractional accuracy:  -3.19030000000000027E-005
=======
 Desired fractional accuracy:  -3.13399999999999974E-004
>>>>>>> 911b5ec345c81b054214c521136984e9d6306827
Enter 0 for fixed, 2 for adjustable grid: 
Suppress amplitude (0 no, 1 yes)? 
 Using suppressed amplitude.
Exact helicity sum (0 yes, n = number/event)? 
 Explicitly summing over helicities
Enter Configuration Number: 
Running Configuration Number:    1
 Not subdividing B.W.
 Attempting mappinvarients           1           4
 Completed mapping           4
 about to integrate            2        2000           9           3           2           1
 Using non-zero grid deformation.
  2 dimensions   2000 events  2 invarients  9 iterations  1 config(s),  (0.99)
 Using h-tuple random number sequence.
 Error opening grid
 Using Uniform Grid!
 Using uniform alpha   1.0000000000000000     
 Grid defined OK
 Set CM energy to          0.07
 Mapping Graph           1  to config           1
<<<<<<< HEAD
Setting grid   1    0.17611E-02   1
=======
Setting grid   1    0.38601E-01   1
>>>>>>> 911b5ec345c81b054214c521136984e9d6306827
 Masses: 0.511E-03 0.511E-03 0.000E+00 0.000E+00
   1   1   2
 Got moffset          18
Using random seed offsets     1 :      1
<<<<<<< HEAD
  with seed                  117
 Ranmar initialization seeds       24102        6159
=======
  with seed                   63
 Ranmar initialization seeds       18438        6103
>>>>>>> 911b5ec345c81b054214c521136984e9d6306827
  Particle       3       4
      Et >     0.0     0.0
       E >     0.0     0.0
     Eta <    -1.0    -1.0
   xqcut:      0.0     0.0
d R # 3  >    -0.0     0.0
s min # 3>     0.0     0.0
xqcutij # 3>     0.0     0.0
 alpha_s for scale    91.188000000000002       is   0.11800000071525575     
<<<<<<< HEAD
 Added good helicity            1  4.05105922400786182E-003  in event            1
 Added good helicity            2  3.18112593539129961E-004  in event            1
 Added good helicity            3  3.18112593539130069E-004  in event            1
 Added good helicity            6  0.31545512951319632       in event            1
 Added good helicity            7   7.6798575860651406       in event            1
 Added good helicity           10   7.6798575860651406       in event            1
 Added good helicity           11  0.31545512951319632       in event            1
 Added good helicity           14  3.18112593539130069E-004  in event            1
 Added good helicity           15  3.18112593539129961E-004  in event            1
 Added good helicity           16  4.05105922400786182E-003  in event            1
 Iteration  1   Mean: 0.1455E+09 Abs mean: 0.1455E+09   Fluctuation:  0.167E+07   0.178E+09    90.0%
  1    0.1455E+09 0.1455E+09 +- 0.1666E+07      0.51
 Writing out events   8975.0886381980108       0.51219032764843064     
 Relative summed weights:
  0.4977E+00  0.0000E+00
  0.5023E+00  0.0000E+00
 Relative number of events:
  0.4940E+00  0.0000E+00
  0.5060E+00  0.0000E+00
 Events:
         988           0
        1012           0
 Iteration  2   Mean: 0.1444E+09 Abs mean: 0.1444E+09   Fluctuation:  0.514E+06   0.224E+09    99.6%
  2    0.1444E+09 0.1444E+09 +- 0.5139E+06      0.23
 Relative summed weights:
  0.4908E+00  0.0000E+00
  0.5092E+00  0.0000E+00
=======
 Added good helicity            1  7.66900498514977349E-003  in event            1
 Added good helicity            2  1.24231409962254991E-004  in event            1
 Added good helicity            3  1.24231409962254964E-004  in event            1
 Added good helicity            6  4.27286928429260679E-002  in event            1
 Added good helicity            7   7.9493538393302172       in event            1
 Added good helicity           10   7.9493538393302172       in event            1
 Added good helicity           11  4.27286928429260679E-002  in event            1
 Added good helicity           14  1.24231409962254964E-004  in event            1
 Added good helicity           15  1.24231409962254991E-004  in event            1
 Added good helicity           16  7.66900498514977349E-003  in event            1
 Iteration  1   Mean: 0.1453E+08 Abs mean: 0.1453E+08   Fluctuation:  0.329E+06   0.157E+08    15.8%
  1    0.1453E+08 0.1453E+08 +- 0.3285E+06      1.01
 Writing out events   5121.3455358585834        1.0111815207637034     
 Relative summed weights:
  0.5050E+00  0.0000E+00
  0.4950E+00  0.0000E+00
 Relative number of events:
  0.5045E+00  0.0000E+00
  0.4955E+00  0.0000E+00
 Events:
        1009           0
         991           0
Warning xbin not returning correct x   1  0.969523E+00  0.999850E+00  0.5102E-02
Warning xbin not returning correct x   1  0.996860E+00  0.999985E+00  0.5102E-02
Warning xbin not returning correct x   1  0.975001E+00  0.999877E+00  0.5102E-02
 Iteration  2   Mean: 0.1461E+08 Abs mean: 0.1461E+08   Fluctuation:  0.142E+06   0.200E+08    79.7%
  2    0.1461E+08 0.1461E+08 +- 0.1419E+06      0.61
 Relative summed weights:
  0.4902E+00  0.0000E+00
  0.5098E+00  0.0000E+00
>>>>>>> 911b5ec345c81b054214c521136984e9d6306827
 Relative number of events:
  0.4903E+00  0.0000E+00
  0.5098E+00  0.0000E+00
 Events:
        1961           0
        2039           0
<<<<<<< HEAD
 Iteration  3   Mean: 0.1452E+09 Abs mean: 0.1452E+09   Fluctuation:  0.258E+06   0.187E+09    99.6%
  3    0.1452E+09 0.1452E+09 +- 0.2578E+06      0.16
 Relative summed weights:
  0.4936E+00  0.0000E+00
  0.5064E+00  0.0000E+00
 Relative number of events:
  0.4926E+00  0.0000E+00
  0.5074E+00  0.0000E+00
 Events:
        3941           0
        4059           0
 Found          807  events.
 Wrote          802  events.
 Actual xsec    145014195.75724399     
 Correct abs xsec    145014195.75724399     
 Event xsec    145014195.75724253     
 Events wgts > 1:            0
 % Cross section > 1:    0.0000000000000000        0.0000000000000000     
 Checking number of events   4626.3878872433552              802  chi2:   0.93613383558702390     
 Found          807  events.
 Wrote          802  events.
 Actual xsec    145014195.75724399     
 Correct abs xsec    145014195.75724399     
 Event xsec    145014195.75724253     
 Events wgts > 1:            0
 % Cross section > 1:    0.0000000000000000        0.0000000000000000     
 Iteration  4   Mean: 0.1450E+09 Abs mean: 0.1450E+09   Fluctuation:  0.140E+06   0.177E+09    99.8%
  4    0.1450E+09 0.1450E+09 +- 0.1400E+06      0.12
 Relative summed weights:
  0.4968E+00  0.0000E+00
  0.5032E+00  0.0000E+00
 Relative number of events:
  0.4966E+00  0.0000E+00
  0.5034E+00  0.0000E+00
 Events:
        7945           0
        8055           0
 Found         1612  events.
 Wrote         1608  events.
 Actual xsec    144994904.81519005     
 Correct abs xsec    144994904.81519005     
 Event xsec    144994904.81519258     
 Events wgts > 1:            0
 % Cross section > 1:    0.0000000000000000        0.0000000000000000     
 Checking number of events   4625.7724483190086             1608  chi2:   0.89781696065509686     
 Found         1612  events.
 Wrote         1608  events.
 Actual xsec    144994904.81519005     
 Correct abs xsec    144994904.81519005     
 Event xsec    144994904.81519258     
 Events wgts > 1:            0
 % Cross section > 1:    0.0000000000000000        0.0000000000000000     
Warning xbin not returning correct x   1  0.998927E+00  0.100000E+01  0.7782E-04
 Iteration  5   Mean: 0.1450E+09 Abs mean: 0.1450E+09   Fluctuation:  0.822E+05   0.191E+09    99.8%
  5    0.1450E+09 0.1450E+09 +- 0.8218E+05      0.10
 Relative summed weights:
  0.5002E+00  0.0000E+00
  0.4998E+00  0.0000E+00
 Relative number of events:
  0.5002E+00  0.0000E+00
  0.4998E+00  0.0000E+00
 Events:
       16006           0
       15994           0
 Found         3208  events.
 Wrote         3204  events.
 Actual xsec    145007235.84230873     
 Correct abs xsec    145007235.84230873     
 Event xsec    145007235.84230155     
 Events wgts > 1:         3204
 % Cross section > 1:   2.33121681958436966E-008  1.60765551183915926E-014
 Checking number of events   4626.1658450771756             3204  chi2:   0.18663603264244688     
 Found         3208  events.
 Wrote         3204  events.
 Actual xsec    145007235.84230873     
 Correct abs xsec    145007235.84230873     
 Event xsec    145007235.84230155     
 Events wgts > 1:         3204
 % Cross section > 1:   2.33121681958436966E-008  1.60765551183915926E-014
 Iteration  6   Mean: 0.1449E+09 Abs mean: 0.1449E+09   Fluctuation:  0.554E+05   0.208E+09    99.8%
  6    0.1449E+09 0.1449E+09 +- 0.5541E+05      0.10
 Relative summed weights:
  0.4996E+00  0.0000E+00
  0.5004E+00  0.0000E+00
=======
Warning xbin not returning correct x   1  0.982215E+00  0.999976E+00  0.1374E-02
Warning xbin not returning correct x   1  0.967397E+00  0.999957E+00  0.1374E-02
 Iteration  3   Mean: 0.1467E+08 Abs mean: 0.1467E+08   Fluctuation:  0.656E+05   0.842E+08    94.9%
  3    0.1467E+08 0.1467E+08 +- 0.6559E+05      0.40
 Relative summed weights:
  0.5120E+00  0.0000E+00
  0.4880E+00  0.0000E+00
 Relative number of events:
  0.5112E+00  0.0000E+00
  0.4888E+00  0.0000E+00
 Events:
        4090           0
        3910           0
 Found          859  events.
 Wrote          854  events.
 Actual xsec    14655911.802995425     
 Correct abs xsec    14655911.802995425     
 Event xsec    14655911.802995393     
 Events wgts > 1:            0
 % Cross section > 1:    0.0000000000000000        0.0000000000000000     
 Checking number of events   4593.1627590587659              854  chi2:   0.15972278446931734     
 Found          859  events.
 Wrote          854  events.
 Actual xsec    14655911.802995425     
 Correct abs xsec    14655911.802995425     
 Event xsec    14655911.802995393     
 Events wgts > 1:            0
 % Cross section > 1:    0.0000000000000000        0.0000000000000000     
Warning xbin not returning correct x   1  0.967982E+00  0.999987E+00  0.4093E-03
Warning xbin not returning correct x   1  0.963909E+00  0.999986E+00  0.4093E-03
Warning xbin not returning correct x   1  0.998180E+00  0.999999E+00  0.4093E-03
Warning xbin not returning correct x   1  0.962646E+00  0.999985E+00  0.4093E-03
 Iteration  4   Mean: 0.1472E+08 Abs mean: 0.1472E+08   Fluctuation:  0.340E+05   0.256E+08    96.0%
  4    0.1472E+08 0.1472E+08 +- 0.3401E+05      0.29
 Relative summed weights:
  0.4972E+00  0.0000E+00
  0.5028E+00  0.0000E+00
 Relative number of events:
  0.4968E+00  0.0000E+00
  0.5032E+00  0.0000E+00
 Events:
        7948           0
        8052           0
 Found         1661  events.
 Wrote         1657  events.
 Actual xsec    14706986.040110812     
 Correct abs xsec    14706986.040110812     
 Event xsec    14706986.040110301     
 Events wgts > 1:            0
 % Cross section > 1:    0.0000000000000000        0.0000000000000000     
 Checking number of events   4609.1694249707280             1657  chi2:   0.49641613188812961     
 Found         1661  events.
 Wrote         1657  events.
 Actual xsec    14706986.040110812     
 Correct abs xsec    14706986.040110812     
 Event xsec    14706986.040110301     
 Events wgts > 1:            0
 % Cross section > 1:    0.0000000000000000        0.0000000000000000     
Warning xbin not returning correct x   1  0.994760E+00  0.999999E+00  0.1916E-03
Warning xbin not returning correct x   1  0.973177E+00  0.999995E+00  0.1916E-03
Warning xbin not returning correct x   1  0.963876E+00  0.999993E+00  0.1916E-03
Warning xbin not returning correct x   1  0.979947E+00  0.999996E+00  0.1916E-03
Warning xbin not returning correct x   1  0.971772E+00  0.999995E+00  0.1916E-03
Warning xbin still not working well. Last message this iteration.
 Iteration  5   Mean: 0.1468E+08 Abs mean: 0.1468E+08   Fluctuation:  0.338E+05   0.122E+09    95.6%
  5    0.1468E+08 0.1468E+08 +- 0.3384E+05      0.41
 Relative summed weights:
  0.5004E+00  0.0000E+00
  0.4996E+00  0.0000E+00
 Relative number of events:
  0.4998E+00  0.0000E+00
  0.5002E+00  0.0000E+00
 Events:
       15994           0
       16006           0
 Found         3343  events.
 Wrote         3340  events.
 Actual xsec    14697335.726848766     
 Correct abs xsec    14697335.726848766     
 Event xsec    14697335.726849942     
 Events wgts > 1:            0
 % Cross section > 1:    0.0000000000000000        0.0000000000000000     
 Checking number of events   4606.1450167944031             3340  chi2:   0.48499308640091299     
 Found         3343  events.
 Wrote         3340  events.
 Actual xsec    14697335.726848766     
 Correct abs xsec    14697335.726848766     
 Event xsec    14697335.726849942     
 Events wgts > 1:            0
 % Cross section > 1:    0.0000000000000000        0.0000000000000000     
Warning xbin not returning correct x   1  0.968662E+00  0.999995E+00  0.1541E-03
Warning xbin not returning correct x   1  0.994272E+00  0.999999E+00  0.1541E-03
Warning xbin not returning correct x   1  0.994057E+00  0.999999E+00  0.1541E-03
Warning xbin not returning correct x   1  0.994063E+00  0.999999E+00  0.1541E-03
Warning xbin not returning correct x   1  0.973568E+00  0.999996E+00  0.1541E-03
Warning xbin still not working well. Last message this iteration.
 Iteration  6   Mean: 0.1468E+08 Abs mean: 0.1468E+08   Fluctuation:  0.212E+05   0.701E+08    94.9%
  6    0.1468E+08 0.1468E+08 +- 0.2121E+05      0.37
 Relative summed weights:
  0.4994E+00  0.0000E+00
  0.5006E+00  0.0000E+00
>>>>>>> 911b5ec345c81b054214c521136984e9d6306827
 Relative number of events:
  0.4996E+00  0.0000E+00
  0.5004E+00  0.0000E+00
 Events:
<<<<<<< HEAD
       31977           0
       32023           0
 Found         6341  events.
 Wrote         6336  events.
 Actual xsec    144963930.63520446     
 Correct abs xsec    144963930.63520446     
 Event xsec    144963930.63520434     
 Events wgts > 1:            0
 % Cross section > 1:    0.0000000000000000        0.0000000000000000     
 Checking number of events   4624.7842790549284             6336  chi2:   0.16335078106565598     

 -------------------------------------------------------------------------------
 Accumulated results:   Integral =  0.1450E+09
                        Std dev  =  0.4287E+05
                       Cross sec =  0.4471E+00
             Chi**2 per DoF.     =
-------------------------------------------------
---------------------------
 Results Last   3 iters: Integral =   0.1450E+09
                     Abs integral =   0.1450E+09
                          Std dev =   0.4365E+05
                  Chi**2 per DoF. =      0.1634
-------------------------------------------------
---------------------------
 Status -3.19030000000000027E-005           7           9
 We found enough events        6336   4624.7842790549284     
=======
       31976           0
       32024           0
 Found         6704  events.
 Wrote         6700  events.
 Actual xsec    14691855.490078574     
 Correct abs xsec    14691855.490078574     
 Event xsec    14691855.490077160     
 Events wgts > 1:            0
 % Cross section > 1:    0.0000000000000000        0.0000000000000000     
 Checking number of events   4604.4275105906245             6700  chi2:   0.51894262408294478     

 -------------------------------------------------------------------------------
 Accumulated results:   Integral =  0.1469E+08
                        Std dev  =  0.1533E+05
                       Cross sec =  0.3410E+00
             Chi**2 per DoF.     =
-------------------------------------------------
---------------------------
 Results Last   3 iters: Integral =   0.1469E+08
                     Abs integral =   0.1469E+08
                          Std dev =   0.1589E+05
                  Chi**2 per DoF. =      0.5189
-------------------------------------------------
---------------------------
 Status -3.13399999999999974E-004           7           9
 We found enough events        6700   4604.4275105906245     
>>>>>>> 911b5ec345c81b054214c521136984e9d6306827

ls status:
events.lhe
ftn25
ftn26
input_sg.txt
moffset.dat
results.dat
run_01_ftn26.gz
run_01_log.txt
run_01_results.dat
run_02_ftn26.gz
run_02_log.txt
run_02_results.dat
run_03_ftn26.gz
run_03_log.txt
run_03_results.dat
run_04_ftn26.gz
run_04_log.txt
run_04_results.dat
<<<<<<< HEAD
run_05_ftn26.gz
run_05_log.txt
run_05_results.dat
run_06_ftn26.gz
run_06_log.txt
run_06_results.dat
run_08_ftn26.gz
run_08_log.txt
run_08_results.dat
run_09_ftn26.gz
run_09_log.txt
run_09_results.dat
run_10_ftn26.gz
run_10_log.txt
run_10_results.dat
=======
>>>>>>> 911b5ec345c81b054214c521136984e9d6306827
run1_app.log
