 Process in group number            1
 No PDF is used, alpha_s(MZ) from param_card is used
 Value of alpha_s from param_card:   0.11800000071525575     
 The default order of alpha_s running is fixed to            2
 Warning: pt or E min of a gamma should in general be >0
 *****************************************************
 *               MadGraph/MadEvent                   *
 *        --------------------------------           *
 *          http://madgraph.hep.uiuc.edu             *
 *          http://madgraph.phys.ucl.ac.be           *
 *          http://madgraph.roma2.infn.it            *
 *        --------------------------------           *
 *                                                   *
 *          PARAMETER AND COUPLING VALUES            *
 *                                                   *
 *****************************************************

  External Params
  ---------------------------------
  
 mdl_MB =    4.6999998092651367     
 mdl_MT =    173.00000000000000     
 mdl_MTA =    1.7769999504089355     
 mdl_MZ =    91.188003540039063     
 mdl_MH =    125.00000000000000     
 aEWM1 =    132.50700378417969     
 mdl_Gf =   1.16639000000000003E-005
 aS =   0.11800000071525575     
 mdl_ymb =    4.6999998092651367     
 mdl_ymt =    173.00000000000000     
 mdl_ymtau =    1.7769999504089355     
 mdl_WT =    1.4915000200271606     
 mdl_WZ =    2.4414041042327881     
 mdl_WW =    2.0476000308990479     
 mdl_WH =   6.38233916833996773E-003
  Internal Params
  ---------------------------------
  
 mdl_conjg__CKM3x3 =    1.0000000000000000     
 mdl_CKM3x3 =    1.0000000000000000     
 mdl_conjg__CKM1x1 =    1.0000000000000000     
 mdl_complexi =  (  0.0000000000000000     ,  1.0000000000000000     )
 mdl_MZ__exp__2 =    8315.2519896181766     
 mdl_MZ__exp__4 =    69143415.650849044     
 mdl_sqrt__2 =    1.4142135623730951     
 mdl_MH__exp__2 =    15625.000000000000     
 mdl_aEW =   7.54677089845565054E-003
 mdl_MW =    80.419007276179556     
 mdl_sqrt__aEW =   8.68721526063194194E-002
 mdl_ee =   0.30795376284704501     
 mdl_MW__exp__2 =    6467.2167312862202     
 mdl_sw2 =   0.22224645274001076     
 mdl_cw =   0.88190336616887299     
 mdl_sqrt__sw2 =   0.47143022043565552     
 mdl_sw =   0.47143022043565552     
 mdl_g1 =   0.34919218438279087     
 mdl_gw =   0.65323296958447097     
 mdl_vev =    246.21845810181631     
 mdl_vev__exp__2 =    60623.529110035874     
 mdl_lam =   0.12886910601690271     
 mdl_yb =   2.69955531549349904E-002
 mdl_yt =   0.99366614581500645     
 mdl_ytau =   1.02066167158167895E-002
 mdl_muH =    88.388347648318444     
 mdl_I1x33 =  ( 2.69955531549349904E-002,  0.0000000000000000     )
 mdl_I2x33 =  ( 0.99366614581500645     ,  0.0000000000000000     )
 mdl_I3x33 =  ( 0.99366614581500645     ,  0.0000000000000000     )
 mdl_I4x33 =  ( 2.69955531549349904E-002,  0.0000000000000000     )
 mdl_ee__exp__2 =   9.48355200516540348E-002
 mdl_sw__exp__2 =   0.22224645274001076     
 mdl_cw__exp__2 =   0.77775354725998924     
  Internal Params evaluated point by point
  ----------------------------------------
  
 mdl_sqrt__aS =   0.34351128178744839     
 mdl_G__exp__2 =    1.4828317414825511     
  Couplings of sm
  ---------------------------------
  
         GC_3 =  -0.00000E+00  -0.30795E+00
        GC_50 =  -0.00000E+00  -0.28804E+00
        GC_59 =   0.00000E+00   0.82310E-01

 Collider parameters:
 --------------------

 Running at e e   machine @    10.000000000000000       GeV
 PDF set = none   
 alpha_s(Mz)= 0.1180 running at 2 loops.
 alpha_s(Mz)= 0.1180 running at 2 loops.
 Renormalization scale set on event-by-event basis
 Factorization   scale set on event-by-event basis


 getting user params
Enter number of events and max and min iterations: 
 Number of events and iterations         1000           9           3
Enter desired fractional accuracy: 
 Desired fractional accuracy:  -1.10059999999999990E-009
Enter 0 for fixed, 2 for adjustable grid: 
Suppress amplitude (0 no, 1 yes)? 
 Using suppressed amplitude.
Exact helicity sum (0 yes, n = number/event)? 
 Explicitly summing over helicities
Enter Configuration Number: 
Running Configuration Number:    5
 Not subdividing B.W.
 Attempting mappinvarients           1           5
 Completed mapping           5
 about to integrate            5        1000           9           3           5           1
 Keeping grid fixed.
  5 dimensions   1000 events  5 invarients  9 iterations  1 config(s),  (0.99)
 Using h-tuple random number sequence.
 Grid read from file
 Grid defined OK
 Set CM energy to         10.00
 Mapping Graph           5  to config           5
 Warning: No cutoff for shat integral found
          Minimum set to   1.00000000000000002E-002
 No modification is setgrid, grid read from file
 Warning: No cutoff for shat integral found
          Minimum set to   1.00000000000000002E-002
 No modification is setgrid, grid read from file
 Masses: 0.000E+00 0.000E+00 0.000E+00 0.000E+00 0.000E+00
   5   1   2   3   4   5
 Got moffset          23
Using random seed offsets     5 :      1
  with seed                   48
 Ranmar initialization seeds       30238       21872
  Particle       3       4       5
      Et >     0.0    -1.0    -1.0
       E >     0.0     0.0     0.0
     Eta <    -1.0    -1.0    -1.0
   xqcut:      0.0     0.0     0.0
d R # 3  >    -0.0     0.4     0.4
d R # 4  >    -0.0    -0.0     0.0
s min # 3>     0.0     0.0     0.0
s min # 4>     0.0     0.0     0.0
xqcutij # 3>     0.0     0.0     0.0
xqcutij # 4>     0.0     0.0     0.0
 alpha_s for scale    2.2462720435844750       is   0.28321934413992855     
 Added good helicity            1   4.2322180633749689       in event            1
 Added good helicity            5   3.8138567461714570       in event            1
 Added good helicity           10   4.1036916854725929       in event            1
 Added good helicity           14   3.8501290231170726       in event            1
 Added good helicity           19   3.8502316009988840       in event            1
 Added good helicity           23   4.1037979982910517       in event            1
 Added good helicity           28   3.8138560908430197       in event            1
 Added good helicity           32   4.2322187905898394       in event            1
 Added good helicity           11  9.47967991167634918E-004  in event            3
 Added good helicity           15  1.00228407873678249E-003  in event            3
 Added good helicity           18  1.00228559323336424E-003  in event            3
 Added good helicity           22  9.47966558747282773E-004  in event            3
 Iteration  1   Mean: 0.3568E+07 Abs mean: 0.3568E+07   Fluctuation:  0.188E+07   0.183E+10    99.0%
  1    0.3568E+07 0.3568E+07 +- 0.1877E+07     16.63
 Writing out events   400.40577076051858        16.633316433451448     
 Relative summed weights:
  0.1000E+01  0.0000E+00
 Relative number of events:
  0.1000E+01  0.0000E+00
 Events:
        1000           0
 Iteration  2   Mean: 0.3693E+07 Abs mean: 0.3693E+07   Fluctuation:  0.122E+07   0.154E+10    98.4%
  2    0.3693E+07 0.3693E+07 +- 0.1222E+07     14.80
 Relative summed weights:
  0.1000E+01  0.0000E+00
 Relative number of events:
  0.1000E+01  0.0000E+00
 Events:
        2000           0
 Iteration  3   Mean: 0.1123E+10 Abs mean: 0.1123E+10   Fluctuation:  0.837E+09   0.300E+13    99.2%
  3    0.1123E+10 0.1123E+10 +- 0.8367E+09     47.13
 Relative summed weights:
  0.1000E+01  0.0000E+00
 Relative number of events:
  0.1000E+01  0.0000E+00
 Events:
        4000           0
 Found           90  events.
 Wrote            1  events.
 Actual xsec    142199605.97804618     
 Correct abs xsec    142199605.97804618     
 Event xsec    142199605.97804618     
 Events wgts > 1:            1
 % Cross section > 1:    3.5393017530441284       2.48896734185786123E-006
 Checking number of events  0.15650488633943760                1  chi2:    9152.8726291242328     
 Found           90  events.
 Wrote            2  events.
 Actual xsec    142199605.97804618     
 Correct abs xsec    142199605.97804618     
 Event xsec    142199605.97804618     
 Events wgts > 1:            1
 % Cross section > 1:    1.7696509063243866       1.24448369188702151E-006
 Iteration  4   Mean: 0.1222E+09 Abs mean: 0.1222E+09   Fluctuation:  0.968E+08   0.769E+12    99.1%
  4    0.1222E+09 0.1222E+09 +- 0.9677E+08     70.86
 Relative summed weights:
  0.1000E+01  0.0000E+00
 Relative number of events:
  0.1000E+01  0.0000E+00
 Events:
        8000           0
 Found           16  events.
 Wrote            1  events.
 Actual xsec    179641128.80177376     
 Correct abs xsec    179641128.80177376     
 Event xsec    179641128.80177376     
 Events wgts > 1:            0
 % Cross section > 1:    0.0000000000000000        0.0000000000000000     
 Checking number of events  0.19771302635923219                1  chi2:    10367.160155011818     
 Found           16  events.
 Wrote            1  events.
 Actual xsec    179641128.80177376     
 Correct abs xsec    179641128.80177376     
 Event xsec    179641128.80177376     
 Events wgts > 1:            0
 % Cross section > 1:    0.0000000000000000        0.0000000000000000     
 Iteration  5   Mean: 0.1381E+09 Abs mean: 0.1381E+09   Fluctuation:  0.126E+09   0.201E+13    99.2%
  5    0.1381E+09 0.1381E+09 +- 0.1259E+09    115.24
 Relative summed weights:
  0.1000E+01  0.0000E+00
 Relative number of events:
  0.1000E+01  0.0000E+00
 Events:
       16000           0
 Found           47  events.
 Wrote            1  events.
 Actual xsec    518256249.04521519     
 Correct abs xsec    518256249.04521519     
 Event xsec    518256249.04521519     
 Events wgts > 1:            0
 % Cross section > 1:    0.0000000000000000        0.0000000000000000     
 Checking number of events  0.57039282769916377                1  chi2:    13.198877670552408     
 Found           47  events.
 Wrote            1  events.
 Actual xsec    518256249.04521519     
 Correct abs xsec    518256249.04521519     
 Event xsec    518256249.04521519     
 Events wgts > 1:            0
 % Cross section > 1:    0.0000000000000000        0.0000000000000000     
 Iteration  6   Mean: 0.5490E+08 Abs mean: 0.5490E+08   Fluctuation:  0.278E+08   0.798E+12    99.1%
  6    0.5490E+08 0.5490E+08 +- 0.2780E+08     90.59
 Relative summed weights:
  0.1000E+01  0.0000E+00
 Relative number of events:
  0.1000E+01  0.0000E+00
 Events:
       32000           0
 Found           95  events.
 Wrote            2  events.
 Actual xsec    85874024.246300265     
 Correct abs xsec    85874024.246300265     
 Event xsec    85874024.246300265     
 Events wgts > 1:            0
 % Cross section > 1:    0.0000000000000000        0.0000000000000000     
 Checking number of events  9.45129510854780669E-002           2  chi2:   0.77704861962777461     

 -------------------------------------------------------------------------------
 Accumulated results:   Integral =  0.1244E+09
                        Std dev  =  0.2700E+08
                       Cross sec =  0.2584E+02
             Chi**2 per DoF.     =
-------------------------------------------------
---------------------------
 Results Last   3 iters: Integral =   0.8587E+08
                     Abs integral =   0.8587E+08
                          Std dev =   0.3318E+08
                  Chi**2 per DoF. =      0.7770
-------------------------------------------------
---------------------------
 Status -1.10059999999999990E-009           7           9
 We found enough events           2  9.45129510854780669E-002

ls status:
events.lhe
ftn25
ftn26
input_sg.txt
log.txt
moffset.dat
results.dat
run1_app.log
