 Process in group number            1
 No PDF is used, alpha_s(MZ) from param_card is used
 Value of alpha_s from param_card:   0.11800000071525575     
 The default order of alpha_s running is fixed to            2
 Warning: pt or E min of a gamma should in general be >0
 *****************************************************
 *               MadGraph/MadEvent                   *
 *        --------------------------------           *
 *          http://madgraph.hep.uiuc.edu             *
 *          http://madgraph.phys.ucl.ac.be           *
 *          http://madgraph.roma2.infn.it            *
 *        --------------------------------           *
 *                                                   *
 *          PARAMETER AND COUPLING VALUES            *
 *                                                   *
 *****************************************************

  External Params
  ---------------------------------
  
 mdl_MB =    4.6999998092651367     
 mdl_MT =    173.00000000000000     
 mdl_MTA =    1.7769999504089355     
 mdl_MZ =    91.188003540039063     
 mdl_MH =    125.00000000000000     
 aEWM1 =    132.50700378417969     
 mdl_Gf =   1.16639000000000003E-005
 aS =   0.11800000071525575     
 mdl_ymb =    4.6999998092651367     
 mdl_ymt =    173.00000000000000     
 mdl_ymtau =    1.7769999504089355     
 mdl_WT =    1.4915000200271606     
 mdl_WZ =    2.4414041042327881     
 mdl_WW =    2.0476000308990479     
 mdl_WH =   6.38233916833996773E-003
  Internal Params
  ---------------------------------
  
 mdl_conjg__CKM3x3 =    1.0000000000000000     
 mdl_CKM3x3 =    1.0000000000000000     
 mdl_conjg__CKM1x1 =    1.0000000000000000     
 mdl_complexi =  (  0.0000000000000000     ,  1.0000000000000000     )
 mdl_MZ__exp__2 =    8315.2519896181766     
 mdl_MZ__exp__4 =    69143415.650849044     
 mdl_sqrt__2 =    1.4142135623730951     
 mdl_MH__exp__2 =    15625.000000000000     
 mdl_aEW =   7.54677089845565054E-003
 mdl_MW =    80.419007276179556     
 mdl_sqrt__aEW =   8.68721526063194194E-002
 mdl_ee =   0.30795376284704501     
 mdl_MW__exp__2 =    6467.2167312862202     
 mdl_sw2 =   0.22224645274001076     
 mdl_cw =   0.88190336616887299     
 mdl_sqrt__sw2 =   0.47143022043565552     
 mdl_sw =   0.47143022043565552     
 mdl_g1 =   0.34919218438279087     
 mdl_gw =   0.65323296958447097     
 mdl_vev =    246.21845810181631     
 mdl_vev__exp__2 =    60623.529110035874     
 mdl_lam =   0.12886910601690271     
 mdl_yb =   2.69955531549349904E-002
 mdl_yt =   0.99366614581500645     
 mdl_ytau =   1.02066167158167895E-002
 mdl_muH =    88.388347648318444     
 mdl_I1x33 =  ( 2.69955531549349904E-002,  0.0000000000000000     )
 mdl_I2x33 =  ( 0.99366614581500645     ,  0.0000000000000000     )
 mdl_I3x33 =  ( 0.99366614581500645     ,  0.0000000000000000     )
 mdl_I4x33 =  ( 2.69955531549349904E-002,  0.0000000000000000     )
 mdl_ee__exp__2 =   9.48355200516540348E-002
 mdl_sw__exp__2 =   0.22224645274001076     
 mdl_cw__exp__2 =   0.77775354725998924     
  Internal Params evaluated point by point
  ----------------------------------------
  
 mdl_sqrt__aS =   0.34351128178744839     
 mdl_G__exp__2 =    1.4828317414825511     
  Couplings of sm
  ---------------------------------
  
         GC_3 =  -0.00000E+00  -0.30795E+00
        GC_50 =  -0.00000E+00  -0.28804E+00
        GC_59 =   0.00000E+00   0.82310E-01

 Collider parameters:
 --------------------

 Running at e e   machine @    10.000000000000000       GeV
 PDF set = none   
 alpha_s(Mz)= 0.1180 running at 2 loops.
 alpha_s(Mz)= 0.1180 running at 2 loops.
 Renormalization scale set on event-by-event basis
 Factorization   scale set on event-by-event basis


 getting user params
Enter number of events and max and min iterations: 
 Number of events and iterations         1000           9           3
Enter desired fractional accuracy: 
 Desired fractional accuracy:  -1.10059999999999990E-009
Enter 0 for fixed, 2 for adjustable grid: 
Suppress amplitude (0 no, 1 yes)? 
 Using suppressed amplitude.
Exact helicity sum (0 yes, n = number/event)? 
 Explicitly summing over helicities
Enter Configuration Number: 
Running Configuration Number:    5
 Not subdividing B.W.
 Attempting mappinvarients           1           5
 Completed mapping           5
 about to integrate            5        1000           9           3           5           1
 Keeping grid fixed.
  5 dimensions   1000 events  5 invarients  9 iterations  1 config(s),  (0.99)
 Using h-tuple random number sequence.
 Grid read from file
 Grid defined OK
 Set CM energy to         10.00
 Mapping Graph           5  to config           5
 Warning: No cutoff for shat integral found
          Minimum set to   1.00000000000000002E-002
 No modification is setgrid, grid read from file
 Warning: No cutoff for shat integral found
          Minimum set to   1.00000000000000002E-002
 No modification is setgrid, grid read from file
 Masses: 0.000E+00 0.000E+00 0.000E+00 0.000E+00 0.000E+00
   5   1   2   3   4   5
 Got moffset          21
Using random seed offsets     5 :      1
  with seed                   48
 Ranmar initialization seeds       30238       15558
  Particle       3       4       5
      Et >     0.0    -1.0    -1.0
       E >     0.0     0.0     0.0
     Eta <    -1.0    -1.0    -1.0
   xqcut:      0.0     0.0     0.0
d R # 3  >    -0.0     0.4     0.4
d R # 4  >    -0.0    -0.0     0.0
s min # 3>     0.0     0.0     0.0
s min # 4>     0.0     0.0     0.0
xqcutij # 3>     0.0     0.0     0.0
xqcutij # 4>     0.0     0.0     0.0
 alpha_s for scale    2.2360682698302230       is   0.28377209575928819     
 Added good helicity            1   6.7971718942171897       in event            1
 Added good helicity            5   1.2028295465010734       in event            1
 Added good helicity           10   6.7971683682726249       in event            1
 Added good helicity           14   1.2028301910077859       in event            1
 Added good helicity           19   1.2028301910081549       in event            1
 Added good helicity           23   6.7971683682749005       in event            1
 Added good helicity           28   1.2028295465010734       in event            1
 Added good helicity           32   6.7971718942171968       in event            1
 Iteration  1   Mean: 0.4518E+14 Abs mean: 0.4518E+14   Fluctuation:  0.238E+14   0.210E+17    98.8%
  1    0.4518E+14 0.4518E+14 +- 0.2378E+14     16.64
 Writing out events   5080243724.5682783        16.642619243707156     
 Relative summed weights:
  0.1000E+01  0.0000E+00
 Relative number of events:
  0.1000E+01  0.0000E+00
 Events:
        1000           0
 Iteration  2   Mean: 0.9859E+14 Abs mean: 0.9859E+14   Fluctuation:  0.596E+14   0.107E+18    98.8%
  2    0.9859E+14 0.9859E+14 +- 0.5963E+14     27.05
 Relative summed weights:
  0.1000E+01  0.0000E+00
 Relative number of events:
  0.1000E+01  0.0000E+00
 Events:
        2000           0
 Iteration  3   Mean: 0.4719E+14 Abs mean: 0.4719E+14   Fluctuation:  0.178E+14   0.500E+17    98.8%
  3    0.4719E+14 0.4719E+14 +- 0.1779E+14     23.85
 Relative summed weights:
  0.1000E+01  0.0000E+00
 Relative number of events:
  0.1000E+01  0.0000E+00
 Events:
        4000           0
 Found           52  events.
 Wrote            5  events.
 Actual xsec    57152213298561.656     
 Correct abs xsec    57152213298561.656     
 Event xsec    57152213298561.664     
 Events wgts > 1:            1
 % Cross section > 1:    65263.724609375000       1.14192820964673771E-007
 Checking number of events   62901.725956396956                5  chi2:   0.52506898835983584     
 Found           52  events.
 Wrote            5  events.
 Actual xsec    57152213298561.656     
 Correct abs xsec    57152213298561.656     
 Event xsec    57152213298561.664     
 Events wgts > 1:            1
 % Cross section > 1:    65263.724609375000       1.14192820964673771E-007
 Iteration  4   Mean: 0.6824E+16 Abs mean: 0.6824E+16   Fluctuation:  0.648E+16   0.518E+20    98.3%
  4    0.6824E+16 0.6824E+16 +- 0.6483E+16     84.97
 Relative summed weights:
  0.1000E+01  0.0000E+00
 Relative number of events:
  0.1000E+01  0.0000E+00
 Events:
        8000           0
 Found          208  events.
 Wrote            1  events.
 Actual xsec    750702337292228.13     
 Correct abs xsec    750702337292228.13     
 Event xsec    750702337292228.13     
 Events wgts > 1:            1
 % Cross section > 1:    40507028.750000000       5.39588419240950202E-006
 Checking number of events   826222.99242382625                1  chi2:    841.75441007385416     
 Found          208  events.
 Wrote            1  events.
 Actual xsec    750702337292228.13     
 Correct abs xsec    750702337292228.13     
 Event xsec    750702337292228.13     
 Events wgts > 1:            1
 % Cross section > 1:    40507028.750000000       5.39588419240950202E-006
 Iteration  5   Mean: 0.2152E+15 Abs mean: 0.2152E+15   Fluctuation:  0.144E+15   0.228E+19    98.5%
  5    0.2152E+15 0.2152E+15 +- 0.1438E+15     84.56
 Relative summed weights:
  0.1000E+01  0.0000E+00
 Relative number of events:
  0.1000E+01  0.0000E+00
 Events:
       16000           0
 Found           16  events.
 Wrote            2  events.
 Actual xsec    807034942840125.75     
 Correct abs xsec    807034942840125.75     
 Event xsec    807034942840125.88     
 Events wgts > 1:            1
 % Cross section > 1:    59323643.125000000       7.35081468916669377E-006
 Checking number of events   888222.65808984230                2  chi2:    920.57089063335536     
 Found           16  events.
 Wrote            1  events.
 Actual xsec    807034942840125.75     
 Correct abs xsec    807034942840125.75     
 Event xsec    807034942840125.75     
 Events wgts > 1:            1
 % Cross section > 1:    118647277.50000000       1.47016282941176337E-005
 Iteration  6   Mean: 0.2195E+16 Abs mean: 0.2195E+16   Fluctuation:  0.202E+16   0.645E+20    98.5%
  6    0.2195E+16 0.2195E+16 +- 0.2017E+16    164.37
 Relative summed weights:
  0.1000E+01  0.0000E+00
 Relative number of events:
  0.1000E+01  0.0000E+00
 Events:
       32000           0
 Found          267  events.
 Wrote            1  events.
 Actual xsec    2349388949187018.5     
 Correct abs xsec    2349388949187018.5     
 Event xsec    2349388949187018.5     
 Events wgts > 1:            0
 % Cross section > 1:    0.0000000000000000        0.0000000000000000     
 Checking number of events   2585737.4774752324                1  chi2:    110.30015936948124     
 Found          267  events.
 Wrote            1  events.
 Actual xsec    2349388949187018.5     
 Correct abs xsec    2349388949187018.5     
 Event xsec    2349388949187018.5     
 Events wgts > 1:            0
 % Cross section > 1:    0.0000000000000000        0.0000000000000000     
 Error in matrix element
 Iteration  7   Mean: 0.1125E+16 Abs mean: 0.1125E+16   Fluctuation:  0.992E+15   0.634E+20    98.5%
  7    0.1125E+16 0.1125E+16 +- 0.9918E+15    222.96
 Relative summed weights:
  0.1000E+01  0.0000E+00
 Relative number of events:
  0.1000E+01  0.0000E+00
 Events:
       64000           0
 Found          145  events.
 Wrote            1  events.
 Actual xsec    961923664811964.88     
 Correct abs xsec    961923664811964.88     
 Event xsec    961923664811964.88     
 Events wgts > 1:            1
 % Cross section > 1:    67320210.500000000       6.99849821380157372E-006
 Checking number of events   1058693.1854920485                1  chi2:    13.674348169256538     
 Found          145  events.
 Wrote            1  events.
 Actual xsec    961923664811964.88     
 Correct abs xsec    961923664811964.88     
 Event xsec    961923664811964.88     
 Events wgts > 1:            1
 % Cross section > 1:    67320210.500000000       6.99849821380157372E-006
 Error in matrix element
 Iteration  8   Mean: 0.1577E+16 Abs mean: 0.1577E+16   Fluctuation:  0.120E+16   0.152E+21    98.6%
  8    0.1577E+16 0.1577E+16 +- 0.1202E+16    272.80
 Relative summed weights:
  0.1000E+01  0.0000E+00
 Relative number of events:
  0.1000E+01  0.0000E+00
 Events:
      128000           0
 Found          426  events.
 Wrote            1  events.
 Actual xsec    1612746320843399.3     
 Correct abs xsec    1612746320843399.3     
 Event xsec    1612746320843399.3     
 Events wgts > 1:            1
 % Cross section > 1:    408672171.75000000       2.53401397645899751E-005
 Checking number of events   1774988.6007202452                1  chi2:   0.16288151739734311     
 Found          426  events.
 Wrote            1  events.
 Actual xsec    1612746320843399.3     
 Correct abs xsec    1612746320843399.3     
 Event xsec    1612746320843399.3     
 Events wgts > 1:            1
 % Cross section > 1:    408672171.75000000       2.53401397645899751E-005
 Error in matrix element
 Iteration  9   Mean: 0.3688E+17 Abs mean: 0.3688E+17   Fluctuation:  0.352E+17   0.902E+22    98.5%
  9    0.3688E+17 0.3688E+17 +- 0.3523E+17    483.36
 Relative summed weights:
  0.1000E+01  0.0000E+00
 Relative number of events:
  0.1000E+01  0.0000E+00
 Events:
      256000           0
 Found          673  events.
 Wrote            1  events.
 Actual xsec    10863097569669678.     
 Correct abs xsec    10863097569669678.     
 Event xsec    10863097569669678.     
 Events wgts > 1:            0
 % Cross section > 1:    0.0000000000000000        0.0000000000000000     
 Checking number of events   11955925.185178446                1  chi2:    78.311220056530345     
 Found          673  events.
 Wrote            1  events.
 Actual xsec    10863097569669678.     
 Correct abs xsec    10863097569669678.     
 Event xsec    10863097569669678.     
 Events wgts > 1:            0
 % Cross section > 1:    0.0000000000000000        0.0000000000000000     

 -------------------------------------------------------------------------------
 Accumulated results:   Integral =  0.2543E+16
                        Std dev  =  0.5422E+15
                       Cross sec =  0.2543E+16
             Chi**2 per DoF.     =     27.2728
 -------------------------------------------------------------------------------
-------------------------------------------------
---------------------------
 Results Last   3 iters: Integral =   0.1086E+17
                     Abs integral =   0.1086E+17
                          Std dev =   0.5363E+16
                  Chi**2 per DoF. =     78.3112
-------------------------------------------------
---------------------------
 Status -1.10059999999999990E-009          10           9
 Trying w/ fresh grid
 Starting w/ ncall =         4000
 Keeping grid fixed.
  5 dimensions   4000 events  5 invarients  8 iterations  1 config(s),  (0.99)
 Using h-tuple random number sequence.
 Error opening grid
 Using Uniform Grid!
 Using uniform alpha   1.0000000000000000     
 Grid defined OK
 Warning: No cutoff for shat integral found
          Minimum set to   1.00000000000000002E-002
Setting grid   1    0.10000E-01   1
 Warning: No cutoff for shat integral found
          Minimum set to   1.00000000000000002E-002
Setting grid   2    0.10000E-01   1
 Iteration  1   Mean: 0.2826E+05 Abs mean: 0.2826E+05   Fluctuation:  0.107E+05   0.310E+08    98.0%
  1    0.2826E+05 0.2826E+05 +- 0.1074E+05     24.04
 Relative summed weights:
  0.1000E+01  0.0000E+00
 Relative number of events:
  0.1000E+01  0.0000E+00
 Events:
        4000           0
 Iteration  2   Mean: 0.6949E+05 Abs mean: 0.6949E+05   Fluctuation:  0.334E+05   0.255E+09    98.7%
  2    0.6949E+05 0.6949E+05 +- 0.3337E+05     42.95
 Relative summed weights:
  0.1000E+01  0.0000E+00
 Relative number of events:
  0.1000E+01  0.0000E+00
 Events:
        8000           0
 Iteration  3   Mean: 0.3031E+06 Abs mean: 0.3031E+06   Fluctuation:  0.698E+05   0.900E+09    99.0%
  3    0.3031E+06 0.3031E+06 +- 0.6985E+05     29.15
 Relative summed weights:
  0.1000E+01  0.0000E+00
 Relative number of events:
  0.1000E+01  0.0000E+00
 Events:
       16000           0
 Found          867  events.
 Wrote            7  events.
 Actual xsec    206229.43181256304     
 Correct abs xsec    206229.43181256304     
 Event xsec    206229.43181256304     
 Events wgts > 1:            1
 % Cross section > 1:   3.50845768844010308E-003  1.70124004978535521E-006
 Checking number of events  2.26976112652906850E-004           7  chi2:    146.58187118247656     
 Found          867  events.
 Wrote            7  events.
 Actual xsec    206229.43181256304     
 Correct abs xsec    206229.43181256304     
 Event xsec    206229.43181256304     
 Events wgts > 1:            1
 % Cross section > 1:   3.50845768844010308E-003  1.70124004978535521E-006
 Iteration  4   Mean: 0.4424E+09 Abs mean: 0.4424E+09   Fluctuation:  0.336E+09   0.105E+14    99.2%
  4    0.4424E+09 0.4424E+09 +- 0.3364E+09    136.00
 Relative summed weights:
  0.1000E+01  0.0000E+00
 Relative number of events:
  0.1000E+01  0.0000E+00
 Events:
       32000           0
 Found         2352  events.
 Wrote            2  events.
 Actual xsec    30977526.666118588     
 Correct abs xsec    30977526.666118588     
 Event xsec    30977526.666118592     
 Events wgts > 1:            1
 % Cross section > 1:   0.23771329596638680       7.67373388225935110E-007
 Checking number of events  3.40938658487301149E-002           2  chi2:    525496.47067464492     
 Found         2352  events.
 Wrote            1  events.
 Actual xsec    30977526.666118588     
 Correct abs xsec    30977526.666118588     
 Event xsec    30977526.666118588     
 Events wgts > 1:            1
 % Cross section > 1:   0.47542658448219299       1.53474675240030340E-006
 Iteration  5   Mean: 0.2736E+09 Abs mean: 0.2736E+09   Fluctuation:  0.861E+08   0.524E+13    99.5%
  5    0.2736E+09 0.2736E+09 +- 0.8606E+08     79.58
 Relative summed weights:
  0.1000E+01  0.0000E+00
 Relative number of events:
  0.1000E+01  0.0000E+00
 Events:
       64000           0
 Found          566  events.
 Wrote            1  events.
 Actual xsec    115291123.44077624     
 Correct abs xsec    115291123.44077624     
 Event xsec    115291123.44077624     
 Events wgts > 1:            1
 % Cross section > 1:    36.787417054176331       3.19082822304820473E-005
 Checking number of events  0.12688941045891833                1  chi2:    1355039.2249637081     
 Found          566  events.
 Wrote            3  events.
 Actual xsec    115291123.44077624     
 Correct abs xsec    115291123.44077624     
 Event xsec    115291123.44077626     
 Events wgts > 1:            1
 % Cross section > 1:    12.262474961578846       1.06360963408236188E-005
 Fixing grid
 Iteration  6   Mean: 0.3844E+11 Abs mean: 0.3844E+11   Fluctuation:  0.242E+11   0.254E+16    99.4%
  6    0.3844E+11 0.3844E+11 +- 0.2418E+11    225.05
 Relative summed weights:
  0.1000E+01  0.0000E+00
 Relative number of events:
  0.1000E+01  0.0000E+00
 Events:
      128000           0
 Found         6261  events.
 Wrote            3  events.
 Actual xsec    7009556942.1280127     
 Correct abs xsec    7009556942.1280127     
 Event xsec    7009556942.1280127     
 Events wgts > 1:            1
 % Cross section > 1:    90.067576885223389       1.28492539013286068E-006
 Checking number of events   7.7147183705060902                3  chi2:    3254.2651137290923     
 Found         6261  events.
 Wrote            3  events.
 Actual xsec    7009556942.1280127     
 Correct abs xsec    7009556942.1280127     
 Event xsec    7009556942.1280127     
 Events wgts > 1:            1
 % Cross section > 1:    90.067576885223389       1.28492539013286068E-006
 Iteration  7   Mean: 0.7217E+10 Abs mean: 0.7217E+10   Fluctuation:  0.255E+10   0.571E+15    99.4%
  7    0.7217E+10 0.7217E+10 +- 0.2546E+10    178.47
 Relative summed weights:
  0.1000E+01  0.0000E+00
 Relative number of events:
  0.1000E+01  0.0000E+00
 Events:
      256000           0
 Found          541  events.
 Wrote            3  events.
 Actual xsec    7640051967.5496130     
 Correct abs xsec    7640051967.5496130     
 Event xsec    7640051967.5496120     
 Events wgts > 1:            1
 % Cross section > 1:    356.05532312393188       4.66037828847555850E-006
 Checking number of events   8.4086411954851030                3  chi2:    3663.8487627089748     
 Found          541  events.
 Wrote            3  events.
 Actual xsec    7640051967.5496130     
 Correct abs xsec    7640051967.5496130     
 Event xsec    7640051967.5496120     
 Events wgts > 1:            1
 % Cross section > 1:    356.05532312393188       4.66037828847555850E-006
 Iteration  8   Mean: 0.1442E+11 Abs mean: 0.1442E+11   Fluctuation:  0.672E+10   0.326E+16    99.4%
  8    0.1442E+11 0.1442E+11 +- 0.6720E+10    333.36
 Relative summed weights:
  0.1000E+01  0.0000E+00
 Relative number of events:
  0.1000E+01  0.0000E+00
 Events:
      512000           0
 Found         3393  events.
 Wrote            1  events.
 Actual xsec    2941232369361179.0     
 Correct abs xsec    2941232369361179.0     
 Event xsec    2941232369361179.0     
 Events wgts > 1:            1
 % Cross section > 1:    37447936.500000000       1.27320564298472988E-006
 Checking number of events   16.076213880829037                1  chi2:    4.6982179673117184     
 Found         3393  events.
 Wrote            1  events.
 Actual xsec    2941232369361179.0     
 Correct abs xsec    2941232369361179.0     
 Event xsec    2941232369361179.0     
 Events wgts > 1:            1
 % Cross section > 1:    37447936.500000000       1.27320564298472988E-006

 -------------------------------------------------------------------------------
 Accumulated results:   Integral =  0.3943E+10
                        Std dev  =  0.5218E+09
                       Cross sec =  0.3943E+10
             Chi**2 per DoF.     =     38.8190
 -------------------------------------------------------------------------------
-------------------------------------------------
---------------------------
 Results Last   3 iters: Integral =   0.1461E+11
                     Abs integral =   0.1461E+11
                         Std dev =   0.3750E+10
                 Chi**2 per DoF. =      4.6982
-------------------------------------------------
---------------------------

ls status:
events.lhe
ftn25
ftn26
input_sg.txt
log.txt
moffset.dat
results.dat
run1_app.log
