 Process in group number            1
 No PDF is used, alpha_s(MZ) from param_card is used
 Value of alpha_s from param_card:   0.11800000071525575     
 The default order of alpha_s running is fixed to            2
 Warning: pt or E min of a gamma should in general be >0
 *****************************************************
 *               MadGraph/MadEvent                   *
 *        --------------------------------           *
 *          http://madgraph.hep.uiuc.edu             *
 *          http://madgraph.phys.ucl.ac.be           *
 *          http://madgraph.roma2.infn.it            *
 *        --------------------------------           *
 *                                                   *
 *          PARAMETER AND COUPLING VALUES            *
 *                                                   *
 *****************************************************

  External Params
  ---------------------------------
  
 mdl_MB =    4.6999998092651367     
 mdl_MT =    173.00000000000000     
 mdl_MTA =    1.7769999504089355     
 mdl_MZ =    91.188003540039063     
 mdl_MH =    125.00000000000000     
 aEWM1 =    132.50700378417969     
 mdl_Gf =   1.16639000000000003E-005
 aS =   0.11800000071525575     
 mdl_ymb =    4.6999998092651367     
 mdl_ymt =    173.00000000000000     
 mdl_ymtau =    1.7769999504089355     
 mdl_WT =    1.4915000200271606     
 mdl_WZ =    2.4414041042327881     
 mdl_WW =    2.0476000308990479     
 mdl_WH =   6.38233916833996773E-003
  Internal Params
  ---------------------------------
  
 mdl_conjg__CKM3x3 =    1.0000000000000000     
 mdl_CKM3x3 =    1.0000000000000000     
 mdl_conjg__CKM1x1 =    1.0000000000000000     
 mdl_complexi =  (  0.0000000000000000     ,  1.0000000000000000     )
 mdl_MZ__exp__2 =    8315.2519896181766     
 mdl_MZ__exp__4 =    69143415.650849044     
 mdl_sqrt__2 =    1.4142135623730951     
 mdl_MH__exp__2 =    15625.000000000000     
 mdl_aEW =   7.54677089845565054E-003
 mdl_MW =    80.419007276179556     
 mdl_sqrt__aEW =   8.68721526063194194E-002
 mdl_ee =   0.30795376284704501     
 mdl_MW__exp__2 =    6467.2167312862202     
 mdl_sw2 =   0.22224645274001076     
 mdl_cw =   0.88190336616887299     
 mdl_sqrt__sw2 =   0.47143022043565552     
 mdl_sw =   0.47143022043565552     
 mdl_g1 =   0.34919218438279087     
 mdl_gw =   0.65323296958447097     
 mdl_vev =    246.21845810181631     
 mdl_vev__exp__2 =    60623.529110035874     
 mdl_lam =   0.12886910601690271     
 mdl_yb =   2.69955531549349904E-002
 mdl_yt =   0.99366614581500645     
 mdl_ytau =   1.02066167158167895E-002
 mdl_muH =    88.388347648318444     
 mdl_I1x33 =  ( 2.69955531549349904E-002,  0.0000000000000000     )
 mdl_I2x33 =  ( 0.99366614581500645     ,  0.0000000000000000     )
 mdl_I3x33 =  ( 0.99366614581500645     ,  0.0000000000000000     )
 mdl_I4x33 =  ( 2.69955531549349904E-002,  0.0000000000000000     )
 mdl_ee__exp__2 =   9.48355200516540348E-002
 mdl_sw__exp__2 =   0.22224645274001076     
 mdl_cw__exp__2 =   0.77775354725998924     
  Internal Params evaluated point by point
  ----------------------------------------
  
 mdl_sqrt__aS =   0.34351128178744839     
 mdl_G__exp__2 =    1.4828317414825511     
  Couplings of sm
  ---------------------------------
  
         GC_3 =  -0.00000E+00  -0.30795E+00
        GC_50 =  -0.00000E+00  -0.28804E+00
        GC_59 =   0.00000E+00   0.82310E-01

 Collider parameters:
 --------------------

 Running at e e   machine @    10.000000000000000       GeV
 PDF set = none   
 alpha_s(Mz)= 0.1180 running at 2 loops.
 alpha_s(Mz)= 0.1180 running at 2 loops.
 Renormalization scale set on event-by-event basis
 Factorization   scale set on event-by-event basis


 getting user params
Enter number of events and max and min iterations: 
 Number of events and iterations         1000           5           3
Enter desired fractional accuracy: 
 Desired fractional accuracy:   0.10000000000000001     
Enter 0 for fixed, 2 for adjustable grid: 
Suppress amplitude (0 no, 1 yes)? 
 Using suppressed amplitude.
Exact helicity sum (0 yes, n = number/event)? 
 Explicitly summing over helicities
Enter Configuration Number: 
Running Configuration Number:    2
 Using dconfig=           2
 BW Setting            2           0           0
 Attempting mappinvarients           1           5
 Completed mapping           5
 about to integrate            5        1000           5           3           5           1
 Using non-zero grid deformation.
  5 dimensions   1000 events  5 invarients  5 iterations  1 config(s),  (0.99)
 Using h-tuple random number sequence.
 Error opening grid
 Using Uniform Grid!
 Using uniform alpha   1.0000000000000000     
 Grid defined OK
 Set CM energy to         10.00
 Mapping Graph           2  to config           2
Setting grid   1    0.10000E-01   1
Setting grid   2    0.10000E-01   1
 Masses: 0.000E+00 0.000E+00 0.000E+00 0.000E+00 0.000E+00
   2   1   2   3   4   5
Using random seed offsets     2 :      1
  with seed                   42
 Ranmar initialization seeds       22921        9417
  Particle       3       4       5
      Et >     0.0    -1.0    -1.0
       E >     0.0     0.0     0.0
     Eta <    -1.0    -1.0    -1.0
   xqcut:      0.0     0.0     0.0
d R # 3  >    -0.0     0.4     0.4
d R # 4  >    -0.0    -0.0     0.0
s min # 3>     0.0     0.0     0.0
s min # 4>     0.0     0.0     0.0
xqcutij # 3>     0.0     0.0     0.0
xqcutij # 4>     0.0     0.0     0.0
 Excluding BW           -2           1
 alpha_s for scale    2.2537803613244325       is   0.28281558477120372     
 Added good helicity            1   5.8863502149384530       in event            1
 Added good helicity            5   4.0948881212987871       in event            1
 Added good helicity           10   2.6819735967750664       in event            1
 Added good helicity           11  1.46336431238323537E-003  in event            1
 Added good helicity           14   3.3307104704487775       in event            1
 Added good helicity           15  6.16321626687531699E-004  in event            1
 Added good helicity           18  6.16285154171955312E-004  in event            1
 Added good helicity           19   3.3351141280580143       in event            1
 Added good helicity           22  1.46345091608821769E-003  in event            1
 Added good helicity           23   2.6855738321697715       in event            1
 Added good helicity           28   4.0949066865324797       in event            1
 Added good helicity           32   5.8863235277693153       in event            1
 Iteration  1   Mean: 0.5495E-03 Abs mean: 0.5495E-03   Fluctuation:  0.499E-04   0.195E-01    95.9%
  1    0.5495E-03 0.5495E-03 +- 0.4992E-04      2.87
 Writing out events  1.14630791295760055E-007   2.8727670097426081     
 Relative summed weights:
  0.5523E+00  0.0000E+00
  0.4477E+00  0.0000E+00
 Relative number of events:
  0.5020E+00  0.0000E+00
  0.4980E+00  0.0000E+00
 Events:
         502           0
         498           0
 Iteration  2   Mean: 0.8313E-03 Abs mean: 0.8313E-03   Fluctuation:  0.764E-04   0.715E-01    95.6%
  2    0.8313E-03 0.8313E-03 +- 0.7640E-04      4.11
 Relative summed weights:
  0.4824E+00  0.0000E+00
  0.5176E+00  0.0000E+00
 Relative number of events:
  0.5065E+00  0.0000E+00
  0.4935E+00  0.0000E+00
 Events:
        1013           0
         987           0
 Iteration  3   Mean: 0.1003E-02 Abs mean: 0.1003E-02   Fluctuation:  0.684E-04   0.905E-01    92.7%
  3    0.1003E-02 0.1003E-02 +- 0.6835E-04      4.31
 Relative summed weights:
  0.5076E+00  0.0000E+00
  0.4924E+00  0.0000E+00
 Relative number of events:
  0.4983E+00  0.0000E+00
  0.5018E+00  0.0000E+00
 Events:
        1993           0
        2007           0
 Accuracy:    0.158   0.100   0.047  11.352
 Found          366  events.
 Wrote           40  events.
 Actual xsec   8.37256661904035035E-004
 Correct abs xsec   8.37256661904035035E-004
 Event xsec   8.37256661904035144E-004
 Events wgts > 1:            3
 % Cross section > 1:   3.71400048491857504E-006  0.44359163132514634     
 Iteration  4   Mean: 0.1226E-02 Abs mean: 0.1226E-02   Fluctuation:  0.101E-03   0.457E+00    88.8%
  4    0.1226E-02 0.1226E-02 +- 0.1012E-03      7.38
 Relative summed weights:
  0.5480E+00  0.0000E+00
  0.4520E+00  0.0000E+00
 Relative number of events:
  0.5025E+00  0.0000E+00
  0.4975E+00  0.0000E+00
 Events:
        4020           0
        3980           0
 Accuracy:    0.144   0.100   0.041  12.542
 Found          747  events.
 Wrote           20  events.
 Actual xsec   1.02868695416039871E-003
 Correct abs xsec   1.02868695416039871E-003
 Event xsec   1.02868695416039871E-003
 Events wgts > 1:            2
 % Cross section > 1:   3.87569988554013376E-006  0.37676183895064858     
 Iteration  5   Mean: 0.1244E-02 Abs mean: 0.1244E-02   Fluctuation:  0.515E-04   0.468E+00    81.6%
  5    0.1244E-02 0.1244E-02 +- 0.5145E-04      5.23
 Relative summed weights:
  0.5047E+00  0.0000E+00
  0.4953E+00  0.0000E+00
 Relative number of events:
  0.5018E+00  0.0000E+00
  0.4982E+00  0.0000E+00
 Events:
        8029           0
        7971           0
 Accuracy:    0.105   0.100   0.029  13.054
 Found         1537  events.
 Wrote           56  events.
 Actual xsec   1.18654925159367521E-003
 Correct abs xsec   1.18654925159367521E-003
 Event xsec   1.18654925159367608E-003
 Events wgts > 1:            1
 % Cross section > 1:   3.98570342726031149E-006  0.33590712074589740     

 -------------------------------------------------------------------------------
 Accumulated results:   Integral =  0.1086E-02
                        Std dev  =  0.3153E-04
                       Cross sec =  0.1086E-02
             Chi**2 per DoF.     =     13.0542
 -------------------------------------------------------------------------------
-------------------------------------------------
---------------------------
 Results Last   3 iters: Integral =   0.1187E-02
                     Abs integral =   0.1187E-02
                          Std dev =   0.3856E-04
                  Chi**2 per DoF. =      4.3286
-------------------------------------------------
---------------------------
 Status  0.10000000000000001                6           5

ls status:
events.lhe
input_app.txt
results.dat
run1_app.log
