 No PDF is used, alpha_s(MZ) from param_card is used
 Value of alpha_s from param_card:   0.11800000071525575     
 The default order of alpha_s running is fixed to            2
<<<<<<< HEAD
 Results.dat xsec =    40366000.000000000       abs xsec =    40366000.000000000     
 Found            1  subprocesses
 SubProcess/Channel     kept   read   xsec 
P0_epem_aaa/G1/  172057  172057 0.404E+08
 Found       102970  events writing first       100000
 Unweighting selected       100000  events.
Truncated  0.00% of cross section
=======
 Results.dat xsec =    104310000.00000000       abs xsec =    104310000.00000000     
 Found            1  subprocesses
 SubProcess/Channel     kept   read   xsec 
P0_epem_aaa/G1/     582     582 0.104E+09
 Iteration            1  too large truncation   0.99943495145629746              582
 Iteration            2  too large truncation   0.99926543689321690              582
 Iteration            3  too large truncation   0.99904506796117698              582
 Iteration            4  too large truncation   0.99875858834952846              582
 Iteration            5  too large truncation   0.99838616485437148              582
 Iteration            6  too large truncation   0.99790201431066827              582
 Iteration            7  too large truncation   0.99727261860387728              582
 Iteration            8  too large truncation   0.99645440418505149              582
 Iteration            9  too large truncation   0.99539072544055252              582
 Iteration           10  too large truncation   0.99400794307273022              582
 Iteration           11  too large truncation   0.99221032599455938              582
 Iteration           12  too large truncation   0.98987342379292886              582
 Iteration           13  too large truncation   0.98683545093079650              582
 Iteration           14  too large truncation   0.98288608621003948              582
 Iteration           15  too large truncation   0.97775191207303169              582
 Iteration           16  too large truncation   0.97107748569494401              582
 Iteration           17  too large truncation   0.96240073140343096              582
 Iteration           18  too large truncation   0.95112095082445813              582
 Iteration           19  too large truncation   0.93645723607180509              582
 Iteration           20  too large truncation   0.91739440689333995              582
 Unable to get      1000000  events. Writing          582
 Unweighting selected          582  events.
Truncated 91.74% of cross section
>>>>>>> 911b5ec345c81b054214c521136984e9d6306827
