 Process in group number            1
 No PDF is used, alpha_s(MZ) from param_card is used
 Value of alpha_s from param_card:   0.11800000071525575     
 The default order of alpha_s running is fixed to            2
 Warning: pt or E min of a gamma should in general be >0
 *****************************************************
 *               MadGraph/MadEvent                   *
 *        --------------------------------           *
 *          http://madgraph.hep.uiuc.edu             *
 *          http://madgraph.phys.ucl.ac.be           *
 *          http://madgraph.roma2.infn.it            *
 *        --------------------------------           *
 *                                                   *
 *          PARAMETER AND COUPLING VALUES            *
 *                                                   *
 *****************************************************

  External Params
  ---------------------------------
  
 mdl_MB =    4.6999998092651367     
 mdl_MT =    173.00000000000000     
 mdl_MTA =    1.7769999504089355     
 mdl_MZ =    91.188003540039063     
 mdl_MH =    125.00000000000000     
 aEWM1 =    132.50700378417969     
 mdl_Gf =   1.16639000000000003E-005
 aS =   0.11800000071525575     
 mdl_ymb =    4.6999998092651367     
 mdl_ymt =    173.00000000000000     
 mdl_ymtau =    1.7769999504089355     
 mdl_WT =    1.4915000200271606     
 mdl_WZ =    2.4414041042327881     
 mdl_WW =    2.0476000308990479     
 mdl_WH =   6.38233916833996773E-003
  Internal Params
  ---------------------------------
  
 mdl_conjg__CKM3x3 =    1.0000000000000000     
 mdl_CKM3x3 =    1.0000000000000000     
 mdl_conjg__CKM1x1 =    1.0000000000000000     
 mdl_complexi =  (  0.0000000000000000     ,  1.0000000000000000     )
 mdl_MZ__exp__2 =    8315.2519896181766     
 mdl_MZ__exp__4 =    69143415.650849044     
 mdl_sqrt__2 =    1.4142135623730951     
 mdl_MH__exp__2 =    15625.000000000000     
 mdl_aEW =   7.54677089845565054E-003
 mdl_MW =    80.419007276179556     
 mdl_sqrt__aEW =   8.68721526063194194E-002
 mdl_ee =   0.30795376284704501     
 mdl_MW__exp__2 =    6467.2167312862202     
 mdl_sw2 =   0.22224645274001076     
 mdl_cw =   0.88190336616887299     
 mdl_sqrt__sw2 =   0.47143022043565552     
 mdl_sw =   0.47143022043565552     
 mdl_g1 =   0.34919218438279087     
 mdl_gw =   0.65323296958447097     
 mdl_vev =    246.21845810181631     
 mdl_vev__exp__2 =    60623.529110035874     
 mdl_lam =   0.12886910601690271     
 mdl_yb =   2.69955531549349904E-002
 mdl_yt =   0.99366614581500645     
 mdl_ytau =   1.02066167158167895E-002
 mdl_muH =    88.388347648318444     
 mdl_I1x33 =  ( 2.69955531549349904E-002,  0.0000000000000000     )
 mdl_I2x33 =  ( 0.99366614581500645     ,  0.0000000000000000     )
 mdl_I3x33 =  ( 0.99366614581500645     ,  0.0000000000000000     )
 mdl_I4x33 =  ( 2.69955531549349904E-002,  0.0000000000000000     )
 mdl_ee__exp__2 =   9.48355200516540348E-002
 mdl_sw__exp__2 =   0.22224645274001076     
 mdl_cw__exp__2 =   0.77775354725998924     
  Internal Params evaluated point by point
  ----------------------------------------
  
 mdl_sqrt__aS =   0.34351128178744839     
 mdl_G__exp__2 =    1.4828317414825511     
  Couplings of sm
  ---------------------------------
  
         GC_3 =  -0.00000E+00  -0.30795E+00
        GC_50 =  -0.00000E+00  -0.28804E+00
        GC_59 =   0.00000E+00   0.82310E-01

 Collider parameters:
 --------------------

 Running at e e   machine @    10.000000000000000       GeV
 PDF set = none   
 alpha_s(Mz)= 0.1180 running at 2 loops.
 alpha_s(Mz)= 0.1180 running at 2 loops.
 Renormalization scale set on event-by-event basis
 Factorization   scale set on event-by-event basis


 getting user params
Enter number of events and max and min iterations: 
 Number of events and iterations         1000           5           3
Enter desired fractional accuracy: 
 Desired fractional accuracy:   0.10000000000000001     
Enter 0 for fixed, 2 for adjustable grid: 
Suppress amplitude (0 no, 1 yes)? 
 Using suppressed amplitude.
Exact helicity sum (0 yes, n = number/event)? 
 Explicitly summing over helicities
Enter Configuration Number: 
Running Configuration Number:    8
 Using dconfig=           2
 BW Setting            2           0           0
 Attempting mappinvarients           1           5
 Completed mapping           5
 about to integrate            5        1000           5           3           5           1
 Using non-zero grid deformation.
  5 dimensions   1000 events  5 invarients  5 iterations  1 config(s),  (0.99)
 Using h-tuple random number sequence.
 Error opening grid
 Using Uniform Grid!
 Using uniform alpha   1.0000000000000000     
 Grid defined OK
 Set CM energy to         10.00
 Mapping Graph           8  to config           8
Setting grid   1    0.10000E-01   1
 Warning: No cutoff for shat integral found
          Minimum set to   1.00000000000000002E-002
Setting grid   2    0.10000E-01   1
 Masses: 0.000E+00 0.000E+00 0.000E+00 0.000E+00 0.000E+00
   8   1   2   3   4   5
Using random seed offsets     8 :      1
  with seed                   42
 Ranmar initialization seeds       22927        9417
  Particle       3       4       5
      Et >     0.0    -1.0    -1.0
       E >     0.0     0.0     0.0
     Eta <    -1.0    -1.0    -1.0
   xqcut:      0.0     0.0     0.0
d R # 3  >    -0.0     0.4     0.4
d R # 4  >    -0.0    -0.0     0.0
s min # 3>     0.0     0.0     0.0
s min # 4>     0.0     0.0     0.0
xqcutij # 3>     0.0     0.0     0.0
xqcutij # 4>     0.0     0.0     0.0
 Excluding BW           -1           1
 alpha_s for scale    2.2538301647197767       is   0.28281291566062117     
 Added good helicity            1   10.799766463426485       in event            1
 Added good helicity            5  2.74751590875346903E-003  in event            1
 Added good helicity           10   3.7732104590135229       in event            1
 Added good helicity           11  0.77205149244020921       in event            1
 Added good helicity           14  4.45109706013255019E-003  in event            1
 Added good helicity           15  0.64833240587155327       in event            1
 Added good helicity           18  0.64830794922943502       in event            1
 Added good helicity           19  4.45135590873185511E-003  in event            1
 Added good helicity           22  0.77208061715951859       in event            1
 Added good helicity           23   3.7720867651596248       in event            1
 Added good helicity           28  2.74751593433104945E-003  in event            1
 Added good helicity           32   10.799766362887707       in event            1
 Iteration  1   Mean: 0.1490E-02 Abs mean: 0.1490E-02   Fluctuation:  0.834E-03   0.629E+00    99.1%
  1    0.1490E-02 0.1490E-02 +- 0.8340E-03     17.69
 Writing out events  3.00764573045166781E-007   17.694665308241451     
 Relative summed weights:
  0.1000E+01  0.0000E+00
 Relative number of events:
  0.1000E+01  0.0000E+00
 Events:
        1000           0
 Iteration  2   Mean: 0.1606E-02 Abs mean: 0.1606E-02   Fluctuation:  0.310E-03   0.362E+00    97.8%
  2    0.1606E-02 0.1606E-02 +- 0.3102E-03      8.64
 Relative summed weights:
  0.1000E+01  0.0000E+00
 Relative number of events:
  0.1000E+01  0.0000E+00
 Events:
        2000           0
 Iteration  3   Mean: 0.2508E-02 Abs mean: 0.2508E-02   Fluctuation:  0.306E-03   0.822E+00    97.3%
  3    0.2508E-02 0.2508E-02 +- 0.3060E-03      7.72
 Relative summed weights:
  0.1000E+01  0.0000E+00
 Relative number of events:
  0.1000E+01  0.0000E+00
 Events:
        4000           0
 Accuracy:    0.134   0.100   0.101   1.754
 Found          315  events.
 Wrote           18  events.
 Actual xsec   2.22546898194376239E-003
 Correct abs xsec   2.22546898194376239E-003
 Event xsec   2.22546898194376196E-003
 Events wgts > 1:            0
 % Cross section > 1:    0.0000000000000000        0.0000000000000000     
 Iteration  4   Mean: 0.4466E-02 Abs mean: 0.4466E-02   Fluctuation:  0.774E-03   0.520E+01    97.5%
  4    0.4466E-02 0.4466E-02 +- 0.7745E-03     15.51
 Relative summed weights:
  0.1000E+01  0.0000E+00
 Relative number of events:
  0.1000E+01  0.0000E+00
 Events:
        8000           0
 Accuracy:    0.215   0.100   0.088   6.042
 Found          658  events.
 Wrote            7  events.
 Actual xsec   2.82984371403356217E-003
 Correct abs xsec   2.82984371403356217E-003
 Event xsec   2.82984371403356173E-003
 Events wgts > 1:            0
 % Cross section > 1:    0.0000000000000000        0.0000000000000000     
 Iteration  5   Mean: 0.5259E-02 Abs mean: 0.5259E-02   Fluctuation:  0.819E-03   0.125E+02    97.8%
  5    0.5259E-02 0.5259E-02 +- 0.8190E-03     19.70
 Relative summed weights:
  0.1000E+01  0.0000E+00
 Relative number of events:
  0.1000E+01  0.0000E+00
 Events:
       16000           0
 Accuracy:    0.205   0.100   0.076   7.221
 Found         1148  events.
 Wrote            7  events.
 Actual xsec   3.76844133491360247E-003
 Correct abs xsec   3.76844133491360247E-003
 Event xsec   3.76844133491360334E-003
 Events wgts > 1:            1
 % Cross section > 1:   8.18102664605635521E-011  2.17093114075077330E-006

 -------------------------------------------------------------------------------
 Accumulated results:   Integral =  0.3388E-02
                        Std dev  =  0.2586E-03
                       Cross sec =  0.3388E-02
             Chi**2 per DoF.     =      7.2212
 -------------------------------------------------------------------------------
-------------------------------------------------
---------------------------
 Results Last   3 iters: Integral =   0.3768E-02
                     Abs integral =   0.3768E-02
                          Std dev =   0.3166E-03
                  Chi**2 per DoF. =     10.5465
-------------------------------------------------
---------------------------
 Status  0.10000000000000001                6           5

ls status:
events.lhe
input_app.txt
results.dat
run1_app.log
