 Process in group number            1
 No PDF is used, alpha_s(MZ) from param_card is used
 Value of alpha_s from param_card:   0.11800000071525575     
 The default order of alpha_s running is fixed to            2
 Warning: pt or E min of a gamma should in general be >0
 *****************************************************
 *               MadGraph/MadEvent                   *
 *        --------------------------------           *
 *          http://madgraph.hep.uiuc.edu             *
 *          http://madgraph.phys.ucl.ac.be           *
 *          http://madgraph.roma2.infn.it            *
 *        --------------------------------           *
 *                                                   *
 *          PARAMETER AND COUPLING VALUES            *
 *                                                   *
 *****************************************************

  External Params
  ---------------------------------
  
 mdl_MB =    4.6999998092651367     
 mdl_MT =    173.00000000000000     
 mdl_MTA =    1.7769999504089355     
 mdl_MZ =    91.188003540039063     
 mdl_MH =    125.00000000000000     
 aEWM1 =    132.50700378417969     
 mdl_Gf =   1.16639000000000003E-005
 aS =   0.11800000071525575     
 mdl_ymb =    4.6999998092651367     
 mdl_ymt =    173.00000000000000     
 mdl_ymtau =    1.7769999504089355     
 mdl_WT =    1.4915000200271606     
 mdl_WZ =    2.4414041042327881     
 mdl_WW =    2.0476000308990479     
 mdl_WH =   6.38233916833996773E-003
  Internal Params
  ---------------------------------
  
 mdl_conjg__CKM3x3 =    1.0000000000000000     
 mdl_CKM3x3 =    1.0000000000000000     
 mdl_conjg__CKM1x1 =    1.0000000000000000     
 mdl_complexi =  (  0.0000000000000000     ,  1.0000000000000000     )
 mdl_MZ__exp__2 =    8315.2519896181766     
 mdl_MZ__exp__4 =    69143415.650849044     
 mdl_sqrt__2 =    1.4142135623730951     
 mdl_MH__exp__2 =    15625.000000000000     
 mdl_aEW =   7.54677089845565054E-003
 mdl_MW =    80.419007276179556     
 mdl_sqrt__aEW =   8.68721526063194194E-002
 mdl_ee =   0.30795376284704501     
 mdl_MW__exp__2 =    6467.2167312862202     
 mdl_sw2 =   0.22224645274001076     
 mdl_cw =   0.88190336616887299     
 mdl_sqrt__sw2 =   0.47143022043565552     
 mdl_sw =   0.47143022043565552     
 mdl_g1 =   0.34919218438279087     
 mdl_gw =   0.65323296958447097     
 mdl_vev =    246.21845810181631     
 mdl_vev__exp__2 =    60623.529110035874     
 mdl_lam =   0.12886910601690271     
 mdl_yb =   2.69955531549349904E-002
 mdl_yt =   0.99366614581500645     
 mdl_ytau =   1.02066167158167895E-002
 mdl_muH =    88.388347648318444     
 mdl_I1x33 =  ( 2.69955531549349904E-002,  0.0000000000000000     )
 mdl_I2x33 =  ( 0.99366614581500645     ,  0.0000000000000000     )
 mdl_I3x33 =  ( 0.99366614581500645     ,  0.0000000000000000     )
 mdl_I4x33 =  ( 2.69955531549349904E-002,  0.0000000000000000     )
 mdl_ee__exp__2 =   9.48355200516540348E-002
 mdl_sw__exp__2 =   0.22224645274001076     
 mdl_cw__exp__2 =   0.77775354725998924     
  Internal Params evaluated point by point
  ----------------------------------------
  
 mdl_sqrt__aS =   0.34351128178744839     
 mdl_G__exp__2 =    1.4828317414825511     
  Couplings of sm
  ---------------------------------
  
         GC_3 =  -0.00000E+00  -0.30795E+00
        GC_50 =  -0.00000E+00  -0.28804E+00
        GC_59 =   0.00000E+00   0.82310E-01

 Collider parameters:
 --------------------

 Running at e e   machine @    10.000000000000000       GeV
 PDF set = none   
 alpha_s(Mz)= 0.1180 running at 2 loops.
 alpha_s(Mz)= 0.1180 running at 2 loops.
 Renormalization scale set on event-by-event basis
 Factorization   scale set on event-by-event basis


 getting user params
Enter number of events and max and min iterations: 
 Number of events and iterations         1000           9           3
Enter desired fractional accuracy: 
 Desired fractional accuracy:  -1.10059999999999990E-009
Enter 0 for fixed, 2 for adjustable grid: 
Suppress amplitude (0 no, 1 yes)? 
 Using suppressed amplitude.
Exact helicity sum (0 yes, n = number/event)? 
 Explicitly summing over helicities
Enter Configuration Number: 
Running Configuration Number:    5
 Not subdividing B.W.
 Attempting mappinvarients           1           5
 Completed mapping           5
 about to integrate            5        1000           9           3           5           1
 Keeping grid fixed.
  5 dimensions   1000 events  5 invarients  9 iterations  1 config(s),  (0.99)
 Using h-tuple random number sequence.
 Grid read from file
 Grid defined OK
 Set CM energy to         10.00
 Mapping Graph           5  to config           5
 Warning: No cutoff for shat integral found
          Minimum set to   1.00000000000000002E-002
 No modification is setgrid, grid read from file
 Warning: No cutoff for shat integral found
          Minimum set to   1.00000000000000002E-002
 No modification is setgrid, grid read from file
 Masses: 0.000E+00 0.000E+00 0.000E+00 0.000E+00 0.000E+00
   5   1   2   3   4   5
 Got moffset          25
Using random seed offsets     5 :      1
  with seed                   48
 Ranmar initialization seeds       30238       28186
  Particle       3       4       5
      Et >     0.0    -1.0    -1.0
       E >     0.0     0.0     0.0
     Eta <    -1.0    -1.0    -1.0
   xqcut:      0.0     0.0     0.0
d R # 3  >    -0.0     0.4     0.4
d R # 4  >    -0.0    -0.0     0.0
s min # 3>     0.0     0.0     0.0
s min # 4>     0.0     0.0     0.0
xqcutij # 3>     0.0     0.0     0.0
xqcutij # 4>     0.0     0.0     0.0
 alpha_s for scale    2.2360679867549522       is   0.28377211116063406     
 Added good helicity            1   4.1062869782758602       in event            1
 Added good helicity            5   3.8937180001357583       in event            1
 Added good helicity           10   4.1062818624585820       in event            1
 Added good helicity           14   3.8937131496607567       in event            1
 Added good helicity           19   3.8937131588781959       in event            1
 Added good helicity           23   4.1062818721792285       in event            1
 Added good helicity           28   3.8937180001357583       in event            1
 Added good helicity           32   4.1062869782758593       in event            1
 Iteration  1   Mean: 0.4974E+14 Abs mean: 0.4974E+14   Fluctuation:  0.238E+14   0.234E+17    98.2%
  1    0.4974E+14 0.4974E+14 +- 0.2378E+14     15.12
 Writing out events   5626308137.1150951        15.119853696605423     
 Relative summed weights:
  0.1000E+01  0.0000E+00
 Relative number of events:
  0.1000E+01  0.0000E+00
 Events:
        1000           0
 Iteration  2   Mean: 0.1463E+15 Abs mean: 0.1463E+15   Fluctuation:  0.575E+14   0.963E+17    97.0%
  2    0.1463E+15 0.1463E+15 +- 0.5750E+14     17.58
 Relative summed weights:
  0.1000E+01  0.0000E+00
 Relative number of events:
  0.1000E+01  0.0000E+00
 Events:
        2000           0
 Iteration  3   Mean: 0.3724E+15 Abs mean: 0.3724E+15   Fluctuation:  0.173E+15   0.635E+18    97.0%
  3    0.3724E+15 0.3724E+15 +- 0.1732E+15     29.41
 Relative summed weights:
  0.1000E+01  0.0000E+00
 Relative number of events:
  0.1000E+01  0.0000E+00
 Events:
        4000           0
 Found           77  events.
 Wrote            5  events.
 Actual xsec    186608936520358.66     
 Correct abs xsec    186608936520358.66     
 Event xsec    186608936520358.63     
 Events wgts > 1:            0
 % Cross section > 1:    0.0000000000000000        0.0000000000000000     
 Checking number of events   205381.79553430673                5  chi2:    17.380815448174314     
 Found           77  events.
 Wrote            2  events.
 Actual xsec    186608936520358.66     
 Correct abs xsec    186608936520358.66     
 Event xsec    186608936520358.66     
 Events wgts > 1:            0
 % Cross section > 1:    0.0000000000000000        0.0000000000000000     
 Iteration  4   Mean: 0.3118E+15 Abs mean: 0.3118E+15   Fluctuation:  0.150E+15   0.108E+19    97.1%
  4    0.3118E+15 0.3118E+15 +- 0.1503E+15     43.11
 Relative summed weights:
  0.1000E+01  0.0000E+00
 Relative number of events:
  0.1000E+01  0.0000E+00
 Events:
        8000           0
 Found           87  events.
 Wrote            1  events.
 Actual xsec    260479135625529.63     
 Correct abs xsec    260479135625529.63     
 Event xsec    260479135625529.63     
 Events wgts > 1:            1
 % Cross section > 1:    30820115.250000000       1.18320859657288079E-005
 Checking number of events   286683.33666945790                1  chi2:    2.2390172639507648     
 Found           87  events.
 Wrote            2  events.
 Actual xsec    260479135625529.63     
 Correct abs xsec    260479135625529.63     
 Event xsec    260479135625529.63     
 Events wgts > 1:            1
 % Cross section > 1:    15410058.546875000       5.91604333677950690E-006
 Iteration  5   Mean: 0.7273E+15 Abs mean: 0.7273E+15   Fluctuation:  0.323E+15   0.351E+19    97.0%
  5    0.7273E+15 0.7273E+15 +- 0.3235E+15     56.26
 Relative summed weights:
  0.1000E+01  0.0000E+00
 Relative number of events:
  0.1000E+01  0.0000E+00
 Events:
       16000           0
 Found          159  events.
 Wrote            3  events.
 Actual xsec    482059162268913.81     
 Correct abs xsec    482059162268913.81     
 Event xsec    482059162268913.75     
 Events wgts > 1:            1
 % Cross section > 1:    7253047.5312500000       1.50459696629600241E-006
 Checking number of events   530554.31399316655                3  chi2:    1.1293229240313056     
 Found          159  events.
 Wrote            2  events.
 Actual xsec    482059162268913.81     
 Correct abs xsec    482059162268913.81     
 Event xsec    482059162268913.88     
 Events wgts > 1:            1
 % Cross section > 1:    10879571.218750000       2.25689543323748622E-006
 Iteration  6   Mean: 0.5369E+15 Abs mean: 0.5369E+15   Fluctuation:  0.191E+15   0.460E+19    97.4%
  6    0.5369E+15 0.5369E+15 +- 0.1909E+15     63.59
 Relative summed weights:
  0.1000E+01  0.0000E+00
 Relative number of events:
  0.1000E+01  0.0000E+00
 Events:
       32000           0
 Found          253  events.
 Wrote            5  events.
 Actual xsec    536543199634868.25     
 Correct abs xsec    536543199634868.25     
 Event xsec    536543199634868.19     
 Events wgts > 1:            0
 % Cross section > 1:    0.0000000000000000        0.0000000000000000     
 Checking number of events   590519.44551813591                5  chi2:    1.2918413834832636     
 Found          253  events.
 Wrote            3  events.
 Actual xsec    536543199634868.25     
 Correct abs xsec    536543199634868.25     
 Event xsec    536543199634868.25     
 Events wgts > 1:            0
 % Cross section > 1:    0.0000000000000000        0.0000000000000000     
 Iteration  7   Mean: 0.6728E+15 Abs mean: 0.6728E+15   Fluctuation:  0.194E+15   0.711E+19    97.2%
  7    0.6728E+15 0.6728E+15 +- 0.1944E+15     73.09
 Relative summed weights:
  0.1000E+01  0.0000E+00
 Relative number of events:
  0.1000E+01  0.0000E+00
 Events:
       64000           0
 Found          567  events.
 Wrote            6  events.
 Actual xsec    640741815462482.50     
 Correct abs xsec    640741815462482.50     
 Event xsec    640741815462482.50     
 Events wgts > 1:            1
 % Cross section > 1:    27003982.890625000       4.21448737056964721E-006
 Checking number of events   705200.44209800812                6  chi2:   0.19735323159968349     
 Found          567  events.
 Wrote            6  events.
 Actual xsec    640741815462482.50     
 Correct abs xsec    640741815462482.50     
 Event xsec    640741815462482.50     
 Events wgts > 1:            1
 % Cross section > 1:    27003982.890625000       4.21448737056964721E-006
 Iteration  8   Mean: 0.1695E+16 Abs mean: 0.1695E+16   Fluctuation:  0.901E+15   0.992E+20    97.2%
  8    0.1695E+16 0.1695E+16 +- 0.9010E+15    190.19
 Relative summed weights:
  0.1000E+01  0.0000E+00
 Relative number of events:
  0.1000E+01  0.0000E+00
 Events:
      128000           0
 Found          926  events.
 Wrote            3  events.
 Actual xsec    781265817523294.13     
 Correct abs xsec    781265817523294.13     
 Event xsec    781265817523294.25     
 Events wgts > 1:            1
 % Cross section > 1:    84973170.062500000       1.08763455608329413E-005
 Checking number of events   859861.15876613744                3  chi2:    1.4893732725003943     
 Found          926  events.
 Wrote            4  events.
 Actual xsec    781265817523294.13     
 Correct abs xsec    781265817523294.13     
 Event xsec    781265817523294.25     
 Events wgts > 1:            1
 % Cross section > 1:    63729879.281250000       8.15725939262021181E-006
 Error in matrix element
 Error in matrix element
 Iteration  9   Mean: 0.9881E+15 Abs mean: 0.9881E+15   Fluctuation:  0.339E+15   0.729E+20    97.2%
  9    0.9881E+15 0.9881E+15 +- 0.3388E+15    173.51
 Relative summed weights:
  0.1000E+01  0.0000E+00
 Relative number of events:
  0.1000E+01  0.0000E+00
 Events:
      256000           0
 Found         1090  events.
 Wrote            4  events.
 Actual xsec    934965996607362.63     
 Correct abs xsec    934965996607362.63     
 Event xsec    934965996607362.63     
 Events wgts > 1:            0
 % Cross section > 1:    0.0000000000000000        0.0000000000000000     
 Checking number of events   1029023.5758660632                4  chi2:    1.2778284674013312     
 Found         1090  events.
 Wrote            3  events.
 Actual xsec    934965996607362.63     
 Correct abs xsec    934965996607362.63     
 Event xsec    934965996607362.75     
 Events wgts > 1:            0
 % Cross section > 1:    0.0000000000000000        0.0000000000000000     

 -------------------------------------------------------------------------------
 Accumulated results:   Integral =  0.6098E+15
                        Std dev  =  0.8093E+14
                       Cross sec =  0.6098E+15
             Chi**2 per DoF.     =      3.0084
 -------------------------------------------------------------------------------
-------------------------------------------------
---------------------------
 Results Last   3 iters: Integral =   0.9350E+15
                     Abs integral =   0.9350E+15
                          Std dev =   0.1908E+15
                  Chi**2 per DoF. =      1.2778
-------------------------------------------------
---------------------------
 Status -1.10059999999999990E-009          10           9
 Trying w/ fresh grid
 Starting w/ ncall =         4000
 Keeping grid fixed.
  5 dimensions   4000 events  5 invarients  8 iterations  1 config(s),  (0.99)
 Using h-tuple random number sequence.
 Error opening grid
 Using Uniform Grid!
 Using uniform alpha   1.0000000000000000     
 Grid defined OK
 Warning: No cutoff for shat integral found
          Minimum set to   1.00000000000000002E-002
Setting grid   1    0.10000E-01   1
 Warning: No cutoff for shat integral found
          Minimum set to   1.00000000000000002E-002
Setting grid   2    0.10000E-01   1
 Iteration  1   Mean: 0.9434E+05 Abs mean: 0.9434E+05   Fluctuation:  0.663E+05   0.262E+09    98.3%
  1    0.9434E+05 0.9434E+05 +- 0.6634E+05     44.47
 Relative summed weights:
  0.1000E+01  0.0000E+00
 Relative number of events:
  0.1000E+01  0.0000E+00
 Events:
        4000           0
 Iteration  2   Mean: 0.5812E+05 Abs mean: 0.5812E+05   Fluctuation:  0.171E+05   0.117E+09    98.9%
  2    0.5812E+05 0.5812E+05 +- 0.1706E+05     26.25
 Relative summed weights:
  0.1000E+01  0.0000E+00
 Relative number of events:
  0.1000E+01  0.0000E+00
 Events:
        8000           0
 Iteration  3   Mean: 0.2291E+10 Abs mean: 0.2291E+10   Fluctuation:  0.228E+10   0.365E+14    98.6%
  3    0.2291E+10 0.2291E+10 +- 0.2283E+10    126.04
 Relative summed weights:
  0.1000E+01  0.0000E+00
 Relative number of events:
  0.1000E+01  0.0000E+00
 Events:
       16000           0
 Found          796  events.
 Wrote            1  events.
 Actual xsec    157741583.81785661     
 Correct abs xsec    157741583.81785661     
 Event xsec    157741583.81785661     
 Events wgts > 1:            1
 % Cross section > 1:    11.229666888713837       7.11902760002757103E-006
 Checking number of events  0.17361038714993296                1  chi2:    45545339.588905722     
 Found          796  events.
 Wrote            1  events.
 Actual xsec    157741583.81785661     
 Correct abs xsec    157741583.81785661     
 Event xsec    157741583.81785661     
 Events wgts > 1:            1
 % Cross section > 1:    11.229666888713837       7.11902760002757103E-006
 Iteration  4   Mean: 0.1901E+08 Abs mean: 0.1901E+08   Fluctuation:  0.862E+07   0.244E+12    99.3%
  4    0.1901E+08 0.1901E+08 +- 0.8616E+07     81.06
 Relative summed weights:
  0.1000E+01  0.0000E+00
 Relative number of events:
  0.1000E+01  0.0000E+00
 Events:
       32000           0
 Found           13  events.
 Wrote            1  events.
 Actual xsec    137336785.43510109     
 Correct abs xsec    137336785.43510109     
 Event xsec    137336785.43510109     
 Events wgts > 1:            0
 % Cross section > 1:    0.0000000000000000        0.0000000000000000     
 Checking number of events  0.15115286604987224                1  chi2:    32380726.852221970     
 Found           13  events.
 Wrote            3  events.
 Actual xsec    137336785.43510109     
 Correct abs xsec    137336785.43510109     
 Event xsec    137336785.43510109     
 Events wgts > 1:            0
 % Cross section > 1:    0.0000000000000000        0.0000000000000000     
 Iteration  5   Mean: 0.7758E+10 Abs mean: 0.7758E+10   Fluctuation:  0.701E+10   0.448E+15    99.5%
  5    0.7758E+10 0.7758E+10 +- 0.7006E+10    228.46
 Relative summed weights:
  0.1000E+01  0.0000E+00
 Relative number of events:
  0.1000E+01  0.0000E+00
 Events:
       64000           0
 Found         2095  events.
 Wrote            1  events.
 Actual xsec    1677201763.5996001     
 Correct abs xsec    1677201763.5996001     
 Event xsec    1677201763.5996001     
 Events wgts > 1:            0
 % Cross section > 1:    0.0000000000000000        0.0000000000000000     
 Checking number of events   1.8459282610177197                1  chi2:    18521.584360668967     
 Found         2095  events.
 Wrote            1  events.
 Actual xsec    1677201763.5996001     
 Correct abs xsec    1677201763.5996001     
 Event xsec    1677201763.5996001     
 Events wgts > 1:            0
 % Cross section > 1:    0.0000000000000000        0.0000000000000000     
 Fixing grid
 Iteration  6   Mean: 0.1084E+11 Abs mean: 0.1084E+11   Fluctuation:  0.337E+10   0.361E+15    99.7%
  6    0.1084E+11 0.1084E+11 +- 0.3368E+10    111.15
 Relative summed weights:
  0.1000E+01  0.0000E+00
 Relative number of events:
  0.1000E+01  0.0000E+00
 Events:
      128000           0
 Found         1128  events.
 Wrote            4  events.
 Actual xsec    7409374731.7579336     
 Correct abs xsec    7409374731.7579336     
 Event xsec    7409374731.7579336     
 Events wgts > 1:            0
 % Cross section > 1:    0.0000000000000000        0.0000000000000000     
 Checking number of events   8.1547578297727803                4  chi2:    367902.03145806072     
 Found         1128  events.
 Wrote            3  events.
 Actual xsec    7409374731.7579336     
 Correct abs xsec    7409374731.7579336     
 Event xsec    7409374731.7579336     
 Events wgts > 1:            0
 % Cross section > 1:    0.0000000000000000        0.0000000000000000     
 Iteration  7   Mean: 0.1192E+11 Abs mean: 0.1192E+11   Fluctuation:  0.308E+10   0.525E+15    99.8%
  7    0.1192E+11 0.1192E+11 +- 0.3084E+10    130.88
 Relative summed weights:
  0.1000E+01  0.0000E+00
 Relative number of events:
  0.1000E+01  0.0000E+00
 Events:
      256000           0
 Found         1688  events.
 Wrote            6  events.
 Actual xsec    11307066564.825335     
 Correct abs xsec    11307066564.825335     
 Event xsec    11307066564.825335     
 Events wgts > 1:            0
 % Cross section > 1:    0.0000000000000000        0.0000000000000000     
 Checking number of events   12.444557461246761                6  chi2:   0.15765199775667199     
 Found         1688  events.
 Wrote            4  events.
 Actual xsec    11307066564.825335     
 Correct abs xsec    11307066564.825335     
 Event xsec    11307066564.825335     
 Events wgts > 1:            0
 % Cross section > 1:    0.0000000000000000        0.0000000000000000     
 Iteration  8   Mean: 0.2617E+14 Abs mean: 0.2617E+14   Fluctuation:  0.261E+14   0.134E+20    99.8%
  8    0.2617E+14 0.2617E+14 +- 0.2610E+14    713.71
 Relative summed weights:
  0.1000E+01  0.0000E+00
 Relative number of events:
  0.1000E+01  0.0000E+00
 Events:
      512000           0
 Found         3282  events.
 Wrote            1  events.
 Actual xsec    344683238033671.81     
 Correct abs xsec    344683238033671.81     
 Event xsec    344683238033671.81     
 Events wgts > 1:            0
 % Cross section > 1:    0.0000000000000000        0.0000000000000000     
 Checking number of events   1112.2610449627052                1  chi2:    96496.725794903992     
 Found         3282  events.
 Wrote            1  events.
 Actual xsec    344683238033671.81     
 Correct abs xsec    344683238033671.81     
 Event xsec    344683238033671.81     
 Events wgts > 1:            0
 % Cross section > 1:    0.0000000000000000        0.0000000000000000     

 -------------------------------------------------------------------------------
 Accumulated results:   Integral =  0.5655E+12
                        Std dev  =  0.8245E+11
                       Cross sec =  0.5655E+12
             Chi**2 per DoF.     =    300.7075
 -------------------------------------------------------------------------------
-------------------------------------------------
---------------------------
 Results Last   3 iters: Integral =   0.1011E+13
                     Abs integral =   0.1011E+13
                         Std dev =   0.1970E+12
                 Chi**2 per DoF. =  96496.7258
-------------------------------------------------
---------------------------

ls status:
events.lhe
ftn25
ftn26
input_sg.txt
log.txt
moffset.dat
results.dat
run1_app.log
