 Process in group number            0
 No PDF is used, alpha_s(MZ) from param_card is used
 Value of alpha_s from param_card:   0.11800000071525575     
 The default order of alpha_s running is fixed to            2
 *****************************************************
 *               MadGraph/MadEvent                   *
 *        --------------------------------           *
 *          http://madgraph.hep.uiuc.edu             *
 *          http://madgraph.phys.ucl.ac.be           *
 *          http://madgraph.roma2.infn.it            *
 *        --------------------------------           *
 *                                                   *
 *          PARAMETER AND COUPLING VALUES            *
 *                                                   *
 *****************************************************

  External Params
  ---------------------------------
  
 aEWM1 =    132.50700378417969     
 mdl_Gf =   1.16639000000000003E-005
 aS =   0.11800000071525575     
 mdl_ymb =    4.6999998092651367     
 mdl_ymt =    173.00000000000000     
 mdl_yme =   5.10999991092830896E-004
 mdl_ymm =   0.10565999895334244     
 mdl_ymtau =    1.7769999504089355     
 mdl_MZ =    91.188003540039063     
 mdl_MT =    173.00000000000000     
 mdl_MB =    4.6999998092651367     
 mdl_MH =    125.00000000000000     
 mdl_Me =   5.10999991092830896E-004
 mdl_MM =   0.10565999895334244     
 mdl_MTA =    1.7769999504089355     
 mdl_WZ =    2.4414041042327881     
 mdl_WW =    2.0476000308990479     
 mdl_WT =    1.4915000200271606     
 mdl_WH =   6.38233916833996773E-003
 mdl_WTau =   2.26999999999999982E-012
  Internal Params
  ---------------------------------
  
 mdl_conjg__CKM3x3 =    1.0000000000000000     
 mdl_CKM3x3 =    1.0000000000000000     
 mdl_conjg__CKM1x1 =    1.0000000000000000     
 mdl_complexi =  (  0.0000000000000000     ,  1.0000000000000000     )
 mdl_MZ__exp__2 =    8315.2519896181766     
 mdl_MZ__exp__4 =    69143415.650849044     
 mdl_sqrt__2 =    1.4142135623730951     
 mdl_MH__exp__2 =    15625.000000000000     
 mdl_aEW =   7.54677089845565054E-003
 mdl_MW =    80.419007276179556     
 mdl_sqrt__aEW =   8.68721526063194194E-002
 mdl_ee =   0.30795376284704501     
 mdl_MW__exp__2 =    6467.2167312862202     
 mdl_sw2 =   0.22224645274001076     
 mdl_cw =   0.88190336616887299     
 mdl_sqrt__sw2 =   0.47143022043565552     
 mdl_sw =   0.47143022043565552     
 mdl_g1 =   0.34919218438279087     
 mdl_gw =   0.65323296958447097     
 mdl_vev =    246.21845810181631     
 mdl_vev__exp__2 =    60623.529110035874     
 mdl_lam =   0.12886910601690271     
 mdl_yb =   2.69955531549349904E-002
 mdl_ye =   2.93504850670934038E-006
 mdl_ym =   6.06883028478528356E-004
 mdl_yt =   0.99366614581500645     
 mdl_ytau =   1.02066167158167895E-002
 mdl_muH =    88.388347648318444     
 mdl_I1x33 =  ( 2.69955531549349904E-002,  0.0000000000000000     )
 mdl_I2x33 =  ( 0.99366614581500645     ,  0.0000000000000000     )
 mdl_I3x33 =  ( 0.99366614581500645     ,  0.0000000000000000     )
 mdl_I4x33 =  ( 2.69955531549349904E-002,  0.0000000000000000     )
 mdl_ee__exp__2 =   9.48355200516540348E-002
 mdl_sw__exp__2 =   0.22224645274001076     
 mdl_cw__exp__2 =   0.77775354725998924     
  Internal Params evaluated point by point
  ----------------------------------------
  
 mdl_sqrt__aS =   0.34351128178744839     
 mdl_G__exp__2 =    1.4828317414825511     
  Couplings of sm-lepton_masses
  ---------------------------------
  
         GC_3 =  -0.00000E+00  -0.30795E+00
        GC_50 =  -0.00000E+00  -0.28804E+00
        GC_59 =   0.00000E+00   0.82310E-01
        GC_89 =  -0.00000E+00  -0.20754E-05

 Collider parameters:
 --------------------

<<<<<<< HEAD
 Running at e e   machine @   7.14879999999999960E-002  GeV
=======
 Running at e e   machine @   7.00000000000000067E-002  GeV
>>>>>>> 911b5ec345c81b054214c521136984e9d6306827
 PDF set = none   
 alpha_s(Mz)= 0.1180 running at 2 loops.
 alpha_s(Mz)= 0.1180 running at 2 loops.
 Renormalization scale fixed @    91.188000000000002     
 Factorization scales  fixed @    91.188000000000002        91.188000000000002     


 getting user params
Enter number of events and max and min iterations: 
<<<<<<< HEAD
 Number of events and iterations         2000           9           3
Enter desired fractional accuracy: 
 Desired fractional accuracy:  -1.94430000000000017E-006
=======
 Number of events and iterations         1000           9           3
Enter desired fractional accuracy: 
 Desired fractional accuracy:  -4.17719999999999991E-053
>>>>>>> 911b5ec345c81b054214c521136984e9d6306827
Enter 0 for fixed, 2 for adjustable grid: 
Suppress amplitude (0 no, 1 yes)? 
 Using suppressed amplitude.
Exact helicity sum (0 yes, n = number/event)? 
 Explicitly summing over helicities
Enter Configuration Number: 
Running Configuration Number:    4
 Not subdividing B.W.
 Attempting mappinvarients           1           4
 Completed mapping           4
<<<<<<< HEAD
 about to integrate            2        2000           9           3           2           1
 Using non-zero grid deformation.
  2 dimensions   2000 events  2 invarients  9 iterations  1 config(s),  (0.99)
 Using h-tuple random number sequence.
 Error opening grid
 Using Uniform Grid!
 Using uniform alpha   1.0000000000000000     
 Grid defined OK
 Set CM energy to          0.07
 Mapping Graph           4  to config           4
Setting grid   1    0.19567E-01   1
=======
 about to integrate            2        1000           9           3           2           1
 Keeping grid fixed.
  2 dimensions   1000 events  2 invarients  9 iterations  1 config(s),  (0.99)
 Using h-tuple random number sequence.
 Grid read from file
 Grid defined OK
 Set CM energy to          0.07
 Mapping Graph           4  to config           4
 No modification is setgrid, grid read from file
>>>>>>> 911b5ec345c81b054214c521136984e9d6306827
 Masses: 0.511E-03 0.511E-03 0.511E-03 0.511E-03
   4   1   2
 Got moffset           7
Using random seed offsets     4 :      1
<<<<<<< HEAD
  with seed                   63
 Ranmar initialization seeds       18441        1457
=======
  with seed                   30
 Ranmar initialization seeds        8295        1423
>>>>>>> 911b5ec345c81b054214c521136984e9d6306827
  Particle       3       4
      Et >     0.0     0.0
       E >     0.0     0.0
     Eta <    -1.0    -1.0
   xqcut:      0.0     0.0
d R # 3  >    -0.0     0.4
s min # 3>     0.0     0.0
xqcutij # 3>     0.0     0.0
 alpha_s for scale    91.188000000000002       is   0.11800000071525575     
<<<<<<< HEAD
 Added good helicity            1   6.0261247394754971       in event            1
 Added good helicity            2  1.47769354778848061E-005  in event            1
 Added good helicity            3  1.47769382904406821E-005  in event            1
 Added good helicity            5  1.47769354778848061E-005  in event            1
 Added good helicity            6   1.9519039768888704       in event            1
 Added good helicity            7  2.19120419357043683E-002  in event            1
 Added good helicity            8  1.47769354778848095E-005  in event            1
 Added good helicity            9  1.47769382904406838E-005  in event            1
 Added good helicity           10  2.19120419357043753E-002  in event            1
 Added good helicity           11   1.9519042275070115       in event            1
 Added good helicity           12  1.47769382904406821E-005  in event            1
 Added good helicity           14  1.47769354778848061E-005  in event            1
 Added good helicity           15  1.47769382904406821E-005  in event            1
 Added good helicity           16   6.0261247394754962       in event            1
 Iteration  1   Mean: 0.2348E+10 Abs mean: 0.2348E+10   Fluctuation:  0.633E+08   0.102E+11    89.3%
  1    0.2348E+10 0.2348E+10 +- 0.6328E+08      1.21
 Writing out events   146049.33729552710        1.2051517884838645     
=======
 Added good helicity            1   4.0000000000063229       in event            1
 Added good helicity            6   3.9999999999936771       in event            1
 Added good helicity           11   3.9999999999936771       in event            1
 Added good helicity           16   4.0000000000063229       in event            1
 Added good helicity            2  1.73272201001841436E-005  in event           75
 Added good helicity            3  1.73272223394155270E-005  in event           75
 Added good helicity            5  1.73272201001841606E-005  in event           75
 Added good helicity            7  9.66469294262152674E-003  in event           75
 Added good helicity            8  1.73272201001841470E-005  in event           75
 Added good helicity            9  1.73272223394155337E-005  in event           75
 Added good helicity           10  9.66469294262152848E-003  in event           75
 Added good helicity           12  1.73272223394155439E-005  in event           75
 Added good helicity           14  1.73272201001841436E-005  in event           75
 Added good helicity           15  1.73272223394155270E-005  in event           75
 Iteration  1   Mean: 0.6611E+51 Abs mean: 0.6611E+51   Fluctuation:  0.351E+51   0.267E+54   100.0%
  1    0.6611E+51 0.6611E+51 +- 0.3507E+51     16.78
 Writing out events  7.34540618524399573E+046   16.776393164301155     
 Relative summed weights:
  0.1000E+01  0.0000E+00
 Relative number of events:
  0.1000E+01  0.0000E+00
 Events:
        1000           0
 Iteration  2   Mean: 0.5398E+52 Abs mean: 0.5398E+52   Fluctuation:  0.276E+52   0.407E+55   100.0%
  2    0.5398E+52 0.5398E+52 +- 0.2762E+52     22.88
>>>>>>> 911b5ec345c81b054214c521136984e9d6306827
 Relative summed weights:
  0.1000E+01  0.0000E+00
 Relative number of events:
  0.1000E+01  0.0000E+00
 Events:
        2000           0
<<<<<<< HEAD
Warning xbin not returning correct x   1  0.985886E+00  0.999970E+00  0.2171E-02
 Iteration  2   Mean: 0.2334E+10 Abs mean: 0.2334E+10   Fluctuation:  0.257E+08   0.694E+10    98.4%
  2    0.2334E+10 0.2334E+10 +- 0.2568E+08      0.70
=======
 Error in matrix element
 Iteration  3   Mean: 0.1602E+58 Abs mean: 0.1602E+58   Fluctuation:  0.138E+58   0.545E+61   100.0%
  3    0.1602E+58 0.1602E+58 +- 0.1381E+58     54.54
>>>>>>> 911b5ec345c81b054214c521136984e9d6306827
 Relative summed weights:
  0.1000E+01  0.0000E+00
 Relative number of events:
  0.1000E+01  0.0000E+00
 Events:
        4000           0
<<<<<<< HEAD
Warning xbin not returning correct x   1  0.995335E+00  0.999997E+00  0.7364E-03
 Iteration  3   Mean: 0.2359E+10 Abs mean: 0.2359E+10   Fluctuation:  0.130E+08   0.113E+11    99.1%
  3    0.2359E+10 0.2359E+10 +- 0.1301E+08      0.49
=======
 Found           36  events.
 Wrote            2  events.
 Actual xsec   2.47053682407654284E+056
 Correct abs xsec   2.47053682407654284E+056
 Event xsec   2.47053682407654284E+056
 Events wgts > 1:            0
 % Cross section > 1:    0.0000000000000000        0.0000000000000000     
 Checking number of events   10319.926421532535                2  chi2:    252106584729.04779     
 Found           36  events.
 Wrote            1  events.
 Actual xsec   2.47053682407654284E+056
 Correct abs xsec   2.47053682407654284E+056
 Event xsec   2.47053682407654284E+056
 Events wgts > 1:            0
 % Cross section > 1:    0.0000000000000000        0.0000000000000000     
 Error in matrix element
 Iteration  4   Mean: 0.7271E+56 Abs mean: 0.7271E+56   Fluctuation:  0.715E+56   0.572E+60   100.0%
  4    0.7271E+56 0.7271E+56 +- 0.7153E+56     88.00
>>>>>>> 911b5ec345c81b054214c521136984e9d6306827
 Relative summed weights:
  0.1000E+01  0.0000E+00
 Relative number of events:
  0.1000E+01  0.0000E+00
 Events:
        8000           0
<<<<<<< HEAD
 Found          819  events.
 Wrote          814  events.
 Actual xsec    2354248044.6727381     
 Correct abs xsec    2354248044.6727381     
 Event xsec    2354248044.6727042     
 Events wgts > 1:            0
 % Cross section > 1:    0.0000000000000000        0.0000000000000000     
 Checking number of events   4577.3644732572047              814  chi2:   0.38235156440791029     
 Found          819  events.
 Wrote          814  events.
 Actual xsec    2354248044.6727381     
 Correct abs xsec    2354248044.6727381     
 Event xsec    2354248044.6727042     
 Events wgts > 1:            0
 % Cross section > 1:    0.0000000000000000        0.0000000000000000     
Warning xbin not returning correct x   1  0.998831E+00  0.100000E+01  0.3130E-03
Warning xbin not returning correct x   1  0.991411E+00  0.999997E+00  0.3130E-03
Warning xbin not returning correct x   1  0.994770E+00  0.999998E+00  0.3130E-03
Warning xbin not returning correct x   1  0.993552E+00  0.999998E+00  0.3130E-03
Warning xbin not returning correct x   1  0.984836E+00  0.999995E+00  0.3130E-03
 Iteration  4   Mean: 0.2357E+10 Abs mean: 0.2357E+10   Fluctuation:  0.588E+07   0.446E+10    99.4%
  4    0.2357E+10 0.2357E+10 +- 0.5883E+07      0.32
=======
 Found            8  events.
 Wrote            1  events.
 Actual xsec   3.59604451847682828E+056
 Correct abs xsec   3.59604451847682828E+056
 Event xsec   3.59604451847682828E+056
 Events wgts > 1:            1
 % Cross section > 1:   1.27795681310518598E+049  3.55378473914580019E-006
 Checking number of events   15021.397162581407                1  chi2:    8477043242.6204672     
 Found            8  events.
 Wrote            1  events.
 Actual xsec   3.59604451847682828E+056
 Correct abs xsec   3.59604451847682828E+056
 Event xsec   3.59604451847682828E+056
 Events wgts > 1:            1
 % Cross section > 1:   1.27795681310518598E+049  3.55378473914580019E-006
 Iteration  5   Mean: 0.1084E+57 Abs mean: 0.1084E+57   Fluctuation:  0.976E+56   0.155E+61   100.0%
  5    0.1084E+57 0.1084E+57 +- 0.9755E+56    113.86
 Relative summed weights:
  0.1000E+01  0.0000E+00
 Relative number of events:
  0.1000E+01  0.0000E+00
 Events:
       16000           0
 Found           13  events.
 Wrote            1  events.
 Actual xsec   6.54167010554549599E+056
 Correct abs xsec   6.54167010554549599E+056
 Event xsec   6.54167010554549686E+056
 Events wgts > 1:            1
 % Cross section > 1:   8.46928275600458189E+048  1.29466674707809119E-006
 Checking number of events   27325.864364884645                1  chi2:    48.922031163443322     
 Found           13  events.
 Wrote            1  events.
 Actual xsec   6.54167010554549599E+056
 Correct abs xsec   6.54167010554549599E+056
 Event xsec   6.54167010554549686E+056
 Events wgts > 1:            1
 % Cross section > 1:   8.46928275600458189E+048  1.29466674707809119E-006
 Error in matrix element
 Error in matrix element
 Iteration  6   Mean: 0.1171E+57 Abs mean: 0.1171E+57   Fluctuation:  0.934E+56   0.297E+61   100.0%
  6    0.1171E+57 0.1171E+57 +- 0.9341E+56    142.66
 Relative summed weights:
  0.1000E+01  0.0000E+00
 Relative number of events:
  0.1000E+01  0.0000E+00
 Events:
       32000           0
 Found           22  events.
 Wrote            1  events.
 Actual xsec   1.02360751077897254E+056
 Correct abs xsec   1.02360751077897254E+056
 Event xsec   1.02360751077897254E+056
 Events wgts > 1:            0
 % Cross section > 1:    0.0000000000000000        0.0000000000000000     
 Checking number of events   4275.8132940259238                1  chi2:   0.10029144199102509     
 Found           22  events.
 Wrote            2  events.
 Actual xsec   1.02360751077897254E+056
 Correct abs xsec   1.02360751077897254E+056
 Event xsec   1.02360751077897254E+056
 Events wgts > 1:            0
 % Cross section > 1:    0.0000000000000000        0.0000000000000000     
 Error in matrix element
 Error in matrix element
 Error in matrix element
 Error in matrix element
 Error in matrix element
 Error in matrix element
 Error in matrix element
 Iteration  7   Mean: 0.8055E+56 Abs mean: 0.8055E+56   Fluctuation:  0.479E+56   0.297E+61   100.0%
  7    0.8055E+56 0.8055E+56 +- 0.4792E+56    150.51
>>>>>>> 911b5ec345c81b054214c521136984e9d6306827
 Relative summed weights:
  0.1000E+01  0.0000E+00
 Relative number of events:
  0.1000E+01  0.0000E+00
 Events:
<<<<<<< HEAD
       16000           0
 Found         1599  events.
 Wrote         1594  events.
 Actual xsec    2356723206.6818342     
 Correct abs xsec    2356723206.6818342     
 Event xsec    2356723206.6818595     
 Events wgts > 1:            0
 % Cross section > 1:    0.0000000000000000        0.0000000000000000     
 Checking number of events   4582.1769307514905             1594  chi2:   0.40344948823862764     
 Found         1599  events.
 Wrote         1594  events.
 Actual xsec    2356723206.6818342     
 Correct abs xsec    2356723206.6818342     
 Event xsec    2356723206.6818595     
 Events wgts > 1:            0
 % Cross section > 1:    0.0000000000000000        0.0000000000000000     
Warning xbin not returning correct x   1  0.995839E+00  0.999999E+00  0.1993E-03
Warning xbin not returning correct x   1  0.985492E+00  0.999997E+00  0.1993E-03
Warning xbin not returning correct x   1  0.992271E+00  0.999998E+00  0.1993E-03
Warning xbin not returning correct x   1  0.994265E+00  0.999999E+00  0.1993E-03
Warning xbin not returning correct x   1  0.990051E+00  0.999998E+00  0.1993E-03
Warning xbin still not working well. Last message this iteration.
 Iteration  5   Mean: 0.2350E+10 Abs mean: 0.2350E+10   Fluctuation:  0.298E+07   0.325E+10    99.6%
  5    0.2350E+10 0.2350E+10 +- 0.2982E+07      0.23
=======
       64000           0
 Found           42  events.
 Wrote            2  events.
 Actual xsec   9.68576406590806239E+055
 Correct abs xsec   9.68576406590806239E+055
 Event xsec   9.68576406590806239E+055
 Events wgts > 1:            0
 % Cross section > 1:    0.0000000000000000        0.0000000000000000     
 Checking number of events   4045.9373656111156                2  chi2:   8.84170425829128026E-002
 Found           42  events.
 Wrote            1  events.
 Actual xsec   9.68576406590806239E+055
 Correct abs xsec   9.68576406590806239E+055
 Event xsec   9.68576406590806239E+055
 Events wgts > 1:            0
 % Cross section > 1:    0.0000000000000000        0.0000000000000000     
 Error in matrix element
 Error in matrix element
 Error in matrix element
 Error in matrix element
 Error in matrix element
 Error in matrix element
 Error in matrix element
 Error in matrix element
 Error in matrix element
 Error in matrix element
 Error in matrix element
 Error in matrix element
 Error in matrix element
 Iteration  8   Mean: 0.1022E+57 Abs mean: 0.1022E+57   Fluctuation:  0.299E+56   0.297E+61   100.0%
  8    0.1022E+57 0.1022E+57 +- 0.2987E+56    104.61
>>>>>>> 911b5ec345c81b054214c521136984e9d6306827
 Relative summed weights:
  0.1000E+01  0.0000E+00
 Relative number of events:
  0.1000E+01  0.0000E+00
 Events:
<<<<<<< HEAD
       32000           0
 Found         3230  events.
 Wrote         3225  events.
 Actual xsec    2352159393.6156240     
 Correct abs xsec    2352159393.6156240     
 Event xsec    2352159393.6155534     
 Events wgts > 1:            0
 % Cross section > 1:    0.0000000000000000        0.0000000000000000     
 Checking number of events   4573.3035090068579             3225  chi2:   0.70652936239735376     
 Found         3230  events.
 Wrote         3225  events.
 Actual xsec    2352159393.6156240     
 Correct abs xsec    2352159393.6156240     
 Event xsec    2352159393.6155534     
 Events wgts > 1:            0
 % Cross section > 1:    0.0000000000000000        0.0000000000000000     
Warning xbin not returning correct x   1  0.987215E+00  0.999998E+00  0.1698E-03
Warning xbin not returning correct x   1  0.980951E+00  0.999997E+00  0.1698E-03
Warning xbin not returning correct x   1  0.991213E+00  0.999999E+00  0.1698E-03
Warning xbin not returning correct x   1  0.993541E+00  0.999999E+00  0.1698E-03
Warning xbin not returning correct x   1  0.986767E+00  0.999998E+00  0.1698E-03
Warning xbin still not working well. Last message this iteration.
 Iteration  6   Mean: 0.2357E+10 Abs mean: 0.2357E+10   Fluctuation:  0.153E+07   0.300E+10    99.7%
  6    0.2357E+10 0.2357E+10 +- 0.1534E+07      0.16
=======
      128000           0
 Found           94  events.
 Wrote            2  events.
 Actual xsec   9.98366323450903722E+055
 Correct abs xsec   9.98366323450903722E+055
 Event xsec   9.98366323450903722E+055
 Events wgts > 1:            0
 % Cross section > 1:    0.0000000000000000        0.0000000000000000     
 Checking number of events   4170.3758063191153                2  chi2:   0.10118367193297123     
 Found           94  events.
 Wrote            3  events.
 Actual xsec   9.98366323450903722E+055
 Correct abs xsec   9.98366323450903722E+055
 Event xsec   9.98366323450903722E+055
 Events wgts > 1:            0
 % Cross section > 1:    0.0000000000000000        0.0000000000000000     
 Error in matrix element
 Error in matrix element
 Error in matrix element
 Error in matrix element
 Error in matrix element
 Error in matrix element
 Error in matrix element
 Error in matrix element
 Error in matrix element
 Error in matrix element
 Error in matrix element
 Error in matrix element
 Error in matrix element
 Error in matrix element
 Error in matrix element
 Error in matrix element
 Error in matrix element
 Error in matrix element
 Error in matrix element
 Error in matrix element
 Error in matrix element
 Error in matrix element
 Error in matrix element
 Iteration  9   Mean: 0.1288E+57 Abs mean: 0.1288E+57   Fluctuation:  0.310E+56   0.297E+61   100.0%
  9    0.1288E+57 0.1288E+57 +- 0.3096E+56    121.62
 Relative summed weights:
  0.1000E+01  0.0000E+00
 Relative number of events:
  0.1000E+01  0.0000E+00
 Events:
      256000           0
 Found          158  events.
 Wrote           10  events.
 Actual xsec   1.14725152611309598E+056
 Correct abs xsec   1.14725152611309598E+056
 Event xsec   1.14725152611309598E+056
 Events wgts > 1:            0
 % Cross section > 1:    0.0000000000000000        0.0000000000000000     
 Checking number of events   4792.2990748796246               10  chi2:   0.44578620762819648     
 Found          158  events.
 Wrote           14  events.
 Actual xsec   1.14725152611309598E+056
 Correct abs xsec   1.14725152611309598E+056
 Event xsec   1.14725152611309642E+056
 Events wgts > 1:            0
 % Cross section > 1:    0.0000000000000000        0.0000000000000000     

 -------------------------------------------------------------------------------
 Accumulated results:   Integral =   +Infinity
                        Std dev  =   +Infinity
                       Cross sec =   +Infinity
             Chi**2 per DoF.     =     19.5734
 -------------------------------------------------------------------------------
-------------------------------------------------
---------------------------
 Results Last   3 iters: Integral =   0.1147E+57
                     Abs integral =   0.1147E+57
                          Std dev =   0.2033E+56
                  Chi**2 per DoF. =      0.4458
-------------------------------------------------
---------------------------
 Status -4.17719999999999991E-053          10           9
 Trying w/ fresh grid
 Starting w/ ncall =         4000
 Keeping grid fixed.
  2 dimensions   4000 events  2 invarients  8 iterations  1 config(s),  (0.99)
 Using h-tuple random number sequence.
 Error opening grid
 Using Uniform Grid!
 Using uniform alpha   1.0000000000000000     
 Grid defined OK
Setting grid   1    0.53290E-04   1
 Iteration  1   Mean: 0.3642E+28 Abs mean: 0.3642E+28   Fluctuation:  0.228E+28   0.825E+31   100.0%
  1    0.3642E+28 0.3642E+28 +- 0.2281E+28     39.62
 Relative summed weights:
  0.1000E+01  0.0000E+00
 Relative number of events:
  0.1000E+01  0.0000E+00
 Events:
        4000           0
 Iteration  2   Mean: 0.6644E+33 Abs mean: 0.6644E+33   Fluctuation:  0.362E+33   0.207E+37   100.0%
  2    0.6644E+33 0.6644E+33 +- 0.3616E+33     48.69
 Relative summed weights:
  0.1000E+01  0.0000E+00
 Relative number of events:
  0.1000E+01  0.0000E+00
 Events:
        8000           0
 Iteration  3   Mean: 0.4044E+37 Abs mean: 0.4044E+37   Fluctuation:  0.221E+37   0.307E+41   100.0%
  3    0.4044E+37 0.4044E+37 +- 0.2208E+37     69.06
 Relative summed weights:
  0.1000E+01  0.0000E+00
 Relative number of events:
  0.1000E+01  0.0000E+00
 Events:
       16000           0
 Found          162  events.
 Wrote            3  events.
 Actual xsec   1.46250788088223533E+036
 Correct abs xsec   1.46250788088223533E+036
 Event xsec   1.46250788088223533E+036
 Events wgts > 1:            1
 % Cross section > 1:   7.23672942105721568E+027  4.94816439326929975E-007
 Checking number of events  6.10918792002127347E-017           3  chi2:   2.05503533495878080E+017
 Found          162  events.
 Wrote            2  events.
 Actual xsec   1.46250788088223533E+036
 Correct abs xsec   1.46250788088223533E+036
 Event xsec   1.46250788088223533E+036
 Events wgts > 1:            1
 % Cross section > 1:   1.08550941315858235E+028  7.42224658990395015E-007
 Iteration  4   Mean: 0.1102E+46 Abs mean: 0.1102E+46   Fluctuation:  0.110E+46   0.352E+50   100.0%
  4    0.1102E+46 0.1102E+46 +- 0.1101E+46    178.75
 Relative summed weights:
  0.1000E+01  0.0000E+00
 Relative number of events:
  0.1000E+01  0.0000E+00
 Events:
       32000           0
 Found          323  events.
 Wrote            1  events.
 Actual xsec   1.42703960969546066E+044
 Correct abs xsec   1.42703960969546066E+044
 Event xsec   1.42703960969546066E+044
 Events wgts > 1:            1
 % Cross section > 1:   2.49269072990007779E+036  1.74675651114690077E-006
 Checking number of events  5.96102985761987778E-009           1  chi2:   7.78564829739608881E+022
 Found          323  events.
 Wrote            1  events.
 Actual xsec   1.42703960969546066E+044
 Correct abs xsec   1.42703960969546066E+044
 Event xsec   1.42703960969546066E+044
 Events wgts > 1:            1
 % Cross section > 1:   2.49269072990007779E+036  1.74675651114690077E-006
 Iteration  5   Mean: 0.6822E+49 Abs mean: 0.6822E+49   Fluctuation:  0.574E+49   0.359E+54   100.0%
  5    0.6822E+49 0.6822E+49 +- 0.5745E+49    213.04
>>>>>>> 911b5ec345c81b054214c521136984e9d6306827
 Relative summed weights:
  0.1000E+01  0.0000E+00
 Relative number of events:
  0.1000E+01  0.0000E+00
 Events:
       64000           0
<<<<<<< HEAD
 Found         6426  events.
 Wrote         6421  events.
 Actual xsec    2355734770.4181228     
 Correct abs xsec    2355734770.4181228     
 Event xsec    2355734770.4181957     
 Events wgts > 1:            0
 % Cross section > 1:    0.0000000000000000        0.0000000000000000     
 Checking number of events   4580.2551141239564             6421  chi2:    1.9622185161794130     

 -------------------------------------------------------------------------------
 Accumulated results:   Integral =  0.2356E+10
                        Std dev  =  0.1320E+07
                       Cross sec =  0.9365E+00
             Chi**2 per DoF.     =
-------------------------------------------------
---------------------------
 Results Last   3 iters: Integral =   0.2356E+10
                     Abs integral =   0.2356E+10
                          Std dev =   0.1329E+07
                  Chi**2 per DoF. =      1.9622
-------------------------------------------------
---------------------------
 Status -1.94430000000000017E-006           7           9
 We found enough events        6421   4580.2551141239564     
=======
 Found           52  events.
 Wrote            2  events.
 Actual xsec   1.66847593711625489E+048
 Correct abs xsec   1.66847593711625489E+048
 Event xsec   1.66847593711625489E+048
 Events wgts > 1:            1
 % Cross section > 1:   3.57871947527816802E+040  2.14490325911653359E-006
 Checking number of events  6.96955768452201934E-005           2  chi2:   2.85488611260327958E+023
 Found           52  events.
 Wrote            1  events.
 Actual xsec   1.66847593711625489E+048
 Correct abs xsec   1.66847593711625489E+048
 Event xsec   1.66847593711625489E+048
 Events wgts > 1:            1
 % Cross section > 1:   7.15743882074891457E+040  4.28980644043307149E-006
 Fixing grid
 Iteration  6   Mean: 0.5371E+51 Abs mean: 0.5371E+51   Fluctuation:  0.292E+51   0.323E+56   100.0%
  6    0.5371E+51 0.5371E+51 +- 0.2918E+51    194.34
 Relative summed weights:
  0.1000E+01  0.0000E+00
 Relative number of events:
  0.1000E+01  0.0000E+00
 Events:
      128000           0
 Found          123  events.
 Wrote            2  events.
 Actual xsec   3.15472228557557794E+050
 Correct abs xsec   3.15472228557557794E+050
 Event xsec   3.15472228557557794E+050
 Events wgts > 1:            0
 % Cross section > 1:    0.0000000000000000        0.0000000000000000     
 Checking number of events  1.31779059313063031E-002           2  chi2:    41063292705.649849     
 Found          123  events.
 Wrote            3  events.
 Actual xsec   3.15472228557557794E+050
 Correct abs xsec   3.15472228557557794E+050
 Event xsec   3.15472228557557835E+050
 Events wgts > 1:            0
 % Cross section > 1:    0.0000000000000000        0.0000000000000000     
 Iteration  7   Mean: 0.1533E+55 Abs mean: 0.1533E+55   Fluctuation:  0.151E+55   0.388E+60   100.0%
  7    0.1533E+55 0.1533E+55 +- 0.1515E+55    499.90
 Relative summed weights:
  0.1000E+01  0.0000E+00
 Relative number of events:
  0.1000E+01  0.0000E+00
 Events:
      256000           0
 Found           81  events.
 Wrote            1  events.
 Actual xsec   2.70026095775296678E+053
 Correct abs xsec   2.70026095775296678E+053
 Event xsec   2.70026095775296678E+053
 Events wgts > 1:            1
 % Cross section > 1:   4.25423618284664212E+045  1.57549075789579327E-006
 Checking number of events   11.279530072725693                1  chi2:    1105047100.9773507     
 Found           81  events.
 Wrote            1  events.
 Actual xsec   2.70026095775296678E+053
 Correct abs xsec   2.70026095775296678E+053
 Event xsec   2.70026095775296678E+053
 Events wgts > 1:            1
 % Cross section > 1:   4.25423618284664212E+045  1.57549075789579327E-006
 Iteration  8   Mean: 0.3979E+55 Abs mean: 0.3979E+55   Fluctuation:  0.370E+55   0.189E+61   100.0%
  8    0.3979E+55 0.3979E+55 +- 0.3702E+55    665.68
 Relative summed weights:
  0.1000E+01  0.0000E+00
 Relative number of events:
  0.1000E+01  0.0000E+00
 Events:
      512000           0
 Found           24  events.
 Wrote            1  events.
 Actual xsec   1.14698635889913912E+056
 Correct abs xsec   1.14698635889913912E+056
 Event xsec   1.14698635889913912E+056
 Events wgts > 1:            1
 % Cross section > 1:   4.02098569124861697E+048  3.50569617506863884E-006
 Checking number of events   46.283797920959408                1  chi2:    7204388.7166954335     
 Found           24  events.
 Wrote            2  events.
 Actual xsec   1.14698635889913912E+056
 Correct abs xsec   1.14698635889913912E+056
 Event xsec   1.14698635889913912E+056
 Events wgts > 1:            1
 % Cross section > 1:   2.01049286740237997E+048  1.75284810652152982E-006

 -------------------------------------------------------------------------------
 Accumulated results:   Integral =   +Infinity
                        Std dev  =   +Infinity
                       Cross sec =   +Infinity
             Chi**2 per DoF.     =     20.6762
 -------------------------------------------------------------------------------
-------------------------------------------------
---------------------------
 Results Last   3 iters: Integral =   0.1108E+55
                     Abs integral =   0.1108E+55
                         Std dev =   0.4695E+54
                 Chi**2 per DoF. =7204388.7167
-------------------------------------------------
---------------------------
>>>>>>> 911b5ec345c81b054214c521136984e9d6306827

ls status:
events.lhe
ftn25
ftn26
input_sg.txt
<<<<<<< HEAD
moffset.dat
results.dat
run_01_ftn26.gz
run_01_log.txt
run_01_results.dat
run_02_ftn26.gz
run_02_log.txt
run_02_results.dat
run_03_ftn26.gz
run_03_log.txt
run_03_results.dat
run_04_ftn26.gz
run_04_log.txt
run_04_results.dat
=======
log.txt
moffset.dat
results.dat
>>>>>>> 911b5ec345c81b054214c521136984e9d6306827
run1_app.log
