 Process in group number            1
 No PDF is used, alpha_s(MZ) from param_card is used
 Value of alpha_s from param_card:   0.11800000071525575     
 The default order of alpha_s running is fixed to            2
 *****************************************************
 *               MadGraph/MadEvent                   *
 *        --------------------------------           *
 *          http://madgraph.hep.uiuc.edu             *
 *          http://madgraph.phys.ucl.ac.be           *
 *          http://madgraph.roma2.infn.it            *
 *        --------------------------------           *
 *                                                   *
 *          PARAMETER AND COUPLING VALUES            *
 *                                                   *
 *****************************************************

  External Params
  ---------------------------------
  
 mdl_MB =    4.6999998092651367     
 mdl_MT =    173.00000000000000     
 mdl_MTA =    1.7769999504089355     
 mdl_MZ =    91.188003540039063     
 mdl_MH =    125.00000000000000     
 aEWM1 =    132.50700378417969     
 mdl_Gf =   1.16639000000000003E-005
 aS =   0.11800000071525575     
 mdl_ymb =    4.6999998092651367     
 mdl_ymt =    173.00000000000000     
 mdl_ymtau =    1.7769999504089355     
 mdl_WT =    1.4915000200271606     
 mdl_WZ =    2.4414041042327881     
 mdl_WW =    2.0476000308990479     
 mdl_WH =   6.38233916833996773E-003
  Internal Params
  ---------------------------------
  
 mdl_conjg__CKM3x3 =    1.0000000000000000     
 mdl_CKM3x3 =    1.0000000000000000     
 mdl_conjg__CKM1x1 =    1.0000000000000000     
 mdl_complexi =  (  0.0000000000000000     ,  1.0000000000000000     )
 mdl_MZ__exp__2 =    8315.2519896181766     
 mdl_MZ__exp__4 =    69143415.650849044     
 mdl_sqrt__2 =    1.4142135623730951     
 mdl_MH__exp__2 =    15625.000000000000     
 mdl_aEW =   7.54677089845565054E-003
 mdl_MW =    80.419007276179556     
 mdl_sqrt__aEW =   8.68721526063194194E-002
 mdl_ee =   0.30795376284704501     
 mdl_MW__exp__2 =    6467.2167312862202     
 mdl_sw2 =   0.22224645274001076     
 mdl_cw =   0.88190336616887299     
 mdl_sqrt__sw2 =   0.47143022043565552     
 mdl_sw =   0.47143022043565552     
 mdl_g1 =   0.34919218438279087     
 mdl_gw =   0.65323296958447097     
 mdl_vev =    246.21845810181631     
 mdl_vev__exp__2 =    60623.529110035874     
 mdl_lam =   0.12886910601690271     
 mdl_yb =   2.69955531549349904E-002
 mdl_yt =   0.99366614581500645     
 mdl_ytau =   1.02066167158167895E-002
 mdl_muH =    88.388347648318444     
 mdl_I1x33 =  ( 2.69955531549349904E-002,  0.0000000000000000     )
 mdl_I2x33 =  ( 0.99366614581500645     ,  0.0000000000000000     )
 mdl_I3x33 =  ( 0.99366614581500645     ,  0.0000000000000000     )
 mdl_I4x33 =  ( 2.69955531549349904E-002,  0.0000000000000000     )
 mdl_ee__exp__2 =   9.48355200516540348E-002
 mdl_sw__exp__2 =   0.22224645274001076     
 mdl_cw__exp__2 =   0.77775354725998924     
  Internal Params evaluated point by point
  ----------------------------------------
  
 mdl_sqrt__aS =   0.34351128178744839     
 mdl_G__exp__2 =    1.4828317414825511     
  Couplings of sm
  ---------------------------------
  
         GC_3 =  -0.00000E+00  -0.30795E+00
        GC_50 =  -0.00000E+00  -0.28804E+00
        GC_59 =   0.00000E+00   0.82310E-01

 Collider parameters:
 --------------------

 Running at e e   machine @    13000.000000000000       GeV
 PDF set = none   
 alpha_s(Mz)= 0.1180 running at 2 loops.
 alpha_s(Mz)= 0.1180 running at 2 loops.
 Renormalization scale set on event-by-event basis
 Factorization   scale set on event-by-event basis


 getting user params
Enter number of events and max and min iterations: 
 Number of events and iterations         1000           5           3
Enter desired fractional accuracy: 
 Desired fractional accuracy:   0.10000000000000001     
Enter 0 for fixed, 2 for adjustable grid: 
Suppress amplitude (0 no, 1 yes)? 
 Using suppressed amplitude.
Exact helicity sum (0 yes, n = number/event)? 
 Explicitly summing over helicities
Enter Configuration Number: 
Running Configuration Number:    8
 Not subdividing B.W.
 Attempting mappinvarients           1           5
 Completed mapping           5
 about to integrate            5        1000           5           3           5           1
 Using non-zero grid deformation.
  5 dimensions   1000 events  5 invarients  5 iterations  1 config(s),  (0.99)
 Using h-tuple random number sequence.
 Error opening grid
 Using Uniform Grid!
 Using uniform alpha   1.0000000000000000     
 Grid defined OK
 Set CM energy to      13000.00
 Mapping Graph           8  to config           8
 Setting BW          -1           1   91.188003540039063     
Setting grid   2    0.59172E-06   1
 Masses: 0.000E+00 0.000E+00 0.000E+00 0.000E+00 0.000E+00
   8   1   2   3   4   5
Using random seed offsets     8 :      1
  with seed                   33
 Ranmar initialization seeds       11956        9408
  Particle       3       4       5
      Et >    10.0    10.0    10.0
       E >     0.0     0.0     0.0
     Eta <     2.5     2.5     2.5
   xqcut:      0.0     0.0     0.0
d R # 3  >    -0.0     0.4     0.4
d R # 4  >    -0.0    -0.0     0.4
s min # 3>     0.0     0.0     0.0
s min # 4>     0.0     0.0     0.0
xqcutij # 3>     0.0     0.0     0.0
xqcutij # 4>     0.0     0.0     0.0
 No cut BW           -1           1
 alpha_s for scale    80.624391069563700       is   0.12023331414156438     
 Added good helicity            1  0.12133341176786949       in event            1
 Added good helicity           10  2.50738302723274803E-004  in event            1
 Added good helicity           11   15.871926435493897       in event            1
 Added good helicity           14  1.60682403347668667E-003  in event            1
 Added good helicity           19  5.11869514500424422E-003  in event            1
 Added good helicity           22   15.877062560389248       in event            1
 Added good helicity           23  1.36944298462447463E-003  in event            1
 Added good helicity           32  0.12133098326908794       in event            1
 Added good helicity           15  4.16317517226294422E-003  in event            2
 Added good helicity           18  4.15750641533543883E-003  in event            2
 Added good helicity            5  6.26678228468449365E-006  in event            9
 Added good helicity           28  6.26679253435842972E-006  in event            9
 Iteration  1   Mean: 0.1152E-05 Abs mean: 0.1152E-05   Fluctuation:  0.157E-06   0.475E-04     0.3%
  1    0.1152E-05 0.1152E-05 +- 0.1568E-06      3.57
 Writing out events  4.60868376731858723E-008   3.5677467044279152     
 Relative summed weights:
  0.1000E+01  0.0000E+00
 Relative number of events:
  0.1000E+01  0.0000E+00
 Events:
         687           0
 Iteration  2   Mean: 0.2827E-05 Abs mean: 0.2827E-05   Fluctuation:  0.380E-06   0.420E-03     0.9%
  2    0.2827E-05 0.2827E-05 +- 0.3800E-06      6.01
 Relative summed weights:
  0.1000E+01  0.0000E+00
 Relative number of events:
  0.1000E+01  0.0000E+00
 Events:
        2000           0
 Iteration  3   Mean: 0.3439E-05 Abs mean: 0.3439E-05   Fluctuation:  0.467E-06   0.133E-02     0.7%
  3    0.3439E-05 0.3439E-05 +- 0.4675E-06      8.60
 Relative summed weights:
  0.1000E+01  0.0000E+00
 Relative number of events:
  0.1000E+01  0.0000E+00
 Events:
        4000           0
 Accuracy:    0.275   0.100   0.078  12.356
 Found         3723  events.
 Wrote            9  events.
 Actual xsec   2.47623779229610110E-006
 Correct abs xsec   2.47623779229610110E-006
 Event xsec   2.47623779229610068E-006
 Events wgts > 1:            1
 % Cross section > 1:   1.06490115035377591E-015  4.30048016255475360E-008
 Iteration  4   Mean: 0.5418E-05 Abs mean: 0.5418E-05   Fluctuation:  0.149E-05   0.107E-01     0.9%
  4    0.5418E-05 0.5418E-05 +- 0.1487E-05     24.55
 Relative summed weights:
  0.1000E+01  0.0000E+00
 Relative number of events:
  0.1000E+01  0.0000E+00
 Events:
        8000           0
 Accuracy:    0.259   0.100   0.075  11.813
 Found         7302  events.
 Wrote            5  events.
 Actual xsec   3.37693423214786559E-006
 Correct abs xsec   3.37693423214786559E-006
 Event xsec   3.37693423214786559E-006
 Events wgts > 1:            0
 % Cross section > 1:    0.0000000000000000        0.0000000000000000     
 Iteration  5   Mean: 0.3259E-05 Abs mean: 0.3259E-05   Fluctuation:  0.218E-06   0.232E-02     1.3%
  5    0.3259E-05 0.3259E-05 +- 0.2184E-06      8.47
 Relative summed weights:
  0.1000E+01  0.0000E+00
 Relative number of events:
  0.1000E+01  0.0000E+00
 Events:
       16000           0
 Accuracy:    0.141   0.100   0.050   7.969
 Found        12428  events.
 Wrote           28  events.
 Actual xsec   3.39157721457025052E-006
 Correct abs xsec   3.39157721457025052E-006
 Event xsec   3.39157721457025137E-006
 Events wgts > 1:            2
 % Cross section > 1:   2.89555193345390112E-008  0.85374790260253541     

 -------------------------------------------------------------------------------
 Accumulated results:   Integral =  0.3011E-05
                        Std dev  =  0.1506E-06
                       Cross sec =  0.3011E-05
             Chi**2 per DoF.     =      7.9695
 -------------------------------------------------------------------------------
-------------------------------------------------
---------------------------
 Results Last   3 iters: Integral =   0.3392E-05
                     Abs integral =   0.3392E-05
                          Std dev =   0.1991E-06
                  Chi**2 per DoF. =      1.1175
-------------------------------------------------
---------------------------
 Status  0.10000000000000001                6           5

ls status:
events.lhe
input_app.txt
multijob.dat
results.dat
run_01_log.txt
run_01_results.dat
run1_app.log
