1                                                                              
 ******************************************************************************
 ******************************************************************************
 **                                                                          **
 **                                                                          **
 **              *......*                  Welcome to the Lund Monte Carlo!  **
 **         *:::!!:::::::::::*                                               **
 **      *::::::!!::::::::::::::*          PPP  Y   Y TTTTT H   H III   A    **
 **    *::::::::!!::::::::::::::::*        P  P  Y Y    T   H   H  I   A A   **
 **   *:::::::::!!:::::::::::::::::*       PPP    Y     T   HHHHH  I  AAAAA  **
 **   *:::::::::!!:::::::::::::::::*       P      Y     T   H   H  I  A   A  **
 **    *::::::::!!::::::::::::::::*!       P      Y     T   H   H III A   A  **
 **      *::::::!!::::::::::::::* !!                                         **
 **      !! *:::!!:::::::::::*    !!       This is PYTHIA version 6.426      **
 **      !!     !* -><- *         !!       Last date of change: 16 Nov 2011  **
 **      !!     !!                !!                                         **
 **      !!     !!                !!       Now is  0 Jan 2000 at  0:00:00    **
 **      !!                       !!                                         **
 **      !!        lh             !!       Disclaimer: this program comes    **
 **      !!                       !!       without any guarantees. Beware    **
 **      !!                 hh    !!       of errors and use common sense    **
 **      !!    ll                 !!       when interpreting results.        **
 **      !!                       !!                                         **
 **      !!                                Copyright T. Sjostrand (2011)     **
 **                                                                          **
 ** An archive of program versions and documentation is found on the web:    **
 ** http://www.thep.lu.se/~torbjorn/Pythia.html                              **
 **                                                                          **
 ** When you cite this program, the official reference is to the 6.4 manual: **
 ** T. Sjostrand, S. Mrenna and P. Skands, JHEP05 (2006) 026                 **
 ** (LU TP 06-13, FERMILAB-PUB-06-052-CD-T) [hep-ph/0603175].                **
 **                                                                          **
 ** Also remember that the program, to a large extent, represents original   **
 ** physics research. Other publications of special relevance to your        **
 ** studies may therefore deserve separate mention.                          **
 **                                                                          **
 ** Main author: Torbjorn Sjostrand; Department of Theoretical Physics,      **
 **   Lund University, Solvegatan 14A, S-223 62 Lund, Sweden;                **
 **   phone: + 46 - 46 - 222 48 16; e-mail: torbjorn@thep.lu.se              **
 ** Author: Stephen Mrenna; Computing Division, GDS Group,                   **
 **   Fermi National Accelerator Laboratory, MS 234, Batavia, IL 60510, USA; **
 **   phone: + 1 - 630 - 840 - 2556; e-mail: mrenna@fnal.gov                 **
 ** Author: Peter Skands; CERN/PH-TH, CH-1211 Geneva, Switzerland            **
 **   phone: + 41 - 22 - 767 24 47; e-mail: peter.skands@cern.ch             **
 **                                                                          **
 **                                                                          **
 ******************************************************************************
 ******************************************************************************
     MSTU(11)       changed from              6 to              6
     MDCY(C15,1)    changed from              1 to              0
     MSEL           changed from              1 to              0

 Reading pythia input card
     mstp(61)       changed from              2 to              1
     mstp(71)       changed from              1 to              1
     mstj(1)        changed from              1 to              1
     mstp(81)       changed from              1 to             20
     mstu(21)       changed from              2 to              1
 Set LHAPATH to /home/local1/project/Dark-Photons/madgraph/madgraph_binaries/pythia-pgs/src/PDFsets                                                 
 Opened file unweighted_events.lhe                                                           
 Running as inclusive sample (highest mult.)

 Initiating pythia with external process
1****************** PYINIT: initialization of PYTHIA routines *****************
 Reading parameter sminputs           1   132.50700000000001     
 Reading parameter sminputs           2  1.16639000000000003E-005
 Reading parameter sminputs           3  0.11799999999999999     
 Reading model: sm      
     IMSS(21)       changed from              0 to             24
 Initializing PYR with random seed           21
 Found parameter  ickkw            0
     MSTP(98)       changed from              0 to              1
 ****************** PYSLHA v1.14: SUSY/BSM SPECTRUM INTERFACE *****************
 * (PYSLHA:) Last Change 10 Jun 2010 - P.Z. Skands
 * (PYSLHA:) Ignoring MASS  entry for KF =        5 (SLHA read-in not allowed)
 * (PYSLHA:) Reading  MASS  entry for KF =        6, pole mass =     173.000
 * (PYSLHA:) Ignoring MASS  entry for KF =       15 (SLHA read-in not allowed)
 * (PYSLHA:) Reading  MASS  entry for KF =       23, pole mass =      91.188
 * (PYSLHA:) Reading  MASS  entry for KF =       25, pole mass =     125.000
 * (PYSLHA:) Ignoring MASS  entry for KF =        1 (SLHA read-in not allowed)
 * (PYSLHA:) Ignoring MASS  entry for KF =        2 (SLHA read-in not allowed)
 * (PYSLHA:) Ignoring MASS  entry for KF =        3 (SLHA read-in not allowed)
 * (PYSLHA:) Ignoring MASS  entry for KF =        4 (SLHA read-in not allowed)
 * (PYSLHA:) Ignoring MASS  entry for KF =       11 (SLHA read-in not allowed)
 * (PYSLHA:) Ignoring MASS  entry for KF =       12 (SLHA read-in not allowed)
 * (PYSLHA:) Ignoring MASS  entry for KF =       13 (SLHA read-in not allowed)
 * (PYSLHA:) Ignoring MASS  entry for KF =       14 (SLHA read-in not allowed)
 * (PYSLHA:) Ignoring MASS  entry for KF =       16 (SLHA read-in not allowed)
 * (PYSLHA:) Ignoring MASS  entry for KF =       21 (SLHA read-in not allowed)
 * (PYSLHA:) Ignoring MASS  entry for KF =       22 (SLHA read-in not allowed)
 * (PYSLHA:) Reading  MASS  entry for KF =       24, pole mass =      80.419

 ==============================================================================
 I                                                                            I
 I         PYTHIA will be initialized for e+ on e- user configuration         I
 I            with   6500.000 GeV on   6500.000 GeV beam energies             I
 I                                                                            I
 I           corresponding to  13000.000 GeV center-of-mass energy            I
 I                                                                            I
 ==============================================================================

 ******** PYMAXI: summary of differential cross-section maximum search ********

           ==========================================================
           I                                      I                 I
           I  ISUB  Subprocess name               I  Maximum value  I
           I                                      I                 I
           ==========================================================
           I                                      I                 I
           I    4   User process 1                I    1.2827D-11   I
           I                                      I                 I
           ==========================================================

 ********************** PYINIT: initialization completed **********************
 Initialisation done

 Generating all events


          ********************************************************
                  STDHEP version 5.04.01 -  Aug. 29, 2005          
          ********************************************************


 STDXWOPEN WARNING: I/O is initialized for stdhep only
 stdhep initialized



 ***************************************************************************
 *                         *****TAUOLA LIBRARY: VERSION 2.5 ******         *
 *                         ***********JUNE     1994***************         *
 *                         **AUTHORS: S.JADACH, Z.WAS*************         *
 *                         **R. DECKER, M. JEZABEK, J.H.KUEHN*****         *
 *                         **AVAILABLE FROM: WASM AT CERNVM ******         *
 *                         ***** PUBLISHED IN COMP. PHYS. COMM.***         *
 *                         *******CERN-TH-5856 SEPTEMBER 1990*****         *
 *                         *******CERN-TH-6195 SEPTEMBER 1991*****         *
 *                         *******CERN-TH-6793 NOVEMBER  1992*****         *
 *                         **5 or more pi dec.: precision limited          *
 *                         ******DEXAY ROUTINE: INITIALIZATION****         *
 *                   0     JAK1   = DECAY MODE FERMION1 (TAU+)             *
 *                   0     JAK2   = DECAY MODE FERMION2 (TAU-)             *
 ***************************************************************************


 ***************************************************************************

 _______________________________________________________________________________
 TAUOLA VERSION 2.1 PARAMETER SET           0
 _______________________________________________________________________________
 Printing end run statistics.
 GENP bank used for input.
 Mult. taus in event have same chirality.
 Taus polarized in W/Z rest frame.
 Helicity:    1.0000000    
 Lifetime:    295.60001     fs
 _______________________________________________________________________________
 STANDARD MODEL PARAMETERS
 Gfermi =               1.16639203E-05
 Gv =                    1.0000000    
 Ga =                   -1.0000000    
 Cos(Cabibbo_angle) =   0.97500002    
 Sin(Cabibbo_angle) =   0.22220472    
 Gamma_e =              4.04914356E-13
 1/alpha =               137.03598956100001     
 1/(alpha*pi) =         2.32281962719069982E-003
 xk0 =                  0.10000000149011612     
 _______________________________________________________________________________
 KAON/A1 DECAY PARAMETERS
 bra1  =  0.50000000    
 brk0  =  0.50000000    
 brk0b =  0.50000000    
 brks  =  0.66670001    
 _______________________________________________________________________________
 MASSES
 e     =  5.10998943E-04      nu_e  =   0.0000000    
 mu    =  0.10565837          nu_mu =   0.0000000    
 tau   =   1.7769901          nu_tau=  9.99999978E-03
 pi    =  0.13957018    
 pi0   =  0.13497660    
 rho   =  0.77579999          rho wid.=  0.15030000    
 A1    =   1.2300000          A1 wid. =  0.59899998    
 K     =  0.49367699    
 K0    =  0.49764800    
 K*    =  0.89165998          K* wid. =  5.07999994E-02
 _______________________________________________________________________________
 TAU BRANCHING RATIOS
 nchan =           22
 Tau --> e nu nu            1.0000000    
 Tau --> mu nu nu          0.97979999    
 Tau --> pi nu             0.64955997    
 Tau --> Rho (--> 2pi) nu   1.3990200    
 Tau --> A1 (--> 3pi) nu    1.0005500    
 Tau --> K nu              3.71199995E-02
 Tau --> K* nu             8.02399963E-02
 Tau --> 3pi pi0 nu        0.31222999    
 Tau --> pi 3pi0 nu         0.0000000    
 Tau --> 3pi 2pi0 nu        0.0000000    
 Tau --> 5pi nu             0.0000000    
 Tau --> 5pi pi0 nu         0.0000000    
 Tau --> 3pi 3pi0 nu        0.0000000    
 Tau --> 2K pi nu           0.0000000    
 Tau --> pi K0 K0bar nu     0.0000000    
 Tau --> K K0 pi0 nu        0.0000000    
 Tau --> K 2pi0 nu          0.0000000    
 Tau --> K 2pi nu           0.0000000    
 Tau --> pi K0bar pi0 nu    0.0000000    
 Tau --> eta pi pi0 nu      0.0000000    
 Tau --> pi pi0 gam nu      0.0000000    
 Tau --> K K0 nu            0.0000000    
 _______________________________________________________________________________
 Starting event loop

 Event number:            1

          Event listing of user process at input (simplified)

   I IST     ID Mothers   Colours    p_x      p_y      p_z       E        m
   1 -1     -11   0   0    0    0    0.000    0.000 6500.000 6500.000    0.000
   2 -1      11   0   0    0    0   -0.000   -0.000-6500.000 6500.000    0.000
   3  1      22   1   2    0    0  629.137 1237.432-3064.432 3364.193    0.000
   4  1     -11   1   2    0    0-2365.623-1804.409 5699.594 6429.419    0.001
   5  1      11   1   2    0    0 1736.486  566.977-2635.162 3206.388    0.001



                            Event listing (standard)

    I  particle/jet  K(I,1)   K(I,2) K(I,3)     K(I,4)      K(I,5)       P(I,1)       P(I,2)       P(I,3)       P(I,4)       P(I,5)

    1  !e+!              21       -11    0           0           0      0.00000      0.00000   6500.00000   6500.00000      0.00051
    2  !e-!              21        11    0           0           0      0.00000      0.00000  -6500.00000   6500.00000      0.00051
 ==================================================================================================================================
    3  !e+!              21       -11    1           0           0     -0.00000     -0.00000   6500.00000   6500.00000      0.00000
    4  !e-!              21        11    2           0           0     -0.00000     -0.00000  -6500.00000   6500.00000      0.00000
    5  !e+!              21       -11    3           0           0      0.00000      0.00000   6500.00000   6500.00000      0.00000
    6  !e-!              21        11    4           0           0      0.00000      0.00000  -6500.00000   6500.00000      0.00000
    7  !gamma!           21        22    0           0           0    629.13704   1237.43249  -3064.43188   3364.19311      0.00000
    8  !e+!              21       -11    0           0           0  -2365.62269  -1804.40912   5699.59363   6429.41914      0.00051
    9  !e-!              21        11    0           0           0   1736.48565    566.97663  -2635.16175   3206.38775      0.00051
 ==================================================================================================================================
   10  gamma              1        22    7           0           0    629.13704   1237.43249  -3064.43188   3364.19311      0.00000
   11  (e+)              11       -11    8          17          17  -2365.62269  -1804.40912   5699.59363   6429.41914      0.00051
   12  (e-)              11        11    9          15          16   1736.48565    566.97663  -2635.16175   3206.38775      0.00051
   13  gamma              1        22    1           0           0      0.00000      0.00000      0.00000      0.00000      0.00000
   14  gamma              1        22    2           0           0      0.00000      0.00000     -0.00000      0.00000      0.00000
   15  e-                 1        11   12           0           0   1736.48248    566.97567  -2635.15687   3206.38185      0.00051
   16  gamma              1        22   12           0           0      0.00317      0.00096     -0.00488      0.00590      0.00000
   17  e+                 1       -11   11           0           0  -2365.62269  -1804.40912   5699.59363   6429.41914      0.00051
 ==================================================================================================================================
                   sum charge:  0.00   sum momentum and inv. mass:      0.00000     -0.00000     -0.00000  13000.00000  13000.00000
 SCALUP:    68.021540000000002     
 PS SCALE:    68.021540000000002     

 Event number:            2

          Event listing of user process at input (simplified)

   I IST     ID Mothers   Colours    p_x      p_y      p_z       E        m
   1 -1     -11   0   0    0    0    0.000    0.000 6500.000 6500.000    0.000
   2 -1      11   0   0    0    0   -0.000   -0.000-6500.000 6500.000    0.000
   3  1      22   1   2    0    0 -530.498 -418.415 3303.798 3372.177    0.000
   4  1     -11   1   2    0    0-1059.105  176.359 2966.404 3154.736    0.001
   5  1      11   1   2    0    0 1589.603  242.057-6270.202 6473.087    0.001



                            Event listing (standard)

    I  particle/jet  K(I,1)   K(I,2) K(I,3)     K(I,4)      K(I,5)       P(I,1)       P(I,2)       P(I,3)       P(I,4)       P(I,5)

    1  !e+!              21       -11    0           0           0      0.00000      0.00000   6500.00000   6500.00000      0.00051
    2  !e-!              21        11    0           0           0      0.00000      0.00000  -6500.00000   6500.00000      0.00051
 ==================================================================================================================================
    3  !e+!              21       -11    1           0           0      0.00000     -0.00000   6500.00000   6500.00000      0.00000
    4  !e-!              21        11    2           0           0     -0.00000      0.00000  -6500.00000   6500.00000      0.00000
    5  !e+!              21       -11    3           0           0      0.00000      0.00000   6500.00000   6500.00000      0.00000
    6  !e-!              21        11    4           0           0      0.00000      0.00000  -6500.00000   6500.00000      0.00000
    7  !gamma!           21        22    0           0           0   -530.49839   -418.41533   3303.79761   3372.17713      0.00000
    8  !e+!              21       -11    0           0           0  -1059.10469    176.35867   2966.40396   3154.73574      0.00051
    9  !e-!              21        11    0           0           0   1589.60308    242.05666  -6270.20157   6473.08714      0.00051
 ==================================================================================================================================
   10  gamma              1        22    7           0           0   -530.49839   -418.41533   3303.79761   3372.17713      0.00000
   11  e+                 1       -11    8           0           0  -1059.10469    176.35867   2966.40396   3154.73574      0.00051
   12  e-                 1        11    9           0           0   1589.60308    242.05666  -6270.20157   6473.08714      0.00051
   13  gamma              1        22    1           0           0     -0.00000      0.00000      0.00000      0.00000      0.00000
   14  gamma              1        22    2           0           0      0.00000     -0.00000     -0.00000      0.00000      0.00000
 ==================================================================================================================================
                   sum charge:  0.00   sum momentum and inv. mass:      0.00000     -0.00000     -0.00000  13000.00000  13000.00000
 SCALUP:    68.286670000000001     
 PS SCALE:    68.286670000000001     

 Event number:            3

          Event listing of user process at input (simplified)

   I IST     ID Mothers   Colours    p_x      p_y      p_z       E        m
   1 -1     -11   0   0    0    0    0.000    0.000 6500.000 6500.000    0.000
   2 -1      11   0   0    0    0   -0.000   -0.000-6500.000 6500.000    0.000
   3  1      22   1   2    0    0  -27.330   -4.232  -33.876   43.731    0.000
   4  1     -11   1   2    0    0  958.751 1938.443 6126.238 6496.734    0.001
   5  1      11   1   2    0    0 -931.421-1934.210-6092.362 6459.535    0.001



                            Event listing (standard)

    I  particle/jet  K(I,1)   K(I,2) K(I,3)     K(I,4)      K(I,5)       P(I,1)       P(I,2)       P(I,3)       P(I,4)       P(I,5)

    1  !e+!              21       -11    0           0           0      0.00000      0.00000   6500.00000   6500.00000      0.00051
    2  !e-!              21        11    0           0           0      0.00000      0.00000  -6500.00000   6500.00000      0.00051
 ==================================================================================================================================
    3  !e+!              21       -11    1           0           0     -0.00000      0.00000   6500.00000   6500.00000      0.00000
    4  !e-!              21        11    2           0           0     -0.00000      0.00000  -6500.00000   6500.00000      0.00000
    5  !e+!              21       -11    3           0           0      0.00000      0.00000   6500.00000   6500.00000      0.00000
    6  !e-!              21        11    4           0           0      0.00000      0.00000  -6500.00000   6500.00000      0.00000
    7  !gamma!           21        22    0           0           0    -27.32990     -4.23215    -33.87614     43.73131      0.00000
    8  !e+!              21       -11    0           0           0    958.75054   1938.44252   6126.23799   6496.73410      0.00051
    9  !e-!              21        11    0           0           0   -931.42063  -1934.21037  -6092.36185   6459.53459      0.00051
 ==================================================================================================================================
   10  gamma              1        22    7           0           0    -27.32990     -4.23215    -33.87614     43.73131      0.00000
   11  (e+)              11       -11    8          17          17    958.75054   1938.44252   6126.23799   6496.73410      0.00051
   12  (e-)              11        11    9          15          16   -931.42063  -1934.21037  -6092.36185   6459.53459      0.00051
   13  gamma              1        22    1           0           0      0.00000     -0.00000      0.00000      0.00000      0.00000
   14  gamma              1        22    2           0           0      0.00000     -0.00000     -0.00000      0.00000      0.00000
   15  (e-)              11        11   12          20          20   -921.13564  -1912.84740  -6024.88645   6388.01477      0.00051
   16  gamma              1        22   12           0           0    -10.28499    -21.36297    -67.47539     71.51983      0.00000
   17  (e+)              11       -11   11          18          19    958.75054   1938.44252   6126.23798   6496.73409      0.00051
   18  e+                 1       -11   17           0           0    958.52524   1937.98705   6124.79866   6495.20770      0.00051
   19  gamma              1        22   17           0           0      0.22530      0.45547      1.43932      1.52638      0.00000
   20  e-                 1        11   15           0           0   -921.13564  -1912.84740  -6024.88645   6388.01477      0.00051
 ==================================================================================================================================
                   sum charge:  0.00   sum momentum and inv. mass:     -0.00000     -0.00000     -0.00000  13000.00000  13000.00000
 SCALUP:    80.486630000000005     
 PS SCALE:    80.486630000000005     

 Event number:            4

          Event listing of user process at input (simplified)

   I IST     ID Mothers   Colours    p_x      p_y      p_z       E        m
   1 -1     -11   0   0    0    0    0.000    0.000 6500.000 6500.000    0.000
   2 -1      11   0   0    0    0   -0.000   -0.000-6500.000 6500.000    0.000
   3  1      22   1   2    0    0  203.048 -123.773 1211.480 1234.598    0.000
   4  1     -11   1   2    0    0-1284.337  396.144 5142.031 5314.784    0.001
   5  1      11   1   2    0    0 1081.289 -272.371-6353.511 6450.618    0.001



                            Event listing (standard)

    I  particle/jet  K(I,1)   K(I,2) K(I,3)     K(I,4)      K(I,5)       P(I,1)       P(I,2)       P(I,3)       P(I,4)       P(I,5)

    1  !e+!              21       -11    0           0           0      0.00000      0.00000   6500.00000   6500.00000      0.00051
    2  !e-!              21        11    0           0           0      0.00000      0.00000  -6500.00000   6500.00000      0.00051
 ==================================================================================================================================
    3  !e+!              21       -11    1           0           0     -0.00000      0.00000   6500.00000   6500.00000      0.00000
    4  !e-!              21        11    2           0           0      0.00000      0.00000  -6500.00000   6500.00000      0.00000
    5  !e+!              21       -11    3           0           0      0.00000      0.00000   6500.00000   6500.00000      0.00000
    6  !e-!              21        11    4           0           0      0.00000      0.00000  -6500.00000   6500.00000      0.00000
    7  !gamma!           21        22    0           0           0    203.04809   -123.77331   1211.47974   1234.59772      0.00000
    8  !e+!              21       -11    0           0           0  -1284.33723    396.14385   5142.03094   5314.78449      0.00051
    9  !e-!              21        11    0           0           0   1081.28914   -272.37055  -6353.51068   6450.61779      0.00051
 ==================================================================================================================================
   10  gamma              1        22    7           0           0    203.04809   -123.77331   1211.47974   1234.59772      0.00000
   11  (e+)              11       -11    8          15          16  -1284.33723    396.14385   5142.03094   5314.78449      0.00051
   12  (e-)              11        11    9          17          17   1081.28914   -272.37055  -6353.51068   6450.61779      0.00051
   13  gamma              1        22    1           0           0      0.00000     -0.00000      0.00000      0.00000      0.00000
   14  gamma              1        22    2           0           0     -0.00000     -0.00000     -0.00000      0.00000      0.00000
   15  (e+)              11       -11   11          20          20   -257.20302     78.76362   1036.93214   1071.25411      0.00051
   16  gamma              1        22   11           0           0  -1027.13401    317.38018   4105.09758   4243.53162      0.00000
   17  (e-)              11        11   12          18          19   1081.28894   -272.37049  -6353.50946   6450.61656      0.00051
   18  e-                 1        11   17           0           0   1081.24067   -272.35834  -6353.22621   6450.32897      0.00051
   19  gamma              1        22   17           0           0      0.04826     -0.01215     -0.28325      0.28759      0.00000
   20  e+                 1       -11   15           0           0   -257.20302     78.76362   1036.93214   1071.25411      0.00051
 ==================================================================================================================================
                   sum charge:  0.00   sum momentum and inv. mass:     -0.00000     -0.00000      0.00000  13000.00000  13000.00000
 SCALUP:    76.486750000000001     
 PS SCALE:    76.486750000000001     

 Event number:            5

          Event listing of user process at input (simplified)

   I IST     ID Mothers   Colours    p_x      p_y      p_z       E        m
   1 -1     -11   0   0    0    0    0.000    0.000 6500.000 6500.000    0.000
   2 -1      11   0   0    0    0   -0.000   -0.000-6500.000 6500.000    0.000
   3  1      22   1   2    0    0  333.020  251.888-1982.858 2026.345    0.000
   4  1     -11   1   2    0    0-1278.766 -454.097 6353.751 6497.045    0.001
   5  1      11   1   2    0    0  945.746  202.209-4370.893 4476.610    0.001



                            Event listing (standard)

    I  particle/jet  K(I,1)   K(I,2) K(I,3)     K(I,4)      K(I,5)       P(I,1)       P(I,2)       P(I,3)       P(I,4)       P(I,5)

    1  !e+!              21       -11    0           0           0      0.00000      0.00000   6500.00000   6500.00000      0.00051
    2  !e-!              21        11    0           0           0      0.00000      0.00000  -6500.00000   6500.00000      0.00051
 ==================================================================================================================================
    3  !e+!              21       -11    1           0           0     -0.00000      0.00000   6500.00000   6500.00000      0.00000
    4  !e-!              21        11    2           0           0     -0.00000      0.00000  -6500.00000   6500.00000      0.00000
    5  !e+!              21       -11    3           0           0      0.00000      0.00000   6500.00000   6500.00000      0.00000
    6  !e-!              21        11    4           0           0      0.00000      0.00000  -6500.00000   6500.00000      0.00000
    7  !gamma!           21        22    0           0           0    333.02038    251.88827  -1982.85759   2026.34511      0.00000
    8  !e+!              21       -11    0           0           0  -1278.76598   -454.09692   6353.75104   6497.04539      0.00051
    9  !e-!              21        11    0           0           0    945.74560    202.20865  -4370.89345   4476.60950      0.00051
 ==================================================================================================================================
   10  gamma              1        22    7           0           0    333.02038    251.88827  -1982.85759   2026.34511      0.00000
   11  e+                 1       -11    8           0           0  -1278.76598   -454.09692   6353.75104   6497.04539      0.00051
   12  e-                 1        11    9           0           0    945.74560    202.20865  -4370.89345   4476.60950      0.00051
   13  gamma              1        22    1           0           0      0.00000     -0.00000      0.00000      0.00000      0.00000
   14  gamma              1        22    2           0           0      0.00000     -0.00000     -0.00000      0.00000      0.00000
 ==================================================================================================================================
                   sum charge:  0.00   sum momentum and inv. mass:     -0.00000      0.00000      0.00000  13000.00000  13000.00000
 SCALUP:    73.433449999999993     
 PS SCALE:    73.433449999999993     

 Event number:            6

          Event listing of user process at input (simplified)

   I IST     ID Mothers   Colours    p_x      p_y      p_z       E        m
   1 -1     -11   0   0    0    0    0.000    0.000 6500.000 6500.000    0.000
   2 -1      11   0   0    0    0   -0.000   -0.000-6500.000 6500.000    0.000
   3  1      22   1   2    0    0  318.545 -366.116-1576.240 1649.255    0.000
   4  1     -11   1   2    0    0  728.724 1602.948 6203.146 6448.216    0.001
   5  1      11   1   2    0    0-1047.269-1236.832-4626.906 4902.528    0.001



                            Event listing (standard)

    I  particle/jet  K(I,1)   K(I,2) K(I,3)     K(I,4)      K(I,5)       P(I,1)       P(I,2)       P(I,3)       P(I,4)       P(I,5)

    1  !e+!              21       -11    0           0           0      0.00000      0.00000   6500.00000   6500.00000      0.00051
    2  !e-!              21        11    0           0           0      0.00000      0.00000  -6500.00000   6500.00000      0.00051
 ==================================================================================================================================
    3  !e+!              21       -11    1           0           0      0.00000      0.00000   6500.00000   6500.00000      0.00000
    4  !e-!              21        11    2           0           0     -0.00000     -0.00000  -6500.00000   6500.00000      0.00000
    5  !e+!              21       -11    3           0           0      0.00000      0.00000   6500.00000   6500.00000      0.00000
    6  !e-!              21        11    4           0           0      0.00000      0.00000  -6500.00000   6500.00000      0.00000
    7  !gamma!           21        22    0           0           0    318.54510   -366.11568  -1576.23955   1649.25522      0.00000
    8  !e+!              21       -11    0           0           0    728.72426   1602.94754   6203.14551   6448.21635      0.00051
    9  !e-!              21        11    0           0           0  -1047.26936  -1236.83186  -4626.90597   4902.52843      0.00051
 ==================================================================================================================================
   10  gamma              1        22    7           0           0    318.54510   -366.11568  -1576.23955   1649.25522      0.00000
   11  (e+)              11       -11    8          17          17    728.72426   1602.94754   6203.14551   6448.21635      0.00051
   12  (e-)              11        11    9          15          16  -1047.26936  -1236.83186  -4626.90597   4902.52843      0.00051
   13  gamma              1        22    1           0           0     -0.00000     -0.00000      0.00000      0.00000      0.00000
   14  gamma              1        22    2           0           0      0.00000      0.00000     -0.00000      0.00000      0.00000
   15  e-                 1        11   12           0           0  -1028.01149  -1214.08906  -4541.81945   4812.37403      0.00051
   16  gamma              1        22   12           0           0    -19.25787    -22.74280    -85.08652     90.15440      0.00000
   17  e+                 1       -11   11           0           0    728.72426   1602.94754   6203.14551   6448.21635      0.00051
 ==================================================================================================================================
                   sum charge:  0.00   sum momentum and inv. mass:     -0.00000      0.00000     -0.00000  13000.00000  13000.00000
 SCALUP:    74.934259999999995     
 PS SCALE:    74.934259999999995     

 Event number:            7

          Event listing of user process at input (simplified)

   I IST     ID Mothers   Colours    p_x      p_y      p_z       E        m
   1 -1     -11   0   0    0    0    0.000    0.000 6500.000 6500.000    0.000
   2 -1      11   0   0    0    0   -0.000   -0.000-6500.000 6500.000    0.000
   3  1      22   1   2    0    0  -59.745 -209.361-1163.686 1183.878    0.000
   4  1     -11   1   2    0    0  -56.314 1413.605 6342.247 6498.118    0.001
   5  1      11   1   2    0    0  116.058-1204.244-5178.560 5318.004    0.001



                            Event listing (standard)

    I  particle/jet  K(I,1)   K(I,2) K(I,3)     K(I,4)      K(I,5)       P(I,1)       P(I,2)       P(I,3)       P(I,4)       P(I,5)

    1  !e+!              21       -11    0           0           0      0.00000      0.00000   6500.00000   6500.00000      0.00051
    2  !e-!              21        11    0           0           0      0.00000      0.00000  -6500.00000   6500.00000      0.00051
 ==================================================================================================================================
    3  !e+!              21       -11    1           0           0      0.00000      0.00000   6500.00000   6500.00000      0.00000
    4  !e-!              21        11    2           0           0      0.00000     -0.00000  -6500.00000   6500.00000      0.00000
    5  !e+!              21       -11    3           0           0      0.00000      0.00000   6500.00000   6500.00000      0.00000
    6  !e-!              21        11    4           0           0      0.00000      0.00000  -6500.00000   6500.00000      0.00000
    7  !gamma!           21        22    0           0           0    -59.74476   -209.36131  -1163.68619   1183.87801      0.00000
    8  !e+!              21       -11    0           0           0    -56.31360   1413.60542   6342.24661   6498.11847      0.00051
    9  !e-!              21        11    0           0           0    116.05835  -1204.24411  -5178.56042   5318.00352      0.00051
 ==================================================================================================================================
   10  gamma              1        22    7           0           0    -59.74476   -209.36131  -1163.68619   1183.87801      0.00000
   11  (e+)              11       -11    8          17          17    -56.31360   1413.60542   6342.24661   6498.11847      0.00051
   12  (e-)              11        11    9          15          16    116.05835  -1204.24411  -5178.56042   5318.00352      0.00051
   13  gamma              1        22    1           0           0     -0.00000     -0.00000      0.00000      0.00000      0.00000
   14  gamma              1        22    2           0           0     -0.00000      0.00000     -0.00000      0.00000      0.00000
   15  (e-)              11        11   12          20          20    115.94011  -1202.66105  -5171.66218   5310.92510      0.00051
   16  gamma              1        22   12           0           0      0.11824     -1.58304     -6.89818      7.07848      0.00000
   17  (e+)              11       -11   11          18          19    -56.31360   1413.60541   6342.24655   6498.11841      0.00051
   18  e+                 1       -11   17           0           0    -56.31022   1413.48428   6341.69960   6497.55819      0.00051
   19  gamma              1        22   17           0           0     -0.00338      0.12113      0.54696      0.56022      0.00000
   20  e-                 1        11   15           0           0    115.94011  -1202.66105  -5171.66218   5310.92510      0.00051
 ==================================================================================================================================
                   sum charge:  0.00   sum momentum and inv. mass:      0.00000      0.00000      0.00000  13000.00000  13000.00000
 SCALUP:    76.670280000000005     
 PS SCALE:    76.670280000000005     

 Event number:            8

          Event listing of user process at input (simplified)

   I IST     ID Mothers   Colours    p_x      p_y      p_z       E        m
   1 -1     -11   0   0    0    0    0.000    0.000 6500.000 6500.000    0.000
   2 -1      11   0   0    0    0   -0.000   -0.000-6500.000 6500.000    0.000
   3  1      22   1   2    0    0  141.565  412.646 -320.923  541.580    0.000
   4  1     -11   1   2    0    0  942.893 -934.099 6259.751 6398.912    0.001
   5  1      11   1   2    0    0-1084.458  521.453-5938.828 6059.509    0.001



                            Event listing (standard)

    I  particle/jet  K(I,1)   K(I,2) K(I,3)     K(I,4)      K(I,5)       P(I,1)       P(I,2)       P(I,3)       P(I,4)       P(I,5)

    1  !e+!              21       -11    0           0           0      0.00000      0.00000   6500.00000   6500.00000      0.00051
    2  !e-!              21        11    0           0           0      0.00000      0.00000  -6500.00000   6500.00000      0.00051
 ==================================================================================================================================
    3  !e+!              21       -11    1           0           0     -0.00000      0.00000   6500.00000   6500.00000      0.00000
    4  !e-!              21        11    2           0           0     -0.00000     -0.00000  -6500.00000   6500.00000      0.00000
    5  !e+!              21       -11    3           0           0      0.00000      0.00000   6500.00000   6500.00000      0.00000
    6  !e-!              21        11    4           0           0      0.00000      0.00000  -6500.00000   6500.00000      0.00000
    7  !gamma!           21        22    0           0           0    141.56516    412.64563   -320.92281    541.57969      0.00000
    8  !e+!              21       -11    0           0           0    942.89307   -934.09907   6259.75104   6398.91174      0.00051
    9  !e-!              21        11    0           0           0  -1084.45823    521.45344  -5938.82823   6059.50857      0.00051
 ==================================================================================================================================
   10  gamma              1        22    7           0           0    141.56516    412.64563   -320.92281    541.57969      0.00000
   11  (e+)              11       -11    8          17          17    942.89307   -934.09907   6259.75104   6398.91174      0.00051
   12  (e-)              11        11    9          15          16  -1084.45823    521.45344  -5938.82823   6059.50857      0.00051
   13  gamma              1        22    1           0           0      0.00000     -0.00000      0.00000      0.00000      0.00000
   14  gamma              1        22    2           0           0      0.00000      0.00000     -0.00000      0.00000      0.00000
   15  (e-)              11        11   12          18          19  -1084.34091    521.50004  -5938.17939   6058.85566      0.00051
   16  gamma              1        22   12           0           0     -0.11672     -0.04719     -0.64483      0.65701      0.00000
   17  (e+)              11       -11   11          20          20    942.89247   -934.09847   6259.74703   6398.90764      0.00051
   18  (e-)              11        11   15          21          22  -1084.34075    521.49980  -5938.17881   6058.85504      0.00051
   19  gamma              1        22   15           0           0     -0.00016      0.00023     -0.00057      0.00064      0.00000
   20  (e+)              11       -11   17          23          23    942.89246   -934.09847   6259.74701   6398.90763      0.00051
   21  e-                 1        11   18           0           0  -1082.89904    520.80643  -5930.28309   6050.79889      0.00051
   22  gamma              1        22   18           0           0     -1.44171      0.69338     -7.89572      8.05616      0.00000
   23  e+                 1       -11   20           0           0    942.89246   -934.09847   6259.74701   6398.90763      0.00051
 ==================================================================================================================================
                   sum charge:  0.00   sum momentum and inv. mass:      0.00000     -0.00000      0.00000  13000.00000  13000.00000
 SCALUP:    78.888030000000001     
 PS SCALE:    78.888030000000001     

 Event number:            9

          Event listing of user process at input (simplified)

   I IST     ID Mothers   Colours    p_x      p_y      p_z       E        m
   1 -1     -11   0   0    0    0    0.000    0.000 6500.000 6500.000    0.000
   2 -1      11   0   0    0    0   -0.000   -0.000-6500.000 6500.000    0.000
   3  1      22   1   2    0    0  103.175 -298.654  768.058  830.513    0.000
   4  1     -11   1   2    0    0-1031.626 -266.725 5604.492 5704.886    0.001
   5  1      11   1   2    0    0  928.451  565.379-6372.550 6464.601    0.001



                            Event listing (standard)

    I  particle/jet  K(I,1)   K(I,2) K(I,3)     K(I,4)      K(I,5)       P(I,1)       P(I,2)       P(I,3)       P(I,4)       P(I,5)

    1  !e+!              21       -11    0           0           0      0.00000      0.00000   6500.00000   6500.00000      0.00051
    2  !e-!              21        11    0           0           0      0.00000      0.00000  -6500.00000   6500.00000      0.00051
 ==================================================================================================================================
    3  !e+!              21       -11    1           0           0      0.00000      0.00000   6500.00000   6500.00000      0.00000
    4  !e-!              21        11    2           0           0     -0.00000      0.00000  -6500.00000   6500.00000      0.00000
    5  !e+!              21       -11    3           0           0      0.00000      0.00000   6500.00000   6500.00000      0.00000
    6  !e-!              21        11    4           0           0      0.00000      0.00000  -6500.00000   6500.00000      0.00000
    7  !gamma!           21        22    0           0           0    103.17501   -298.65403    768.05806    830.51339      0.00000
    8  !e+!              21       -11    0           0           0  -1031.62575   -266.72497   5604.49170   5704.88573      0.00051
    9  !e-!              21        11    0           0           0    928.45074    565.37900  -6372.54976   6464.60089      0.00051
 ==================================================================================================================================
   10  gamma              1        22    7           0           0    103.17501   -298.65403    768.05806    830.51339      0.00000
   11  (e+)              11       -11    8          15          16  -1031.62575   -266.72497   5604.49170   5704.88573      0.00051
   12  (e-)              11        11    9          17          17    928.45074    565.37900  -6372.54976   6464.60089      0.00051
   13  gamma              1        22    1           0           0     -0.00000     -0.00000      0.00000      0.00000      0.00000
   14  gamma              1        22    2           0           0      0.00000     -0.00000     -0.00000      0.00000      0.00000
   15  e+                 1       -11   11           0           0  -1003.49403   -259.48872   5452.62099   5550.26219      0.00051
   16  gamma              1        22   11           0           0    -28.13171     -7.23625    151.87066    154.62359      0.00000
   17  e-                 1        11   12           0           0    928.45073    565.37899  -6372.54971   6464.60084      0.00051
 ==================================================================================================================================
                   sum charge:  0.00   sum momentum and inv. mass:     -0.00000      0.00000     -0.00000  13000.00000  13000.00000
 SCALUP:    77.913780000000003     
 PS SCALE:    77.913780000000003     

 Event number:           10

          Event listing of user process at input (simplified)

   I IST     ID Mothers   Colours    p_x      p_y      p_z       E        m
   1 -1     -11   0   0    0    0    0.000    0.000 6500.000 6500.000    0.000
   2 -1      11   0   0    0    0   -0.000   -0.000-6500.000 6500.000    0.000
   3  1      22   1   2    0    0  644.374  455.065-3834.213 3914.524    0.000
   4  1     -11   1   2    0    0 -610.288-1025.923 6372.614 6483.454    0.001
   5  1      11   1   2    0    0  -34.086  570.858-2538.401 2602.022    0.001



                            Event listing (standard)

    I  particle/jet  K(I,1)   K(I,2) K(I,3)     K(I,4)      K(I,5)       P(I,1)       P(I,2)       P(I,3)       P(I,4)       P(I,5)

    1  !e+!              21       -11    0           0           0      0.00000      0.00000   6500.00000   6500.00000      0.00051
    2  !e-!              21        11    0           0           0      0.00000      0.00000  -6500.00000   6500.00000      0.00051
 ==================================================================================================================================
    3  !e+!              21       -11    1           0           0      0.00000     -0.00000   6500.00000   6500.00000      0.00000
    4  !e-!              21        11    2           0           0     -0.00000     -0.00000  -6500.00000   6500.00000      0.00000
    5  !e+!              21       -11    3           0           0      0.00000      0.00000   6500.00000   6500.00000      0.00000
    6  !e-!              21        11    4           0           0      0.00000      0.00000  -6500.00000   6500.00000      0.00000
    7  !gamma!           21        22    0           0           0    644.37386    455.06538  -3834.21336   3914.52350      0.00000
    8  !e+!              21       -11    0           0           0   -610.28765  -1025.92348   6372.61410   6483.45436      0.00051
    9  !e-!              21        11    0           0           0    -34.08622    570.85810  -2538.40075   2602.02213      0.00051
 ==================================================================================================================================
   10  gamma              1        22    7           0           0    644.37386    455.06538  -3834.21336   3914.52350      0.00000
   11  e+                 1       -11    8           0           0   -610.28765  -1025.92348   6372.61410   6483.45436      0.00051
   12  e-                 1        11    9           0           0    -34.08622    570.85810  -2538.40075   2602.02213      0.00051
   13  gamma              1        22    1           0           0     -0.00000      0.00000      0.00000      0.00000      0.00000
   14  gamma              1        22    2           0           0      0.00000      0.00000     -0.00000      0.00000      0.00000
 ==================================================================================================================================
                   sum charge:  0.00   sum momentum and inv. mass:      0.00000     -0.00000      0.00000  13000.00000  13000.00000
 SCALUP:    70.947680000000005     
 PS SCALE:    70.947680000000005     
1********* PYSTAT:  Statistics on Number of Events and Cross-sections *********

 ==============================================================================
 I                                  I                            I            I
 I            Subprocess            I      Number of points      I    Sigma   I
 I                                  I                            I            I
 I----------------------------------I----------------------------I    (mb)    I
 I                                  I                            I            I
 I N:o Type                         I    Generated         Tried I            I
 I                                  I                            I            I
 ==============================================================================
 I                                  I                            I            I
 I   0 All included subprocesses    I        10000         10000 I  1.283D-11 I
 I   4 User process 1               I        10000         10000 I  1.283D-11 I
 I                                  I                            I            I
 ==============================================================================

 ********* Total number of errors, excluding junctions =        0 *************
 ********* Total number of errors, including junctions =        0 *************
 ********* Total number of warnings =                           0 *************
 ********* Fraction of events that fail fragmentation cuts =  0.00000 *********

  Failed to read LHEF event information,
  assume end of file has been reached.
1********* PYSTAT:  Statistics on Number of Events and Cross-sections *********

 ==============================================================================
 I                                  I                            I            I
 I            Subprocess            I      Number of points      I    Sigma   I
 I                                  I                            I            I
 I----------------------------------I----------------------------I    (mb)    I
 I                                  I                            I            I
 I N:o Type                         I    Generated         Tried I            I
 I                                  I                            I            I
 ==============================================================================
 I                                  I                            I            I
 I   0 All included subprocesses    I        10000         10000 I  1.283D-11 I
 I   4 User process 1               I        10000         10000 I  1.283D-11 I
 I                                  I                            I            I
 ==============================================================================

 ********* Total number of errors, excluding junctions =        0 *************
 ********* Total number of errors, including junctions =        0 *************
 ********* Total number of warnings =                           0 *************
 ********* Fraction of events that fail fragmentation cuts =  0.00000 *********

 Cross section (pb):   1.28271827660007640E-002
