 Process in group number            0
 No PDF is used, alpha_s(MZ) from param_card is used
 Value of alpha_s from param_card:   0.11800000071525575     
 The default order of alpha_s running is fixed to            2
<<<<<<< HEAD
=======
 Warning: pt or E min of a gamma should in general be >0
 Warning: pt or E min of a gamma should in general be >0
 Warning: pt or E min of a gamma should in general be >0
>>>>>>> 911b5ec345c81b054214c521136984e9d6306827
 *****************************************************
 *               MadGraph/MadEvent                   *
 *        --------------------------------           *
 *          http://madgraph.hep.uiuc.edu             *
 *          http://madgraph.phys.ucl.ac.be           *
 *          http://madgraph.roma2.infn.it            *
 *        --------------------------------           *
 *                                                   *
 *          PARAMETER AND COUPLING VALUES            *
 *                                                   *
 *****************************************************

  External Params
  ---------------------------------
  
 aEWM1 =    132.50700378417969     
 mdl_Gf =   1.16639000000000003E-005
 aS =   0.11800000071525575     
 mdl_ymb =    4.6999998092651367     
 mdl_ymt =    173.00000000000000     
 mdl_yme =   5.10999991092830896E-004
 mdl_ymm =   0.10565999895334244     
 mdl_ymtau =    1.7769999504089355     
 mdl_MZ =    91.188003540039063     
 mdl_MT =    173.00000000000000     
 mdl_MB =    4.6999998092651367     
 mdl_MH =    125.00000000000000     
 mdl_Me =   5.10999991092830896E-004
 mdl_MM =   0.10565999895334244     
 mdl_MTA =    1.7769999504089355     
 mdl_WZ =    2.4414041042327881     
 mdl_WW =    2.0476000308990479     
 mdl_WT =    1.4915000200271606     
 mdl_WH =   6.38233916833996773E-003
 mdl_WTau =   2.26999999999999982E-012
  Internal Params
  ---------------------------------
  
 mdl_conjg__CKM3x3 =    1.0000000000000000     
 mdl_CKM3x3 =    1.0000000000000000     
 mdl_conjg__CKM1x1 =    1.0000000000000000     
 mdl_complexi =  (  0.0000000000000000     ,  1.0000000000000000     )
 mdl_MZ__exp__2 =    8315.2519896181766     
 mdl_MZ__exp__4 =    69143415.650849044     
 mdl_sqrt__2 =    1.4142135623730951     
 mdl_MH__exp__2 =    15625.000000000000     
 mdl_aEW =   7.54677089845565054E-003
 mdl_MW =    80.419007276179556     
 mdl_sqrt__aEW =   8.68721526063194194E-002
 mdl_ee =   0.30795376284704501     
 mdl_MW__exp__2 =    6467.2167312862202     
 mdl_sw2 =   0.22224645274001076     
 mdl_cw =   0.88190336616887299     
 mdl_sqrt__sw2 =   0.47143022043565552     
 mdl_sw =   0.47143022043565552     
 mdl_g1 =   0.34919218438279087     
 mdl_gw =   0.65323296958447097     
 mdl_vev =    246.21845810181631     
 mdl_vev__exp__2 =    60623.529110035874     
 mdl_lam =   0.12886910601690271     
 mdl_yb =   2.69955531549349904E-002
 mdl_ye =   2.93504850670934038E-006
 mdl_ym =   6.06883028478528356E-004
 mdl_yt =   0.99366614581500645     
 mdl_ytau =   1.02066167158167895E-002
 mdl_muH =    88.388347648318444     
 mdl_I1x33 =  ( 2.69955531549349904E-002,  0.0000000000000000     )
 mdl_I2x33 =  ( 0.99366614581500645     ,  0.0000000000000000     )
 mdl_I3x33 =  ( 0.99366614581500645     ,  0.0000000000000000     )
 mdl_I4x33 =  ( 2.69955531549349904E-002,  0.0000000000000000     )
 mdl_ee__exp__2 =   9.48355200516540348E-002
 mdl_sw__exp__2 =   0.22224645274001076     
 mdl_cw__exp__2 =   0.77775354725998924     
  Internal Params evaluated point by point
  ----------------------------------------
  
 mdl_sqrt__aS =   0.34351128178744839     
 mdl_G__exp__2 =    1.4828317414825511     
  Couplings of sm-lepton_masses
  ---------------------------------
  
         GC_3 =  -0.00000E+00  -0.30795E+00

 Collider parameters:
 --------------------

<<<<<<< HEAD
 Running at e e   machine @   7.14879999999999960E-002  GeV
=======
 Running at e e   machine @   7.00000000000000067E-002  GeV
>>>>>>> 911b5ec345c81b054214c521136984e9d6306827
 PDF set = none   
 alpha_s(Mz)= 0.1180 running at 2 loops.
 alpha_s(Mz)= 0.1180 running at 2 loops.
 Renormalization scale fixed @    91.188000000000002     
 Factorization scales  fixed @    91.188000000000002        91.188000000000002     


 getting user params
Enter number of events and max and min iterations: 
<<<<<<< HEAD
 Number of events and iterations         2000           9           3
Enter desired fractional accuracy: 
 Desired fractional accuracy:  -1.03289999999999995E-004
=======
 Number of events and iterations         1000           9           3
Enter desired fractional accuracy: 
 Desired fractional accuracy:  -4.27509999999999978E-004
>>>>>>> 911b5ec345c81b054214c521136984e9d6306827
Enter 0 for fixed, 2 for adjustable grid: 
Suppress amplitude (0 no, 1 yes)? 
 Using suppressed amplitude.
Exact helicity sum (0 yes, n = number/event)? 
 Explicitly summing over helicities
Enter Configuration Number: 
Running Configuration Number:    1
 Not subdividing B.W.
 Attempting mappinvarients           1           5
 Completed mapping           5
<<<<<<< HEAD
 about to integrate            5        2000           9           3           5           1
 Using non-zero grid deformation.
  5 dimensions   2000 events  5 invarients  9 iterations  1 config(s),  (0.99)
 Using h-tuple random number sequence.
 Error opening grid
 Using Uniform Grid!
 Using uniform alpha   1.0000000000000000     
 Grid defined OK
 Set CM energy to          0.07
 Mapping Graph           1  to config           1
Setting grid   1    0.17611E-04   1
Setting grid   2    0.17611E-04   1
=======
 about to integrate            5        1000           9           3           5           1
 Keeping grid fixed.
  5 dimensions   1000 events  5 invarients  9 iterations  1 config(s),  (0.99)
 Using h-tuple random number sequence.
 Grid read from file
 Grid defined OK
 Set CM energy to          0.07
 Mapping Graph           1  to config           1
 Warning: No cutoff for shat integral found
          Minimum set to    204.08163265306121     
 No modification is setgrid, grid read from file
 Warning: No cutoff for shat integral found
          Minimum set to    204.08163265306121     
 No modification is setgrid, grid read from file
>>>>>>> 911b5ec345c81b054214c521136984e9d6306827
 Masses: 0.511E-03 0.511E-03 0.000E+00 0.000E+00 0.000E+00
   1   1   2   3   4   5
 Got moffset          20
Using random seed offsets     1 :      1
<<<<<<< HEAD
  with seed                  114
 Ranmar initialization seeds       20445       12470
=======
  with seed                   48
 Ranmar initialization seeds       30234       12401
>>>>>>> 911b5ec345c81b054214c521136984e9d6306827
  Particle       3       4       5
      Et >     0.0     0.0     0.0
       E >     0.0     0.0     0.0
     Eta <    -1.0    -1.0    -1.0
   xqcut:      0.0     0.0     0.0
d R # 3  >    -0.0     0.0     0.0
d R # 4  >    -0.0    -0.0     0.0
s min # 3>     0.0     0.0     0.0
s min # 4>     0.0     0.0     0.0
xqcutij # 3>     0.0     0.0     0.0
xqcutij # 4>     0.0     0.0     0.0
 alpha_s for scale    91.188000000000002       is   0.11800000071525575     
<<<<<<< HEAD
 Added good helicity            1  7.16919475664714034E-002  in event            1
 Added good helicity            2  1.47118222967104382E-003  in event            1
 Added good helicity            3  0.48524407198154806       in event            1
 Added good helicity            5  2.54761791926549864E-003  in event            1
 Added good helicity            6  2.91919322797903832E-005  in event            1
 Added good helicity            7  3.77633104687637934E-005  in event            1
 Added good helicity           10   14.346577463223285       in event            1
 Added good helicity           11  4.30586507381016739E-002  in event            1
 Added good helicity           12  0.57109565062994461       in event            1
 Added good helicity           14  0.47586621929958062       in event            1
 Added good helicity           15  2.37955959481646979E-003  in event            1
 Added good helicity           18  2.37955959481646979E-003  in event            1
 Added good helicity           19  0.47586621929958062       in event            1
 Added good helicity           21  0.57109565062994472       in event            1
 Added good helicity           22  4.30586507381016809E-002  in event            1
 Added good helicity           23   14.346577463223282       in event            1
 Added good helicity           26  3.77633104687638069E-005  in event            1
 Added good helicity           27  2.91919322797903832E-005  in event            1
 Added good helicity           28  2.54761791926549864E-003  in event            1
 Added good helicity           30  0.48524407198154806       in event            1
 Added good helicity           31  1.47118222967104382E-003  in event            1
 Added good helicity           32  7.16919475664714034E-002  in event            1
 Added good helicity            4  4.45316869868266085E-004  in event            2
 Added good helicity           13   9.7410676009028432       in event            2
 Added good helicity           20   9.7410676009028432       in event            2
 Added good helicity           29  4.45316869868266085E-004  in event            2
 Iteration  1   Mean: 0.7477E+08 Abs mean: 0.7477E+08   Fluctuation:  0.203E+08   0.361E+11    99.2%
  1    0.7477E+08 0.7477E+08 +- 0.2035E+08     12.17
 Writing out events   4187.3968375423601        12.170515419399992     
 Relative summed weights:
  0.1306E+00  0.0000E+00
  0.2055E+00  0.0000E+00
  0.1269E+00  0.0000E+00
  0.3127E+00  0.0000E+00
  0.1213E+00  0.0000E+00
  0.1029E+00  0.0000E+00
 Relative number of events:
  0.1580E+00  0.0000E+00
  0.1535E+00  0.0000E+00
  0.1600E+00  0.0000E+00
  0.1715E+00  0.0000E+00
  0.1645E+00  0.0000E+00
  0.1925E+00  0.0000E+00
 Events:
         316           0
         307           0
         320           0
         343           0
         329           0
         385           0
 Iteration  2   Mean: 0.3585E+08 Abs mean: 0.3585E+08   Fluctuation:  0.256E+07   0.895E+10    97.3%
  2    0.3585E+08 0.3585E+08 +- 0.2559E+07      4.52
 Relative summed weights:
  0.1557E+00  0.0000E+00
  0.1559E+00  0.0000E+00
  0.1618E+00  0.0000E+00
  0.1721E+00  0.0000E+00
  0.1921E+00  0.0000E+00
  0.1624E+00  0.0000E+00
 Relative number of events:
  0.1600E+00  0.0000E+00
  0.1795E+00  0.0000E+00
  0.1635E+00  0.0000E+00
  0.1593E+00  0.0000E+00
  0.1623E+00  0.0000E+00
  0.1755E+00  0.0000E+00
 Events:
         640           0
         718           0
         654           0
         637           0
         649           0
         702           0
 Iteration  3   Mean: 0.4272E+08 Abs mean: 0.4272E+08   Fluctuation:  0.308E+07   0.226E+11    97.8%
  3    0.4272E+08 0.4272E+08 +- 0.3082E+07      6.45
 Relative summed weights:
  0.1487E+00  0.0000E+00
  0.1708E+00  0.0000E+00
  0.1491E+00  0.0000E+00
  0.1625E+00  0.0000E+00
  0.2134E+00  0.0000E+00
  0.1554E+00  0.0000E+00
 Relative number of events:
  0.1635E+00  0.0000E+00
  0.1641E+00  0.0000E+00
  0.1757E+00  0.0000E+00
  0.1646E+00  0.0000E+00
  0.1624E+00  0.0000E+00
  0.1696E+00  0.0000E+00
 Events:
        1308           0
        1313           0
        1406           0
        1317           0
        1299           0
        1357           0
 Found          813  events.
 Wrote           11  events.
 Actual xsec    40442949.669551693     
 Correct abs xsec    40442949.669551693     
 Event xsec    40442949.669551685     
 Events wgts > 1:            1
 % Cross section > 1:   0.14200777374207973       3.51131099245694305E-007
 Checking number of events   4177.3522713679940               11  chi2:    3.3090318899381401     
 Found          813  events.
 Wrote           14  events.
 Actual xsec    40442949.669551693     
 Correct abs xsec    40442949.669551693     
 Event xsec    40442949.669551693     
 Events wgts > 1:            1
 % Cross section > 1:   0.11157753691077232       2.75888721822819382E-007
 Iteration  4   Mean: 0.4166E+08 Abs mean: 0.4166E+08   Fluctuation:  0.104E+07   0.122E+11    95.8%
  4    0.4166E+08 0.4166E+08 +- 0.1044E+07      3.17
 Relative summed weights:
  0.1871E+00  0.0000E+00
  0.1606E+00  0.0000E+00
  0.1570E+00  0.0000E+00
  0.1734E+00  0.0000E+00
  0.1611E+00  0.0000E+00
  0.1608E+00  0.0000E+00
 Relative number of events:
  0.1683E+00  0.0000E+00
  0.1663E+00  0.0000E+00
  0.1623E+00  0.0000E+00
  0.1646E+00  0.0000E+00
  0.1702E+00  0.0000E+00
  0.1684E+00  0.0000E+00
 Events:
        2692           0
        2661           0
        2596           0
        2634           0
        2723           0
        2694           0
 Found         1504  events.
 Wrote           59  events.
 Actual xsec    41184418.260728605     
 Correct abs xsec    41184418.260728605     
 Event xsec    41184418.260728590     
 Events wgts > 1:            1
 % Cross section > 1:   8.36109628435224295E-002  2.03016010361495589E-007
 Checking number of events   4253.9385621506572               59  chi2:    2.4011575200109920     
 Found         1504  events.
 Wrote           61  events.
 Actual xsec    41184418.260728605     
 Correct abs xsec    41184418.260728605     
 Event xsec    41184418.260728620     
 Events wgts > 1:            1
 % Cross section > 1:   8.08696198510006070E-002  1.96359747851807779E-007
 Iteration  5   Mean: 0.4059E+08 Abs mean: 0.4059E+08   Fluctuation:  0.519E+06   0.885E+10    97.4%
  5    0.4059E+08 0.4059E+08 +- 0.5185E+06      2.29
 Relative summed weights:
  0.1664E+00  0.0000E+00
  0.1692E+00  0.0000E+00
  0.1673E+00  0.0000E+00
  0.1655E+00  0.0000E+00
  0.1659E+00  0.0000E+00
  0.1658E+00  0.0000E+00
 Relative number of events:
  0.1696E+00  0.0000E+00
  0.1650E+00  0.0000E+00
  0.1718E+00  0.0000E+00
  0.1670E+00  0.0000E+00
  0.1635E+00  0.0000E+00
  0.1631E+00  0.0000E+00
 Events:
        5427           0
        5281           0
        5498           0
        5343           0
        5233           0
        5218           0
 Found         3022  events.
 Wrote          523  events.
 Actual xsec    40857485.988008589     
 Correct abs xsec    40857485.988008589     
 Event xsec    40857485.988009475     
 Events wgts > 1:            4
 % Cross section > 1:    371859.53901479865       0.91013808124153550     
 Checking number of events   4220.1697277014073              523  chi2:   0.60765194460374661     
 Found         3022  events.
 Wrote          522  events.
 Actual xsec    40857485.988008589     
 Correct abs xsec    40857485.988008589     
 Event xsec    40857485.988009140     
 Events wgts > 1:            4
 % Cross section > 1:    372565.41771071951       0.91186574186199332     
 Iteration  6   Mean: 0.4106E+08 Abs mean: 0.4106E+08   Fluctuation:  0.305E+06   0.439E+10    97.0%
  6    0.4106E+08 0.4106E+08 +- 0.3051E+06      1.88
 Relative summed weights:
  0.1742E+00  0.0000E+00
  0.1667E+00  0.0000E+00
  0.1595E+00  0.0000E+00
  0.1628E+00  0.0000E+00
  0.1685E+00  0.0000E+00
  0.1683E+00  0.0000E+00
 Relative number of events:
  0.1699E+00  0.0000E+00
  0.1670E+00  0.0000E+00
  0.1639E+00  0.0000E+00
  0.1657E+00  0.0000E+00
  0.1660E+00  0.0000E+00
  0.1675E+00  0.0000E+00
 Events:
       10871           0
       10691           0
       10491           0
       10604           0
       10622           0
       10721           0
 Found         6326  events.
 Wrote         1691  events.
 Actual xsec    40986216.076732516     
 Correct abs xsec    40986216.076732516     
 Event xsec    40986216.076732315     
 Events wgts > 1:           35
 % Cross section > 1:    378230.58946989250       0.92282388001319360     
 Checking number of events   4233.4662585657015             1691  chi2:   0.52588410457032153     
 Found         6326  events.
 Wrote         1732  events.
 Actual xsec    40986216.076732516     
 Correct abs xsec    40986216.076732516     
 Event xsec    40986216.076730795     
 Events wgts > 1:           35
 % Cross section > 1:    369357.78070872597       0.90117560503083960     
 Iteration  7   Mean: 0.4046E+08 Abs mean: 0.4046E+08   Fluctuation:  0.180E+06   0.294E+10    96.9%
  7    0.4046E+08 0.4046E+08 +- 0.1803E+06      1.59
 Relative summed weights:
  0.1659E+00  0.0000E+00
  0.1650E+00  0.0000E+00
  0.1694E+00  0.0000E+00
  0.1650E+00  0.0000E+00
  0.1669E+00  0.0000E+00
  0.1679E+00  0.0000E+00
 Relative number of events:
  0.1649E+00  0.0000E+00
  0.1656E+00  0.0000E+00
  0.1680E+00  0.0000E+00
  0.1675E+00  0.0000E+00
  0.1675E+00  0.0000E+00
  0.1665E+00  0.0000E+00
 Events:
       21103           0
       21195           0
       21507           0
       21436           0
       21444           0
       21315           0
 Found        12603  events.
 Wrote         5261  events.
 Actual xsec    40619185.855977744     
 Correct abs xsec    40619185.855977744     
 Event xsec    40619185.855977342     
 Events wgts > 1:          104
 % Cross section > 1:    405432.34059725731       0.99813014971494241     
 Checking number of events   4195.5557070639406             5261  chi2:    1.4206616104070149     

 -------------------------------------------------------------------------------
 Accumulated results:   Integral =  0.4064E+08
                        Std dev  =  0.1468E+06
                       Cross sec =  0.2776E+01
             Chi**2 per DoF.     =
-------------------------------------------------
---------------------------
 Results Last   3 iters: Integral =   0.4062E+08
                     Abs integral =   0.4062E+08
                          Std dev =   0.1487E+06
                  Chi**2 per DoF. =      1.4207
-------------------------------------------------
---------------------------
 Status -1.03289999999999995E-004           8           9
 We found enough events        5261   4195.5557070639406     
=======
 Added good helicity            1  2.67196070302831018E-002  in event            1
 Added good helicity            2  5.21080366029891794E-003  in event            1
 Added good helicity            3  1.75709086613676894E-002  in event            1
 Added good helicity            4  2.96851537747554528E-005  in event            1
 Added good helicity            5  5.71045069910035936E-004  in event            1
 Added good helicity            6  9.74127087020703244E-006  in event            1
 Added good helicity            7  2.80978551769957014E-004  in event            1
 Added good helicity           10   8.3575251731918350       in event            1
 Added good helicity           11  0.80871102473792833       in event            1
 Added good helicity           12   6.5701428315159038       in event            1
 Added good helicity           13  2.95396787002617442E-003  in event            1
 Added good helicity           14  2.60523507743437577E-003  in event            1
 Added good helicity           15  0.20766899813270240       in event            1
 Added good helicity           18  0.20766899813270240       in event            1
 Added good helicity           19  2.60523507743437577E-003  in event            1
 Added good helicity           20  2.95396787002617442E-003  in event            1
 Added good helicity           21   6.5701428315159038       in event            1
 Added good helicity           22  0.80871102473792833       in event            1
 Added good helicity           23   8.3575251731918350       in event            1
 Added good helicity           26  2.80978551769957014E-004  in event            1
 Added good helicity           27  9.74127087020702397E-006  in event            1
 Added good helicity           28  5.71045069910035828E-004  in event            1
 Added good helicity           29  2.96851537747554393E-005  in event            1
 Added good helicity           30  1.75709086613676894E-002  in event            1
 Added good helicity           31  5.21080366029891620E-003  in event            1
 Added good helicity           32  2.67196070302831018E-002  in event            1
 Iteration  1   Mean: 0.1077E+09 Abs mean: 0.1077E+09   Fluctuation:  0.572E+07   0.403E+10    99.4%
  1    0.1077E+09 0.1077E+09 +- 0.5719E+07      1.68
 Writing out events   12039.167389538256        1.6790516244088907     
 Relative summed weights:
  0.1604E+00  0.0000E+00
  0.1628E+00  0.0000E+00
  0.1171E+00  0.0000E+00
  0.1699E+00  0.0000E+00
  0.2112E+00  0.0000E+00
  0.1785E+00  0.0000E+00
 Relative number of events:
  0.1480E+00  0.0000E+00
  0.1720E+00  0.0000E+00
  0.1620E+00  0.0000E+00
  0.1740E+00  0.0000E+00
  0.1650E+00  0.0000E+00
  0.1790E+00  0.0000E+00
 Events:
         148           0
         172           0
         162           0
         174           0
         165           0
         179           0
 Iteration  2   Mean: 0.1128E+09 Abs mean: 0.1128E+09   Fluctuation:  0.492E+07   0.533E+10    99.6%
  2    0.1128E+09 0.1128E+09 +- 0.4921E+07      1.95
 Relative summed weights:
  0.1376E+00  0.0000E+00
  0.1718E+00  0.0000E+00
  0.1886E+00  0.0000E+00
  0.1682E+00  0.0000E+00
  0.1645E+00  0.0000E+00
  0.1693E+00  0.0000E+00
 Relative number of events:
  0.1535E+00  0.0000E+00
  0.1800E+00  0.0000E+00
  0.1745E+00  0.0000E+00
  0.1705E+00  0.0000E+00
  0.1565E+00  0.0000E+00
  0.1650E+00  0.0000E+00
 Events:
         307           0
         360           0
         349           0
         341           0
         313           0
         330           0
 Iteration  3   Mean: 0.1208E+09 Abs mean: 0.1208E+09   Fluctuation:  0.771E+07   0.248E+11    99.4%
  3    0.1208E+09 0.1208E+09 +- 0.7713E+07      4.04
 Relative summed weights:
  0.1923E+00  0.0000E+00
  0.1391E+00  0.0000E+00
  0.1298E+00  0.0000E+00
  0.1624E+00  0.0000E+00
  0.2319E+00  0.0000E+00
  0.1445E+00  0.0000E+00
 Relative number of events:
  0.1737E+00  0.0000E+00
  0.1565E+00  0.0000E+00
  0.1740E+00  0.0000E+00
  0.1725E+00  0.0000E+00
  0.1645E+00  0.0000E+00
  0.1588E+00  0.0000E+00
 Events:
         695           0
         626           0
         696           0
         690           0
         658           0
         635           0
 Found          373  events.
 Wrote           24  events.
 Actual xsec    112910656.76975898     
 Correct abs xsec    112910656.76975898     
 Event xsec    112910656.76975898     
 Events wgts > 1:            1
 % Cross section > 1:   0.85093361791223288       7.53634459542121449E-007
 Checking number of events   48270.434875639658               24  chi2:   0.93313015159523782     
 Found          373  events.
 Wrote           17  events.
 Actual xsec    112910656.76975898     
 Correct abs xsec    112910656.76975898     
 Event xsec    112910656.76975895     
 Events wgts > 1:            1
 % Cross section > 1:    1.2013180460780859       1.06395452869231466E-006
 Iteration  4   Mean: 0.1164E+09 Abs mean: 0.1164E+09   Fluctuation:  0.633E+07   0.438E+11    99.2%
  4    0.1164E+09 0.1164E+09 +- 0.6334E+07      4.87
 Relative summed weights:
  0.1506E+00  0.0000E+00
  0.1484E+00  0.0000E+00
  0.1681E+00  0.0000E+00
  0.2021E+00  0.0000E+00
  0.1664E+00  0.0000E+00
  0.1645E+00  0.0000E+00
 Relative number of events:
  0.1690E+00  0.0000E+00
  0.1628E+00  0.0000E+00
  0.1639E+00  0.0000E+00
  0.1693E+00  0.0000E+00
  0.1636E+00  0.0000E+00
  0.1715E+00  0.0000E+00
 Events:
        1352           0
        1302           0
        1311           0
        1354           0
        1309           0
        1372           0
 Found          670  events.
 Wrote           25  events.
 Actual xsec    115635394.49654989     
 Correct abs xsec    115635394.49654989     
 Event xsec    115635394.49654993     
 Events wgts > 1:            0
 % Cross section > 1:    0.0000000000000000        0.0000000000000000     
 Checking number of events   49435.287501220038               25  chi2:   0.39895316084173921     
 Found          670  events.
 Wrote           19  events.
 Actual xsec    115635394.49654989     
 Correct abs xsec    115635394.49654989     
 Event xsec    115635394.49654987     
 Events wgts > 1:            0
 % Cross section > 1:    0.0000000000000000        0.0000000000000000     
 Iteration  5   Mean: 0.1217E+09 Abs mean: 0.1217E+09   Fluctuation:  0.407E+07   0.334E+11    99.4%
  5    0.1217E+09 0.1217E+09 +- 0.4065E+07      4.23
 Relative summed weights:
  0.1585E+00  0.0000E+00
  0.1731E+00  0.0000E+00
  0.1899E+00  0.0000E+00
  0.1673E+00  0.0000E+00
  0.1631E+00  0.0000E+00
  0.1481E+00  0.0000E+00
 Relative number of events:
  0.1612E+00  0.0000E+00
  0.1674E+00  0.0000E+00
  0.1669E+00  0.0000E+00
  0.1660E+00  0.0000E+00
  0.1718E+00  0.0000E+00
  0.1668E+00  0.0000E+00
 Events:
        2579           0
        2679           0
        2670           0
        2656           0
        2748           0
        2668           0
 Found         1452  events.
 Wrote           96  events.
 Actual xsec    120310238.76837265     
 Correct abs xsec    120310238.76837265     
 Event xsec    120310238.76837271     
 Events wgts > 1:            3
 % Cross section > 1:    1249046.4912986790        1.0381880246313913     
 Checking number of events   51433.830175866991               96  chi2:   0.24965484229359136     
 Found         1452  events.
 Wrote          111  events.
 Actual xsec    120310238.76837265     
 Correct abs xsec    120310238.76837265     
 Event xsec    120310238.76837245     
 Events wgts > 1:            3
 % Cross section > 1:    1081774.1072360040       0.89915381958362828     
 Iteration  6   Mean: 0.1273E+09 Abs mean: 0.1273E+09   Fluctuation:  0.554E+07   0.121E+12    99.4%
  6    0.1273E+09 0.1273E+09 +- 0.5543E+07      7.79
 Relative summed weights:
  0.1712E+00  0.0000E+00
  0.1890E+00  0.0000E+00
  0.1566E+00  0.0000E+00
  0.1716E+00  0.0000E+00
  0.1597E+00  0.0000E+00
  0.1519E+00  0.0000E+00
 Relative number of events:
  0.1657E+00  0.0000E+00
  0.1682E+00  0.0000E+00
  0.1677E+00  0.0000E+00
  0.1681E+00  0.0000E+00
  0.1653E+00  0.0000E+00
  0.1650E+00  0.0000E+00
 Events:
        5302           0
        5382           0
        5367           0
        5380           0
        5288           0
        5281           0
 Found         2771  events.
 Wrote           43  events.
 Actual xsec    122350849.51186401     
 Correct abs xsec    122350849.51186401     
 Event xsec    122350849.51186395     
 Events wgts > 1:            1
 % Cross section > 1:    1367058.9609654788        1.1173269057138173     
 Checking number of events   52306.211674816979               43  chi2:   0.86198718317106038     
 Found         2771  events.
 Wrote           52  events.
 Actual xsec    122350849.51186401     
 Correct abs xsec    122350849.51186401     
 Event xsec    122350849.51186404     
 Events wgts > 1:            1
 % Cross section > 1:    1132642.9469431224       0.92573361890167583     
 Iteration  7   Mean: 0.1234E+09 Abs mean: 0.1234E+09   Fluctuation:  0.373E+07   0.160E+12    99.4%
  7    0.1234E+09 0.1234E+09 +- 0.3725E+07      7.64
 Relative summed weights:
  0.1548E+00  0.0000E+00
  0.1718E+00  0.0000E+00
  0.1623E+00  0.0000E+00
  0.1918E+00  0.0000E+00
  0.1676E+00  0.0000E+00
  0.1517E+00  0.0000E+00
 Relative number of events:
  0.1654E+00  0.0000E+00
  0.1698E+00  0.0000E+00
  0.1648E+00  0.0000E+00
  0.1671E+00  0.0000E+00
  0.1661E+00  0.0000E+00
  0.1669E+00  0.0000E+00
 Events:
       10586           0
       10865           0
       10545           0
       10694           0
       10629           0
       10681           0
 Found         5262  events.
 Wrote           65  events.
 Actual xsec    123588374.63218756     
 Correct abs xsec    123588374.63218756     
 Event xsec    123588374.63218743     
 Events wgts > 1:            2
 % Cross section > 1:    1124759.2129484788       0.91008496251842907     
 Checking number of events   52835.266039006499               65  chi2:   0.34182802606268647     
 Found         5262  events.
 Wrote           74  events.
 Actual xsec    123588374.63218756     
 Correct abs xsec    123588374.63218756     
 Event xsec    123588374.63218752     
 Events wgts > 1:            2
 % Cross section > 1:    989058.92338433326       0.80028475682108491     
 Iteration  8   Mean: 0.1262E+09 Abs mean: 0.1262E+09   Fluctuation:  0.510E+07   0.568E+12    99.4%
  8    0.1262E+09 0.1262E+09 +- 0.5100E+07     14.45
 Relative summed weights:
  0.1520E+00  0.0000E+00
  0.1804E+00  0.0000E+00
  0.1477E+00  0.0000E+00
  0.1677E+00  0.0000E+00
  0.1622E+00  0.0000E+00
  0.1901E+00  0.0000E+00
 Relative number of events:
  0.1690E+00  0.0000E+00
  0.1656E+00  0.0000E+00
  0.1667E+00  0.0000E+00
  0.1668E+00  0.0000E+00
  0.1654E+00  0.0000E+00
  0.1665E+00  0.0000E+00
 Events:
       21633           0
       21198           0
       21342           0
       21349           0
       21172           0
       21306           0
 Found        10856  events.
 Wrote           28  events.
 Actual xsec    125081218.96685028     
 Correct abs xsec    125081218.96685028     
 Event xsec    125081218.96685022     
 Events wgts > 1:            0
 % Cross section > 1:    0.0000000000000000        0.0000000000000000     
 Checking number of events   53473.471920518161               28  chi2:   0.21491259198549501     
 Found        10856  events.
 Wrote           22  events.
 Actual xsec    125081218.96685028     
 Correct abs xsec    125081218.96685028     
 Event xsec    125081218.96685024     
 Events wgts > 1:            0
 % Cross section > 1:    0.0000000000000000        0.0000000000000000     
 Iteration  9   Mean: 0.1230E+09 Abs mean: 0.1230E+09   Fluctuation:  0.219E+07   0.334E+12    99.4%
  9    0.1230E+09 0.1230E+09 +- 0.2188E+07      9.00
 Relative summed weights:
  0.1693E+00  0.0000E+00
  0.1618E+00  0.0000E+00
  0.1638E+00  0.0000E+00
  0.1621E+00  0.0000E+00
  0.1622E+00  0.0000E+00
  0.1807E+00  0.0000E+00
 Relative number of events:
  0.1674E+00  0.0000E+00
  0.1672E+00  0.0000E+00
  0.1668E+00  0.0000E+00
  0.1665E+00  0.0000E+00
  0.1657E+00  0.0000E+00
  0.1665E+00  0.0000E+00
 Events:
       42842           0
       42795           0
       42699           0
       42614           0
       42423           0
       42627           0
 Found        21366  events.
 Wrote          225  events.
 Actual xsec    123465278.27956176     
 Correct abs xsec    123465278.27956176     
 Event xsec    123465278.27956097     
 Events wgts > 1:            2
 % Cross section > 1:    1153791.0879418738       0.93450653011072338     
 Checking number of events   52782.641117295447              225  chi2:   0.17317338031335094     
 Found        21366  events.
 Wrote          229  events.
 Actual xsec    123465278.27956176     
 Correct abs xsec    123465278.27956176     
 Event xsec    123465278.27956103     
 Events wgts > 1:            2
 % Cross section > 1:    1133822.6086121877       0.91833317383765656     

 -------------------------------------------------------------------------------
 Accumulated results:   Integral =  0.1217E+09
                        Std dev  =  0.1382E+07
                       Cross sec =  0.1217E+09
             Chi**2 per DoF.     =      1.3387
 -------------------------------------------------------------------------------
-------------------------------------------------
---------------------------
 Results Last   3 iters: Integral =   0.1235E+09
                     Abs integral =   0.1235E+09
                          Std dev =   0.1769E+07
                  Chi**2 per DoF. =      0.1732
-------------------------------------------------
---------------------------
 Status -4.27509999999999978E-004          10           9
 Trying w/ fresh grid
 Starting w/ ncall =         4000
 Keeping grid fixed.
  5 dimensions   4000 events  5 invarients  8 iterations  1 config(s),  (0.99)
 Using h-tuple random number sequence.
 Error opening grid
 Using Uniform Grid!
 Using uniform alpha   1.0000000000000000     
 Grid defined OK
 Warning: No cutoff for shat integral found
          Minimum set to    204.08163265306121     
Setting grid   1    0.20408E+03   1
 Warning: No cutoff for shat integral found
          Minimum set to    204.08163265306121     
Setting grid   2    0.20408E+03   1
Warning xbin not returning correct x   2  0.999979E+00  0.993953E+00  0.2837E+03
Warning xbin not returning correct x   2  0.999983E+00  0.995265E+00  0.2837E+03
Warning xbin not returning correct x   2  0.999974E+00  0.992583E+00  0.2837E+03
Warning xbin not returning correct x   2  0.999979E+00  0.993963E+00  0.2837E+03
Warning xbin not returning correct x   2  0.999967E+00  0.990531E+00  0.2837E+03
Warning xbin still not working well. Last message this iteration.
 Iteration  1   Mean: 0.2085E+08 Abs mean: 0.2085E+08   Fluctuation:  0.384E+07   0.106E+11    99.0%
  1    0.2085E+08 0.2085E+08 +- 0.3844E+07     11.66
 Relative summed weights:
  0.1376E+00  0.0000E+00
  0.1774E+00  0.0000E+00
  0.3408E+00  0.0000E+00
  0.8787E-01  0.0000E+00
  0.1153E+00  0.0000E+00
  0.1411E+00  0.0000E+00
 Relative number of events:
  0.1740E+00  0.0000E+00
  0.1547E+00  0.0000E+00
  0.1720E+00  0.0000E+00
  0.1688E+00  0.0000E+00
  0.1640E+00  0.0000E+00
  0.1665E+00  0.0000E+00
 Events:
         696           0
         619           0
         688           0
         675           0
         656           0
         666           0
Warning xbin not returning correct x   1  0.989836E+00  0.999846E+00  0.1537E-01
Warning xbin not returning correct x   1  0.989633E+00  0.999843E+00  0.1537E-01
Warning xbin not returning correct x   1  0.989152E+00  0.999836E+00  0.1537E-01
Warning xbin not returning correct x   1  0.989680E+00  0.999844E+00  0.1537E-01
Warning xbin not returning correct x   1  0.985085E+00  0.999774E+00  0.1537E-01
Warning xbin still not working well. Last message this iteration.
 Iteration  2   Mean: 0.2609E+07 Abs mean: 0.2609E+07   Fluctuation:  0.194E+06   0.105E+10    95.2%
  2    0.2609E+07 0.2609E+07 +- 0.1938E+06      6.65
 Relative summed weights:
  0.1347E+00  0.0000E+00
  0.2256E+00  0.0000E+00
  0.1628E+00  0.0000E+00
  0.1415E+00  0.0000E+00
  0.1758E+00  0.0000E+00
  0.1596E+00  0.0000E+00
 Relative number of events:
  0.1640E+00  0.0000E+00
  0.1694E+00  0.0000E+00
  0.1616E+00  0.0000E+00
  0.1685E+00  0.0000E+00
  0.1688E+00  0.0000E+00
  0.1678E+00  0.0000E+00
 Events:
        1312           0
        1355           0
        1293           0
        1348           0
        1350           0
        1342           0
 Iteration  3   Mean: 0.6951E+08 Abs mean: 0.6951E+08   Fluctuation:  0.341E+08   0.536E+12   100.0%
  3    0.6951E+08 0.6951E+08 +- 0.3413E+08     62.11
 Relative summed weights:
  0.1645E+00  0.0000E+00
  0.9963E-01  0.0000E+00
  0.3780E-01  0.0000E+00
  0.5261E+00  0.0000E+00
  0.8971E-01  0.0000E+00
  0.8226E-01  0.0000E+00
 Relative number of events:
  0.1665E+00  0.0000E+00
  0.1653E+00  0.0000E+00
  0.1656E+00  0.0000E+00
  0.1708E+00  0.0000E+00
  0.1684E+00  0.0000E+00
  0.1635E+00  0.0000E+00
 Events:
        2664           0
        2644           0
        2649           0
        2732           0
        2695           0
        2616           0
 Found         2024  events.
 Wrote            1  events.
 Actual xsec    6399740.0102717085     
 Correct abs xsec    6399740.0102717085     
 Event xsec    6399740.0102717085     
 Events wgts > 1:            1
 % Cross section > 1:    1.0114536024630070       1.58046045751796799E-005
 Checking number of events   2735.9528517912581                1  chi2:    200.10175433979182     
 Found         2024  events.
 Wrote            3  events.
 Actual xsec    6399740.0102717085     
 Correct abs xsec    6399740.0102717085     
 Event xsec    6399740.0102717075     
 Events wgts > 1:            1
 % Cross section > 1:   0.33715123590081930       5.26820207320430183E-006
 Iteration  4   Mean: 0.5395E+08 Abs mean: 0.5395E+08   Fluctuation:  0.517E+07   0.801E+11    99.6%
  4    0.5395E+08 0.5395E+08 +- 0.5170E+07     17.14
 Relative summed weights:
  0.1458E+00  0.0000E+00
  0.2040E+00  0.0000E+00
  0.1966E+00  0.0000E+00
  0.2155E+00  0.0000E+00
  0.9692E-01  0.0000E+00
  0.1412E+00  0.0000E+00
 Relative number of events:
  0.1638E+00  0.0000E+00
  0.1670E+00  0.0000E+00
  0.1708E+00  0.0000E+00
  0.1636E+00  0.0000E+00
  0.1694E+00  0.0000E+00
  0.1655E+00  0.0000E+00
 Events:
        5241           0
        5344           0
        5464           0
        5234           0
        5420           0
        5297           0
 Found          922  events.
 Wrote           22  events.
 Actual xsec    22550370.840832524     
 Correct abs xsec    22550370.840832524     
 Event xsec    22550370.840832535     
 Events wgts > 1:            1
 % Cross section > 1:   0.31029561487957835       1.37601113999295354E-006
 Checking number of events   9640.5090381643113               22  chi2:    5313.0967475661264     
 Found          922  events.
 Wrote           20  events.
 Actual xsec    22550370.840832524     
 Correct abs xsec    22550370.840832524     
 Event xsec    22550370.840832517     
 Events wgts > 1:            1
 % Cross section > 1:   0.34132517571561038       1.51361225110127409E-006
 Iteration  5   Mean: 0.7325E+08 Abs mean: 0.7325E+08   Fluctuation:  0.628E+07   0.244E+12    99.3%
  5    0.7325E+08 0.7325E+08 +- 0.6276E+07     21.67
 Relative summed weights:
  0.1264E+00  0.0000E+00
  0.1348E+00  0.0000E+00
  0.2427E+00  0.0000E+00
  0.2061E+00  0.0000E+00
  0.1472E+00  0.0000E+00
  0.1428E+00  0.0000E+00
 Relative number of events:
  0.1664E+00  0.0000E+00
  0.1679E+00  0.0000E+00
  0.1660E+00  0.0000E+00
  0.1670E+00  0.0000E+00
  0.1666E+00  0.0000E+00
  0.1660E+00  0.0000E+00
 Events:
       10651           0
       10747           0
       10627           0
       10686           0
       10664           0
       10625           0
 Found         4029  events.
 Wrote           20  events.
 Actual xsec    64759333.858697094     
 Correct abs xsec    64759333.858697094     
 Event xsec    64759333.858697131     
 Events wgts > 1:            2
 % Cross section > 1:    196799.10398158291       0.30389303325910128     
 Checking number of events   27685.262817931594               20  chi2:    3.1131973282980456     
 Found         4029  events.
 Wrote           20  events.
 Actual xsec    64759333.858697094     
 Correct abs xsec    64759333.858697094     
 Event xsec    64759333.858697131     
 Events wgts > 1:            2
 % Cross section > 1:    196799.10398158291       0.30389303325910128     
 Fixing grid
 Iteration  6   Mean: 0.1373E+09 Abs mean: 0.1373E+09   Fluctuation:  0.343E+08   0.417E+13    99.4%
  6    0.1373E+09 0.1373E+09 +- 0.3432E+08     89.43
 Relative summed weights:
  0.3315E+00  0.0000E+00
  0.1266E+00  0.0000E+00
  0.1088E+00  0.0000E+00
  0.1299E+00  0.0000E+00
  0.1931E+00  0.0000E+00
  0.1101E+00  0.0000E+00
 Relative number of events:
  0.1669E+00  0.0000E+00
  0.1668E+00  0.0000E+00
  0.1661E+00  0.0000E+00
  0.1659E+00  0.0000E+00
  0.1678E+00  0.0000E+00
  0.1665E+00  0.0000E+00
 Events:
       21360           0
       21348           0
       21259           0
       21232           0
       21484           0
       21317           0
 Found         9049  events.
 Wrote            6  events.
 Actual xsec    69128071.232023567     
 Correct abs xsec    69128071.232023567     
 Event xsec    69128071.232023567     
 Events wgts > 1:            0
 % Cross section > 1:    0.0000000000000000        0.0000000000000000     
 Checking number of events   29552.941732402393                6  chi2:    6.4996579390360845     
 Found         9049  events.
 Wrote            4  events.
 Actual xsec    69128071.232023567     
 Correct abs xsec    69128071.232023567     
 Event xsec    69128071.232023567     
 Events wgts > 1:            0
 % Cross section > 1:    0.0000000000000000        0.0000000000000000     
 Iteration  7   Mean: 0.1029E+09 Abs mean: 0.1029E+09   Fluctuation:  0.127E+08   0.247E+13    99.5%
  7    0.1029E+09 0.1029E+09 +- 0.1271E+08     62.49
 Relative summed weights:
  0.1597E+00  0.0000E+00
  0.1307E+00  0.0000E+00
  0.1569E+00  0.0000E+00
  0.1423E+00  0.0000E+00
  0.1322E+00  0.0000E+00
  0.2782E+00  0.0000E+00
 Relative number of events:
  0.1660E+00  0.0000E+00
  0.1663E+00  0.0000E+00
  0.1655E+00  0.0000E+00
  0.1665E+00  0.0000E+00
  0.1672E+00  0.0000E+00
  0.1684E+00  0.0000E+00
 Events:
       42505           0
       42585           0
       42377           0
       42618           0
       42810           0
       43105           0
 Found        10517  events.
 Wrote           12  events.
 Actual xsec    86876266.311356649     
 Correct abs xsec    86876266.311356649     
 Event xsec    86876266.311356649     
 Events wgts > 1:            0
 % Cross section > 1:    0.0000000000000000        0.0000000000000000     
 Checking number of events   37140.472610768076               12  chi2:    4.2277239000375761     
 Found        10517  events.
 Wrote           10  events.
 Actual xsec    86876266.311356649     
 Correct abs xsec    86876266.311356649     
 Event xsec    86876266.311356664     
 Events wgts > 1:            0
 % Cross section > 1:    0.0000000000000000        0.0000000000000000     
 Iteration  8   Mean: 0.9423E+08 Abs mean: 0.9423E+08   Fluctuation:  0.479E+07   0.142E+13    99.4%
  8    0.9423E+08 0.9423E+08 +- 0.4789E+07     36.36
 Relative summed weights:
  0.2257E+00  0.0000E+00
  0.1502E+00  0.0000E+00
  0.1427E+00  0.0000E+00
  0.1662E+00  0.0000E+00
  0.1658E+00  0.0000E+00
  0.1494E+00  0.0000E+00
 Relative number of events:
  0.1648E+00  0.0000E+00
  0.1662E+00  0.0000E+00
  0.1676E+00  0.0000E+00
  0.1667E+00  0.0000E+00
  0.1676E+00  0.0000E+00
  0.1671E+00  0.0000E+00
 Events:
       84380           0
       85089           0
       85814           0
       85354           0
       85791           0
       85572           0
 Found        27105  events.
 Wrote           46  events.
 Actual xsec    119523289.40816779     
 Correct abs xsec    119523289.40816779     
 Event xsec    119523289.40816766     
 Events wgts > 1:            2
 % Cross section > 1:    1041709.6140045701       0.87155366888135910     
 Checking number of events   41431.775684327411               46  chi2:   0.95865601625708674     
 Found        27105  events.
 Wrote           43  events.
 Actual xsec    119523289.40816779     
 Correct abs xsec    119523289.40816779     
 Event xsec    119523289.40816776     
 Events wgts > 1:            2
 % Cross section > 1:    1113709.8257597429       0.93179315200777624     

 -------------------------------------------------------------------------------
 Accumulated results:   Integral =  0.6747E+08
                        Std dev  =  0.2214E+07
                       Cross sec =  0.6747E+08
             Chi**2 per DoF.     =     40.4184
 -------------------------------------------------------------------------------
-------------------------------------------------
---------------------------
 Results Last   3 iters: Integral =   0.9691E+08
                     Abs integral =   0.9691E+08
                         Std dev =   0.4476E+07
                 Chi**2 per DoF. =      0.9587
-------------------------------------------------
---------------------------
>>>>>>> 911b5ec345c81b054214c521136984e9d6306827

ls status:
events.lhe
ftn25
ftn26
input_sg.txt
<<<<<<< HEAD
=======
log.txt
>>>>>>> 911b5ec345c81b054214c521136984e9d6306827
moffset.dat
results.dat
run_01_ftn26.gz
run_01_log.txt
run_01_results.dat
run_02_ftn26.gz
run_02_log.txt
run_02_results.dat
<<<<<<< HEAD
run_03_ftn26.gz
run_03_log.txt
run_03_results.dat
run_08_ftn26.gz
run_08_log.txt
run_08_results.dat
run_09_log.txt
run_09_results.dat
run_10_ftn26.gz
run_10_log.txt
run_10_results.dat
run_11_ftn26.gz
run_11_log.txt
run_11_results.dat
=======
>>>>>>> 911b5ec345c81b054214c521136984e9d6306827
run1_app.log
