 Process in group number            1
 No PDF is used, alpha_s(MZ) from param_card is used
 Value of alpha_s from param_card:   0.11800000071525575     
 The default order of alpha_s running is fixed to            2
 *****************************************************
 *               MadGraph/MadEvent                   *
 *        --------------------------------           *
 *          http://madgraph.hep.uiuc.edu             *
 *          http://madgraph.phys.ucl.ac.be           *
 *          http://madgraph.roma2.infn.it            *
 *        --------------------------------           *
 *                                                   *
 *          PARAMETER AND COUPLING VALUES            *
 *                                                   *
 *****************************************************

  External Params
  ---------------------------------
  
 mdl_MB =    4.6999998092651367     
 mdl_MT =    173.00000000000000     
 mdl_Me =   5.10999991092830896E-004
 mdl_MM =   0.10565999895334244     
 mdl_MTA =    1.7769999504089355     
 mdl_MZ =    91.188003540039063     
 mdl_MH =    125.00000000000000     
 aEWM1 =    132.50700378417969     
 mdl_Gf =   1.16639000000000003E-005
 aS =   0.11800000071525575     
 mdl_ymb =    4.6999998092651367     
 mdl_ymt =    173.00000000000000     
 mdl_yme =   5.10999991092830896E-004
 mdl_ymm =   0.10565999895334244     
 mdl_ymtau =    1.7769999504089355     
 mdl_WT =    1.4915000200271606     
 mdl_WTau =   2.26999999999999982E-012
 mdl_WZ =    2.4414041042327881     
 mdl_WW =    2.0476000308990479     
 mdl_WH =   6.38233916833996773E-003
  Internal Params
  ---------------------------------
  
 mdl_conjg__CKM3x3 =    1.0000000000000000     
 mdl_CKM3x3 =    1.0000000000000000     
 mdl_conjg__CKM1x1 =    1.0000000000000000     
 mdl_complexi =  (  0.0000000000000000     ,  1.0000000000000000     )
 mdl_MZ__exp__2 =    8315.2519896181766     
 mdl_MZ__exp__4 =    69143415.650849044     
 mdl_sqrt__2 =    1.4142135623730951     
 mdl_MH__exp__2 =    15625.000000000000     
 mdl_aEW =   7.54677089845565054E-003
 mdl_MW =    80.419007276179556     
 mdl_sqrt__aEW =   8.68721526063194194E-002
 mdl_ee =   0.30795376284704501     
 mdl_MW__exp__2 =    6467.2167312862202     
 mdl_sw2 =   0.22224645274001076     
 mdl_cw =   0.88190336616887299     
 mdl_sqrt__sw2 =   0.47143022043565552     
 mdl_sw =   0.47143022043565552     
 mdl_g1 =   0.34919218438279087     
 mdl_gw =   0.65323296958447097     
 mdl_vev =    246.21845810181631     
 mdl_vev__exp__2 =    60623.529110035874     
 mdl_lam =   0.12886910601690271     
 mdl_yb =   2.69955531549349904E-002
 mdl_ye =   2.93504850670934038E-006
 mdl_ym =   6.06883028478528356E-004
 mdl_yt =   0.99366614581500645     
 mdl_ytau =   1.02066167158167895E-002
 mdl_muH =    88.388347648318444     
 mdl_I1x33 =  ( 2.69955531549349904E-002,  0.0000000000000000     )
 mdl_I2x33 =  ( 0.99366614581500645     ,  0.0000000000000000     )
 mdl_I3x33 =  ( 0.99366614581500645     ,  0.0000000000000000     )
 mdl_I4x33 =  ( 2.69955531549349904E-002,  0.0000000000000000     )
 mdl_ee__exp__2 =   9.48355200516540348E-002
 mdl_sw__exp__2 =   0.22224645274001076     
 mdl_cw__exp__2 =   0.77775354725998924     
  Internal Params evaluated point by point
  ----------------------------------------
  
 mdl_sqrt__aS =   0.34351128178744839     
 mdl_G__exp__2 =    1.4828317414825511     
  Couplings of sm-lepton_masses
  ---------------------------------
  
         GC_3 =  -0.00000E+00  -0.30795E+00
        GC_50 =  -0.00000E+00  -0.28804E+00
        GC_59 =   0.00000E+00   0.82310E-01
        GC_89 =  -0.00000E+00  -0.20754E-05

 Collider parameters:
 --------------------

 Running at e e   machine @    10.000000000000000       GeV
 PDF set = none   
 alpha_s(Mz)= 0.1180 running at 2 loops.
 alpha_s(Mz)= 0.1180 running at 2 loops.
 Renormalization scale set on event-by-event basis
 Factorization   scale set on event-by-event basis


 getting user params
Enter number of events and max and min iterations: 
 Number of events and iterations         1000           5           3
Enter desired fractional accuracy: 
 Desired fractional accuracy:   0.10000000000000001     
Enter 0 for fixed, 2 for adjustable grid: 
Suppress amplitude (0 no, 1 yes)? 
 Using suppressed amplitude.
Exact helicity sum (0 yes, n = number/event)? 
 Explicitly summing over helicities
Enter Configuration Number: 
Running Configuration Number:    3
 Using dconfig=           2
 BW Setting            2           0           0
 Attempting mappinvarients           1           5
 Completed mapping           5
 about to integrate            5        1000           5           3           5           1
 Using non-zero grid deformation.
  5 dimensions   1000 events  5 invarients  5 iterations  1 config(s),  (0.99)
 Using h-tuple random number sequence.
 Error opening grid
 Using Uniform Grid!
 Using uniform alpha   1.0000000000000000     
 Grid defined OK
 Set CM energy to         10.00
 Mapping Graph           3  to config           3
Setting grid   1    0.26112E-08   1
Setting grid   2    0.10445E-07   1
 Masses: 0.511E-03 0.511E-03 0.000E+00 0.511E-03 0.511E-03
   3   1   2   3   4   5
Using random seed offsets     3 :      1
  with seed                   45
 Ranmar initialization seeds       26579        9420
  Particle       3       4       5
      Et >     0.0     0.0     0.0
       E >     0.0     0.0     0.0
     Eta <     5.0     5.0     5.0
   xqcut:      0.0     0.0     0.0
d R # 3  >    -0.0     0.4     0.4
d R # 4  >    -0.0    -0.0     0.0
s min # 3>     0.0     0.0     0.0
s min # 4>     0.0     0.0     0.0
xqcutij # 3>     0.0     0.0     0.0
xqcutij # 4>     0.0     0.0     0.0
 Excluding BW           -2           1
 alpha_s for scale    2.2663575121005604       is   0.28214508828758084     
 Added good helicity            1   10.947413244894603       in event            1
 Added good helicity            2  1.70864362495082300E-005  in event            1
 Added good helicity            5  5.58840751958330634E-002  in event            1
 Added good helicity           10  1.75275310105250655E-003  in event            1
 Added good helicity           11   4.9777965586274240       in event            1
 Added good helicity           12  1.03810290455288870E-005  in event            1
 Added good helicity           14  3.97464860251090391E-003  in event            1
 Added good helicity           15  1.31543443869974654E-002  in event            1
 Added good helicity           18  1.31545600222871522E-002  in event            1
 Added good helicity           19  3.92957829449761594E-003  in event            1
 Added good helicity           21  1.03808490610397265E-005  in event            1
 Added good helicity           22   4.9777149655346031       in event            1
 Added good helicity           23  1.73236568568615958E-003  in event            1
 Added good helicity           28  5.58833537206763209E-002  in event            1
 Added good helicity           31  1.70861331724331526E-005  in event            1
 Added good helicity           32   10.947554585572259       in event            1
 Added good helicity           13  4.76388620979155026E-006  in event           30
 Added good helicity           20  4.76373645757852035E-006  in event           30
 Added good helicity            3  3.72807523444456832E-003  in event           34
 Added good helicity           30  3.72807539894915319E-003  in event           34
 Iteration  1   Mean: 0.4081E-02 Abs mean: 0.4081E-02   Fluctuation:  0.144E-02   0.121E+01    30.8%
  1    0.4081E-02 0.4081E-02 +- 0.1436E-02     11.13
 Writing out events  2.65092170558017751E-006   11.129691839517047     
 Relative summed weights:
  0.8086E+00  0.0000E+00
  0.1914E+00  0.0000E+00
 Relative number of events:
  0.5130E+00  0.0000E+00
  0.4870E+00  0.0000E+00
 Events:
         513           0
         487           0
 Iteration  2   Mean: 0.1917E-02 Abs mean: 0.1917E-02   Fluctuation:  0.254E-03   0.396E+00    35.0%
  2    0.1917E-02 0.1917E-02 +- 0.2543E-03      5.93
 Relative summed weights:
  0.4377E+00  0.0000E+00
  0.5623E+00  0.0000E+00
 Relative number of events:
  0.4830E+00  0.0000E+00
  0.5170E+00  0.0000E+00
 Events:
         966           0
        1034           0
 Iteration  3   Mean: 0.2182E-02 Abs mean: 0.2182E-02   Fluctuation:  0.396E-03   0.149E+01    32.5%
  3    0.2182E-02 0.2182E-02 +- 0.3964E-03     11.49
 Relative summed weights:
  0.4375E+00  0.0000E+00
  0.5625E+00  0.0000E+00
 Relative number of events:
  0.4963E+00  0.0000E+00
  0.5038E+00  0.0000E+00
 Events:
        1985           0
        2015           0
 Accuracy:    0.191   0.100   0.102   3.466
 Found          637  events.
 Wrote            7  events.
 Actual xsec   2.18502792345718873E-003
 Correct abs xsec   2.18502792345718873E-003
 Event xsec   2.18502792345718873E-003
 Events wgts > 1:            0
 % Cross section > 1:    0.0000000000000000        0.0000000000000000     
 Iteration  4   Mean: 0.1691E-02 Abs mean: 0.1691E-02   Fluctuation:  0.794E-04   0.230E+00    25.4%
  4    0.1691E-02 0.1691E-02 +- 0.7937E-04      4.20
 Relative summed weights:
  0.4846E+00  0.0000E+00
  0.5154E+00  0.0000E+00
 Relative number of events:
  0.4931E+00  0.0000E+00
  0.5069E+00  0.0000E+00
 Events:
        3945           0
        4055           0
 Accuracy:    0.100   0.100   0.043   5.518
 Found         1404  events.
 Wrote           84  events.
 Actual xsec   1.74257145994345837E-003
 Correct abs xsec   1.74257145994345837E-003
 Event xsec   1.74257145994345837E-003
 Events wgts > 1:            2
 % Cross section > 1:   1.52918214892291294E-005  0.87754343742811602     
 Iteration  5   Mean: 0.1886E-02 Abs mean: 0.1886E-02   Fluctuation:  0.122E-03   0.179E+01    22.8%
  5    0.1886E-02 0.1886E-02 +- 0.1215E-03      8.15
 Relative summed weights:
  0.5191E+00  0.0000E+00
  0.4809E+00  0.0000E+00
 Relative number of events:
  0.4967E+00  0.0000E+00
  0.5033E+00  0.0000E+00
 Events:
        7947           0
        8053           0
 Accuracy:    0.072   0.100   0.036   4.139
 Finished due to accuracy   7.23855909173124062E-002  0.10000000000000001     

 -------------------------------------------------------------------------------
 Accumulated results:   Integral =  0.1810E-02
                        Std dev  =  0.6440E-04
                       Cross sec =  0.1810E-02
             Chi**2 per DoF.     =      4.1394
 -------------------------------------------------------------------------------
 Found         3829  events.
 Wrote           14  events.
 Actual xsec   1.77634885990147215E-003
 Correct abs xsec   1.77634885990147215E-003
 Event xsec   1.77634885990147150E-003
 Events wgts > 1:            1
 % Cross section > 1:   1.16857950995929299E-011  6.57854735822619024E-007
-------------------------------------------------
---------------------------
 Results Last   3 iters: Integral =   0.1776E-02
                     Abs integral =   0.1776E-02
                          Std dev =   0.6597E-04
                  Chi**2 per DoF. =      1.5009
-------------------------------------------------
---------------------------
 Status  0.10000000000000001                6           5

ls status:
events.lhe
input_app.txt
log.txt
multijob.dat
results.dat
run_01_log.txt
run_01_results.dat
run1_app.log
