 Process in group number            0
 No PDF is used, alpha_s(MZ) from param_card is used
 Value of alpha_s from param_card:   0.11800000071525575     
 The default order of alpha_s running is fixed to            2
<<<<<<< HEAD
=======
 Warning: pt or E min of a gamma should in general be >0
 Warning: pt or E min of a gamma should in general be >0
 Warning: pt or E min of a gamma should in general be >0
>>>>>>> 911b5ec345c81b054214c521136984e9d6306827
 *****************************************************
 *               MadGraph/MadEvent                   *
 *        --------------------------------           *
 *          http://madgraph.hep.uiuc.edu             *
 *          http://madgraph.phys.ucl.ac.be           *
 *          http://madgraph.roma2.infn.it            *
 *        --------------------------------           *
 *                                                   *
 *          PARAMETER AND COUPLING VALUES            *
 *                                                   *
 *****************************************************

  External Params
  ---------------------------------
  
 aEWM1 =    132.50700378417969     
 mdl_Gf =   1.16639000000000003E-005
 aS =   0.11800000071525575     
 mdl_ymb =    4.6999998092651367     
 mdl_ymt =    173.00000000000000     
 mdl_yme =   5.10999991092830896E-004
 mdl_ymm =   0.10565999895334244     
 mdl_ymtau =    1.7769999504089355     
 mdl_MZ =    91.188003540039063     
 mdl_MT =    173.00000000000000     
 mdl_MB =    4.6999998092651367     
 mdl_MH =    125.00000000000000     
 mdl_Me =   5.10999991092830896E-004
 mdl_MM =   0.10565999895334244     
 mdl_MTA =    1.7769999504089355     
 mdl_WZ =    2.4414041042327881     
 mdl_WW =    2.0476000308990479     
 mdl_WT =    1.4915000200271606     
 mdl_WH =   6.38233916833996773E-003
 mdl_WTau =   2.26999999999999982E-012
  Internal Params
  ---------------------------------
  
 mdl_conjg__CKM3x3 =    1.0000000000000000     
 mdl_CKM3x3 =    1.0000000000000000     
 mdl_conjg__CKM1x1 =    1.0000000000000000     
 mdl_complexi =  (  0.0000000000000000     ,  1.0000000000000000     )
 mdl_MZ__exp__2 =    8315.2519896181766     
 mdl_MZ__exp__4 =    69143415.650849044     
 mdl_sqrt__2 =    1.4142135623730951     
 mdl_MH__exp__2 =    15625.000000000000     
 mdl_aEW =   7.54677089845565054E-003
 mdl_MW =    80.419007276179556     
 mdl_sqrt__aEW =   8.68721526063194194E-002
 mdl_ee =   0.30795376284704501     
 mdl_MW__exp__2 =    6467.2167312862202     
 mdl_sw2 =   0.22224645274001076     
 mdl_cw =   0.88190336616887299     
 mdl_sqrt__sw2 =   0.47143022043565552     
 mdl_sw =   0.47143022043565552     
 mdl_g1 =   0.34919218438279087     
 mdl_gw =   0.65323296958447097     
 mdl_vev =    246.21845810181631     
 mdl_vev__exp__2 =    60623.529110035874     
 mdl_lam =   0.12886910601690271     
 mdl_yb =   2.69955531549349904E-002
 mdl_ye =   2.93504850670934038E-006
 mdl_ym =   6.06883028478528356E-004
 mdl_yt =   0.99366614581500645     
 mdl_ytau =   1.02066167158167895E-002
 mdl_muH =    88.388347648318444     
 mdl_I1x33 =  ( 2.69955531549349904E-002,  0.0000000000000000     )
 mdl_I2x33 =  ( 0.99366614581500645     ,  0.0000000000000000     )
 mdl_I3x33 =  ( 0.99366614581500645     ,  0.0000000000000000     )
 mdl_I4x33 =  ( 2.69955531549349904E-002,  0.0000000000000000     )
 mdl_ee__exp__2 =   9.48355200516540348E-002
 mdl_sw__exp__2 =   0.22224645274001076     
 mdl_cw__exp__2 =   0.77775354725998924     
  Internal Params evaluated point by point
  ----------------------------------------
  
 mdl_sqrt__aS =   0.34351128178744839     
 mdl_G__exp__2 =    1.4828317414825511     
  Couplings of sm-lepton_masses
  ---------------------------------
  
         GC_3 =  -0.00000E+00  -0.30795E+00

 Collider parameters:
 --------------------

<<<<<<< HEAD
 Running at e e   machine @   7.14879999999999960E-002  GeV
=======
 Running at e e   machine @   7.00000000000000067E-002  GeV
>>>>>>> 911b5ec345c81b054214c521136984e9d6306827
 PDF set = none   
 alpha_s(Mz)= 0.1180 running at 2 loops.
 alpha_s(Mz)= 0.1180 running at 2 loops.
 Renormalization scale fixed @    91.188000000000002     
 Factorization scales  fixed @    91.188000000000002        91.188000000000002     


 getting user params
Enter number of events and max and min iterations: 
<<<<<<< HEAD
 Number of events and iterations         2000           9           3
Enter desired fractional accuracy: 
 Desired fractional accuracy:  -1.03289999999999995E-004
=======
 Number of events and iterations         1000           9           3
Enter desired fractional accuracy: 
 Desired fractional accuracy:  -4.27509999999999978E-004
>>>>>>> 911b5ec345c81b054214c521136984e9d6306827
Enter 0 for fixed, 2 for adjustable grid: 
Suppress amplitude (0 no, 1 yes)? 
 Using suppressed amplitude.
Exact helicity sum (0 yes, n = number/event)? 
 Explicitly summing over helicities
Enter Configuration Number: 
Running Configuration Number:    1
 Not subdividing B.W.
 Attempting mappinvarients           1           5
 Completed mapping           5
<<<<<<< HEAD
 about to integrate            5        2000           9           3           5           1
 Using non-zero grid deformation.
  5 dimensions   2000 events  5 invarients  9 iterations  1 config(s),  (0.99)
 Using h-tuple random number sequence.
 Error opening grid
 Using Uniform Grid!
 Using uniform alpha   1.0000000000000000     
 Grid defined OK
 Set CM energy to          0.07
 Mapping Graph           1  to config           1
Setting grid   1    0.17611E-04   1
Setting grid   2    0.17611E-04   1
=======
 about to integrate            5        1000           9           3           5           1
 Keeping grid fixed.
  5 dimensions   1000 events  5 invarients  9 iterations  1 config(s),  (0.99)
 Using h-tuple random number sequence.
 Grid read from file
 Grid defined OK
 Set CM energy to          0.07
 Mapping Graph           1  to config           1
 Warning: No cutoff for shat integral found
          Minimum set to    204.08163265306121     
 No modification is setgrid, grid read from file
 Warning: No cutoff for shat integral found
          Minimum set to    204.08163265306121     
 No modification is setgrid, grid read from file
>>>>>>> 911b5ec345c81b054214c521136984e9d6306827
 Masses: 0.511E-03 0.511E-03 0.000E+00 0.000E+00 0.000E+00
   1   1   2   3   4   5
 Got moffset          12
Using random seed offsets     1 :      1
<<<<<<< HEAD
  with seed                  114
 Ranmar initialization seeds       20445       17295
=======
  with seed                   48
 Ranmar initialization seeds       30234       17226
>>>>>>> 911b5ec345c81b054214c521136984e9d6306827
  Particle       3       4       5
      Et >     0.0     0.0     0.0
       E >     0.0     0.0     0.0
     Eta <    -1.0    -1.0    -1.0
   xqcut:      0.0     0.0     0.0
d R # 3  >    -0.0     0.0     0.0
d R # 4  >    -0.0    -0.0     0.0
s min # 3>     0.0     0.0     0.0
s min # 4>     0.0     0.0     0.0
xqcutij # 3>     0.0     0.0     0.0
xqcutij # 4>     0.0     0.0     0.0
 alpha_s for scale    91.188000000000002       is   0.11800000071525575     
<<<<<<< HEAD
 Added good helicity            1  0.24614215700398961       in event            1
 Added good helicity            2  1.55233666021071824E-006  in event            1
 Added good helicity            3  3.90326820007435571E-002  in event            1
 Added good helicity            5   13.226693658207646       in event            1
 Added good helicity           10   1.2851137920367592       in event            1
 Added good helicity           12  7.52894584739455079E-003  in event            1
 Added good helicity           14   1.1954869791496527       in event            1
 Added good helicity           19   1.1954869791496521       in event            1
 Added good helicity           21  7.52894584739455079E-003  in event            1
 Added good helicity           23   1.2851137920367592       in event            1
 Added good helicity           28   13.226693658207646       in event            1
 Added good helicity           30  3.90326820007435571E-002  in event            1
 Added good helicity           31  1.55233666021071824E-006  in event            1
 Added good helicity           32  0.24614215700398961       in event            1
 Added good helicity            4  4.31243047139108851E-005  in event            2
 Added good helicity            6  7.55731816682093282E-005  in event            2
 Added good helicity            7  8.41104414009118128E-005  in event            2
 Added good helicity           11  2.65587102892579675E-002  in event            2
 Added good helicity           13  5.07215385546626665E-002  in event            2
 Added good helicity           15  1.72163008315550509E-002  in event            2
 Added good helicity           18  1.72163008315550474E-002  in event            2
 Added good helicity           20  5.07215385546626735E-002  in event            2
 Added good helicity           22  2.65587102892579675E-002  in event            2
 Added good helicity           26  8.41104414009118128E-005  in event            2
 Added good helicity           27  7.55731816682093282E-005  in event            2
 Added good helicity           29  4.31243047139108851E-005  in event            2
 Iteration  1   Mean: 0.3614E+08 Abs mean: 0.3614E+08   Fluctuation:  0.304E+07   0.474E+10    99.3%
  1    0.3614E+08 0.3614E+08 +- 0.3037E+07      3.76
 Writing out events   2022.7557395876206        3.7577410945987997     
 Relative summed weights:
  0.1782E+00  0.0000E+00
  0.1385E+00  0.0000E+00
  0.1795E+00  0.0000E+00
  0.1315E+00  0.0000E+00
  0.2339E+00  0.0000E+00
  0.1385E+00  0.0000E+00
 Relative number of events:
  0.1915E+00  0.0000E+00
  0.1640E+00  0.0000E+00
  0.1735E+00  0.0000E+00
  0.1615E+00  0.0000E+00
  0.1570E+00  0.0000E+00
  0.1525E+00  0.0000E+00
 Events:
         383           0
         328           0
         347           0
         323           0
         314           0
         305           0
 Iteration  2   Mean: 0.4037E+08 Abs mean: 0.4037E+08   Fluctuation:  0.461E+07   0.174E+11    97.3%
  2    0.4037E+08 0.4037E+08 +- 0.4605E+07      7.21
 Relative summed weights:
  0.1548E+00  0.0000E+00
  0.1750E+00  0.0000E+00
  0.1395E+00  0.0000E+00
  0.1387E+00  0.0000E+00
  0.1319E+00  0.0000E+00
  0.2600E+00  0.0000E+00
 Relative number of events:
  0.1685E+00  0.0000E+00
  0.1690E+00  0.0000E+00
  0.1757E+00  0.0000E+00
  0.1605E+00  0.0000E+00
  0.1623E+00  0.0000E+00
  0.1640E+00  0.0000E+00
 Events:
         674           0
         676           0
         703           0
         642           0
         649           0
         656           0
 Iteration  3   Mean: 0.4022E+08 Abs mean: 0.4022E+08   Fluctuation:  0.161E+07   0.866E+10    98.3%
  3    0.4022E+08 0.4022E+08 +- 0.1607E+07      3.57
 Relative summed weights:
  0.2041E+00  0.0000E+00
  0.1478E+00  0.0000E+00
  0.1709E+00  0.0000E+00
  0.1597E+00  0.0000E+00
  0.1577E+00  0.0000E+00
  0.1597E+00  0.0000E+00
 Relative number of events:
  0.1679E+00  0.0000E+00
  0.1681E+00  0.0000E+00
  0.1659E+00  0.0000E+00
  0.1713E+00  0.0000E+00
  0.1645E+00  0.0000E+00
  0.1624E+00  0.0000E+00
 Events:
        1343           0
        1345           0
        1327           0
        1370           0
        1316           0
        1299           0
 Found          712  events.
 Wrote           33  events.
 Actual xsec    39548300.881588705     
 Correct abs xsec    39548300.881588705     
 Event xsec    39548300.881588757     
 Events wgts > 1:            0
 % Cross section > 1:    0.0000000000000000        0.0000000000000000     
 Checking number of events   4084.9439980592970               33  chi2:   0.73334142648694101     
 Found          712  events.
 Wrote           42  events.
 Actual xsec    39548300.881588705     
 Correct abs xsec    39548300.881588705     
 Event xsec    39548300.881588750     
 Events wgts > 1:            0
 % Cross section > 1:    0.0000000000000000        0.0000000000000000     
 Iteration  4   Mean: 0.3999E+08 Abs mean: 0.3999E+08   Fluctuation:  0.836E+06   0.569E+10    96.5%
  4    0.3999E+08 0.3999E+08 +- 0.8359E+06      2.64
 Relative summed weights:
  0.1747E+00  0.0000E+00
  0.1659E+00  0.0000E+00
  0.1628E+00  0.0000E+00
  0.1808E+00  0.0000E+00
  0.1599E+00  0.0000E+00
  0.1559E+00  0.0000E+00
 Relative number of events:
  0.1646E+00  0.0000E+00
  0.1688E+00  0.0000E+00
  0.1633E+00  0.0000E+00
  0.1703E+00  0.0000E+00
  0.1669E+00  0.0000E+00
  0.1663E+00  0.0000E+00
 Events:
        2633           0
        2700           0
        2612           0
        2724           0
        2670           0
        2661           0
 Found         1475  events.
 Wrote          193  events.
 Actual xsec    40045074.380600423     
 Correct abs xsec    40045074.380600423     
 Event xsec    40045074.380600452     
 Events wgts > 1:            4
 % Cross section > 1:    285666.05382014246       0.71336127660816961     
 Checking number of events   4136.2557327722170              193  chi2:   1.07707930559861973E-002
 Found         1475  events.
 Wrote          181  events.
 Actual xsec    40045074.380600423     
 Correct abs xsec    40045074.380600423     
 Event xsec    40045074.380600601     
 Events wgts > 1:            4
 % Cross section > 1:    304461.24576647813       0.76029636722056149     
 Iteration  5   Mean: 0.3962E+08 Abs mean: 0.3962E+08   Fluctuation:  0.450E+06   0.581E+10    97.0%
  5    0.3962E+08 0.3962E+08 +- 0.4504E+06      2.03
 Relative summed weights:
  0.1639E+00  0.0000E+00
  0.1682E+00  0.0000E+00
  0.1594E+00  0.0000E+00
  0.1671E+00  0.0000E+00
  0.1661E+00  0.0000E+00
  0.1753E+00  0.0000E+00
 Relative number of events:
  0.1695E+00  0.0000E+00
  0.1659E+00  0.0000E+00
  0.1639E+00  0.0000E+00
  0.1651E+00  0.0000E+00
  0.1656E+00  0.0000E+00
  0.1700E+00  0.0000E+00
 Events:
        5423           0
        5309           0
        5246           0
        5283           0
        5298           0
        5441           0
 Found         3059  events.
 Wrote          836  events.
 Actual xsec    39733349.808180362     
 Correct abs xsec    39733349.808180362     
 Event xsec    39733349.808180049     
 Events wgts > 1:           12
 % Cross section > 1:    386032.80689782527       0.97155867492035952     
 Checking number of events   4104.0577016869493              836  chi2:   0.12351119341307934     
 Found         3059  events.
 Wrote          829  events.
 Actual xsec    39733349.808180362     
 Correct abs xsec    39733349.808180362     
 Event xsec    39733349.808180466     
 Events wgts > 1:           12
 % Cross section > 1:    389260.49856162735       0.97968205661201213     
 Iteration  6   Mean: 0.3977E+08 Abs mean: 0.3977E+08   Fluctuation:  0.281E+06   0.497E+10    96.5%
  6    0.3977E+08 0.3977E+08 +- 0.2806E+06      1.78
 Relative summed weights:
  0.1665E+00  0.0000E+00
  0.1674E+00  0.0000E+00
  0.1624E+00  0.0000E+00
  0.1729E+00  0.0000E+00
  0.1600E+00  0.0000E+00
  0.1708E+00  0.0000E+00
 Relative number of events:
  0.1651E+00  0.0000E+00
  0.1653E+00  0.0000E+00
  0.1663E+00  0.0000E+00
  0.1688E+00  0.0000E+00
  0.1672E+00  0.0000E+00
  0.1673E+00  0.0000E+00
 Events:
       10566           0
       10580           0
       10643           0
       10806           0
       10700           0
       10705           0
 Found         6272  events.
 Wrote         2012  events.
 Actual xsec    39750479.763464391     
 Correct abs xsec    39750479.763464391     
 Event xsec    39750479.763464406     
 Events wgts > 1:           33
 % Cross section > 1:    393338.67605952272       0.98951931750280286     
 Checking number of events   4105.8270547682368             2012  chi2:   8.59648694177541917E-002
 Found         6272  events.
 Wrote         2070  events.
 Actual xsec    39750479.763464391     
 Correct abs xsec    39750479.763464391     
 Event xsec    39750479.763464339     
 Events wgts > 1:           33
 % Cross section > 1:    382423.62186343793       0.96206039307966551     
 Iteration  7   Mean: 0.4025E+08 Abs mean: 0.4025E+08   Fluctuation:  0.206E+06   0.414E+10    96.5%
  7    0.4025E+08 0.4025E+08 +- 0.2058E+06      1.83
 Relative summed weights:
  0.1669E+00  0.0000E+00
  0.1688E+00  0.0000E+00
  0.1650E+00  0.0000E+00
  0.1658E+00  0.0000E+00
  0.1663E+00  0.0000E+00
  0.1672E+00  0.0000E+00
 Relative number of events:
  0.1680E+00  0.0000E+00
  0.1665E+00  0.0000E+00
  0.1659E+00  0.0000E+00
  0.1680E+00  0.0000E+00
  0.1653E+00  0.0000E+00
  0.1663E+00  0.0000E+00
 Events:
       21503           0
       21316           0
       21233           0
       21502           0
       21157           0
       21289           0
 Found        12697  events.
 Wrote         3737  events.
 Actual xsec    40029738.372867554     
 Correct abs xsec    40029738.372867554     
 Event xsec    40029738.372866288     
 Events wgts > 1:           73
 % Cross section > 1:    404118.61865509365        1.0095459902606332     
 Checking number of events   4134.6716765334895             3737  chi2:    1.3882577032394945     
 Found        12697  events.
 Wrote         3778  events.
 Actual xsec    40029738.372867554     
 Correct abs xsec    40029738.372867554     
 Event xsec    40029738.372871555     
 Events wgts > 1:           73
 % Cross section > 1:    399776.80017760495       0.99869950798513485     
 Iteration  8   Mean: 0.4012E+08 Abs mean: 0.4012E+08   Fluctuation:  0.132E+06   0.403E+10    96.5%
  8    0.4012E+08 0.4012E+08 +- 0.1320E+06      1.66
 Relative summed weights:
  0.1683E+00  0.0000E+00
  0.1665E+00  0.0000E+00
  0.1646E+00  0.0000E+00
  0.1677E+00  0.0000E+00
  0.1659E+00  0.0000E+00
  0.1669E+00  0.0000E+00
 Relative number of events:
  0.1667E+00  0.0000E+00
  0.1663E+00  0.0000E+00
  0.1670E+00  0.0000E+00
  0.1667E+00  0.0000E+00
  0.1670E+00  0.0000E+00
  0.1663E+00  0.0000E+00
 Events:
       42687           0
       42566           0
       42750           0
       42679           0
       42752           0
       42566           0
 Found        25371  events.
 Wrote         9446  events.
 Actual xsec    40104706.296708085     
 Correct abs xsec    40104706.296708085     
 Event xsec    40104706.296709299     
 Events wgts > 1:          179
 % Cross section > 1:    401001.02829347132       0.99988521378692796     
 Checking number of events   4142.4151133869782             9446  chi2:   0.93832094426762669     

 -------------------------------------------------------------------------------
 Accumulated results:   Integral =  0.4008E+08
                        Std dev  =  0.9970E+05
                       Cross sec =  0.6190E+00
             Chi**2 per DoF.     =
-------------------------------------------------
---------------------------
 Results Last   3 iters: Integral =   0.4010E+08
                     Abs integral =   0.4010E+08
                          Std dev =   0.1033E+06
                  Chi**2 per DoF. =      0.9383
-------------------------------------------------
---------------------------
 Status -1.03289999999999995E-004           9           9
 We found enough events        9446   4142.4151133869782     
=======
 Added good helicity            1  5.62457349953310939E-002  in event            1
 Added good helicity            2  1.40569601450806655E-005  in event            1
 Added good helicity            3  1.66348248903487428E-005  in event            1
 Added good helicity            5  5.52823956047017451E-002  in event            1
 Added good helicity            6  1.22920948508965651E-005  in event            1
 Added good helicity            7  1.45894260111341319E-005  in event            1
 Added good helicity           10   8.3422225891795101       in event            1
 Added good helicity           11  4.40742986416017054E-004  in event            1
 Added good helicity           12  1.00650449857079182E-006  in event            1
 Added good helicity           14   7.5451883727080720       in event            1
 Added good helicity           15  5.61541087497193663E-004  in event            1
 Added good helicity           18  5.61541087497193663E-004  in event            1
 Added good helicity           19   7.5451883727080720       in event            1
 Added good helicity           21  1.00650449857079203E-006  in event            1
 Added good helicity           22  4.40742986416017054E-004  in event            1
 Added good helicity           23   8.3422225891795101       in event            1
 Added good helicity           26  1.45894260111341319E-005  in event            1
 Added good helicity           27  1.22920948508965702E-005  in event            1
 Added good helicity           28  5.52823956047017451E-002  in event            1
 Added good helicity           30  1.66348248903487428E-005  in event            1
 Added good helicity           31  1.40569601450806655E-005  in event            1
 Added good helicity           32  5.62457349953310939E-002  in event            1
 Added good helicity            4  2.55291445185061442E-004  in event            2
 Added good helicity           13  0.18363817882163289       in event            2
 Added good helicity           20  0.18363817882163289       in event            2
 Added good helicity           29  2.55291445185061442E-004  in event            2
 Iteration  1   Mean: 0.9442E+08 Abs mean: 0.9442E+08   Fluctuation:  0.437E+07   0.174E+10    99.5%
  1    0.9442E+08 0.9442E+08 +- 0.4372E+07      1.46
 Writing out events   10543.587568856281        1.4642787409136604     
 Relative summed weights:
  0.1582E+00  0.0000E+00
  0.2089E+00  0.0000E+00
  0.1879E+00  0.0000E+00
  0.1308E+00  0.0000E+00
  0.1702E+00  0.0000E+00
  0.1441E+00  0.0000E+00
 Relative number of events:
  0.1810E+00  0.0000E+00
  0.1660E+00  0.0000E+00
  0.1840E+00  0.0000E+00
  0.1460E+00  0.0000E+00
  0.1620E+00  0.0000E+00
  0.1610E+00  0.0000E+00
 Events:
         181           0
         166           0
         184           0
         146           0
         162           0
         161           0
 Iteration  2   Mean: 0.1145E+09 Abs mean: 0.1145E+09   Fluctuation:  0.898E+07   0.905E+10    99.5%
  2    0.1145E+09 0.1145E+09 +- 0.8975E+07      3.51
 Relative summed weights:
  0.1429E+00  0.0000E+00
  0.1522E+00  0.0000E+00
  0.2373E+00  0.0000E+00
  0.1695E+00  0.0000E+00
  0.1583E+00  0.0000E+00
  0.1399E+00  0.0000E+00
 Relative number of events:
  0.1630E+00  0.0000E+00
  0.1525E+00  0.0000E+00
  0.1655E+00  0.0000E+00
  0.1705E+00  0.0000E+00
  0.1760E+00  0.0000E+00
  0.1725E+00  0.0000E+00
 Events:
         326           0
         305           0
         331           0
         341           0
         352           0
         345           0
 Iteration  3   Mean: 0.1122E+09 Abs mean: 0.1122E+09   Fluctuation:  0.890E+07   0.291E+11    99.4%
  3    0.1122E+09 0.1122E+09 +- 0.8905E+07      5.02
 Relative summed weights:
  0.1530E+00  0.0000E+00
  0.1518E+00  0.0000E+00
  0.1713E+00  0.0000E+00
  0.1473E+00  0.0000E+00
  0.2201E+00  0.0000E+00
  0.1566E+00  0.0000E+00
 Relative number of events:
  0.1645E+00  0.0000E+00
  0.1598E+00  0.0000E+00
  0.1730E+00  0.0000E+00
  0.1765E+00  0.0000E+00
  0.1578E+00  0.0000E+00
  0.1685E+00  0.0000E+00
 Events:
         658           0
         639           0
         692           0
         706           0
         631           0
         674           0
 Found          319  events.
 Wrote           15  events.
 Actual xsec    102147857.52026255     
 Correct abs xsec    102147857.52026255     
 Event xsec    102147857.52026258     
 Events wgts > 1:            0
 % Cross section > 1:    0.0000000000000000        0.0000000000000000     
 Checking number of events   43669.230568487445               15  chi2:    3.1441558199370037     
 Found          319  events.
 Wrote           23  events.
 Actual xsec    102147857.52026255     
 Correct abs xsec    102147857.52026255     
 Event xsec    102147857.52026263     
 Events wgts > 1:            0
 % Cross section > 1:    0.0000000000000000        0.0000000000000000     
 Iteration  4   Mean: 0.1233E+09 Abs mean: 0.1233E+09   Fluctuation:  0.922E+07   0.464E+11    99.5%
  4    0.1233E+09 0.1233E+09 +- 0.9222E+07      6.69
 Relative summed weights:
  0.2243E+00  0.0000E+00
  0.1486E+00  0.0000E+00
  0.1400E+00  0.0000E+00
  0.1612E+00  0.0000E+00
  0.1918E+00  0.0000E+00
  0.1341E+00  0.0000E+00
 Relative number of events:
  0.1663E+00  0.0000E+00
  0.1716E+00  0.0000E+00
  0.1681E+00  0.0000E+00
  0.1611E+00  0.0000E+00
  0.1704E+00  0.0000E+00
  0.1625E+00  0.0000E+00
 Events:
        1330           0
        1373           0
        1345           0
        1289           0
        1363           0
        1300           0
 Found          703  events.
 Wrote           28  events.
 Actual xsec    116918025.04189068     
 Correct abs xsec    116918025.04189068     
 Event xsec    116918025.04189067     
 Events wgts > 1:            1
 % Cross section > 1:    895179.95229474641       0.76564751412283227     
 Checking number of events   49983.624885658683               28  chi2:   0.41691210419441815     
 Found          703  events.
 Wrote           24  events.
 Actual xsec    116918025.04189068     
 Correct abs xsec    116918025.04189068     
 Event xsec    116918025.04189071     
 Events wgts > 1:            1
 % Cross section > 1:    1043045.6022231067       0.89211702117735270     
 Iteration  5   Mean: 0.1098E+09 Abs mean: 0.1098E+09   Fluctuation:  0.408E+07   0.331E+11    99.4%
  5    0.1098E+09 0.1098E+09 +- 0.4085E+07      4.71
 Relative summed weights:
  0.1906E+00  0.0000E+00
  0.1377E+00  0.0000E+00
  0.1975E+00  0.0000E+00
  0.1482E+00  0.0000E+00
  0.1763E+00  0.0000E+00
  0.1498E+00  0.0000E+00
 Relative number of events:
  0.1719E+00  0.0000E+00
  0.1623E+00  0.0000E+00
  0.1659E+00  0.0000E+00
  0.1684E+00  0.0000E+00
  0.1691E+00  0.0000E+00
  0.1624E+00  0.0000E+00
 Events:
        2750           0
        2597           0
        2655           0
        2694           0
        2705           0
        2599           0
 Found         1189  events.
 Wrote           65  events.
 Actual xsec    112426069.01401496     
 Correct abs xsec    112426069.01401496     
 Event xsec    112426069.01401517     
 Events wgts > 1:            3
 % Cross section > 1:    686793.77076631086       0.61088480348867691     
 Checking number of events   48063.268764181536               65  chi2:   0.90846092742538997     
 Found         1189  events.
 Wrote           73  events.
 Actual xsec    112426069.01401496     
 Correct abs xsec    112426069.01401496     
 Event xsec    112426069.01401523     
 Events wgts > 1:            3
 % Cross section > 1:    611938.36997097521       0.54430291420639276     
 Iteration  6   Mean: 0.1228E+09 Abs mean: 0.1228E+09   Fluctuation:  0.796E+07   0.224E+12    99.4%
  6    0.1228E+09 0.1228E+09 +- 0.7961E+07     11.60
 Relative summed weights:
  0.1500E+00  0.0000E+00
  0.1500E+00  0.0000E+00
  0.1560E+00  0.0000E+00
  0.2076E+00  0.0000E+00
  0.1756E+00  0.0000E+00
  0.1608E+00  0.0000E+00
 Relative number of events:
  0.1673E+00  0.0000E+00
  0.1633E+00  0.0000E+00
  0.1694E+00  0.0000E+00
  0.1671E+00  0.0000E+00
  0.1675E+00  0.0000E+00
  0.1654E+00  0.0000E+00
 Events:
        5352           0
        5227           0
        5421           0
        5347           0
        5361           0
        5292           0
 Found         2828  events.
 Wrote           16  events.
 Actual xsec    114614791.50879283     
 Correct abs xsec    114614791.50879283     
 Event xsec    114614791.50879286     
 Events wgts > 1:            0
 % Cross section > 1:    0.0000000000000000        0.0000000000000000     
 Checking number of events   48998.969517924023               16  chi2:    1.6727077928581595     
 Found         2828  events.
 Wrote           20  events.
 Actual xsec    114614791.50879283     
 Correct abs xsec    114614791.50879283     
 Event xsec    114614791.50879291     
 Events wgts > 1:            0
 % Cross section > 1:    0.0000000000000000        0.0000000000000000     
 Iteration  7   Mean: 0.1198E+09 Abs mean: 0.1198E+09   Fluctuation:  0.476E+07   0.223E+12    99.4%
  7    0.1198E+09 0.1198E+09 +- 0.4764E+07     10.06
 Relative summed weights:
  0.1676E+00  0.0000E+00
  0.1611E+00  0.0000E+00
  0.1662E+00  0.0000E+00
  0.1878E+00  0.0000E+00
  0.1709E+00  0.0000E+00
  0.1465E+00  0.0000E+00
 Relative number of events:
  0.1692E+00  0.0000E+00
  0.1649E+00  0.0000E+00
  0.1664E+00  0.0000E+00
  0.1644E+00  0.0000E+00
  0.1697E+00  0.0000E+00
  0.1655E+00  0.0000E+00
 Events:
       10826           0
       10554           0
       10648           0
       10519           0
       10861           0
       10592           0
 Found         4950  events.
 Wrote           27  events.
 Actual xsec    115698970.25417022     
 Correct abs xsec    115698970.25417022     
 Event xsec    115698970.25417024     
 Events wgts > 1:            0
 % Cross section > 1:    0.0000000000000000        0.0000000000000000     
 Checking number of events   49462.466773360313               27  chi2:    1.8184571715817472     
 Found         4950  events.
 Wrote           39  events.
 Actual xsec    115698970.25417022     
 Correct abs xsec    115698970.25417022     
 Event xsec    115698970.25417025     
 Events wgts > 1:            0
 % Cross section > 1:    0.0000000000000000        0.0000000000000000     
 Iteration  8   Mean: 0.1198E+09 Abs mean: 0.1198E+09   Fluctuation:  0.345E+07   0.254E+12    99.4%
  8    0.1198E+09 0.1198E+09 +- 0.3446E+07     10.29
 Relative summed weights:
  0.1609E+00  0.0000E+00
  0.1645E+00  0.0000E+00
  0.1635E+00  0.0000E+00
  0.1616E+00  0.0000E+00
  0.1758E+00  0.0000E+00
  0.1736E+00  0.0000E+00
 Relative number of events:
  0.1677E+00  0.0000E+00
  0.1683E+00  0.0000E+00
  0.1656E+00  0.0000E+00
  0.1660E+00  0.0000E+00
  0.1664E+00  0.0000E+00
  0.1661E+00  0.0000E+00
 Events:
       21462           0
       21540           0
       21200           0
       21247           0
       21293           0
       21258           0
 Found        10236  events.
 Wrote           88  events.
 Actual xsec    120138579.48361492     
 Correct abs xsec    120138579.48361492     
 Event xsec    120138579.48361517     
 Events wgts > 1:            3
 % Cross section > 1:    689618.88644705806       0.57401951097741266     
 Checking number of events   51360.444115040213               88  chi2:   6.22066399200602582E-002
 Found        10236  events.
 Wrote           79  events.
 Actual xsec    120138579.48361492     
 Correct abs xsec    120138579.48361492     
 Event xsec    120138579.48361483     
 Events wgts > 1:            3
 % Cross section > 1:    767681.04122421239       0.63899626957792766     
 Iteration  9   Mean: 0.1184E+09 Abs mean: 0.1184E+09   Fluctuation:  0.198E+07   0.264E+12    99.5%
  9    0.1184E+09 0.1184E+09 +- 0.1979E+07      8.45
 Relative summed weights:
  0.1692E+00  0.0000E+00
  0.1619E+00  0.0000E+00
  0.1731E+00  0.0000E+00
  0.1580E+00  0.0000E+00
  0.1612E+00  0.0000E+00
  0.1766E+00  0.0000E+00
 Relative number of events:
  0.1657E+00  0.0000E+00
  0.1676E+00  0.0000E+00
  0.1679E+00  0.0000E+00
  0.1665E+00  0.0000E+00
  0.1660E+00  0.0000E+00
  0.1663E+00  0.0000E+00
 Events:
       42427           0
       42906           0
       42974           0
       42614           0
       42499           0
       42580           0
 Found        20703  events.
 Wrote          173  events.
 Actual xsec    118900202.96113257     
 Correct abs xsec    118900202.96113257     
 Event xsec    118900202.96113257     
 Events wgts > 1:            3
 % Cross section > 1:    550507.19521496515       0.46299937384877393     
 Checking number of events   50831.025767913779              173  chi2:   7.89151901113937237E-002
 Found        20703  events.
 Wrote          177  events.
 Actual xsec    118900202.96113257     
 Correct abs xsec    118900202.96113257     
 Event xsec    118900202.96113269     
 Events wgts > 1:            3
 % Cross section > 1:    538122.65983260574       0.45258346615986245     

 -------------------------------------------------------------------------------
 Accumulated results:   Integral =  0.1164E+09
                        Std dev  =  0.1358E+07
                       Cross sec =  0.1164E+09
             Chi**2 per DoF.     =      2.9019
 -------------------------------------------------------------------------------
-------------------------------------------------
---------------------------
 Results Last   3 iters: Integral =   0.1189E+09
                     Abs integral =   0.1189E+09
                          Std dev =   0.1615E+07
                  Chi**2 per DoF. =      0.0789
-------------------------------------------------
---------------------------
 Status -4.27509999999999978E-004          10           9
 Trying w/ fresh grid
 Starting w/ ncall =         4000
 Keeping grid fixed.
  5 dimensions   4000 events  5 invarients  8 iterations  1 config(s),  (0.99)
 Using h-tuple random number sequence.
 Error opening grid
 Using Uniform Grid!
 Using uniform alpha   1.0000000000000000     
 Grid defined OK
 Warning: No cutoff for shat integral found
          Minimum set to    204.08163265306121     
Setting grid   1    0.20408E+03   1
 Warning: No cutoff for shat integral found
          Minimum set to    204.08163265306121     
Setting grid   2    0.20408E+03   1
Warning xbin not returning correct x   2  0.999967E+00  0.990705E+00  0.2837E+03
Warning xbin not returning correct x   2  0.999986E+00  0.995998E+00  0.2837E+03
Warning xbin not returning correct x   2  0.999980E+00  0.994332E+00  0.2837E+03
Warning xbin not returning correct x   2  0.999964E+00  0.989844E+00  0.2837E+03
Warning xbin not returning correct x   2  0.999996E+00  0.998955E+00  0.2837E+03
Warning xbin still not working well. Last message this iteration.
 Iteration  1   Mean: 0.4506E+08 Abs mean: 0.4506E+08   Fluctuation:  0.176E+08   0.596E+11    98.8%
  1    0.4506E+08 0.4506E+08 +- 0.1763E+08     24.75
 Relative summed weights:
  0.1059E+00  0.0000E+00
  0.2510E+00  0.0000E+00
  0.6478E-01  0.0000E+00
  0.4587E-01  0.0000E+00
  0.3737E+00  0.0000E+00
  0.1588E+00  0.0000E+00
 Relative number of events:
  0.1683E+00  0.0000E+00
  0.1635E+00  0.0000E+00
  0.1693E+00  0.0000E+00
  0.1713E+00  0.0000E+00
  0.1658E+00  0.0000E+00
  0.1620E+00  0.0000E+00
 Events:
         673           0
         654           0
         677           0
         685           0
         663           0
         648           0
Warning xbin not returning correct x   1  0.991620E+00  0.999873E+00  0.1543E-01
Warning xbin not returning correct x   1  0.986991E+00  0.999802E+00  0.1543E-01
Warning xbin not returning correct x   1  0.985102E+00  0.999774E+00  0.1543E-01
Warning xbin not returning correct x   1  0.984919E+00  0.999771E+00  0.1543E-01
Warning xbin not returning correct x   1  0.988178E+00  0.999820E+00  0.1543E-01
Warning xbin still not working well. Last message this iteration.
 Iteration  2   Mean: 0.2608E+07 Abs mean: 0.2608E+07   Fluctuation:  0.135E+06   0.547E+09    89.3%
  2    0.2608E+07 0.2608E+07 +- 0.1350E+06      4.63
 Relative summed weights:
  0.1431E+00  0.0000E+00
  0.1747E+00  0.0000E+00
  0.1572E+00  0.0000E+00
  0.1647E+00  0.0000E+00
  0.1649E+00  0.0000E+00
  0.1954E+00  0.0000E+00
 Relative number of events:
  0.1660E+00  0.0000E+00
  0.1562E+00  0.0000E+00
  0.1681E+00  0.0000E+00
  0.1679E+00  0.0000E+00
  0.1714E+00  0.0000E+00
  0.1704E+00  0.0000E+00
 Events:
        1328           0
        1250           0
        1345           0
        1343           0
        1371           0
        1363           0
 Iteration  3   Mean: 0.2442E+08 Abs mean: 0.2442E+08   Fluctuation:  0.461E+07   0.640E+11    99.9%
  3    0.2442E+08 0.2442E+08 +- 0.4610E+07     23.88
 Relative summed weights:
  0.1842E+00  0.0000E+00
  0.2560E+00  0.0000E+00
  0.1095E+00  0.0000E+00
  0.1217E+00  0.0000E+00
  0.1042E+00  0.0000E+00
  0.2244E+00  0.0000E+00
 Relative number of events:
  0.1636E+00  0.0000E+00
  0.1659E+00  0.0000E+00
  0.1713E+00  0.0000E+00
  0.1651E+00  0.0000E+00
  0.1677E+00  0.0000E+00
  0.1664E+00  0.0000E+00
 Events:
        2618           0
        2655           0
        2741           0
        2641           0
        2683           0
        2662           0
 Found         2071  events.
 Wrote            6  events.
 Actual xsec    4789255.3058116557     
 Correct abs xsec    4789255.3058116557     
 Event xsec    4789255.3058116557     
 Events wgts > 1:            0
 % Cross section > 1:    0.0000000000000000        0.0000000000000000     
 Checking number of events   2047.4545357875409                6  chi2:    142.22184085095887     
 Found         2071  events.
 Wrote            5  events.
 Actual xsec    4789255.3058116557     
 Correct abs xsec    4789255.3058116557     
 Event xsec    4789255.3058116548     
 Events wgts > 1:            0
 % Cross section > 1:    0.0000000000000000        0.0000000000000000     
 Iteration  4   Mean: 0.5611E+08 Abs mean: 0.5611E+08   Fluctuation:  0.850E+07   0.192E+12   100.0%
  4    0.5611E+08 0.5611E+08 +- 0.8496E+07     27.08
 Relative summed weights:
  0.3175E+00  0.0000E+00
  0.1330E+00  0.0000E+00
  0.1866E+00  0.0000E+00
  0.8785E-01  0.0000E+00
  0.9694E-01  0.0000E+00
  0.1781E+00  0.0000E+00
 Relative number of events:
  0.1650E+00  0.0000E+00
  0.1704E+00  0.0000E+00
  0.1678E+00  0.0000E+00
  0.1645E+00  0.0000E+00
  0.1656E+00  0.0000E+00
  0.1668E+00  0.0000E+00
 Events:
        5280           0
        5453           0
        5368           0
        5264           0
        5299           0
        5336           0
 Found         1588  events.
 Wrote            8  events.
 Actual xsec    9231798.9380405489     
 Correct abs xsec    9231798.9380405489     
 Event xsec    9231798.9380405527     
 Events wgts > 1:            0
 % Cross section > 1:    0.0000000000000000        0.0000000000000000     
 Checking number of events   3946.6863640017150                8  chi2:    1224.3074023034935     
 Found         1588  events.
 Wrote            9  events.
 Actual xsec    9231798.9380405489     
 Correct abs xsec    9231798.9380405489     
 Event xsec    9231798.9380405508     
 Events wgts > 1:            0
 % Cross section > 1:    0.0000000000000000        0.0000000000000000     
 Iteration  5   Mean: 0.8977E+08 Abs mean: 0.8977E+08   Fluctuation:  0.116E+08   0.427E+12    99.8%
  5    0.8977E+08 0.8977E+08 +- 0.1157E+08     32.62
 Relative summed weights:
  0.2422E+00  0.0000E+00
  0.1230E+00  0.0000E+00
  0.1314E+00  0.0000E+00
  0.1267E+00  0.0000E+00
  0.2550E+00  0.0000E+00
  0.1217E+00  0.0000E+00
 Relative number of events:
  0.1693E+00  0.0000E+00
  0.1639E+00  0.0000E+00
  0.1652E+00  0.0000E+00
  0.1667E+00  0.0000E+00
  0.1701E+00  0.0000E+00
  0.1647E+00  0.0000E+00
 Events:
       10838           0
       10492           0
       10572           0
       10666           0
       10889           0
       10543           0
 Found         3521  events.
 Wrote           17  events.
 Actual xsec    64725778.060538441     
 Correct abs xsec    64725778.060538441     
 Event xsec    64725778.060538441     
 Events wgts > 1:            1
 % Cross section > 1:    535851.06420112867       0.82787890738052416     
 Checking number of events   27670.917378660786               17  chi2:    41.068966078411222     
 Found         3521  events.
 Wrote           16  events.
 Actual xsec    64725778.060538441     
 Correct abs xsec    64725778.060538441     
 Event xsec    64725778.060538426     
 Events wgts > 1:            1
 % Cross section > 1:    569047.31679440103       0.87916643699851327     
 Fixing grid
 Iteration  6   Mean: 0.1709E+09 Abs mean: 0.1709E+09   Fluctuation:  0.719E+08   0.911E+13    99.2%
  6    0.1709E+09 0.1709E+09 +- 0.7192E+08    150.60
 Relative summed weights:
  0.9289E-01  0.0000E+00
  0.1336E+00  0.0000E+00
  0.8611E-01  0.0000E+00
  0.9012E-01  0.0000E+00
  0.5015E+00  0.0000E+00
  0.9580E-01  0.0000E+00
 Relative number of events:
  0.1658E+00  0.0000E+00
  0.1657E+00  0.0000E+00
  0.1662E+00  0.0000E+00
  0.1665E+00  0.0000E+00
  0.1674E+00  0.0000E+00
  0.1684E+00  0.0000E+00
 Events:
       21216           0
       21212           0
       21279           0
       21309           0
       21427           0
       21557           0
 Found         6620  events.
 Wrote            2  events.
 Actual xsec    80535032.091465116     
 Correct abs xsec    80535032.091465116     
 Event xsec    80535032.091465116     
 Events wgts > 1:            1
 % Cross section > 1:    15.982537522912025       1.98454475125313964E-005
 Checking number of events   34429.531569422252                2  chi2:    5.2384511894084334     
 Found         6620  events.
 Wrote            5  events.
 Actual xsec    80535032.091465116     
 Correct abs xsec    80535032.091465116     
 Event xsec    80535032.091465116     
 Events wgts > 1:            1
 % Cross section > 1:    6.3930157721042633       7.93817995235116778E-006
 Iteration  7   Mean: 0.1025E+09 Abs mean: 0.1025E+09   Fluctuation:  0.822E+07   0.130E+13    99.2%
  7    0.1025E+09 0.1025E+09 +- 0.8220E+07     40.57
 Relative summed weights:
  0.1601E+00  0.0000E+00
  0.1774E+00  0.0000E+00
  0.1335E+00  0.0000E+00
  0.2190E+00  0.0000E+00
  0.1601E+00  0.0000E+00
  0.1499E+00  0.0000E+00
 Relative number of events:
  0.1673E+00  0.0000E+00
  0.1664E+00  0.0000E+00
  0.1664E+00  0.0000E+00
  0.1660E+00  0.0000E+00
  0.1673E+00  0.0000E+00
  0.1666E+00  0.0000E+00
 Events:
       42827           0
       42600           0
       42603           0
       42490           0
       42821           0
       42659           0
 Found         8045  events.
 Wrote           14  events.
 Actual xsec    100792925.21897170     
 Correct abs xsec    100792925.21897170     
 Event xsec    100792925.21897170     
 Events wgts > 1:            2
 % Cross section > 1:    295364.82887191046       0.29304123104893831     
 Checking number of events   43089.983460362586               14  chi2:   0.95004804560678546     
 Found         8045  events.
 Wrote           21  events.
 Actual xsec    100792925.21897170     
 Correct abs xsec    100792925.21897170     
 Event xsec    100792925.21897170     
 Events wgts > 1:            2
 % Cross section > 1:    197102.41636371985       0.19555183653566624     
 Iteration  8   Mean: 0.9664E+08 Abs mean: 0.9664E+08   Fluctuation:  0.456E+07   0.166E+13    99.2%
  8    0.9664E+08 0.9664E+08 +- 0.4561E+07     33.77
 Relative summed weights:
  0.1561E+00  0.0000E+00
  0.1373E+00  0.0000E+00
  0.1824E+00  0.0000E+00
  0.1869E+00  0.0000E+00
  0.1732E+00  0.0000E+00
  0.1642E+00  0.0000E+00
 Relative number of events:
  0.1674E+00  0.0000E+00
  0.1664E+00  0.0000E+00
  0.1671E+00  0.0000E+00
  0.1657E+00  0.0000E+00
  0.1668E+00  0.0000E+00
  0.1666E+00  0.0000E+00
 Events:
       85694           0
       85216           0
       85547           0
       84852           0
       85411           0
       85280           0
 Found        24100  events.
 Wrote           26  events.
 Actual xsec    115508387.40478568     
 Correct abs xsec    115508387.40478568     
 Event xsec    115508387.40478578     
 Events wgts > 1:            0
 % Cross section > 1:    0.0000000000000000        0.0000000000000000     
 Checking number of events   42247.106567897521               26  chi2:   0.71733207785632380     
 Found        24100  events.
 Wrote           34  events.
 Actual xsec    115508387.40478568     
 Correct abs xsec    115508387.40478568     
 Event xsec    115508387.40478571     
 Events wgts > 1:            0
 % Cross section > 1:    0.0000000000000000        0.0000000000000000     

 -------------------------------------------------------------------------------
 Accumulated results:   Integral =  0.6250E+08
                        Std dev  =  0.1866E+07
                       Cross sec =  0.6250E+08
             Chi**2 per DoF.     =     82.8826
 -------------------------------------------------------------------------------
-------------------------------------------------
---------------------------
 Results Last   3 iters: Integral =   0.9882E+08
                     Abs integral =   0.9882E+08
                         Std dev =   0.4001E+07
                 Chi**2 per DoF. =      0.7173
-------------------------------------------------
---------------------------
>>>>>>> 911b5ec345c81b054214c521136984e9d6306827

ls status:
events.lhe
ftn25
ftn26
input_sg.txt
<<<<<<< HEAD
=======
log.txt
>>>>>>> 911b5ec345c81b054214c521136984e9d6306827
moffset.dat
results.dat
run_01_ftn26.gz
run_01_log.txt
run_01_results.dat
run_02_ftn26.gz
run_02_log.txt
run_02_results.dat
<<<<<<< HEAD
run_03_ftn26.gz
run_03_log.txt
run_03_results.dat
run_04_ftn26.gz
run_04_log.txt
run_04_results.dat
run_08_ftn26.gz
run_08_log.txt
run_08_results.dat
run_09_ftn26.gz
run_09_log.txt
run_09_results.dat
run_10_ftn26.gz
run_10_log.txt
run_10_results.dat
run_11_ftn26.gz
run_11_log.txt
run_11_results.dat
=======
>>>>>>> 911b5ec345c81b054214c521136984e9d6306827
run1_app.log
