 Process in group number            0
 No PDF is used, alpha_s(MZ) from param_card is used
 Value of alpha_s from param_card:   0.11800000071525575     
 The default order of alpha_s running is fixed to            2
<<<<<<< HEAD
=======
 Warning: pt or E min of a gamma should in general be >0
 Warning: pt or E min of a gamma should in general be >0
 Warning: pt or E min of a gamma should in general be >0
>>>>>>> 911b5ec345c81b054214c521136984e9d6306827
 *****************************************************
 *               MadGraph/MadEvent                   *
 *        --------------------------------           *
 *          http://madgraph.hep.uiuc.edu             *
 *          http://madgraph.phys.ucl.ac.be           *
 *          http://madgraph.roma2.infn.it            *
 *        --------------------------------           *
 *                                                   *
 *          PARAMETER AND COUPLING VALUES            *
 *                                                   *
 *****************************************************

  External Params
  ---------------------------------
  
 aEWM1 =    132.50700378417969     
 mdl_Gf =   1.16639000000000003E-005
 aS =   0.11800000071525575     
 mdl_ymb =    4.6999998092651367     
 mdl_ymt =    173.00000000000000     
 mdl_yme =   5.10999991092830896E-004
 mdl_ymm =   0.10565999895334244     
 mdl_ymtau =    1.7769999504089355     
 mdl_MZ =    91.188003540039063     
 mdl_MT =    173.00000000000000     
 mdl_MB =    4.6999998092651367     
 mdl_MH =    125.00000000000000     
 mdl_Me =   5.10999991092830896E-004
 mdl_MM =   0.10565999895334244     
 mdl_MTA =    1.7769999504089355     
 mdl_WZ =    2.4414041042327881     
 mdl_WW =    2.0476000308990479     
 mdl_WT =    1.4915000200271606     
 mdl_WH =   6.38233916833996773E-003
 mdl_WTau =   2.26999999999999982E-012
  Internal Params
  ---------------------------------
  
 mdl_conjg__CKM3x3 =    1.0000000000000000     
 mdl_CKM3x3 =    1.0000000000000000     
 mdl_conjg__CKM1x1 =    1.0000000000000000     
 mdl_complexi =  (  0.0000000000000000     ,  1.0000000000000000     )
 mdl_MZ__exp__2 =    8315.2519896181766     
 mdl_MZ__exp__4 =    69143415.650849044     
 mdl_sqrt__2 =    1.4142135623730951     
 mdl_MH__exp__2 =    15625.000000000000     
 mdl_aEW =   7.54677089845565054E-003
 mdl_MW =    80.419007276179556     
 mdl_sqrt__aEW =   8.68721526063194194E-002
 mdl_ee =   0.30795376284704501     
 mdl_MW__exp__2 =    6467.2167312862202     
 mdl_sw2 =   0.22224645274001076     
 mdl_cw =   0.88190336616887299     
 mdl_sqrt__sw2 =   0.47143022043565552     
 mdl_sw =   0.47143022043565552     
 mdl_g1 =   0.34919218438279087     
 mdl_gw =   0.65323296958447097     
 mdl_vev =    246.21845810181631     
 mdl_vev__exp__2 =    60623.529110035874     
 mdl_lam =   0.12886910601690271     
 mdl_yb =   2.69955531549349904E-002
 mdl_ye =   2.93504850670934038E-006
 mdl_ym =   6.06883028478528356E-004
 mdl_yt =   0.99366614581500645     
 mdl_ytau =   1.02066167158167895E-002
 mdl_muH =    88.388347648318444     
 mdl_I1x33 =  ( 2.69955531549349904E-002,  0.0000000000000000     )
 mdl_I2x33 =  ( 0.99366614581500645     ,  0.0000000000000000     )
 mdl_I3x33 =  ( 0.99366614581500645     ,  0.0000000000000000     )
 mdl_I4x33 =  ( 2.69955531549349904E-002,  0.0000000000000000     )
 mdl_ee__exp__2 =   9.48355200516540348E-002
 mdl_sw__exp__2 =   0.22224645274001076     
 mdl_cw__exp__2 =   0.77775354725998924     
  Internal Params evaluated point by point
  ----------------------------------------
  
 mdl_sqrt__aS =   0.34351128178744839     
 mdl_G__exp__2 =    1.4828317414825511     
  Couplings of sm-lepton_masses
  ---------------------------------
  
         GC_3 =  -0.00000E+00  -0.30795E+00

 Collider parameters:
 --------------------

<<<<<<< HEAD
 Running at e e   machine @   7.14879999999999960E-002  GeV
=======
 Running at e e   machine @   7.00000000000000067E-002  GeV
>>>>>>> 911b5ec345c81b054214c521136984e9d6306827
 PDF set = none   
 alpha_s(Mz)= 0.1180 running at 2 loops.
 alpha_s(Mz)= 0.1180 running at 2 loops.
 Renormalization scale fixed @    91.188000000000002     
 Factorization scales  fixed @    91.188000000000002        91.188000000000002     


 getting user params
Enter number of events and max and min iterations: 
<<<<<<< HEAD
 Number of events and iterations         2000           9           3
Enter desired fractional accuracy: 
 Desired fractional accuracy:  -1.03289999999999995E-004
=======
 Number of events and iterations         1000           9           3
Enter desired fractional accuracy: 
 Desired fractional accuracy:  -4.27509999999999978E-004
>>>>>>> 911b5ec345c81b054214c521136984e9d6306827
Enter 0 for fixed, 2 for adjustable grid: 
Suppress amplitude (0 no, 1 yes)? 
 Using suppressed amplitude.
Exact helicity sum (0 yes, n = number/event)? 
 Explicitly summing over helicities
Enter Configuration Number: 
Running Configuration Number:    1
 Not subdividing B.W.
 Attempting mappinvarients           1           5
 Completed mapping           5
<<<<<<< HEAD
 about to integrate            5        2000           9           3           5           1
 Using non-zero grid deformation.
  5 dimensions   2000 events  5 invarients  9 iterations  1 config(s),  (0.99)
 Using h-tuple random number sequence.
 Error opening grid
 Using Uniform Grid!
 Using uniform alpha   1.0000000000000000     
 Grid defined OK
 Set CM energy to          0.07
 Mapping Graph           1  to config           1
Setting grid   1    0.17611E-04   1
Setting grid   2    0.17611E-04   1
=======
 about to integrate            5        1000           9           3           5           1
 Keeping grid fixed.
  5 dimensions   1000 events  5 invarients  9 iterations  1 config(s),  (0.99)
 Using h-tuple random number sequence.
 Grid read from file
 Grid defined OK
 Set CM energy to          0.07
 Mapping Graph           1  to config           1
 Warning: No cutoff for shat integral found
          Minimum set to    204.08163265306121     
 No modification is setgrid, grid read from file
 Warning: No cutoff for shat integral found
          Minimum set to    204.08163265306121     
 No modification is setgrid, grid read from file
>>>>>>> 911b5ec345c81b054214c521136984e9d6306827
 Masses: 0.511E-03 0.511E-03 0.000E+00 0.000E+00 0.000E+00
   1   1   2   3   4   5
 Got moffset          16
Using random seed offsets     1 :      1
<<<<<<< HEAD
  with seed                  114
 Ranmar initialization seeds       20445       29923
=======
  with seed                   48
 Ranmar initialization seeds       30234       29854
>>>>>>> 911b5ec345c81b054214c521136984e9d6306827
  Particle       3       4       5
      Et >     0.0     0.0     0.0
       E >     0.0     0.0     0.0
     Eta <    -1.0    -1.0    -1.0
   xqcut:      0.0     0.0     0.0
d R # 3  >    -0.0     0.0     0.0
d R # 4  >    -0.0    -0.0     0.0
s min # 3>     0.0     0.0     0.0
s min # 4>     0.0     0.0     0.0
xqcutij # 3>     0.0     0.0     0.0
xqcutij # 4>     0.0     0.0     0.0
 alpha_s for scale    91.188000000000002       is   0.11800000071525575     
<<<<<<< HEAD
 Added good helicity            1  5.02559101312455708E-002  in event            1
 Added good helicity            2  1.24676657608852525E-003  in event            1
 Added good helicity            3   10.666689970116547       in event            1
 Added good helicity            4  6.23884565376885244E-006  in event            1
 Added good helicity            5  1.05883173296518838E-002  in event            1
 Added good helicity            6  4.24531521805481211E-006  in event            1
 Added good helicity           10  6.35387081059593886E-004  in event            1
 Added good helicity           11  0.12020609109249422       in event            1
 Added good helicity           12   5.1458999434414512       in event            1
 Added good helicity           13  1.80056783253019218E-004  in event            1
 Added good helicity           14  4.28707315526412162E-003  in event            1
 Added good helicity           19  4.28707315526412162E-003  in event            1
 Added good helicity           20  1.80056783253019245E-004  in event            1
 Added good helicity           21   5.1458999434414494       in event            1
 Added good helicity           22  0.12020609109249422       in event            1
 Added good helicity           23  6.35387081059594102E-004  in event            1
 Added good helicity           27  4.24531521805481380E-006  in event            1
 Added good helicity           28  1.05883173296518838E-002  in event            1
 Added good helicity           29  6.23884565376885244E-006  in event            1
 Added good helicity           30   10.666689970116549       in event            1
 Added good helicity           31  1.24676657608852525E-003  in event            1
 Added good helicity           32  5.02559101312455778E-002  in event            1
 Added good helicity            7  2.02566810368002240E-005  in event            2
 Added good helicity           15  1.33872245167309767E-003  in event            2
 Added good helicity           18  1.33872245167309767E-003  in event            2
 Added good helicity           26  2.02566810368002240E-005  in event            2
 Iteration  1   Mean: 0.3129E+08 Abs mean: 0.3129E+08   Fluctuation:  0.199E+07   0.195E+10    99.4%
  1    0.3129E+08 0.3129E+08 +- 0.1987E+07      2.84
 Writing out events   1749.5169466886050        2.8400572102278776     
 Relative summed weights:
  0.1482E+00  0.0000E+00
  0.1639E+00  0.0000E+00
  0.1475E+00  0.0000E+00
  0.1745E+00  0.0000E+00
  0.1802E+00  0.0000E+00
  0.1856E+00  0.0000E+00
 Relative number of events:
  0.1695E+00  0.0000E+00
  0.1640E+00  0.0000E+00
  0.1755E+00  0.0000E+00
  0.1695E+00  0.0000E+00
  0.1565E+00  0.0000E+00
  0.1650E+00  0.0000E+00
 Events:
         339           0
         328           0
         351           0
         339           0
         313           0
         330           0
 Iteration  2   Mean: 0.3732E+08 Abs mean: 0.3732E+08   Fluctuation:  0.225E+07   0.587E+10    97.0%
  2    0.3732E+08 0.3732E+08 +- 0.2249E+07      3.81
 Relative summed weights:
  0.1731E+00  0.0000E+00
  0.1713E+00  0.0000E+00
  0.1628E+00  0.0000E+00
  0.1428E+00  0.0000E+00
  0.2142E+00  0.0000E+00
  0.1358E+00  0.0000E+00
 Relative number of events:
  0.1750E+00  0.0000E+00
  0.1620E+00  0.0000E+00
  0.1730E+00  0.0000E+00
  0.1590E+00  0.0000E+00
  0.1603E+00  0.0000E+00
  0.1708E+00  0.0000E+00
 Events:
         700           0
         648           0
         692           0
         636           0
         641           0
         683           0
 Iteration  3   Mean: 0.4068E+08 Abs mean: 0.4068E+08   Fluctuation:  0.201E+07   0.988E+10    98.3%
  3    0.4068E+08 0.4068E+08 +- 0.2008E+07      4.41
 Relative summed weights:
  0.1477E+00  0.0000E+00
  0.1777E+00  0.0000E+00
  0.1714E+00  0.0000E+00
  0.1798E+00  0.0000E+00
  0.1643E+00  0.0000E+00
  0.1591E+00  0.0000E+00
 Relative number of events:
  0.1615E+00  0.0000E+00
  0.1710E+00  0.0000E+00
  0.1639E+00  0.0000E+00
  0.1691E+00  0.0000E+00
  0.1661E+00  0.0000E+00
  0.1684E+00  0.0000E+00
 Events:
        1292           0
        1368           0
        1311           0
        1353           0
        1329           0
        1347           0
 Found          733  events.
 Wrote           36  events.
 Actual xsec    37196167.736849897     
 Correct abs xsec    37196167.736849897     
 Event xsec    37196167.736849897     
 Events wgts > 1:            1
 % Cross section > 1:    240073.19424974232       0.64542453929172927     
 Checking number of events   3841.9921655392254               36  chi2:    5.9296001139971342     
 Found          733  events.
 Wrote           36  events.
 Actual xsec    37196167.736849897     
 Correct abs xsec    37196167.736849897     
 Event xsec    37196167.736849897     
 Events wgts > 1:            1
 % Cross section > 1:    240073.19424974232       0.64542453929172927     
 Iteration  4   Mean: 0.4051E+08 Abs mean: 0.4051E+08   Fluctuation:  0.902E+06   0.695E+10    97.3%
  4    0.4051E+08 0.4051E+08 +- 0.9019E+06      2.82
 Relative summed weights:
  0.1636E+00  0.0000E+00
  0.1780E+00  0.0000E+00
  0.1675E+00  0.0000E+00
  0.1556E+00  0.0000E+00
  0.1667E+00  0.0000E+00
  0.1687E+00  0.0000E+00
 Relative number of events:
  0.1620E+00  0.0000E+00
  0.1661E+00  0.0000E+00
  0.1716E+00  0.0000E+00
  0.1672E+00  0.0000E+00
  0.1669E+00  0.0000E+00
  0.1662E+00  0.0000E+00
 Events:
        2592           0
        2658           0
        2745           0
        2675           0
        2671           0
        2659           0
 Found         1463  events.
 Wrote          169  events.
 Actual xsec    40210753.981070280     
 Correct abs xsec    40210753.981070280     
 Event xsec    40210753.981070414     
 Events wgts > 1:            3
 % Cross section > 1:    259860.99063334567       0.64624749577110052     
 Checking number of events   4153.3687787047493              169  chi2:   0.90920121530509668     
 Found         1463  events.
 Wrote          143  events.
 Actual xsec    40210753.981070280     
 Correct abs xsec    40210753.981070280     
 Event xsec    40210753.981070451     
 Events wgts > 1:            3
 % Cross section > 1:    306748.01595369441       0.76285069436424546     
 Iteration  5   Mean: 0.4012E+08 Abs mean: 0.4012E+08   Fluctuation:  0.462E+06   0.628E+10    97.0%
  5    0.4012E+08 0.4012E+08 +- 0.4619E+06      2.06
 Relative summed weights:
  0.1690E+00  0.0000E+00
  0.1766E+00  0.0000E+00
  0.1606E+00  0.0000E+00
  0.1631E+00  0.0000E+00
  0.1681E+00  0.0000E+00
  0.1626E+00  0.0000E+00
 Relative number of events:
  0.1659E+00  0.0000E+00
  0.1678E+00  0.0000E+00
  0.1642E+00  0.0000E+00
  0.1676E+00  0.0000E+00
  0.1670E+00  0.0000E+00
  0.1675E+00  0.0000E+00
 Events:
        5309           0
        5369           0
        5255           0
        5363           0
        5345           0
        5359           0
 Found         3109  events.
 Wrote          791  events.
 Actual xsec    40225045.734622352     
 Correct abs xsec    40225045.734622352     
 Event xsec    40225045.734623201     
 Events wgts > 1:           10
 % Cross section > 1:    384184.60685214231       0.95508805480725734     
 Checking number of events   4154.8449739291427              791  chi2:   9.95883385590978221E-002
 Found         3109  events.
 Wrote          793  events.
 Actual xsec    40225045.734622352     
 Correct abs xsec    40225045.734622352     
 Event xsec    40225045.734622724     
 Events wgts > 1:           10
 % Cross section > 1:    383224.89822256821       0.95270220635875302     
 Iteration  6   Mean: 0.4046E+08 Abs mean: 0.4046E+08   Fluctuation:  0.329E+06   0.684E+10    96.9%
  6    0.4046E+08 0.4046E+08 +- 0.3287E+06      2.06
 Relative summed weights:
  0.1657E+00  0.0000E+00
  0.1681E+00  0.0000E+00
  0.1676E+00  0.0000E+00
  0.1659E+00  0.0000E+00
  0.1656E+00  0.0000E+00
  0.1670E+00  0.0000E+00
 Relative number of events:
  0.1654E+00  0.0000E+00
  0.1662E+00  0.0000E+00
  0.1673E+00  0.0000E+00
  0.1676E+00  0.0000E+00
  0.1665E+00  0.0000E+00
  0.1670E+00  0.0000E+00
 Events:
       10585           0
       10638           0
       10709           0
       10724           0
       10658           0
       10686           0
 Found         6290  events.
 Wrote         1422  events.
 Actual xsec    40362626.470400192     
 Correct abs xsec    40362626.470400192     
 Event xsec    40362626.470399924     
 Events wgts > 1:           24
 % Cross section > 1:    408091.74057622679        1.0110633927043928     
 Checking number of events   4169.0556881276352             1422  chi2:   0.19218770072428942     
 Found         6290  events.
 Wrote         1461  events.
 Actual xsec    40362626.470400192     
 Correct abs xsec    40362626.470400192     
 Event xsec    40362626.470398992     
 Events wgts > 1:           24
 % Cross section > 1:    397305.35143672401       0.98433968792417026     
 Iteration  7   Mean: 0.4035E+08 Abs mean: 0.4035E+08   Fluctuation:  0.191E+06   0.388E+10    96.7%
  7    0.4035E+08 0.4035E+08 +- 0.1906E+06      1.69
 Relative summed weights:
  0.1665E+00  0.0000E+00
  0.1660E+00  0.0000E+00
  0.1670E+00  0.0000E+00
  0.1703E+00  0.0000E+00
  0.1673E+00  0.0000E+00
  0.1628E+00  0.0000E+00
 Relative number of events:
  0.1663E+00  0.0000E+00
  0.1653E+00  0.0000E+00
  0.1672E+00  0.0000E+00
  0.1683E+00  0.0000E+00
  0.1659E+00  0.0000E+00
  0.1670E+00  0.0000E+00
 Events:
       21286           0
       21163           0
       21400           0
       21545           0
       21236           0
       21370           0
 Found        12697  events.
 Wrote         4486  events.
 Actual xsec    40353162.939379007     
 Correct abs xsec    40353162.939379007     
 Event xsec    40353162.939376533     
 Events wgts > 1:           86
 % Cross section > 1:    405688.98202033871        1.0053461797525374     
 Checking number of events   4168.0782000084573             4486  chi2:   0.17770383823721672     

 -------------------------------------------------------------------------------
 Accumulated results:   Integral =  0.4032E+08
                        Std dev  =  0.1519E+06
                       Cross sec =  0.2408E+01
             Chi**2 per DoF.     =
-------------------------------------------------
---------------------------
 Results Last   3 iters: Integral =   0.4035E+08
                     Abs integral =   0.4035E+08
                          Std dev =   0.1553E+06
                  Chi**2 per DoF. =      0.1777
-------------------------------------------------
---------------------------
 Status -1.03289999999999995E-004           8           9
 We found enough events        4486   4168.0782000084573     
=======
 Added good helicity            1  4.22463488149063815E-002  in event            1
 Added good helicity            2  4.08825523005882513E-002  in event            1
 Added good helicity            3  1.88649256913240237E-005  in event            1
 Added good helicity            4  1.94270992778956600E-005  in event            1
 Added good helicity            5  1.06953579412707565E-005  in event            1
 Added good helicity            6  1.74815559398489057E-005  in event            1
 Added good helicity           10  2.47743323675044330E-006  in event            1
 Added good helicity           11  8.54174699333308139E-004  in event            1
 Added good helicity           12  1.03295182810449345E-003  in event            1
 Added good helicity           13   8.0407291600904998       in event            1
 Added good helicity           14   7.8741858610817879       in event            1
 Added good helicity           19   7.8741858610817879       in event            1
 Added good helicity           20   8.0407291600904998       in event            1
 Added good helicity           21  1.03295182810449345E-003  in event            1
 Added good helicity           22  8.54174699333308139E-004  in event            1
 Added good helicity           23  2.47743323675043483E-006  in event            1
 Added good helicity           27  1.74815559398489057E-005  in event            1
 Added good helicity           28  1.06953579412707565E-005  in event            1
 Added good helicity           29  1.94270992778956600E-005  in event            1
 Added good helicity           30  1.88649256913240237E-005  in event            1
 Added good helicity           31  4.08825523005882374E-002  in event            1
 Added good helicity           32  4.22463488149063815E-002  in event            1
 Added good helicity            7  5.01118010811507941E-006  in event            2
 Added good helicity           15  6.97333435619241267E-005  in event            2
 Added good helicity           18  6.97333435619241267E-005  in event            2
 Added good helicity           26  5.01118010811507941E-006  in event            2
 Iteration  1   Mean: 0.1027E+09 Abs mean: 0.1027E+09   Fluctuation:  0.779E+07   0.706E+10    99.3%
  1    0.1027E+09 0.1027E+09 +- 0.7790E+07      2.40
 Writing out events   11491.501601105108        2.3984303587580622     
 Relative summed weights:
  0.1535E+00  0.0000E+00
  0.1783E+00  0.0000E+00
  0.1636E+00  0.0000E+00
  0.1361E+00  0.0000E+00
  0.2157E+00  0.0000E+00
  0.1527E+00  0.0000E+00
 Relative number of events:
  0.1520E+00  0.0000E+00
  0.1910E+00  0.0000E+00
  0.1750E+00  0.0000E+00
  0.1560E+00  0.0000E+00
  0.1620E+00  0.0000E+00
  0.1640E+00  0.0000E+00
 Events:
         152           0
         191           0
         175           0
         156           0
         162           0
         164           0
 Iteration  2   Mean: 0.1070E+09 Abs mean: 0.1070E+09   Fluctuation:  0.449E+07   0.443E+10    99.3%
  2    0.1070E+09 0.1070E+09 +- 0.4485E+07      1.87
 Relative summed weights:
  0.1802E+00  0.0000E+00
  0.1633E+00  0.0000E+00
  0.1667E+00  0.0000E+00
  0.1554E+00  0.0000E+00
  0.1475E+00  0.0000E+00
  0.1869E+00  0.0000E+00
 Relative number of events:
  0.1780E+00  0.0000E+00
  0.1455E+00  0.0000E+00
  0.1755E+00  0.0000E+00
  0.1645E+00  0.0000E+00
  0.1580E+00  0.0000E+00
  0.1785E+00  0.0000E+00
 Events:
         356           0
         291           0
         351           0
         329           0
         316           0
         357           0
 Iteration  3   Mean: 0.1080E+09 Abs mean: 0.1080E+09   Fluctuation:  0.305E+07   0.435E+10    99.3%
  3    0.1080E+09 0.1080E+09 +- 0.3048E+07      1.78
 Relative summed weights:
  0.1605E+00  0.0000E+00
  0.1657E+00  0.0000E+00
  0.1514E+00  0.0000E+00
  0.1686E+00  0.0000E+00
  0.1737E+00  0.0000E+00
  0.1801E+00  0.0000E+00
 Relative number of events:
  0.1570E+00  0.0000E+00
  0.1633E+00  0.0000E+00
  0.1588E+00  0.0000E+00
  0.1727E+00  0.0000E+00
  0.1683E+00  0.0000E+00
  0.1800E+00  0.0000E+00
 Events:
         628           0
         653           0
         635           0
         691           0
         673           0
         720           0
 Found          374  events.
 Wrote          170  events.
 Actual xsec    107278962.01678938     
 Correct abs xsec    107278962.01678938     
 Event xsec    107278962.01678896     
 Events wgts > 1:            3
 % Cross section > 1:    1038359.1166592010       0.96790563325612688     
 Checking number of events   45862.829051797627              170  chi2:   0.20435355930733090     
 Found          374  events.
 Wrote          159  events.
 Actual xsec    107278962.01678938     
 Correct abs xsec    107278962.01678938     
 Event xsec    107278962.01678935     
 Events wgts > 1:            3
 % Cross section > 1:    1109452.3701898188        1.0341751535740880     
 Iteration  4   Mean: 0.1253E+09 Abs mean: 0.1253E+09   Fluctuation:  0.611E+07   0.249E+11    99.4%
  4    0.1253E+09 0.1253E+09 +- 0.6111E+07      4.36
 Relative summed weights:
  0.1916E+00  0.0000E+00
  0.1472E+00  0.0000E+00
  0.1504E+00  0.0000E+00
  0.1859E+00  0.0000E+00
  0.1962E+00  0.0000E+00
  0.1287E+00  0.0000E+00
 Relative number of events:
  0.1675E+00  0.0000E+00
  0.1740E+00  0.0000E+00
  0.1648E+00  0.0000E+00
  0.1698E+00  0.0000E+00
  0.1666E+00  0.0000E+00
  0.1574E+00  0.0000E+00
 Events:
        1340           0
        1392           0
        1318           0
        1358           0
        1333           0
        1259           0
 Found          810  events.
 Wrote           47  events.
 Actual xsec    110998566.09258638     
 Correct abs xsec    110998566.09258638     
 Event xsec    110998566.09258637     
 Events wgts > 1:            2
 % Cross section > 1:    578321.05602876190       0.52101669092407144     
 Checking number of events   47452.996990241605               47  chi2:    3.5949261207487258     
 Found          810  events.
 Wrote           47  events.
 Actual xsec    110998566.09258638     
 Correct abs xsec    110998566.09258638     
 Event xsec    110998566.09258637     
 Events wgts > 1:            2
 % Cross section > 1:    578321.05602876144       0.52101669092407099     
 Iteration  5   Mean: 0.1328E+09 Abs mean: 0.1328E+09   Fluctuation:  0.982E+07   0.136E+12    99.3%
  5    0.1328E+09 0.1328E+09 +- 0.9820E+07      9.36
 Relative summed weights:
  0.1456E+00  0.0000E+00
  0.2183E+00  0.0000E+00
  0.1501E+00  0.0000E+00
  0.1777E+00  0.0000E+00
  0.1441E+00  0.0000E+00
  0.1641E+00  0.0000E+00
 Relative number of events:
  0.1698E+00  0.0000E+00
  0.1660E+00  0.0000E+00
  0.1679E+00  0.0000E+00
  0.1701E+00  0.0000E+00
  0.1616E+00  0.0000E+00
  0.1645E+00  0.0000E+00
 Events:
        2717           0
        2656           0
        2687           0
        2722           0
        2586           0
        2632           0
 Found         1351  events.
 Wrote           14  events.
 Actual xsec    114355900.43800743     
 Correct abs xsec    114355900.43800743     
 Event xsec    114355900.43800749     
 Events wgts > 1:            0
 % Cross section > 1:    0.0000000000000000        0.0000000000000000     
 Checking number of events   48888.290996252552               14  chi2:    5.5067971404109279     
 Found         1351  events.
 Wrote           17  events.
 Actual xsec    114355900.43800743     
 Correct abs xsec    114355900.43800743     
 Event xsec    114355900.43800743     
 Events wgts > 1:            0
 % Cross section > 1:    0.0000000000000000        0.0000000000000000     
 Iteration  6   Mean: 0.1241E+09 Abs mean: 0.1241E+09   Fluctuation:  0.593E+07   0.143E+12    99.2%
  6    0.1241E+09 0.1241E+09 +- 0.5926E+07      8.54
 Relative summed weights:
  0.1900E+00  0.0000E+00
  0.1895E+00  0.0000E+00
  0.1492E+00  0.0000E+00
  0.1558E+00  0.0000E+00
  0.1491E+00  0.0000E+00
  0.1664E+00  0.0000E+00
 Relative number of events:
  0.1644E+00  0.0000E+00
  0.1638E+00  0.0000E+00
  0.1677E+00  0.0000E+00
  0.1676E+00  0.0000E+00
  0.1687E+00  0.0000E+00
  0.1678E+00  0.0000E+00
 Events:
        5261           0
        5242           0
        5365           0
        5364           0
        5398           0
        5370           0
 Found         2566  events.
 Wrote           29  events.
 Actual xsec    126103136.22205569     
 Correct abs xsec    126103136.22205569     
 Event xsec    126103136.22205569     
 Events wgts > 1:            0
 % Cross section > 1:    0.0000000000000000        0.0000000000000000     
 Checking number of events   53910.351766291024               29  chi2:   0.29495152814219261     
 Found         2566  events.
 Wrote           31  events.
 Actual xsec    126103136.22205569     
 Correct abs xsec    126103136.22205569     
 Event xsec    126103136.22205569     
 Events wgts > 1:            0
 % Cross section > 1:    0.0000000000000000        0.0000000000000000     
 Iteration  7   Mean: 0.1236E+09 Abs mean: 0.1236E+09   Fluctuation:  0.417E+07   0.216E+12    99.3%
  7    0.1236E+09 0.1236E+09 +- 0.4172E+07      8.54
 Relative summed weights:
  0.1657E+00  0.0000E+00
  0.1746E+00  0.0000E+00
  0.1623E+00  0.0000E+00
  0.1472E+00  0.0000E+00
  0.1616E+00  0.0000E+00
  0.1887E+00  0.0000E+00
 Relative number of events:
  0.1664E+00  0.0000E+00
  0.1655E+00  0.0000E+00
  0.1682E+00  0.0000E+00
  0.1645E+00  0.0000E+00
  0.1684E+00  0.0000E+00
  0.1670E+00  0.0000E+00
 Events:
       10648           0
       10593           0
       10764           0
       10529           0
       10778           0
       10688           0
 Found         5436  events.
 Wrote           34  events.
 Actual xsec    124872456.67075911     
 Correct abs xsec    124872456.67075911     
 Event xsec    124872456.67075917     
 Events wgts > 1:            1
 % Cross section > 1:   0.35660184314474463       2.85572857820013201E-007
 Checking number of events   53384.223951316228               34  chi2:   0.37715368185381809     
 Found         5436  events.
 Wrote           43  events.
 Actual xsec    124872456.67075911     
 Correct abs xsec    124872456.67075911     
 Event xsec    124872456.67075922     
 Events wgts > 1:            1
 % Cross section > 1:   0.28196424804627895       2.25801794538014516E-007
 Iteration  8   Mean: 0.1250E+09 Abs mean: 0.1250E+09   Fluctuation:  0.399E+07   0.387E+12    99.4%
  8    0.1250E+09 0.1250E+09 +- 0.3989E+07     11.42
 Relative summed weights:
  0.1507E+00  0.0000E+00
  0.1803E+00  0.0000E+00
  0.1641E+00  0.0000E+00
  0.1705E+00  0.0000E+00
  0.1740E+00  0.0000E+00
  0.1605E+00  0.0000E+00
 Relative number of events:
  0.1657E+00  0.0000E+00
  0.1670E+00  0.0000E+00
  0.1658E+00  0.0000E+00
  0.1670E+00  0.0000E+00
  0.1668E+00  0.0000E+00
  0.1678E+00  0.0000E+00
 Events:
       21210           0
       21373           0
       21216           0
       21374           0
       21351           0
       21476           0
 Found        10898  events.
 Wrote           41  events.
 Actual xsec    124284761.90316829     
 Correct abs xsec    124284761.90316829     
 Event xsec    124284761.90316834     
 Events wgts > 1:            0
 % Cross section > 1:    0.0000000000000000        0.0000000000000000     
 Checking number of events   53132.978561223470               41  chi2:   2.83306977909704334E-002
 Found        10898  events.
 Wrote           40  events.
 Actual xsec    124284761.90316829     
 Correct abs xsec    124284761.90316829     
 Event xsec    124284761.90316814     
 Events wgts > 1:            0
 % Cross section > 1:    0.0000000000000000        0.0000000000000000     
 Iteration  9   Mean: 0.1194E+09 Abs mean: 0.1194E+09   Fluctuation:  0.147E+07   0.250E+12    99.3%
  9    0.1194E+09 0.1194E+09 +- 0.1472E+07      6.24
 Relative summed weights:
  0.1628E+00  0.0000E+00
  0.1635E+00  0.0000E+00
  0.1635E+00  0.0000E+00
  0.1674E+00  0.0000E+00
  0.1763E+00  0.0000E+00
  0.1665E+00  0.0000E+00
 Relative number of events:
  0.1671E+00  0.0000E+00
  0.1671E+00  0.0000E+00
  0.1668E+00  0.0000E+00
  0.1669E+00  0.0000E+00
  0.1658E+00  0.0000E+00
  0.1663E+00  0.0000E+00
 Events:
       42789           0
       42771           0
       42700           0
       42723           0
       42434           0
       42583           0
 Found        21422  events.
 Wrote          584  events.
 Actual xsec    120459081.93028808     
 Correct abs xsec    120459081.93028808     
 Event xsec    120459081.93028817     
 Events wgts > 1:            8
 % Cross section > 1:    1145152.9597843993       0.95065722022281385     
 Checking number of events   51497.462116017450              584  chi2:    1.1974676125958448     
 Found        21422  events.
 Wrote          581  events.
 Actual xsec    120459081.93028808     
 Correct abs xsec    120459081.93028808     
 Event xsec    120459081.93028642     
 Events wgts > 1:            8
 % Cross section > 1:    1151009.4699659105       0.95551904557270084     

 -------------------------------------------------------------------------------
 Accumulated results:   Integral =  0.1187E+09
                        Std dev  =  0.1108E+07
                       Cross sec =  0.1187E+09
             Chi**2 per DoF.     =      3.5057
 -------------------------------------------------------------------------------
-------------------------------------------------
---------------------------
 Results Last   3 iters: Integral =   0.1205E+09
                     Abs integral =   0.1205E+09
                          Std dev =   0.1312E+07
                  Chi**2 per DoF. =      1.1975
-------------------------------------------------
---------------------------
 Status -4.27509999999999978E-004          10           9
 Trying w/ fresh grid
 Starting w/ ncall =         4000
 Keeping grid fixed.
  5 dimensions   4000 events  5 invarients  8 iterations  1 config(s),  (0.99)
 Using h-tuple random number sequence.
 Error opening grid
 Using Uniform Grid!
 Using uniform alpha   1.0000000000000000     
 Grid defined OK
 Warning: No cutoff for shat integral found
          Minimum set to    204.08163265306121     
Setting grid   1    0.20408E+03   1
 Warning: No cutoff for shat integral found
          Minimum set to    204.08163265306121     
Setting grid   2    0.20408E+03   1
Warning xbin not returning correct x   2  0.999986E+00  0.996079E+00  0.2837E+03
Warning xbin not returning correct x   2  0.999985E+00  0.995885E+00  0.2837E+03
Warning xbin not returning correct x   2  0.999995E+00  0.998533E+00  0.2837E+03
Warning xbin not returning correct x   2  0.999986E+00  0.996023E+00  0.2837E+03
Warning xbin not returning correct x   2  0.999982E+00  0.994908E+00  0.2837E+03
Warning xbin still not working well. Last message this iteration.
 Iteration  1   Mean: 0.3625E+08 Abs mean: 0.3625E+08   Fluctuation:  0.140E+08   0.529E+11    98.9%
  1    0.3625E+08 0.3625E+08 +- 0.1396E+08     24.37
 Relative summed weights:
  0.6702E-01  0.0000E+00
  0.4339E+00  0.0000E+00
  0.5160E-01  0.0000E+00
  0.1277E+00  0.0000E+00
  0.1264E+00  0.0000E+00
  0.1933E+00  0.0000E+00
 Relative number of events:
  0.1772E+00  0.0000E+00
  0.1628E+00  0.0000E+00
  0.1660E+00  0.0000E+00
  0.1625E+00  0.0000E+00
  0.1583E+00  0.0000E+00
  0.1732E+00  0.0000E+00
 Events:
         709           0
         651           0
         664           0
         650           0
         633           0
         693           0
Warning xbin not returning correct x   1  0.987389E+00  0.999812E+00  0.1517E-01
Warning xbin not returning correct x   1  0.989926E+00  0.999849E+00  0.1517E-01
Warning xbin not returning correct x   2  0.997479E+00  0.999961E+00  0.1566E-01
Warning xbin not returning correct x   1  0.993395E+00  0.999901E+00  0.1517E-01
Warning xbin not returning correct x   1  0.994217E+00  0.999914E+00  0.1517E-01
Warning xbin still not working well. Last message this iteration.
 Iteration  2   Mean: 0.2547E+07 Abs mean: 0.2547E+07   Fluctuation:  0.119E+06   0.310E+09    97.1%
  2    0.2547E+07 0.2547E+07 +- 0.1187E+06      4.17
 Relative summed weights:
  0.1540E+00  0.0000E+00
  0.1622E+00  0.0000E+00
  0.1792E+00  0.0000E+00
  0.1758E+00  0.0000E+00
  0.1601E+00  0.0000E+00
  0.1686E+00  0.0000E+00
 Relative number of events:
  0.1750E+00  0.0000E+00
  0.1679E+00  0.0000E+00
  0.1619E+00  0.0000E+00
  0.1700E+00  0.0000E+00
  0.1658E+00  0.0000E+00
  0.1595E+00  0.0000E+00
 Events:
        1400           0
        1343           0
        1295           0
        1360           0
        1326           0
        1276           0
 Iteration  3   Mean: 0.6350E+08 Abs mean: 0.6350E+08   Fluctuation:  0.339E+08   0.536E+12   100.0%
  3    0.6350E+08 0.6350E+08 +- 0.3389E+08     67.51
 Relative summed weights:
  0.5398E-01  0.0000E+00
  0.6266E-01  0.0000E+00
  0.6906E-01  0.0000E+00
  0.6332E+00  0.0000E+00
  0.1308E+00  0.0000E+00
  0.5030E-01  0.0000E+00
 Relative number of events:
  0.1689E+00  0.0000E+00
  0.1689E+00  0.0000E+00
  0.1599E+00  0.0000E+00
  0.1653E+00  0.0000E+00
  0.1656E+00  0.0000E+00
  0.1715E+00  0.0000E+00
 Events:
        2703           0
        2702           0
        2558           0
        2644           0
        2649           0
        2744           0
 Found         2021  events.
 Wrote            2  events.
 Actual xsec    3484202.8219107231     
 Correct abs xsec    3484202.8219107231     
 Event xsec    3484202.8219107231     
 Events wgts > 1:            1
 % Cross section > 1:   6.86331549659371376E-002  1.96983810857196274E-006
 Checking number of events   1489.5315483950531                2  chi2:    35.504927899623169     
 Found         2021  events.
 Wrote            1  events.
 Actual xsec    3484202.8219107231     
 Correct abs xsec    3484202.8219107231     
 Event xsec    3484202.8219107231     
 Events wgts > 1:            1
 % Cross section > 1:   0.13726630713790655       3.93967613695434227E-006
 Iteration  4   Mean: 0.7043E+08 Abs mean: 0.7043E+08   Fluctuation:  0.278E+08   0.857E+12    99.9%
  4    0.7043E+08 0.7043E+08 +- 0.2785E+08     70.74
 Relative summed weights:
  0.5957E-01  0.0000E+00
  0.4729E+00  0.0000E+00
  0.1235E+00  0.0000E+00
  0.1152E+00  0.0000E+00
  0.1463E+00  0.0000E+00
  0.8255E-01  0.0000E+00
 Relative number of events:
  0.1669E+00  0.0000E+00
  0.1631E+00  0.0000E+00
  0.1687E+00  0.0000E+00
  0.1624E+00  0.0000E+00
  0.1691E+00  0.0000E+00
  0.1698E+00  0.0000E+00
 Events:
        5340           0
        5218           0
        5399           0
        5198           0
        5410           0
        5435           0
 Found          857  events.
 Wrote            2  events.
 Actual xsec    3925360.7334365412     
 Correct abs xsec    3925360.7334365412     
 Event xsec    3925360.7334365412     
 Events wgts > 1:            0
 % Cross section > 1:    0.0000000000000000        0.0000000000000000     
 Checking number of events   1678.1309671514557                2  chi2:    71.833806460288827     
 Found          857  events.
 Wrote            1  events.
 Actual xsec    3925360.7334365412     
 Correct abs xsec    3925360.7334365412     
 Event xsec    3925360.7334365412     
 Events wgts > 1:            0
 % Cross section > 1:    0.0000000000000000        0.0000000000000000     
 Iteration  5   Mean: 0.7751E+08 Abs mean: 0.7751E+08   Fluctuation:  0.757E+07   0.383E+12    99.8%
  5    0.7751E+08 0.7751E+08 +- 0.7567E+07     24.70
 Relative summed weights:
  0.2453E+00  0.0000E+00
  0.1307E+00  0.0000E+00
  0.1854E+00  0.0000E+00
  0.1334E+00  0.0000E+00
  0.1505E+00  0.0000E+00
  0.1547E+00  0.0000E+00
 Relative number of events:
  0.1673E+00  0.0000E+00
  0.1640E+00  0.0000E+00
  0.1670E+00  0.0000E+00
  0.1678E+00  0.0000E+00
  0.1652E+00  0.0000E+00
  0.1687E+00  0.0000E+00
 Events:
       10706           0
       10498           0
       10687           0
       10740           0
       10574           0
       10795           0
 Found         3427  events.
 Wrote           18  events.
 Actual xsec    76690555.622801691     
 Correct abs xsec    76690555.622801691     
 Event xsec    76690555.622801721     
 Events wgts > 1:            1
 % Cross section > 1:   0.32365386281162500       4.22025711227727594E-007
 Checking number of events   32785.979434303947               18  chi2:   0.10690216392367959     
 Found         3427  events.
 Wrote           16  events.
 Actual xsec    76690555.622801691     
 Correct abs xsec    76690555.622801691     
 Event xsec    76690555.622801676     
 Events wgts > 1:            1
 % Cross section > 1:   0.36411059647798538       4.74778926193785192E-007
 Fixing grid
 Iteration  6   Mean: 0.9720E+08 Abs mean: 0.9720E+08   Fluctuation:  0.621E+07   0.523E+12    99.4%
  6    0.9720E+08 0.9720E+08 +- 0.6208E+07     22.85
 Relative summed weights:
  0.1808E+00  0.0000E+00
  0.1743E+00  0.0000E+00
  0.1612E+00  0.0000E+00
  0.1259E+00  0.0000E+00
  0.1365E+00  0.0000E+00
  0.2213E+00  0.0000E+00
 Relative number of events:
  0.1661E+00  0.0000E+00
  0.1672E+00  0.0000E+00
  0.1671E+00  0.0000E+00
  0.1651E+00  0.0000E+00
  0.1674E+00  0.0000E+00
  0.1671E+00  0.0000E+00
 Events:
       21255           0
       21403           0
       21393           0
       21130           0
       21426           0
       21393           0
 Found         8602  events.
 Wrote           24  events.
 Actual xsec    90921605.606757596     
 Correct abs xsec    90921605.606757596     
 Event xsec    90921605.606757566     
 Events wgts > 1:            1
 % Cross section > 1:   9.42383413203060627E-002  1.03647907107903060E-007
 Checking number of events   38869.895612944936               24  chi2:    2.3512516272927844     
 Found         8602  events.
 Wrote           11  events.
 Actual xsec    90921605.606757596     
 Correct abs xsec    90921605.606757596     
 Event xsec    90921605.606757581     
 Events wgts > 1:            1
 % Cross section > 1:   0.20561092626303434       2.26140887956066496E-007
 Iteration  7   Mean: 0.1148E+09 Abs mean: 0.1148E+09   Fluctuation:  0.128E+08   0.217E+13    99.4%
  7    0.1148E+09 0.1148E+09 +- 0.1281E+08     56.50
 Relative summed weights:
  0.1431E+00  0.0000E+00
  0.1735E+00  0.0000E+00
  0.2500E+00  0.0000E+00
  0.1241E+00  0.0000E+00
  0.1775E+00  0.0000E+00
  0.1319E+00  0.0000E+00
 Relative number of events:
  0.1655E+00  0.0000E+00
  0.1670E+00  0.0000E+00
  0.1673E+00  0.0000E+00
  0.1665E+00  0.0000E+00
  0.1673E+00  0.0000E+00
  0.1664E+00  0.0000E+00
 Events:
       42363           0
       42764           0
       42829           0
       42626           0
       42821           0
       42597           0
 Found        14397  events.
 Wrote           11  events.
 Actual xsec    95668338.812608555     
 Correct abs xsec    95668338.812608555     
 Event xsec    95668338.812608555     
 Events wgts > 1:            0
 % Cross section > 1:    0.0000000000000000        0.0000000000000000     
 Checking number of events   40899.171525778278               11  chi2:    4.0174968226177361     
 Found        14397  events.
 Wrote           10  events.
 Actual xsec    95668338.812608555     
 Correct abs xsec    95668338.812608555     
 Event xsec    95668338.812608555     
 Events wgts > 1:            0
 % Cross section > 1:    0.0000000000000000        0.0000000000000000     
 Iteration  8   Mean: 0.2091E+09 Abs mean: 0.2091E+09   Fluctuation:  0.106E+09   0.545E+14    99.4%
  8    0.2091E+09 0.2091E+09 +- 0.1065E+09    364.45
 Relative summed weights:
  0.7270E-01  0.0000E+00
  0.7265E-01  0.0000E+00
  0.7506E-01  0.0000E+00
  0.5912E+00  0.0000E+00
  0.8318E-01  0.0000E+00
  0.1052E+00  0.0000E+00
 Relative number of events:
  0.1663E+00  0.0000E+00
  0.1660E+00  0.0000E+00
  0.1670E+00  0.0000E+00
  0.1668E+00  0.0000E+00
  0.1665E+00  0.0000E+00
  0.1674E+00  0.0000E+00
 Events:
       85129           0
       84992           0
       85509           0
       85412           0
       85256           0
       85702           0
 Found        24826  events.
 Wrote            1  events.
 Actual xsec    119362574.98429915     
 Correct abs xsec    119362574.98429915     
 Event xsec    119362574.98429917     
 Events wgts > 1:            1
 % Cross section > 1:    2.5983125716447830       2.17682349093638639E-006
 Checking number of events   43940.960043082887                1  chi2:    1.3394445476197170     
 Found        24826  events.
 Wrote            2  events.
 Actual xsec    119362574.98429915     
 Correct abs xsec    119362574.98429915     
 Event xsec    119362574.98429915     
 Events wgts > 1:            1
 % Cross section > 1:    1.2991563007235527       1.08841175795214085E-006

 -------------------------------------------------------------------------------
 Accumulated results:   Integral =  0.4836E+08
                        Std dev  =  0.1602E+07
                       Cross sec =  0.4836E+08
             Chi**2 per DoF.     =    128.1160
 -------------------------------------------------------------------------------
-------------------------------------------------
---------------------------
 Results Last   3 iters: Integral =   0.1028E+09
                     Abs integral =   0.1028E+09
                         Std dev =   0.5665E+07
                 Chi**2 per DoF. =      1.3394
-------------------------------------------------
---------------------------
>>>>>>> 911b5ec345c81b054214c521136984e9d6306827

ls status:
events.lhe
ftn25
ftn26
input_sg.txt
<<<<<<< HEAD
=======
log.txt
>>>>>>> 911b5ec345c81b054214c521136984e9d6306827
moffset.dat
results.dat
run_01_ftn26.gz
run_01_log.txt
run_01_results.dat
run_02_ftn26.gz
run_02_log.txt
run_02_results.dat
<<<<<<< HEAD
run_03_ftn26.gz
run_03_log.txt
run_03_results.dat
run_08_ftn26.gz
run_08_log.txt
run_08_results.dat
run_09_ftn26.gz
run_09_log.txt
run_09_results.dat
run_10_ftn26.gz
run_10_log.txt
run_10_results.dat
run_11_ftn26.gz
run_11_log.txt
run_11_results.dat
=======
>>>>>>> 911b5ec345c81b054214c521136984e9d6306827
run1_app.log
