 Process in group number            0
 No PDF is used, alpha_s(MZ) from param_card is used
 Value of alpha_s from param_card:   0.11800000071525575     
 The default order of alpha_s running is fixed to            2
 *****************************************************
 *               MadGraph/MadEvent                   *
 *        --------------------------------           *
 *          http://madgraph.hep.uiuc.edu             *
 *          http://madgraph.phys.ucl.ac.be           *
 *          http://madgraph.roma2.infn.it            *
 *        --------------------------------           *
 *                                                   *
 *          PARAMETER AND COUPLING VALUES            *
 *                                                   *
 *****************************************************

  External Params
  ---------------------------------
  
 aEWM1 =    132.50700378417969     
 mdl_Gf =   1.16639000000000003E-005
 aS =   0.11800000071525575     
 mdl_ymb =    4.6999998092651367     
 mdl_ymt =    173.00000000000000     
 mdl_yme =   5.10999991092830896E-004
 mdl_ymm =   0.10565999895334244     
 mdl_ymtau =    1.7769999504089355     
 mdl_MZ =    91.188003540039063     
 mdl_MT =    173.00000000000000     
 mdl_MB =    4.6999998092651367     
 mdl_MH =    125.00000000000000     
 mdl_Me =   5.10999991092830896E-004
 mdl_MM =   0.10565999895334244     
 mdl_MTA =    1.7769999504089355     
 mdl_WZ =    2.4414041042327881     
 mdl_WW =    2.0476000308990479     
 mdl_WT =    1.4915000200271606     
 mdl_WH =   6.38233916833996773E-003
 mdl_WTau =   2.26999999999999982E-012
  Internal Params
  ---------------------------------
  
 mdl_conjg__CKM3x3 =    1.0000000000000000     
 mdl_CKM3x3 =    1.0000000000000000     
 mdl_conjg__CKM1x1 =    1.0000000000000000     
 mdl_complexi =  (  0.0000000000000000     ,  1.0000000000000000     )
 mdl_MZ__exp__2 =    8315.2519896181766     
 mdl_MZ__exp__4 =    69143415.650849044     
 mdl_sqrt__2 =    1.4142135623730951     
 mdl_MH__exp__2 =    15625.000000000000     
 mdl_aEW =   7.54677089845565054E-003
 mdl_MW =    80.419007276179556     
 mdl_sqrt__aEW =   8.68721526063194194E-002
 mdl_ee =   0.30795376284704501     
 mdl_MW__exp__2 =    6467.2167312862202     
 mdl_sw2 =   0.22224645274001076     
 mdl_cw =   0.88190336616887299     
 mdl_sqrt__sw2 =   0.47143022043565552     
 mdl_sw =   0.47143022043565552     
 mdl_g1 =   0.34919218438279087     
 mdl_gw =   0.65323296958447097     
 mdl_vev =    246.21845810181631     
 mdl_vev__exp__2 =    60623.529110035874     
 mdl_lam =   0.12886910601690271     
 mdl_yb =   2.69955531549349904E-002
 mdl_ye =   2.93504850670934038E-006
 mdl_ym =   6.06883028478528356E-004
 mdl_yt =   0.99366614581500645     
 mdl_ytau =   1.02066167158167895E-002
 mdl_muH =    88.388347648318444     
 mdl_I1x33 =  ( 2.69955531549349904E-002,  0.0000000000000000     )
 mdl_I2x33 =  ( 0.99366614581500645     ,  0.0000000000000000     )
 mdl_I3x33 =  ( 0.99366614581500645     ,  0.0000000000000000     )
 mdl_I4x33 =  ( 2.69955531549349904E-002,  0.0000000000000000     )
 mdl_ee__exp__2 =   9.48355200516540348E-002
 mdl_sw__exp__2 =   0.22224645274001076     
 mdl_cw__exp__2 =   0.77775354725998924     
  Internal Params evaluated point by point
  ----------------------------------------
  
 mdl_sqrt__aS =   0.34351128178744839     
 mdl_G__exp__2 =    1.4828317414825511     
  Couplings of sm-lepton_masses
  ---------------------------------
  
         GC_3 =  -0.00000E+00  -0.30795E+00
        GC_50 =  -0.00000E+00  -0.28804E+00
        GC_59 =   0.00000E+00   0.82310E-01
        GC_89 =  -0.00000E+00  -0.20754E-05

 Collider parameters:
 --------------------

<<<<<<< HEAD
 Running at e e   machine @   7.14879999999999960E-002  GeV
=======
 Running at e e   machine @   7.00000000000000067E-002  GeV
>>>>>>> 911b5ec345c81b054214c521136984e9d6306827
 PDF set = none   
 alpha_s(Mz)= 0.1180 running at 2 loops.
 alpha_s(Mz)= 0.1180 running at 2 loops.
 Renormalization scale fixed @    91.188000000000002     
 Factorization scales  fixed @    91.188000000000002        91.188000000000002     


 getting user params
Enter number of events and max and min iterations: 
<<<<<<< HEAD
 Number of events and iterations         2000           9           3
Enter desired fractional accuracy: 
 Desired fractional accuracy:  -1.94430000000000017E-006
=======
 Number of events and iterations         1000           9           3
Enter desired fractional accuracy: 
 Desired fractional accuracy:  -4.17719999999999991E-053
>>>>>>> 911b5ec345c81b054214c521136984e9d6306827
Enter 0 for fixed, 2 for adjustable grid: 
Suppress amplitude (0 no, 1 yes)? 
 Using suppressed amplitude.
Exact helicity sum (0 yes, n = number/event)? 
 Explicitly summing over helicities
Enter Configuration Number: 
Running Configuration Number:    4
 Not subdividing B.W.
 Attempting mappinvarients           1           4
 Completed mapping           4
<<<<<<< HEAD
 about to integrate            2        2000           9           3           2           1
 Using non-zero grid deformation.
  2 dimensions   2000 events  2 invarients  9 iterations  1 config(s),  (0.99)
 Using h-tuple random number sequence.
 Error opening grid
 Using Uniform Grid!
 Using uniform alpha   1.0000000000000000     
 Grid defined OK
 Set CM energy to          0.07
 Mapping Graph           4  to config           4
Setting grid   1    0.19567E-01   1
=======
 about to integrate            2        1000           9           3           2           1
 Keeping grid fixed.
  2 dimensions   1000 events  2 invarients  9 iterations  1 config(s),  (0.99)
 Using h-tuple random number sequence.
 Grid read from file
 Grid defined OK
 Set CM energy to          0.07
 Mapping Graph           4  to config           4
 No modification is setgrid, grid read from file
>>>>>>> 911b5ec345c81b054214c521136984e9d6306827
 Masses: 0.511E-03 0.511E-03 0.511E-03 0.511E-03
   4   1   2
 Got moffset          19
Using random seed offsets     4 :      1
<<<<<<< HEAD
  with seed                   63
 Ranmar initialization seeds       18441        9260
=======
  with seed                   30
 Ranmar initialization seeds        8295        9226
>>>>>>> 911b5ec345c81b054214c521136984e9d6306827
  Particle       3       4
      Et >     0.0     0.0
       E >     0.0     0.0
     Eta <    -1.0    -1.0
   xqcut:      0.0     0.0
d R # 3  >    -0.0     0.4
s min # 3>     0.0     0.0
xqcutij # 3>     0.0     0.0
 alpha_s for scale    91.188000000000002       is   0.11800000071525575     
<<<<<<< HEAD
 Added good helicity            1   4.2114196875888128       in event            1
 Added good helicity            2  4.91640089021029679E-006  in event            1
 Added good helicity            3  4.91640094361753931E-006  in event            1
 Added good helicity            5  4.91640089021029849E-006  in event            1
 Added good helicity            6   3.7885586848683723       in event            1
 Added good helicity            7  1.94179717349783006E-006  in event            1
 Added good helicity            8  4.91640089021028239E-006  in event            1
 Added good helicity            9  4.91640094361753592E-006  in event            1
 Added good helicity           10  1.94179717349782964E-006  in event            1
 Added good helicity           11   3.7885587249248194       in event            1
 Added good helicity           12  4.91640094361755455E-006  in event            1
 Added good helicity           14  4.91640089021028324E-006  in event            1
 Added good helicity           15  4.91640094361755201E-006  in event            1
 Added good helicity           16   4.2114196875888110       in event            1
 Iteration  1   Mean: 0.2326E+10 Abs mean: 0.2326E+10   Fluctuation:  0.636E+08   0.101E+11    88.7%
  1    0.2326E+10 0.2326E+10 +- 0.6355E+08      1.22
 Writing out events   145732.25576864026        1.2221543327866065     
=======
 Added good helicity            1   4.0000000000015588       in event            1
 Added good helicity            6   3.9999999999984412       in event            1
 Added good helicity           11   3.9999999999984412       in event            1
 Added good helicity           16   4.0000000000015588       in event            1
 Added good helicity            2  1.40673211348893606E-005  in event           19
 Added good helicity            3  1.40673217299448969E-005  in event           19
 Added good helicity            5  1.40673211348893725E-005  in event           19
 Added good helicity            7  3.31624941807275812E-004  in event           19
 Added good helicity            8  1.40673211348893522E-005  in event           19
 Added good helicity            9  1.40673217299448969E-005  in event           19
 Added good helicity           10  3.31624941807275703E-004  in event           19
 Added good helicity           12  1.40673217299449190E-005  in event           19
 Added good helicity           14  1.40673211348893488E-005  in event           19
 Added good helicity           15  1.40673217299449105E-005  in event           19
 Iteration  1   Mean: 0.1252E+55 Abs mean: 0.1252E+55   Fluctuation:  0.797E+54   0.574E+57   100.0%
  1    0.1252E+55 0.1252E+55 +- 0.7965E+54     20.12
 Writing out events  1.39075845646865796E+050   20.123352446272950     
 Relative summed weights:
  0.1000E+01  0.0000E+00
 Relative number of events:
  0.1000E+01  0.0000E+00
 Events:
        1000           0
 Iteration  2   Mean: 0.5561E+57 Abs mean: 0.5561E+57   Fluctuation:  0.556E+57   0.111E+61   100.0%
  2    0.5561E+57 0.5561E+57 +- 0.5560E+57     44.72
>>>>>>> 911b5ec345c81b054214c521136984e9d6306827
 Relative summed weights:
  0.1000E+01  0.0000E+00
 Relative number of events:
  0.1000E+01  0.0000E+00
 Events:
        2000           0
<<<<<<< HEAD
 Iteration  2   Mean: 0.2382E+10 Abs mean: 0.2382E+10   Fluctuation:  0.259E+08   0.678E+10    98.4%
  2    0.2382E+10 0.2382E+10 +- 0.2594E+08      0.69
=======
 Iteration  3   Mean: 0.2740E+55 Abs mean: 0.2740E+55   Fluctuation:  0.209E+55   0.773E+58   100.0%
  3    0.2740E+55 0.2740E+55 +- 0.2088E+55     48.21
>>>>>>> 911b5ec345c81b054214c521136984e9d6306827
 Relative summed weights:
  0.1000E+01  0.0000E+00
 Relative number of events:
  0.1000E+01  0.0000E+00
 Events:
        4000           0
<<<<<<< HEAD
Warning xbin not returning correct x   1  0.984917E+00  0.999989E+00  0.7344E-03
Warning xbin not returning correct x   1  0.998181E+00  0.999999E+00  0.7344E-03
 Iteration  3   Mean: 0.2344E+10 Abs mean: 0.2344E+10   Fluctuation:  0.129E+08   0.949E+10    99.2%
  3    0.2344E+10 0.2344E+10 +- 0.1293E+08      0.49
=======
 Found            6  events.
 Wrote            1  events.
 Actual xsec   1.08649080358341334E+056
 Correct abs xsec   1.08649080358341334E+056
 Event xsec   1.08649080358341334E+056
 Events wgts > 1:            0
 % Cross section > 1:    0.0000000000000000        0.0000000000000000     
 Checking number of events   4538.4893847286339                1  chi2:    10376.503906191399     
 Found            6  events.
 Wrote            1  events.
 Actual xsec   1.08649080358341334E+056
 Correct abs xsec   1.08649080358341334E+056
 Event xsec   1.08649080358341334E+056
 Events wgts > 1:            0
 % Cross section > 1:    0.0000000000000000        0.0000000000000000     
 Iteration  4   Mean: 0.8353E+56 Abs mean: 0.8353E+56   Fluctuation:  0.567E+56   0.328E+60   100.0%
  4    0.8353E+56 0.8353E+56 +- 0.5665E+56     60.66
>>>>>>> 911b5ec345c81b054214c521136984e9d6306827
 Relative summed weights:
  0.1000E+01  0.0000E+00
 Relative number of events:
  0.1000E+01  0.0000E+00
 Events:
        8000           0
<<<<<<< HEAD
 Found          821  events.
 Wrote          816  events.
 Actual xsec    2350659909.6125526     
 Correct abs xsec    2350659909.6125526     
 Event xsec    2350659909.6125889     
 Events wgts > 1:            0
 % Cross section > 1:    0.0000000000000000        0.0000000000000000     
 Checking number of events   4570.3880622596862              816  chi2:   0.93550673552590269     
 Found          821  events.
 Wrote          816  events.
 Actual xsec    2350659909.6125526     
 Correct abs xsec    2350659909.6125526     
 Event xsec    2350659909.6125889     
 Events wgts > 1:            0
 % Cross section > 1:    0.0000000000000000        0.0000000000000000     
Warning xbin not returning correct x   1  0.994618E+00  0.999998E+00  0.3138E-03
Warning xbin not returning correct x   1  0.988195E+00  0.999996E+00  0.3138E-03
 Iteration  4   Mean: 0.2372E+10 Abs mean: 0.2372E+10   Fluctuation:  0.597E+07   0.403E+10    99.3%
  4    0.2372E+10 0.2372E+10 +- 0.5970E+07      0.32
=======
 Found           21  events.
 Wrote            2  events.
 Actual xsec   1.51667664373528227E+056
 Correct abs xsec   1.51667664373528227E+056
 Event xsec   1.51667664373528227E+056
 Events wgts > 1:            0
 % Cross section > 1:    0.0000000000000000        0.0000000000000000     
 Checking number of events   6335.4616762110209                2  chi2:    2544.0303891721023     
 Found           21  events.
 Wrote            2  events.
 Actual xsec   1.51667664373528227E+056
 Correct abs xsec   1.51667664373528227E+056
 Event xsec   1.51667664373528227E+056
 Events wgts > 1:            0
 % Cross section > 1:    0.0000000000000000        0.0000000000000000     
 Error in matrix element
 Iteration  5   Mean: 0.3111E+57 Abs mean: 0.3111E+57   Fluctuation:  0.262E+57   0.417E+61   100.0%
  5    0.3111E+57 0.3111E+57 +- 0.2624E+57    106.67
>>>>>>> 911b5ec345c81b054214c521136984e9d6306827
 Relative summed weights:
  0.1000E+01  0.0000E+00
 Relative number of events:
  0.1000E+01  0.0000E+00
 Events:
       16000           0
<<<<<<< HEAD
 Found         1611  events.
 Wrote         1606  events.
 Actual xsec    2368066888.4673753     
 Correct abs xsec    2368066888.4673753     
 Event xsec    2368066888.4674115     
 Events wgts > 1:            0
 % Cross section > 1:    0.0000000000000000        0.0000000000000000     
 Checking number of events   4604.2324512471178             1606  chi2:    2.1720195346487867     
 Found         1611  events.
 Wrote         1606  events.
 Actual xsec    2368066888.4673753     
 Correct abs xsec    2368066888.4673753     
 Event xsec    2368066888.4674115     
 Events wgts > 1:            0
 % Cross section > 1:    0.0000000000000000        0.0000000000000000     
Warning xbin not returning correct x   1  0.981070E+00  0.999996E+00  0.1999E-03
Warning xbin not returning correct x   1  0.993943E+00  0.999999E+00  0.1999E-03
Warning xbin not returning correct x   1  0.989299E+00  0.999998E+00  0.1999E-03
 Iteration  5   Mean: 0.2356E+10 Abs mean: 0.2356E+10   Fluctuation:  0.294E+07   0.315E+10    99.6%
  5    0.2356E+10 0.2356E+10 +- 0.2942E+07      0.22
=======
 Found           18  events.
 Wrote            1  events.
 Actual xsec   1.17673497578988298E+056
 Correct abs xsec   1.17673497578988298E+056
 Event xsec   1.17673497578988298E+056
 Events wgts > 1:            0
 % Cross section > 1:    0.0000000000000000        0.0000000000000000     
 Checking number of events   4915.4573408694987                1  chi2:    1515.0483291876376     
 Found           18  events.
 Wrote            2  events.
 Actual xsec   1.17673497578988298E+056
 Correct abs xsec   1.17673497578988298E+056
 Event xsec   1.17673497578988298E+056
 Events wgts > 1:            0
 % Cross section > 1:    0.0000000000000000        0.0000000000000000     
 Error in matrix element
 Error in matrix element
 Error in matrix element
 Iteration  6   Mean: 0.9455E+56 Abs mean: 0.9455E+56   Fluctuation:  0.429E+56   0.111E+61   100.0%
  6    0.9455E+56 0.9455E+56 +- 0.4288E+56     81.14
>>>>>>> 911b5ec345c81b054214c521136984e9d6306827
 Relative summed weights:
  0.1000E+01  0.0000E+00
 Relative number of events:
  0.1000E+01  0.0000E+00
 Events:
       32000           0
<<<<<<< HEAD
 Found         3178  events.
 Wrote         3173  events.
 Actual xsec    2358972272.4270883     
 Correct abs xsec    2358972272.4270883     
 Event xsec    2358972272.4272127     
 Events wgts > 1:            0
 % Cross section > 1:    0.0000000000000000        0.0000000000000000     
 Checking number of events   4586.5497892799885             3173  chi2:    3.5942679189653068     
 Found         3178  events.
 Wrote         3173  events.
 Actual xsec    2358972272.4270883     
 Correct abs xsec    2358972272.4270883     
 Event xsec    2358972272.4272127     
 Events wgts > 1:            0
 % Cross section > 1:    0.0000000000000000        0.0000000000000000     
Warning xbin not returning correct x   1  0.996091E+00  0.999999E+00  0.1700E-03
Warning xbin not returning correct x   1  0.995564E+00  0.999999E+00  0.1700E-03
Warning xbin not returning correct x   1  0.996074E+00  0.999999E+00  0.1700E-03
Warning xbin not returning correct x   1  0.983070E+00  0.999997E+00  0.1700E-03
Warning xbin not returning correct x   1  0.990976E+00  0.999998E+00  0.1700E-03
Warning xbin still not working well. Last message this iteration.
 Iteration  6   Mean: 0.2359E+10 Abs mean: 0.2359E+10   Fluctuation:  0.153E+07   0.293E+10    99.7%
  6    0.2359E+10 0.2359E+10 +- 0.1534E+07      0.16
=======
 Found           19  events.
 Wrote            1  events.
 Actual xsec   1.27794784652602509E+056
 Correct abs xsec   1.27794784652602509E+056
 Event xsec   1.27794784652602509E+056
 Events wgts > 1:            0
 % Cross section > 1:    0.0000000000000000        0.0000000000000000     
 Checking number of events   5338.2437445085116                1  chi2:   0.84989535746717859     
 Found           19  events.
 Wrote            3  events.
 Actual xsec   1.27794784652602509E+056
 Correct abs xsec   1.27794784652602509E+056
 Event xsec   1.27794784652602509E+056
 Events wgts > 1:            0
 % Cross section > 1:    0.0000000000000000        0.0000000000000000     
 Error in matrix element
 Error in matrix element
 Error in matrix element
 Error in matrix element
 Error in matrix element
 Error in matrix element
 Error in matrix element
 Iteration  7   Mean: 0.3590E+56 Abs mean: 0.3590E+56   Fluctuation:  0.123E+56   0.548E+60   100.0%
  7    0.3590E+56 0.3590E+56 +- 0.1226E+56     86.40
 Relative summed weights:
  0.1000E+01  0.0000E+00
 Relative number of events:
  0.1000E+01  0.0000E+00
 Events:
       64000           0
 Found           39  events.
 Wrote            6  events.
 Actual xsec   8.11944002941643972E+055
 Correct abs xsec   8.11944002941643972E+055
 Event xsec   8.11944002941643863E+055
 Events wgts > 1:            1
 % Cross section > 1:   6.85503937842252219E+047  8.44274895015784562E-007
 Checking number of events   3391.6524890878350                6  chi2:    7.2539653264803485     
 Found           39  events.
 Wrote            4  events.
 Actual xsec   8.11944002941643972E+055
 Correct abs xsec   8.11944002941643972E+055
 Event xsec   8.11944002941643863E+055
 Events wgts > 1:            1
 % Cross section > 1:   1.02825590267998993E+048  1.26641233749452645E-006
 Error in matrix element
 Error in matrix element
 Error in matrix element
 Error in matrix element
 Error in matrix element
 Error in matrix element
 Error in matrix element
 Error in matrix element
 Error in matrix element
 Error in matrix element
 Iteration  8   Mean: 0.4872E+56 Abs mean: 0.4872E+56   Fluctuation:  0.985E+55   0.393E+60   100.0%
  8    0.4872E+56 0.4872E+56 +- 0.9850E+55     72.33
 Relative summed weights:
  0.1000E+01  0.0000E+00
 Relative number of events:
  0.1000E+01  0.0000E+00
 Events:
      128000           0
 Found          112  events.
 Wrote           14  events.
 Actual xsec   5.16985971618575785E+055
 Correct abs xsec   5.16985971618575785E+055
 Event xsec   5.16985971618575893E+055
 Events wgts > 1:            1
 % Cross section > 1:   2.88576038148701888E+053  0.55818930104666120     
 Checking number of events   2159.5538006451147               14  chi2:    1.3746170060429572     
 Found          112  events.
 Wrote           18  events.
 Actual xsec   5.16985971618575785E+055
 Correct abs xsec   5.16985971618575785E+055
 Event xsec   5.16985971618576002E+055
 Events wgts > 1:            1
 % Cross section > 1:   2.24726785420724797E+053  0.43468642817744507     
 Error in matrix element
 Error in matrix element
 Error in matrix element
 Error in matrix element
 Error in matrix element
 Error in matrix element
 Error in matrix element
 Error in matrix element
 Error in matrix element
 Error in matrix element
 Error in matrix element
 Error in matrix element
 Error in matrix element
 Error in matrix element
 Error in matrix element
 Error in matrix element
 Error in matrix element
 Error in matrix element
 Error in matrix element
 Error in matrix element
 Error in matrix element
 Iteration  9   Mean: 0.7974E+56 Abs mean: 0.7974E+56   Fluctuation:  0.154E+56   0.179E+61   100.0%
  9    0.7974E+56 0.7974E+56 +- 0.1539E+56     97.67
 Relative summed weights:
  0.1000E+01  0.0000E+00
 Relative number of events:
  0.1000E+01  0.0000E+00
 Events:
      256000           0
 Found          170  events.
 Wrote           13  events.
 Actual xsec   6.07883554085213639E+055
 Correct abs xsec   6.07883554085213639E+055
 Event xsec   6.07883554085213530E+055
 Events wgts > 1:            0
 % Cross section > 1:    0.0000000000000000        0.0000000000000000     
 Checking number of events   2539.2511821247545               13  chi2:    3.5679227325837375     
 Found          170  events.
 Wrote           13  events.
 Actual xsec   6.07883554085213639E+055
 Correct abs xsec   6.07883554085213639E+055
 Event xsec   6.07883554085213530E+055
 Events wgts > 1:            0
 % Cross section > 1:    0.0000000000000000        0.0000000000000000     

 -------------------------------------------------------------------------------
 Accumulated results:   Integral =   +Infinity
                        Std dev  =   +Infinity
                       Cross sec =   +Infinity
             Chi**2 per DoF.     =      8.8160
 -------------------------------------------------------------------------------
-------------------------------------------------
---------------------------
 Results Last   3 iters: Integral =   0.6079E+56
                     Abs integral =   0.6079E+56
                          Std dev =   0.7856E+55
                  Chi**2 per DoF. =      3.5679
-------------------------------------------------
---------------------------
 Status -4.17719999999999991E-053          10           9
 Trying w/ fresh grid
 Starting w/ ncall =         4000
 Keeping grid fixed.
  2 dimensions   4000 events  2 invarients  8 iterations  1 config(s),  (0.99)
 Using h-tuple random number sequence.
 Error opening grid
 Using Uniform Grid!
 Using uniform alpha   1.0000000000000000     
 Grid defined OK
Setting grid   1    0.53290E-04   1
 Iteration  1   Mean: 0.3213E+27 Abs mean: 0.3213E+27   Fluctuation:  0.256E+27   0.102E+31   100.0%
  1    0.3213E+27 0.3213E+27 +- 0.2560E+27     50.40
 Relative summed weights:
  0.1000E+01  0.0000E+00
 Relative number of events:
  0.1000E+01  0.0000E+00
 Events:
        4000           0
 Iteration  2   Mean: 0.2490E+34 Abs mean: 0.2490E+34   Fluctuation:  0.194E+34   0.147E+38   100.0%
  2    0.2490E+34 0.2490E+34 +- 0.1939E+34     69.64
 Relative summed weights:
  0.1000E+01  0.0000E+00
 Relative number of events:
  0.1000E+01  0.0000E+00
 Events:
        8000           0
 Iteration  3   Mean: 0.7436E+39 Abs mean: 0.7436E+39   Fluctuation:  0.624E+39   0.985E+43   100.0%
  3    0.7436E+39 0.7436E+39 +- 0.6238E+39    106.11
 Relative summed weights:
  0.1000E+01  0.0000E+00
 Relative number of events:
  0.1000E+01  0.0000E+00
 Events:
       16000           0
 Found           89  events.
 Wrote            2  events.
 Actual xsec   2.27497948551844799E+038
 Correct abs xsec   2.27497948551844799E+038
 Event xsec   2.27497948551844761E+038
 Events wgts > 1:            1
 % Cross section > 1:   1.02734413203261861E+031  4.51583910348315024E-006
 Checking number of events  9.50304430690766043E-015           2  chi2:   3.94772820039199434E+023
 Found           89  events.
 Wrote            2  events.
 Actual xsec   2.27497948551844799E+038
 Correct abs xsec   2.27497948551844799E+038
 Event xsec   2.27497948551844761E+038
 Events wgts > 1:            1
 % Cross section > 1:   1.02734413203261861E+031  4.51583910348315024E-006
 Iteration  4   Mean: 0.7963E+41 Abs mean: 0.7963E+41   Fluctuation:  0.571E+41   0.179E+46   100.0%
  4    0.7963E+41 0.7963E+41 +- 0.5714E+41    128.36
 Relative summed weights:
  0.1000E+01  0.0000E+00
 Relative number of events:
  0.1000E+01  0.0000E+00
 Events:
       32000           0
 Found           69  events.
 Wrote            2  events.
 Actual xsec   3.10642142806450713E+040
 Correct abs xsec   3.10642142806450713E+040
 Event xsec   3.10642142806450713E+040
 Events wgts > 1:            1
 % Cross section > 1:   1.85546419815492115E+033  5.97299574807205250E-006
 Checking number of events  1.29761435893110588E-012           2  chi2:    128331616758910.00     
 Found           69  events.
 Wrote            1  events.
 Actual xsec   3.10642142806450713E+040
 Correct abs xsec   3.10642142806450713E+040
 Event xsec   3.10642142806450713E+040
 Events wgts > 1:            1
 % Cross section > 1:   3.71092817870319477E+033  1.19459907956382252E-005
 Iteration  5   Mean: 0.1228E+49 Abs mean: 0.1228E+49   Fluctuation:  0.106E+49   0.670E+53   100.0%
  5    0.1228E+49 0.1228E+49 +- 0.1057E+49    217.71
>>>>>>> 911b5ec345c81b054214c521136984e9d6306827
 Relative summed weights:
  0.1000E+01  0.0000E+00
 Relative number of events:
  0.1000E+01  0.0000E+00
 Events:
       64000           0
<<<<<<< HEAD
 Found         6376  events.
 Wrote         6371  events.
 Actual xsec    2359275984.5455775     
 Correct abs xsec    2359275984.5455775     
 Event xsec    2359275984.5455861     
 Events wgts > 1:            0
 % Cross section > 1:    0.0000000000000000        0.0000000000000000     
 Checking number of events   4587.1402967519671             6371  chi2:    2.8829755073903338     

 -------------------------------------------------------------------------------
 Accumulated results:   Integral =  0.2359E+10
                        Std dev  =  0.1317E+07
                       Cross sec =  0.1654E+01
             Chi**2 per DoF.     =
-------------------------------------------------
---------------------------
 Results Last   3 iters: Integral =   0.2359E+10
                     Abs integral =   0.2359E+10
                          Std dev =   0.1326E+07
                  Chi**2 per DoF. =      2.8830
-------------------------------------------------
---------------------------
 Status -1.94430000000000017E-006           7           9
 We found enough events        6371   4587.1402967519671     
=======
 Found          516  events.
 Wrote            2  events.
 Actual xsec   3.51842383620803649E+047
 Correct abs xsec   3.51842383620803649E+047
 Event xsec   3.51842383620803649E+047
 Events wgts > 1:            0
 % Cross section > 1:    0.0000000000000000        0.0000000000000000     
 Checking number of events  1.46971600486082099E-005           2  chi2:   1.59060737924495328E+017
 Found          516  events.
 Wrote            1  events.
 Actual xsec   3.51842383620803649E+047
 Correct abs xsec   3.51842383620803649E+047
 Event xsec   3.51842383620803649E+047
 Events wgts > 1:            0
 % Cross section > 1:    0.0000000000000000        0.0000000000000000     
 Fixing grid
 Iteration  6   Mean: 0.2081E+53 Abs mean: 0.2081E+53   Fluctuation:  0.192E+53   0.245E+58   100.0%
  6    0.2081E+53 0.2081E+53 +- 0.1917E+53    329.46
 Relative summed weights:
  0.1000E+01  0.0000E+00
 Relative number of events:
  0.1000E+01  0.0000E+00
 Events:
      128000           0
 Found          170  events.
 Wrote            1  events.
 Actual xsec   5.48906574670074748E+051
 Correct abs xsec   5.48906574670074748E+051
 Event xsec   5.48906574670074748E+051
 Events wgts > 1:            0
 % Cross section > 1:    0.0000000000000000        0.0000000000000000     
 Checking number of events  0.22928925437118361                1  chi2:   4.61483394087385930E+021
 Found          170  events.
 Wrote            1  events.
 Actual xsec   5.48906574670074748E+051
 Correct abs xsec   5.48906574670074748E+051
 Event xsec   5.48906574670074748E+051
 Events wgts > 1:            0
 % Cross section > 1:    0.0000000000000000        0.0000000000000000     
 Iteration  7   Mean: 0.1570E+55 Abs mean: 0.1570E+55   Fluctuation:  0.144E+55   0.368E+60   100.0%
  7    0.1570E+55 0.1570E+55 +- 0.1442E+55    464.66
 Relative summed weights:
  0.1000E+01  0.0000E+00
 Relative number of events:
  0.1000E+01  0.0000E+00
 Events:
      256000           0
 Found           32  events.
 Wrote            1  events.
 Actual xsec   5.07669698855562554E+053
 Correct abs xsec   5.07669698855562554E+053
 Event xsec   5.07669698855562554E+053
 Events wgts > 1:            1
 % Cross section > 1:   4.29774392915288691E+046  8.46563018994687190E-006
 Checking number of events   21.206378660594559                1  chi2:    115360797938.02164     
 Found           32  events.
 Wrote            1  events.
 Actual xsec   5.07669698855562554E+053
 Correct abs xsec   5.07669698855562554E+053
 Event xsec   5.07669698855562554E+053
 Events wgts > 1:            1
 % Cross section > 1:   4.29774392915288691E+046  8.46563018994687190E-006
 Error in matrix element
 Iteration  8   Mean: 0.1957E+56 Abs mean: 0.1957E+56   Fluctuation:  0.194E+56   0.992E+61   100.0%
  8    0.1957E+56 0.1957E+56 +- 0.1937E+56    708.15
 Relative summed weights:
  0.1000E+01  0.0000E+00
 Relative number of events:
  0.1000E+01  0.0000E+00
 Events:
      512000           0
 Found           21  events.
 Wrote            1  events.
 Actual xsec   7.44334830102950044E+055
 Correct abs xsec   7.44334830102950044E+055
 Event xsec   7.44334830102950044E+055
 Events wgts > 1:            1
 % Cross section > 1:   5.35801251787741323E+048  7.19839016150344395E-006
 Checking number of events   269.75478536996059                1  chi2:    56405.031039492314     
 Found           21  events.
 Wrote            1  events.
 Actual xsec   7.44334830102950044E+055
 Correct abs xsec   7.44334830102950044E+055
 Event xsec   7.44334830102950044E+055
 Events wgts > 1:            1
 % Cross section > 1:   5.35801251787741323E+048  7.19839016150344395E-006

 -------------------------------------------------------------------------------
 Accumulated results:   Integral =   +Infinity
                        Std dev  =   +Infinity
                       Cross sec =   +Infinity
             Chi**2 per DoF.     =     13.4726
 -------------------------------------------------------------------------------
-------------------------------------------------
---------------------------
 Results Last   3 iters: Integral =   0.6458E+55
                     Abs integral =   0.6458E+55
                         Std dev =   0.3509E+55
                 Chi**2 per DoF. =  56405.0310
-------------------------------------------------
---------------------------
>>>>>>> 911b5ec345c81b054214c521136984e9d6306827

ls status:
events.lhe
ftn25
ftn26
input_sg.txt
<<<<<<< HEAD
moffset.dat
results.dat
run_01_ftn26.gz
run_01_log.txt
run_01_results.dat
run_02_ftn26.gz
run_02_log.txt
run_02_results.dat
run_03_ftn26.gz
run_03_log.txt
run_03_results.dat
run_04_ftn26.gz
run_04_log.txt
run_04_results.dat
=======
log.txt
moffset.dat
results.dat
>>>>>>> 911b5ec345c81b054214c521136984e9d6306827
run1_app.log
