 Process in group number            1
 No PDF is used, alpha_s(MZ) from param_card is used
 Value of alpha_s from param_card:   0.11800000071525575     
 The default order of alpha_s running is fixed to            2
 Warning: pt or E min of a gamma should in general be >0
 *****************************************************
 *               MadGraph/MadEvent                   *
 *        --------------------------------           *
 *          http://madgraph.hep.uiuc.edu             *
 *          http://madgraph.phys.ucl.ac.be           *
 *          http://madgraph.roma2.infn.it            *
 *        --------------------------------           *
 *                                                   *
 *          PARAMETER AND COUPLING VALUES            *
 *                                                   *
 *****************************************************

  External Params
  ---------------------------------
  
 mdl_MB =    4.6999998092651367     
 mdl_MT =    173.00000000000000     
 mdl_MTA =    1.7769999504089355     
 mdl_MZ =    91.188003540039063     
 mdl_MH =    125.00000000000000     
 aEWM1 =    132.50700378417969     
 mdl_Gf =   1.16639000000000003E-005
 aS =   0.11800000071525575     
 mdl_ymb =    4.6999998092651367     
 mdl_ymt =    173.00000000000000     
 mdl_ymtau =    1.7769999504089355     
 mdl_WT =    1.4915000200271606     
 mdl_WZ =    2.4414041042327881     
 mdl_WW =    2.0476000308990479     
 mdl_WH =   6.38233916833996773E-003
  Internal Params
  ---------------------------------
  
 mdl_conjg__CKM3x3 =    1.0000000000000000     
 mdl_CKM3x3 =    1.0000000000000000     
 mdl_conjg__CKM1x1 =    1.0000000000000000     
 mdl_complexi =  (  0.0000000000000000     ,  1.0000000000000000     )
 mdl_MZ__exp__2 =    8315.2519896181766     
 mdl_MZ__exp__4 =    69143415.650849044     
 mdl_sqrt__2 =    1.4142135623730951     
 mdl_MH__exp__2 =    15625.000000000000     
 mdl_aEW =   7.54677089845565054E-003
 mdl_MW =    80.419007276179556     
 mdl_sqrt__aEW =   8.68721526063194194E-002
 mdl_ee =   0.30795376284704501     
 mdl_MW__exp__2 =    6467.2167312862202     
 mdl_sw2 =   0.22224645274001076     
 mdl_cw =   0.88190336616887299     
 mdl_sqrt__sw2 =   0.47143022043565552     
 mdl_sw =   0.47143022043565552     
 mdl_g1 =   0.34919218438279087     
 mdl_gw =   0.65323296958447097     
 mdl_vev =    246.21845810181631     
 mdl_vev__exp__2 =    60623.529110035874     
 mdl_lam =   0.12886910601690271     
 mdl_yb =   2.69955531549349904E-002
 mdl_yt =   0.99366614581500645     
 mdl_ytau =   1.02066167158167895E-002
 mdl_muH =    88.388347648318444     
 mdl_I1x33 =  ( 2.69955531549349904E-002,  0.0000000000000000     )
 mdl_I2x33 =  ( 0.99366614581500645     ,  0.0000000000000000     )
 mdl_I3x33 =  ( 0.99366614581500645     ,  0.0000000000000000     )
 mdl_I4x33 =  ( 2.69955531549349904E-002,  0.0000000000000000     )
 mdl_ee__exp__2 =   9.48355200516540348E-002
 mdl_sw__exp__2 =   0.22224645274001076     
 mdl_cw__exp__2 =   0.77775354725998924     
  Internal Params evaluated point by point
  ----------------------------------------
  
 mdl_sqrt__aS =   0.34351128178744839     
 mdl_G__exp__2 =    1.4828317414825511     
  Couplings of sm
  ---------------------------------
  
         GC_3 =  -0.00000E+00  -0.30795E+00
        GC_50 =  -0.00000E+00  -0.28804E+00
        GC_59 =   0.00000E+00   0.82310E-01

 Collider parameters:
 --------------------

 Running at e e   machine @    10.000000000000000       GeV
 PDF set = none   
 alpha_s(Mz)= 0.1180 running at 2 loops.
 alpha_s(Mz)= 0.1180 running at 2 loops.
 Renormalization scale set on event-by-event basis
 Factorization   scale set on event-by-event basis


 getting user params
Enter number of events and max and min iterations: 
 Number of events and iterations         1000           9           3
Enter desired fractional accuracy: 
 Desired fractional accuracy:  -1.10059999999999990E-009
Enter 0 for fixed, 2 for adjustable grid: 
Suppress amplitude (0 no, 1 yes)? 
 Using suppressed amplitude.
Exact helicity sum (0 yes, n = number/event)? 
 Explicitly summing over helicities
Enter Configuration Number: 
Running Configuration Number:    5
 Not subdividing B.W.
 Attempting mappinvarients           1           5
 Completed mapping           5
 about to integrate            5        1000           9           3           5           1
 Keeping grid fixed.
  5 dimensions   1000 events  5 invarients  9 iterations  1 config(s),  (0.99)
 Using h-tuple random number sequence.
 Grid read from file
 Grid defined OK
 Set CM energy to         10.00
 Mapping Graph           5  to config           5
 Warning: No cutoff for shat integral found
          Minimum set to   1.00000000000000002E-002
 No modification is setgrid, grid read from file
 Warning: No cutoff for shat integral found
          Minimum set to   1.00000000000000002E-002
 No modification is setgrid, grid read from file
 Masses: 0.000E+00 0.000E+00 0.000E+00 0.000E+00 0.000E+00
   5   1   2   3   4   5
 Got moffset          16
Using random seed offsets     5 :      1
  with seed                   48
 Ranmar initialization seeds       30238       29854
  Particle       3       4       5
      Et >     0.0    -1.0    -1.0
       E >     0.0     0.0     0.0
     Eta <    -1.0    -1.0    -1.0
   xqcut:      0.0     0.0     0.0
d R # 3  >    -0.0     0.4     0.4
d R # 4  >    -0.0    -0.0     0.0
s min # 3>     0.0     0.0     0.0
s min # 4>     0.0     0.0     0.0
xqcutij # 3>     0.0     0.0     0.0
xqcutij # 4>     0.0     0.0     0.0
 alpha_s for scale    2.2360679803818977       is   0.28377211150737447     
 Added good helicity            1   5.2052094636847706       in event            1
 Added good helicity            5   2.7947905798857215       in event            1
 Added good helicity           10   5.2052093899671812       in event            1
 Added good helicity           14   2.7947905663958252       in event            1
 Added good helicity           19   2.7947905664422459       in event            1
 Added good helicity           23   5.2052093900537635       in event            1
 Added good helicity           28   2.7947905798857215       in event            1
 Added good helicity           32   5.2052094636847706       in event            1
 Iteration  1   Mean: 0.1090E+15 Abs mean: 0.1090E+15   Fluctuation:  0.798E+14   0.783E+17    99.2%
  1    0.1090E+15 0.1090E+15 +- 0.7985E+14     23.17
 Writing out events   12204022711.874849        23.172906676336979     
 Relative summed weights:
  0.1000E+01  0.0000E+00
 Relative number of events:
  0.1000E+01  0.0000E+00
 Events:
        1000           0
 Iteration  2   Mean: 0.1053E+14 Abs mean: 0.1053E+14   Fluctuation:  0.341E+13   0.494E+16    98.8%
  2    0.1053E+14 0.1053E+14 +- 0.3410E+13     14.48
 Relative summed weights:
  0.1000E+01  0.0000E+00
 Relative number of events:
  0.1000E+01  0.0000E+00
 Events:
        2000           0
 Iteration  3   Mean: 0.4080E+14 Abs mean: 0.4080E+14   Fluctuation:  0.158E+14   0.502E+17    99.0%
  3    0.4080E+14 0.4080E+14 +- 0.1584E+14     24.55
 Relative summed weights:
  0.1000E+01  0.0000E+00
 Relative number of events:
  0.1000E+01  0.0000E+00
 Events:
        4000           0
 Found          140  events.
 Wrote            3  events.
 Actual xsec    31824472942203.488     
 Correct abs xsec    31824472942203.488     
 Event xsec    31824472942203.484     
 Events wgts > 1:            0
 % Cross section > 1:    0.0000000000000000        0.0000000000000000     
 Checking number of events   35026.014920189155                3  chi2:    20.115147748662395     
 Found          140  events.
 Wrote            1  events.
 Actual xsec    31824472942203.488     
 Correct abs xsec    31824472942203.488     
 Event xsec    31824472942203.488     
 Events wgts > 1:            0
 % Cross section > 1:    0.0000000000000000        0.0000000000000000     
 Iteration  4   Mean: 0.3052E+14 Abs mean: 0.3052E+14   Fluctuation:  0.150E+14   0.115E+18    99.0%
  4    0.3052E+14 0.3052E+14 +- 0.1503E+14     44.03
 Relative summed weights:
  0.1000E+01  0.0000E+00
 Relative number of events:
  0.1000E+01  0.0000E+00
 Events:
        8000           0
 Found          127  events.
 Wrote            1  events.
 Actual xsec    24483897301558.266     
 Correct abs xsec    24483897301558.266     
 Event xsec    24483897301558.266     
 Events wgts > 1:            0
 % Cross section > 1:    0.0000000000000000        0.0000000000000000     
 Checking number of events   26946.977370095025                1  chi2:    8.9771882026550589     
 Found          127  events.
 Wrote            2  events.
 Actual xsec    24483897301558.266     
 Correct abs xsec    24483897301558.266     
 Event xsec    24483897301558.266     
 Events wgts > 1:            0
 % Cross section > 1:    0.0000000000000000        0.0000000000000000     
 Iteration  5   Mean: 0.2371E+14 Abs mean: 0.2371E+14   Fluctuation:  0.578E+13   0.720E+17    99.2%
  5    0.2371E+14 0.2371E+14 +- 0.5782E+13     30.84
 Relative summed weights:
  0.1000E+01  0.0000E+00
 Relative number of events:
  0.1000E+01  0.0000E+00
 Events:
       16000           0
 Found          265  events.
 Wrote            6  events.
 Actual xsec    28840854866653.664     
 Correct abs xsec    28840854866653.664     
 Event xsec    28840854866653.668     
 Events wgts > 1:            1
 % Cross section > 1:    670718.51269531250       2.32558471583590161E-006
 Checking number of events   31742.244866239020                6  chi2:   0.68412472339386765     
 Found          265  events.
 Wrote            4  events.
 Actual xsec    28840854866653.664     
 Correct abs xsec    28840854866653.664     
 Event xsec    28840854866653.664     
 Events wgts > 1:            1
 % Cross section > 1:    1006077.7568359375       3.48837703142836969E-006
 Iteration  6   Mean: 0.4345E+15 Abs mean: 0.4345E+15   Fluctuation:  0.277E+15   0.863E+19    99.2%
  6    0.4345E+15 0.4345E+15 +- 0.2766E+15    113.87
 Relative summed weights:
  0.1000E+01  0.0000E+00
 Relative number of events:
  0.1000E+01  0.0000E+00
 Events:
       32000           0
 Found          645  events.
 Wrote            1  events.
 Actual xsec    68208525510636.273     
 Correct abs xsec    68208525510636.273     
 Event xsec    68208525510636.273     
 Events wgts > 1:            0
 % Cross section > 1:    0.0000000000000000        0.0000000000000000     
 Checking number of events   75070.303177006281                1  chi2:    33.633021020141015     
 Found          645  events.
 Wrote            2  events.
 Actual xsec    68208525510636.273     
 Correct abs xsec    68208525510636.273     
 Event xsec    68208525510636.273     
 Events wgts > 1:            0
 % Cross section > 1:    0.0000000000000000        0.0000000000000000     
 Iteration  7   Mean: 0.1201E+16 Abs mean: 0.1201E+16   Fluctuation:  0.108E+16   0.689E+20    99.1%
  7    0.1201E+16 0.1201E+16 +- 0.1077E+16    226.89
 Relative summed weights:
  0.1000E+01  0.0000E+00
 Relative number of events:
  0.1000E+01  0.0000E+00
 Events:
       64000           0
 Found          224  events.
 Wrote            1  events.
 Actual xsec    144361872925663.53     
 Correct abs xsec    144361872925663.53     
 Event xsec    144361872925663.53     
 Events wgts > 1:            1
 % Cross section > 1:    35625043.968750000       2.46775989025124739E-005
 Checking number of events   158884.67734198525                1  chi2:    218.74036597578990     
 Found          224  events.
 Wrote            1  events.
 Actual xsec    144361872925663.53     
 Correct abs xsec    144361872925663.53     
 Event xsec    144361872925663.53     
 Events wgts > 1:            1
 % Cross section > 1:    35625043.968750000       2.46775989025124739E-005
 Error in matrix element
 Iteration  8   Mean: 0.7181E+15 Abs mean: 0.7181E+15   Fluctuation:  0.484E+15   0.603E+20    99.1%
  8    0.7181E+15 0.7181E+15 +- 0.4843E+15    241.31
 Relative summed weights:
  0.1000E+01  0.0000E+00
 Relative number of events:
  0.1000E+01  0.0000E+00
 Events:
      128000           0
 Found          230  events.
 Wrote            2  events.
 Actual xsec    701257309430837.13     
 Correct abs xsec    701257309430837.13     
 Event xsec    701257309430837.13     
 Events wgts > 1:            0
 % Cross section > 1:    0.0000000000000000        0.0000000000000000     
 Checking number of events   771803.79475957924                2  chi2:   0.57309715950898643     
 Found          230  events.
 Wrote            3  events.
 Actual xsec    701257309430837.13     
 Correct abs xsec    701257309430837.13     
 Event xsec    701257309430837.00     
 Events wgts > 1:            0
 % Cross section > 1:    0.0000000000000000        0.0000000000000000     
 Iteration  9   Mean: 0.3827E+15 Abs mean: 0.3827E+15   Fluctuation:  0.250E+15   0.632E+20    99.1%
  9    0.3827E+15 0.3827E+15 +- 0.2495E+15    329.88
 Relative summed weights:
  0.1000E+01  0.0000E+00
 Relative number of events:
  0.1000E+01  0.0000E+00
 Events:
      256000           0
 Found          628  events.
 Wrote            1  events.
 Actual xsec    685519239434978.88     
 Correct abs xsec    685519239434978.88     
 Event xsec    685519239434978.88     
 Events wgts > 1:            1
 % Cross section > 1:    27906736.000000000       4.07089026750020749E-006
 Checking number of events   754482.47492213768                1  chi2:   0.85317016952911773     
 Found          628  events.
 Wrote            1  events.
 Actual xsec    685519239434978.88     
 Correct abs xsec    685519239434978.88     
 Event xsec    685519239434978.88     
 Events wgts > 1:            1
 % Cross section > 1:    27906736.000000000       4.07089026750020749E-006

 -------------------------------------------------------------------------------
 Accumulated results:   Integral =  0.1300E+15
                        Std dev  =  0.1891E+14
                       Cross sec =  0.1300E+15
             Chi**2 per DoF.     =     22.0808
 -------------------------------------------------------------------------------
-------------------------------------------------
---------------------------
 Results Last   3 iters: Integral =   0.6855E+15
                     Abs integral =   0.6855E+15
                          Std dev =   0.2848E+15
                  Chi**2 per DoF. =      0.8532
-------------------------------------------------
---------------------------
 Status -1.10059999999999990E-009          10           9
 Trying w/ fresh grid
 Starting w/ ncall =         4000
 Keeping grid fixed.
  5 dimensions   4000 events  5 invarients  8 iterations  1 config(s),  (0.99)
 Using h-tuple random number sequence.
 Error opening grid
 Using Uniform Grid!
 Using uniform alpha   1.0000000000000000     
 Grid defined OK
 Warning: No cutoff for shat integral found
          Minimum set to   1.00000000000000002E-002
Setting grid   1    0.10000E-01   1
 Warning: No cutoff for shat integral found
          Minimum set to   1.00000000000000002E-002
Setting grid   2    0.10000E-01   1
 Iteration  1   Mean: 0.2462E+05 Abs mean: 0.2462E+05   Fluctuation:  0.934E+04   0.281E+08    98.8%
  1    0.2462E+05 0.2462E+05 +- 0.9345E+04     24.01
 Relative summed weights:
  0.1000E+01  0.0000E+00
 Relative number of events:
  0.1000E+01  0.0000E+00
 Events:
        4000           0
 Iteration  2   Mean: 0.1027E+06 Abs mean: 0.1027E+06   Fluctuation:  0.564E+05   0.440E+09    97.7%
  2    0.1027E+06 0.1027E+06 +- 0.5635E+05     49.06
 Relative summed weights:
  0.1000E+01  0.0000E+00
 Relative number of events:
  0.1000E+01  0.0000E+00
 Events:
        8000           0
 Iteration  3   Mean: 0.2153E+07 Abs mean: 0.2153E+07   Fluctuation:  0.112E+07   0.141E+11    98.2%
  3    0.2153E+07 0.2153E+07 +- 0.1118E+07     65.69
 Relative summed weights:
  0.1000E+01  0.0000E+00
 Relative number of events:
  0.1000E+01  0.0000E+00
 Events:
       16000           0
 Found          634  events.
 Wrote            2  events.
 Actual xsec    608014.14639696502     
 Correct abs xsec    608014.14639696502     
 Event xsec    608014.14639696502     
 Events wgts > 1:            1
 % Cross section > 1:   3.14331739209592342E-002  5.16980963473124443E-006
 Checking number of events  6.69180369524499663E-004           2  chi2:    1990.0211267800300     
 Found          634  events.
 Wrote            2  events.
 Actual xsec    608014.14639696502     
 Correct abs xsec    608014.14639696502     
 Event xsec    608014.14639696502     
 Events wgts > 1:            1
 % Cross section > 1:   3.14331739209592342E-002  5.16980963473124443E-006
 Iteration  4   Mean: 0.2465E+08 Abs mean: 0.2465E+08   Fluctuation:  0.137E+08   0.401E+12    98.2%
  4    0.2465E+08 0.2465E+08 +- 0.1367E+08     99.24
 Relative summed weights:
  0.1000E+01  0.0000E+00
 Relative number of events:
  0.1000E+01  0.0000E+00
 Events:
       32000           0
 Found          871  events.
 Wrote            3  events.
 Actual xsec    8599107.2242255285     
 Correct abs xsec    8599107.2242255285     
 Event xsec    8599107.2242255285     
 Events wgts > 1:            0
 % Cross section > 1:    0.0000000000000000        0.0000000000000000     
 Checking number of events  9.46417741098261669E-003           3  chi2:    11384.335952312873     
 Found          871  events.
 Wrote            1  events.
 Actual xsec    8599107.2242255285     
 Correct abs xsec    8599107.2242255285     
 Event xsec    8599107.2242255285     
 Events wgts > 1:            0
 % Cross section > 1:    0.0000000000000000        0.0000000000000000     
 Iteration  5   Mean: 0.2798E+10 Abs mean: 0.2798E+10   Fluctuation:  0.167E+10   0.932E+14    98.3%
  5    0.2798E+10 0.2798E+10 +- 0.1673E+10    151.27
 Relative summed weights:
  0.1000E+01  0.0000E+00
 Relative number of events:
  0.1000E+01  0.0000E+00
 Events:
       64000           0
 Found         2615  events.
 Wrote            2  events.
 Actual xsec    811404647.53971541     
 Correct abs xsec    811404647.53971541     
 Event xsec    811404647.53971541     
 Events wgts > 1:            0
 % Cross section > 1:    0.0000000000000000        0.0000000000000000     
 Checking number of events  0.89303195508221067                2  chi2:    263514.14210444031     
 Found         2615  events.
 Wrote            2  events.
 Actual xsec    811404647.53971541     
 Correct abs xsec    811404647.53971541     
 Event xsec    811404647.53971541     
 Events wgts > 1:            0
 % Cross section > 1:    0.0000000000000000        0.0000000000000000     
 Fixing grid
 Iteration  6   Mean: 0.1195E+11 Abs mean: 0.1195E+11   Fluctuation:  0.393E+10   0.351E+15    99.0%
  6    0.1195E+11 0.1195E+11 +- 0.3931E+10    117.67
 Relative summed weights:
  0.1000E+01  0.0000E+00
 Relative number of events:
  0.1000E+01  0.0000E+00
 Events:
      128000           0
 Found         2000  events.
 Wrote            3  events.
 Actual xsec    7743309943.1083736     
 Correct abs xsec    7743309943.1083736     
 Event xsec    7743309943.1083736     
 Events wgts > 1:            1
 % Cross section > 1:    430.32835149765015       5.55742124052062320E-006
 Checking number of events   8.5222869233850744                3  chi2:    159375.98858450234     
 Found         2000  events.
 Wrote            5  events.
 Actual xsec    7743309943.1083736     
 Correct abs xsec    7743309943.1083736     
 Event xsec    7743309943.1083736     
 Events wgts > 1:            1
 % Cross section > 1:    258.19701647758484       3.33445281636159831E-006
 Iteration  7   Mean: 0.5535E+11 Abs mean: 0.5535E+11   Fluctuation:  0.418E+11   0.106E+17    98.9%
  7    0.5535E+11 0.5535E+11 +- 0.4183E+11    382.39
 Relative summed weights:
  0.1000E+01  0.0000E+00
 Relative number of events:
  0.1000E+01  0.0000E+00
 Events:
      256000           0
 Found         1640  events.
 Wrote            1  events.
 Actual xsec    15605803855.722441     
 Correct abs xsec    15605803855.722441     
 Event xsec    15605803855.722441     
 Events wgts > 1:            0
 % Cross section > 1:    0.0000000000000000        0.0000000000000000     
 Checking number of events   17.175747723608115                1  chi2:    30.182545636224525     
 Found         1640  events.
 Wrote            1  events.
 Actual xsec    15605803855.722441     
 Correct abs xsec    15605803855.722441     
 Event xsec    15605803855.722441     
 Events wgts > 1:            0
 % Cross section > 1:    0.0000000000000000        0.0000000000000000     
 Iteration  8   Mean: 0.7406E+11 Abs mean: 0.7406E+11   Fluctuation:  0.469E+11   0.227E+17    98.9%
  8    0.7406E+11 0.7406E+11 +- 0.4687E+11    452.84
 Relative summed weights:
  0.1000E+01  0.0000E+00
 Relative number of events:
  0.1000E+01  0.0000E+00
 Events:
      512000           0
 Found         1161  events.
 Wrote            1  events.
 Actual xsec    136454944650870.19     
 Correct abs xsec    136454944650870.19     
 Event xsec    136454944650870.19     
 Events wgts > 1:            0
 % Cross section > 1:    0.0000000000000000        0.0000000000000000     
 Checking number of events   32.004215715398232                1  chi2:    10.145609201786044     
 Found         1161  events.
 Wrote            5  events.
 Actual xsec    136454944650870.19     
 Correct abs xsec    136454944650870.19     
 Event xsec    136454944650870.17     
 Events wgts > 1:            0
 % Cross section > 1:    0.0000000000000000        0.0000000000000000     

 -------------------------------------------------------------------------------
 Accumulated results:   Integral =  0.1194E+11
                        Std dev  =  0.2063E+10
                       Cross sec =  0.1194E+11
             Chi**2 per DoF.     =     15.6430
 -------------------------------------------------------------------------------
-------------------------------------------------
---------------------------
 Results Last   3 iters: Integral =   0.2908E+11
                     Abs integral =   0.2908E+11
                         Std dev =   0.7917E+10
                 Chi**2 per DoF. =     10.1456
-------------------------------------------------
---------------------------

ls status:
events.lhe
ftn25
ftn26
input_sg.txt
log.txt
moffset.dat
results.dat
run1_app.log
