 Process in group number            1
 No PDF is used, alpha_s(MZ) from param_card is used
 Value of alpha_s from param_card:   0.11800000071525575     
 The default order of alpha_s running is fixed to            2
 *****************************************************
 *               MadGraph/MadEvent                   *
 *        --------------------------------           *
 *          http://madgraph.hep.uiuc.edu             *
 *          http://madgraph.phys.ucl.ac.be           *
 *          http://madgraph.roma2.infn.it            *
 *        --------------------------------           *
 *                                                   *
 *          PARAMETER AND COUPLING VALUES            *
 *                                                   *
 *****************************************************

  External Params
  ---------------------------------
  
 mdl_MB =    4.6999998092651367     
 mdl_MT =    173.00000000000000     
 mdl_Me =   5.10999991092830896E-004
 mdl_MM =   0.10565999895334244     
 mdl_MTA =    1.7769999504089355     
 mdl_MZ =    91.188003540039063     
 mdl_MH =    125.00000000000000     
 aEWM1 =    132.50700378417969     
 mdl_Gf =   1.16639000000000003E-005
 aS =   0.11800000071525575     
 mdl_ymb =    4.6999998092651367     
 mdl_ymt =    173.00000000000000     
 mdl_yme =   5.10999991092830896E-004
 mdl_ymm =   0.10565999895334244     
 mdl_ymtau =    1.7769999504089355     
 mdl_WT =    1.4915000200271606     
 mdl_WTau =   2.26999999999999982E-012
 mdl_WZ =    2.4414041042327881     
 mdl_WW =    2.0476000308990479     
 mdl_WH =   6.38233916833996773E-003
  Internal Params
  ---------------------------------
  
 mdl_conjg__CKM3x3 =    1.0000000000000000     
 mdl_CKM3x3 =    1.0000000000000000     
 mdl_conjg__CKM1x1 =    1.0000000000000000     
 mdl_complexi =  (  0.0000000000000000     ,  1.0000000000000000     )
 mdl_MZ__exp__2 =    8315.2519896181766     
 mdl_MZ__exp__4 =    69143415.650849044     
 mdl_sqrt__2 =    1.4142135623730951     
 mdl_MH__exp__2 =    15625.000000000000     
 mdl_aEW =   7.54677089845565054E-003
 mdl_MW =    80.419007276179556     
 mdl_sqrt__aEW =   8.68721526063194194E-002
 mdl_ee =   0.30795376284704501     
 mdl_MW__exp__2 =    6467.2167312862202     
 mdl_sw2 =   0.22224645274001076     
 mdl_cw =   0.88190336616887299     
 mdl_sqrt__sw2 =   0.47143022043565552     
 mdl_sw =   0.47143022043565552     
 mdl_g1 =   0.34919218438279087     
 mdl_gw =   0.65323296958447097     
 mdl_vev =    246.21845810181631     
 mdl_vev__exp__2 =    60623.529110035874     
 mdl_lam =   0.12886910601690271     
 mdl_yb =   2.69955531549349904E-002
 mdl_ye =   2.93504850670934038E-006
 mdl_ym =   6.06883028478528356E-004
 mdl_yt =   0.99366614581500645     
 mdl_ytau =   1.02066167158167895E-002
 mdl_muH =    88.388347648318444     
 mdl_I1x33 =  ( 2.69955531549349904E-002,  0.0000000000000000     )
 mdl_I2x33 =  ( 0.99366614581500645     ,  0.0000000000000000     )
 mdl_I3x33 =  ( 0.99366614581500645     ,  0.0000000000000000     )
 mdl_I4x33 =  ( 2.69955531549349904E-002,  0.0000000000000000     )
 mdl_ee__exp__2 =   9.48355200516540348E-002
 mdl_sw__exp__2 =   0.22224645274001076     
 mdl_cw__exp__2 =   0.77775354725998924     
  Internal Params evaluated point by point
  ----------------------------------------
  
 mdl_sqrt__aS =   0.34351128178744839     
 mdl_G__exp__2 =    1.4828317414825511     
  Couplings of sm-lepton_masses
  ---------------------------------
  
         GC_3 =  -0.00000E+00  -0.30795E+00
        GC_50 =  -0.00000E+00  -0.28804E+00
        GC_59 =   0.00000E+00   0.82310E-01
        GC_89 =  -0.00000E+00  -0.20754E-05

 Collider parameters:
 --------------------

 Running at e e   machine @    10.000000000000000       GeV
 PDF set = none   
 alpha_s(Mz)= 0.1180 running at 2 loops.
 alpha_s(Mz)= 0.1180 running at 2 loops.
 Renormalization scale set on event-by-event basis
 Factorization   scale set on event-by-event basis


 getting user params
Enter number of events and max and min iterations: 
 Number of events and iterations         1000           5           3
Enter desired fractional accuracy: 
 Desired fractional accuracy:   0.10000000000000001     
Enter 0 for fixed, 2 for adjustable grid: 
Suppress amplitude (0 no, 1 yes)? 
 Using suppressed amplitude.
Exact helicity sum (0 yes, n = number/event)? 
 Explicitly summing over helicities
Enter Configuration Number: 
Running Configuration Number:   11
 Using dconfig=           2
 BW Setting            2           0           0
 Attempting mappinvarients           1           5
 Completed mapping           5
 about to integrate            5        1000           5           3           5           1
 Using non-zero grid deformation.
  5 dimensions   1000 events  5 invarients  5 iterations  1 config(s),  (0.99)
 Using h-tuple random number sequence.
 Error opening grid
 Using Uniform Grid!
 Using uniform alpha   1.0000000000000000     
 Grid defined OK
 Set CM energy to         10.00
 Mapping Graph          11  to config          11
Setting grid   1    0.10445E-07   1
Setting grid   2    0.10000E-05   1
 Masses: 0.511E-03 0.511E-03 0.000E+00 0.511E-03 0.511E-03
  11   1   2   3   4   5
Using random seed offsets    11 :      1
  with seed                   45
 Ranmar initialization seeds       26587        9420
  Particle       3       4       5
      Et >     0.0     0.0     0.0
       E >     0.0     0.0     0.0
     Eta <     5.0     5.0     5.0
   xqcut:      0.0     0.0     0.0
d R # 3  >    -0.0     0.4     0.4
d R # 4  >    -0.0    -0.0     0.0
s min # 3>     0.0     0.0     0.0
s min # 4>     0.0     0.0     0.0
xqcutij # 3>     0.0     0.0     0.0
xqcutij # 4>     0.0     0.0     0.0
 Excluding BW           -1           1
 alpha_s for scale    2.2360791002652216       is   0.28377150650794336     
 Added good helicity            1  1.08297088819132668E-002  in event            1
 Added good helicity           10   6.0112208317814808       in event            1
 Added good helicity           11  0.68134466067598798       in event            1
 Added good helicity           12  1.52144470633355441E-002  in event            1
 Added good helicity           13  2.07017024979074954E-002  in event            1
 Added good helicity           14  0.89219358848490338       in event            1
 Added good helicity           15   8.3685318170186580       in event            1
 Added good helicity           18   8.3685440028718112       in event            1
 Added good helicity           19  0.89217785468217625       in event            1
 Added good helicity           20  2.07017021033743566E-002  in event            1
 Added good helicity           21  1.52144461902792242E-002  in event            1
 Added good helicity           22  0.68134366854837525       in event            1
 Added good helicity           23   6.0111506875231226       in event            1
 Added good helicity           32  1.08297101558070055E-002  in event            1
 Added good helicity            5   2.1893986808983676       in event            2
 Added good helicity           28   2.1893988826670379       in event            2
 Added good helicity            3  1.47194750877868777E-006  in event            3
 Added good helicity           30  1.47194840887812762E-006  in event            3
 Added good helicity            2  1.05013732400860318E-003  in event            4
 Added good helicity           31  1.05013727792898780E-003  in event            4
 Iteration  1   Mean: 0.2414E-23 Abs mean: 0.2414E-23   Fluctuation:  0.115E-23   0.111E-20    67.4%
  1    0.2414E-23 0.2414E-23 +- 0.1145E-23     15.01
 Writing out events  7.15891851490075539E-028   15.007342936837539     
 Relative summed weights:
  0.1000E+01  0.0000E+00
 Relative number of events:
  0.1000E+01  0.0000E+00
 Events:
        1000           0
 Iteration  2   Mean: 0.2232E-23 Abs mean: 0.2232E-23   Fluctuation:  0.196E-24   0.170E-21    82.6%
  2    0.2232E-23 0.2232E-23 +- 0.1958E-24      3.92
 Relative summed weights:
  0.1000E+01  0.0000E+00
 Relative number of events:
  0.1000E+01  0.0000E+00
 Events:
        2000           0
 Iteration  3   Mean: 0.2395E-23 Abs mean: 0.2395E-23   Fluctuation:  0.792E-25   0.136E-21    87.5%
  3    0.2395E-23 0.2395E-23 +- 0.7916E-25      2.09
 Relative summed weights:
  0.1000E+01  0.0000E+00
 Relative number of events:
  0.1000E+01  0.0000E+00
 Events:
        4000           0
 Accuracy:    0.016   0.100   0.031   0.267
 Finished due to accuracy   1.59566470057844086E-002  0.10000000000000001     

 -------------------------------------------------------------------------------
 Accumulated results:   Integral =  0.2375E-23
                        Std dev  =  0.7330E-25
                       Cross sec =  0.2375E-23
             Chi**2 per DoF.     =      0.2673
 -------------------------------------------------------------------------------
 Found          432  events.
 Wrote          112  events.
 Actual xsec   2.37484336472369692E-024
 Correct abs xsec   2.37484336472369692E-024
 Event xsec   2.37484336472369619E-024
 Events wgts > 1:            2
 % Cross section > 1:   1.63326871550129943E-026  0.68773744818800875     
-------------------------------------------------
---------------------------
 Results Last   3 iters: Integral =   0.2375E-23
                     Abs integral =   0.2375E-23
                          Std dev =   0.7330E-25
                  Chi**2 per DoF. =      0.2976
-------------------------------------------------
---------------------------
 Status  0.10000000000000001                4           5

ls status:
events.lhe
input_app.txt
log.txt
multijob.dat
results.dat
run_01_log.txt
run_01_results.dat
run1_app.log
