 Process in group number            1
 No PDF is used, alpha_s(MZ) from param_card is used
 Value of alpha_s from param_card:   0.11800000071525575     
 The default order of alpha_s running is fixed to            2
 Warning: pt or E min of a gamma should in general be >0
 *****************************************************
 *               MadGraph/MadEvent                   *
 *        --------------------------------           *
 *          http://madgraph.hep.uiuc.edu             *
 *          http://madgraph.phys.ucl.ac.be           *
 *          http://madgraph.roma2.infn.it            *
 *        --------------------------------           *
 *                                                   *
 *          PARAMETER AND COUPLING VALUES            *
 *                                                   *
 *****************************************************

  External Params
  ---------------------------------
  
 mdl_MB =    4.6999998092651367     
 mdl_MT =    173.00000000000000     
 mdl_MTA =    1.7769999504089355     
 mdl_MZ =    91.188003540039063     
 mdl_MH =    125.00000000000000     
 aEWM1 =    132.50700378417969     
 mdl_Gf =   1.16639000000000003E-005
 aS =   0.11800000071525575     
 mdl_ymb =    4.6999998092651367     
 mdl_ymt =    173.00000000000000     
 mdl_ymtau =    1.7769999504089355     
 mdl_WT =    1.4915000200271606     
 mdl_WZ =    2.4414041042327881     
 mdl_WW =    2.0476000308990479     
 mdl_WH =   6.38233916833996773E-003
  Internal Params
  ---------------------------------
  
 mdl_conjg__CKM3x3 =    1.0000000000000000     
 mdl_CKM3x3 =    1.0000000000000000     
 mdl_conjg__CKM1x1 =    1.0000000000000000     
 mdl_complexi =  (  0.0000000000000000     ,  1.0000000000000000     )
 mdl_MZ__exp__2 =    8315.2519896181766     
 mdl_MZ__exp__4 =    69143415.650849044     
 mdl_sqrt__2 =    1.4142135623730951     
 mdl_MH__exp__2 =    15625.000000000000     
 mdl_aEW =   7.54677089845565054E-003
 mdl_MW =    80.419007276179556     
 mdl_sqrt__aEW =   8.68721526063194194E-002
 mdl_ee =   0.30795376284704501     
 mdl_MW__exp__2 =    6467.2167312862202     
 mdl_sw2 =   0.22224645274001076     
 mdl_cw =   0.88190336616887299     
 mdl_sqrt__sw2 =   0.47143022043565552     
 mdl_sw =   0.47143022043565552     
 mdl_g1 =   0.34919218438279087     
 mdl_gw =   0.65323296958447097     
 mdl_vev =    246.21845810181631     
 mdl_vev__exp__2 =    60623.529110035874     
 mdl_lam =   0.12886910601690271     
 mdl_yb =   2.69955531549349904E-002
 mdl_yt =   0.99366614581500645     
 mdl_ytau =   1.02066167158167895E-002
 mdl_muH =    88.388347648318444     
 mdl_I1x33 =  ( 2.69955531549349904E-002,  0.0000000000000000     )
 mdl_I2x33 =  ( 0.99366614581500645     ,  0.0000000000000000     )
 mdl_I3x33 =  ( 0.99366614581500645     ,  0.0000000000000000     )
 mdl_I4x33 =  ( 2.69955531549349904E-002,  0.0000000000000000     )
 mdl_ee__exp__2 =   9.48355200516540348E-002
 mdl_sw__exp__2 =   0.22224645274001076     
 mdl_cw__exp__2 =   0.77775354725998924     
  Internal Params evaluated point by point
  ----------------------------------------
  
 mdl_sqrt__aS =   0.34351128178744839     
 mdl_G__exp__2 =    1.4828317414825511     
  Couplings of sm
  ---------------------------------
  
         GC_3 =  -0.00000E+00  -0.30795E+00
        GC_50 =  -0.00000E+00  -0.28804E+00
        GC_59 =   0.00000E+00   0.82310E-01

 Collider parameters:
 --------------------

 Running at e e   machine @    10.000000000000000       GeV
 PDF set = none   
 alpha_s(Mz)= 0.1180 running at 2 loops.
 alpha_s(Mz)= 0.1180 running at 2 loops.
 Renormalization scale set on event-by-event basis
 Factorization   scale set on event-by-event basis


 getting user params
Enter number of events and max and min iterations: 
 Number of events and iterations         1000           9           3
Enter desired fractional accuracy: 
 Desired fractional accuracy:  -1.10059999999999990E-009
Enter 0 for fixed, 2 for adjustable grid: 
Suppress amplitude (0 no, 1 yes)? 
 Using suppressed amplitude.
Exact helicity sum (0 yes, n = number/event)? 
 Explicitly summing over helicities
Enter Configuration Number: 
Running Configuration Number:    5
 Not subdividing B.W.
 Attempting mappinvarients           1           5
 Completed mapping           5
 about to integrate            5        1000           9           3           5           1
 Keeping grid fixed.
  5 dimensions   1000 events  5 invarients  9 iterations  1 config(s),  (0.99)
 Using h-tuple random number sequence.
 Grid read from file
 Grid defined OK
 Set CM energy to         10.00
 Mapping Graph           5  to config           5
 Warning: No cutoff for shat integral found
          Minimum set to   1.00000000000000002E-002
 No modification is setgrid, grid read from file
 Warning: No cutoff for shat integral found
          Minimum set to   1.00000000000000002E-002
 No modification is setgrid, grid read from file
 Masses: 0.000E+00 0.000E+00 0.000E+00 0.000E+00 0.000E+00
   5   1   2   3   4   5
 Got moffset          13
Using random seed offsets     5 :      1
  with seed                   48
 Ranmar initialization seeds       30238       20383
  Particle       3       4       5
      Et >     0.0    -1.0    -1.0
       E >     0.0     0.0     0.0
     Eta <    -1.0    -1.0    -1.0
   xqcut:      0.0     0.0     0.0
d R # 3  >    -0.0     0.4     0.4
d R # 4  >    -0.0    -0.0     0.0
s min # 3>     0.0     0.0     0.0
s min # 4>     0.0     0.0     0.0
xqcutij # 3>     0.0     0.0     0.0
xqcutij # 4>     0.0     0.0     0.0
 alpha_s for scale    2.2360679781961061       is   0.28377211162629729     
 Added good helicity            1   6.0862285548958992       in event            1
 Added good helicity            5   1.9137714664130392       in event            1
 Added good helicity           10   6.0862285222704191       in event            1
 Added good helicity           14   1.9137714563978023       in event            1
 Added good helicity           19   1.9137714564087311       in event            1
 Added good helicity           23   6.0862285223051682       in event            1
 Added good helicity           28   1.9137714664130394       in event            1
 Added good helicity           32   6.0862285548958992       in event            1
 Added good helicity           11   3.4656859354304337       in event           10
 Added good helicity           15   1.2847422701551245       in event           10
 Added good helicity           18   1.2847422662535619       in event           10
 Added good helicity           22   3.4656859459551836       in event           10
 Iteration  1   Mean: 0.9332E+13 Abs mean: 0.9332E+13   Fluctuation:  0.274E+13   0.228E+16    99.0%
  1    0.9332E+13 0.9332E+13 +- 0.2741E+13      9.29
 Writing out events   1047261355.0165075        9.2880690794776175     
 Relative summed weights:
  0.1000E+01  0.0000E+00
 Relative number of events:
  0.1000E+01  0.0000E+00
 Events:
        1000           0
 Iteration  2   Mean: 0.4162E+14 Abs mean: 0.4162E+14   Fluctuation:  0.217E+14   0.414E+17    98.8%
  2    0.4162E+14 0.4162E+14 +- 0.2173E+14     23.35
 Relative summed weights:
  0.1000E+01  0.0000E+00
 Relative number of events:
  0.1000E+01  0.0000E+00
 Events:
        2000           0
 Iteration  3   Mean: 0.5281E+14 Abs mean: 0.5281E+14   Fluctuation:  0.222E+14   0.555E+17    98.8%
  3    0.5281E+14 0.5281E+14 +- 0.2216E+14     26.54
 Relative summed weights:
  0.1000E+01  0.0000E+00
 Relative number of events:
  0.1000E+01  0.0000E+00
 Events:
        4000           0
 Found           64  events.
 Wrote            4  events.
 Actual xsec    26779146192543.980     
 Correct abs xsec    26779146192543.980     
 Event xsec    26779146192543.980     
 Events wgts > 1:            1
 % Cross section > 1:    2439236.4140625000       9.10871614996316684E-006
 Checking number of events   29473.128299513901                4  chi2:    21.181788584237651     
 Found           64  events.
 Wrote            4  events.
 Actual xsec    26779146192543.980     
 Correct abs xsec    26779146192543.980     
 Event xsec    26779146192543.980     
 Events wgts > 1:            1
 % Cross section > 1:    2439236.4140625000       9.10871614996316684E-006
 Iteration  4   Mean: 0.6974E+14 Abs mean: 0.6974E+14   Fluctuation:  0.395E+14   0.310E+18    98.9%
  4    0.6974E+14 0.6974E+14 +- 0.3948E+14     50.63
 Relative summed weights:
  0.1000E+01  0.0000E+00
 Relative number of events:
  0.1000E+01  0.0000E+00
 Events:
        8000           0
 Found          118  events.
 Wrote            1  events.
 Actual xsec    53757420073382.703     
 Correct abs xsec    53757420073382.703     
 Event xsec    53757420073382.703     
 Events wgts > 1:            0
 % Cross section > 1:    0.0000000000000000        0.0000000000000000     
 Checking number of events   59165.416532764997                1  chi2:   0.23893977507540701     
 Found          118  events.
 Wrote            1  events.
 Actual xsec    53757420073382.703     
 Correct abs xsec    53757420073382.703     
 Event xsec    53757420073382.703     
 Events wgts > 1:            0
 % Cross section > 1:    0.0000000000000000        0.0000000000000000     
 Iteration  5   Mean: 0.9327E+14 Abs mean: 0.9327E+14   Fluctuation:  0.434E+14   0.516E+18    99.0%
  5    0.9327E+14 0.9327E+14 +- 0.4345E+14     58.92
 Relative summed weights:
  0.1000E+01  0.0000E+00
 Relative number of events:
  0.1000E+01  0.0000E+00
 Events:
       16000           0
 Found          202  events.
 Wrote            4  events.
 Actual xsec    70660924381608.219     
 Correct abs xsec    70660924381608.219     
 Event xsec    70660924381608.219     
 Events wgts > 1:            1
 % Cross section > 1:    350303.90625000000       4.95753359180760839E-007
 Checking number of events   77769.413374398006                4  chi2:   0.45989274467622215     
 Found          202  events.
 Wrote            3  events.
 Actual xsec    70660924381608.219     
 Correct abs xsec    70660924381608.219     
 Event xsec    70660924381608.219     
 Events wgts > 1:            1
 % Cross section > 1:    467071.87890625000       6.61004484435842566E-007
 Error in matrix element
 Iteration  6   Mean: 0.8997E+15 Abs mean: 0.8997E+15   Fluctuation:  0.767E+15   0.244E+20    99.0%
  6    0.8997E+15 0.8997E+15 +- 0.7667E+15    152.46
 Relative summed weights:
  0.1000E+01  0.0000E+00
 Relative number of events:
  0.1000E+01  0.0000E+00
 Events:
       32000           0
 Found          321  events.
 Wrote            1  events.
 Actual xsec    207123758959628.34     
 Correct abs xsec    207123758959628.34     
 Event xsec    207123758959628.34     
 Events wgts > 1:            0
 % Cross section > 1:    0.0000000000000000        0.0000000000000000     
 Checking number of events   227960.40911096692                1  chi2:    9.8958849607328094     
 Found          321  events.
 Wrote            1  events.
 Actual xsec    207123758959628.34     
 Correct abs xsec    207123758959628.34     
 Event xsec    207123758959628.34     
 Events wgts > 1:            0
 % Cross section > 1:    0.0000000000000000        0.0000000000000000     
 Error in matrix element
 Iteration  7   Mean: 0.8634E+14 Abs mean: 0.8634E+14   Fluctuation:  0.229E+14   0.101E+19    99.0%
  7    0.8634E+14 0.8634E+14 +- 0.2294E+14     67.22
 Relative summed weights:
  0.1000E+01  0.0000E+00
 Relative number of events:
  0.1000E+01  0.0000E+00
 Events:
       64000           0
 Found          141  events.
 Wrote            3  events.
 Actual xsec    143494776155166.22     
 Correct abs xsec    143494776155166.22     
 Event xsec    143494776155166.25     
 Events wgts > 1:            1
 % Cross section > 1:    8422047.3984375000       5.86923623570130930E-006
 Checking number of events   157930.35063637592                3  chi2:    4.2578771570734890     
 Found          141  events.
 Wrote            7  events.
 Actual xsec    143494776155166.22     
 Correct abs xsec    143494776155166.22     
 Event xsec    143494776155166.22     
 Events wgts > 1:            1
 % Cross section > 1:    3609449.0078125000       2.51538704371333281E-006
 Iteration  8   Mean: 0.2404E+16 Abs mean: 0.2404E+16   Fluctuation:  0.202E+16   0.256E+21    98.9%
  8    0.2404E+16 0.2404E+16 +- 0.2023E+16    300.98
 Relative summed weights:
  0.1000E+01  0.0000E+00
 Relative number of events:
  0.1000E+01  0.0000E+00
 Events:
      128000           0
 Found         1308  events.
 Wrote            1  events.
 Actual xsec    345563258694638.63     
 Correct abs xsec    345563258694638.63     
 Event xsec    345563258694638.69     
 Events wgts > 1:            1
 % Cross section > 1:    27137215.375000000       7.85303839230782910E-006
 Checking number of events   380326.92251931923                1  chi2:    64.618270559221671     
 Found         1308  events.
 Wrote            1  events.
 Actual xsec    345563258694638.63     
 Correct abs xsec    345563258694638.63     
 Event xsec    345563258694638.69     
 Events wgts > 1:            1
 % Cross section > 1:    27137215.375000000       7.85303839230782910E-006
 Error in matrix element
 Error in matrix element
 Iteration  9   Mean: 0.2703E+16 Abs mean: 0.2703E+16   Fluctuation:  0.244E+16   0.624E+21    98.9%
  9    0.2703E+16 0.2703E+16 +- 0.2442E+16    457.11
 Relative summed weights:
  0.1000E+01  0.0000E+00
 Relative number of events:
  0.1000E+01  0.0000E+00
 Events:
      256000           0
 Found          313  events.
 Wrote            1  events.
 Actual xsec    472077671502669.44     
 Correct abs xsec    472077671502669.44     
 Event xsec    472077671502669.44     
 Events wgts > 1:            0
 % Cross section > 1:    0.0000000000000000        0.0000000000000000     
 Checking number of events   519568.68525583792                1  chi2:    142.23265057700934     
 Found          313  events.
 Wrote            1  events.
 Actual xsec    472077671502669.44     
 Correct abs xsec    472077671502669.44     
 Event xsec    472077671502669.44     
 Events wgts > 1:            0
 % Cross section > 1:    0.0000000000000000        0.0000000000000000     

 -------------------------------------------------------------------------------
 Accumulated results:   Integral =  0.2216E+15
                        Std dev  =  0.3237E+14
                       Cross sec =  0.2216E+15
             Chi**2 per DoF.     =     41.0491
 -------------------------------------------------------------------------------
-------------------------------------------------
---------------------------
 Results Last   3 iters: Integral =   0.4721E+15
                     Abs integral =   0.4721E+15
                          Std dev =   0.1152E+15
                  Chi**2 per DoF. =    142.2327
-------------------------------------------------
---------------------------
 Status -1.10059999999999990E-009          10           9
 Trying w/ fresh grid
 Starting w/ ncall =         4000
 Keeping grid fixed.
  5 dimensions   4000 events  5 invarients  8 iterations  1 config(s),  (0.99)
 Using h-tuple random number sequence.
 Error opening grid
 Using Uniform Grid!
 Using uniform alpha   1.0000000000000000     
 Grid defined OK
 Warning: No cutoff for shat integral found
          Minimum set to   1.00000000000000002E-002
Setting grid   1    0.10000E-01   1
 Warning: No cutoff for shat integral found
          Minimum set to   1.00000000000000002E-002
Setting grid   2    0.10000E-01   1
 Iteration  1   Mean: 0.2912E+05 Abs mean: 0.2912E+05   Fluctuation:  0.890E+04   0.251E+08    98.4%
  1    0.2912E+05 0.2912E+05 +- 0.8895E+04     19.32
 Relative summed weights:
  0.1000E+01  0.0000E+00
 Relative number of events:
  0.1000E+01  0.0000E+00
 Events:
        4000           0
 Iteration  2   Mean: 0.8194E+05 Abs mean: 0.8194E+05   Fluctuation:  0.278E+05   0.184E+09    98.7%
  2    0.8194E+05 0.8194E+05 +- 0.2785E+05     30.40
 Relative summed weights:
  0.1000E+01  0.0000E+00
 Relative number of events:
  0.1000E+01  0.0000E+00
 Events:
        8000           0
 Iteration  3   Mean: 0.1056E+07 Abs mean: 0.1056E+07   Fluctuation:  0.796E+06   0.127E+11    98.6%
  3    0.1056E+07 0.1056E+07 +- 0.7956E+06     95.34
 Relative summed weights:
  0.1000E+01  0.0000E+00
 Relative number of events:
  0.1000E+01  0.0000E+00
 Events:
       16000           0
 Found          585  events.
 Wrote            2  events.
 Actual xsec    136256.95712983405     
 Correct abs xsec    136256.95712983405     
 Event xsec    136256.95712983405     
 Events wgts > 1:            0
 % Cross section > 1:    0.0000000000000000        0.0000000000000000     
 Checking number of events  1.49964407017095337E-004           2  chi2:    75.107053334725578     
 Found          585  events.
 Wrote            1  events.
 Actual xsec    136256.95712983405     
 Correct abs xsec    136256.95712983405     
 Event xsec    136256.95712983405     
 Events wgts > 1:            0
 % Cross section > 1:    0.0000000000000000        0.0000000000000000     
 Iteration  4   Mean: 0.5367E+07 Abs mean: 0.5367E+07   Fluctuation:  0.225E+07   0.599E+11    98.8%
  4    0.5367E+07 0.5367E+07 +- 0.2249E+07     74.96
 Relative summed weights:
  0.1000E+01  0.0000E+00
 Relative number of events:
  0.1000E+01  0.0000E+00
 Events:
       32000           0
 Found          753  events.
 Wrote            3  events.
 Actual xsec    2056136.6210632154     
 Correct abs xsec    2056136.6210632154     
 Event xsec    2056136.6210632152     
 Events wgts > 1:            1
 % Cross section > 1:   1.01378791732713580E-002  4.93054744972594505E-007
 Checking number of events  2.26298396514217461E-003           3  chi2:    2514.8038416462086     
 Found          753  events.
 Wrote            5  events.
 Actual xsec    2056136.6210632154     
 Correct abs xsec    2056136.6210632154     
 Event xsec    2056136.6210632152     
 Events wgts > 1:            1
 % Cross section > 1:   6.08272751560434699E-003  2.95832847549741456E-007
 Iteration  5   Mean: 0.7169E+08 Abs mean: 0.7169E+08   Fluctuation:  0.265E+08   0.144E+13    98.4%
  5    0.7169E+08 0.7169E+08 +- 0.2653E+08     93.62
 Relative summed weights:
  0.1000E+01  0.0000E+00
 Relative number of events:
  0.1000E+01  0.0000E+00
 Events:
       64000           0
 Found         2192  events.
 Wrote            3  events.
 Actual xsec    37670006.123510391     
 Correct abs xsec    37670006.123510391     
 Event xsec    37670006.123510391     
 Events wgts > 1:            1
 % Cross section > 1:    1.8334326706826687       4.86708885756829482E-006
 Checking number of events  4.14596087395355320E-002           3  chi2:    1162.9672915790993     
 Found         2192  events.
 Wrote            3  events.
 Actual xsec    37670006.123510391     
 Correct abs xsec    37670006.123510391     
 Event xsec    37670006.123510391     
 Events wgts > 1:            1
 % Cross section > 1:    1.8334326706826687       4.86708885756829482E-006
 Fixing grid
 Iteration  6   Mean: 0.1434E+10 Abs mean: 0.1434E+10   Fluctuation:  0.543E+09   0.573E+14    98.4%
  6    0.1434E+10 0.1434E+10 +- 0.5426E+09    135.36
 Relative summed weights:
  0.1000E+01  0.0000E+00
 Relative number of events:
  0.1000E+01  0.0000E+00
 Events:
      128000           0
 Found         4371  events.
 Wrote            4  events.
 Actual xsec    529091001.74228394     
 Correct abs xsec    529091001.74228394     
 Event xsec    529091001.74228394     
 Events wgts > 1:            0
 % Cross section > 1:    0.0000000000000000        0.0000000000000000     
 Checking number of events  0.58231755651755768                4  chi2:    27261.988377662568     
 Found         4371  events.
 Wrote            6  events.
 Actual xsec    529091001.74228394     
 Correct abs xsec    529091001.74228394     
 Event xsec    529091001.74228388     
 Events wgts > 1:            0
 % Cross section > 1:    0.0000000000000000        0.0000000000000000     
 Iteration  7   Mean: 0.2018E+10 Abs mean: 0.2018E+10   Fluctuation:  0.118E+10   0.296E+15    98.4%
  7    0.2018E+10 0.2018E+10 +- 0.1175E+10    294.70
 Relative summed weights:
  0.1000E+01  0.0000E+00
 Relative number of events:
  0.1000E+01  0.0000E+00
 Events:
      256000           0
 Found         1491  events.
 Wrote            2  events.
 Actual xsec    956717959.12225306     
 Correct abs xsec    956717959.12225306     
 Event xsec    956717959.12225306     
 Events wgts > 1:            0
 % Cross section > 1:    0.0000000000000000        0.0000000000000000     
 Checking number of events   1.0529637858099516                2  chi2:    557.26740482257094     
 Found         1491  events.
 Wrote            3  events.
 Actual xsec    956717959.12225306     
 Correct abs xsec    956717959.12225306     
 Event xsec    956717959.12225306     
 Events wgts > 1:            0
 % Cross section > 1:    0.0000000000000000        0.0000000000000000     
 Iteration  8   Mean: 0.1534E+10 Abs mean: 0.1534E+10   Fluctuation:  0.385E+09   0.119E+15    98.4%
  8    0.1534E+10 0.1534E+10 +- 0.3852E+09    179.74
 Relative summed weights:
  0.1000E+01  0.0000E+00
 Relative number of events:
  0.1000E+01  0.0000E+00
 Events:
      512000           0
 Found         2382  events.
 Wrote            6  events.
 Actual xsec    165419649151523.16     
 Correct abs xsec    165419649151523.16     
 Event xsec    165419649151523.13     
 Events wgts > 1:            2
 % Cross section > 1:    1269409804461.4609       0.76738755702394901     
 Checking number of events   1.7191055637546069                6  chi2:   0.10564725978606845     

 -------------------------------------------------------------------------------
 Accumulated results:   Integral =  0.6815E+09
                        Std dev  =  0.8804E+08
                       Cross sec =  0.1103E+02
             Chi**2 per DoF.     =
-------------------------------------------------
---------------------------
 Results Last   3 iters: Integral =   0.1654E+15
                     Abs integral =   0.1654E+15
                         Std dev =   0.3697E+14
                 Chi**2 per DoF. =************
-------------------------------------------------
---------------------------

ls status:
events.lhe
ftn25
ftn26
input_sg.txt
log.txt
moffset.dat
results.dat
run1_app.log
