1                                                                              
 ******************************************************************************
 ******************************************************************************
 **                                                                          **
 **                                                                          **
 **              *......*                  Welcome to the Lund Monte Carlo!  **
 **         *:::!!:::::::::::*                                               **
 **      *::::::!!::::::::::::::*          PPP  Y   Y TTTTT H   H III   A    **
 **    *::::::::!!::::::::::::::::*        P  P  Y Y    T   H   H  I   A A   **
 **   *:::::::::!!:::::::::::::::::*       PPP    Y     T   HHHHH  I  AAAAA  **
 **   *:::::::::!!:::::::::::::::::*       P      Y     T   H   H  I  A   A  **
 **    *::::::::!!::::::::::::::::*!       P      Y     T   H   H III A   A  **
 **      *::::::!!::::::::::::::* !!                                         **
 **      !! *:::!!:::::::::::*    !!       This is PYTHIA version 6.426      **
 **      !!     !* -><- *         !!       Last date of change: 16 Nov 2011  **
 **      !!     !!                !!                                         **
 **      !!     !!                !!       Now is  0 Jan 2000 at  0:00:00    **
 **      !!                       !!                                         **
 **      !!        lh             !!       Disclaimer: this program comes    **
 **      !!                       !!       without any guarantees. Beware    **
 **      !!                 hh    !!       of errors and use common sense    **
 **      !!    ll                 !!       when interpreting results.        **
 **      !!                       !!                                         **
 **      !!                                Copyright T. Sjostrand (2011)     **
 **                                                                          **
 ** An archive of program versions and documentation is found on the web:    **
 ** http://www.thep.lu.se/~torbjorn/Pythia.html                              **
 **                                                                          **
 ** When you cite this program, the official reference is to the 6.4 manual: **
 ** T. Sjostrand, S. Mrenna and P. Skands, JHEP05 (2006) 026                 **
 ** (LU TP 06-13, FERMILAB-PUB-06-052-CD-T) [hep-ph/0603175].                **
 **                                                                          **
 ** Also remember that the program, to a large extent, represents original   **
 ** physics research. Other publications of special relevance to your        **
 ** studies may therefore deserve separate mention.                          **
 **                                                                          **
 ** Main author: Torbjorn Sjostrand; Department of Theoretical Physics,      **
 **   Lund University, Solvegatan 14A, S-223 62 Lund, Sweden;                **
 **   phone: + 46 - 46 - 222 48 16; e-mail: torbjorn@thep.lu.se              **
 ** Author: Stephen Mrenna; Computing Division, GDS Group,                   **
 **   Fermi National Accelerator Laboratory, MS 234, Batavia, IL 60510, USA; **
 **   phone: + 1 - 630 - 840 - 2556; e-mail: mrenna@fnal.gov                 **
 ** Author: Peter Skands; CERN/PH-TH, CH-1211 Geneva, Switzerland            **
 **   phone: + 41 - 22 - 767 24 47; e-mail: peter.skands@cern.ch             **
 **                                                                          **
 **                                                                          **
 ******************************************************************************
 ******************************************************************************
     MSTU(11)       changed from              6 to              6
     MDCY(C15,1)    changed from              1 to              0
     MSEL           changed from              1 to              0

 Reading pythia input card
     mstp(61)       changed from              2 to              1
     mstp(71)       changed from              1 to              1
     mstj(1)        changed from              1 to              1
     mstp(81)       changed from              1 to             20
     mstu(21)       changed from              2 to              1
 Set LHAPATH to /home/local1/project/Dark-Photons/madgraph/madgraph_binaries/pythia-pgs/src/PDFsets                                                 
 Set LHAPATH to /home/local1/project/Dark-Photons/madgraph/madgraph_binaries/pythia-pgs/src/PDFsets                                                 
 Opened file unweighted_events.lhe                                                           
 Running as inclusive sample (highest mult.)

 Initiating pythia with external process
1****************** PYINIT: initialization of PYTHIA routines *****************
 Reading parameter sminputs           1   132.50700000000001     
 Reading parameter sminputs           2  1.16639000000000003E-005
 Reading parameter sminputs           3  0.11799999999999999     
 Reading model: sm      
     IMSS(21)       changed from              0 to             24
 Initializing PYR with random seed           39
 Found parameter  ickkw            0
     MSTP(98)       changed from              0 to              1
 ****************** PYSLHA v1.14: SUSY/BSM SPECTRUM INTERFACE *****************
 * (PYSLHA:) Last Change 10 Jun 2010 - P.Z. Skands
 * (PYSLHA:) Ignoring MASS  entry for KF =        5 (SLHA read-in not allowed)
 * (PYSLHA:) Reading  MASS  entry for KF =        6, pole mass =     173.000
 * (PYSLHA:) Ignoring MASS  entry for KF =       15 (SLHA read-in not allowed)
 * (PYSLHA:) Reading  MASS  entry for KF =       23, pole mass =      91.188
 * (PYSLHA:) Reading  MASS  entry for KF =       25, pole mass =     125.000
 * (PYSLHA:) Ignoring MASS  entry for KF =        1 (SLHA read-in not allowed)
 * (PYSLHA:) Ignoring MASS  entry for KF =        2 (SLHA read-in not allowed)
 * (PYSLHA:) Ignoring MASS  entry for KF =        3 (SLHA read-in not allowed)
 * (PYSLHA:) Ignoring MASS  entry for KF =        4 (SLHA read-in not allowed)
 * (PYSLHA:) Ignoring MASS  entry for KF =       11 (SLHA read-in not allowed)
 * (PYSLHA:) Ignoring MASS  entry for KF =       12 (SLHA read-in not allowed)
 * (PYSLHA:) Ignoring MASS  entry for KF =       13 (SLHA read-in not allowed)
 * (PYSLHA:) Ignoring MASS  entry for KF =       14 (SLHA read-in not allowed)
 * (PYSLHA:) Ignoring MASS  entry for KF =       16 (SLHA read-in not allowed)
 * (PYSLHA:) Ignoring MASS  entry for KF =       21 (SLHA read-in not allowed)
 * (PYSLHA:) Ignoring MASS  entry for KF =       22 (SLHA read-in not allowed)
 * (PYSLHA:) Reading  MASS  entry for KF =       24, pole mass =      80.419

 ==============================================================================
 I                                                                            I
 I         PYTHIA will be initialized for e+ on e- user configuration         I
 I            with      5.000 GeV on      5.000 GeV beam energies             I
 I                                                                            I
 I           corresponding to     10.000 GeV center-of-mass energy            I
 I                                                                            I
 ==============================================================================

 ******** PYMAXI: summary of differential cross-section maximum search ********

           ==========================================================
           I                                      I                 I
           I  ISUB  Subprocess name               I  Maximum value  I
           I                                      I                 I
           ==========================================================
           I                                      I                 I
           I    4   User process 1                I    6.4252D+03   I
           I                                      I                 I


          ********************************************************
                  STDHEP version 5.04.01 -  Aug. 29, 2005          
          ********************************************************


 STDXWOPEN WARNING: I/O is initialized for stdhep only
           ==========================================================

 ********************** PYINIT: initialization completed **********************
 Initialisation done

 Generating all events
 stdhep initialized



 ***************************************************************************
 *                         *****TAUOLA LIBRARY: VERSION 2.5 ******         *
 *                         ***********JUNE     1994***************         *
 *                         **AUTHORS: S.JADACH, Z.WAS*************         *
 *                         **R. DECKER, M. JEZABEK, J.H.KUEHN*****         *
 *                         **AVAILABLE FROM: WASM AT CERNVM ******         *
 *                         ***** PUBLISHED IN COMP. PHYS. COMM.***         *
 *                         *******CERN-TH-5856 SEPTEMBER 1990*****         *
 *                         *******CERN-TH-6195 SEPTEMBER 1991*****         *
 *                         *******CERN-TH-6793 NOVEMBER  1992*****         *
 *                         **5 or more pi dec.: precision limited          *
 *                         ******DEXAY ROUTINE: INITIALIZATION****         *
 *                   0     JAK1   = DECAY MODE FERMION1 (TAU+)             *
 *                   0     JAK2   = DECAY MODE FERMION2 (TAU-)             *
 ***************************************************************************


 ***************************************************************************

 _______________________________________________________________________________
 TAUOLA VERSION 2.1 PARAMETER SET           0
 _______________________________________________________________________________
 Printing end run statistics.
 GENP bank used for input.
 Mult. taus in event have same chirality.
 Taus polarized in W/Z rest frame.
 Helicity:    1.0000000    
 Lifetime:    295.60001     fs
 _______________________________________________________________________________
 STANDARD MODEL PARAMETERS
 Gfermi =               1.16639203E-05
 Gv =                    1.0000000    
 Ga =                   -1.0000000    
 Cos(Cabibbo_angle) =   0.97500002    
 Sin(Cabibbo_angle) =   0.22220472    
 Gamma_e =              4.04914356E-13
 1/alpha =               137.03598956100001     
 1/(alpha*pi) =         2.32281962719069982E-003
 xk0 =                  0.10000000149011612     
 _______________________________________________________________________________
 KAON/A1 DECAY PARAMETERS
 bra1  =  0.50000000    
 brk0  =  0.50000000    
 brk0b =  0.50000000    
 brks  =  0.66670001    
 _______________________________________________________________________________
 MASSES
 e     =  5.10998943E-04      nu_e  =   0.0000000    
 mu    =  0.10565837          nu_mu =   0.0000000    
 tau   =   1.7769901          nu_tau=  9.99999978E-03
 pi    =  0.13957018    
 pi0   =  0.13497660    
 rho   =  0.77579999          rho wid.=  0.15030000    
 A1    =   1.2300000          A1 wid. =  0.59899998    
 K     =  0.49367699    
 K0    =  0.49764800    
 K*    =  0.89165998          K* wid. =  5.07999994E-02
 _______________________________________________________________________________
 TAU BRANCHING RATIOS
 nchan =           22
 Tau --> e nu nu            1.0000000    
 Tau --> mu nu nu          0.97979999    
 Tau --> pi nu             0.64955997    
 Tau --> Rho (--> 2pi) nu   1.3990200    
 Tau --> A1 (--> 3pi) nu    1.0005500    
 Tau --> K nu              3.71199995E-02
 Tau --> K* nu             8.02399963E-02
 Tau --> 3pi pi0 nu        0.31222999    
 Tau --> pi 3pi0 nu         0.0000000    
 Tau --> 3pi 2pi0 nu        0.0000000    
 Tau --> 5pi nu             0.0000000    
 Tau --> 5pi pi0 nu         0.0000000    
 Tau --> 3pi 3pi0 nu        0.0000000    
 Tau --> 2K pi nu           0.0000000    
 Tau --> pi K0 K0bar nu     0.0000000    
 Tau --> K K0 pi0 nu        0.0000000    
 Tau --> K 2pi0 nu          0.0000000    
 Tau --> K 2pi nu           0.0000000    
 Tau --> pi K0bar pi0 nu    0.0000000    
 Tau --> eta pi pi0 nu      0.0000000    
 Tau --> pi pi0 gam nu      0.0000000    
 Tau --> K K0 nu            0.0000000    
 _______________________________________________________________________________
 Starting event loop

 Event number:            1

          Event listing of user process at input (simplified)

   I IST     ID Mothers   Colours    p_x      p_y      p_z       E        m
   1 -1     -11   0   0    0    0    0.000    0.000    5.000    5.000    0.000
   2 -1      11   0   0    0    0   -0.000   -0.000   -5.000    5.000    0.000
   3  1      22   1   2    0    0   -0.000    0.000    0.298    0.298    0.000
   4  1     -11   1   2    0    0   -0.002    0.001    4.702    4.702    0.001
   5  1      11   1   2    0    0    0.002   -0.001   -5.000    5.000    0.001



                            Event listing (standard)

    I  particle/jet  K(I,1)   K(I,2) K(I,3)     K(I,4)      K(I,5)       P(I,1)       P(I,2)       P(I,3)       P(I,4)       P(I,5)

    1  !e+!              21       -11    0           0           0      0.00000      0.00000      5.00000      5.00000      0.00051
    2  !e-!              21        11    0           0           0      0.00000      0.00000     -5.00000      5.00000      0.00051
 ==================================================================================================================================
    3  !e+!              21       -11    1           0           0      0.00000      0.00000      5.00000      5.00000      0.00000
    4  !e-!              21        11    2           0           0     -0.00000      0.00000     -5.00000      5.00000      0.00000
    5  !e+!              21       -11    3           0           0      0.00000      0.00000      5.00000      5.00000      0.00000
    6  !e-!              21        11    4           0           0      0.00000      0.00000     -5.00000      5.00000      0.00000
    7  !gamma!           21        22    0           0           0     -0.00003      0.00007      0.29834      0.29834      0.00000
    8  !e+!              21       -11    0           0           0     -0.00155      0.00096      4.70166      4.70166      0.00051
    9  !e-!              21        11    0           0           0      0.00158     -0.00102     -5.00000      5.00000      0.00051
 ==================================================================================================================================
   10  gamma              1        22    7           0           0     -0.00003      0.00007      0.29834      0.29834      0.00000
   11  e+                 1       -11    8           0           0     -0.00155      0.00096      4.70166      4.70166      0.00051
   12  e-                 1        11    9           0           0      0.00158     -0.00102     -5.00000      5.00000      0.00051
   13  gamma              1        22    1           0           0     -0.00000     -0.00000      0.00000      0.00000      0.00000
   14  gamma              1        22    2           0           0      0.00000     -0.00000     -0.00000      0.00000      0.00000
 ==================================================================================================================================
                   sum charge:  0.00   sum momentum and inv. mass:     -0.00000     -0.00000     -0.00000     10.00000     10.00000
 SCALUP:    2.2360679999999999     
 PS SCALE:    2.2360679999999999     

 Event number:            2

          Event listing of user process at input (simplified)

   I IST     ID Mothers   Colours    p_x      p_y      p_z       E        m
   1 -1     -11   0   0    0    0    0.000    0.000    5.000    5.000    0.000
   2 -1      11   0   0    0    0   -0.000   -0.000   -5.000    5.000    0.000
   3  1      22   1   2    0    0   -0.000   -0.000    2.352    2.352    0.000
   4  1     -11   1   2    0    0    0.001   -0.001    2.648    2.648    0.001
   5  1      11   1   2    0    0   -0.001    0.001   -5.000    5.000    0.001



                            Event listing (standard)

    I  particle/jet  K(I,1)   K(I,2) K(I,3)     K(I,4)      K(I,5)       P(I,1)       P(I,2)       P(I,3)       P(I,4)       P(I,5)

    1  !e+!              21       -11    0           0           0      0.00000      0.00000      5.00000      5.00000      0.00051
    2  !e-!              21        11    0           0           0      0.00000      0.00000     -5.00000      5.00000      0.00051
 ==================================================================================================================================
    3  !e+!              21       -11    1           0           0     -0.00000     -0.00000      5.00000      5.00000      0.00000
    4  !e-!              21        11    2           0           0     -0.00000     -0.00000     -5.00000      5.00000      0.00000
    5  !e+!              21       -11    3           0           0      0.00000      0.00000      5.00000      5.00000      0.00000
    6  !e-!              21        11    4           0           0      0.00000      0.00000     -5.00000      5.00000      0.00000
    7  !gamma!           21        22    0           0           0     -0.00035     -0.00044      2.35229      2.35229      0.00000
    8  !e+!              21       -11    0           0           0      0.00097     -0.00090      2.64771      2.64771      0.00051
    9  !e-!              21        11    0           0           0     -0.00063      0.00134     -5.00000      5.00000      0.00051
 ==================================================================================================================================
   10  gamma              1        22    7           0           0     -0.00035     -0.00044      2.35229      2.35229      0.00000
   11  e+                 1       -11    8           0           0      0.00097     -0.00090      2.64771      2.64771      0.00051
   12  e-                 1        11    9           0           0     -0.00063      0.00134     -5.00000      5.00000      0.00051
   13  gamma              1        22    1           0           0      0.00000      0.00000      0.00000      0.00000      0.00000
   14  gamma              1        22    2           0           0      0.00000      0.00000     -0.00000      0.00000      0.00000
 ==================================================================================================================================
                   sum charge:  0.00   sum momentum and inv. mass:     -0.00000     -0.00000     -0.00000     10.00000     10.00000
 SCALUP:    2.2360679999999999     
 PS SCALE:    2.2360679999999999     

 Event number:            3

          Event listing of user process at input (simplified)

   I IST     ID Mothers   Colours    p_x      p_y      p_z       E        m
   1 -1     -11   0   0    0    0    0.000    0.000    5.000    5.000    0.000
   2 -1      11   0   0    0    0   -0.000   -0.000   -5.000    5.000    0.000
   3  1      22   1   2    0    0   -0.000    0.000    0.179    0.179    0.000
   4  1     -11   1   2    0    0   -0.000   -0.001    4.821    4.821    0.001
   5  1      11   1   2    0    0    0.000    0.001   -5.000    5.000    0.001



                            Event listing (standard)

    I  particle/jet  K(I,1)   K(I,2) K(I,3)     K(I,4)      K(I,5)       P(I,1)       P(I,2)       P(I,3)       P(I,4)       P(I,5)

    1  !e+!              21       -11    0           0           0      0.00000      0.00000      5.00000      5.00000      0.00051
    2  !e-!              21        11    0           0           0      0.00000      0.00000     -5.00000      5.00000      0.00051
 ==================================================================================================================================
    3  !e+!              21       -11    1           0           0     -0.00000     -0.00000      5.00000      5.00000      0.00000
    4  !e-!              21        11    2           0           0     -0.00000      0.00000     -5.00000      5.00000      0.00000
    5  !e+!              21       -11    3           0           0      0.00000      0.00000      5.00000      5.00000      0.00000
    6  !e-!              21        11    4           0           0      0.00000      0.00000     -5.00000      5.00000      0.00000
    7  !gamma!           21        22    0           0           0     -0.00000      0.00002      0.17946      0.17946      0.00000
    8  !e+!              21       -11    0           0           0     -0.00037     -0.00145      4.82054      4.82054      0.00051
    9  !e-!              21        11    0           0           0      0.00038      0.00142     -5.00000      5.00000      0.00051
 ==================================================================================================================================
   10  gamma              1        22    7           0           0     -0.00000      0.00002      0.17946      0.17946      0.00000
   11  (e+)              11       -11    8          15          16     -0.00037     -0.00145      4.82054      4.82054      0.00051
   12  (e-)              11        11    9          17          17      0.00038      0.00142     -5.00000      5.00000      0.00051
   13  gamma              1        22    1           0           0      0.00000      0.00000      0.00000      0.00000      0.00000
   14  gamma              1        22    2           0           0      0.00000     -0.00000     -0.00000      0.00000      0.00000
   15  e+                 1       -11   11           0           0     -0.00048     -0.00094      4.82009      4.82009      0.00051
   16  gamma              1        22   11           0           0      0.00011     -0.00050      0.00030      0.00059      0.00000
   17  e-                 1        11   12           0           0      0.00038      0.00142     -4.99985      4.99985      0.00051
 ==================================================================================================================================
                   sum charge:  0.00   sum momentum and inv. mass:     -0.00000      0.00000     -0.00000     10.00000     10.00000
 SCALUP:    2.2360679999999999     
 PS SCALE:    2.2360679999999999     

 Event number:            4

          Event listing of user process at input (simplified)

   I IST     ID Mothers   Colours    p_x      p_y      p_z       E        m
   1 -1     -11   0   0    0    0    0.000    0.000    5.000    5.000    0.000
   2 -1      11   0   0    0    0   -0.000   -0.000   -5.000    5.000    0.000
   3  1      22   1   2    0    0    0.000    0.000    0.002    0.002    0.000
   4  1     -11   1   2    0    0   -0.192    0.108    4.993    4.998    0.001
   5  1      11   1   2    0    0    0.192   -0.108   -4.995    5.000    0.001



                            Event listing (standard)

    I  particle/jet  K(I,1)   K(I,2) K(I,3)     K(I,4)      K(I,5)       P(I,1)       P(I,2)       P(I,3)       P(I,4)       P(I,5)

    1  !e+!              21       -11    0           0           0      0.00000      0.00000      5.00000      5.00000      0.00051
    2  !e-!              21        11    0           0           0      0.00000      0.00000     -5.00000      5.00000      0.00051
 ==================================================================================================================================
    3  !e+!              21       -11    1           0           0     -0.00000      0.00000      5.00000      5.00000      0.00000
    4  !e-!              21        11    2           0           0     -0.00000     -0.00000     -5.00000      5.00000      0.00000
    5  !e+!              21       -11    3           0           0      0.00000      0.00000      5.00000      5.00000      0.00000
    6  !e-!              21        11    4           0           0      0.00000      0.00000     -5.00000      5.00000      0.00000
    7  !gamma!           21        22    0           0           0      0.00001      0.00025      0.00247      0.00248      0.00000
    8  !e+!              21       -11    0           0           0     -0.19250      0.10794      4.99265      4.99752      0.00051
    9  !e-!              21        11    0           0           0      0.19249     -0.10819     -4.99512      4.99999      0.00051
 ==================================================================================================================================
   10  gamma              1        22    7           0           0      0.00001      0.00025      0.00247      0.00248      0.00000
   11  e+                 1       -11    8           0           0     -0.19250      0.10794      4.99265      4.99752      0.00051
   12  e-                 1        11    9           0           0      0.19249     -0.10819     -4.99512      4.99999      0.00051
   13  gamma              1        22    1           0           0      0.00000     -0.00000      0.00000      0.00000      0.00000
   14  gamma              1        22    2           0           0      0.00000      0.00000     -0.00000      0.00000      0.00000
 ==================================================================================================================================
                   sum charge:  0.00   sum momentum and inv. mass:     -0.00000     -0.00000      0.00000     10.00000     10.00000
 SCALUP:    2.2360690000000001     
 PS SCALE:    2.2360690000000001     

 Event number:            5

          Event listing of user process at input (simplified)

   I IST     ID Mothers   Colours    p_x      p_y      p_z       E        m
   1 -1     -11   0   0    0    0    0.000    0.000    5.000    5.000    0.000
   2 -1      11   0   0    0    0   -0.000   -0.000   -5.000    5.000    0.000
   3  1      22   1   2    0    0    0.030    0.007    4.869    4.869    0.000
   4  1     -11   1   2    0    0   -0.224   -0.214   -0.063    0.316    0.001
   5  1      11   1   2    0    0    0.194    0.207   -4.806    4.814    0.001



                            Event listing (standard)

    I  particle/jet  K(I,1)   K(I,2) K(I,3)     K(I,4)      K(I,5)       P(I,1)       P(I,2)       P(I,3)       P(I,4)       P(I,5)

    1  !e+!              21       -11    0           0           0      0.00000      0.00000      5.00000      5.00000      0.00051
    2  !e-!              21        11    0           0           0      0.00000      0.00000     -5.00000      5.00000      0.00051
 ==================================================================================================================================
    3  !e+!              21       -11    1           0           0     -0.00000      0.00000      5.00000      5.00000      0.00000
    4  !e-!              21        11    2           0           0      0.00000     -0.00000     -5.00000      5.00000      0.00000
    5  !e+!              21       -11    3           0           0      0.00000      0.00000      5.00000      5.00000      0.00000
    6  !e-!              21        11    4           0           0      0.00000      0.00000     -5.00000      5.00000      0.00000
    7  !gamma!           21        22    0           0           0      0.03046      0.00696      4.86921      4.86931      0.00000
    8  !e+!              21       -11    0           0           0     -0.22423     -0.21411     -0.06332      0.31644      0.00051
    9  !e-!              21        11    0           0           0      0.19376      0.20715     -4.80589      4.81425      0.00051
 ==================================================================================================================================
   10  gamma              1        22    7           0           0      0.03046      0.00696      4.86921      4.86931      0.00000
   11  e+                 1       -11    8           0           0     -0.22423     -0.21411     -0.06332      0.31644      0.00051
   12  e-                 1        11    9           0           0      0.19376      0.20715     -4.80589      4.81425      0.00051
   13  gamma              1        22    1           0           0      0.00000     -0.00000      0.00000      0.00000      0.00000
   14  gamma              1        22    2           0           0     -0.00000      0.00000     -0.00000      0.00000      0.00000
 ==================================================================================================================================
                   sum charge:  0.00   sum momentum and inv. mass:     -0.00000      0.00000      0.00000     10.00000     10.00000
 SCALUP:    2.2651020000000002     
 PS SCALE:    2.2651020000000002     

 Event number:            6

          Event listing of user process at input (simplified)

   I IST     ID Mothers   Colours    p_x      p_y      p_z       E        m
   1 -1     -11   0   0    0    0    0.000    0.000    5.000    5.000    0.000
   2 -1      11   0   0    0    0   -0.000   -0.000   -5.000    5.000    0.000
   3  1      22   1   2    0    0    0.000    0.000    0.517    0.517    0.000
   4  1     -11   1   2    0    0   -0.001    0.004    4.483    4.483    0.001
   5  1      11   1   2    0    0    0.001   -0.004   -5.000    5.000    0.001



                            Event listing (standard)

    I  particle/jet  K(I,1)   K(I,2) K(I,3)     K(I,4)      K(I,5)       P(I,1)       P(I,2)       P(I,3)       P(I,4)       P(I,5)

    1  !e+!              21       -11    0           0           0      0.00000      0.00000      5.00000      5.00000      0.00051
    2  !e-!              21        11    0           0           0      0.00000      0.00000     -5.00000      5.00000      0.00051
 ==================================================================================================================================
    3  !e+!              21       -11    1           0           0      0.00000     -0.00000      5.00000      5.00000      0.00000
    4  !e-!              21        11    2           0           0      0.00000      0.00000     -5.00000      5.00000      0.00000
    5  !e+!              21       -11    3           0           0      0.00000      0.00000      5.00000      5.00000      0.00000
    6  !e-!              21        11    4           0           0      0.00000      0.00000     -5.00000      5.00000      0.00000
    7  !gamma!           21        22    0           0           0      0.00016      0.00029      0.51731      0.51731      0.00000
    8  !e+!              21       -11    0           0           0     -0.00095      0.00400      4.48269      4.48269      0.00051
    9  !e-!              21        11    0           0           0      0.00079     -0.00429     -5.00000      5.00000      0.00051
 ==================================================================================================================================
   10  gamma              1        22    7           0           0      0.00016      0.00029      0.51731      0.51731      0.00000
   11  e+                 1       -11    8           0           0     -0.00095      0.00400      4.48269      4.48269      0.00051
   12  e-                 1        11    9           0           0      0.00079     -0.00429     -5.00000      5.00000      0.00051
   13  gamma              1        22    1           0           0     -0.00000      0.00000      0.00000      0.00000      0.00000
   14  gamma              1        22    2           0           0     -0.00000     -0.00000     -0.00000      0.00000      0.00000
 ==================================================================================================================================
                   sum charge:  0.00   sum momentum and inv. mass:      0.00000      0.00000     -0.00000     10.00000     10.00000
 SCALUP:    2.2360679999999999     
 PS SCALE:    2.2360679999999999     

 Event number:            7

          Event listing of user process at input (simplified)

   I IST     ID Mothers   Colours    p_x      p_y      p_z       E        m
   1 -1     -11   0   0    0    0    0.000    0.000    5.000    5.000    0.000
   2 -1      11   0   0    0    0   -0.000   -0.000   -5.000    5.000    0.000
   3  1      22   1   2    0    0    0.002    0.003    4.410    4.410    0.000
   4  1     -11   1   2    0    0   -0.005   -0.004    0.589    0.590    0.001
   5  1      11   1   2    0    0    0.003    0.000   -5.000    5.000    0.001



                            Event listing (standard)

    I  particle/jet  K(I,1)   K(I,2) K(I,3)     K(I,4)      K(I,5)       P(I,1)       P(I,2)       P(I,3)       P(I,4)       P(I,5)

    1  !e+!              21       -11    0           0           0      0.00000      0.00000      5.00000      5.00000      0.00051
    2  !e-!              21        11    0           0           0      0.00000      0.00000     -5.00000      5.00000      0.00051
 ==================================================================================================================================
    3  !e+!              21       -11    1           0           0     -0.00000      0.00000      5.00000      5.00000      0.00000
    4  !e-!              21        11    2           0           0      0.00000      0.00000     -5.00000      5.00000      0.00000
    5  !e+!              21       -11    3           0           0      0.00000      0.00000      5.00000      5.00000      0.00000
    6  !e-!              21        11    4           0           0      0.00000      0.00000     -5.00000      5.00000      0.00000
    7  !gamma!           21        22    0           0           0      0.00232      0.00338      4.41049      4.41050      0.00000
    8  !e+!              21       -11    0           0           0     -0.00489     -0.00384      0.58949      0.58952      0.00051
    9  !e-!              21        11    0           0           0      0.00256      0.00045     -4.99998      4.99998      0.00051
 ==================================================================================================================================
   10  gamma              1        22    7           0           0      0.00232      0.00338      4.41049      4.41050      0.00000
   11  e+                 1       -11    8           0           0     -0.00489     -0.00384      0.58949      0.58952      0.00051
   12  e-                 1        11    9           0           0      0.00256      0.00045     -4.99998      4.99998      0.00051
   13  gamma              1        22    1           0           0      0.00000     -0.00000      0.00000      0.00000      0.00000
   14  gamma              1        22    2           0           0     -0.00000     -0.00000     -0.00000      0.00000      0.00000
 ==================================================================================================================================
                   sum charge:  0.00   sum momentum and inv. mass:      0.00000      0.00000     -0.00000     10.00000     10.00000
 SCALUP:    2.2360720000000001     
 PS SCALE:    2.2360720000000001     

 Event number:            8

          Event listing of user process at input (simplified)

   I IST     ID Mothers   Colours    p_x      p_y      p_z       E        m
   1 -1     -11   0   0    0    0    0.000    0.000    5.000    5.000    0.000
   2 -1      11   0   0    0    0   -0.000   -0.000   -5.000    5.000    0.000
   3  1      22   1   2    0    0   -0.000    0.000    0.202    0.202    0.000
   4  1     -11   1   2    0    0   -0.000    0.000    4.798    4.798    0.001
   5  1      11   1   2    0    0    0.000   -0.001   -5.000    5.000    0.001



                            Event listing (standard)

    I  particle/jet  K(I,1)   K(I,2) K(I,3)     K(I,4)      K(I,5)       P(I,1)       P(I,2)       P(I,3)       P(I,4)       P(I,5)

    1  !e+!              21       -11    0           0           0      0.00000      0.00000      5.00000      5.00000      0.00051
    2  !e-!              21        11    0           0           0      0.00000      0.00000     -5.00000      5.00000      0.00051
 ==================================================================================================================================
    3  !e+!              21       -11    1           0           0     -0.00000      0.00000      5.00000      5.00000      0.00000
    4  !e-!              21        11    2           0           0      0.00000      0.00000     -5.00000      5.00000      0.00000
    5  !e+!              21       -11    3           0           0      0.00000      0.00000      5.00000      5.00000      0.00000
    6  !e-!              21        11    4           0           0      0.00000      0.00000     -5.00000      5.00000      0.00000
    7  !gamma!           21        22    0           0           0     -0.00003      0.00010      0.20225      0.20225      0.00000
    8  !e+!              21       -11    0           0           0     -0.00013      0.00046      4.79775      4.79775      0.00051
    9  !e-!              21        11    0           0           0      0.00016     -0.00055     -5.00000      5.00000      0.00051
 ==================================================================================================================================
   10  gamma              1        22    7           0           0     -0.00003      0.00010      0.20225      0.20225      0.00000
   11  e+                 1       -11    8           0           0     -0.00013      0.00046      4.79775      4.79775      0.00051
   12  e-                 1        11    9           0           0      0.00016     -0.00055     -5.00000      5.00000      0.00051
   13  gamma              1        22    1           0           0      0.00000     -0.00000      0.00000      0.00000      0.00000
   14  gamma              1        22    2           0           0     -0.00000     -0.00000     -0.00000      0.00000      0.00000
 ==================================================================================================================================
                   sum charge:  0.00   sum momentum and inv. mass:      0.00000     -0.00000     -0.00000     10.00000     10.00000
 SCALUP:    2.2360679999999999     
 PS SCALE:    2.2360679999999999     

 Event number:            9

          Event listing of user process at input (simplified)

   I IST     ID Mothers   Colours    p_x      p_y      p_z       E        m
   1 -1     -11   0   0    0    0    0.000    0.000    5.000    5.000    0.000
   2 -1      11   0   0    0    0   -0.000   -0.000   -5.000    5.000    0.000
   3  1      22   1   2    0    0    0.000   -0.000    1.590    1.590    0.000
   4  1     -11   1   2    0    0   -0.002   -0.001    3.410    3.410    0.001
   5  1      11   1   2    0    0    0.002    0.001   -5.000    5.000    0.001



                            Event listing (standard)

    I  particle/jet  K(I,1)   K(I,2) K(I,3)     K(I,4)      K(I,5)       P(I,1)       P(I,2)       P(I,3)       P(I,4)       P(I,5)

    1  !e+!              21       -11    0           0           0      0.00000      0.00000      5.00000      5.00000      0.00051
    2  !e-!              21        11    0           0           0      0.00000      0.00000     -5.00000      5.00000      0.00051
 ==================================================================================================================================
    3  !e+!              21       -11    1           0           0     -0.00000      0.00000      5.00000      5.00000      0.00000
    4  !e-!              21        11    2           0           0      0.00000      0.00000     -5.00000      5.00000      0.00000
    5  !e+!              21       -11    3           0           0      0.00000      0.00000      5.00000      5.00000      0.00000
    6  !e-!              21        11    4           0           0      0.00000      0.00000     -5.00000      5.00000      0.00000
    7  !gamma!           21        22    0           0           0      0.00013     -0.00003      1.58988      1.58988      0.00000
    8  !e+!              21       -11    0           0           0     -0.00197     -0.00107      3.41012      3.41012      0.00051
    9  !e-!              21        11    0           0           0      0.00184      0.00110     -5.00000      5.00000      0.00051
 ==================================================================================================================================
   10  gamma              1        22    7           0           0      0.00013     -0.00003      1.58988      1.58988      0.00000
   11  e+                 1       -11    8           0           0     -0.00197     -0.00107      3.41012      3.41012      0.00051
   12  e-                 1        11    9           0           0      0.00184      0.00110     -5.00000      5.00000      0.00051
   13  gamma              1        22    1           0           0      0.00000     -0.00000      0.00000      0.00000      0.00000
   14  gamma              1        22    2           0           0     -0.00000     -0.00000     -0.00000      0.00000      0.00000
 ==================================================================================================================================
                   sum charge:  0.00   sum momentum and inv. mass:      0.00000      0.00000     -0.00000     10.00000     10.00000
 SCALUP:    2.2360679999999999     
 PS SCALE:    2.2360679999999999     

 Event number:           10

          Event listing of user process at input (simplified)

   I IST     ID Mothers   Colours    p_x      p_y      p_z       E        m
   1 -1     -11   0   0    0    0    0.000    0.000    5.000    5.000    0.000
   2 -1      11   0   0    0    0   -0.000   -0.000   -5.000    5.000    0.000
   3  1      22   1   2    0    0    0.000   -0.000    0.922    0.922    0.000
   4  1     -11   1   2    0    0   -0.001    0.000    4.078    4.078    0.001
   5  1      11   1   2    0    0    0.001   -0.000   -5.000    5.000    0.001



                            Event listing (standard)

    I  particle/jet  K(I,1)   K(I,2) K(I,3)     K(I,4)      K(I,5)       P(I,1)       P(I,2)       P(I,3)       P(I,4)       P(I,5)

    1  !e+!              21       -11    0           0           0      0.00000      0.00000      5.00000      5.00000      0.00051
    2  !e-!              21        11    0           0           0      0.00000      0.00000     -5.00000      5.00000      0.00051
 ==================================================================================================================================
    3  !e+!              21       -11    1           0           0      0.00000     -0.00000      5.00000      5.00000      0.00000
    4  !e-!              21        11    2           0           0     -0.00000      0.00000     -5.00000      5.00000      0.00000
    5  !e+!              21       -11    3           0           0      0.00000      0.00000      5.00000      5.00000      0.00000
    6  !e-!              21        11    4           0           0      0.00000      0.00000     -5.00000      5.00000      0.00000
    7  !gamma!           21        22    0           0           0      0.00011     -0.00012      0.92169      0.92169      0.00000
    8  !e+!              21       -11    0           0           0     -0.00092      0.00034      4.07831      4.07831      0.00051
    9  !e-!              21        11    0           0           0      0.00080     -0.00022     -5.00000      5.00000      0.00051
 ==================================================================================================================================
   10  gamma              1        22    7           0           0      0.00011     -0.00012      0.92169      0.92169      0.00000
   11  e+                 1       -11    8           0           0     -0.00092      0.00034      4.07831      4.07831      0.00051
   12  e-                 1        11    9           0           0      0.00080     -0.00022     -5.00000      5.00000      0.00051
   13  gamma              1        22    1           0           0     -0.00000      0.00000      0.00000      0.00000      0.00000
   14  gamma              1        22    2           0           0      0.00000     -0.00000     -0.00000      0.00000      0.00000
 ==================================================================================================================================
                   sum charge:  0.00   sum momentum and inv. mass:     -0.00000      0.00000     -0.00000     10.00000     10.00000
 SCALUP:    2.2360679999999999     
 PS SCALE:    2.2360679999999999     
  Failed to read LHEF event information,
  assume end of file has been reached.
1********* PYSTAT:  Statistics on Number of Events and Cross-sections *********

 ==============================================================================
 I                                  I                            I            I
 I            Subprocess            I      Number of points      I    Sigma   I
 I                                  I                            I            I
 I----------------------------------I----------------------------I    (mb)    I
 I                                  I                            I            I
 I N:o Type                         I    Generated         Tried I            I
 I                                  I                            I            I
 ==============================================================================
 I                                  I                            I            I
 I   0 All included subprocesses    I           62            62 I  6.425D+03 I
 I   4 User process 1               I           62            62 I  6.425D+03 I
 I                                  I                            I            I
 ==============================================================================

 ********* Total number of errors, excluding junctions =        0 *************
 ********* Total number of errors, including junctions =        0 *************
 ********* Total number of warnings =                           0 *************
 ********* Fraction of events that fail fragmentation cuts =  0.00000 *********

 Cross section (pb):    6425208800000.0039     
