 Process in group number            1
 No PDF is used, alpha_s(MZ) from param_card is used
 Value of alpha_s from param_card:   0.11800000071525575     
 The default order of alpha_s running is fixed to            2
 *****************************************************
 *               MadGraph/MadEvent                   *
 *        --------------------------------           *
 *          http://madgraph.hep.uiuc.edu             *
 *          http://madgraph.phys.ucl.ac.be           *
 *          http://madgraph.roma2.infn.it            *
 *        --------------------------------           *
 *                                                   *
 *          PARAMETER AND COUPLING VALUES            *
 *                                                   *
 *****************************************************

  External Params
  ---------------------------------
  
 mdl_MB =    4.6999998092651367     
 mdl_MT =    173.00000000000000     
 mdl_Me =   5.10999991092830896E-004
 mdl_MM =   0.10565999895334244     
 mdl_MTA =    1.7769999504089355     
 mdl_MZ =    91.188003540039063     
 mdl_MH =    125.00000000000000     
 aEWM1 =    132.50700378417969     
 mdl_Gf =   1.16639000000000003E-005
 aS =   0.11800000071525575     
 mdl_ymb =    4.6999998092651367     
 mdl_ymt =    173.00000000000000     
 mdl_yme =   5.10999991092830896E-004
 mdl_ymm =   0.10565999895334244     
 mdl_ymtau =    1.7769999504089355     
 mdl_WT =    1.4915000200271606     
 mdl_WTau =   2.26999999999999982E-012
 mdl_WZ =    2.4414041042327881     
 mdl_WW =    2.0476000308990479     
 mdl_WH =   6.38233916833996773E-003
  Internal Params
  ---------------------------------
  
 mdl_conjg__CKM3x3 =    1.0000000000000000     
 mdl_CKM3x3 =    1.0000000000000000     
 mdl_conjg__CKM1x1 =    1.0000000000000000     
 mdl_complexi =  (  0.0000000000000000     ,  1.0000000000000000     )
 mdl_MZ__exp__2 =    8315.2519896181766     
 mdl_MZ__exp__4 =    69143415.650849044     
 mdl_sqrt__2 =    1.4142135623730951     
 mdl_MH__exp__2 =    15625.000000000000     
 mdl_aEW =   7.54677089845565054E-003
 mdl_MW =    80.419007276179556     
 mdl_sqrt__aEW =   8.68721526063194194E-002
 mdl_ee =   0.30795376284704501     
 mdl_MW__exp__2 =    6467.2167312862202     
 mdl_sw2 =   0.22224645274001076     
 mdl_cw =   0.88190336616887299     
 mdl_sqrt__sw2 =   0.47143022043565552     
 mdl_sw =   0.47143022043565552     
 mdl_g1 =   0.34919218438279087     
 mdl_gw =   0.65323296958447097     
 mdl_vev =    246.21845810181631     
 mdl_vev__exp__2 =    60623.529110035874     
 mdl_lam =   0.12886910601690271     
 mdl_yb =   2.69955531549349904E-002
 mdl_ye =   2.93504850670934038E-006
 mdl_ym =   6.06883028478528356E-004
 mdl_yt =   0.99366614581500645     
 mdl_ytau =   1.02066167158167895E-002
 mdl_muH =    88.388347648318444     
 mdl_I1x33 =  ( 2.69955531549349904E-002,  0.0000000000000000     )
 mdl_I2x33 =  ( 0.99366614581500645     ,  0.0000000000000000     )
 mdl_I3x33 =  ( 0.99366614581500645     ,  0.0000000000000000     )
 mdl_I4x33 =  ( 2.69955531549349904E-002,  0.0000000000000000     )
 mdl_ee__exp__2 =   9.48355200516540348E-002
 mdl_sw__exp__2 =   0.22224645274001076     
 mdl_cw__exp__2 =   0.77775354725998924     
  Internal Params evaluated point by point
  ----------------------------------------
  
 mdl_sqrt__aS =   0.34351128178744839     
 mdl_G__exp__2 =    1.4828317414825511     
  Couplings of sm-lepton_masses
  ---------------------------------
  
         GC_3 =  -0.00000E+00  -0.30795E+00
        GC_50 =  -0.00000E+00  -0.28804E+00
        GC_59 =   0.00000E+00   0.82310E-01
        GC_89 =  -0.00000E+00  -0.20754E-05

 Collider parameters:
 --------------------

 Running at e e   machine @    10.000000000000000       GeV
 PDF set = none   
 alpha_s(Mz)= 0.1180 running at 2 loops.
 alpha_s(Mz)= 0.1180 running at 2 loops.
 Renormalization scale set on event-by-event basis
 Factorization   scale set on event-by-event basis


 getting user params
Enter number of events and max and min iterations: 
 Number of events and iterations         2000           9           3
Enter desired fractional accuracy: 
 Desired fractional accuracy:  -1.14039999999999996E-003
Enter 0 for fixed, 2 for adjustable grid: 
Suppress amplitude (0 no, 1 yes)? 
 Using suppressed amplitude.
Exact helicity sum (0 yes, n = number/event)? 
 Explicitly summing over helicities
Enter Configuration Number: 
Running Configuration Number:   16
 Not subdividing B.W.
 Attempting mappinvarients           1           5
 Completed mapping           5
 about to integrate            5        2000           9           3           5           1
 Keeping grid fixed.
  5 dimensions   2000 events  5 invarients  9 iterations  1 config(s),  (0.99)
 Using h-tuple random number sequence.
 Error opening grid
 Using Uniform Grid!
 Using uniform alpha   1.0000000000000000     
 Grid defined OK
 Set CM energy to         10.00
 Mapping Graph          16  to config          16
Setting grid   1    0.26112E-08   1
Setting grid   2    0.10000E-05   1
 Masses: 0.511E-03 0.511E-03 0.000E+00 0.511E-03 0.511E-03
  16   1   2   3   4   5
 Got moffset           2
Using random seed offsets    16 :      1
  with seed                   48
 Ranmar initialization seeds       30249       15737
  Particle       3       4       5
      Et >     0.0     0.0     0.0
       E >     0.0     0.0     0.0
     Eta <     5.0     5.0     5.0
   xqcut:      0.0     0.0     0.0
d R # 3  >    -0.0     0.4     0.4
d R # 4  >    -0.0    -0.0     0.0
s min # 3>     0.0     0.0     0.0
s min # 4>     0.0     0.0     0.0
xqcutij # 3>     0.0     0.0     0.0
xqcutij # 4>     0.0     0.0     0.0
 alpha_s for scale    2.2460954058644140       is   0.28322887206992836     
 Added good helicity            1   7.0409923296619619       in event            1
 Added good helicity            2  2.32552678673071752E-006  in event            1
 Added good helicity            5   1.1335876928354560       in event            1
 Added good helicity           10   1.1713962219720930       in event            1
 Added good helicity           13  2.10133547809175045E-006  in event            1
 Added good helicity           14   6.6535420068150142       in event            1
 Added good helicity           19   6.6543542439827128       in event            1
 Added good helicity           20  2.10161501872177073E-006  in event            1
 Added good helicity           23   1.1715420711059126       in event            1
 Added good helicity           28   1.1335883872502663       in event            1
 Added good helicity           31  2.32547909920529760E-006  in event            1
 Added good helicity           32   7.0409880164775389       in event            1
 Added good helicity            3  5.70499250075348146E-006  in event            2
 Added good helicity           15  1.17412569393224504E-003  in event            2
 Added good helicity           18  1.17408046625774951E-003  in event            2
 Added good helicity           30  5.70503357164936969E-006  in event            2
 Added good helicity           11  1.29668812584712943E-002  in event            7
 Added good helicity           22  1.29666573453561529E-002  in event            7
 Added good helicity           12  1.57024527742749842E-006  in event           14
 Added good helicity           21  1.57056891659731615E-006  in event           14
 Iteration  1   Mean: 0.9593E+06 Abs mean: 0.9593E+06   Fluctuation:  0.155E+06   0.183E+09    30.4%
  1    0.9593E+06 0.9593E+06 +- 0.1553E+06      7.24
 Relative summed weights:
  0.1000E+01  0.0000E+00
 Relative number of events:
  0.1000E+01  0.0000E+00
 Events:
        2000           0
 Iteration  2   Mean: 0.8323E+06 Abs mean: 0.8323E+06   Fluctuation:  0.814E+05   0.143E+09    30.5%
  2    0.8323E+06 0.8323E+06 +- 0.8145E+05      6.19
 Relative summed weights:
  0.1000E+01  0.0000E+00
 Relative number of events:
  0.1000E+01  0.0000E+00
 Events:
        4000           0
 Iteration  3   Mean: 0.8407E+06 Abs mean: 0.8407E+06   Fluctuation:  0.694E+05   0.326E+09    30.6%
  3    0.8407E+06 0.8407E+06 +- 0.6940E+05      7.38
 Relative summed weights:
  0.1000E+01  0.0000E+00
 Relative number of events:
  0.1000E+01  0.0000E+00
 Events:
        8000           0
 Found          994  events.
 Wrote           11  events.
 Actual xsec    853329.15382846363     
 Correct abs xsec    853329.15382846363     
 Event xsec    853329.15382846398     
 Events wgts > 1:            1
 % Cross section > 1:   7.02905410435050726E-003  8.23721312322992153E-007
 Checking number of events   973.13656702597984               11  chi2:   0.28262340781201706     
 Found          994  events.
 Wrote           24  events.
 Actual xsec    853329.15382846363     
 Correct abs xsec    853329.15382846363     
 Event xsec    853329.15382846305     
 Events wgts > 1:            1
 % Cross section > 1:   3.22164981480455026E-003  3.77538936804234526E-007
 Iteration  4   Mean: 0.8684E+06 Abs mean: 0.8684E+06   Fluctuation:  0.451E+05   0.181E+09    30.4%
  4    0.8684E+06 0.8684E+06 +- 0.4511E+05      6.57
 Relative summed weights:
  0.1000E+01  0.0000E+00
 Relative number of events:
  0.1000E+01  0.0000E+00
 Events:
       16000           0
 Found         1960  events.
 Wrote           78  events.
 Actual xsec    855826.24250950816     
 Correct abs xsec    855826.24250950816     
 Event xsec    855826.24250950816     
 Events wgts > 1:            5
 % Cross section > 1:    5803.7395572711139       0.67814461265560400     
 Checking number of events   975.98424695784308               78  chi2:   0.10438896798742109     
 Found         1960  events.
 Wrote           86  events.
 Actual xsec    855826.24250950816     
 Correct abs xsec    855826.24250950816     
 Event xsec    855826.24250950618     
 Events wgts > 1:            5
 % Cross section > 1:    5267.1795141867642       0.61544963832167821     
 Iteration  5   Mean: 0.9599E+06 Abs mean: 0.9599E+06   Fluctuation:  0.409E+05   0.358E+09    30.8%
  5    0.9599E+06 0.9599E+06 +- 0.4094E+05      7.63
 Relative summed weights:
  0.1000E+01  0.0000E+00
 Relative number of events:
  0.1000E+01  0.0000E+00
 Events:
       32000           0
 Found         3942  events.
 Wrote          108  events.
 Actual xsec    911736.06513324007     
 Correct abs xsec    911736.06513324007     
 Event xsec    911736.06513324310     
 Events wgts > 1:            3
 % Cross section > 1:    7108.1022482627213       0.77962280094995784     
 Checking number of events   1039.7438086779468              108  chi2:    1.6758728250457371     
 Found         3942  events.
 Wrote          120  events.
 Actual xsec    911736.06513324007     
 Correct abs xsec    911736.06513324007     
 Event xsec    911736.06513324345     
 Events wgts > 1:            3
 % Cross section > 1:    6402.2833895450831       0.70220797820578007     
 Iteration  6   Mean: 0.9444E+06 Abs mean: 0.9444E+06   Fluctuation:  0.265E+05   0.324E+09    30.7%
  6    0.9444E+06 0.9444E+06 +- 0.2649E+05      7.10
 Relative summed weights:
  0.1000E+01  0.0000E+00
 Relative number of events:
  0.1000E+01  0.0000E+00
 Events:
       64000           0
 Found         7700  events.
 Wrote          259  events.
 Actual xsec    935446.03519050952     
 Correct abs xsec    935446.03519050952     
 Event xsec    935446.03519050707     
 Events wgts > 1:            8
 % Cross section > 1:    7670.1880723388167       0.81994981899482355     
 Checking number of events   1066.7826585312571              259  chi2:    1.3392258577752245     
 Found         7700  events.
 Wrote          270  events.
 Actual xsec    935446.03519050952     
 Correct abs xsec    935446.03519050952     
 Event xsec    935446.03519050963     
 Events wgts > 1:            8
 % Cross section > 1:    7360.1576160196528       0.78680729183065157     
 Iteration  7   Mean: 0.9309E+06 Abs mean: 0.9309E+06   Fluctuation:  0.203E+05   0.521E+09    30.7%
  7    0.9309E+06 0.9309E+06 +- 0.2029E+05      7.80
 Relative summed weights:
  0.1000E+01  0.0000E+00
 Relative number of events:
  0.1000E+01  0.0000E+00
 Events:
      128000           0
 Found        15360  events.
 Wrote          362  events.
 Actual xsec    939351.10662486020     
 Correct abs xsec    939351.10662486020     
 Event xsec    939351.10662486637     
 Events wgts > 1:           11
 % Cross section > 1:    8101.2418280702150       0.86242958260605729     
 Checking number of events   1071.2360019949906              362  chi2:   0.23023207015616706     
 Found        15360  events.
 Wrote          361  events.
 Actual xsec    939351.10662486020     
 Correct abs xsec    939351.10662486020     
 Event xsec    939351.10662486323     
 Events wgts > 1:           11
 % Cross section > 1:    8123.4888708871404       0.86479792418356249     
 Iteration  8   Mean: 0.9391E+06 Abs mean: 0.9391E+06   Fluctuation:  0.143E+05   0.573E+09    30.6%
  8    0.9391E+06 0.9391E+06 +- 0.1429E+05      7.70
 Relative summed weights:
  0.1000E+01  0.0000E+00
 Relative number of events:
  0.1000E+01  0.0000E+00
 Events:
      256000           0
 Found        30736  events.
 Wrote          915  events.
 Actual xsec    937754.13396895840     
 Correct abs xsec    937754.13396895840     
 Event xsec    937754.13396895630     
 Events wgts > 1:           31
 % Cross section > 1:    9320.6173010455259       0.99392974804567258     
 Checking number of events   1069.4148143782002              915  chi2:   9.27666686974974591E-002
 Found        30736  events.
 Wrote          883  events.
 Actual xsec    937754.13396895840     
 Correct abs xsec    937754.13396895840     
 Event xsec    937754.13396897446     
 Events wgts > 1:           31
 % Cross section > 1:    9654.9196043913034        1.0295789967384708     
 Iteration  9   Mean: 0.9293E+06 Abs mean: 0.9293E+06   Fluctuation:  0.101E+05   0.609E+09    30.7%
  9    0.9293E+06 0.9293E+06 +- 0.1008E+05      7.76
 Relative summed weights:
  0.1000E+01  0.0000E+00
 Relative number of events:
  0.1000E+01  0.0000E+00
 Events:
      512000           0
 Found        61483  events.
 Wrote         1641  events.
 Actual xsec    932357.05215093435     
 Correct abs xsec    932357.05215093435     
 Event xsec    932357.05215091084     
 Events wgts > 1:           51
 % Cross section > 1:    9411.1148332430057        1.0093895693213168     
 Checking number of events   1063.2599822729255             1641  chi2:   0.16120218565452496     

 -------------------------------------------------------------------------------
 Accumulated results:   Integral =  0.9314E+06
                        Std dev  =  0.7060E+04
                       Cross sec =  0.6756E+00
             Chi**2 per DoF.     =
-------------------------------------------------
---------------------------
 Results Last   3 iters: Integral =   0.9324E+06
                     Abs integral =   0.9324E+06
                          Std dev =   0.7631E+04
                  Chi**2 per DoF. =      0.1612
-------------------------------------------------
---------------------------
 Status -1.14039999999999996E-003          10           9
 We found enough events        1641   1063.2599822729255     

ls status:
events.lhe
fail.log
ftn25
input_sg.txt
moffset.dat
results.dat
run1_app.log
