 Process in group number            1
 No PDF is used, alpha_s(MZ) from param_card is used
 Value of alpha_s from param_card:   0.11800000071525575     
 The default order of alpha_s running is fixed to            2
 Warning: pt or E min of a gamma should in general be >0
 *****************************************************
 *               MadGraph/MadEvent                   *
 *        --------------------------------           *
 *          http://madgraph.hep.uiuc.edu             *
 *          http://madgraph.phys.ucl.ac.be           *
 *          http://madgraph.roma2.infn.it            *
 *        --------------------------------           *
 *                                                   *
 *          PARAMETER AND COUPLING VALUES            *
 *                                                   *
 *****************************************************

  External Params
  ---------------------------------
  
 mdl_MB =    4.6999998092651367     
 mdl_MT =    173.00000000000000     
 mdl_MTA =    1.7769999504089355     
 mdl_MZ =    91.188003540039063     
 mdl_MH =    125.00000000000000     
 aEWM1 =    132.50700378417969     
 mdl_Gf =   1.16639000000000003E-005
 aS =   0.11800000071525575     
 mdl_ymb =    4.6999998092651367     
 mdl_ymt =    173.00000000000000     
 mdl_ymtau =    1.7769999504089355     
 mdl_WT =    1.4915000200271606     
 mdl_WZ =    2.4414041042327881     
 mdl_WW =    2.0476000308990479     
 mdl_WH =   6.38233916833996773E-003
  Internal Params
  ---------------------------------
  
 mdl_conjg__CKM3x3 =    1.0000000000000000     
 mdl_CKM3x3 =    1.0000000000000000     
 mdl_conjg__CKM1x1 =    1.0000000000000000     
 mdl_complexi =  (  0.0000000000000000     ,  1.0000000000000000     )
 mdl_MZ__exp__2 =    8315.2519896181766     
 mdl_MZ__exp__4 =    69143415.650849044     
 mdl_sqrt__2 =    1.4142135623730951     
 mdl_MH__exp__2 =    15625.000000000000     
 mdl_aEW =   7.54677089845565054E-003
 mdl_MW =    80.419007276179556     
 mdl_sqrt__aEW =   8.68721526063194194E-002
 mdl_ee =   0.30795376284704501     
 mdl_MW__exp__2 =    6467.2167312862202     
 mdl_sw2 =   0.22224645274001076     
 mdl_cw =   0.88190336616887299     
 mdl_sqrt__sw2 =   0.47143022043565552     
 mdl_sw =   0.47143022043565552     
 mdl_g1 =   0.34919218438279087     
 mdl_gw =   0.65323296958447097     
 mdl_vev =    246.21845810181631     
 mdl_vev__exp__2 =    60623.529110035874     
 mdl_lam =   0.12886910601690271     
 mdl_yb =   2.69955531549349904E-002
 mdl_yt =   0.99366614581500645     
 mdl_ytau =   1.02066167158167895E-002
 mdl_muH =    88.388347648318444     
 mdl_I1x33 =  ( 2.69955531549349904E-002,  0.0000000000000000     )
 mdl_I2x33 =  ( 0.99366614581500645     ,  0.0000000000000000     )
 mdl_I3x33 =  ( 0.99366614581500645     ,  0.0000000000000000     )
 mdl_I4x33 =  ( 2.69955531549349904E-002,  0.0000000000000000     )
 mdl_ee__exp__2 =   9.48355200516540348E-002
 mdl_sw__exp__2 =   0.22224645274001076     
 mdl_cw__exp__2 =   0.77775354725998924     
  Internal Params evaluated point by point
  ----------------------------------------
  
 mdl_sqrt__aS =   0.34351128178744839     
 mdl_G__exp__2 =    1.4828317414825511     
  Couplings of sm
  ---------------------------------
  
         GC_3 =  -0.00000E+00  -0.30795E+00
        GC_50 =  -0.00000E+00  -0.28804E+00
        GC_59 =   0.00000E+00   0.82310E-01

 Collider parameters:
 --------------------

 Running at e e   machine @    10.000000000000000       GeV
 PDF set = none   
 alpha_s(Mz)= 0.1180 running at 2 loops.
 alpha_s(Mz)= 0.1180 running at 2 loops.
 Renormalization scale set on event-by-event basis
 Factorization   scale set on event-by-event basis


 getting user params
Enter number of events and max and min iterations: 
 Number of events and iterations         1000           5           3
Enter desired fractional accuracy: 
 Desired fractional accuracy:   0.10000000000000001     
Enter 0 for fixed, 2 for adjustable grid: 
Suppress amplitude (0 no, 1 yes)? 
 Using suppressed amplitude.
Exact helicity sum (0 yes, n = number/event)? 
 Explicitly summing over helicities
Enter Configuration Number: 
Running Configuration Number:    1
 Not subdividing B.W.
 Attempting mappinvarients           1           5
 Completed mapping           5
 about to integrate            5        1000           5           3           5           1
 Using non-zero grid deformation.
  5 dimensions   1000 events  5 invarients  5 iterations  1 config(s),  (0.99)
 Using h-tuple random number sequence.
 Error opening grid
 Using Uniform Grid!
 Using uniform alpha   1.0000000000000000     
 Grid defined OK
 Set CM energy to         10.00
 Mapping Graph           1  to config           1
Setting grid   1    0.10000E-01   1
Setting grid   2    0.10000E-01   1
 Masses: 0.000E+00 0.000E+00 0.000E+00 0.000E+00 0.000E+00
   1   1   2   3   4   5
Using random seed offsets     1 :      1
  with seed                   42
 Ranmar initialization seeds       22920        9417
  Particle       3       4       5
      Et >     0.0    -1.0    -1.0
       E >     0.0     0.0     0.0
     Eta <    -1.0    -1.0    -1.0
   xqcut:      0.0     0.0     0.0
d R # 3  >    -0.0     0.4     0.4
d R # 4  >    -0.0    -0.0     0.0
s min # 3>     0.0     0.0     0.0
s min # 4>     0.0     0.0     0.0
xqcutij # 3>     0.0     0.0     0.0
xqcutij # 4>     0.0     0.0     0.0
 alpha_s for scale    2.2543233264779210       is   0.28278649173713344     
 Added good helicity            1   10.881810985220996       in event            1
 Added good helicity            5   2.0424839417057337       in event            1
 Added good helicity           10  4.22779463678058451E-002  in event            1
 Added good helicity           11   2.5818207774261230       in event            1
 Added good helicity           14  9.00622583462201698E-002  in event            1
 Added good helicity           15  0.35976874191792924       in event            1
 Added good helicity           18  0.35970697998138546       in event            1
 Added good helicity           19  9.28211148617511389E-002  in event            1
 Added good helicity           22   2.5822640778342247       in event            1
 Added good helicity           23  4.36206643493998319E-002  in event            1
 Added good helicity           28   2.0426994207660978       in event            1
 Added good helicity           32   10.880663091222331       in event            1
 Iteration  1   Mean: 0.3371E+02 Abs mean: 0.3371E+02   Fluctuation:  0.501E+01   0.419E+04    96.8%
  1    0.3371E+02 0.3371E+02 +- 0.5006E+01      4.70
 Writing out events  6.96390289434174227E-003   4.6968981001848018     
 Relative summed weights:
  0.4055E+00  0.0000E+00
  0.5945E+00  0.0000E+00
 Relative number of events:
  0.4970E+00  0.0000E+00
  0.5030E+00  0.0000E+00
 Events:
         497           0
         503           0
 Iteration  2   Mean: 0.4470E+02 Abs mean: 0.4470E+02   Fluctuation:  0.472E+01   0.579E+04    95.8%
  2    0.4470E+02 0.4470E+02 +- 0.4723E+01      4.73
 Relative summed weights:
  0.4482E+00  0.0000E+00
  0.5518E+00  0.0000E+00
 Relative number of events:
  0.4835E+00  0.0000E+00
  0.5165E+00  0.0000E+00
 Events:
         967           0
        1033           0
 Iteration  3   Mean: 0.4408E+02 Abs mean: 0.4408E+02   Fluctuation:  0.254E+01   0.723E+04    93.8%
  3    0.4408E+02 0.4408E+02 +- 0.2542E+01      3.65
 Relative summed weights:
  0.4625E+00  0.0000E+00
  0.5375E+00  0.0000E+00
 Relative number of events:
  0.5015E+00  0.0000E+00
  0.4985E+00  0.0000E+00
 Events:
        2006           0
        1994           0
 Accuracy:    0.053   0.100   0.048   1.214
 Finished due to accuracy   5.27857631960332377E-002  0.10000000000000001     

 -------------------------------------------------------------------------------
 Accumulated results:   Integral =  0.4313E+02
                        Std dev  =  0.2066E+01
                       Cross sec =  0.4313E+02
             Chi**2 per DoF.     =      1.2139
 -------------------------------------------------------------------------------
 Found          344  events.
 Wrote           25  events.
 Actual xsec    43.126223713863695     
 Correct abs xsec    43.126223713863695     
 Event xsec    43.126223713863723     
 Events wgts > 1:            0
 % Cross section > 1:    0.0000000000000000        0.0000000000000000     
-------------------------------------------------
---------------------------
 Results Last   3 iters: Integral =   0.4313E+02
                     Abs integral =   0.4313E+02
                          Std dev =   0.2066E+01
                  Chi**2 per DoF. =      1.8953
-------------------------------------------------
---------------------------
 Status  0.10000000000000001                4           5

ls status:
events.lhe
input_app.txt
multijob.dat
results.dat
run_01_log.txt
run_01_results.dat
run_02_log.txt
run_02_results.dat
run1_app.log
