 Process in group number            0
 No PDF is used, alpha_s(MZ) from param_card is used
 Value of alpha_s from param_card:   0.11800000071525575     
 The default order of alpha_s running is fixed to            2
 *****************************************************
 *               MadGraph/MadEvent                   *
 *        --------------------------------           *
 *          http://madgraph.hep.uiuc.edu             *
 *          http://madgraph.phys.ucl.ac.be           *
 *          http://madgraph.roma2.infn.it            *
 *        --------------------------------           *
 *                                                   *
 *          PARAMETER AND COUPLING VALUES            *
 *                                                   *
 *****************************************************

  External Params
  ---------------------------------
  
 aEWM1 =    132.50700378417969     
 mdl_Gf =   1.16639000000000003E-005
 aS =   0.11800000071525575     
 mdl_ymb =    4.6999998092651367     
 mdl_ymt =    173.00000000000000     
 mdl_yme =   5.10999991092830896E-004
 mdl_ymm =   0.10565999895334244     
 mdl_ymtau =    1.7769999504089355     
 mdl_MZ =    91.188003540039063     
 mdl_MT =    173.00000000000000     
 mdl_MB =    4.6999998092651367     
 mdl_MH =    125.00000000000000     
 mdl_Me =   5.10999991092830896E-004
 mdl_MM =   0.10565999895334244     
 mdl_MTA =    1.7769999504089355     
 mdl_WZ =    2.4414041042327881     
 mdl_WW =    2.0476000308990479     
 mdl_WT =    1.4915000200271606     
 mdl_WH =   6.38233916833996773E-003
 mdl_WTau =   2.26999999999999982E-012
  Internal Params
  ---------------------------------
  
 mdl_conjg__CKM3x3 =    1.0000000000000000     
 mdl_CKM3x3 =    1.0000000000000000     
 mdl_conjg__CKM1x1 =    1.0000000000000000     
 mdl_complexi =  (  0.0000000000000000     ,  1.0000000000000000     )
 mdl_MZ__exp__2 =    8315.2519896181766     
 mdl_MZ__exp__4 =    69143415.650849044     
 mdl_sqrt__2 =    1.4142135623730951     
 mdl_MH__exp__2 =    15625.000000000000     
 mdl_aEW =   7.54677089845565054E-003
 mdl_MW =    80.419007276179556     
 mdl_sqrt__aEW =   8.68721526063194194E-002
 mdl_ee =   0.30795376284704501     
 mdl_MW__exp__2 =    6467.2167312862202     
 mdl_sw2 =   0.22224645274001076     
 mdl_cw =   0.88190336616887299     
 mdl_sqrt__sw2 =   0.47143022043565552     
 mdl_sw =   0.47143022043565552     
 mdl_g1 =   0.34919218438279087     
 mdl_gw =   0.65323296958447097     
 mdl_vev =    246.21845810181631     
 mdl_vev__exp__2 =    60623.529110035874     
 mdl_lam =   0.12886910601690271     
 mdl_yb =   2.69955531549349904E-002
 mdl_ye =   2.93504850670934038E-006
 mdl_ym =   6.06883028478528356E-004
 mdl_yt =   0.99366614581500645     
 mdl_ytau =   1.02066167158167895E-002
 mdl_muH =    88.388347648318444     
 mdl_I1x33 =  ( 2.69955531549349904E-002,  0.0000000000000000     )
 mdl_I2x33 =  ( 0.99366614581500645     ,  0.0000000000000000     )
 mdl_I3x33 =  ( 0.99366614581500645     ,  0.0000000000000000     )
 mdl_I4x33 =  ( 2.69955531549349904E-002,  0.0000000000000000     )
 mdl_ee__exp__2 =   9.48355200516540348E-002
 mdl_sw__exp__2 =   0.22224645274001076     
 mdl_cw__exp__2 =   0.77775354725998924     
  Internal Params evaluated point by point
  ----------------------------------------
  
 mdl_sqrt__aS =   0.34351128178744839     
 mdl_G__exp__2 =    1.4828317414825511     
  Couplings of sm-lepton_masses
  ---------------------------------
  
         GC_3 =  -0.00000E+00  -0.30795E+00
        GC_50 =  -0.00000E+00  -0.28804E+00
        GC_59 =   0.00000E+00   0.82310E-01
        GC_89 =  -0.00000E+00  -0.20754E-05

 Collider parameters:
 --------------------

<<<<<<< HEAD
 Running at e e   machine @   7.14879999999999960E-002  GeV
=======
 Running at e e   machine @   7.00000000000000067E-002  GeV
>>>>>>> 911b5ec345c81b054214c521136984e9d6306827
 PDF set = none   
 alpha_s(Mz)= 0.1180 running at 2 loops.
 alpha_s(Mz)= 0.1180 running at 2 loops.
 Renormalization scale fixed @    91.188000000000002     
 Factorization scales  fixed @    91.188000000000002        91.188000000000002     


 getting user params
Enter number of events and max and min iterations: 
<<<<<<< HEAD
 Number of events and iterations         2000           9           3
Enter desired fractional accuracy: 
 Desired fractional accuracy:  -1.94430000000000017E-006
=======
 Number of events and iterations         1000           9           3
Enter desired fractional accuracy: 
 Desired fractional accuracy:  -4.17719999999999991E-053
>>>>>>> 911b5ec345c81b054214c521136984e9d6306827
Enter 0 for fixed, 2 for adjustable grid: 
Suppress amplitude (0 no, 1 yes)? 
 Using suppressed amplitude.
Exact helicity sum (0 yes, n = number/event)? 
 Explicitly summing over helicities
Enter Configuration Number: 
Running Configuration Number:    4
 Not subdividing B.W.
 Attempting mappinvarients           1           4
 Completed mapping           4
<<<<<<< HEAD
 about to integrate            2        2000           9           3           2           1
 Using non-zero grid deformation.
  2 dimensions   2000 events  2 invarients  9 iterations  1 config(s),  (0.99)
 Using h-tuple random number sequence.
 Error opening grid
 Using Uniform Grid!
 Using uniform alpha   1.0000000000000000     
 Grid defined OK
 Set CM energy to          0.07
 Mapping Graph           4  to config           4
Setting grid   1    0.19567E-01   1
=======
 about to integrate            2        1000           9           3           2           1
 Keeping grid fixed.
  2 dimensions   1000 events  2 invarients  9 iterations  1 config(s),  (0.99)
 Using h-tuple random number sequence.
 Grid read from file
 Grid defined OK
 Set CM energy to          0.07
 Mapping Graph           4  to config           4
 No modification is setgrid, grid read from file
>>>>>>> 911b5ec345c81b054214c521136984e9d6306827
 Masses: 0.511E-03 0.511E-03 0.511E-03 0.511E-03
   4   1   2
 Got moffset           3
Using random seed offsets     4 :      1
<<<<<<< HEAD
  with seed                   63
 Ranmar initialization seeds       18441       18910
=======
  with seed                   30
 Ranmar initialization seeds        8295       18876
>>>>>>> 911b5ec345c81b054214c521136984e9d6306827
  Particle       3       4
      Et >     0.0     0.0
       E >     0.0     0.0
     Eta <    -1.0    -1.0
   xqcut:      0.0     0.0
d R # 3  >    -0.0     0.4
s min # 3>     0.0     0.0
xqcutij # 3>     0.0     0.0
 alpha_s for scale    91.188000000000002       is   0.11800000071525575     
<<<<<<< HEAD
 Added good helicity            1   5.7248446627988958       in event            1
 Added good helicity            2  1.64996350820027939E-005  in event            1
 Added good helicity            3  1.64996373792004975E-005  in event            1
 Added good helicity            5  1.64996350820027939E-005  in event            1
 Added good helicity            6   2.2645976136481134       in event            1
 Added good helicity            7  1.04916020349122407E-002  in event            1
 Added good helicity            8  1.64996350820028007E-005  in event            1
 Added good helicity            9  1.64996373792004975E-005  in event            1
 Added good helicity           10  1.04916020349122407E-002  in event            1
 Added good helicity           11   2.2645978467093348       in event            1
 Added good helicity           12  1.64996373792004941E-005  in event            1
 Added good helicity           14  1.64996350820028007E-005  in event            1
 Added good helicity           15  1.64996373792004907E-005  in event            1
 Added good helicity           16   5.7248446627988958       in event            1
 Iteration  1   Mean: 0.2486E+10 Abs mean: 0.2486E+10   Fluctuation:  0.663E+08   0.103E+11    89.8%
  1    0.2486E+10 0.2486E+10 +- 0.6626E+08      1.19
 Writing out events   153735.24422222542        1.1919035435042225     
=======
 Added good helicity            1   4.0000000000048841       in event            1
 Added good helicity            6   3.9999999999951164       in event            1
 Added good helicity           11   3.9999999999951164       in event            1
 Added good helicity           16   4.0000000000048841       in event            1
 Added good helicity            2  1.14975239946461100E-005  in event           63
 Added good helicity            3  1.14975193031365831E-005  in event           63
 Added good helicity            5  1.14975239946460897E-005  in event           63
 Added good helicity            7   3.4389110559257863       in event           63
 Added good helicity            8  1.14975239946460897E-005  in event           63
 Added good helicity            9  1.14975193031365865E-005  in event           63
 Added good helicity           10   3.4389110559257867       in event           63
 Added good helicity           12  1.14975193031365831E-005  in event           63
 Added good helicity           14  1.14975239946461134E-005  in event           63
 Added good helicity           15  1.14975193031365797E-005  in event           63
 Iteration  1   Mean: 0.7340E+52 Abs mean: 0.7340E+52   Fluctuation:  0.660E+52   0.656E+55   100.0%
  1    0.7340E+52 0.7340E+52 +- 0.6600E+52     28.44
 Writing out events  8.15536016253073807E+047   28.435571002679826     
 Relative summed weights:
  0.1000E+01  0.0000E+00
 Relative number of events:
  0.1000E+01  0.0000E+00
 Events:
        1000           0
 Iteration  2   Mean: 0.3294E+54 Abs mean: 0.3294E+54   Fluctuation:  0.185E+54   0.264E+57   100.0%
  2    0.3294E+54 0.3294E+54 +- 0.1851E+54     25.13
>>>>>>> 911b5ec345c81b054214c521136984e9d6306827
 Relative summed weights:
  0.1000E+01  0.0000E+00
 Relative number of events:
  0.1000E+01  0.0000E+00
 Events:
        2000           0
<<<<<<< HEAD
 Iteration  2   Mean: 0.2377E+10 Abs mean: 0.2377E+10   Fluctuation:  0.259E+08   0.637E+10    98.8%
  2    0.2377E+10 0.2377E+10 +- 0.2585E+08      0.69
=======
 Error in matrix element
 Iteration  3   Mean: 0.4140E+54 Abs mean: 0.4140E+54   Fluctuation:  0.298E+54   0.115E+58   100.0%
  3    0.4140E+54 0.4140E+54 +- 0.2980E+54     45.52
>>>>>>> 911b5ec345c81b054214c521136984e9d6306827
 Relative summed weights:
  0.1000E+01  0.0000E+00
 Relative number of events:
  0.1000E+01  0.0000E+00
 Events:
        4000           0
<<<<<<< HEAD
Warning xbin not returning correct x   1  0.982831E+00  0.999988E+00  0.7169E-03
Warning xbin not returning correct x   1  0.992901E+00  0.999995E+00  0.7169E-03
Warning xbin not returning correct x   1  0.996627E+00  0.999998E+00  0.7169E-03
 Iteration  3   Mean: 0.2357E+10 Abs mean: 0.2357E+10   Fluctuation:  0.129E+08   0.932E+10    99.3%
  3    0.2357E+10 0.2357E+10 +- 0.1292E+08      0.49
=======
 Found           17  events.
 Wrote            2  events.
 Actual xsec   2.92306144990267591E+053
 Correct abs xsec   2.92306144990267591E+053
 Event xsec   2.92306144990267549E+053
 Events wgts > 1:            1
 % Cross section > 1:   1.44992220618308126E+046  4.96028643609718528E-006
 Checking number of events   12.210212288533457                2  chi2:    932.20209292638754     
 Found           17  events.
 Wrote            2  events.
 Actual xsec   2.92306144990267591E+053
 Correct abs xsec   2.92306144990267591E+053
 Event xsec   2.92306144990267549E+053
 Events wgts > 1:            1
 % Cross section > 1:   1.44992220618308126E+046  4.96028643609718528E-006
 Iteration  4   Mean: 0.1769E+57 Abs mean: 0.1769E+57   Fluctuation:  0.147E+57   0.116E+61   100.0%
  4    0.1769E+57 0.1769E+57 +- 0.1471E+57     74.37
>>>>>>> 911b5ec345c81b054214c521136984e9d6306827
 Relative summed weights:
  0.1000E+01  0.0000E+00
 Relative number of events:
  0.1000E+01  0.0000E+00
 Events:
        8000           0
<<<<<<< HEAD
 Found          781  events.
 Wrote          776  events.
 Actual xsec    2365231386.2940540     
 Correct abs xsec    2365231386.2940540     
 Event xsec    2365231386.2940984     
 Events wgts > 1:            0
 % Cross section > 1:    0.0000000000000000        0.0000000000000000     
 Checking number of events   4598.7193843715295              776  chi2:    1.9678611105577732     
 Found          781  events.
 Wrote          776  events.
 Actual xsec    2365231386.2940540     
 Correct abs xsec    2365231386.2940540     
 Event xsec    2365231386.2940984     
 Events wgts > 1:            0
 % Cross section > 1:    0.0000000000000000        0.0000000000000000     
Warning xbin not returning correct x   1  0.992772E+00  0.999998E+00  0.3135E-03
Warning xbin not returning correct x   1  0.993724E+00  0.999998E+00  0.3135E-03
 Iteration  4   Mean: 0.2363E+10 Abs mean: 0.2363E+10   Fluctuation:  0.588E+07   0.403E+10    99.5%
  4    0.2363E+10 0.2363E+10 +- 0.5881E+07      0.31
=======
 Found           20  events.
 Wrote            1  events.
 Actual xsec   3.93802862383055879E+055
 Correct abs xsec   3.93802862383055879E+055
 Event xsec   3.93802862383055879E+055
 Events wgts > 1:            1
 % Cross section > 1:   5.49763460885997771E+048  1.39603723944301223E-005
 Checking number of events   1644.9933167465010                1  chi2:    30805.180205008750     
 Found           20  events.
 Wrote            1  events.
 Actual xsec   3.93802862383055879E+055
 Correct abs xsec   3.93802862383055879E+055
 Event xsec   3.93802862383055879E+055
 Events wgts > 1:            1
 % Cross section > 1:   5.49763460885997771E+048  1.39603723944301223E-005
 Error in matrix element
 Iteration  5   Mean: 0.1193E+57 Abs mean: 0.1193E+57   Fluctuation:  0.794E+56   0.959E+60   100.0%
  5    0.1193E+57 0.1193E+57 +- 0.7943E+56     84.24
 Relative summed weights:
  0.1000E+01  0.0000E+00
 Relative number of events:
  0.1000E+01  0.0000E+00
 Events:
       16000           0
 Found           13  events.
 Wrote            2  events.
 Actual xsec   9.33279951290672724E+055
 Correct abs xsec   9.33279951290672724E+055
 Event xsec   9.33279951290672724E+055
 Events wgts > 1:            1
 % Cross section > 1:   2.24076601215262847E+048  2.40095805021181207E-006
 Checking number of events   3898.4970125313980                2  chi2:    48614.755461638291     
 Found           13  events.
 Wrote            1  events.
 Actual xsec   9.33279951290672724E+055
 Correct abs xsec   9.33279951290672724E+055
 Event xsec   9.33279951290672724E+055
 Events wgts > 1:            1
 % Cross section > 1:   4.48153190452586378E+048  4.80191597208121993E-006
 Error in matrix element
 Error in matrix element
 Error in matrix element
 Error in matrix element
 Error in matrix element
 Iteration  6   Mean: 0.1163E+57 Abs mean: 0.1163E+57   Fluctuation:  0.823E+56   0.252E+61   100.0%
  6    0.1163E+57 0.1163E+57 +- 0.8226E+56    126.51
 Relative summed weights:
  0.1000E+01  0.0000E+00
 Relative number of events:
  0.1000E+01  0.0000E+00
 Events:
       32000           0
 Found           20  events.
 Wrote            1  events.
 Actual xsec   1.32852347679384022E+056
 Correct abs xsec   1.32852347679384022E+056
 Event xsec   1.32852347679384022E+056
 Events wgts > 1:            1
 % Cross section > 1:   4.54252189460948153E+048  3.41922591053645983E-006
 Checking number of events   5549.5082672632288                1  chi2:   7.96366599408200593E-002
 Found           20  events.
 Wrote            2  events.
 Actual xsec   1.32852347679384022E+056
 Correct abs xsec   1.32852347679384022E+056
 Event xsec   1.32852347679384022E+056
 Events wgts > 1:            1
 % Cross section > 1:   2.27126097997184799E+048  1.70961297985726243E-006
 Error in matrix element
 Error in matrix element
 Error in matrix element
 Iteration  7   Mean: 0.1333E+57 Abs mean: 0.1333E+57   Fluctuation:  0.478E+56   0.146E+61   100.0%
  7    0.1333E+57 0.1333E+57 +- 0.4778E+56     90.64
 Relative summed weights:
  0.1000E+01  0.0000E+00
 Relative number of events:
  0.1000E+01  0.0000E+00
 Events:
       64000           0
 Found           50  events.
 Wrote            6  events.
 Actual xsec   1.27880168834434968E+056
 Correct abs xsec   1.27880168834434968E+056
 Event xsec   1.27880168834434968E+056
 Events wgts > 1:            3
 % Cross section > 1:   5.16165781022735946E+048  4.03632389390265841E-006
 Checking number of events   5341.8104125520176                6  chi2:   2.22872473566018726E-002
 Found           50  events.
 Wrote            7  events.
 Actual xsec   1.27880168834434968E+056
 Correct abs xsec   1.27880168834434968E+056
 Event xsec   1.27880168834434968E+056
 Events wgts > 1:            3
 % Cross section > 1:   4.42427814405230561E+048  3.45970621119555224E-006
 Error in matrix element
 Error in matrix element
 Error in matrix element
 Error in matrix element
 Error in matrix element
 Error in matrix element
 Error in matrix element
 Error in matrix element
 Error in matrix element
 Error in matrix element
 Error in matrix element
 Error in matrix element
 Error in matrix element
 Error in matrix element
 Error in matrix element
 Error in matrix element
 Iteration  8   Mean: 0.1220E+57 Abs mean: 0.1220E+57   Fluctuation:  0.350E+56   0.252E+61   100.0%
  8    0.1220E+57 0.1220E+57 +- 0.3502E+56    102.74
 Relative summed weights:
  0.1000E+01  0.0000E+00
 Relative number of events:
  0.1000E+01  0.0000E+00
 Events:
      128000           0
 Found           81  events.
 Wrote            7  events.
 Actual xsec   1.25492904449148704E+056
 Correct abs xsec   1.25492904449148704E+056
 Event xsec   1.25492904449148704E+056
 Events wgts > 1:            2
 % Cross section > 1:   3.00594001283651689E+048  2.39530675143036579E-006
 Checking number of events   5242.0896046498392                7  chi2:   2.47867077601920706E-002
 Found           81  events.
 Wrote            5  events.
 Actual xsec   1.25492904449148704E+056
 Correct abs xsec   1.25492904449148704E+056
 Event xsec   1.25492904449148682E+056
 Events wgts > 1:            2
 % Cross section > 1:   4.20831599074853429E+048  3.35342943030998037E-006
 Error in matrix element
 Error in matrix element
 Error in matrix element
 Error in matrix element
 Error in matrix element
 Error in matrix element
 Error in matrix element
 Error in matrix element
 Error in matrix element
 Error in matrix element
 Error in matrix element
 Error in matrix element
 Error in matrix element
 Error in matrix element
 Error in matrix element
 Error in matrix element
 Error in matrix element
 Error in matrix element
 Error in matrix element
 Error in matrix element
 Error in matrix element
 Error in matrix element
 Iteration  9   Mean: 0.1070E+57 Abs mean: 0.1070E+57   Fluctuation:  0.186E+56   0.150E+61   100.0%
  9    0.1070E+57 0.1070E+57 +- 0.1862E+56     88.04
 Relative summed weights:
  0.1000E+01  0.0000E+00
 Relative number of events:
  0.1000E+01  0.0000E+00
 Events:
      256000           0
 Found          172  events.
 Wrote           19  events.
 Actual xsec   1.14299462053769792E+056
 Correct abs xsec   1.14299462053769792E+056
 Event xsec   1.14299462053769748E+056
 Events wgts > 1:            3
 % Cross section > 1:   4.65052174978556559E+053  0.40687170929971894     
 Checking number of events   4774.5171289100717               19  chi2:   0.18035661791724467     
 Found          172  events.
 Wrote           17  events.
 Actual xsec   1.14299462053769792E+056
 Correct abs xsec   1.14299462053769792E+056
 Event xsec   1.14299462053769792E+056
 Events wgts > 1:            3
 % Cross section > 1:   5.19515517721090263E+053  0.45452140227632487     

 -------------------------------------------------------------------------------
 Accumulated results:   Integral =   +Infinity
                        Std dev  =   +Infinity
                       Cross sec =   +Infinity
             Chi**2 per DoF.     =      0.9957
 -------------------------------------------------------------------------------
-------------------------------------------------
---------------------------
 Results Last   3 iters: Integral =   0.1143E+57
                     Abs integral =   0.1143E+57
                          Std dev =   0.1571E+56
                  Chi**2 per DoF. =      0.1804
-------------------------------------------------
---------------------------
 Status -4.17719999999999991E-053          10           9
 Trying w/ fresh grid
 Starting w/ ncall =         4000
 Keeping grid fixed.
  2 dimensions   4000 events  2 invarients  8 iterations  1 config(s),  (0.99)
 Using h-tuple random number sequence.
 Error opening grid
 Using Uniform Grid!
 Using uniform alpha   1.0000000000000000     
 Grid defined OK
Setting grid   1    0.53290E-04   1
 Iteration  1   Mean: 0.2452E+29 Abs mean: 0.2452E+29   Fluctuation:  0.171E+29   0.639E+32   100.0%
  1    0.2452E+29 0.2452E+29 +- 0.1712E+29     44.17
 Relative summed weights:
  0.1000E+01  0.0000E+00
 Relative number of events:
  0.1000E+01  0.0000E+00
 Events:
        4000           0
 Iteration  2   Mean: 0.1330E+42 Abs mean: 0.1330E+42   Fluctuation:  0.133E+42   0.106E+46   100.0%
  2    0.1330E+42 0.1330E+42 +- 0.1330E+42     89.43
 Relative summed weights:
  0.1000E+01  0.0000E+00
 Relative number of events:
  0.1000E+01  0.0000E+00
 Events:
        8000           0
 Iteration  3   Mean: 0.3939E+40 Abs mean: 0.3939E+40   Fluctuation:  0.394E+40   0.630E+44   100.0%
  3    0.3939E+40 0.3939E+40 +- 0.3936E+40    126.38
>>>>>>> 911b5ec345c81b054214c521136984e9d6306827
 Relative summed weights:
  0.1000E+01  0.0000E+00
 Relative number of events:
  0.1000E+01  0.0000E+00
 Events:
       16000           0
<<<<<<< HEAD
 Found         1564  events.
 Wrote         1560  events.
 Actual xsec    2362470382.0136204     
 Correct abs xsec    2362470382.0136204     
 Event xsec    2362470382.0136662     
 Events wgts > 1:            0
 % Cross section > 1:    0.0000000000000000        0.0000000000000000     
 Checking number of events   4593.3511637490828             1560  chi2:   0.24393625127511889     
 Found         1564  events.
 Wrote         1560  events.
 Actual xsec    2362470382.0136204     
 Correct abs xsec    2362470382.0136204     
 Event xsec    2362470382.0136662     
 Events wgts > 1:            0
 % Cross section > 1:    0.0000000000000000        0.0000000000000000     
Warning xbin not returning correct x   1  0.998065E+00  0.100000E+01  0.2030E-03
Warning xbin not returning correct x   1  0.984166E+00  0.999997E+00  0.2030E-03
Warning xbin not returning correct x   1  0.982552E+00  0.999997E+00  0.2030E-03
Warning xbin not returning correct x   1  0.996513E+00  0.999999E+00  0.2030E-03
Warning xbin not returning correct x   1  0.991971E+00  0.999998E+00  0.2030E-03
Warning xbin still not working well. Last message this iteration.
 Iteration  5   Mean: 0.2356E+10 Abs mean: 0.2356E+10   Fluctuation:  0.299E+07   0.330E+10    99.5%
  5    0.2356E+10 0.2356E+10 +- 0.2990E+07      0.23
=======
 Found            6  events.
 Wrote            1  events.
 Actual xsec   3.38182142888392452E+040
 Correct abs xsec   3.38182142888392452E+040
 Event xsec   3.38182142888392500E+040
 Events wgts > 1:            0
 % Cross section > 1:    0.0000000000000000        0.0000000000000000     
 Checking number of events  1.41265444727339297E-012           1  chi2:   1.95010159604858790E+024
 Found            6  events.
 Wrote            1  events.
 Actual xsec   3.38182142888392452E+040
 Correct abs xsec   3.38182142888392452E+040
 Event xsec   3.38182142888392500E+040
 Events wgts > 1:            0
 % Cross section > 1:    0.0000000000000000        0.0000000000000000     
 Iteration  4   Mean: 0.4551E+43 Abs mean: 0.4551E+43   Fluctuation:  0.385E+43   0.121E+48   100.0%
  4    0.4551E+43 0.4551E+43 +- 0.3852E+43    151.40
>>>>>>> 911b5ec345c81b054214c521136984e9d6306827
 Relative summed weights:
  0.1000E+01  0.0000E+00
 Relative number of events:
  0.1000E+01  0.0000E+00
 Events:
       32000           0
<<<<<<< HEAD
 Found         3209  events.
 Wrote         3206  events.
 Actual xsec    2357200573.4467087     
 Correct abs xsec    2357200573.4467087     
 Event xsec    2357200573.4466991     
 Events wgts > 1:            0
 % Cross section > 1:    0.0000000000000000        0.0000000000000000     
 Checking number of events   4583.1050749524356             3206  chi2:   0.57366364623730870     
 Found         3209  events.
 Wrote         3206  events.
 Actual xsec    2357200573.4467087     
 Correct abs xsec    2357200573.4467087     
 Event xsec    2357200573.4466991     
 Events wgts > 1:            0
 % Cross section > 1:    0.0000000000000000        0.0000000000000000     
Warning xbin not returning correct x   1  0.991747E+00  0.999999E+00  0.1742E-03
Warning xbin not returning correct x   1  0.985845E+00  0.999998E+00  0.1742E-03
Warning xbin not returning correct x   1  0.995547E+00  0.999999E+00  0.1742E-03
Warning xbin not returning correct x   1  0.984973E+00  0.999997E+00  0.1742E-03
Warning xbin not returning correct x   1  0.988740E+00  0.999998E+00  0.1742E-03
Warning xbin still not working well. Last message this iteration.
 Iteration  6   Mean: 0.2356E+10 Abs mean: 0.2356E+10   Fluctuation:  0.152E+07   0.302E+10    99.7%
  6    0.2356E+10 0.2356E+10 +- 0.1520E+07      0.16
=======
 Found           56  events.
 Wrote            1  events.
 Actual xsec   1.90997058364397007E+042
 Correct abs xsec   1.90997058364397007E+042
 Event xsec   1.90997058364397007E+042
 Events wgts > 1:            1
 % Cross section > 1:   1.24946003075446118E+035  6.54177630511281262E-006
 Checking number of events  7.97832912199759155E-011           1  chi2:    117336.40369028822     
 Found           56  events.
 Wrote            1  events.
 Actual xsec   1.90997058364397007E+042
 Correct abs xsec   1.90997058364397007E+042
 Event xsec   1.90997058364397007E+042
 Events wgts > 1:            1
 % Cross section > 1:   1.24946003075446118E+035  6.54177630511281262E-006
 Iteration  5   Mean: 0.1130E+47 Abs mean: 0.1130E+47   Fluctuation:  0.745E+46   0.377E+51   100.0%
  5    0.1130E+47 0.1130E+47 +- 0.7445E+46    166.73
 Relative summed weights:
  0.1000E+01  0.0000E+00
 Relative number of events:
  0.1000E+01  0.0000E+00
 Events:
       64000           0
 Found          150  events.
 Wrote            2  events.
 Actual xsec   5.53502899561521020E+045
 Correct abs xsec   5.53502899561521020E+045
 Event xsec   5.53502899561521020E+045
 Events wgts > 1:            0
 % Cross section > 1:    0.0000000000000000        0.0000000000000000     
 Checking number of events  2.31209231204838567E-007           2  chi2:    988737894193.80261     
 Found          150  events.
 Wrote            2  events.
 Actual xsec   5.53502899561521020E+045
 Correct abs xsec   5.53502899561521020E+045
 Event xsec   5.53502899561521020E+045
 Events wgts > 1:            0
 % Cross section > 1:    0.0000000000000000        0.0000000000000000     
 Fixing grid
 Iteration  6   Mean: 0.3183E+54 Abs mean: 0.3183E+54   Fluctuation:  0.317E+54   0.405E+59   100.0%
  6    0.3183E+54 0.3183E+54 +- 0.3167E+54    355.96
>>>>>>> 911b5ec345c81b054214c521136984e9d6306827
 Relative summed weights:
  0.1000E+01  0.0000E+00
 Relative number of events:
  0.1000E+01  0.0000E+00
 Events:
<<<<<<< HEAD
       64000           0
 Found         6377  events.
 Wrote         6373  events.
 Actual xsec    2356527535.1942768     
 Correct abs xsec    2356527535.1942768     
 Event xsec    2356527535.1939988     
 Events wgts > 1:            0
 % Cross section > 1:    0.0000000000000000        0.0000000000000000     
 Checking number of events   4581.7964866782331             6373  chi2:   0.61561098632215794     

 -------------------------------------------------------------------------------
 Accumulated results:   Integral =  0.2357E+10
                        Std dev  =  0.1312E+07
                       Cross sec =  0.1227E+01
             Chi**2 per DoF.     =
-------------------------------------------------
---------------------------
 Results Last   3 iters: Integral =   0.2357E+10
                     Abs integral =   0.2357E+10
                          Std dev =   0.1321E+07
                  Chi**2 per DoF. =      0.6156
-------------------------------------------------
---------------------------
 Status -1.94430000000000017E-006           7           9
 We found enough events        6373   4581.7964866782331     
=======
      128000           0
 Found          638  events.
 Wrote            1  events.
 Actual xsec   6.82970339806990796E+052
 Correct abs xsec   6.82970339806990796E+052
 Event xsec   6.82970339806990796E+052
 Events wgts > 1:            1
 % Cross section > 1:   2.12425863489114062E+045  3.11032340802890743E-006
 Checking number of events   2.8529037034417617                1  chi2:   1.57211842639799779E+020
 Found          638  events.
 Wrote            1  events.
 Actual xsec   6.82970339806990796E+052
 Correct abs xsec   6.82970339806990796E+052
 Event xsec   6.82970339806990796E+052
 Events wgts > 1:            1
 % Cross section > 1:   2.12425863489114062E+045  3.11032340802890743E-006
 Iteration  7   Mean: 0.2140E+54 Abs mean: 0.2140E+54   Fluctuation:  0.196E+54   0.502E+59   100.0%
  7    0.2140E+54 0.2140E+54 +- 0.1963E+54    464.13
 Relative summed weights:
  0.1000E+01  0.0000E+00
 Relative number of events:
  0.1000E+01  0.0000E+00
 Events:
      256000           0
 Found           31  events.
 Wrote            1  events.
 Actual xsec   1.27959940090606722E+053
 Correct abs xsec   1.27959940090606722E+053
 Event xsec   1.27959940090606722E+053
 Events wgts > 1:            1
 % Cross section > 1:   1.57069375000265901E+046  1.22748865691127366E-005
 Checking number of events   5.3451426174648242                1  chi2:    147692659820949.19     
 Found           31  events.
 Wrote            2  events.
 Actual xsec   1.27959940090606722E+053
 Correct abs xsec   1.27959940090606722E+053
 Event xsec   1.27959940090606743E+053
 Events wgts > 1:            1
 % Cross section > 1:   7.85346923916919750E+045  6.13744366682905605E-006
 Iteration  8   Mean: 0.9241E+55 Abs mean: 0.9241E+55   Fluctuation:  0.894E+55   0.458E+61   100.0%
  8    0.9241E+55 0.9241E+55 +- 0.8941E+55    692.32
 Relative summed weights:
  0.1000E+01  0.0000E+00
 Relative number of events:
  0.1000E+01  0.0000E+00
 Events:
      512000           0
 Found           34  events.
 Wrote            1  events.
 Actual xsec   1.00437537267271272E+056
 Correct abs xsec   1.00437537267271272E+056
 Event xsec   1.00437537267271272E+056
 Events wgts > 1:            0
 % Cross section > 1:    0.0000000000000000        0.0000000000000000     
 Checking number of events   133.58618149068158                1  chi2:    157.06096980863640     
 Found           34  events.
 Wrote            1  events.
 Actual xsec   1.00437537267271272E+056
 Correct abs xsec   1.00437537267271272E+056
 Event xsec   1.00437537267271272E+056
 Events wgts > 1:            0
 % Cross section > 1:    0.0000000000000000        0.0000000000000000     

 -------------------------------------------------------------------------------
 Accumulated results:   Integral =   +Infinity
                        Std dev  =   +Infinity
                       Cross sec =   +Infinity
             Chi**2 per DoF.     =     12.9435
 -------------------------------------------------------------------------------
-------------------------------------------------
---------------------------
 Results Last   3 iters: Integral =   0.3198E+55
                     Abs integral =   0.3198E+55
                         Std dev =   0.1769E+55
                 Chi**2 per DoF. =    157.0610
-------------------------------------------------
---------------------------
>>>>>>> 911b5ec345c81b054214c521136984e9d6306827

ls status:
events.lhe
ftn25
ftn26
input_sg.txt
<<<<<<< HEAD
moffset.dat
results.dat
run_01_ftn26.gz
run_01_log.txt
run_01_results.dat
run_02_ftn26.gz
run_02_log.txt
run_02_results.dat
run_03_ftn26.gz
run_03_log.txt
run_03_results.dat
run_04_ftn26.gz
run_04_log.txt
run_04_results.dat
=======
log.txt
moffset.dat
results.dat
>>>>>>> 911b5ec345c81b054214c521136984e9d6306827
run1_app.log
