 Process in group number            1
 No PDF is used, alpha_s(MZ) from param_card is used
 Value of alpha_s from param_card:   0.11800000071525575     
 The default order of alpha_s running is fixed to            2
 *****************************************************
 *               MadGraph/MadEvent                   *
 *        --------------------------------           *
 *          http://madgraph.hep.uiuc.edu             *
 *          http://madgraph.phys.ucl.ac.be           *
 *          http://madgraph.roma2.infn.it            *
 *        --------------------------------           *
 *                                                   *
 *          PARAMETER AND COUPLING VALUES            *
 *                                                   *
 *****************************************************

  External Params
  ---------------------------------
  
 mdl_MB =    4.6999998092651367     
 mdl_MT =    173.00000000000000     
 mdl_MTA =    1.7769999504089355     
 mdl_MZ =    91.188003540039063     
 mdl_MH =    125.00000000000000     
 aEWM1 =    132.50700378417969     
 mdl_Gf =   1.16639000000000003E-005
 aS =   0.11800000071525575     
 mdl_ymb =    4.6999998092651367     
 mdl_ymt =    173.00000000000000     
 mdl_ymtau =    1.7769999504089355     
 mdl_WT =    1.4915000200271606     
 mdl_WZ =    2.4414041042327881     
 mdl_WW =    2.0476000308990479     
 mdl_WH =   6.38233916833996773E-003
  Internal Params
  ---------------------------------
  
 mdl_conjg__CKM3x3 =    1.0000000000000000     
 mdl_CKM3x3 =    1.0000000000000000     
 mdl_conjg__CKM1x1 =    1.0000000000000000     
 mdl_complexi =  (  0.0000000000000000     ,  1.0000000000000000     )
 mdl_MZ__exp__2 =    8315.2519896181766     
 mdl_MZ__exp__4 =    69143415.650849044     
 mdl_sqrt__2 =    1.4142135623730951     
 mdl_MH__exp__2 =    15625.000000000000     
 mdl_aEW =   7.54677089845565054E-003
 mdl_MW =    80.419007276179556     
 mdl_sqrt__aEW =   8.68721526063194194E-002
 mdl_ee =   0.30795376284704501     
 mdl_MW__exp__2 =    6467.2167312862202     
 mdl_sw2 =   0.22224645274001076     
 mdl_cw =   0.88190336616887299     
 mdl_sqrt__sw2 =   0.47143022043565552     
 mdl_sw =   0.47143022043565552     
 mdl_g1 =   0.34919218438279087     
 mdl_gw =   0.65323296958447097     
 mdl_vev =    246.21845810181631     
 mdl_vev__exp__2 =    60623.529110035874     
 mdl_lam =   0.12886910601690271     
 mdl_yb =   2.69955531549349904E-002
 mdl_yt =   0.99366614581500645     
 mdl_ytau =   1.02066167158167895E-002
 mdl_muH =    88.388347648318444     
 mdl_I1x33 =  ( 2.69955531549349904E-002,  0.0000000000000000     )
 mdl_I2x33 =  ( 0.99366614581500645     ,  0.0000000000000000     )
 mdl_I3x33 =  ( 0.99366614581500645     ,  0.0000000000000000     )
 mdl_I4x33 =  ( 2.69955531549349904E-002,  0.0000000000000000     )
 mdl_ee__exp__2 =   9.48355200516540348E-002
 mdl_sw__exp__2 =   0.22224645274001076     
 mdl_cw__exp__2 =   0.77775354725998924     
  Internal Params evaluated point by point
  ----------------------------------------
  
 mdl_sqrt__aS =   0.34351128178744839     
 mdl_G__exp__2 =    1.4828317414825511     
  Couplings of sm
  ---------------------------------
  
         GC_3 =  -0.00000E+00  -0.30795E+00
        GC_50 =  -0.00000E+00  -0.28804E+00
        GC_59 =   0.00000E+00   0.82310E-01

 Collider parameters:
 --------------------

 Running at e e   machine @    13000.000000000000       GeV
 PDF set = none   
 alpha_s(Mz)= 0.1180 running at 2 loops.
 alpha_s(Mz)= 0.1180 running at 2 loops.
 Renormalization scale set on event-by-event basis
 Factorization   scale set on event-by-event basis


 getting user params
Enter number of events and max and min iterations: 
 Number of events and iterations         2000           9           3
Enter desired fractional accuracy: 
 Desired fractional accuracy:   -249730.00000000000     
Enter 0 for fixed, 2 for adjustable grid: 
Suppress amplitude (0 no, 1 yes)? 
 Using suppressed amplitude.
Exact helicity sum (0 yes, n = number/event)? 
 Explicitly summing over helicities
Enter Configuration Number: 
Running Configuration Number:   15
 Not subdividing B.W.
 Attempting mappinvarients           1           5
 Completed mapping           5
 about to integrate            5        2000           9           3           5           1
 Using non-zero grid deformation.
  5 dimensions   2000 events  5 invarients  9 iterations  1 config(s),  (0.99)
 Using h-tuple random number sequence.
 Error opening grid
 Using Uniform Grid!
 Using uniform alpha   1.0000000000000000     
 Grid defined OK
 Set CM energy to      13000.00
 Mapping Graph          15  to config          15
Setting grid   1    0.75740E-07   1
Setting grid   2    0.59172E-06   1
 Masses: 0.000E+00 0.000E+00 0.000E+00 0.000E+00 0.000E+00
  15   1   2   3   4   5
 Got moffset           1
Using random seed offsets    15 :      1
  with seed                   36
 Ranmar initialization seeds       15620       12568
  Particle       3       4       5
      Et >    10.0    10.0    10.0
       E >     0.0     0.0     0.0
     Eta <     2.5     2.5     2.5
   xqcut:      0.0     0.0     0.0
d R # 3  >    -0.0     0.4     0.4
d R # 4  >    -0.0    -0.0     0.4
s min # 3>     0.0     0.0     0.0
s min # 4>     0.0     0.0     0.0
xqcutij # 3>     0.0     0.0     0.0
xqcutij # 4>     0.0     0.0     0.0
 alpha_s for scale    71.261249887448969       is   0.12256113469017389     
 Added good helicity            1   2.5203609739277808       in event            1
 Added good helicity            5  0.93880769420134325       in event            1
 Added good helicity           10   5.1539228593254487       in event            1
 Added good helicity           11  1.52642386278476334E-005  in event            1
 Added good helicity           14   5.9241592114621238       in event            1
 Added good helicity           19   7.4882089035322617       in event            1
 Added good helicity           22  1.52643104281606633E-005  in event            1
 Added good helicity           23   6.5155598711931457       in event            1
 Added good helicity           28  0.93893775562452109       in event            1
 Added good helicity           32   2.5200118541557548       in event            1
 Added good helicity           15  9.18258462229891003E-004  in event            2
 Added good helicity           18  9.18258481848208390E-004  in event            2
 Iteration  1   Mean: 0.3473E-02 Abs mean: 0.3473E-02   Fluctuation:  0.370E-03   0.337E+00    11.6%
  1    0.3473E-02 0.3473E-02 +- 0.3696E-03      4.76
 Writing out events  1.65956867654981400E-006   4.7591749026851407     
 Relative summed weights:
  0.1000E+01  0.0000E+00
 Relative number of events:
  0.1000E+01  0.0000E+00
 Events:
        2000           0
 Iteration  2   Mean: 0.3381E-02 Abs mean: 0.3381E-02   Fluctuation:  0.111E-03   0.943E-01    29.5%
  2    0.3381E-02 0.3381E-02 +- 0.1109E-03      2.07
 Relative summed weights:
  0.1000E+01  0.0000E+00
 Relative number of events:
  0.1000E+01  0.0000E+00
 Events:
        4000           0
 Iteration  3   Mean: 0.3644E-02 Abs mean: 0.3644E-02   Fluctuation:  0.745E-04   0.198E+00    28.1%
  3    0.3644E-02 0.3644E-02 +- 0.7455E-04      1.83
 Relative summed weights:
  0.1000E+01  0.0000E+00
 Relative number of events:
  0.1000E+01  0.0000E+00
 Events:
        8000           0
 Found         2646  events.
 Wrote          309  events.
 Actual xsec   3.56762818691896055E-003
 Correct abs xsec   3.56762818691896055E-003
 Event xsec   3.56762818691896792E-003
 Events wgts > 1:            6
 % Cross section > 1:   3.33735372003005130E-005  0.93545446587364711     
 Checking number of events   890.94378711927197              309  chi2:    1.9717736235204431     
 Found         2646  events.
 Wrote          306  events.
 Actual xsec   3.56762818691896055E-003
 Correct abs xsec   3.56762818691896055E-003
 Event xsec   3.56762818691892239E-003
 Events wgts > 1:            6
 % Cross section > 1:   3.36976382898889807E-005  0.94453896326542264     
 Iteration  4   Mean: 0.3615E-02 Abs mean: 0.3615E-02   Fluctuation:  0.542E-04   0.375E+00    25.2%
  4    0.3615E-02 0.3615E-02 +- 0.5418E-04      1.90
 Relative summed weights:
  0.1000E+01  0.0000E+00
 Relative number of events:
  0.1000E+01  0.0000E+00
 Events:
       16000           0
 Found         5716  events.
 Wrote          223  events.
 Actual xsec   3.59557509423724317E-003
 Correct abs xsec   3.59557509423724317E-003
 Event xsec   3.59557509423724924E-003
 Events wgts > 1:            2
 % Cross section > 1:   1.17499425308936332E-005  0.32678896206967467     
 Checking number of events   897.92296828386668              223  chi2:    2.1436122638921309     
 Found         5716  events.
 Wrote          229  events.
 Actual xsec   3.59557509423724317E-003
 Correct abs xsec   3.59557509423724317E-003
 Event xsec   3.59557509423726095E-003
 Events wgts > 1:            2
 % Cross section > 1:   1.14430635476019971E-005  0.31825405526760231     
 Iteration  5   Mean: 0.3593E-02 Abs mean: 0.3593E-02   Fluctuation:  0.371E-04   0.445E+00    22.5%
  5    0.3593E-02 0.3593E-02 +- 0.3715E-04      1.85
 Relative summed weights:
  0.1000E+01  0.0000E+00
 Relative number of events:
  0.1000E+01  0.0000E+00
 Events:
       32000           0
 Found        12593  events.
 Wrote         1179  events.
 Actual xsec   3.60625903398382758E-003
 Correct abs xsec   3.60625903398382758E-003
 Event xsec   3.60625903398380547E-003
 Events wgts > 1:           13
 % Cross section > 1:   3.52136380794335928E-005  0.97645892176894922     
 Checking number of events   900.59106855678124             1179  chi2:   0.20462217466244809     

 -------------------------------------------------------------------------------
 Accumulated results:   Integral =  0.3593E-02
                        Std dev  =  0.2739E-04
                       Cross sec =  0.9933E+00
             Chi**2 per DoF.     =
-------------------------------------------------
---------------------------
 Results Last   3 iters: Integral =   0.3606E-02
                     Abs integral =   0.3606E-02
                          Std dev =   0.2834E-04
                  Chi**2 per DoF. =      0.2046
-------------------------------------------------
---------------------------
 Status  -249730.00000000000                6           9
 We found enough events        1179   900.59106855678124     

ls status:
events.lhe
ftn25
ftn26
input_sg.txt
moffset.dat
results.dat
run_01_ftn26.gz
run_01_log.txt
run_01_results.dat
run1_app.log
