 Process in group number            1
 No PDF is used, alpha_s(MZ) from param_card is used
 Value of alpha_s from param_card:   0.11800000071525575     
 The default order of alpha_s running is fixed to            2
 Warning: pt or E min of a gamma should in general be >0
 *****************************************************
 *               MadGraph/MadEvent                   *
 *        --------------------------------           *
 *          http://madgraph.hep.uiuc.edu             *
 *          http://madgraph.phys.ucl.ac.be           *
 *          http://madgraph.roma2.infn.it            *
 *        --------------------------------           *
 *                                                   *
 *          PARAMETER AND COUPLING VALUES            *
 *                                                   *
 *****************************************************

  External Params
  ---------------------------------
  
 mdl_MB =    4.6999998092651367     
 mdl_MT =    173.00000000000000     
 mdl_MTA =    1.7769999504089355     
 mdl_MZ =    91.188003540039063     
 mdl_MH =    125.00000000000000     
 aEWM1 =    132.50700378417969     
 mdl_Gf =   1.16639000000000003E-005
 aS =   0.11800000071525575     
 mdl_ymb =    4.6999998092651367     
 mdl_ymt =    173.00000000000000     
 mdl_ymtau =    1.7769999504089355     
 mdl_WT =    1.4915000200271606     
 mdl_WZ =    2.4414041042327881     
 mdl_WW =    2.0476000308990479     
 mdl_WH =   6.38233916833996773E-003
  Internal Params
  ---------------------------------
  
 mdl_conjg__CKM3x3 =    1.0000000000000000     
 mdl_CKM3x3 =    1.0000000000000000     
 mdl_conjg__CKM1x1 =    1.0000000000000000     
 mdl_complexi =  (  0.0000000000000000     ,  1.0000000000000000     )
 mdl_MZ__exp__2 =    8315.2519896181766     
 mdl_MZ__exp__4 =    69143415.650849044     
 mdl_sqrt__2 =    1.4142135623730951     
 mdl_MH__exp__2 =    15625.000000000000     
 mdl_aEW =   7.54677089845565054E-003
 mdl_MW =    80.419007276179556     
 mdl_sqrt__aEW =   8.68721526063194194E-002
 mdl_ee =   0.30795376284704501     
 mdl_MW__exp__2 =    6467.2167312862202     
 mdl_sw2 =   0.22224645274001076     
 mdl_cw =   0.88190336616887299     
 mdl_sqrt__sw2 =   0.47143022043565552     
 mdl_sw =   0.47143022043565552     
 mdl_g1 =   0.34919218438279087     
 mdl_gw =   0.65323296958447097     
 mdl_vev =    246.21845810181631     
 mdl_vev__exp__2 =    60623.529110035874     
 mdl_lam =   0.12886910601690271     
 mdl_yb =   2.69955531549349904E-002
 mdl_yt =   0.99366614581500645     
 mdl_ytau =   1.02066167158167895E-002
 mdl_muH =    88.388347648318444     
 mdl_I1x33 =  ( 2.69955531549349904E-002,  0.0000000000000000     )
 mdl_I2x33 =  ( 0.99366614581500645     ,  0.0000000000000000     )
 mdl_I3x33 =  ( 0.99366614581500645     ,  0.0000000000000000     )
 mdl_I4x33 =  ( 2.69955531549349904E-002,  0.0000000000000000     )
 mdl_ee__exp__2 =   9.48355200516540348E-002
 mdl_sw__exp__2 =   0.22224645274001076     
 mdl_cw__exp__2 =   0.77775354725998924     
  Internal Params evaluated point by point
  ----------------------------------------
  
 mdl_sqrt__aS =   0.34351128178744839     
 mdl_G__exp__2 =    1.4828317414825511     
  Couplings of sm
  ---------------------------------
  
         GC_3 =  -0.00000E+00  -0.30795E+00
        GC_50 =  -0.00000E+00  -0.28804E+00
        GC_59 =   0.00000E+00   0.82310E-01

 Collider parameters:
 --------------------

 Running at e e   machine @    10.000000000000000       GeV
 PDF set = none   
 alpha_s(Mz)= 0.1180 running at 2 loops.
 alpha_s(Mz)= 0.1180 running at 2 loops.
 Renormalization scale set on event-by-event basis
 Factorization   scale set on event-by-event basis


 getting user params
Enter number of events and max and min iterations: 
 Number of events and iterations         1000           9           3
Enter desired fractional accuracy: 
 Desired fractional accuracy:  -1.10059999999999990E-009
Enter 0 for fixed, 2 for adjustable grid: 
Suppress amplitude (0 no, 1 yes)? 
 Using suppressed amplitude.
Exact helicity sum (0 yes, n = number/event)? 
 Explicitly summing over helicities
Enter Configuration Number: 
Running Configuration Number:    5
 Not subdividing B.W.
 Attempting mappinvarients           1           5
 Completed mapping           5
 about to integrate            5        1000           9           3           5           1
 Keeping grid fixed.
  5 dimensions   1000 events  5 invarients  9 iterations  1 config(s),  (0.99)
 Using h-tuple random number sequence.
 Grid read from file
 Grid defined OK
 Set CM energy to         10.00
 Mapping Graph           5  to config           5
 Warning: No cutoff for shat integral found
          Minimum set to   1.00000000000000002E-002
 No modification is setgrid, grid read from file
 Warning: No cutoff for shat integral found
          Minimum set to   1.00000000000000002E-002
 No modification is setgrid, grid read from file
 Masses: 0.000E+00 0.000E+00 0.000E+00 0.000E+00 0.000E+00
   5   1   2   3   4   5
 Got moffset          17
Using random seed offsets     5 :      1
  with seed                   48
 Ranmar initialization seeds       30238        2930
  Particle       3       4       5
      Et >     0.0    -1.0    -1.0
       E >     0.0     0.0     0.0
     Eta <    -1.0    -1.0    -1.0
   xqcut:      0.0     0.0     0.0
d R # 3  >    -0.0     0.4     0.4
d R # 4  >    -0.0    -0.0     0.0
s min # 3>     0.0     0.0     0.0
s min # 4>     0.0     0.0     0.0
xqcutij # 3>     0.0     0.0     0.0
xqcutij # 4>     0.0     0.0     0.0
 alpha_s for scale    2.2360679820797973       is   0.28377211141499642     
 Added good helicity            1   5.6744511819959254       in event            1
 Added good helicity            5   2.3255490064237740       in event            1
 Added good helicity           10   5.6744509151128240       in event            1
 Added good helicity           14   2.3255488962300479       in event            1
 Added good helicity           19   2.3255488963680939       in event            1
 Added good helicity           23   5.6744509154496328       in event            1
 Added good helicity           28   2.3255490064237749       in event            1
 Added good helicity           32   5.6744511819959254       in event            1
 Iteration  1   Mean: 0.1496E+15 Abs mean: 0.1496E+15   Fluctuation:  0.133E+15   0.133E+18    99.5%
  1    0.1496E+15 0.1496E+15 +- 0.1331E+15     28.13
 Writing out events   16710138220.418346        28.134055170109004     
 Relative summed weights:
  0.1000E+01  0.0000E+00
 Relative number of events:
  0.1000E+01  0.0000E+00
 Events:
        1000           0
 Iteration  2   Mean: 0.1725E+14 Abs mean: 0.1725E+14   Fluctuation:  0.851E+13   0.160E+17    99.4%
  2    0.1725E+14 0.1725E+14 +- 0.8510E+13     22.06
 Relative summed weights:
  0.1000E+01  0.0000E+00
 Relative number of events:
  0.1000E+01  0.0000E+00
 Events:
        2000           0
 Iteration  3   Mean: 0.6754E+14 Abs mean: 0.6754E+14   Fluctuation:  0.385E+14   0.143E+18    99.3%
  3    0.6754E+14 0.6754E+14 +- 0.3848E+14     36.03
 Relative summed weights:
  0.1000E+01  0.0000E+00
 Relative number of events:
  0.1000E+01  0.0000E+00
 Events:
        4000           0
 Found           69  events.
 Wrote            1  events.
 Actual xsec    55355842708347.430     
 Correct abs xsec    55355842708347.430     
 Event xsec    55355842708347.430     
 Events wgts > 1:            1
 % Cross section > 1:    2411005.5546875000       4.35546716791998288E-006
 Checking number of events   60924.640484807176                1  chi2:    10.323752587399730     
 Found           69  events.
 Wrote            2  events.
 Actual xsec    55355842708347.430     
 Correct abs xsec    55355842708347.430     
 Event xsec    55355842708347.438     
 Events wgts > 1:            1
 % Cross section > 1:    1205502.8007812500       2.17773362629969522E-006
 Iteration  4   Mean: 0.2390E+15 Abs mean: 0.2390E+15   Fluctuation:  0.215E+15   0.171E+19    99.5%
  4    0.2390E+15 0.2390E+15 +- 0.2145E+15     80.29
 Relative summed weights:
  0.1000E+01  0.0000E+00
 Relative number of events:
  0.1000E+01  0.0000E+00
 Events:
        8000           0
 Found           69  events.
 Wrote            1  events.
 Actual xsec    68251835177446.750     
 Correct abs xsec    68251835177446.750     
 Event xsec    68251835177446.750     
 Events wgts > 1:            1
 % Cross section > 1:    11610495.429687500       1.70112574987933690E-005
 Checking number of events   75117.969796297883                1  chi2:    18.272797743662323     
 Found           69  events.
 Wrote            2  events.
 Actual xsec    68251835177446.750     
 Correct abs xsec    68251835177446.750     
 Event xsec    68251835177446.750     
 Events wgts > 1:            1
 % Cross section > 1:    5805248.2070312500       8.50562947053113868E-006
 Iteration  5   Mean: 0.1967E+14 Abs mean: 0.1967E+14   Fluctuation:  0.504E+13   0.508E+17    99.4%
  5    0.1967E+14 0.1967E+14 +- 0.5043E+13     32.42
 Relative summed weights:
  0.1000E+01  0.0000E+00
 Relative number of events:
  0.1000E+01  0.0000E+00
 Events:
       16000           0
 Found           57  events.
 Wrote            6  events.
 Actual xsec    41146095173913.336     
 Correct abs xsec    41146095173913.336     
 Event xsec    41146095173913.328     
 Events wgts > 1:            1
 % Cross section > 1:    87940.337890625000       2.13727056040008579E-007
 Checking number of events   45285.392348409012                6  chi2:    9.7260059382750779     
 Found           57  events.
 Wrote            6  events.
 Actual xsec    41146095173913.336     
 Correct abs xsec    41146095173913.336     
 Event xsec    41146095173913.328     
 Events wgts > 1:            1
 % Cross section > 1:    87940.337890625000       2.13727056040008579E-007
 Iteration  6   Mean: 0.2561E+15 Abs mean: 0.2561E+15   Fluctuation:  0.211E+15   0.673E+19    99.4%
  6    0.2561E+15 0.2561E+15 +- 0.2111E+15    147.50
 Relative summed weights:
  0.1000E+01  0.0000E+00
 Relative number of events:
  0.1000E+01  0.0000E+00
 Events:
       32000           0
 Found          465  events.
 Wrote            1  events.
 Actual xsec    54242995209085.547     
 Correct abs xsec    54242995209085.547     
 Event xsec    54242995209085.547     
 Events wgts > 1:            0
 % Cross section > 1:    0.0000000000000000        0.0000000000000000     
 Checking number of events   59699.840527119544                1  chi2:    24.324366755580144     
 Found          465  events.
 Wrote            1  events.
 Actual xsec    54242995209085.547     
 Correct abs xsec    54242995209085.547     
 Event xsec    54242995209085.547     
 Events wgts > 1:            0
 % Cross section > 1:    0.0000000000000000        0.0000000000000000     
 Iteration  7   Mean: 0.3145E+16 Abs mean: 0.3145E+16   Fluctuation:  0.301E+16   0.193E+21    99.4%
  7    0.3145E+16 0.3145E+16 +- 0.3013E+16    242.34
 Relative summed weights:
  0.1000E+01  0.0000E+00
 Relative number of events:
  0.1000E+01  0.0000E+00
 Events:
       64000           0
 Found          225  events.
 Wrote            1  events.
 Actual xsec    230790126092944.97     
 Correct abs xsec    230790126092944.97     
 Event xsec    230790126092944.97     
 Events wgts > 1:            0
 % Cross section > 1:    0.0000000000000000        0.0000000000000000     
 Checking number of events   254007.61277789521                1  chi2:    876.78295788160665     
 Found          225  events.
 Wrote            1  events.
 Actual xsec    230790126092944.97     
 Correct abs xsec    230790126092944.97     
 Event xsec    230790126092944.97     
 Events wgts > 1:            0
 % Cross section > 1:    0.0000000000000000        0.0000000000000000     
 Iteration  8   Mean: 0.1996E+16 Abs mean: 0.1996E+16   Fluctuation:  0.151E+16   0.181E+21    99.4%
  8    0.1996E+16 0.1996E+16 +- 0.1505E+16    269.85
 Relative summed weights:
  0.1000E+01  0.0000E+00
 Relative number of events:
  0.1000E+01  0.0000E+00
 Events:
      128000           0
 Found           96  events.
 Wrote            1  events.
 Actual xsec    1693241308091093.0     
 Correct abs xsec    1693241308091093.0     
 Event xsec    1693241308091093.0     
 Events wgts > 1:            0
 % Cross section > 1:    0.0000000000000000        0.0000000000000000     
 Checking number of events   1863581.3836850568                1  chi2:    23.300073104027884     
 Found           96  events.
 Wrote            1  events.
 Actual xsec    1693241308091093.0     
 Correct abs xsec    1693241308091093.0     
 Event xsec    1693241308091093.0     
 Events wgts > 1:            0
 % Cross section > 1:    0.0000000000000000        0.0000000000000000     
 Iteration  9   Mean: 0.2080E+15 Abs mean: 0.2080E+15   Fluctuation:  0.979E+14   0.238E+20    99.4%
  9    0.2080E+15 0.2080E+15 +- 0.9790E+14    238.13
 Relative summed weights:
  0.1000E+01  0.0000E+00
 Relative number of events:
  0.1000E+01  0.0000E+00
 Events:
      256000           0
 Found          229  events.
 Wrote            1  events.
 Actual xsec    1069612397857783.6     
 Correct abs xsec    1069612397857783.6     
 Event xsec    1069612397857783.6     
 Events wgts > 1:            0
 % Cross section > 1:    0.0000000000000000        0.0000000000000000     
 Checking number of events   1177215.4050822766                1  chi2:    39.157014319158300     
 Found          229  events.
 Wrote            2  events.
 Actual xsec    1069612397857783.6     
 Correct abs xsec    1069612397857783.6     
 Event xsec    1069612397857783.6     
 Events wgts > 1:            0
 % Cross section > 1:    0.0000000000000000        0.0000000000000000     

 -------------------------------------------------------------------------------
 Accumulated results:   Integral =  0.2760E+15
                        Std dev  =  0.4751E+14
                       Cross sec =  0.2760E+15
             Chi**2 per DoF.     =     25.6295
 -------------------------------------------------------------------------------
-------------------------------------------------
---------------------------
 Results Last   3 iters: Integral =   0.1070E+16
                     Abs integral =   0.1070E+16
                          Std dev =   0.3942E+15
                  Chi**2 per DoF. =     39.1570
-------------------------------------------------
---------------------------
 Status -1.10059999999999990E-009          10           9
 Trying w/ fresh grid
 Starting w/ ncall =         4000
 Keeping grid fixed.
  5 dimensions   4000 events  5 invarients  8 iterations  1 config(s),  (0.99)
 Using h-tuple random number sequence.
 Error opening grid
 Using Uniform Grid!
 Using uniform alpha   1.0000000000000000     
 Grid defined OK
 Warning: No cutoff for shat integral found
          Minimum set to   1.00000000000000002E-002
Setting grid   1    0.10000E-01   1
 Warning: No cutoff for shat integral found
          Minimum set to   1.00000000000000002E-002
Setting grid   2    0.10000E-01   1
 Iteration  1   Mean: 0.6213E+05 Abs mean: 0.6213E+05   Fluctuation:  0.365E+05   0.142E+09    98.4%
  1    0.6213E+05 0.6213E+05 +- 0.3651E+05     37.17
 Relative summed weights:
  0.1000E+01  0.0000E+00
 Relative number of events:
  0.1000E+01  0.0000E+00
 Events:
        4000           0
 Iteration  2   Mean: 0.1821E+06 Abs mean: 0.1821E+06   Fluctuation:  0.926E+05   0.637E+09    98.6%
  2    0.1821E+06 0.1821E+06 +- 0.9257E+05     45.46
 Relative summed weights:
  0.1000E+01  0.0000E+00
 Relative number of events:
  0.1000E+01  0.0000E+00
 Events:
        8000           0
 Iteration  3   Mean: 0.8549E+06 Abs mean: 0.8549E+06   Fluctuation:  0.357E+06   0.398E+10    99.2%
  3    0.8549E+06 0.8549E+06 +- 0.3566E+06     52.77
 Relative summed weights:
  0.1000E+01  0.0000E+00
 Relative number of events:
  0.1000E+01  0.0000E+00
 Events:
       16000           0
 Found          514  events.
 Wrote            3  events.
 Actual xsec    463281.24727322656     
 Correct abs xsec    463281.24727322656     
 Event xsec    463281.24727322662     
 Events wgts > 1:            1
 % Cross section > 1:    5038.6047285875247        1.0875909090306728     
 Checking number of events  5.09887340748913127E-004           3  chi2:    65.577792664361098     
 Found          514  events.
 Wrote            4  events.
 Actual xsec    463281.24727322656     
 Correct abs xsec    463281.24727322656     
 Event xsec    463281.24727322662     
 Events wgts > 1:            1
 % Cross section > 1:    3789.2564486043557       0.81791707972362382     
 Iteration  4   Mean: 0.2651E+08 Abs mean: 0.2651E+08   Fluctuation:  0.168E+08   0.509E+12    99.3%
  4    0.2651E+08 0.2651E+08 +- 0.1684E+08    113.64
 Relative summed weights:
  0.1000E+01  0.0000E+00
 Relative number of events:
  0.1000E+01  0.0000E+00
 Events:
       32000           0
 Found         1274  events.
 Wrote            3  events.
 Actual xsec    5896112.1816239506     
 Correct abs xsec    5896112.1816239506     
 Event xsec    5896112.1816239506     
 Events wgts > 1:            0
 % Cross section > 1:    0.0000000000000000        0.0000000000000000     
 Checking number of events  6.48926106709531939E-003           3  chi2:    2005.8049235840672     
 Found         1274  events.
 Wrote            1  events.
 Actual xsec    5896112.1816239506     
 Correct abs xsec    5896112.1816239506     
 Event xsec    5896112.1816239506     
 Events wgts > 1:            0
 % Cross section > 1:    0.0000000000000000        0.0000000000000000     
 Iteration  5   Mean: 0.2366E+09 Abs mean: 0.2366E+09   Fluctuation:  0.126E+09   0.782E+13    99.0%
  5    0.2366E+09 0.2366E+09 +- 0.1257E+09    134.37
 Relative summed weights:
  0.1000E+01  0.0000E+00
 Relative number of events:
  0.1000E+01  0.0000E+00
 Events:
       64000           0
 Found         1280  events.
 Wrote            2  events.
 Actual xsec    77281304.071150512     
 Correct abs xsec    77281304.071150512     
 Event xsec    77281304.071150512     
 Events wgts > 1:            1
 % Cross section > 1:    1.3047162741422653       1.68826896727965828E-006
 Checking number of events  8.50558032607082459E-002           2  chi2:    22965.920974472439     
 Found         1280  events.
 Wrote            1  events.
 Actual xsec    77281304.071150512     
 Correct abs xsec    77281304.071150512     
 Event xsec    77281304.071150512     
 Events wgts > 1:            1
 % Cross section > 1:    2.6094324886798859       3.37653785743245499E-006
 Fixing grid
 Iteration  6   Mean: 0.5088E+10 Abs mean: 0.5088E+10   Fluctuation:  0.193E+10   0.198E+15    99.1%
  6    0.5088E+10 0.5088E+10 +- 0.1931E+10    135.79
 Relative summed weights:
  0.1000E+01  0.0000E+00
 Relative number of events:
  0.1000E+01  0.0000E+00
 Events:
      128000           0
 Found         4089  events.
 Wrote            3  events.
 Actual xsec    2794150635.5919957     
 Correct abs xsec    2794150635.5919957     
 Event xsec    2794150635.5919957     
 Events wgts > 1:            0
 % Cross section > 1:    0.0000000000000000        0.0000000000000000     
 Checking number of events   3.0752421895325504                3  chi2:    13709.390600989798     
 Found         4089  events.
 Wrote            6  events.
 Actual xsec    2794150635.5919957     
 Correct abs xsec    2794150635.5919957     
 Event xsec    2794150635.5919962     
 Events wgts > 1:            0
 % Cross section > 1:    0.0000000000000000        0.0000000000000000     
 Iteration  7   Mean: 0.3385E+11 Abs mean: 0.3385E+11   Fluctuation:  0.288E+11   0.736E+16    99.1%
  7    0.3385E+11 0.3385E+11 +- 0.2885E+11    431.20
 Relative summed weights:
  0.1000E+01  0.0000E+00
 Relative number of events:
  0.1000E+01  0.0000E+00
 Events:
      256000           0
 Found         1392  events.
 Wrote            2  events.
 Actual xsec    6976173612.2758036     
 Correct abs xsec    6976173612.2758036     
 Event xsec    6976173612.2758045     
 Events wgts > 1:            1
 % Cross section > 1:    514.80274534225464       7.37944285727592432E-006
 Checking number of events   7.6779766776707490                2  chi2:    1438.5088613583107     
 Found         1392  events.
 Wrote            1  events.
 Actual xsec    6976173612.2758036     
 Correct abs xsec    6976173612.2758036     
 Event xsec    6976173612.2758036     
 Events wgts > 1:            1
 % Cross section > 1:    1029.6054153442383       1.47588846345863096E-005
 Iteration  8   Mean: 0.1360E+11 Abs mean: 0.1360E+11   Fluctuation:  0.980E+10   0.501E+16    99.1%
  8    0.1360E+11 0.1360E+11 +- 0.9799E+10    515.62
 Relative summed weights:
  0.1000E+01  0.0000E+00
 Relative number of events:
  0.1000E+01  0.0000E+00
 Events:
      512000           0
 Found          904  events.
 Wrote            1  events.
 Actual xsec    120132137160106.75     
 Correct abs xsec    120132137160106.75     
 Event xsec    120132137160106.75     
 Events wgts > 1:            0
 % Cross section > 1:    0.0000000000000000        0.0000000000000000     
 Checking number of events   11.614534582046799                1  chi2:    4.3787772929113711     
 Found          904  events.
 Wrote            1  events.
 Actual xsec    120132137160106.75     
 Correct abs xsec    120132137160106.75     
 Event xsec    120132137160106.75     
 Events wgts > 1:            0
 % Cross section > 1:    0.0000000000000000        0.0000000000000000     

 -------------------------------------------------------------------------------
 Accumulated results:   Integral =  0.3788E+10
                        Std dev  =  0.7062E+09
                       Cross sec =  0.3788E+10
             Chi**2 per DoF.     =     16.9268
 -------------------------------------------------------------------------------
-------------------------------------------------
---------------------------
 Results Last   3 iters: Integral =   0.1055E+11
                     Abs integral =   0.1055E+11
                         Std dev =   0.3297E+10
                 Chi**2 per DoF. =      4.3788
-------------------------------------------------
---------------------------

ls status:
events.lhe
ftn25
ftn26
input_sg.txt
log.txt
moffset.dat
results.dat
run1_app.log
