 Process in group number            1
 No PDF is used, alpha_s(MZ) from param_card is used
 Value of alpha_s from param_card:   0.11800000071525575     
 The default order of alpha_s running is fixed to            2
 *****************************************************
 *               MadGraph/MadEvent                   *
 *        --------------------------------           *
 *          http://madgraph.hep.uiuc.edu             *
 *          http://madgraph.phys.ucl.ac.be           *
 *          http://madgraph.roma2.infn.it            *
 *        --------------------------------           *
 *                                                   *
 *          PARAMETER AND COUPLING VALUES            *
 *                                                   *
 *****************************************************

  External Params
  ---------------------------------
  
 mdl_MB =    4.6999998092651367     
 mdl_MT =    173.00000000000000     
 mdl_Me =   5.10999991092830896E-004
 mdl_MM =   0.10565999895334244     
 mdl_MTA =    1.7769999504089355     
 mdl_MZ =    91.188003540039063     
 mdl_MH =    125.00000000000000     
 aEWM1 =    132.50700378417969     
 mdl_Gf =   1.16639000000000003E-005
 aS =   0.11800000071525575     
 mdl_ymb =    4.6999998092651367     
 mdl_ymt =    173.00000000000000     
 mdl_yme =   5.10999991092830896E-004
 mdl_ymm =   0.10565999895334244     
 mdl_ymtau =    1.7769999504089355     
 mdl_WT =    1.4915000200271606     
 mdl_WTau =   2.26999999999999982E-012
 mdl_WZ =    2.4414041042327881     
 mdl_WW =    2.0476000308990479     
 mdl_WH =   6.38233916833996773E-003
  Internal Params
  ---------------------------------
  
 mdl_conjg__CKM3x3 =    1.0000000000000000     
 mdl_CKM3x3 =    1.0000000000000000     
 mdl_conjg__CKM1x1 =    1.0000000000000000     
 mdl_complexi =  (  0.0000000000000000     ,  1.0000000000000000     )
 mdl_MZ__exp__2 =    8315.2519896181766     
 mdl_MZ__exp__4 =    69143415.650849044     
 mdl_sqrt__2 =    1.4142135623730951     
 mdl_MH__exp__2 =    15625.000000000000     
 mdl_aEW =   7.54677089845565054E-003
 mdl_MW =    80.419007276179556     
 mdl_sqrt__aEW =   8.68721526063194194E-002
 mdl_ee =   0.30795376284704501     
 mdl_MW__exp__2 =    6467.2167312862202     
 mdl_sw2 =   0.22224645274001076     
 mdl_cw =   0.88190336616887299     
 mdl_sqrt__sw2 =   0.47143022043565552     
 mdl_sw =   0.47143022043565552     
 mdl_g1 =   0.34919218438279087     
 mdl_gw =   0.65323296958447097     
 mdl_vev =    246.21845810181631     
 mdl_vev__exp__2 =    60623.529110035874     
 mdl_lam =   0.12886910601690271     
 mdl_yb =   2.69955531549349904E-002
 mdl_ye =   2.93504850670934038E-006
 mdl_ym =   6.06883028478528356E-004
 mdl_yt =   0.99366614581500645     
 mdl_ytau =   1.02066167158167895E-002
 mdl_muH =    88.388347648318444     
 mdl_I1x33 =  ( 2.69955531549349904E-002,  0.0000000000000000     )
 mdl_I2x33 =  ( 0.99366614581500645     ,  0.0000000000000000     )
 mdl_I3x33 =  ( 0.99366614581500645     ,  0.0000000000000000     )
 mdl_I4x33 =  ( 2.69955531549349904E-002,  0.0000000000000000     )
 mdl_ee__exp__2 =   9.48355200516540348E-002
 mdl_sw__exp__2 =   0.22224645274001076     
 mdl_cw__exp__2 =   0.77775354725998924     
  Internal Params evaluated point by point
  ----------------------------------------
  
 mdl_sqrt__aS =   0.34351128178744839     
 mdl_G__exp__2 =    1.4828317414825511     
  Couplings of sm-lepton_masses
  ---------------------------------
  
         GC_3 =  -0.00000E+00  -0.30795E+00
        GC_50 =  -0.00000E+00  -0.28804E+00
        GC_59 =   0.00000E+00   0.82310E-01
        GC_89 =  -0.00000E+00  -0.20754E-05

 Collider parameters:
 --------------------

 Running at e e   machine @    10.000000000000000       GeV
 PDF set = none   
 alpha_s(Mz)= 0.1180 running at 2 loops.
 alpha_s(Mz)= 0.1180 running at 2 loops.
 Renormalization scale set on event-by-event basis
 Factorization   scale set on event-by-event basis


 getting user params
Enter number of events and max and min iterations: 
 Number of events and iterations         2000           9           3
Enter desired fractional accuracy: 
 Desired fractional accuracy:  -1.14039999999999996E-003
Enter 0 for fixed, 2 for adjustable grid: 
Suppress amplitude (0 no, 1 yes)? 
 Using suppressed amplitude.
Exact helicity sum (0 yes, n = number/event)? 
 Explicitly summing over helicities
Enter Configuration Number: 
Running Configuration Number:   16
 Not subdividing B.W.
 Attempting mappinvarients           1           5
 Completed mapping           5
 about to integrate            5        2000           9           3           5           1
 Keeping grid fixed.
  5 dimensions   2000 events  5 invarients  9 iterations  1 config(s),  (0.99)
 Using h-tuple random number sequence.
 Error opening grid
 Using Uniform Grid!
 Using uniform alpha   1.0000000000000000     
 Grid defined OK
 Set CM energy to         10.00
 Mapping Graph          16  to config          16
Setting grid   1    0.26112E-08   1
Setting grid   2    0.10000E-05   1
 Masses: 0.511E-03 0.511E-03 0.000E+00 0.511E-03 0.511E-03
  16   1   2   3   4   5
 Got moffset           1
Using random seed offsets    16 :      1
  with seed                   48
 Ranmar initialization seeds       30249       12580
  Particle       3       4       5
      Et >     0.0     0.0     0.0
       E >     0.0     0.0     0.0
     Eta <     5.0     5.0     5.0
   xqcut:      0.0     0.0     0.0
d R # 3  >    -0.0     0.4     0.4
d R # 4  >    -0.0    -0.0     0.0
s min # 3>     0.0     0.0     0.0
s min # 4>     0.0     0.0     0.0
xqcutij # 3>     0.0     0.0     0.0
xqcutij # 4>     0.0     0.0     0.0
 alpha_s for scale    2.1928677561059824       is   0.28616677637401544     
 Added good helicity            1   7.0154840758559427       in event            1
 Added good helicity            5   2.2367749236714913       in event            1
 Added good helicity           10   4.6520738823984793       in event            1
 Added good helicity           11  1.59849682637528759E-005  in event            1
 Added good helicity           14   2.0926218505813710       in event            1
 Added good helicity           15  2.76766858250102564E-004  in event            1
 Added good helicity           18  2.76632093929677692E-004  in event            1
 Added good helicity           19   2.0942690200002896       in event            1
 Added good helicity           22  1.59927555304070788E-005  in event            1
 Added good helicity           23   4.6559972495207766       in event            1
 Added good helicity           28   2.2368057545495099       in event            1
 Added good helicity           32   7.0153873783631830       in event            1
 Added good helicity            3  1.11270540851129010E-005  in event            3
 Added good helicity           12  7.61858708601028229E-006  in event            3
 Added good helicity           21  7.61861568623700123E-006  in event            3
 Added good helicity           30  1.11270733257311701E-005  in event            3
 Added good helicity            2  1.89062038833478520E-004  in event            6
 Added good helicity           13  1.88186870843694564E-004  in event            6
 Added good helicity           20  1.88188195958383683E-004  in event            6
 Added good helicity           31  1.89061952840450040E-004  in event            6
 Iteration  1   Mean: 0.8625E+06 Abs mean: 0.8625E+06   Fluctuation:  0.144E+06   0.185E+09    30.6%
  1    0.8625E+06 0.8625E+06 +- 0.1440E+06      7.47
 Writing out events   156.75213914147372        7.4661915479476741     
 Relative summed weights:
  0.1000E+01  0.0000E+00
 Relative number of events:
  0.1000E+01  0.0000E+00
 Events:
        2000           0
 Iteration  2   Mean: 0.9827E+06 Abs mean: 0.9827E+06   Fluctuation:  0.113E+06   0.267E+09    29.9%
  2    0.9827E+06 0.9827E+06 +- 0.1130E+06      7.27
 Relative summed weights:
  0.1000E+01  0.0000E+00
 Relative number of events:
  0.1000E+01  0.0000E+00
 Events:
        4000           0
 Iteration  3   Mean: 0.8544E+06 Abs mean: 0.8544E+06   Fluctuation:  0.593E+05   0.146E+09    30.6%
  3    0.8544E+06 0.8544E+06 +- 0.5935E+05      6.21
 Relative summed weights:
  0.1000E+01  0.0000E+00
 Relative number of events:
  0.1000E+01  0.0000E+00
 Events:
        8000           0
 Found          983  events.
 Wrote           56  events.
 Actual xsec    885757.63156664278     
 Correct abs xsec    885757.63156664278     
 Event xsec    885757.63156664209     
 Events wgts > 1:            2
 % Cross section > 1:    5262.8616292949500       0.59416497716045769     
 Checking number of events   1010.1180030385995               56  chi2:   0.52042737154273366     
 Found          983  events.
 Wrote           50  events.
 Actual xsec    885757.63156664278     
 Correct abs xsec    885757.63156664278     
 Event xsec    885757.63156664267     
 Events wgts > 1:            2
 % Cross section > 1:    5890.2053203587784       0.66499063744342246     
 Iteration  4   Mean: 0.1053E+07 Abs mean: 0.1053E+07   Fluctuation:  0.704E+05   0.379E+09    30.8%
  4    0.1053E+07 0.1053E+07 +- 0.7043E+05      8.46
 Relative summed weights:
  0.1000E+01  0.0000E+00
 Relative number of events:
  0.1000E+01  0.0000E+00
 Events:
       16000           0
 Found         2030  events.
 Wrote           47  events.
 Actual xsec    961363.89732017252     
 Correct abs xsec    961363.89732017252     
 Event xsec    961363.89732017275     
 Events wgts > 1:            3
 % Cross section > 1:    8082.8250582221845       0.84076644450174109     
 Checking number of events   1096.3393885039247               47  chi2:    2.4924811440971721     
 Found         2030  events.
 Wrote           46  events.
 Actual xsec    961363.89732017252     
 Correct abs xsec    961363.89732017252     
 Event xsec    961363.89732017415     
 Events wgts > 1:            3
 % Cross section > 1:    8257.0294652909979       0.85888699256417622     
 Iteration  5   Mean: 0.9652E+06 Abs mean: 0.9652E+06   Fluctuation:  0.411E+05   0.377E+09    30.6%
  5    0.9652E+06 0.9652E+06 +- 0.4112E+05      7.62
 Relative summed weights:
  0.1000E+01  0.0000E+00
 Relative number of events:
  0.1000E+01  0.0000E+00
 Events:
       32000           0
 Found         3679  events.
 Wrote          114  events.
 Actual xsec    961895.02254089620     
 Correct abs xsec    961895.02254089620     
 Event xsec    961895.02254089795     
 Events wgts > 1:            7
 % Cross section > 1:    9013.7690341615380       0.93708448665751254     
 Checking number of events   1096.9450837056379              114  chi2:    2.4843085159012950     
 Found         3679  events.
 Wrote          114  events.
 Actual xsec    961895.02254089620     
 Correct abs xsec    961895.02254089620     
 Event xsec    961895.02254089795     
 Events wgts > 1:            7
 % Cross section > 1:    9013.7690341615380       0.93708448665751254     
 Iteration  6   Mean: 0.9409E+06 Abs mean: 0.9409E+06   Fluctuation:  0.269E+05   0.351E+09    30.6%
  6    0.9409E+06 0.9409E+06 +- 0.2694E+05      7.24
 Relative summed weights:
  0.1000E+01  0.0000E+00
 Relative number of events:
  0.1000E+01  0.0000E+00
 Events:
       64000           0
 Found         7513  events.
 Wrote          250  events.
 Actual xsec    960215.53367495420     
 Correct abs xsec    960215.53367495420     
 Event xsec    960215.53367494722     
 Events wgts > 1:            9
 % Cross section > 1:    9397.4093491691965       0.97867708025960909     
 Checking number of events   1095.0297946029177              250  chi2:    1.1375233294118401     
 Found         7513  events.
 Wrote          246  events.
 Actual xsec    960215.53367495420     
 Correct abs xsec    960215.53367495420     
 Event xsec    960215.53367495432     
 Events wgts > 1:            9
 % Cross section > 1:    9548.6932268455148       0.99443228025072483     
 Iteration  7   Mean: 0.9352E+06 Abs mean: 0.9352E+06   Fluctuation:  0.199E+05   0.518E+09    30.7%
  7    0.9352E+06 0.9352E+06 +- 0.1995E+05      7.63
 Relative summed weights:
  0.1000E+01  0.0000E+00
 Relative number of events:
  0.1000E+01  0.0000E+00
 Events:
      128000           0
 Found        15226  events.
 Wrote          454  events.
 Actual xsec    941095.18731075421     
 Correct abs xsec    941095.18731075421     
 Event xsec    941095.18731074629     
 Events wgts > 1:           14
 % Cross section > 1:    9078.7457569370290       0.96470005153041549     
 Checking number of events   1073.2249516091840              454  chi2:   0.21668759265147849     
 Found        15226  events.
 Wrote          467  events.
 Actual xsec    941095.18731075421     
 Correct abs xsec    941095.18731075421     
 Event xsec    941095.18731074315     
 Events wgts > 1:           14
 % Cross section > 1:    8828.3891880621341       0.93809736858712267     
 Iteration  8   Mean: 0.9335E+06 Abs mean: 0.9335E+06   Fluctuation:  0.144E+05   0.588E+09    30.6%
  8    0.9335E+06 0.9335E+06 +- 0.1439E+05      7.80
 Relative summed weights:
  0.1000E+01  0.0000E+00
 Relative number of events:
  0.1000E+01  0.0000E+00
 Events:
      256000           0
 Found        30931  events.
 Wrote          822  events.
 Actual xsec    935182.45516860113     
 Correct abs xsec    935182.45516860113     
 Event xsec    935182.45516858727     
 Events wgts > 1:           23
 % Cross section > 1:    9136.6837822317739       0.97699478125738404     
 Checking number of events   1066.4820718742726              822  chi2:   2.88692865735511207E-002
 Found        30931  events.
 Wrote          812  events.
 Actual xsec    935182.45516860113     
 Correct abs xsec    935182.45516860113     
 Event xsec    935182.45516860217     
 Events wgts > 1:           23
 % Cross section > 1:    9248.0917921832079       0.98890775175159673     
 Iteration  9   Mean: 0.9384E+06 Abs mean: 0.9384E+06   Fluctuation:  0.100E+05   0.657E+09    30.6%
  9    0.9384E+06 0.9384E+06 +- 0.9996E+04      7.62
 Relative summed weights:
  0.1000E+01  0.0000E+00
 Relative number of events:
  0.1000E+01  0.0000E+00
 Events:
      512000           0
 Found        62220  events.
 Wrote         1692  events.
 Actual xsec    936565.22112028138     
 Correct abs xsec    936565.22112028138     
 Event xsec    936565.22112029069     
 Events wgts > 1:           50
 % Cross section > 1:    9330.9980259614440       0.99629986417817118     
 Checking number of events   1068.0589781655688             1692  chi2:   4.06356218993818991E-002

 -------------------------------------------------------------------------------
 Accumulated results:   Integral =  0.9383E+06
                        Std dev  =  0.7087E+04
                       Cross sec =  0.7516E+00
             Chi**2 per DoF.     =
-------------------------------------------------
---------------------------
 Results Last   3 iters: Integral =   0.9366E+06
                     Abs integral =   0.9366E+06
                          Std dev =   0.7592E+04
                  Chi**2 per DoF. =      0.0406
-------------------------------------------------
---------------------------
 Status -1.14039999999999996E-003          10           9
 We found enough events        1692   1068.0589781655688     

ls status:
events.lhe
ftn25
input_sg.txt
moffset.dat
results.dat
run1_app.log
