 Process in group number            0
 No PDF is used, alpha_s(MZ) from param_card is used
 Value of alpha_s from param_card:   0.11800000071525575     
 The default order of alpha_s running is fixed to            2
 *****************************************************
 *               MadGraph/MadEvent                   *
 *        --------------------------------           *
 *          http://madgraph.hep.uiuc.edu             *
 *          http://madgraph.phys.ucl.ac.be           *
 *          http://madgraph.roma2.infn.it            *
 *        --------------------------------           *
 *                                                   *
 *          PARAMETER AND COUPLING VALUES            *
 *                                                   *
 *****************************************************

  External Params
  ---------------------------------
  
 aEWM1 =    132.50700378417969     
 mdl_Gf =   1.16639000000000003E-005
 aS =   0.11800000071525575     
 mdl_ymb =    4.6999998092651367     
 mdl_ymt =    173.00000000000000     
 mdl_yme =   5.10999991092830896E-004
 mdl_ymm =   0.10565999895334244     
 mdl_ymtau =    1.7769999504089355     
 mdl_MZ =    91.188003540039063     
 mdl_MT =    173.00000000000000     
 mdl_MB =    4.6999998092651367     
 mdl_MH =    125.00000000000000     
 mdl_Me =   5.10999991092830896E-004
 mdl_MM =   0.10565999895334244     
 mdl_MTA =    1.7769999504089355     
 mdl_WZ =    2.4414041042327881     
 mdl_WW =    2.0476000308990479     
 mdl_WT =    1.4915000200271606     
 mdl_WH =   6.38233916833996773E-003
 mdl_WTau =   2.26999999999999982E-012
  Internal Params
  ---------------------------------
  
 mdl_conjg__CKM3x3 =    1.0000000000000000     
 mdl_CKM3x3 =    1.0000000000000000     
 mdl_conjg__CKM1x1 =    1.0000000000000000     
 mdl_complexi =  (  0.0000000000000000     ,  1.0000000000000000     )
 mdl_MZ__exp__2 =    8315.2519896181766     
 mdl_MZ__exp__4 =    69143415.650849044     
 mdl_sqrt__2 =    1.4142135623730951     
 mdl_MH__exp__2 =    15625.000000000000     
 mdl_aEW =   7.54677089845565054E-003
 mdl_MW =    80.419007276179556     
 mdl_sqrt__aEW =   8.68721526063194194E-002
 mdl_ee =   0.30795376284704501     
 mdl_MW__exp__2 =    6467.2167312862202     
 mdl_sw2 =   0.22224645274001076     
 mdl_cw =   0.88190336616887299     
 mdl_sqrt__sw2 =   0.47143022043565552     
 mdl_sw =   0.47143022043565552     
 mdl_g1 =   0.34919218438279087     
 mdl_gw =   0.65323296958447097     
 mdl_vev =    246.21845810181631     
 mdl_vev__exp__2 =    60623.529110035874     
 mdl_lam =   0.12886910601690271     
 mdl_yb =   2.69955531549349904E-002
 mdl_ye =   2.93504850670934038E-006
 mdl_ym =   6.06883028478528356E-004
 mdl_yt =   0.99366614581500645     
 mdl_ytau =   1.02066167158167895E-002
 mdl_muH =    88.388347648318444     
 mdl_I1x33 =  ( 2.69955531549349904E-002,  0.0000000000000000     )
 mdl_I2x33 =  ( 0.99366614581500645     ,  0.0000000000000000     )
 mdl_I3x33 =  ( 0.99366614581500645     ,  0.0000000000000000     )
 mdl_I4x33 =  ( 2.69955531549349904E-002,  0.0000000000000000     )
 mdl_ee__exp__2 =   9.48355200516540348E-002
 mdl_sw__exp__2 =   0.22224645274001076     
 mdl_cw__exp__2 =   0.77775354725998924     
  Internal Params evaluated point by point
  ----------------------------------------
  
 mdl_sqrt__aS =   0.34351128178744839     
 mdl_G__exp__2 =    1.4828317414825511     
  Couplings of sm-lepton_masses
  ---------------------------------
  
         GC_3 =  -0.00000E+00  -0.30795E+00
        GC_50 =  -0.00000E+00  -0.28804E+00
        GC_59 =   0.00000E+00   0.82310E-01
        GC_89 =  -0.00000E+00  -0.20754E-05

 Collider parameters:
 --------------------

<<<<<<< HEAD
 Running at e e   machine @   7.14879999999999960E-002  GeV
=======
 Running at e e   machine @   7.00000000000000067E-002  GeV
>>>>>>> 911b5ec345c81b054214c521136984e9d6306827
 PDF set = none   
 alpha_s(Mz)= 0.1180 running at 2 loops.
 alpha_s(Mz)= 0.1180 running at 2 loops.
 Renormalization scale fixed @    91.188000000000002     
 Factorization scales  fixed @    91.188000000000002        91.188000000000002     


 getting user params
Enter number of events and max and min iterations: 
<<<<<<< HEAD
 Number of events and iterations         2000           9           3
Enter desired fractional accuracy: 
 Desired fractional accuracy:  -1.94430000000000017E-006
=======
 Number of events and iterations         1000           9           3
Enter desired fractional accuracy: 
 Desired fractional accuracy:  -4.17719999999999991E-053
>>>>>>> 911b5ec345c81b054214c521136984e9d6306827
Enter 0 for fixed, 2 for adjustable grid: 
Suppress amplitude (0 no, 1 yes)? 
 Using suppressed amplitude.
Exact helicity sum (0 yes, n = number/event)? 
 Explicitly summing over helicities
Enter Configuration Number: 
Running Configuration Number:    4
 Not subdividing B.W.
 Attempting mappinvarients           1           4
 Completed mapping           4
<<<<<<< HEAD
 about to integrate            2        2000           9           3           2           1
 Using non-zero grid deformation.
  2 dimensions   2000 events  2 invarients  9 iterations  1 config(s),  (0.99)
 Using h-tuple random number sequence.
 Error opening grid
 Using Uniform Grid!
 Using uniform alpha   1.0000000000000000     
 Grid defined OK
 Set CM energy to          0.07
 Mapping Graph           4  to config           4
Setting grid   1    0.19567E-01   1
=======
 about to integrate            2        1000           9           3           2           1
 Keeping grid fixed.
  2 dimensions   1000 events  2 invarients  9 iterations  1 config(s),  (0.99)
 Using h-tuple random number sequence.
 Grid read from file
 Grid defined OK
 Set CM energy to          0.07
 Mapping Graph           4  to config           4
 No modification is setgrid, grid read from file
>>>>>>> 911b5ec345c81b054214c521136984e9d6306827
 Masses: 0.511E-03 0.511E-03 0.511E-03 0.511E-03
   4   1   2
 Got moffset          22
Using random seed offsets     4 :      1
<<<<<<< HEAD
  with seed                   63
 Ranmar initialization seeds       18441       18731
=======
  with seed                   30
 Ranmar initialization seeds        8295       18697
>>>>>>> 911b5ec345c81b054214c521136984e9d6306827
  Particle       3       4
      Et >     0.0     0.0
       E >     0.0     0.0
     Eta <    -1.0    -1.0
   xqcut:      0.0     0.0
d R # 3  >    -0.0     0.4
s min # 3>     0.0     0.0
xqcutij # 3>     0.0     0.0
 alpha_s for scale    91.188000000000002       is   0.11800000071525575     
<<<<<<< HEAD
 Added good helicity            1   7.0067432104682998       in event            1
 Added good helicity            2  1.94660043312388440E-006  in event            1
 Added good helicity            3  1.94659747513843650E-006  in event            1
 Added good helicity            5  1.94660043312388906E-006  in event            1
 Added good helicity            6  0.22937163499738253       in event            1
 Added good helicity            7  0.76387728954494027       in event            1
 Added good helicity            8  1.94660043312389414E-006  in event            1
 Added good helicity            9  1.94659747513843523E-006  in event            1
 Added good helicity           10  0.76387728954494050       in event            1
 Added good helicity           11  0.22937175720099523       in event            1
 Added good helicity           12  1.94659747513843184E-006  in event            1
 Added good helicity           14  1.94660043312389414E-006  in event            1
 Added good helicity           15  1.94659747513842676E-006  in event            1
 Added good helicity           16   7.0067432104683007       in event            1
 Iteration  1   Mean: 0.2367E+10 Abs mean: 0.2367E+10   Fluctuation:  0.640E+08   0.101E+11    88.8%
  1    0.2367E+10 0.2367E+10 +- 0.6397E+08      1.21
 Writing out events   148152.29440974531        1.2084213137707061     
=======
 Added good helicity            1   4.0000000000039089       in event            1
 Added good helicity            6   3.9999999999960911       in event            1
 Added good helicity           11   3.9999999999960911       in event            1
 Added good helicity           16   4.0000000000039089       in event            1
 Added good helicity            2  3.86377448801321621E-006  in event           25
 Added good helicity            3  3.86377451724122562E-006  in event           25
 Added good helicity            5  3.86377448801322045E-006  in event           25
 Added good helicity            8  3.86377448801321621E-006  in event           25
 Added good helicity            9  3.86377451724122477E-006  in event           25
 Added good helicity           12  3.86377451724122986E-006  in event           25
 Added good helicity           14  3.86377448801321621E-006  in event           25
 Added good helicity           15  3.86377451724122562E-006  in event           25
 Added good helicity            7   2.5899643728915329       in event           40
 Added good helicity           10   2.5899643728915325       in event           40
 Iteration  1   Mean: 0.1018E+56 Abs mean: 0.1018E+56   Fluctuation:  0.101E+56   0.101E+59   100.0%
  1    0.1018E+56 0.1018E+56 +- 0.1013E+56     31.46
 Writing out events  1.13138044161198053E+051   31.464123725150468     
 Relative summed weights:
  0.1000E+01  0.0000E+00
 Relative number of events:
  0.1000E+01  0.0000E+00
 Events:
        1000           0
 Iteration  2   Mean: 0.7106E+57 Abs mean: 0.7106E+57   Fluctuation:  0.602E+57   0.119E+61   100.0%
  2    0.7106E+57 0.7106E+57 +- 0.6025E+57     37.92
>>>>>>> 911b5ec345c81b054214c521136984e9d6306827
 Relative summed weights:
  0.1000E+01  0.0000E+00
 Relative number of events:
  0.1000E+01  0.0000E+00
 Events:
        2000           0
<<<<<<< HEAD
Warning xbin not returning correct x   1  0.997786E+00  0.999995E+00  0.2073E-02
Warning xbin not returning correct x   1  0.987971E+00  0.999975E+00  0.2073E-02
 Iteration  2   Mean: 0.2363E+10 Abs mean: 0.2363E+10   Fluctuation:  0.259E+08   0.734E+10    98.4%
  2    0.2363E+10 0.2363E+10 +- 0.2591E+08      0.69
=======
 Iteration  3   Mean: 0.4212E+54 Abs mean: 0.4212E+54   Fluctuation:  0.391E+54   0.156E+58   100.0%
  3    0.4212E+54 0.4212E+54 +- 0.3907E+54     58.66
>>>>>>> 911b5ec345c81b054214c521136984e9d6306827
 Relative summed weights:
  0.1000E+01  0.0000E+00
 Relative number of events:
  0.1000E+01  0.0000E+00
 Events:
        4000           0
<<<<<<< HEAD
Warning xbin not returning correct x   1  0.988413E+00  0.999992E+00  0.7187E-03
Warning xbin not returning correct x   1  0.992389E+00  0.999995E+00  0.7187E-03
 Iteration  3   Mean: 0.2362E+10 Abs mean: 0.2362E+10   Fluctuation:  0.128E+08   0.924E+10    99.2%
  3    0.2362E+10 0.2362E+10 +- 0.1276E+08      0.48
=======
 Found            5  events.
 Wrote            1  events.
 Actual xsec   2.80386015310691562E+056
 Correct abs xsec   2.80386015310691562E+056
 Event xsec   2.80386015310691562E+056
 Events wgts > 1:            0
 % Cross section > 1:    0.0000000000000000        0.0000000000000000     
 Checking number of events   11712.284631558208                1  chi2:    257119.82677495695     
 Found            5  events.
 Wrote            1  events.
 Actual xsec   2.80386015310691562E+056
 Correct abs xsec   2.80386015310691562E+056
 Event xsec   2.80386015310691562E+056
 Events wgts > 1:            0
 % Cross section > 1:    0.0000000000000000        0.0000000000000000     
 Iteration  4   Mean: 0.5080E+55 Abs mean: 0.5080E+55   Fluctuation:  0.291E+55   0.198E+59   100.0%
  4    0.5080E+55 0.5080E+55 +- 0.2913E+55     51.29
>>>>>>> 911b5ec345c81b054214c521136984e9d6306827
 Relative summed weights:
  0.1000E+01  0.0000E+00
 Relative number of events:
  0.1000E+01  0.0000E+00
 Events:
        8000           0
<<<<<<< HEAD
 Found          790  events.
 Wrote          785  events.
 Actual xsec    2362619696.3045597     
 Correct abs xsec    2362619696.3045597     
 Event xsec    2362619696.3045912     
 Events wgts > 1:            0
 % Cross section > 1:    0.0000000000000000        0.0000000000000000     
 Checking number of events   4593.6414755249561              785  chi2:   2.75502980579181607E-003
 Found          790  events.
 Wrote          785  events.
 Actual xsec    2362619696.3045597     
 Correct abs xsec    2362619696.3045597     
 Event xsec    2362619696.3045912     
 Events wgts > 1:            0
 % Cross section > 1:    0.0000000000000000        0.0000000000000000     
Warning xbin not returning correct x   1  0.981560E+00  0.999994E+00  0.3138E-03
Warning xbin not returning correct x   1  0.996178E+00  0.999999E+00  0.3138E-03
Warning xbin not returning correct x   1  0.996801E+00  0.999999E+00  0.3138E-03
Warning xbin not returning correct x   1  0.994852E+00  0.999998E+00  0.3138E-03
Warning xbin not returning correct x   1  0.983282E+00  0.999995E+00  0.3138E-03
Warning xbin still not working well. Last message this iteration.
 Iteration  4   Mean: 0.2362E+10 Abs mean: 0.2362E+10   Fluctuation:  0.596E+07   0.403E+10    99.3%
  4    0.2362E+10 0.2362E+10 +- 0.5963E+07      0.32
=======
 Found           33  events.
 Wrote            2  events.
 Actual xsec   1.79533532649795060E+056
 Correct abs xsec   1.79533532649795060E+056
 Event xsec   1.79533532649795060E+056
 Events wgts > 1:            0
 % Cross section > 1:    0.0000000000000000        0.0000000000000000     
 Checking number of events   7499.4747258472389                2  chi2:    106887.65008121519     
 Found           33  events.
 Wrote            2  events.
 Actual xsec   1.79533532649795060E+056
 Correct abs xsec   1.79533532649795060E+056
 Event xsec   1.79533532649795060E+056
 Events wgts > 1:            0
 % Cross section > 1:    0.0000000000000000        0.0000000000000000     
 Error in matrix element
 Iteration  5   Mean: 0.4598E+56 Abs mean: 0.4598E+56   Fluctuation:  0.258E+56   0.321E+60   100.0%
  5    0.4598E+56 0.4598E+56 +- 0.2581E+56     71.02
>>>>>>> 911b5ec345c81b054214c521136984e9d6306827
 Relative summed weights:
  0.1000E+01  0.0000E+00
 Relative number of events:
  0.1000E+01  0.0000E+00
 Events:
       16000           0
<<<<<<< HEAD
 Found         1584  events.
 Wrote         1580  events.
 Actual xsec    2362027677.1490111     
 Correct abs xsec    2362027677.1490111     
 Event xsec    2362027677.1490426     
 Events wgts > 1:            0
 % Cross section > 1:    0.0000000000000000        0.0000000000000000     
 Checking number of events   4592.4904126808224             1580  chi2:   9.63123612517669697E-004
 Found         1584  events.
 Wrote         1580  events.
 Actual xsec    2362027677.1490111     
 Correct abs xsec    2362027677.1490111     
 Event xsec    2362027677.1490426     
 Events wgts > 1:            0
 % Cross section > 1:    0.0000000000000000        0.0000000000000000     
Warning xbin not returning correct x   1  0.994278E+00  0.999999E+00  0.2030E-03
Warning xbin not returning correct x   1  0.991933E+00  0.999998E+00  0.2030E-03
Warning xbin not returning correct x   1  0.985499E+00  0.999997E+00  0.2030E-03
Warning xbin not returning correct x   1  0.984298E+00  0.999997E+00  0.2030E-03
Warning xbin not returning correct x   1  0.988710E+00  0.999998E+00  0.2030E-03
Warning xbin still not working well. Last message this iteration.
 Iteration  5   Mean: 0.2358E+10 Abs mean: 0.2358E+10   Fluctuation:  0.294E+07   0.320E+10    99.6%
  5    0.2358E+10 0.2358E+10 +- 0.2941E+07      0.22
=======
 Found           29  events.
 Wrote            2  events.
 Actual xsec   2.19342207073270437E+055
 Correct abs xsec   2.19342207073270437E+055
 Event xsec   2.19342207073270437E+055
 Events wgts > 1:            1
 % Cross section > 1:   1.02442100479481795E+047  4.67042352889525666E-007
 Checking number of events   916.23626738646522                2  chi2:    1533.2728518308618     
 Found           29  events.
 Wrote            3  events.
 Actual xsec   2.19342207073270437E+055
 Correct abs xsec   2.19342207073270437E+055
 Event xsec   2.19342207073270492E+055
 Events wgts > 1:            1
 % Cross section > 1:   6.82947336529878631E+046  3.11361568593017058E-007
 Error in matrix element
 Error in matrix element
 Error in matrix element
 Error in matrix element
 Error in matrix element
 Error in matrix element
 Iteration  6   Mean: 0.1352E+57 Abs mean: 0.1352E+57   Fluctuation:  0.643E+56   0.171E+61   100.0%
  6    0.1352E+57 0.1352E+57 +- 0.6430E+56     85.06
 Relative summed weights:
  0.1000E+01  0.0000E+00
 Relative number of events:
  0.1000E+01  0.0000E+00
 Events:
       32000           0
 Found           26  events.
 Wrote            2  events.
 Actual xsec   7.13949515839191754E+055
 Correct abs xsec   7.13949515839191754E+055
 Event xsec   7.13949515839191754E+055
 Events wgts > 1:            0
 % Cross section > 1:    0.0000000000000000        0.0000000000000000     
 Checking number of events   2982.3099175634716                2  chi2:    260.09986088974114     
 Found           26  events.
 Wrote            2  events.
 Actual xsec   7.13949515839191754E+055
 Correct abs xsec   7.13949515839191754E+055
 Event xsec   7.13949515839191754E+055
 Events wgts > 1:            0
 % Cross section > 1:    0.0000000000000000        0.0000000000000000     
 Error in matrix element
 Error in matrix element
 Error in matrix element
 Error in matrix element
 Error in matrix element
 Error in matrix element
 Error in matrix element
 Error in matrix element
 Iteration  7   Mean: 0.8692E+56 Abs mean: 0.8692E+56   Fluctuation:  0.351E+56   0.171E+61   100.0%
  7    0.8692E+56 0.8692E+56 +- 0.3508E+56    102.09
 Relative summed weights:
  0.1000E+01  0.0000E+00
 Relative number of events:
  0.1000E+01  0.0000E+00
 Events:
       64000           0
 Found           40  events.
 Wrote            2  events.
 Actual xsec   9.30183478944463644E+055
 Correct abs xsec   9.30183478944463644E+055
 Event xsec   9.30183478944463535E+055
 Events wgts > 1:            1
 % Cross section > 1:   1.00818090415405692E+049  1.08385165612498501E-005
 Checking number of events   3885.5624282468134                2  chi2:    1.8909271255822837     
 Found           40  events.
 Wrote            4  events.
 Actual xsec   9.30183478944463644E+055
 Correct abs xsec   9.30183478944463644E+055
 Event xsec   9.30183478944463535E+055
 Events wgts > 1:            1
 % Cross section > 1:   5.04090479299617813E+048  5.41925857328320156E-006
 Error in matrix element
 Error in matrix element
 Error in matrix element
 Error in matrix element
 Error in matrix element
 Error in matrix element
 Error in matrix element
 Error in matrix element
 Error in matrix element
 Error in matrix element
 Error in matrix element
 Iteration  8   Mean: 0.1332E+57 Abs mean: 0.1332E+57   Fluctuation:  0.319E+56   0.187E+61   100.0%
  8    0.1332E+57 0.1332E+57 +- 0.3186E+56     85.56
 Relative summed weights:
  0.1000E+01  0.0000E+00
 Relative number of events:
  0.1000E+01  0.0000E+00
 Events:
      128000           0
 Found           96  events.
 Wrote            8  events.
 Actual xsec   1.23403594488956760E+056
 Correct abs xsec   1.23403594488956760E+056
 Event xsec   1.23403594488956738E+056
 Events wgts > 1:            1
 % Cross section > 1:   1.37182992801983318E+054   1.1116612394484158     
 Checking number of events   5154.8149489927018                8  chi2:   0.60525373049816866     
 Found           96  events.
 Wrote           10  events.
 Actual xsec   1.23403594488956760E+056
 Correct abs xsec   1.23403594488956760E+056
 Event xsec   1.23403594488956738E+056
 Events wgts > 1:            1
 % Cross section > 1:   1.09990939570007584E+054  0.89131066259055014     
 Error in matrix element
 Error in matrix element
 Error in matrix element
 Error in matrix element
 Error in matrix element
 Error in matrix element
 Error in matrix element
 Error in matrix element
 Error in matrix element
 Error in matrix element
 Error in matrix element
 Error in matrix element
 Error in matrix element
 Error in matrix element
 Error in matrix element
 Error in matrix element
 Error in matrix element
 Error in matrix element
 Error in matrix element
 Error in matrix element
 Error in matrix element
 Error in matrix element
 Error in matrix element
 Error in matrix element
 Error in matrix element
 Iteration  9   Mean: 0.7652E+56 Abs mean: 0.7652E+56   Fluctuation:  0.153E+56   0.171E+61   100.0%
  9    0.7652E+56 0.7652E+56 +- 0.1535E+56    101.49
 Relative summed weights:
  0.1000E+01  0.0000E+00
 Relative number of events:
  0.1000E+01  0.0000E+00
 Events:
      256000           0
 Found          142  events.
 Wrote           10  events.
 Actual xsec   9.82920699693640766E+055
 Correct abs xsec   9.82920699693640766E+055
 Event xsec   9.82920699693640766E+055
 Events wgts > 1:            2
 % Cross section > 1:   9.52547555836399932E+053  0.96909909022497176     
 Checking number of events   4105.8563467602762               10  chi2:    1.6593488155877811     
 Found          142  events.
 Wrote           13  events.
 Actual xsec   9.82920699693640766E+055
 Correct abs xsec   9.82920699693640766E+055
 Event xsec   9.82920699693640766E+055
 Events wgts > 1:            2
 % Cross section > 1:   7.34371224070616176E+053  0.74713171092999353     

 -------------------------------------------------------------------------------
 Accumulated results:   Integral =   +Infinity
                        Std dev  =   +Infinity
                       Cross sec =   +Infinity
             Chi**2 per DoF.     =      7.0781
 -------------------------------------------------------------------------------
-------------------------------------------------
---------------------------
 Results Last   3 iters: Integral =   0.9829E+56
                     Abs integral =   0.9829E+56
                          Std dev =   0.1412E+56
                  Chi**2 per DoF. =      1.6593
-------------------------------------------------
---------------------------
 Status -4.17719999999999991E-053          10           9
 Trying w/ fresh grid
 Starting w/ ncall =         4000
 Keeping grid fixed.
  2 dimensions   4000 events  2 invarients  8 iterations  1 config(s),  (0.99)
 Using h-tuple random number sequence.
 Error opening grid
 Using Uniform Grid!
 Using uniform alpha   1.0000000000000000     
 Grid defined OK
Setting grid   1    0.53290E-04   1
 Iteration  1   Mean: 0.1100E+30 Abs mean: 0.1100E+30   Fluctuation:  0.110E+30   0.439E+33   100.0%
  1    0.1100E+30 0.1100E+30 +- 0.1098E+30     63.14
 Relative summed weights:
  0.1000E+01  0.0000E+00
 Relative number of events:
  0.1000E+01  0.0000E+00
 Events:
        4000           0
 Iteration  2   Mean: 0.1052E+34 Abs mean: 0.1052E+34   Fluctuation:  0.104E+34   0.832E+37   100.0%
  2    0.1052E+34 0.1052E+34 +- 0.1040E+34     88.40
 Relative summed weights:
  0.1000E+01  0.0000E+00
 Relative number of events:
  0.1000E+01  0.0000E+00
 Events:
        8000           0
 Iteration  3   Mean: 0.2958E+39 Abs mean: 0.2958E+39   Fluctuation:  0.223E+39   0.335E+43   100.0%
  3    0.2958E+39 0.2958E+39 +- 0.2233E+39     95.47
 Relative summed weights:
  0.1000E+01  0.0000E+00
 Relative number of events:
  0.1000E+01  0.0000E+00
 Events:
       16000           0
 Found          131  events.
 Wrote            2  events.
 Actual xsec   1.37279834635695789E+038
 Correct abs xsec   1.37279834635695789E+038
 Event xsec   1.37279834635695789E+038
 Events wgts > 1:            1
 % Cross section > 1:   4.18990404978250035E+030  3.05208995982650518E-006
 Checking number of events  5.73445325240228433E-015           2  chi2:   7.81069566551797376E+017
 Found          131  events.
 Wrote            1  events.
 Actual xsec   1.37279834635695789E+038
 Correct abs xsec   1.37279834635695789E+038
 Event xsec   1.37279834635695789E+038
 Events wgts > 1:            1
 % Cross section > 1:   8.37980785400194359E+030  6.10417974077527711E-006
 Iteration  4   Mean: 0.4210E+45 Abs mean: 0.4210E+45   Fluctuation:  0.421E+45   0.135E+50   100.0%
  4    0.4210E+45 0.4210E+45 +- 0.4209E+45    178.87
>>>>>>> 911b5ec345c81b054214c521136984e9d6306827
 Relative summed weights:
  0.1000E+01  0.0000E+00
 Relative number of events:
  0.1000E+01  0.0000E+00
 Events:
       32000           0
<<<<<<< HEAD
 Found         3223  events.
 Wrote         3218  events.
 Actual xsec    2359060079.0801902     
 Correct abs xsec    2359060079.0801902     
 Event xsec    2359060079.0801964     
 Events wgts > 1:            0
 % Cross section > 1:    0.0000000000000000        0.0000000000000000     
 Checking number of events   4586.7205117556141             3218  chi2:   0.19330149736022856     
 Found         3223  events.
 Wrote         3218  events.
 Actual xsec    2359060079.0801902     
 Correct abs xsec    2359060079.0801902     
 Event xsec    2359060079.0801964     
 Events wgts > 1:            0
 % Cross section > 1:    0.0000000000000000        0.0000000000000000     
Warning xbin not returning correct x   1  0.997298E+00  0.100000E+01  0.1731E-03
Warning xbin not returning correct x   1  0.994041E+00  0.999999E+00  0.1731E-03
Warning xbin not returning correct x   1  0.997066E+00  0.100000E+01  0.1731E-03
Warning xbin not returning correct x   1  0.992155E+00  0.999999E+00  0.1731E-03
Warning xbin not returning correct x   1  0.984102E+00  0.999997E+00  0.1731E-03
Warning xbin still not working well. Last message this iteration.
 Iteration  6   Mean: 0.2357E+10 Abs mean: 0.2357E+10   Fluctuation:  0.156E+07   0.296E+10    99.6%
  6    0.2357E+10 0.2357E+10 +- 0.1559E+07      0.17
=======
 Found          127  events.
 Wrote            1  events.
 Actual xsec   1.11406032132134203E+044
 Correct abs xsec   1.11406032132134203E+044
 Event xsec   1.11406032132134203E+044
 Events wgts > 1:            0
 % Cross section > 1:    0.0000000000000000        0.0000000000000000     
 Checking number of events  4.65365277422350944E-009           1  chi2:   5.73738080864459607E+021
 Found          127  events.
 Wrote            1  events.
 Actual xsec   1.11406032132134203E+044
 Correct abs xsec   1.11406032132134203E+044
 Event xsec   1.11406032132134203E+044
 Events wgts > 1:            0
 % Cross section > 1:    0.0000000000000000        0.0000000000000000     
 Iteration  5   Mean: 0.4944E+51 Abs mean: 0.4944E+51   Fluctuation:  0.494E+51   0.316E+56   100.0%
  5    0.4944E+51 0.4944E+51 +- 0.4942E+51    252.89
>>>>>>> 911b5ec345c81b054214c521136984e9d6306827
 Relative summed weights:
  0.1000E+01  0.0000E+00
 Relative number of events:
  0.1000E+01  0.0000E+00
 Events:
       64000           0
<<<<<<< HEAD
 Found         6419  events.
 Wrote         6415  events.
 Actual xsec    2357338885.5352583     
 Correct abs xsec    2357338885.5352583     
 Event xsec    2357338885.5353694     
 Events wgts > 1:            0
 % Cross section > 1:    0.0000000000000000        0.0000000000000000     
 Checking number of events   4583.3739951462030             6415  chi2:   0.39754206765138300     

 -------------------------------------------------------------------------------
 Accumulated results:   Integral =  0.2357E+10
                        Std dev  =  0.1333E+07
                       Cross sec =  0.2041E+00
             Chi**2 per DoF.     =
-------------------------------------------------
---------------------------
 Results Last   3 iters: Integral =   0.2357E+10
                     Abs integral =   0.2357E+10
                          Std dev =   0.1342E+07
                  Chi**2 per DoF. =      0.3975
-------------------------------------------------
---------------------------
 Status -1.94430000000000017E-006           7           9
 We found enough events        6415   4583.3739951462030     
=======
 Found           73  events.
 Wrote            1  events.
 Actual xsec   1.31715435081435372E+050
 Correct abs xsec   1.31715435081435372E+050
 Event xsec   1.31715435081435372E+050
 Events wgts > 1:            0
 % Cross section > 1:    0.0000000000000000        0.0000000000000000     
 Checking number of events  5.50201715422171840E-003           1  chi2:   1.74026670112104746E+023
 Found           73  events.
 Wrote            1  events.
 Actual xsec   1.31715435081435372E+050
 Correct abs xsec   1.31715435081435372E+050
 Event xsec   1.31715435081435372E+050
 Events wgts > 1:            0
 % Cross section > 1:    0.0000000000000000        0.0000000000000000     
 Fixing grid
 Error in matrix element
 Iteration  6   Mean: 0.1323E+55 Abs mean: 0.1323E+55   Fluctuation:  0.125E+55   0.160E+60   100.0%
  6    0.1323E+55 0.1323E+55 +- 0.1248E+55    337.61
 Relative summed weights:
  0.1000E+01  0.0000E+00
 Relative number of events:
  0.1000E+01  0.0000E+00
 Events:
      128000           0
 Found           47  events.
 Wrote            1  events.
 Actual xsec   4.75659560502223754E+053
 Correct abs xsec   4.75659560502223754E+053
 Event xsec   4.75659560502223754E+053
 Events wgts > 1:            0
 % Cross section > 1:    0.0000000000000000        0.0000000000000000     
 Checking number of events   19.869251161298891                1  chi2:   6.38532055343400448E+017
 Found           47  events.
 Wrote            1  events.
 Actual xsec   4.75659560502223754E+053
 Correct abs xsec   4.75659560502223754E+053
 Event xsec   4.75659560502223754E+053
 Events wgts > 1:            0
 % Cross section > 1:    0.0000000000000000        0.0000000000000000     
 Error in matrix element
 Iteration  7   Mean: 0.5131E+56 Abs mean: 0.5131E+56   Fluctuation:  0.505E+56   0.129E+62   100.0%
  7    0.5131E+56 0.5131E+56 +- 0.5050E+56    497.97
 Relative summed weights:
  0.1000E+01  0.0000E+00
 Relative number of events:
  0.1000E+01  0.0000E+00
 Events:
      256000           0
 Found           12  events.
 Wrote            1  events.
 Actual xsec   1.72543960791025053E+055
 Correct abs xsec   1.72543960791025053E+055
 Event xsec   1.72543960791025053E+055
 Events wgts > 1:            0
 % Cross section > 1:    0.0000000000000000        0.0000000000000000     
 Checking number of events   720.75063301626983                1  chi2:    609350001.64745390     
 Found           12  events.
 Wrote            1  events.
 Actual xsec   1.72543960791025053E+055
 Correct abs xsec   1.72543960791025053E+055
 Event xsec   1.72543960791025053E+055
 Events wgts > 1:            0
 % Cross section > 1:    0.0000000000000000        0.0000000000000000     
 Iteration  8   Mean: 0.4150E+54 Abs mean: 0.4150E+54   Fluctuation:  0.327E+54   0.160E+60   100.0%
  8    0.4150E+54 0.4150E+54 +- 0.3269E+54    563.59
 Relative summed weights:
  0.1000E+01  0.0000E+00
 Relative number of events:
  0.1000E+01  0.0000E+00
 Events:
      512000           0
 Found           10  events.
 Wrote            1  events.
 Actual xsec   7.11151475356043450E+055
 Correct abs xsec   7.11151475356043450E+055
 Event xsec   7.11151475356043450E+055
 Events wgts > 1:            1
 % Cross section > 1:   5.12333519917568763E+048  7.20428119285086340E-006
 Checking number of events   611.22455362934386                1  chi2:    1003.1548351441221     
 Found           10  events.
 Wrote            2  events.
 Actual xsec   7.11151475356043450E+055
 Correct abs xsec   7.11151475356043450E+055
 Event xsec   7.11151475356043559E+055
 Events wgts > 1:            1
 % Cross section > 1:   2.56166769214464762E+048  3.60214072657604882E-006

 -------------------------------------------------------------------------------
 Accumulated results:   Integral =   +Infinity
                        Std dev  =   +Infinity
                       Cross sec =   +Infinity
             Chi**2 per DoF.     =     10.2997
 -------------------------------------------------------------------------------
-------------------------------------------------
---------------------------
 Results Last   3 iters: Integral =   0.1463E+56
                     Abs integral =   0.1463E+56
                         Std dev =   0.7539E+55
                 Chi**2 per DoF. =   1003.1548
-------------------------------------------------
---------------------------
>>>>>>> 911b5ec345c81b054214c521136984e9d6306827

ls status:
events.lhe
ftn25
ftn26
input_sg.txt
<<<<<<< HEAD
moffset.dat
results.dat
run_01_ftn26.gz
run_01_log.txt
run_01_results.dat
run_02_ftn26.gz
run_02_log.txt
run_02_results.dat
run_03_ftn26.gz
run_03_log.txt
run_03_results.dat
run_04_ftn26.gz
run_04_log.txt
run_04_results.dat
=======
log.txt
moffset.dat
results.dat
>>>>>>> 911b5ec345c81b054214c521136984e9d6306827
run1_app.log
