 Process in group number            0
 No PDF is used, alpha_s(MZ) from param_card is used
 Value of alpha_s from param_card:   0.11800000071525575     
 The default order of alpha_s running is fixed to            2
 *****************************************************
 *               MadGraph/MadEvent                   *
 *        --------------------------------           *
 *          http://madgraph.hep.uiuc.edu             *
 *          http://madgraph.phys.ucl.ac.be           *
 *          http://madgraph.roma2.infn.it            *
 *        --------------------------------           *
 *                                                   *
 *          PARAMETER AND COUPLING VALUES            *
 *                                                   *
 *****************************************************

  External Params
  ---------------------------------
  
 aEWM1 =    132.50700378417969     
 mdl_Gf =   1.16639000000000003E-005
 aS =   0.11800000071525575     
 mdl_ymb =    4.6999998092651367     
 mdl_ymt =    173.00000000000000     
 mdl_yme =   5.10999991092830896E-004
 mdl_ymm =   0.10565999895334244     
 mdl_ymtau =    1.7769999504089355     
 mdl_MZ =    91.188003540039063     
 mdl_MT =    173.00000000000000     
 mdl_MB =    4.6999998092651367     
 mdl_MH =    125.00000000000000     
 mdl_Me =   5.10999991092830896E-004
 mdl_MM =   0.10565999895334244     
 mdl_MTA =    1.7769999504089355     
 mdl_WZ =    2.4414041042327881     
 mdl_WW =    2.0476000308990479     
 mdl_WT =    1.4915000200271606     
 mdl_WH =   6.38233916833996773E-003
 mdl_WTau =   2.26999999999999982E-012
  Internal Params
  ---------------------------------
  
 mdl_conjg__CKM3x3 =    1.0000000000000000     
 mdl_CKM3x3 =    1.0000000000000000     
 mdl_conjg__CKM1x1 =    1.0000000000000000     
 mdl_complexi =  (  0.0000000000000000     ,  1.0000000000000000     )
 mdl_MZ__exp__2 =    8315.2519896181766     
 mdl_MZ__exp__4 =    69143415.650849044     
 mdl_sqrt__2 =    1.4142135623730951     
 mdl_MH__exp__2 =    15625.000000000000     
 mdl_aEW =   7.54677089845565054E-003
 mdl_MW =    80.419007276179556     
 mdl_sqrt__aEW =   8.68721526063194194E-002
 mdl_ee =   0.30795376284704501     
 mdl_MW__exp__2 =    6467.2167312862202     
 mdl_sw2 =   0.22224645274001076     
 mdl_cw =   0.88190336616887299     
 mdl_sqrt__sw2 =   0.47143022043565552     
 mdl_sw =   0.47143022043565552     
 mdl_g1 =   0.34919218438279087     
 mdl_gw =   0.65323296958447097     
 mdl_vev =    246.21845810181631     
 mdl_vev__exp__2 =    60623.529110035874     
 mdl_lam =   0.12886910601690271     
 mdl_yb =   2.69955531549349904E-002
 mdl_ye =   2.93504850670934038E-006
 mdl_ym =   6.06883028478528356E-004
 mdl_yt =   0.99366614581500645     
 mdl_ytau =   1.02066167158167895E-002
 mdl_muH =    88.388347648318444     
 mdl_I1x33 =  ( 2.69955531549349904E-002,  0.0000000000000000     )
 mdl_I2x33 =  ( 0.99366614581500645     ,  0.0000000000000000     )
 mdl_I3x33 =  ( 0.99366614581500645     ,  0.0000000000000000     )
 mdl_I4x33 =  ( 2.69955531549349904E-002,  0.0000000000000000     )
 mdl_ee__exp__2 =   9.48355200516540348E-002
 mdl_sw__exp__2 =   0.22224645274001076     
 mdl_cw__exp__2 =   0.77775354725998924     
  Internal Params evaluated point by point
  ----------------------------------------
  
 mdl_sqrt__aS =   0.34351128178744839     
 mdl_G__exp__2 =    1.4828317414825511     
  Couplings of sm-lepton_masses
  ---------------------------------
  
         GC_3 =  -0.00000E+00  -0.30795E+00
        GC_50 =  -0.00000E+00  -0.28804E+00
        GC_59 =   0.00000E+00   0.82310E-01
        GC_89 =  -0.00000E+00  -0.20754E-05

 Collider parameters:
 --------------------

<<<<<<< HEAD
 Running at e e   machine @   7.14879999999999960E-002  GeV
=======
 Running at e e   machine @   7.00000000000000067E-002  GeV
>>>>>>> 911b5ec345c81b054214c521136984e9d6306827
 PDF set = none   
 alpha_s(Mz)= 0.1180 running at 2 loops.
 alpha_s(Mz)= 0.1180 running at 2 loops.
 Renormalization scale fixed @    91.188000000000002     
 Factorization scales  fixed @    91.188000000000002        91.188000000000002     


 getting user params
Enter number of events and max and min iterations: 
<<<<<<< HEAD
 Number of events and iterations         2000           9           3
Enter desired fractional accuracy: 
 Desired fractional accuracy:  -1.94430000000000017E-006
=======
 Number of events and iterations         1000           9           3
Enter desired fractional accuracy: 
 Desired fractional accuracy:  -4.17719999999999991E-053
>>>>>>> 911b5ec345c81b054214c521136984e9d6306827
Enter 0 for fixed, 2 for adjustable grid: 
Suppress amplitude (0 no, 1 yes)? 
 Using suppressed amplitude.
Exact helicity sum (0 yes, n = number/event)? 
 Explicitly summing over helicities
Enter Configuration Number: 
Running Configuration Number:    4
 Not subdividing B.W.
 Attempting mappinvarients           1           4
 Completed mapping           4
<<<<<<< HEAD
 about to integrate            2        2000           9           3           2           1
 Using non-zero grid deformation.
  2 dimensions   2000 events  2 invarients  9 iterations  1 config(s),  (0.99)
 Using h-tuple random number sequence.
 Error opening grid
 Using Uniform Grid!
 Using uniform alpha   1.0000000000000000     
 Grid defined OK
 Set CM energy to          0.07
 Mapping Graph           4  to config           4
Setting grid   1    0.19567E-01   1
=======
 about to integrate            2        1000           9           3           2           1
 Keeping grid fixed.
  2 dimensions   1000 events  2 invarients  9 iterations  1 config(s),  (0.99)
 Using h-tuple random number sequence.
 Grid read from file
 Grid defined OK
 Set CM energy to          0.07
 Mapping Graph           4  to config           4
 No modification is setgrid, grid read from file
>>>>>>> 911b5ec345c81b054214c521136984e9d6306827
 Masses: 0.511E-03 0.511E-03 0.511E-03 0.511E-03
   4   1   2
 Got moffset           1
Using random seed offsets     4 :      1
<<<<<<< HEAD
  with seed                   63
 Ranmar initialization seeds       18441       12596
=======
  with seed                   30
 Ranmar initialization seeds        8295       12562
>>>>>>> 911b5ec345c81b054214c521136984e9d6306827
  Particle       3       4
      Et >     0.0     0.0
       E >     0.0     0.0
     Eta <    -1.0    -1.0
   xqcut:      0.0     0.0
d R # 3  >    -0.0     0.4
s min # 3>     0.0     0.0
xqcutij # 3>     0.0     0.0
 alpha_s for scale    91.188000000000002       is   0.11800000071525575     
<<<<<<< HEAD
 Added good helicity            1   4.4053278654870489       in event            1
 Added good helicity            2  8.60980732905306994E-006  in event            1
 Added good helicity            3  8.60980751590577677E-006  in event            1
 Added good helicity            5  8.60980732905307332E-006  in event            1
 Added good helicity            6   3.5946111507819749       in event            1
 Added good helicity            7  2.65071173957831840E-005  in event            1
 Added good helicity            8  8.60980732905306994E-006  in event            1
 Added good helicity            9  8.60980751590577338E-006  in event            1
 Added good helicity           10  2.65071173957831840E-005  in event            1
 Added good helicity           11   3.5946112247325153       in event            1
 Added good helicity           12  8.60980751590577677E-006  in event            1
 Added good helicity           14  8.60980732905307502E-006  in event            1
 Added good helicity           15  8.60980751590577000E-006  in event            1
 Added good helicity           16   4.4053278654870480       in event            1
 Iteration  1   Mean: 0.2384E+10 Abs mean: 0.2384E+10   Fluctuation:  0.645E+08   0.101E+11    88.7%
  1    0.2384E+10 0.2384E+10 +- 0.6451E+08      1.21
 Writing out events   149334.80868142287        1.2100620565041849     
=======
 Added good helicity            1   4.0000000000035199       in event            1
 Added good helicity            6   3.9999999999964801       in event            1
 Added good helicity           11   3.9999999999964801       in event            1
 Added good helicity           16   4.0000000000035199       in event            1
 Added good helicity            2  1.31274476439179271E-005  in event           34
 Added good helicity            3  1.31274395469708556E-005  in event           34
 Added good helicity            5  1.31274476439179203E-005  in event           34
 Added good helicity            7   1.6946508809669214       in event           34
 Added good helicity            8  1.31274476439179576E-005  in event           34
 Added good helicity            9  1.31274395469708827E-005  in event           34
 Added good helicity           10   1.6946508809669207       in event           34
 Added good helicity           12  1.31274395469708420E-005  in event           34
 Added good helicity           14  1.31274476439179203E-005  in event           34
 Added good helicity           15  1.31274395469708641E-005  in event           34
 Iteration  1   Mean: 0.1493E+54 Abs mean: 0.1493E+54   Fluctuation:  0.139E+54   0.138E+57   100.0%
  1    0.1493E+54 0.1493E+54 +- 0.1385E+54     29.33
 Writing out events  1.65938836458389466E+049   29.330245273551196     
 Relative summed weights:
  0.1000E+01  0.0000E+00
 Relative number of events:
  0.1000E+01  0.0000E+00
 Events:
        1000           0
 Iteration  2   Mean: 0.4810E+57 Abs mean: 0.4810E+57   Fluctuation:  0.481E+57   0.962E+60   100.0%
  2    0.4810E+57 0.4810E+57 +- 0.4808E+57     44.70
>>>>>>> 911b5ec345c81b054214c521136984e9d6306827
 Relative summed weights:
  0.1000E+01  0.0000E+00
 Relative number of events:
  0.1000E+01  0.0000E+00
 Events:
        2000           0
<<<<<<< HEAD
 Iteration  2   Mean: 0.2385E+10 Abs mean: 0.2385E+10   Fluctuation:  0.258E+08   0.692E+10    98.4%
  2    0.2385E+10 0.2385E+10 +- 0.2577E+08      0.68
=======
 Iteration  3   Mean: 0.2695E+57 Abs mean: 0.2695E+57   Fluctuation:  0.255E+57   0.102E+61   100.0%
  3    0.2695E+57 0.2695E+57 +- 0.2552E+57     59.90
>>>>>>> 911b5ec345c81b054214c521136984e9d6306827
 Relative summed weights:
  0.1000E+01  0.0000E+00
 Relative number of events:
  0.1000E+01  0.0000E+00
 Events:
        4000           0
<<<<<<< HEAD
Warning xbin not returning correct x   1  0.985378E+00  0.999990E+00  0.7081E-03
Warning xbin not returning correct x   1  0.982949E+00  0.999988E+00  0.7081E-03
 Iteration  3   Mean: 0.2357E+10 Abs mean: 0.2357E+10   Fluctuation:  0.128E+08   0.932E+10    99.3%
  3    0.2357E+10 0.2357E+10 +- 0.1283E+08      0.49
=======
 Found            8  events.
 Wrote            1  events.
 Actual xsec   2.38570403940391075E+056
 Correct abs xsec   2.38570403940391075E+056
 Event xsec   2.38570403940391075E+056
 Events wgts > 1:            0
 % Cross section > 1:    0.0000000000000000        0.0000000000000000     
 Checking number of events   9965.5629133980165                1  chi2:    1481312.8134053757     
 Found            8  events.
 Wrote            1  events.
 Actual xsec   2.38570403940391075E+056
 Correct abs xsec   2.38570403940391075E+056
 Event xsec   2.38570403940391075E+056
 Events wgts > 1:            0
 % Cross section > 1:    0.0000000000000000        0.0000000000000000     
 Iteration  4   Mean: 0.2305E+57 Abs mean: 0.2305E+57   Fluctuation:  0.163E+57   0.104E+61   100.0%
  4    0.2305E+57 0.2305E+57 +- 0.1628E+57     63.15
>>>>>>> 911b5ec345c81b054214c521136984e9d6306827
 Relative summed weights:
  0.1000E+01  0.0000E+00
 Relative number of events:
  0.1000E+01  0.0000E+00
 Events:
        8000           0
<<<<<<< HEAD
 Found          818  events.
 Wrote          813  events.
 Actual xsec    2363605499.0091968     
 Correct abs xsec    2363605499.0091968     
 Event xsec    2363605499.0091619     
 Events wgts > 1:            0
 % Cross section > 1:    0.0000000000000000        0.0000000000000000     
 Checking number of events   4595.5581717235818              813  chi2:   0.52367845897661380     
 Found          818  events.
 Wrote          813  events.
 Actual xsec    2363605499.0091968     
 Correct abs xsec    2363605499.0091968     
 Event xsec    2363605499.0091619     
 Events wgts > 1:            0
 % Cross section > 1:    0.0000000000000000        0.0000000000000000     
Warning xbin not returning correct x   1  0.995958E+00  0.999999E+00  0.3033E-03
Warning xbin not returning correct x   1  0.996524E+00  0.999999E+00  0.3033E-03
Warning xbin not returning correct x   1  0.983153E+00  0.999995E+00  0.3033E-03
Warning xbin not returning correct x   1  0.982094E+00  0.999995E+00  0.3033E-03
Warning xbin not returning correct x   1  0.988397E+00  0.999997E+00  0.3033E-03
 Iteration  4   Mean: 0.2352E+10 Abs mean: 0.2352E+10   Fluctuation:  0.589E+07   0.389E+10    99.5%
  4    0.2352E+10 0.2352E+10 +- 0.5894E+07      0.32
=======
 Found            8  events.
 Wrote            2  events.
 Actual xsec   3.01889029868239993E+056
 Correct abs xsec   3.01889029868239993E+056
 Event xsec   3.01889029868239950E+056
 Events wgts > 1:            1
 % Cross section > 1:   8.57808844027735653E+048  2.84147073645613440E-006
 Checking number of events   12610.508555656121                2  chi2:   0.17362797130681928     
 Found            8  events.
 Wrote            1  events.
 Actual xsec   3.01889029868239993E+056
 Correct abs xsec   3.01889029868239993E+056
 Event xsec   3.01889029868239993E+056
 Events wgts > 1:            1
 % Cross section > 1:   1.71561764014371404E+049  5.68294131420574768E-006
 Iteration  5   Mean: 0.4269E+57 Abs mean: 0.4269E+57   Fluctuation:  0.181E+57   0.159E+61   100.0%
  5    0.4269E+57 0.4269E+57 +- 0.1808E+57     53.56
 Relative summed weights:
  0.1000E+01  0.0000E+00
 Relative number of events:
  0.1000E+01  0.0000E+00
 Events:
       16000           0
 Found           16  events.
 Wrote            4  events.
 Actual xsec   3.61455980240767772E+056
 Correct abs xsec   3.61455980240767772E+056
 Event xsec   3.61455980240767772E+056
 Events wgts > 1:            0
 % Cross section > 1:    0.0000000000000000        0.0000000000000000     
 Checking number of events   15098.739206617351                4  chi2:   0.45415760703943575     
 Found           16  events.
 Wrote            5  events.
 Actual xsec   3.61455980240767772E+056
 Correct abs xsec   3.61455980240767772E+056
 Event xsec   3.61455980240767815E+056
 Events wgts > 1:            0
 % Cross section > 1:    0.0000000000000000        0.0000000000000000     
 Error in matrix element
 Error in matrix element
 Iteration  6   Mean: 0.2790E+56 Abs mean: 0.2790E+56   Fluctuation:  0.176E+56   0.488E+60   100.0%
  6    0.2790E+56 0.2790E+56 +- 0.1762E+56    112.94
>>>>>>> 911b5ec345c81b054214c521136984e9d6306827
 Relative summed weights:
  0.1000E+01  0.0000E+00
 Relative number of events:
  0.1000E+01  0.0000E+00
 Events:
<<<<<<< HEAD
       16000           0
 Found         1579  events.
 Wrote         1574  events.
 Actual xsec    2354428075.3529272     
 Correct abs xsec    2354428075.3529272     
 Event xsec    2354428075.3529334     
 Events wgts > 1:            0
 % Cross section > 1:    0.0000000000000000        0.0000000000000000     
 Checking number of events   4577.7145069086964             1574  chi2:   0.81319012800552959     
 Found         1579  events.
 Wrote         1574  events.
 Actual xsec    2354428075.3529272     
 Correct abs xsec    2354428075.3529272     
 Event xsec    2354428075.3529334     
 Events wgts > 1:            0
 % Cross section > 1:    0.0000000000000000        0.0000000000000000     
Warning xbin not returning correct x   1  0.993378E+00  0.999999E+00  0.2055E-03
Warning xbin not returning correct x   1  0.994743E+00  0.999999E+00  0.2055E-03
Warning xbin not returning correct x   1  0.987380E+00  0.999997E+00  0.2055E-03
Warning xbin not returning correct x   1  0.996918E+00  0.999999E+00  0.2055E-03
Warning xbin not returning correct x   1  0.990025E+00  0.999998E+00  0.2055E-03
Warning xbin still not working well. Last message this iteration.
 Iteration  5   Mean: 0.2356E+10 Abs mean: 0.2356E+10   Fluctuation:  0.296E+07   0.329E+10    99.6%
  5    0.2356E+10 0.2356E+10 +- 0.2959E+07      0.22
=======
       32000           0
 Found           18  events.
 Wrote            2  events.
 Actual xsec   2.88703686356782902E+056
 Correct abs xsec   2.88703686356782902E+056
 Event xsec   2.88703686356782902E+056
 Events wgts > 1:            1
 % Cross section > 1:   2.81301490608346436E+049  9.74360577650232100E-006
 Checking number of events   12059.730386495536                2  chi2:    109.94569283612644     
 Found           18  events.
 Wrote            1  events.
 Actual xsec   2.88703686356782902E+056
 Correct abs xsec   2.88703686356782902E+056
 Event xsec   2.88703686356782902E+056
 Events wgts > 1:            1
 % Cross section > 1:   5.62602926335952735E+049  1.94872096520680534E-005
 Error in matrix element
 Error in matrix element
 Error in matrix element
 Error in matrix element
 Error in matrix element
 Error in matrix element
 Iteration  7   Mean: 0.1049E+57 Abs mean: 0.1049E+57   Fluctuation:  0.414E+56   0.161E+61   100.0%
  7    0.1049E+57 0.1049E+57 +- 0.4135E+56     99.74
 Relative summed weights:
  0.1000E+01  0.0000E+00
 Relative number of events:
  0.1000E+01  0.0000E+00
 Events:
       64000           0
 Found           57  events.
 Wrote            4  events.
 Actual xsec   2.15305862733081051E+056
 Correct abs xsec   2.15305862733081051E+056
 Event xsec   2.15305862733081051E+056
 Events wgts > 1:            1
 % Cross section > 1:   3.96726450274964568E+048  1.84261796329621651E-006
 Checking number of events   8993.7564980862608                4  chi2:    60.835451717383826     
 Found           57  events.
 Wrote            6  events.
 Actual xsec   2.15305862733081051E+056
 Correct abs xsec   2.15305862733081051E+056
 Event xsec   2.15305862733081051E+056
 Events wgts > 1:            1
 % Cross section > 1:   2.64484301453697215E+048  1.22841198143119622E-006
 Error in matrix element
 Error in matrix element
 Error in matrix element
 Error in matrix element
 Error in matrix element
 Error in matrix element
 Error in matrix element
 Error in matrix element
 Error in matrix element
 Error in matrix element
 Error in matrix element
 Error in matrix element
 Error in matrix element
 Error in matrix element
 Error in matrix element
 Error in matrix element
 Error in matrix element
 Error in matrix element
 Iteration  8   Mean: 0.9293E+56 Abs mean: 0.9293E+56   Fluctuation:  0.261E+56   0.159E+61   100.0%
  8    0.9293E+56 0.9293E+56 +- 0.2606E+56    100.31
 Relative summed weights:
  0.1000E+01  0.0000E+00
 Relative number of events:
  0.1000E+01  0.0000E+00
 Events:
      128000           0
 Found           75  events.
 Wrote            5  events.
 Actual xsec   8.89484685198869584E+055
 Correct abs xsec   8.89484685198869584E+055
 Event xsec   8.89484685198869584E+055
 Events wgts > 1:            0
 % Cross section > 1:    0.0000000000000000        0.0000000000000000     
 Checking number of events   3715.5554270127182                5  chi2:    6.0901834005028359     
 Found           75  events.
 Wrote            7  events.
 Actual xsec   8.89484685198869584E+055
 Correct abs xsec   8.89484685198869584E+055
 Event xsec   8.89484685198869693E+055
 Events wgts > 1:            0
 % Cross section > 1:    0.0000000000000000        0.0000000000000000     
 Error in matrix element
 Error in matrix element
 Error in matrix element
 Error in matrix element
 Error in matrix element
 Error in matrix element
 Error in matrix element
 Error in matrix element
 Error in matrix element
 Error in matrix element
 Error in matrix element
 Error in matrix element
 Error in matrix element
 Error in matrix element
 Error in matrix element
 Error in matrix element
 Error in matrix element
 Error in matrix element
 Error in matrix element
 Error in matrix element
 Error in matrix element
 Error in matrix element
 Error in matrix element
 Iteration  9   Mean: 0.9365E+56 Abs mean: 0.9365E+56   Fluctuation:  0.183E+56   0.161E+61   100.0%
  9    0.9365E+56 0.9365E+56 +- 0.1828E+56     98.75
 Relative summed weights:
  0.1000E+01  0.0000E+00
 Relative number of events:
  0.1000E+01  0.0000E+00
 Events:
      256000           0
 Found          156  events.
 Wrote           19  events.
 Actual xsec   9.50412086582104952E+055
 Correct abs xsec   9.50412086582104952E+055
 Event xsec   9.50412086582105061E+055
 Events wgts > 1:            4
 % Cross section > 1:   1.10171954590593292E+053  0.11592019519322018     
 Checking number of events   3970.0613680707688               19  chi2:   3.45065758130647937E-002
 Found          156  events.
 Wrote           15  events.
 Actual xsec   9.50412086582104952E+055
 Correct abs xsec   9.50412086582104952E+055
 Event xsec   9.50412086582105496E+055
 Events wgts > 1:            4
 % Cross section > 1:   1.39508017690373331E+053  0.14678687241034083     

 -------------------------------------------------------------------------------
 Accumulated results:   Integral =   +Infinity
                        Std dev  =   +Infinity
                       Cross sec =   +Infinity
             Chi**2 per DoF.     =      5.0916
 -------------------------------------------------------------------------------
-------------------------------------------------
---------------------------
 Results Last   3 iters: Integral =   0.9504E+56
                     Abs integral =   0.9504E+56
                          Std dev =   0.1410E+56
                  Chi**2 per DoF. =      0.0345
-------------------------------------------------
---------------------------
 Status -4.17719999999999991E-053          10           9
 Trying w/ fresh grid
 Starting w/ ncall =         4000
 Keeping grid fixed.
  2 dimensions   4000 events  2 invarients  8 iterations  1 config(s),  (0.99)
 Using h-tuple random number sequence.
 Error opening grid
 Using Uniform Grid!
 Using uniform alpha   1.0000000000000000     
 Grid defined OK
Setting grid   1    0.53290E-04   1
 Iteration  1   Mean: 0.3833E+30 Abs mean: 0.3833E+30   Fluctuation:  0.382E+30   0.153E+34   100.0%
  1    0.3833E+30 0.3833E+30 +- 0.3824E+30     63.09
 Relative summed weights:
  0.1000E+01  0.0000E+00
 Relative number of events:
  0.1000E+01  0.0000E+00
 Events:
        4000           0
 Iteration  2   Mean: 0.1986E+39 Abs mean: 0.1986E+39   Fluctuation:  0.199E+39   0.159E+43   100.0%
  2    0.1986E+39 0.1986E+39 +- 0.1986E+39     89.44
 Relative summed weights:
  0.1000E+01  0.0000E+00
 Relative number of events:
  0.1000E+01  0.0000E+00
 Events:
        8000           0
 Iteration  3   Mean: 0.2959E+39 Abs mean: 0.2959E+39   Fluctuation:  0.295E+39   0.472E+43   100.0%
  3    0.2959E+39 0.2959E+39 +- 0.2950E+39    126.10
 Relative summed weights:
  0.1000E+01  0.0000E+00
 Relative number of events:
  0.1000E+01  0.0000E+00
 Events:
       16000           0
 Found           10  events.
 Wrote            1  events.
 Actual xsec   1.64842703776116643E+038
 Correct abs xsec   1.64842703776116643E+038
 Event xsec   1.64842703776116643E+038
 Events wgts > 1:            1
 % Cross section > 1:   4.98694284524899212E+030  3.02527362813829816E-006
 Checking number of events  6.88580942213594411E-015           1  chi2:    92898384972565456.     
 Found           10  events.
 Wrote            1  events.
 Actual xsec   1.64842703776116643E+038
 Correct abs xsec   1.64842703776116643E+038
 Event xsec   1.64842703776116643E+038
 Events wgts > 1:            1
 % Cross section > 1:   4.98694284524899212E+030  3.02527362813829816E-006
 Iteration  4   Mean: 0.1769E+43 Abs mean: 0.1769E+43   Fluctuation:  0.175E+43   0.560E+47   100.0%
  4    0.1769E+43 0.1769E+43 +- 0.1751E+43    177.06
>>>>>>> 911b5ec345c81b054214c521136984e9d6306827
 Relative summed weights:
  0.1000E+01  0.0000E+00
 Relative number of events:
  0.1000E+01  0.0000E+00
 Events:
       32000           0
<<<<<<< HEAD
 Found         3246  events.
 Wrote         3241  events.
 Actual xsec    2355306590.3799949     
 Correct abs xsec    2355306590.3799949     
 Event xsec    2355306590.3799152     
 Events wgts > 1:            0
 % Cross section > 1:    0.0000000000000000        0.0000000000000000     
 Checking number of events   4579.4226036758246             3241  chi2:   0.18076664223429806     
 Found         3246  events.
 Wrote         3241  events.
 Actual xsec    2355306590.3799949     
 Correct abs xsec    2355306590.3799949     
 Event xsec    2355306590.3799152     
 Events wgts > 1:            0
 % Cross section > 1:    0.0000000000000000        0.0000000000000000     
Warning xbin not returning correct x   1  0.997145E+00  0.999999E+00  0.1803E-03
Warning xbin not returning correct x   1  0.982856E+00  0.999997E+00  0.1803E-03
Warning xbin not returning correct x   1  0.986883E+00  0.999998E+00  0.1803E-03
Warning xbin not returning correct x   1  0.990717E+00  0.999998E+00  0.1803E-03
Warning xbin not returning correct x   1  0.987834E+00  0.999998E+00  0.1803E-03
Warning xbin still not working well. Last message this iteration.
 Iteration  6   Mean: 0.2354E+10 Abs mean: 0.2354E+10   Fluctuation:  0.154E+07   0.302E+10    99.7%
  6    0.2354E+10 0.2354E+10 +- 0.1541E+07      0.17
=======
 Found          120  events.
 Wrote            1  events.
 Actual xsec   5.96570161397385478E+041
 Correct abs xsec   5.96570161397385478E+041
 Event xsec   5.96570161397385478E+041
 Events wgts > 1:            1
 % Cross section > 1:   8.30138512411011912E+033  1.39151866138682488E-006
 Checking number of events  2.49199287818915855E-011           1  chi2:    6550262.9614104927     
 Found          120  events.
 Wrote            1  events.
 Actual xsec   5.96570161397385478E+041
 Correct abs xsec   5.96570161397385478E+041
 Event xsec   5.96570161397385478E+041
 Events wgts > 1:            1
 % Cross section > 1:   8.30138512411011912E+033  1.39151866138682488E-006
 Iteration  5   Mean: 0.1112E+52 Abs mean: 0.1112E+52   Fluctuation:  0.111E+52   0.711E+56   100.0%
  5    0.1112E+52 0.1112E+52 +- 0.1112E+52    252.96
 Relative summed weights:
  0.1000E+01  0.0000E+00
 Relative number of events:
  0.1000E+01  0.0000E+00
 Events:
       64000           0
 Found          274  events.
 Wrote            1  events.
 Actual xsec   3.67358319947048130E+050
 Correct abs xsec   3.67358319947048130E+050
 Event xsec   3.67358319947048130E+050
 Events wgts > 1:            0
 % Cross section > 1:    0.0000000000000000        0.0000000000000000     
 Checking number of events  1.53452917408280938E-002           1  chi2:   7.75554761588154720E+023
 Found          274  events.
 Wrote            1  events.
 Actual xsec   3.67358319947048130E+050
 Correct abs xsec   3.67358319947048130E+050
 Event xsec   3.67358319947048130E+050
 Events wgts > 1:            0
 % Cross section > 1:    0.0000000000000000        0.0000000000000000     
 Fixing grid
 Iteration  6   Mean: 0.2746E+52 Abs mean: 0.2746E+52   Fluctuation:  0.187E+52   0.227E+57   100.0%
  6    0.2746E+52 0.2746E+52 +- 0.1870E+52    243.64
>>>>>>> 911b5ec345c81b054214c521136984e9d6306827
 Relative summed weights:
  0.1000E+01  0.0000E+00
 Relative number of events:
  0.1000E+01  0.0000E+00
 Events:
<<<<<<< HEAD
       64000           0
 Found         6424  events.
 Wrote         6420  events.
 Actual xsec    2354584589.9725876     
 Correct abs xsec    2354584589.9725876     
 Event xsec    2354584589.9727855     
 Events wgts > 1:            0
 % Cross section > 1:    0.0000000000000000        0.0000000000000000     
 Checking number of events   4578.0188182837028             6420  chi2:   0.20705482112500401     

 -------------------------------------------------------------------------------
 Accumulated results:   Integral =  0.2355E+10
                        Std dev  =  0.1322E+07
                       Cross sec =  0.4230E+00
             Chi**2 per DoF.     =
-------------------------------------------------
---------------------------
 Results Last   3 iters: Integral =   0.2355E+10
                     Abs integral =   0.2355E+10
                          Std dev =   0.1331E+07
                  Chi**2 per DoF. =      0.2071
-------------------------------------------------
---------------------------
 Status -1.94430000000000017E-006           7           9
 We found enough events        6420   4578.0188182837028     
=======
      128000           0
 Found           39  events.
 Wrote            1  events.
 Actual xsec   1.68378091269305782E+051
 Correct abs xsec   1.68378091269305782E+051
 Event xsec   1.68378091269305782E+051
 Events wgts > 1:            0
 % Cross section > 1:    0.0000000000000000        0.0000000000000000     
 Checking number of events  7.03348962850144088E-002           1  chi2:   4.62534220078814144E+017
 Found           39  events.
 Wrote            2  events.
 Actual xsec   1.68378091269305782E+051
 Correct abs xsec   1.68378091269305782E+051
 Event xsec   1.68378091269305782E+051
 Events wgts > 1:            0
 % Cross section > 1:    0.0000000000000000        0.0000000000000000     
 Iteration  7   Mean: 0.2444E+54 Abs mean: 0.2444E+54   Fluctuation:  0.240E+54   0.614E+59   100.0%
  7    0.2444E+54 0.2444E+54 +- 0.2397E+54    496.32
 Relative summed weights:
  0.1000E+01  0.0000E+00
 Relative number of events:
  0.1000E+01  0.0000E+00
 Events:
      256000           0
 Found           43  events.
 Wrote            1  events.
 Actual xsec   6.21998338010995682E+052
 Correct abs xsec   6.21998338010995682E+052
 Event xsec   6.21998338010995575E+052
 Events wgts > 1:            0
 % Cross section > 1:    0.0000000000000000        0.0000000000000000     
 Checking number of events   2.5982114575395312                1  chi2:    2015.4094237275760     
 Found           43  events.
 Wrote            1  events.
 Actual xsec   6.21998338010995682E+052
 Correct abs xsec   6.21998338010995682E+052
 Event xsec   6.21998338010995575E+052
 Events wgts > 1:            0
 % Cross section > 1:    0.0000000000000000        0.0000000000000000     
 Iteration  8   Mean: 0.1339E+55 Abs mean: 0.1339E+55   Fluctuation:  0.111E+55   0.557E+60   100.0%
  8    0.1339E+55 0.1339E+55 +- 0.1106E+55    590.97
 Relative summed weights:
  0.1000E+01  0.0000E+00
 Relative number of events:
  0.1000E+01  0.0000E+00
 Events:
      512000           0
 Found           38  events.
 Wrote            1  events.
 Actual xsec   8.55710839738690557E+055
 Correct abs xsec   8.55710839738690557E+055
 Event xsec   8.55710839738690448E+055
 Events wgts > 1:            0
 % Cross section > 1:    0.0000000000000000        0.0000000000000000     
 Checking number of events   19.924983302527064                1  chi2:    32157.290025207763     
 Found           38  events.
 Wrote            2  events.
 Actual xsec   8.55710839738690557E+055
 Correct abs xsec   8.55710839738690557E+055
 Event xsec   8.55710839738690448E+055
 Events wgts > 1:            0
 % Cross section > 1:    0.0000000000000000        0.0000000000000000     

 -------------------------------------------------------------------------------
 Accumulated results:   Integral =   +Infinity
                        Std dev  =   +Infinity
                       Cross sec =   +Infinity
             Chi**2 per DoF.     =      5.9177
 -------------------------------------------------------------------------------
-------------------------------------------------
---------------------------
 Results Last   3 iters: Integral =   0.4770E+54
                     Abs integral =   0.4770E+54
                         Std dev =   0.2209E+54
                 Chi**2 per DoF. =  32157.2900
-------------------------------------------------
---------------------------
>>>>>>> 911b5ec345c81b054214c521136984e9d6306827

ls status:
events.lhe
ftn25
ftn26
input_sg.txt
<<<<<<< HEAD
moffset.dat
results.dat
run_01_ftn26.gz
run_01_log.txt
run_01_results.dat
run_02_ftn26.gz
run_02_log.txt
run_02_results.dat
run_03_ftn26.gz
run_03_log.txt
run_03_results.dat
run_04_ftn26.gz
run_04_log.txt
run_04_results.dat
=======
log.txt
moffset.dat
results.dat
>>>>>>> 911b5ec345c81b054214c521136984e9d6306827
run1_app.log
