 Process in group number            0
 No PDF is used, alpha_s(MZ) from param_card is used
 Value of alpha_s from param_card:   0.11800000071525575     
 The default order of alpha_s running is fixed to            2
 *****************************************************
 *               MadGraph/MadEvent                   *
 *        --------------------------------           *
 *          http://madgraph.hep.uiuc.edu             *
 *          http://madgraph.phys.ucl.ac.be           *
 *          http://madgraph.roma2.infn.it            *
 *        --------------------------------           *
 *                                                   *
 *          PARAMETER AND COUPLING VALUES            *
 *                                                   *
 *****************************************************

  External Params
  ---------------------------------
  
 aEWM1 =    132.50700378417969     
 mdl_Gf =   1.16639000000000003E-005
 aS =   0.11800000071525575     
 mdl_ymb =    4.6999998092651367     
 mdl_ymt =    173.00000000000000     
 mdl_yme =   5.10999991092830896E-004
 mdl_ymm =   0.10565999895334244     
 mdl_ymtau =    1.7769999504089355     
 mdl_MZ =    91.188003540039063     
 mdl_MT =    173.00000000000000     
 mdl_MB =    4.6999998092651367     
 mdl_MH =    125.00000000000000     
 mdl_Me =   5.10999991092830896E-004
 mdl_MM =   0.10565999895334244     
 mdl_MTA =    1.7769999504089355     
 mdl_WZ =    2.4414041042327881     
 mdl_WW =    2.0476000308990479     
 mdl_WT =    1.4915000200271606     
 mdl_WH =   6.38233916833996773E-003
 mdl_WTau =   2.26999999999999982E-012
  Internal Params
  ---------------------------------
  
 mdl_conjg__CKM3x3 =    1.0000000000000000     
 mdl_CKM3x3 =    1.0000000000000000     
 mdl_conjg__CKM1x1 =    1.0000000000000000     
 mdl_complexi =  (  0.0000000000000000     ,  1.0000000000000000     )
 mdl_MZ__exp__2 =    8315.2519896181766     
 mdl_MZ__exp__4 =    69143415.650849044     
 mdl_sqrt__2 =    1.4142135623730951     
 mdl_MH__exp__2 =    15625.000000000000     
 mdl_aEW =   7.54677089845565054E-003
 mdl_MW =    80.419007276179556     
 mdl_sqrt__aEW =   8.68721526063194194E-002
 mdl_ee =   0.30795376284704501     
 mdl_MW__exp__2 =    6467.2167312862202     
 mdl_sw2 =   0.22224645274001076     
 mdl_cw =   0.88190336616887299     
 mdl_sqrt__sw2 =   0.47143022043565552     
 mdl_sw =   0.47143022043565552     
 mdl_g1 =   0.34919218438279087     
 mdl_gw =   0.65323296958447097     
 mdl_vev =    246.21845810181631     
 mdl_vev__exp__2 =    60623.529110035874     
 mdl_lam =   0.12886910601690271     
 mdl_yb =   2.69955531549349904E-002
 mdl_ye =   2.93504850670934038E-006
 mdl_ym =   6.06883028478528356E-004
 mdl_yt =   0.99366614581500645     
 mdl_ytau =   1.02066167158167895E-002
 mdl_muH =    88.388347648318444     
 mdl_I1x33 =  ( 2.69955531549349904E-002,  0.0000000000000000     )
 mdl_I2x33 =  ( 0.99366614581500645     ,  0.0000000000000000     )
 mdl_I3x33 =  ( 0.99366614581500645     ,  0.0000000000000000     )
 mdl_I4x33 =  ( 2.69955531549349904E-002,  0.0000000000000000     )
 mdl_ee__exp__2 =   9.48355200516540348E-002
 mdl_sw__exp__2 =   0.22224645274001076     
 mdl_cw__exp__2 =   0.77775354725998924     
  Internal Params evaluated point by point
  ----------------------------------------
  
 mdl_sqrt__aS =   0.34351128178744839     
 mdl_G__exp__2 =    1.4828317414825511     
  Couplings of sm-lepton_masses
  ---------------------------------
  
         GC_3 =  -0.00000E+00  -0.30795E+00
        GC_50 =  -0.00000E+00  -0.28804E+00
        GC_59 =   0.00000E+00   0.82310E-01
        GC_89 =  -0.00000E+00  -0.20754E-05

 Collider parameters:
 --------------------

<<<<<<< HEAD
 Running at e e   machine @   7.14879999999999960E-002  GeV
=======
 Running at e e   machine @   7.00000000000000067E-002  GeV
>>>>>>> 911b5ec345c81b054214c521136984e9d6306827
 PDF set = none   
 alpha_s(Mz)= 0.1180 running at 2 loops.
 alpha_s(Mz)= 0.1180 running at 2 loops.
 Renormalization scale fixed @    91.188000000000002     
 Factorization scales  fixed @    91.188000000000002        91.188000000000002     


 getting user params
Enter number of events and max and min iterations: 
<<<<<<< HEAD
 Number of events and iterations         2000           9           3
Enter desired fractional accuracy: 
 Desired fractional accuracy:  -1.94430000000000017E-006
=======
 Number of events and iterations         1000           9           3
Enter desired fractional accuracy: 
 Desired fractional accuracy:  -4.17719999999999991E-053
>>>>>>> 911b5ec345c81b054214c521136984e9d6306827
Enter 0 for fixed, 2 for adjustable grid: 
Suppress amplitude (0 no, 1 yes)? 
 Using suppressed amplitude.
Exact helicity sum (0 yes, n = number/event)? 
 Explicitly summing over helicities
Enter Configuration Number: 
Running Configuration Number:    4
 Not subdividing B.W.
 Attempting mappinvarients           1           4
 Completed mapping           4
<<<<<<< HEAD
 about to integrate            2        2000           9           3           2           1
 Using non-zero grid deformation.
  2 dimensions   2000 events  2 invarients  9 iterations  1 config(s),  (0.99)
 Using h-tuple random number sequence.
 Error opening grid
 Using Uniform Grid!
 Using uniform alpha   1.0000000000000000     
 Grid defined OK
 Set CM energy to          0.07
 Mapping Graph           4  to config           4
Setting grid   1    0.19567E-01   1
=======
 about to integrate            2        1000           9           3           2           1
 Keeping grid fixed.
  2 dimensions   1000 events  2 invarients  9 iterations  1 config(s),  (0.99)
 Using h-tuple random number sequence.
 Grid read from file
 Grid defined OK
 Set CM energy to          0.07
 Mapping Graph           4  to config           4
 No modification is setgrid, grid read from file
>>>>>>> 911b5ec345c81b054214c521136984e9d6306827
 Masses: 0.511E-03 0.511E-03 0.511E-03 0.511E-03
   4   1   2
 Got moffset          21
Using random seed offsets     4 :      1
<<<<<<< HEAD
  with seed                   63
 Ranmar initialization seeds       18441       15574
=======
  with seed                   30
 Ranmar initialization seeds        8295       15540
>>>>>>> 911b5ec345c81b054214c521136984e9d6306827
  Particle       3       4
      Et >     0.0     0.0
       E >     0.0     0.0
     Eta <    -1.0    -1.0
   xqcut:      0.0     0.0
d R # 3  >    -0.0     0.4
s min # 3>     0.0     0.0
xqcutij # 3>     0.0     0.0
 alpha_s for scale    91.188000000000002       is   0.11800000071525575     
<<<<<<< HEAD
 Added good helicity            1   4.5652399924635398       in event            1
 Added good helicity            2  1.11059180154381554E-005  in event            1
 Added good helicity            3  1.11059183640856528E-005  in event            1
 Added good helicity            5  1.11059180154381622E-005  in event            1
 Added good helicity            6   3.4346142809596625       in event            1
 Added good helicity            7  1.01252181808676484E-004  in event            1
 Added good helicity            8  1.11059180154381571E-005  in event            1
 Added good helicity            9  1.11059183640856680E-005  in event            1
 Added good helicity           10  1.01252181808676498E-004  in event            1
 Added good helicity           11   3.4346143808437195       in event            1
 Added good helicity           12  1.11059183640856714E-005  in event            1
 Added good helicity           14  1.11059180154381503E-005  in event            1
 Added good helicity           15  1.11059183640856629E-005  in event            1
 Added good helicity           16   4.5652399924635390       in event            1
 Iteration  1   Mean: 0.2368E+10 Abs mean: 0.2368E+10   Fluctuation:  0.643E+08   0.102E+11    89.0%
  1    0.2368E+10 0.2368E+10 +- 0.6429E+08      1.21
 Writing out events   147817.82015992387        1.2141092168367471     
=======
 Added good helicity            1   4.0000000000055751       in event            1
 Added good helicity            6   3.9999999999944249       in event            1
 Added good helicity           11   3.9999999999944249       in event            1
 Added good helicity           16   4.0000000000055751       in event            1
 Added good helicity            2  1.47410371796456621E-005  in event           42
 Added good helicity            3  1.47410401106671647E-005  in event           42
 Added good helicity            5  1.47410371796456791E-005  in event           42
 Added good helicity            7  2.63405183435516561E-002  in event           42
 Added good helicity            8  1.47410371796456791E-005  in event           42
 Added good helicity            9  1.47410401106671985E-005  in event           42
 Added good helicity           10  2.63405183435516561E-002  in event           42
 Added good helicity           12  1.47410401106671935E-005  in event           42
 Added good helicity           14  1.47410371796456503E-005  in event           42
 Added good helicity           15  1.47410401106671765E-005  in event           42
 Iteration  1   Mean: 0.3811E+57 Abs mean: 0.3811E+57   Fluctuation:  0.381E+57   0.381E+60   100.0%
  1    0.3811E+57 0.3811E+57 +- 0.3811E+57     31.62
 Writing out events  4.23442440478876777E+052   31.622556168583944     
 Relative summed weights:
  0.1000E+01  0.0000E+00
 Relative number of events:
  0.1000E+01  0.0000E+00
 Events:
        1000           0
 Iteration  2   Mean: 0.8881E+54 Abs mean: 0.8881E+54   Fluctuation:  0.781E+54   0.155E+58   100.0%
  2    0.8881E+54 0.8881E+54 +- 0.7812E+54     39.34
>>>>>>> 911b5ec345c81b054214c521136984e9d6306827
 Relative summed weights:
  0.1000E+01  0.0000E+00
 Relative number of events:
  0.1000E+01  0.0000E+00
 Events:
        2000           0
<<<<<<< HEAD
Warning xbin not returning correct x   1  0.990495E+00  0.999980E+00  0.2147E-02
Warning xbin not returning correct x   1  0.993474E+00  0.999986E+00  0.2147E-02
Warning xbin not returning correct x   1  0.993587E+00  0.999986E+00  0.2147E-02
 Iteration  2   Mean: 0.2326E+10 Abs mean: 0.2326E+10   Fluctuation:  0.257E+08   0.721E+10    98.5%
  2    0.2326E+10 0.2326E+10 +- 0.2570E+08      0.70
=======
 Iteration  3   Mean: 0.1724E+57 Abs mean: 0.1724E+57   Fluctuation:  0.172E+57   0.689E+60   100.0%
  3    0.1724E+57 0.1724E+57 +- 0.1722E+57     63.15
>>>>>>> 911b5ec345c81b054214c521136984e9d6306827
 Relative summed weights:
  0.1000E+01  0.0000E+00
 Relative number of events:
  0.1000E+01  0.0000E+00
 Events:
        4000           0
<<<<<<< HEAD
Warning xbin not returning correct x   1  0.982975E+00  0.999988E+00  0.7244E-03
Warning xbin not returning correct x   1  0.985291E+00  0.999990E+00  0.7244E-03
 Iteration  3   Mean: 0.2355E+10 Abs mean: 0.2355E+10   Fluctuation:  0.129E+08   0.920E+10    99.0%
  3    0.2355E+10 0.2355E+10 +- 0.1286E+08      0.49
=======
 Found            8  events.
 Wrote            1  events.
 Actual xsec   1.68474288211616183E+056
 Correct abs xsec   1.68474288211616183E+056
 Event xsec   1.68474288211616183E+056
 Events wgts > 1:            1
 % Cross section > 1:   7.07171622269814916E+048  4.19750473366924090E-006
 Checking number of events   7037.5079671756312                1  chi2:    23010.689452831484     
 Found            8  events.
 Wrote            1  events.
 Actual xsec   1.68474288211616183E+056
 Correct abs xsec   1.68474288211616183E+056
 Event xsec   1.68474288211616183E+056
 Events wgts > 1:            1
 % Cross section > 1:   7.07171622269814916E+048  4.19750473366924090E-006
 Iteration  4   Mean: 0.8612E+56 Abs mean: 0.8612E+56   Fluctuation:  0.667E+56   0.525E+60   100.0%
  4    0.8612E+56 0.8612E+56 +- 0.6670E+56     69.27
>>>>>>> 911b5ec345c81b054214c521136984e9d6306827
 Relative summed weights:
  0.1000E+01  0.0000E+00
 Relative number of events:
  0.1000E+01  0.0000E+00
 Events:
        8000           0
<<<<<<< HEAD
 Found          824  events.
 Wrote          819  events.
 Actual xsec    2349731076.0779638     
 Correct abs xsec    2349731076.0779638     
 Event xsec    2349731076.0779276     
 Events wgts > 1:            0
 % Cross section > 1:    0.0000000000000000        0.0000000000000000     
 Checking number of events   4568.5821312183853              819  chi2:   0.55736609394180348     
 Found          824  events.
 Wrote          819  events.
 Actual xsec    2349731076.0779638     
 Correct abs xsec    2349731076.0779638     
 Event xsec    2349731076.0779276     
 Events wgts > 1:            0
 % Cross section > 1:    0.0000000000000000        0.0000000000000000     
Warning xbin not returning correct x   1  0.986361E+00  0.999996E+00  0.3126E-03
Warning xbin not returning correct x   1  0.989204E+00  0.999997E+00  0.3126E-03
Warning xbin not returning correct x   1  0.985195E+00  0.999995E+00  0.3126E-03
Warning xbin not returning correct x   1  0.981700E+00  0.999994E+00  0.3126E-03
Warning xbin not returning correct x   1  0.987024E+00  0.999996E+00  0.3126E-03
Warning xbin still not working well. Last message this iteration.
 Iteration  4   Mean: 0.2365E+10 Abs mean: 0.2365E+10   Fluctuation:  0.594E+07   0.400E+10    99.3%
  4    0.2365E+10 0.2365E+10 +- 0.5942E+07      0.32
=======
 Found           12  events.
 Wrote            1  events.
 Actual xsec   8.01706112798518450E+055
 Correct abs xsec   8.01706112798518450E+055
 Event xsec   8.01706112798518450E+055
 Events wgts > 1:            0
 % Cross section > 1:    0.0000000000000000        0.0000000000000000     
 Checking number of events   3348.8867743819710                1  chi2:    5150.1187858538424     
 Found           12  events.
 Wrote            3  events.
 Actual xsec   8.01706112798518450E+055
 Correct abs xsec   8.01706112798518450E+055
 Event xsec   8.01706112798518559E+055
 Events wgts > 1:            0
 % Cross section > 1:    0.0000000000000000        0.0000000000000000     
 Iteration  5   Mean: 0.1460E+57 Abs mean: 0.1460E+57   Fluctuation:  0.766E+56   0.957E+60   100.0%
  5    0.1460E+57 0.1460E+57 +- 0.7663E+56     66.39
>>>>>>> 911b5ec345c81b054214c521136984e9d6306827
 Relative summed weights:
  0.1000E+01  0.0000E+00
 Relative number of events:
  0.1000E+01  0.0000E+00
 Events:
       16000           0
<<<<<<< HEAD
 Found         1604  events.
 Wrote         1599  events.
 Actual xsec    2361294198.8070703     
 Correct abs xsec    2361294198.8070703     
 Event xsec    2361294198.8071532     
 Events wgts > 1:            0
 % Cross section > 1:    0.0000000000000000        0.0000000000000000     
 Checking number of events   4591.0643107405867             1599  chi2:    1.2297273579349515     
 Found         1604  events.
 Wrote         1599  events.
 Actual xsec    2361294198.8070703     
 Correct abs xsec    2361294198.8070703     
 Event xsec    2361294198.8071532     
 Events wgts > 1:            0
 % Cross section > 1:    0.0000000000000000        0.0000000000000000     
Warning xbin not returning correct x   1  0.985107E+00  0.999997E+00  0.2026E-03
Warning xbin not returning correct x   1  0.992204E+00  0.999998E+00  0.2026E-03
Warning xbin not returning correct x   1  0.990057E+00  0.999998E+00  0.2026E-03
Warning xbin not returning correct x   1  0.998320E+00  0.100000E+01  0.2026E-03
Warning xbin not returning correct x   1  0.982304E+00  0.999996E+00  0.2026E-03
Warning xbin still not working well. Last message this iteration.
 Iteration  5   Mean: 0.2356E+10 Abs mean: 0.2356E+10   Fluctuation:  0.295E+07   0.332E+10    99.6%
  5    0.2356E+10 0.2356E+10 +- 0.2945E+07      0.22
=======
 Found           23  events.
 Wrote            2  events.
 Actual xsec   1.34356161192805898E+056
 Correct abs xsec   1.34356161192805898E+056
 Event xsec   1.34356161192805898E+056
 Events wgts > 1:            0
 % Cross section > 1:    0.0000000000000000        0.0000000000000000     
 Checking number of events   5612.3255653458882                2  chi2:   0.29745994610892579     
 Found           23  events.
 Wrote            2  events.
 Actual xsec   1.34356161192805898E+056
 Correct abs xsec   1.34356161192805898E+056
 Event xsec   1.34356161192805898E+056
 Events wgts > 1:            0
 % Cross section > 1:    0.0000000000000000        0.0000000000000000     
 Error in matrix element
 Error in matrix element
 Error in matrix element
 Iteration  6   Mean: 0.1026E+57 Abs mean: 0.1026E+57   Fluctuation:  0.662E+56   0.191E+61   100.0%
  6    0.1026E+57 0.1026E+57 +- 0.6617E+56    115.36
>>>>>>> 911b5ec345c81b054214c521136984e9d6306827
 Relative summed weights:
  0.1000E+01  0.0000E+00
 Relative number of events:
  0.1000E+01  0.0000E+00
 Events:
       32000           0
<<<<<<< HEAD
 Found         3208  events.
 Wrote         3203  events.
 Actual xsec    2357746636.5883565     
 Correct abs xsec    2357746636.5883565     
 Event xsec    2357746636.5882487     
 Events wgts > 1:            0
 % Cross section > 1:    0.0000000000000000        0.0000000000000000     
 Checking number of events   4584.1667855187416             3203  chi2:   0.80421196946206153     
 Found         3208  events.
 Wrote         3203  events.
 Actual xsec    2357746636.5883565     
 Correct abs xsec    2357746636.5883565     
 Event xsec    2357746636.5882487     
 Events wgts > 1:            0
 % Cross section > 1:    0.0000000000000000        0.0000000000000000     
Warning xbin not returning correct x   1  0.996759E+00  0.999999E+00  0.1732E-03
Warning xbin not returning correct x   1  0.989555E+00  0.999998E+00  0.1732E-03
Warning xbin not returning correct x   1  0.992104E+00  0.999999E+00  0.1732E-03
Warning xbin not returning correct x   1  0.984294E+00  0.999997E+00  0.1732E-03
Warning xbin not returning correct x   1  0.981269E+00  0.999997E+00  0.1732E-03
Warning xbin still not working well. Last message this iteration.
 Iteration  6   Mean: 0.2356E+10 Abs mean: 0.2356E+10   Fluctuation:  0.154E+07   0.305E+10    99.7%
  6    0.2356E+10 0.2356E+10 +- 0.1536E+07      0.16
=======
 Found           27  events.
 Wrote            1  events.
 Actual xsec   1.19481876785353928E+056
 Correct abs xsec   1.19481876785353928E+056
 Event xsec   1.19481876785353928E+056
 Events wgts > 1:            0
 % Cross section > 1:    0.0000000000000000        0.0000000000000000     
 Checking number of events   4990.9969570778039                1  chi2:   0.21740853322120535     
 Found           27  events.
 Wrote            2  events.
 Actual xsec   1.19481876785353928E+056
 Correct abs xsec   1.19481876785353928E+056
 Event xsec   1.19481876785353928E+056
 Events wgts > 1:            0
 % Cross section > 1:    0.0000000000000000        0.0000000000000000     
 Error in matrix element
 Error in matrix element
 Error in matrix element
 Error in matrix element
 Iteration  7   Mean: 0.5335E+56 Abs mean: 0.5335E+56   Fluctuation:  0.208E+56   0.957E+60   100.0%
  7    0.5335E+56 0.5335E+56 +- 0.2076E+56     98.45
 Relative summed weights:
  0.1000E+01  0.0000E+00
 Relative number of events:
  0.1000E+01  0.0000E+00
 Events:
       64000           0
 Found           39  events.
 Wrote            6  events.
 Actual xsec   8.93262564463113644E+055
 Correct abs xsec   8.93262564463113644E+055
 Event xsec   8.93262564463113426E+055
 Events wgts > 1:            0
 % Cross section > 1:    0.0000000000000000        0.0000000000000000     
 Checking number of events   3731.3363842753183                6  chi2:    1.7952259538452751     
 Found           39  events.
 Wrote            3  events.
 Actual xsec   8.93262564463113644E+055
 Correct abs xsec   8.93262564463113644E+055
 Event xsec   8.93262564463113535E+055
 Events wgts > 1:            0
 % Cross section > 1:    0.0000000000000000        0.0000000000000000     
 Error in matrix element
 Error in matrix element
 Error in matrix element
 Error in matrix element
 Error in matrix element
 Error in matrix element
 Error in matrix element
 Error in matrix element
 Error in matrix element
 Error in matrix element
 Error in matrix element
 Error in matrix element
 Error in matrix element
 Error in matrix element
 Error in matrix element
 Error in matrix element
 Error in matrix element
 Error in matrix element
 Error in matrix element
 Iteration  8   Mean: 0.1093E+57 Abs mean: 0.1093E+57   Fluctuation:  0.309E+56   0.198E+61   100.0%
  8    0.1093E+57 0.1093E+57 +- 0.3089E+56    101.09
 Relative summed weights:
  0.1000E+01  0.0000E+00
 Relative number of events:
  0.1000E+01  0.0000E+00
 Events:
      128000           0
 Found           92  events.
 Wrote            6  events.
 Actual xsec   9.13974899089745193E+055
 Correct abs xsec   9.13974899089745193E+055
 Event xsec   9.13974899089745085E+055
 Events wgts > 1:            0
 % Cross section > 1:    0.0000000000000000        0.0000000000000000     
 Checking number of events   3817.8559484776833                6  chi2:    1.8620568755935458     
 Found           92  events.
 Wrote            7  events.
 Actual xsec   9.13974899089745193E+055
 Correct abs xsec   9.13974899089745193E+055
 Event xsec   9.13974899089744976E+055
 Events wgts > 1:            0
 % Cross section > 1:    0.0000000000000000        0.0000000000000000     
 Error in matrix element
 Error in matrix element
 Error in matrix element
 Error in matrix element
 Error in matrix element
 Error in matrix element
 Error in matrix element
 Error in matrix element
 Error in matrix element
 Error in matrix element
 Error in matrix element
 Error in matrix element
 Error in matrix element
 Error in matrix element
 Error in matrix element
 Error in matrix element
 Error in matrix element
 Error in matrix element
 Error in matrix element
 Error in matrix element
 Error in matrix element
 Error in matrix element
 Error in matrix element
 Error in matrix element
 Iteration  9   Mean: 0.1078E+57 Abs mean: 0.1078E+57   Fluctuation:  0.211E+56   0.199E+61   100.0%
  9    0.1078E+57 0.1078E+57 +- 0.2107E+56     98.95
 Relative summed weights:
  0.1000E+01  0.0000E+00
 Relative number of events:
  0.1000E+01  0.0000E+00
 Events:
      256000           0
 Found          169  events.
 Wrote           17  events.
 Actual xsec   1.00252509269696007E+056
 Correct abs xsec   1.00252509269696007E+056
 Event xsec   1.00252509269696029E+056
 Events wgts > 1:            3
 % Cross section > 1:   7.07498632259466252E+053  0.70571663234500848     
 Checking number of events   4187.7478172137417               17  chi2:    2.6587643575356554     
 Found          169  events.
 Wrote           14  events.
 Actual xsec   1.00252509269696007E+056
 Correct abs xsec   1.00252509269696007E+056
 Event xsec   1.00252509269696007E+056
 Events wgts > 1:            3
 % Cross section > 1:   8.57808261548912236E+053  0.85564767186152391     

 -------------------------------------------------------------------------------
 Accumulated results:   Integral =   +Infinity
                        Std dev  =   +Infinity
                       Cross sec =   +Infinity
             Chi**2 per DoF.     =      1.3061
 -------------------------------------------------------------------------------
-------------------------------------------------
---------------------------
 Results Last   3 iters: Integral =   0.1003E+57
                     Abs integral =   0.1003E+57
                          Std dev =   0.1490E+56
                  Chi**2 per DoF. =      2.6588
-------------------------------------------------
---------------------------
 Status -4.17719999999999991E-053          10           9
 Trying w/ fresh grid
 Starting w/ ncall =         4000
 Keeping grid fixed.
  2 dimensions   4000 events  2 invarients  8 iterations  1 config(s),  (0.99)
 Using h-tuple random number sequence.
 Error opening grid
 Using Uniform Grid!
 Using uniform alpha   1.0000000000000000     
 Grid defined OK
Setting grid   1    0.53290E-04   1
 Iteration  1   Mean: 0.1649E+39 Abs mean: 0.1649E+39   Fluctuation:  0.165E+39   0.660E+42   100.0%
  1    0.1649E+39 0.1649E+39 +- 0.1649E+39     63.25
 Relative summed weights:
  0.1000E+01  0.0000E+00
 Relative number of events:
  0.1000E+01  0.0000E+00
 Events:
        4000           0
 Iteration  2   Mean: 0.9663E+32 Abs mean: 0.9663E+32   Fluctuation:  0.932E+32   0.745E+36   100.0%
  2    0.9663E+32 0.9663E+32 +- 0.9322E+32     86.29
 Relative summed weights:
  0.1000E+01  0.0000E+00
 Relative number of events:
  0.1000E+01  0.0000E+00
 Events:
        8000           0
 Iteration  3   Mean: 0.1240E+38 Abs mean: 0.1240E+38   Fluctuation:  0.866E+37   0.117E+42   100.0%
  3    0.1240E+38 0.1240E+38 +- 0.8656E+37     88.31
 Relative summed weights:
  0.1000E+01  0.0000E+00
 Relative number of events:
  0.1000E+01  0.0000E+00
 Events:
       16000           0
 Found          166  events.
 Wrote            1  events.
 Actual xsec   4.61218346978655434E+037
 Correct abs xsec   4.61218346978655434E+037
 Event xsec   4.61218346978655434E+037
 Events wgts > 1:            0
 % Cross section > 1:    0.0000000000000000        0.0000000000000000     
 Checking number of events  1.92660127899923957E-015           1  chi2:    122387118215.59543     
 Found          166  events.
 Wrote            1  events.
 Actual xsec   4.61218346978655434E+037
 Correct abs xsec   4.61218346978655434E+037
 Event xsec   4.61218346978655434E+037
 Events wgts > 1:            0
 % Cross section > 1:    0.0000000000000000        0.0000000000000000     
 Iteration  4   Mean: 0.5939E+43 Abs mean: 0.5939E+43   Fluctuation:  0.529E+43   0.169E+48   100.0%
  4    0.5939E+43 0.5939E+43 +- 0.5292E+43    159.40
 Relative summed weights:
  0.1000E+01  0.0000E+00
 Relative number of events:
  0.1000E+01  0.0000E+00
 Events:
       32000           0
 Found          279  events.
 Wrote            1  events.
 Actual xsec   1.70552909348901230E+042
 Correct abs xsec   1.70552909348901230E+042
 Event xsec   1.70552909348901230E+042
 Events wgts > 1:            1
 % Cross section > 1:   1.58567766247775204E+035  9.29727712374533905E-006
 Checking number of events  7.12433612932230153E-011           1  chi2:   1.67356522498473886E+020
 Found          279  events.
 Wrote            1  events.
 Actual xsec   1.70552909348901230E+042
 Correct abs xsec   1.70552909348901230E+042
 Event xsec   1.70552909348901230E+042
 Events wgts > 1:            1
 % Cross section > 1:   1.58567766247775204E+035  9.29727712374533905E-006
 Iteration  5   Mean: 0.6599E+49 Abs mean: 0.6599E+49   Fluctuation:  0.636E+49   0.407E+54   100.0%
  5    0.6599E+49 0.6599E+49 +- 0.6360E+49    243.83
>>>>>>> 911b5ec345c81b054214c521136984e9d6306827
 Relative summed weights:
  0.1000E+01  0.0000E+00
 Relative number of events:
  0.1000E+01  0.0000E+00
 Events:
       64000           0
<<<<<<< HEAD
 Found         6379  events.
 Wrote         6375  events.
 Actual xsec    2356779891.9406228     
 Correct abs xsec    2356779891.9406228     
 Event xsec    2356779891.9404874     
 Events wgts > 1:            0
 % Cross section > 1:    0.0000000000000000        0.0000000000000000     
 Checking number of events   4582.2871439001538             6375  chi2:   0.89044636115547549     

 -------------------------------------------------------------------------------
 Accumulated results:   Integral =  0.2357E+10
                        Std dev  =  0.1319E+07
                       Cross sec =  0.6530E+00
             Chi**2 per DoF.     =
-------------------------------------------------
---------------------------
 Results Last   3 iters: Integral =   0.2357E+10
                     Abs integral =   0.2357E+10
                          Std dev =   0.1328E+07
                  Chi**2 per DoF. =      0.8904
-------------------------------------------------
---------------------------
 Status -1.94430000000000017E-006           7           9
 We found enough events        6375   4582.2871439001538     
=======
 Found          188  events.
 Wrote            1  events.
 Actual xsec   1.61889116354144359E+048
 Correct abs xsec   1.61889116354144359E+048
 Event xsec   1.61889116354144359E+048
 Events wgts > 1:            0
 % Cross section > 1:    0.0000000000000000        0.0000000000000000     
 Checking number of events  6.76243216834531785E-005           1  chi2:   1.74908707522412250E+022
 Found          188  events.
 Wrote            1  events.
 Actual xsec   1.61889116354144359E+048
 Correct abs xsec   1.61889116354144359E+048
 Event xsec   1.61889116354144359E+048
 Events wgts > 1:            0
 % Cross section > 1:    0.0000000000000000        0.0000000000000000     
 Fixing grid
 Iteration  6   Mean: 0.6089E+53 Abs mean: 0.6089E+53   Fluctuation:  0.594E+53   0.760E+58   100.0%
  6    0.6089E+53 0.6089E+53 +- 0.5942E+53    349.15
 Relative summed weights:
  0.1000E+01  0.0000E+00
 Relative number of events:
  0.1000E+01  0.0000E+00
 Events:
      128000           0
 Found          130  events.
 Wrote            1  events.
 Actual xsec   1.88843762872763682E+052
 Correct abs xsec   1.88843762872763682E+052
 Event xsec   1.88843762872763682E+052
 Events wgts > 1:            0
 % Cross section > 1:    0.0000000000000000        0.0000000000000000     
 Checking number of events  0.78883816627210845                1  chi2:   6.36654396694471885E+018
 Found          130  events.
 Wrote            1  events.
 Actual xsec   1.88843762872763682E+052
 Correct abs xsec   1.88843762872763682E+052
 Event xsec   1.88843762872763682E+052
 Events wgts > 1:            0
 % Cross section > 1:    0.0000000000000000        0.0000000000000000     
 Iteration  7   Mean: 0.4401E+52 Abs mean: 0.4401E+52   Fluctuation:  0.300E+52   0.712E+57   100.0%
  7    0.4401E+52 0.4401E+52 +- 0.2997E+52    344.53
 Relative summed weights:
  0.1000E+01  0.0000E+00
 Relative number of events:
  0.1000E+01  0.0000E+00
 Events:
      256000           0
 Found           20  events.
 Wrote            2  events.
 Actual xsec   1.71449185442800040E+052
 Correct abs xsec   1.71449185442800040E+052
 Event xsec   1.71449185442800014E+052
 Events wgts > 1:            1
 % Cross section > 1:   3.99940344499430432E+044  2.33270483885069901E-006
 Checking number of events  0.71617753743166435                2  chi2:    3630808.7504302831     
 Found           20  events.
 Wrote            1  events.
 Actual xsec   1.71449185442800040E+052
 Correct abs xsec   1.71449185442800040E+052
 Event xsec   1.71449185442800040E+052
 Events wgts > 1:            1
 % Cross section > 1:   7.99880670389668923E+044  4.66540956916082925E-006
 Iteration  8   Mean: 0.1101E+57 Abs mean: 0.1101E+57   Fluctuation:  0.109E+57   0.558E+62   100.0%
  8    0.1101E+57 0.1101E+57 +- 0.1091E+57    708.54
 Relative summed weights:
  0.1000E+01  0.0000E+00
 Relative number of events:
  0.1000E+01  0.0000E+00
 Events:
      512000           0
 Found           92  events.
 Wrote            1  events.
 Actual xsec   9.99190737975974178E+055
 Correct abs xsec   9.99190737975974178E+055
 Event xsec   9.99190737975974178E+055
 Events wgts > 1:            1
 % Cross section > 1:   3.76771780494040887E+049  3.77076934537297990E-005
 Checking number of events   1110.9827992031612                1  chi2:    39459183.527355440     
 Found           92  events.
 Wrote            1  events.
 Actual xsec   9.99190737975974178E+055
 Correct abs xsec   9.99190737975974178E+055
 Event xsec   9.99190737975974178E+055
 Events wgts > 1:            1
 % Cross section > 1:   3.76771780494040887E+049  3.77076934537297990E-005

 -------------------------------------------------------------------------------
 Accumulated results:   Integral =   +Infinity
                        Std dev  =   +Infinity
                       Cross sec =   +Infinity
             Chi**2 per DoF.     =     14.4558
 -------------------------------------------------------------------------------
-------------------------------------------------
---------------------------
 Results Last   3 iters: Integral =   0.2660E+56
                     Abs integral =   0.2660E+56
                         Std dev =   0.1294E+56
                 Chi**2 per DoF. =************
-------------------------------------------------
---------------------------
>>>>>>> 911b5ec345c81b054214c521136984e9d6306827

ls status:
events.lhe
ftn25
ftn26
input_sg.txt
<<<<<<< HEAD
moffset.dat
results.dat
run_01_ftn26.gz
run_01_log.txt
run_01_results.dat
run_02_ftn26.gz
run_02_log.txt
run_02_results.dat
run_03_ftn26.gz
run_03_log.txt
run_03_results.dat
run_04_ftn26.gz
run_04_log.txt
run_04_results.dat
=======
log.txt
moffset.dat
results.dat
>>>>>>> 911b5ec345c81b054214c521136984e9d6306827
run1_app.log
