g++ -Wall -O3 -fPIC -I/media/sf_darkphotons/madanalysis/madanalysis5/tools/ -pthread -m64 -I/usr/local/root/5.34.09/include/root -DROOT_USE -DZIP_USE -o Analyzer/AnalyzerManager.o -c Analyzer/AnalyzerManager.cpp
g++ -Wall -O3 -fPIC -I/media/sf_darkphotons/madanalysis/madanalysis5/tools/ -pthread -m64 -I/usr/local/root/5.34.09/include/root -DROOT_USE -DZIP_USE -o Analyzer/MergingPlots.o -c Analyzer/MergingPlots.cpp
g++ -Wall -O3 -fPIC -I/media/sf_darkphotons/madanalysis/madanalysis5/tools/ -pthread -m64 -I/usr/local/root/5.34.09/include/root -DROOT_USE -DZIP_USE -o Core/ProgressBar.o -c Core/ProgressBar.cpp
g++ -Wall -O3 -fPIC -I/media/sf_darkphotons/madanalysis/madanalysis5/tools/ -pthread -m64 -I/usr/local/root/5.34.09/include/root -DROOT_USE -DZIP_USE -o Core/SampleAnalyzer.o -c Core/SampleAnalyzer.cpp
g++ -Wall -O3 -fPIC -I/media/sf_darkphotons/madanalysis/madanalysis5/tools/ -pthread -m64 -I/usr/local/root/5.34.09/include/root -DROOT_USE -DZIP_USE -o Core/xdr_istream.o -c Core/xdr_istream.cpp
g++ -Wall -O3 -fPIC -I/media/sf_darkphotons/madanalysis/madanalysis5/tools/ -pthread -m64 -I/usr/local/root/5.34.09/include/root -DROOT_USE -DZIP_USE -o Counter/CounterManager.o -c Counter/CounterManager.cpp
g++ -Wall -O3 -fPIC -I/media/sf_darkphotons/madanalysis/madanalysis5/tools/ -pthread -m64 -I/usr/local/root/5.34.09/include/root -DROOT_USE -DZIP_USE -o Detector/DetectorManager.o -c Detector/DetectorManager.cpp
g++ -Wall -O3 -fPIC -I/media/sf_darkphotons/madanalysis/madanalysis5/tools/ -pthread -m64 -I/usr/local/root/5.34.09/include/root -DROOT_USE -DZIP_USE -o JetClustering/bTagger.o -c JetClustering/bTagger.cpp
g++ -Wall -O3 -fPIC -I/media/sf_darkphotons/madanalysis/madanalysis5/tools/ -pthread -m64 -I/usr/local/root/5.34.09/include/root -DROOT_USE -DZIP_USE -o JetClustering/cTagger.o -c JetClustering/cTagger.cpp
g++ -Wall -O3 -fPIC -I/media/sf_darkphotons/madanalysis/madanalysis5/tools/ -pthread -m64 -I/usr/local/root/5.34.09/include/root -DROOT_USE -DZIP_USE -o JetClustering/JetClusterer.o -c JetClustering/JetClusterer.cpp
g++ -Wall -O3 -fPIC -I/media/sf_darkphotons/madanalysis/madanalysis5/tools/ -pthread -m64 -I/usr/local/root/5.34.09/include/root -DROOT_USE -DZIP_USE -o JetClustering/JetClustererManager.o -c JetClustering/JetClustererManager.cpp
g++ -Wall -O3 -fPIC -I/media/sf_darkphotons/madanalysis/madanalysis5/tools/ -pthread -m64 -I/usr/local/root/5.34.09/include/root -DROOT_USE -DZIP_USE -o JetClustering/TauTagger.o -c JetClustering/TauTagger.cpp
g++ -Wall -O3 -fPIC -I/media/sf_darkphotons/madanalysis/madanalysis5/tools/ -pthread -m64 -I/usr/local/root/5.34.09/include/root -DROOT_USE -DZIP_USE -o Plot/Histo.o -c Plot/Histo.cpp
g++ -Wall -O3 -fPIC -I/media/sf_darkphotons/madanalysis/madanalysis5/tools/ -pthread -m64 -I/usr/local/root/5.34.09/include/root -DROOT_USE -DZIP_USE -o Plot/HistoLogX.o -c Plot/HistoLogX.cpp
g++ -Wall -O3 -fPIC -I/media/sf_darkphotons/madanalysis/madanalysis5/tools/ -pthread -m64 -I/usr/local/root/5.34.09/include/root -DROOT_USE -DZIP_USE -o Plot/MergingPlotType.o -c Plot/MergingPlotType.cpp
g++ -Wall -O3 -fPIC -I/media/sf_darkphotons/madanalysis/madanalysis5/tools/ -pthread -m64 -I/usr/local/root/5.34.09/include/root -DROOT_USE -DZIP_USE -o Plot/PlotManager.o -c Plot/PlotManager.cpp
g++ -Wall -O3 -fPIC -I/media/sf_darkphotons/madanalysis/madanalysis5/tools/ -pthread -m64 -I/usr/local/root/5.34.09/include/root -DROOT_USE -DZIP_USE -o Reader/HEPMCReader.o -c Reader/HEPMCReader.cpp
g++ -Wall -O3 -fPIC -I/media/sf_darkphotons/madanalysis/madanalysis5/tools/ -pthread -m64 -I/usr/local/root/5.34.09/include/root -DROOT_USE -DZIP_USE -o Reader/LHCOReader.o -c Reader/LHCOReader.cpp
g++ -Wall -O3 -fPIC -I/media/sf_darkphotons/madanalysis/madanalysis5/tools/ -pthread -m64 -I/usr/local/root/5.34.09/include/root -DROOT_USE -DZIP_USE -o Reader/LHEReader.o -c Reader/LHEReader.cpp
g++ -Wall -O3 -fPIC -I/media/sf_darkphotons/madanalysis/madanalysis5/tools/ -pthread -m64 -I/usr/local/root/5.34.09/include/root -DROOT_USE -DZIP_USE -o Reader/ReaderManager.o -c Reader/ReaderManager.cpp
g++ -Wall -O3 -fPIC -I/media/sf_darkphotons/madanalysis/madanalysis5/tools/ -pthread -m64 -I/usr/local/root/5.34.09/include/root -DROOT_USE -DZIP_USE -o Reader/ReaderTextBase.o -c Reader/ReaderTextBase.cpp
g++ -Wall -O3 -fPIC -I/media/sf_darkphotons/madanalysis/madanalysis5/tools/ -pthread -m64 -I/usr/local/root/5.34.09/include/root -DROOT_USE -DZIP_USE -o Reader/ROOTReader.o -c Reader/ROOTReader.cpp
g++ -Wall -O3 -fPIC -I/media/sf_darkphotons/madanalysis/madanalysis5/tools/ -pthread -m64 -I/usr/local/root/5.34.09/include/root -DROOT_USE -DZIP_USE -o Reader/STDHEPreader.o -c Reader/STDHEPreader.cpp
g++ -Wall -O3 -fPIC -I/media/sf_darkphotons/madanalysis/madanalysis5/tools/ -pthread -m64 -I/usr/local/root/5.34.09/include/root -DROOT_USE -DZIP_USE -o RegionSelection/RegionSelection.o -c RegionSelection/RegionSelection.cpp
g++ -Wall -O3 -fPIC -I/media/sf_darkphotons/madanalysis/madanalysis5/tools/ -pthread -m64 -I/usr/local/root/5.34.09/include/root -DROOT_USE -DZIP_USE -o RegionSelection/RegionSelectionManager.o -c RegionSelection/RegionSelectionManager.cpp
g++ -Wall -O3 -fPIC -I/media/sf_darkphotons/madanalysis/madanalysis5/tools/ -pthread -m64 -I/usr/local/root/5.34.09/include/root -DROOT_USE -DZIP_USE -o Writer/LHCOParticleFormat.o -c Writer/LHCOParticleFormat.cpp
g++ -Wall -O3 -fPIC -I/media/sf_darkphotons/madanalysis/madanalysis5/tools/ -pthread -m64 -I/usr/local/root/5.34.09/include/root -DROOT_USE -DZIP_USE -o Writer/LHCOWriter.o -c Writer/LHCOWriter.cpp
g++ -Wall -O3 -fPIC -I/media/sf_darkphotons/madanalysis/madanalysis5/tools/ -pthread -m64 -I/usr/local/root/5.34.09/include/root -DROOT_USE -DZIP_USE -o Writer/LHEParticleFormat.o -c Writer/LHEParticleFormat.cpp
g++ -Wall -O3 -fPIC -I/media/sf_darkphotons/madanalysis/madanalysis5/tools/ -pthread -m64 -I/usr/local/root/5.34.09/include/root -DROOT_USE -DZIP_USE -o Writer/LHEWriter.o -c Writer/LHEWriter.cpp
g++ -Wall -O3 -fPIC -I/media/sf_darkphotons/madanalysis/madanalysis5/tools/ -pthread -m64 -I/usr/local/root/5.34.09/include/root -DROOT_USE -DZIP_USE -o Writer/SAFWriter.o -c Writer/SAFWriter.cpp
g++ -Wall -O3 -fPIC -I/media/sf_darkphotons/madanalysis/madanalysis5/tools/ -pthread -m64 -I/usr/local/root/5.34.09/include/root -DROOT_USE -DZIP_USE -o Writer/WriterManager.o -c Writer/WriterManager.cpp
g++ -Wall -O3 -fPIC -I/media/sf_darkphotons/madanalysis/madanalysis5/tools/ -pthread -m64 -I/usr/local/root/5.34.09/include/root -DROOT_USE -DZIP_USE -o Writer/WriterTextBase.o -c Writer/WriterTextBase.cpp
