 Process in group number            0
 No PDF is used, alpha_s(MZ) from param_card is used
 Value of alpha_s from param_card:   0.11800000071525575     
 The default order of alpha_s running is fixed to            2
 *****************************************************
 *               MadGraph/MadEvent                   *
 *        --------------------------------           *
 *          http://madgraph.hep.uiuc.edu             *
 *          http://madgraph.phys.ucl.ac.be           *
 *          http://madgraph.roma2.infn.it            *
 *        --------------------------------           *
 *                                                   *
 *          PARAMETER AND COUPLING VALUES            *
 *                                                   *
 *****************************************************

  External Params
  ---------------------------------
  
 aEWM1 =    132.50700378417969     
 mdl_Gf =   1.16639000000000003E-005
 aS =   0.11800000071525575     
 mdl_ymb =    4.6999998092651367     
 mdl_ymt =    173.00000000000000     
 mdl_yme =   5.10999991092830896E-004
 mdl_ymm =   0.10565999895334244     
 mdl_ymtau =    1.7769999504089355     
 mdl_MZ =    91.188003540039063     
 mdl_MT =    173.00000000000000     
 mdl_MB =    4.6999998092651367     
 mdl_MH =    125.00000000000000     
 mdl_Me =   5.10999991092830896E-004
 mdl_MM =   0.10565999895334244     
 mdl_MTA =    1.7769999504089355     
 mdl_WZ =    2.4414041042327881     
 mdl_WW =    2.0476000308990479     
 mdl_WT =    1.4915000200271606     
 mdl_WH =   6.38233916833996773E-003
 mdl_WTau =   2.26999999999999982E-012
  Internal Params
  ---------------------------------
  
 mdl_conjg__CKM3x3 =    1.0000000000000000     
 mdl_CKM3x3 =    1.0000000000000000     
 mdl_conjg__CKM1x1 =    1.0000000000000000     
 mdl_complexi =  (  0.0000000000000000     ,  1.0000000000000000     )
 mdl_MZ__exp__2 =    8315.2519896181766     
 mdl_MZ__exp__4 =    69143415.650849044     
 mdl_sqrt__2 =    1.4142135623730951     
 mdl_MH__exp__2 =    15625.000000000000     
 mdl_aEW =   7.54677089845565054E-003
 mdl_MW =    80.419007276179556     
 mdl_sqrt__aEW =   8.68721526063194194E-002
 mdl_ee =   0.30795376284704501     
 mdl_MW__exp__2 =    6467.2167312862202     
 mdl_sw2 =   0.22224645274001076     
 mdl_cw =   0.88190336616887299     
 mdl_sqrt__sw2 =   0.47143022043565552     
 mdl_sw =   0.47143022043565552     
 mdl_g1 =   0.34919218438279087     
 mdl_gw =   0.65323296958447097     
 mdl_vev =    246.21845810181631     
 mdl_vev__exp__2 =    60623.529110035874     
 mdl_lam =   0.12886910601690271     
 mdl_yb =   2.69955531549349904E-002
 mdl_ye =   2.93504850670934038E-006
 mdl_ym =   6.06883028478528356E-004
 mdl_yt =   0.99366614581500645     
 mdl_ytau =   1.02066167158167895E-002
 mdl_muH =    88.388347648318444     
 mdl_I1x33 =  ( 2.69955531549349904E-002,  0.0000000000000000     )
 mdl_I2x33 =  ( 0.99366614581500645     ,  0.0000000000000000     )
 mdl_I3x33 =  ( 0.99366614581500645     ,  0.0000000000000000     )
 mdl_I4x33 =  ( 2.69955531549349904E-002,  0.0000000000000000     )
 mdl_ee__exp__2 =   9.48355200516540348E-002
 mdl_sw__exp__2 =   0.22224645274001076     
 mdl_cw__exp__2 =   0.77775354725998924     
  Internal Params evaluated point by point
  ----------------------------------------
  
 mdl_sqrt__aS =   0.34351128178744839     
 mdl_G__exp__2 =    1.4828317414825511     
  Couplings of sm-lepton_masses
  ---------------------------------
  
         GC_3 =  -0.00000E+00  -0.30795E+00

 Collider parameters:
 --------------------

<<<<<<< HEAD
 Running at e e   machine @   7.14879999999999960E-002  GeV
=======
 Running at e e   machine @   7.00000000000000067E-002  GeV
>>>>>>> 911b5ec345c81b054214c521136984e9d6306827
 PDF set = none   
 alpha_s(Mz)= 0.1180 running at 2 loops.
 alpha_s(Mz)= 0.1180 running at 2 loops.
 Renormalization scale fixed @    91.188000000000002     
 Factorization scales  fixed @    91.188000000000002        91.188000000000002     


 getting user params
Enter number of events and max and min iterations: 
 Number of events and iterations         2000           9           3
Enter desired fractional accuracy: 
<<<<<<< HEAD
 Desired fractional accuracy:  -3.19030000000000027E-005
=======
 Desired fractional accuracy:  -3.13399999999999974E-004
>>>>>>> 911b5ec345c81b054214c521136984e9d6306827
Enter 0 for fixed, 2 for adjustable grid: 
Suppress amplitude (0 no, 1 yes)? 
 Using suppressed amplitude.
Exact helicity sum (0 yes, n = number/event)? 
 Explicitly summing over helicities
Enter Configuration Number: 
Running Configuration Number:    1
 Not subdividing B.W.
 Attempting mappinvarients           1           4
 Completed mapping           4
 about to integrate            2        2000           9           3           2           1
 Using non-zero grid deformation.
  2 dimensions   2000 events  2 invarients  9 iterations  1 config(s),  (0.99)
 Using h-tuple random number sequence.
 Error opening grid
 Using Uniform Grid!
 Using uniform alpha   1.0000000000000000     
 Grid defined OK
 Set CM energy to          0.07
 Mapping Graph           1  to config           1
<<<<<<< HEAD
Setting grid   1    0.17611E-02   1
=======
Setting grid   1    0.38601E-01   1
>>>>>>> 911b5ec345c81b054214c521136984e9d6306827
 Masses: 0.511E-03 0.511E-03 0.000E+00 0.000E+00
   1   1   2
 Got moffset           5
Using random seed offsets     1 :      1
<<<<<<< HEAD
  with seed                  117
 Ranmar initialization seeds       24102       25280
=======
  with seed                   63
 Ranmar initialization seeds       18438       25224
>>>>>>> 911b5ec345c81b054214c521136984e9d6306827
  Particle       3       4
      Et >     0.0     0.0
       E >     0.0     0.0
     Eta <    -1.0    -1.0
   xqcut:      0.0     0.0
d R # 3  >    -0.0     0.0
s min # 3>     0.0     0.0
xqcutij # 3>     0.0     0.0
 alpha_s for scale    91.188000000000002       is   0.11800000071525575     
<<<<<<< HEAD
 Added good helicity            1  3.95538225202078913E-003  in event            1
 Added good helicity            2  3.36383525600151884E-004  in event            1
 Added good helicity            3  3.36383525600151884E-004  in event            1
 Added good helicity            6   7.6408381952028970       in event            1
 Added good helicity            7  0.35453365548355359       in event            1
 Added good helicity           10  0.35453365548355359       in event            1
 Added good helicity           11   7.6408381952028970       in event            1
 Added good helicity           14  3.36383525600151884E-004  in event            1
 Added good helicity           15  3.36383525600151884E-004  in event            1
 Added good helicity           16  3.95538225202078913E-003  in event            1
 Iteration  1   Mean: 0.1427E+09 Abs mean: 0.1427E+09   Fluctuation:  0.168E+07   0.178E+09    89.8%
  1    0.1427E+09 0.1427E+09 +- 0.1675E+07      0.53
 Writing out events   8824.5968040115058       0.52524147580047031     
 Relative summed weights:
  0.5121E+00  0.0000E+00
  0.4879E+00  0.0000E+00
 Relative number of events:
  0.5130E+00  0.0000E+00
  0.4870E+00  0.0000E+00
 Events:
        1026           0
         974           0
 Iteration  2   Mean: 0.1460E+09 Abs mean: 0.1460E+09   Fluctuation:  0.480E+06   0.230E+09    99.5%
  2    0.1460E+09 0.1460E+09 +- 0.4796E+06      0.21
 Relative summed weights:
  0.5016E+00  0.0000E+00
  0.4984E+00  0.0000E+00
 Relative number of events:
  0.5020E+00  0.0000E+00
  0.4980E+00  0.0000E+00
 Events:
        2008           0
        1992           0
 Iteration  3   Mean: 0.1451E+09 Abs mean: 0.1451E+09   Fluctuation:  0.257E+06   0.194E+09    99.7%
  3    0.1451E+09 0.1451E+09 +- 0.2567E+06      0.16
 Relative summed weights:
  0.5045E+00  0.0000E+00
  0.4955E+00  0.0000E+00
 Relative number of events:
  0.5055E+00  0.0000E+00
  0.4945E+00  0.0000E+00
 Events:
        4044           0
        3956           0
 Found          801  events.
 Wrote          796  events.
 Actual xsec    145231098.83217373     
 Correct abs xsec    145231098.83217373     
 Event xsec    145231098.83217588     
 Events wgts > 1:            0
 % Cross section > 1:    0.0000000000000000        0.0000000000000000     
 Checking number of events   4633.3077460428394              796  chi2:    2.7034553414797085     
 Found          801  events.
 Wrote          796  events.
 Actual xsec    145231098.83217373     
 Correct abs xsec    145231098.83217373     
 Event xsec    145231098.83217588     
 Events wgts > 1:            0
 % Cross section > 1:    0.0000000000000000        0.0000000000000000     
 Iteration  4   Mean: 0.1448E+09 Abs mean: 0.1448E+09   Fluctuation:  0.145E+06   0.183E+09    99.8%
  4    0.1448E+09 0.1448E+09 +- 0.1445E+06      0.13
 Relative summed weights:
  0.4935E+00  0.0000E+00
  0.5065E+00  0.0000E+00
 Relative number of events:
  0.4939E+00  0.0000E+00
  0.5061E+00  0.0000E+00
 Events:
        7903           0
        8097           0
 Found         1599  events.
 Wrote         1595  events.
 Actual xsec    144924626.85884798     
 Correct abs xsec    144924626.85884798     
 Event xsec    144924626.85885277     
 Events wgts > 1:            0
 % Cross section > 1:    0.0000000000000000        0.0000000000000000     
 Checking number of events   4623.5303706778277             1595  chi2:    3.1940224255968124     
 Found         1599  events.
 Wrote         1595  events.
 Actual xsec    144924626.85884798     
 Correct abs xsec    144924626.85884798     
 Event xsec    144924626.85885277     
 Events wgts > 1:            0
 % Cross section > 1:    0.0000000000000000        0.0000000000000000     
 Iteration  5   Mean: 0.1449E+09 Abs mean: 0.1449E+09   Fluctuation:  0.859E+05   0.177E+09    99.8%
  5    0.1449E+09 0.1449E+09 +- 0.8586E+05      0.11
 Relative summed weights:
  0.4984E+00  0.0000E+00
  0.5016E+00  0.0000E+00
 Relative number of events:
  0.4981E+00  0.0000E+00
  0.5019E+00  0.0000E+00
 Events:
       15940           0
       16060           0
 Found         3199  events.
 Wrote         3194  events.
 Actual xsec    144897143.78629589     
 Correct abs xsec    144897143.78629589     
 Event xsec    144897143.78629470     
 Events wgts > 1:            0
 % Cross section > 1:    0.0000000000000000        0.0000000000000000     
 Checking number of events   4622.6535782141982             3194  chi2:   0.57465482358818953     
 Found         3199  events.
 Wrote         3194  events.
 Actual xsec    144897143.78629589     
 Correct abs xsec    144897143.78629589     
 Event xsec    144897143.78629470     
 Events wgts > 1:            0
 % Cross section > 1:    0.0000000000000000        0.0000000000000000     
Warning xbin not returning correct x   1  0.998425E+00  0.100000E+01  0.8197E-04
 Iteration  6   Mean: 0.1450E+09 Abs mean: 0.1450E+09   Fluctuation:  0.552E+05   0.216E+09    99.8%
  6    0.1450E+09 0.1450E+09 +- 0.5515E+05      0.10
 Relative summed weights:
  0.4990E+00  0.0000E+00
  0.5010E+00  0.0000E+00
 Relative number of events:
  0.4992E+00  0.0000E+00
  0.5008E+00  0.0000E+00
 Events:
       31948           0
       32052           0
 Found         6358  events.
 Wrote         6354  events.
 Actual xsec    144942549.93730906     
 Correct abs xsec    144942549.93730906     
 Event xsec    144942549.93729475     
 Events wgts > 1:            0
 % Cross section > 1:    0.0000000000000000        0.0000000000000000     
 Checking number of events   4624.1021706499714             6354  chi2:   0.84678229322360732     

 -------------------------------------------------------------------------------
 Accumulated results:   Integral =  0.1450E+09
                        Std dev  =  0.4335E+05
                       Cross sec =  0.1732E+01
             Chi**2 per DoF.     =
-------------------------------------------------
---------------------------
 Results Last   3 iters: Integral =   0.1449E+09
                     Abs integral =   0.1449E+09
                          Std dev =   0.4418E+05
                  Chi**2 per DoF. =      0.8468
-------------------------------------------------
---------------------------
 Status -3.19030000000000027E-005           7           9
 We found enough events        6354   4624.1021706499714     
=======
 Added good helicity            1  7.87985063185599015E-003  in event            1
 Added good helicity            2  1.19808711944959179E-004  in event            1
 Added good helicity            3  1.19808711944959179E-004  in event            1
 Added good helicity            6   7.9521540027470490       in event            1
 Added good helicity            7  3.97265291748214108E-002  in event            1
 Added good helicity           10  3.97265291748214108E-002  in event            1
 Added good helicity           11   7.9521540027470490       in event            1
 Added good helicity           14  1.19808711944959179E-004  in event            1
 Added good helicity           15  1.19808711944959179E-004  in event            1
 Added good helicity           16  7.87985063185599015E-003  in event            1
 Iteration  1   Mean: 0.1457E+08 Abs mean: 0.1457E+08   Fluctuation:  0.330E+06   0.158E+08    15.9%
  1    0.1457E+08 0.1457E+08 +- 0.3298E+06      1.01
 Writing out events   5102.4729936528638        1.0125130601000598     
 Relative summed weights:
  0.5166E+00  0.0000E+00
  0.4834E+00  0.0000E+00
 Relative number of events:
  0.5120E+00  0.0000E+00
  0.4880E+00  0.0000E+00
 Events:
        1024           0
         976           0
 Iteration  2   Mean: 0.1474E+08 Abs mean: 0.1474E+08   Fluctuation:  0.168E+06   0.267E+09    80.0%
  2    0.1474E+08 0.1474E+08 +- 0.1676E+06      0.72
 Relative summed weights:
  0.5018E+00  0.0000E+00
  0.4982E+00  0.0000E+00
 Relative number of events:
  0.5065E+00  0.0000E+00
  0.4935E+00  0.0000E+00
 Events:
        2026           0
        1974           0
Warning xbin not returning correct x   1  0.969715E+00  0.999988E+00  0.4055E-03
Warning xbin not returning correct x   1  0.987740E+00  0.999995E+00  0.4055E-03
 Iteration  3   Mean: 0.1470E+08 Abs mean: 0.1470E+08   Fluctuation:  0.636E+05   0.220E+08    93.0%
  3    0.1470E+08 0.1470E+08 +- 0.6356E+05      0.39
 Relative summed weights:
  0.5026E+00  0.0000E+00
  0.4974E+00  0.0000E+00
 Relative number of events:
  0.5020E+00  0.0000E+00
  0.4980E+00  0.0000E+00
 Events:
        4016           0
        3984           0
 Found          858  events.
 Wrote          853  events.
 Actual xsec    14700655.196227305     
 Correct abs xsec    14700655.196227305     
 Event xsec    14700655.196227364     
 Events wgts > 1:            0
 % Cross section > 1:    0.0000000000000000        0.0000000000000000     
 Checking number of events   4607.1853384976366              853  chi2:   0.11191212605609267     
 Found          858  events.
 Wrote          853  events.
 Actual xsec    14700655.196227305     
 Correct abs xsec    14700655.196227305     
 Event xsec    14700655.196227364     
 Events wgts > 1:            0
 % Cross section > 1:    0.0000000000000000        0.0000000000000000     
Warning xbin not returning correct x   1  0.994355E+00  0.999999E+00  0.2154E-03
Warning xbin not returning correct x   1  0.985915E+00  0.999997E+00  0.2154E-03
Warning xbin not returning correct x   1  0.984889E+00  0.999997E+00  0.2154E-03
Warning xbin not returning correct x   1  0.975509E+00  0.999995E+00  0.2154E-03
 Iteration  4   Mean: 0.1468E+08 Abs mean: 0.1468E+08   Fluctuation:  0.341E+05   0.221E+08    96.0%
  4    0.1468E+08 0.1468E+08 +- 0.3410E+05      0.29
 Relative summed weights:
  0.5007E+00  0.0000E+00
  0.4993E+00  0.0000E+00
 Relative number of events:
  0.5006E+00  0.0000E+00
  0.4994E+00  0.0000E+00
 Events:
        8010           0
        7990           0
 Found         1659  events.
 Wrote         1655  events.
 Actual xsec    14682885.186017495     
 Correct abs xsec    14682885.186017495     
 Event xsec    14682885.186016956     
 Events wgts > 1:            0
 % Cross section > 1:    0.0000000000000000        0.0000000000000000     
 Checking number of events   4601.6162172978820             1655  chi2:   0.11966993642710565     
 Found         1659  events.
 Wrote         1655  events.
 Actual xsec    14682885.186017495     
 Correct abs xsec    14682885.186017495     
 Event xsec    14682885.186016956     
 Events wgts > 1:            0
 % Cross section > 1:    0.0000000000000000        0.0000000000000000     
Warning xbin not returning correct x   1  0.981282E+00  0.999997E+00  0.1918E-03
Warning xbin not returning correct x   1  0.986136E+00  0.999997E+00  0.1918E-03
Warning xbin not returning correct x   1  0.961875E+00  0.999993E+00  0.1918E-03
Warning xbin not returning correct x   1  0.991744E+00  0.999998E+00  0.1918E-03
Warning xbin not returning correct x   1  0.984273E+00  0.999997E+00  0.1918E-03
Warning xbin still not working well. Last message this iteration.
 Iteration  5   Mean: 0.1463E+08 Abs mean: 0.1463E+08   Fluctuation:  0.510E+05   0.491E+09    95.7%
  5    0.1463E+08 0.1463E+08 +- 0.5096E+05      0.62
 Relative summed weights:
  0.4991E+00  0.0000E+00
  0.5009E+00  0.0000E+00
 Relative number of events:
  0.5018E+00  0.0000E+00
  0.4982E+00  0.0000E+00
 Events:
       16059           0
       15941           0
 Found         3315  events.
 Wrote         3311  events.
 Actual xsec    14668199.172292847     
 Correct abs xsec    14668199.172292847     
 Event xsec    14668199.172291884     
 Events wgts > 1:            9
 % Cross section > 1:    97772.465484577566       0.66656079820124758     
 Checking number of events   4597.0136205965782             3311  chi2:   0.40748133279797072     
 Found         3315  events.
 Wrote         3311  events.
 Actual xsec    14668199.172292847     
 Correct abs xsec    14668199.172292847     
 Event xsec    14668199.172291884     
 Events wgts > 1:            9
 % Cross section > 1:    97772.465484577566       0.66656079820124758     
Warning xbin not returning correct x   1  0.993304E+00  0.999999E+00  0.2085E-03
Warning xbin not returning correct x   1  0.968164E+00  0.999994E+00  0.2085E-03
Warning xbin not returning correct x   1  0.972718E+00  0.999995E+00  0.2085E-03
Warning xbin not returning correct x   1  0.983753E+00  0.999997E+00  0.2085E-03
Warning xbin not returning correct x   1  0.972435E+00  0.999994E+00  0.2085E-03
Warning xbin still not working well. Last message this iteration.
 Iteration  6   Mean: 0.1468E+08 Abs mean: 0.1468E+08   Fluctuation:  0.247E+05   0.650E+08    92.9%
  6    0.1468E+08 0.1468E+08 +- 0.2469E+05      0.43
 Relative summed weights:
  0.4978E+00  0.0000E+00
  0.5022E+00  0.0000E+00
 Relative number of events:
  0.4977E+00  0.0000E+00
  0.5023E+00  0.0000E+00
 Events:
       31851           0
       32149           0
 Found         6880  events.
 Wrote         6876  events.
 Actual xsec    14672601.853639366     
 Correct abs xsec    14672601.853639366     
 Event xsec    14672601.853641825     
 Events wgts > 1:            0
 % Cross section > 1:    0.0000000000000000        0.0000000000000000     
 Checking number of events   4598.3934209305771             6876  chi2:   0.38649628036417005     

 -------------------------------------------------------------------------------
 Accumulated results:   Integral =  0.1468E+08
                        Std dev  =  0.1774E+05
                       Cross sec =  0.2401E+00
             Chi**2 per DoF.     =
-------------------------------------------------
---------------------------
 Results Last   3 iters: Integral =   0.1467E+08
                     Abs integral =   0.1467E+08
                          Std dev =   0.1862E+05
                  Chi**2 per DoF. =      0.3865
-------------------------------------------------
---------------------------
 Status -3.13399999999999974E-004           7           9
 We found enough events        6876   4598.3934209305771     
>>>>>>> 911b5ec345c81b054214c521136984e9d6306827

ls status:
events.lhe
ftn25
ftn26
input_sg.txt
moffset.dat
results.dat
run_01_ftn26.gz
run_01_log.txt
run_01_results.dat
run_02_ftn26.gz
run_02_log.txt
run_02_results.dat
run_03_ftn26.gz
run_03_log.txt
run_03_results.dat
run_04_ftn26.gz
run_04_log.txt
run_04_results.dat
<<<<<<< HEAD
run_05_ftn26.gz
run_05_log.txt
run_05_results.dat
run_06_ftn26.gz
run_06_log.txt
run_06_results.dat
run_07_ftn26.gz
run_07_log.txt
run_07_results.dat
run_08_ftn26.gz
run_08_log.txt
run_08_results.dat
run_09_ftn26.gz
run_09_log.txt
run_09_results.dat
run_10_ftn26.gz
run_10_log.txt
run_10_results.dat
=======
>>>>>>> 911b5ec345c81b054214c521136984e9d6306827
run1_app.log
