 Process in group number            0
 No PDF is used, alpha_s(MZ) from param_card is used
 Value of alpha_s from param_card:   0.11800000071525575     
 The default order of alpha_s running is fixed to            2
<<<<<<< HEAD
=======
 Warning: pt or E min of a gamma should in general be >0
 Warning: pt or E min of a gamma should in general be >0
 Warning: pt or E min of a gamma should in general be >0
>>>>>>> 911b5ec345c81b054214c521136984e9d6306827
 *****************************************************
 *               MadGraph/MadEvent                   *
 *        --------------------------------           *
 *          http://madgraph.hep.uiuc.edu             *
 *          http://madgraph.phys.ucl.ac.be           *
 *          http://madgraph.roma2.infn.it            *
 *        --------------------------------           *
 *                                                   *
 *          PARAMETER AND COUPLING VALUES            *
 *                                                   *
 *****************************************************

  External Params
  ---------------------------------
  
 aEWM1 =    132.50700378417969     
 mdl_Gf =   1.16639000000000003E-005
 aS =   0.11800000071525575     
 mdl_ymb =    4.6999998092651367     
 mdl_ymt =    173.00000000000000     
 mdl_yme =   5.10999991092830896E-004
 mdl_ymm =   0.10565999895334244     
 mdl_ymtau =    1.7769999504089355     
 mdl_MZ =    91.188003540039063     
 mdl_MT =    173.00000000000000     
 mdl_MB =    4.6999998092651367     
 mdl_MH =    125.00000000000000     
 mdl_Me =   5.10999991092830896E-004
 mdl_MM =   0.10565999895334244     
 mdl_MTA =    1.7769999504089355     
 mdl_WZ =    2.4414041042327881     
 mdl_WW =    2.0476000308990479     
 mdl_WT =    1.4915000200271606     
 mdl_WH =   6.38233916833996773E-003
 mdl_WTau =   2.26999999999999982E-012
  Internal Params
  ---------------------------------
  
 mdl_conjg__CKM3x3 =    1.0000000000000000     
 mdl_CKM3x3 =    1.0000000000000000     
 mdl_conjg__CKM1x1 =    1.0000000000000000     
 mdl_complexi =  (  0.0000000000000000     ,  1.0000000000000000     )
 mdl_MZ__exp__2 =    8315.2519896181766     
 mdl_MZ__exp__4 =    69143415.650849044     
 mdl_sqrt__2 =    1.4142135623730951     
 mdl_MH__exp__2 =    15625.000000000000     
 mdl_aEW =   7.54677089845565054E-003
 mdl_MW =    80.419007276179556     
 mdl_sqrt__aEW =   8.68721526063194194E-002
 mdl_ee =   0.30795376284704501     
 mdl_MW__exp__2 =    6467.2167312862202     
 mdl_sw2 =   0.22224645274001076     
 mdl_cw =   0.88190336616887299     
 mdl_sqrt__sw2 =   0.47143022043565552     
 mdl_sw =   0.47143022043565552     
 mdl_g1 =   0.34919218438279087     
 mdl_gw =   0.65323296958447097     
 mdl_vev =    246.21845810181631     
 mdl_vev__exp__2 =    60623.529110035874     
 mdl_lam =   0.12886910601690271     
 mdl_yb =   2.69955531549349904E-002
 mdl_ye =   2.93504850670934038E-006
 mdl_ym =   6.06883028478528356E-004
 mdl_yt =   0.99366614581500645     
 mdl_ytau =   1.02066167158167895E-002
 mdl_muH =    88.388347648318444     
 mdl_I1x33 =  ( 2.69955531549349904E-002,  0.0000000000000000     )
 mdl_I2x33 =  ( 0.99366614581500645     ,  0.0000000000000000     )
 mdl_I3x33 =  ( 0.99366614581500645     ,  0.0000000000000000     )
 mdl_I4x33 =  ( 2.69955531549349904E-002,  0.0000000000000000     )
 mdl_ee__exp__2 =   9.48355200516540348E-002
 mdl_sw__exp__2 =   0.22224645274001076     
 mdl_cw__exp__2 =   0.77775354725998924     
  Internal Params evaluated point by point
  ----------------------------------------
  
 mdl_sqrt__aS =   0.34351128178744839     
 mdl_G__exp__2 =    1.4828317414825511     
  Couplings of sm-lepton_masses
  ---------------------------------
  
         GC_3 =  -0.00000E+00  -0.30795E+00

 Collider parameters:
 --------------------

<<<<<<< HEAD
 Running at e e   machine @   7.14879999999999960E-002  GeV
=======
 Running at e e   machine @   7.00000000000000067E-002  GeV
>>>>>>> 911b5ec345c81b054214c521136984e9d6306827
 PDF set = none   
 alpha_s(Mz)= 0.1180 running at 2 loops.
 alpha_s(Mz)= 0.1180 running at 2 loops.
 Renormalization scale fixed @    91.188000000000002     
 Factorization scales  fixed @    91.188000000000002        91.188000000000002     


 getting user params
Enter number of events and max and min iterations: 
<<<<<<< HEAD
 Number of events and iterations         2000           9           3
Enter desired fractional accuracy: 
 Desired fractional accuracy:  -1.03289999999999995E-004
=======
 Number of events and iterations         1000           9           3
Enter desired fractional accuracy: 
 Desired fractional accuracy:  -4.27509999999999978E-004
>>>>>>> 911b5ec345c81b054214c521136984e9d6306827
Enter 0 for fixed, 2 for adjustable grid: 
Suppress amplitude (0 no, 1 yes)? 
 Using suppressed amplitude.
Exact helicity sum (0 yes, n = number/event)? 
 Explicitly summing over helicities
Enter Configuration Number: 
Running Configuration Number:    1
 Not subdividing B.W.
 Attempting mappinvarients           1           5
 Completed mapping           5
<<<<<<< HEAD
 about to integrate            5        2000           9           3           5           1
 Using non-zero grid deformation.
  5 dimensions   2000 events  5 invarients  9 iterations  1 config(s),  (0.99)
 Using h-tuple random number sequence.
 Error opening grid
 Using Uniform Grid!
 Using uniform alpha   1.0000000000000000     
 Grid defined OK
 Set CM energy to          0.07
 Mapping Graph           1  to config           1
Setting grid   1    0.17611E-04   1
Setting grid   2    0.17611E-04   1
=======
 about to integrate            5        1000           9           3           5           1
 Keeping grid fixed.
  5 dimensions   1000 events  5 invarients  9 iterations  1 config(s),  (0.99)
 Using h-tuple random number sequence.
 Grid read from file
 Grid defined OK
 Set CM energy to          0.07
 Mapping Graph           1  to config           1
 Warning: No cutoff for shat integral found
          Minimum set to    204.08163265306121     
 No modification is setgrid, grid read from file
 Warning: No cutoff for shat integral found
          Minimum set to    204.08163265306121     
 No modification is setgrid, grid read from file
>>>>>>> 911b5ec345c81b054214c521136984e9d6306827
 Masses: 0.511E-03 0.511E-03 0.000E+00 0.000E+00 0.000E+00
   1   1   2   3   4   5
 Got moffset           6
Using random seed offsets     1 :      1
<<<<<<< HEAD
  with seed                  114
 Ranmar initialization seeds       20445       28434
=======
  with seed                   48
 Ranmar initialization seeds       30234       28365
>>>>>>> 911b5ec345c81b054214c521136984e9d6306827
  Particle       3       4       5
      Et >     0.0     0.0     0.0
       E >     0.0     0.0     0.0
     Eta <    -1.0    -1.0    -1.0
   xqcut:      0.0     0.0     0.0
d R # 3  >    -0.0     0.0     0.0
d R # 4  >    -0.0    -0.0     0.0
s min # 3>     0.0     0.0     0.0
s min # 4>     0.0     0.0     0.0
xqcutij # 3>     0.0     0.0     0.0
xqcutij # 4>     0.0     0.0     0.0
 alpha_s for scale    91.188000000000002       is   0.11800000071525575     
<<<<<<< HEAD
 Added good helicity            1  5.20308666051271917E-003  in event            1
 Added good helicity            2  2.62482297052619258E-003  in event            1
 Added good helicity            3  3.53681543042695494E-003  in event            1
 Added good helicity            4  4.09250289686837073E-004  in event            1
 Added good helicity            5  7.64596016394938349E-002  in event            1
 Added good helicity            7  4.20985888624940473E-004  in event            1
 Added good helicity           10   8.8475183378768936       in event            1
 Added good helicity           12   5.9038111648531721       in event            1
 Added good helicity           13  0.68074096441830234       in event            1
 Added good helicity           15  0.47927456067069946       in event            1
 Added good helicity           18  0.47927456067069946       in event            1
 Added good helicity           20  0.68074096441830234       in event            1
 Added good helicity           21   5.9038111648531721       in event            1
 Added good helicity           23   8.8475183378768971       in event            1
 Added good helicity           26  4.20985888624940798E-004  in event            1
 Added good helicity           28  7.64596016394938349E-002  in event            1
 Added good helicity           29  4.09250289686837073E-004  in event            1
 Added good helicity           30  3.53681543042695494E-003  in event            1
 Added good helicity           31  2.62482297052619258E-003  in event            1
 Added good helicity           32  5.20308666051271917E-003  in event            1
 Added good helicity            6  1.61978498751994660E-005  in event            2
 Added good helicity           11  5.73819745581276644E-003  in event            2
 Added good helicity           14   1.0987039788202304       in event            2
 Added good helicity           19   1.0987039788202304       in event            2
 Added good helicity           22  5.73819745581276731E-003  in event            2
 Added good helicity           27  1.61978498751994660E-005  in event            2
 Iteration  1   Mean: 0.3314E+08 Abs mean: 0.3314E+08   Fluctuation:  0.252E+07   0.279E+10    99.1%
  1    0.3314E+08 0.3314E+08 +- 0.2518E+07      3.40
 Writing out events   1858.6953839082059        3.3981582976354794     
 Relative summed weights:
  0.1621E+00  0.0000E+00
  0.1855E+00  0.0000E+00
  0.1923E+00  0.0000E+00
  0.1853E+00  0.0000E+00
  0.1713E+00  0.0000E+00
  0.1035E+00  0.0000E+00
 Relative number of events:
  0.1675E+00  0.0000E+00
  0.1675E+00  0.0000E+00
  0.1725E+00  0.0000E+00
  0.1570E+00  0.0000E+00
  0.1685E+00  0.0000E+00
  0.1670E+00  0.0000E+00
 Events:
         335           0
         335           0
         345           0
         314           0
         337           0
         334           0
 Iteration  2   Mean: 0.3911E+08 Abs mean: 0.3911E+08   Fluctuation:  0.433E+07   0.161E+11    96.9%
  2    0.3911E+08 0.3911E+08 +- 0.4326E+07      7.00
 Relative summed weights:
  0.1693E+00  0.0000E+00
  0.1382E+00  0.0000E+00
  0.1728E+00  0.0000E+00
  0.2616E+00  0.0000E+00
  0.1255E+00  0.0000E+00
  0.1326E+00  0.0000E+00
 Relative number of events:
  0.1673E+00  0.0000E+00
  0.1655E+00  0.0000E+00
  0.1658E+00  0.0000E+00
  0.1742E+00  0.0000E+00
  0.1653E+00  0.0000E+00
  0.1620E+00  0.0000E+00
 Events:
         669           0
         662           0
         663           0
         697           0
         661           0
         648           0
 Iteration  3   Mean: 0.3849E+08 Abs mean: 0.3849E+08   Fluctuation:  0.119E+07   0.560E+10    97.4%
  3    0.3849E+08 0.3849E+08 +- 0.1187E+07      2.76
 Relative summed weights:
  0.1956E+00  0.0000E+00
  0.1718E+00  0.0000E+00
  0.1526E+00  0.0000E+00
  0.1543E+00  0.0000E+00
  0.1582E+00  0.0000E+00
  0.1677E+00  0.0000E+00
 Relative number of events:
  0.1709E+00  0.0000E+00
  0.1745E+00  0.0000E+00
  0.1614E+00  0.0000E+00
  0.1614E+00  0.0000E+00
  0.1628E+00  0.0000E+00
  0.1691E+00  0.0000E+00
 Events:
        1367           0
        1396           0
        1291           0
        1291           0
        1302           0
        1353           0
 Found          750  events.
 Wrote           89  events.
 Actual xsec    37820678.108241200     
 Correct abs xsec    37820678.108241200     
 Event xsec    37820678.108241148     
 Events wgts > 1:            3
 % Cross section > 1:    335651.50159540324       0.88748144767469039     
 Checking number of events   3906.4978418002333               89  chi2:    1.9301131622025074     
 Found          750  events.
 Wrote          107  events.
 Actual xsec    37820678.108241200     
 Correct abs xsec    37820678.108241200     
 Event xsec    37820678.108241081     
 Events wgts > 1:            3
 % Cross section > 1:    279604.20074153168       0.73928923204739228     
 Iteration  4   Mean: 0.3985E+08 Abs mean: 0.3985E+08   Fluctuation:  0.829E+06   0.557E+10    96.8%
  4    0.3985E+08 0.3985E+08 +- 0.8289E+06      2.63
 Relative summed weights:
  0.1663E+00  0.0000E+00
  0.1633E+00  0.0000E+00
  0.1697E+00  0.0000E+00
  0.1664E+00  0.0000E+00
  0.1728E+00  0.0000E+00
  0.1614E+00  0.0000E+00
 Relative number of events:
  0.1651E+00  0.0000E+00
  0.1712E+00  0.0000E+00
  0.1644E+00  0.0000E+00
  0.1649E+00  0.0000E+00
  0.1700E+00  0.0000E+00
  0.1644E+00  0.0000E+00
 Events:
        2642           0
        2739           0
        2630           0
        2638           0
        2720           0
        2631           0
 Found         1530  events.
 Wrote          238  events.
 Actual xsec    39416231.944666855     
 Correct abs xsec    39416231.944666855     
 Event xsec    39416231.944667242     
 Events wgts > 1:            5
 % Cross section > 1:    348759.04511315917       0.88481071859621008     
 Checking number of events   4071.3025975646392              238  chi2:   0.44249549069652350     
 Found         1530  events.
 Wrote          221  events.
 Actual xsec    39416231.944666855     
 Correct abs xsec    39416231.944666855     
 Event xsec    39416231.944666907     
 Events wgts > 1:            5
 % Cross section > 1:    375331.20468115155       0.95222497474656398     
 Iteration  5   Mean: 0.4000E+08 Abs mean: 0.4000E+08   Fluctuation:  0.457E+06   0.474E+10    97.2%
  5    0.4000E+08 0.4000E+08 +- 0.4565E+06      2.04
 Relative summed weights:
  0.1621E+00  0.0000E+00
  0.1672E+00  0.0000E+00
  0.1620E+00  0.0000E+00
  0.1676E+00  0.0000E+00
  0.1697E+00  0.0000E+00
  0.1714E+00  0.0000E+00
 Relative number of events:
  0.1667E+00  0.0000E+00
  0.1662E+00  0.0000E+00
  0.1680E+00  0.0000E+00
  0.1664E+00  0.0000E+00
  0.1668E+00  0.0000E+00
  0.1659E+00  0.0000E+00
 Events:
        5333           0
        5319           0
        5375           0
        5326           0
        5337           0
        5310           0
 Found         3100  events.
 Wrote          756  events.
 Actual xsec    39827449.187249467     
 Correct abs xsec    39827449.187249467     
 Event xsec    39827449.187249087     
 Events wgts > 1:           21
 % Cross section > 1:    386998.91222192638       0.97168892339162316     
 Checking number of events   4113.7772265509975              756  chi2:   0.70989539942997792     
 Found         3100  events.
 Wrote          762  events.
 Actual xsec    39827449.187249467     
 Correct abs xsec    39827449.187249467     
 Event xsec    39827449.187249213     
 Events wgts > 1:           21
 % Cross section > 1:    383981.05544367246       0.96411159458990470     
 Iteration  6   Mean: 0.4000E+08 Abs mean: 0.4000E+08   Fluctuation:  0.275E+06   0.367E+10    97.1%
  6    0.4000E+08 0.4000E+08 +- 0.2751E+06      1.74
 Relative summed weights:
  0.1705E+00  0.0000E+00
  0.1663E+00  0.0000E+00
  0.1627E+00  0.0000E+00
  0.1674E+00  0.0000E+00
  0.1662E+00  0.0000E+00
  0.1669E+00  0.0000E+00
 Relative number of events:
  0.1676E+00  0.0000E+00
  0.1665E+00  0.0000E+00
  0.1662E+00  0.0000E+00
  0.1684E+00  0.0000E+00
  0.1670E+00  0.0000E+00
  0.1644E+00  0.0000E+00
 Events:
       10724           0
       10654           0
       10635           0
       10775           0
       10689           0
       10523           0
 Found         6262  events.
 Wrote         2076  events.
 Actual xsec    39987268.988165475     
 Correct abs xsec    39987268.988165475     
 Event xsec    39987268.988163516     
 Events wgts > 1:           48
 % Cross section > 1:    402141.26492068759        1.0056732432508055     
 Checking number of events   4130.2850137876121             2076  chi2:   1.52857913974537313E-002
 Found         6262  events.
 Wrote         2133  events.
 Actual xsec    39987268.988165475     
 Correct abs xsec    39987268.988165475     
 Event xsec    39987268.988163859     
 Events wgts > 1:           48
 % Cross section > 1:    391500.08768786117       0.97906183041343553     
 Iteration  7   Mean: 0.4052E+08 Abs mean: 0.4052E+08   Fluctuation:  0.195E+06   0.450E+10    97.0%
  7    0.4052E+08 0.4052E+08 +- 0.1949E+06      1.72
 Relative summed weights:
  0.1658E+00  0.0000E+00
  0.1658E+00  0.0000E+00
  0.1644E+00  0.0000E+00
  0.1689E+00  0.0000E+00
  0.1670E+00  0.0000E+00
  0.1681E+00  0.0000E+00
 Relative number of events:
  0.1674E+00  0.0000E+00
  0.1665E+00  0.0000E+00
  0.1642E+00  0.0000E+00
  0.1670E+00  0.0000E+00
  0.1679E+00  0.0000E+00
  0.1670E+00  0.0000E+00
 Events:
       21429           0
       21312           0
       21018           0
       21371           0
       21493           0
       21377           0
 Found        12755  events.
 Wrote         4442  events.
 Actual xsec    40310429.793258257     
 Correct abs xsec    40310429.793258257     
 Event xsec    40310429.793263555     
 Events wgts > 1:           92
 % Cross section > 1:    400911.93038505630       0.99456128957487422     
 Checking number of events   4163.6642933456451             4442  chi2:    1.4461372108009449     

 -------------------------------------------------------------------------------
 Accumulated results:   Integral =  0.4025E+08
                        Std dev  =  0.1463E+06
                       Cross sec =  0.1792E+01
             Chi**2 per DoF.     =
-------------------------------------------------
---------------------------
 Results Last   3 iters: Integral =   0.4031E+08
                     Abs integral =   0.4031E+08
                          Std dev =   0.1502E+06
                  Chi**2 per DoF. =      1.4461
-------------------------------------------------
---------------------------
 Status -1.03289999999999995E-004           8           9
 We found enough events        4442   4163.6642933456451     
=======
 Added good helicity            1  0.20141338872091266       in event            1
 Added good helicity            2   1.0316629658507703       in event            1
 Added good helicity            3  1.36707285184285345E-002  in event            1
 Added good helicity            5  7.20226187907914569E-005  in event            1
 Added good helicity            6  1.61733836586533316E-005  in event            1
 Added good helicity            7  3.42528436441562391E-006  in event            1
 Added good helicity           10  2.71387539973890618E-003  in event            1
 Added good helicity           11  4.33398143256478281E-004  in event            1
 Added good helicity           13   1.4439485650506392       in event            1
 Added good helicity           14   13.199477235973381       in event            1
 Added good helicity           15  0.10658783271906344       in event            1
 Added good helicity           18  0.10658783271906348       in event            1
 Added good helicity           19   13.199477235973379       in event            1
 Added good helicity           20   1.4439485650506374       in event            1
 Added good helicity           22  4.33398143256478444E-004  in event            1
 Added good helicity           23  2.71387539973890748E-003  in event            1
 Added good helicity           26  3.42528436441562391E-006  in event            1
 Added good helicity           27  1.61733836586533316E-005  in event            1
 Added good helicity           28  7.20226187907914976E-005  in event            1
 Added good helicity           30  1.36707285184285345E-002  in event            1
 Added good helicity           31   1.0316629658507708       in event            1
 Added good helicity           32  0.20141338872091266       in event            1
 Added good helicity            4  2.00463272885544573E-005  in event            2
 Added good helicity           12   7.5425818316282287       in event            2
 Added good helicity           21   7.5425818316282287       in event            2
 Added good helicity           29  2.00463272885544573E-005  in event            2
 Iteration  1   Mean: 0.9822E+08 Abs mean: 0.9822E+08   Fluctuation:  0.834E+07   0.598E+10    99.1%
  1    0.9822E+08 0.9822E+08 +- 0.8343E+07      2.69
 Writing out events   11012.101703065058        2.6861243706542970     
 Relative summed weights:
  0.1488E+00  0.0000E+00
  0.2093E+00  0.0000E+00
  0.1682E+00  0.0000E+00
  0.1495E+00  0.0000E+00
  0.1681E+00  0.0000E+00
  0.1561E+00  0.0000E+00
 Relative number of events:
  0.1550E+00  0.0000E+00
  0.1630E+00  0.0000E+00
  0.1850E+00  0.0000E+00
  0.1560E+00  0.0000E+00
  0.1790E+00  0.0000E+00
  0.1620E+00  0.0000E+00
 Events:
         155           0
         163           0
         185           0
         156           0
         179           0
         162           0
 Iteration  2   Mean: 0.1440E+09 Abs mean: 0.1440E+09   Fluctuation:  0.230E+08   0.345E+11    99.5%
  2    0.1440E+09 0.1440E+09 +- 0.2296E+08      7.13
 Relative summed weights:
  0.1619E+00  0.0000E+00
  0.9283E-01  0.0000E+00
  0.1358E+00  0.0000E+00
  0.2658E+00  0.0000E+00
  0.1021E+00  0.0000E+00
  0.2416E+00  0.0000E+00
 Relative number of events:
  0.1635E+00  0.0000E+00
  0.1640E+00  0.0000E+00
  0.1705E+00  0.0000E+00
  0.1620E+00  0.0000E+00
  0.1625E+00  0.0000E+00
  0.1775E+00  0.0000E+00
 Events:
         327           0
         328           0
         341           0
         324           0
         325           0
         355           0
 Iteration  3   Mean: 0.1662E+09 Abs mean: 0.1662E+09   Fluctuation:  0.409E+08   0.149E+12    99.8%
  3    0.1662E+09 0.1662E+09 +- 0.4093E+08     15.58
 Relative summed weights:
  0.9860E-01  0.0000E+00
  0.1126E+00  0.0000E+00
  0.1038E+00  0.0000E+00
  0.1004E+00  0.0000E+00
  0.3820E+00  0.0000E+00
  0.2025E+00  0.0000E+00
 Relative number of events:
  0.1608E+00  0.0000E+00
  0.1755E+00  0.0000E+00
  0.1727E+00  0.0000E+00
  0.1730E+00  0.0000E+00
  0.1605E+00  0.0000E+00
  0.1575E+00  0.0000E+00
 Events:
         643           0
         702           0
         691           0
         692           0
         642           0
         630           0
 Found          264  events.
 Wrote            5  events.
 Actual xsec    113262772.31581540     
 Correct abs xsec    113262772.31581540     
 Event xsec    113262772.31581545     
 Events wgts > 1:            1
 % Cross section > 1:    10.547005753964186       9.31197915989158122E-006
 Checking number of events   48420.967792734242                5  chi2:    3.3588925351197645     
 Found          264  events.
 Wrote            6  events.
 Actual xsec    113262772.31581540     
 Correct abs xsec    113262772.31581540     
 Event xsec    113262772.31581542     
 Events wgts > 1:            1
 % Cross section > 1:    8.7891715988516808       7.75998275439034597E-006
 Iteration  4   Mean: 0.1167E+09 Abs mean: 0.1167E+09   Fluctuation:  0.498E+07   0.231E+11    99.6%
  4    0.1167E+09 0.1167E+09 +- 0.4979E+07      3.82
 Relative summed weights:
  0.1428E+00  0.0000E+00
  0.1623E+00  0.0000E+00
  0.1681E+00  0.0000E+00
  0.1718E+00  0.0000E+00
  0.1539E+00  0.0000E+00
  0.2010E+00  0.0000E+00
 Relative number of events:
  0.1619E+00  0.0000E+00
  0.1646E+00  0.0000E+00
  0.1653E+00  0.0000E+00
  0.1681E+00  0.0000E+00
  0.1653E+00  0.0000E+00
  0.1749E+00  0.0000E+00
 Events:
        1295           0
        1317           0
        1322           0
        1345           0
        1322           0
        1399           0
 Found          512  events.
 Wrote           47  events.
 Actual xsec    119813378.80230886     
 Correct abs xsec    119813378.80230886     
 Event xsec    119813378.80230908     
 Events wgts > 1:            1
 % Cross section > 1:    1173461.9511179617       0.97940811188887555     
 Checking number of events   51221.417571775055               47  chi2:    1.3960649425019354     
 Found          512  events.
 Wrote           61  events.
 Actual xsec    119813378.80230886     
 Correct abs xsec    119813378.80230886     
 Event xsec    119813378.80230898     
 Events wgts > 1:            1
 % Cross section > 1:    906179.74546951032       0.75632600843742082     
 Iteration  5   Mean: 0.1216E+09 Abs mean: 0.1216E+09   Fluctuation:  0.612E+07   0.695E+11    99.6%
  5    0.1216E+09 0.1216E+09 +- 0.6123E+07      6.37
 Relative summed weights:
  0.1401E+00  0.0000E+00
  0.1696E+00  0.0000E+00
  0.1566E+00  0.0000E+00
  0.1692E+00  0.0000E+00
  0.1549E+00  0.0000E+00
  0.2096E+00  0.0000E+00
 Relative number of events:
  0.1647E+00  0.0000E+00
  0.1682E+00  0.0000E+00
  0.1665E+00  0.0000E+00
  0.1649E+00  0.0000E+00
  0.1692E+00  0.0000E+00
  0.1666E+00  0.0000E+00
 Events:
        2635           0
        2691           0
        2664           0
        2638           0
        2707           0
        2665           0
 Found         1376  events.
 Wrote           31  events.
 Actual xsec    119569640.11024173     
 Correct abs xsec    119569640.11024173     
 Event xsec    119569640.11024182     
 Events wgts > 1:            0
 % Cross section > 1:    0.0000000000000000        0.0000000000000000     
 Checking number of events   51117.216843529437               31  chi2:   0.87343386301092096     
 Found         1376  events.
 Wrote           28  events.
 Actual xsec    119569640.11024173     
 Correct abs xsec    119569640.11024173     
 Event xsec    119569640.11024185     
 Events wgts > 1:            0
 % Cross section > 1:    0.0000000000000000        0.0000000000000000     
 Iteration  6   Mean: 0.1184E+09 Abs mean: 0.1184E+09   Fluctuation:  0.411E+07   0.586E+11    99.5%
  6    0.1184E+09 0.1184E+09 +- 0.4109E+07      6.21
 Relative summed weights:
  0.1586E+00  0.0000E+00
  0.1765E+00  0.0000E+00
  0.1718E+00  0.0000E+00
  0.1769E+00  0.0000E+00
  0.1720E+00  0.0000E+00
  0.1442E+00  0.0000E+00
 Relative number of events:
  0.1685E+00  0.0000E+00
  0.1651E+00  0.0000E+00
  0.1650E+00  0.0000E+00
  0.1692E+00  0.0000E+00
  0.1691E+00  0.0000E+00
  0.1632E+00  0.0000E+00
 Events:
        5391           0
        5282           0
        5280           0
        5413           0
        5411           0
        5223           0
 Found         2511  events.
 Wrote           80  events.
 Actual xsec    118572605.31887202     
 Correct abs xsec    118572605.31887202     
 Event xsec    118572605.31887177     
 Events wgts > 1:            3
 % Cross section > 1:    1202794.7128021214        1.0143951122331349     
 Checking number of events   50690.974499870972               80  chi2:   0.19838874740133211     
 Found         2511  events.
 Wrote          105  events.
 Actual xsec    118572605.31887202     
 Correct abs xsec    118572605.31887202     
 Event xsec    118572605.31887178     
 Events wgts > 1:            3
 % Cross section > 1:    918633.72776203160       0.77474364781948812     
 Iteration  7   Mean: 0.1262E+09 Abs mean: 0.1262E+09   Fluctuation:  0.596E+07   0.249E+12    99.6%
  7    0.1262E+09 0.1262E+09 +- 0.5956E+07     11.94
 Relative summed weights:
  0.1614E+00  0.0000E+00
  0.1898E+00  0.0000E+00
  0.1483E+00  0.0000E+00
  0.1435E+00  0.0000E+00
  0.1628E+00  0.0000E+00
  0.1943E+00  0.0000E+00
 Relative number of events:
  0.1696E+00  0.0000E+00
  0.1660E+00  0.0000E+00
  0.1650E+00  0.0000E+00
  0.1648E+00  0.0000E+00
  0.1659E+00  0.0000E+00
  0.1687E+00  0.0000E+00
 Events:
       10852           0
       10627           0
       10558           0
       10549           0
       10617           0
       10797           0
 Found         5231  events.
 Wrote           32  events.
 Actual xsec    121232259.84071912     
 Correct abs xsec    121232259.84071912     
 Event xsec    121232259.84071907     
 Events wgts > 1:            1
 % Cross section > 1:    992431.74436076311       0.81862018052345875     
 Checking number of events   51828.003404505827               32  chi2:   0.59053090363649563     
 Found         5231  events.
 Wrote           44  events.
 Actual xsec    121232259.84071912     
 Correct abs xsec    121232259.84071912     
 Event xsec    121232259.84071897     
 Events wgts > 1:            1
 % Cross section > 1:    723383.56786304107       0.59669230682778551     
 Iteration  8   Mean: 0.1221E+09 Abs mean: 0.1221E+09   Fluctuation:  0.335E+07   0.188E+12    99.6%
  8    0.1221E+09 0.1221E+09 +- 0.3354E+07      9.83
 Relative summed weights:
  0.1583E+00  0.0000E+00
  0.1647E+00  0.0000E+00
  0.1574E+00  0.0000E+00
  0.1742E+00  0.0000E+00
  0.1782E+00  0.0000E+00
  0.1671E+00  0.0000E+00
 Relative number of events:
  0.1661E+00  0.0000E+00
  0.1667E+00  0.0000E+00
  0.1662E+00  0.0000E+00
  0.1671E+00  0.0000E+00
  0.1676E+00  0.0000E+00
  0.1663E+00  0.0000E+00
 Events:
       21258           0
       21336           0
       21276           0
       21387           0
       21453           0
       21290           0
 Found         9844  events.
 Wrote          116  events.
 Actual xsec    121618269.65899995     
 Correct abs xsec    121618269.65899995     
 Event xsec    121618269.65899944     
 Events wgts > 1:            5
 % Cross section > 1:    764137.55800281838       0.62830819756386347     
 Checking number of events   51993.026461919064              116  chi2:   0.61739999475153107     
 Found         9844  events.
 Wrote          100  events.
 Actual xsec    121618269.65899995     
 Correct abs xsec    121618269.65899995     
 Event xsec    121618269.65899973     
 Events wgts > 1:            5
 % Cross section > 1:    885509.37080855272       0.72810554967719454     
 Iteration  9   Mean: 0.1219E+09 Abs mean: 0.1219E+09   Fluctuation:  0.293E+07   0.530E+12    99.5%
  9    0.1219E+09 0.1219E+09 +- 0.2932E+07     12.17
 Relative summed weights:
  0.1644E+00  0.0000E+00
  0.1603E+00  0.0000E+00
  0.1653E+00  0.0000E+00
  0.1777E+00  0.0000E+00
  0.1637E+00  0.0000E+00
  0.1687E+00  0.0000E+00
 Relative number of events:
  0.1674E+00  0.0000E+00
  0.1675E+00  0.0000E+00
  0.1658E+00  0.0000E+00
  0.1671E+00  0.0000E+00
  0.1664E+00  0.0000E+00
  0.1659E+00  0.0000E+00
 Events:
       42843           0
       42890           0
       42441           0
       42770           0
       42597           0
       42459           0
 Found        20240  events.
 Wrote           90  events.
 Actual xsec    122533061.60211243     
 Correct abs xsec    122533061.60211243     
 Event xsec    122533061.60211262     
 Events wgts > 1:            2
 % Cross section > 1:    694489.78061318188       0.56677746522674666     
 Checking number of events   52384.109165519083               90  chi2:   0.21778824161107080     
 Found        20240  events.
 Wrote           84  events.
 Actual xsec    122533061.60211243     
 Correct abs xsec    122533061.60211243     
 Event xsec    122533061.60211270     
 Events wgts > 1:            2
 % Cross section > 1:    743795.07473761728       0.60701582496392370     

 -------------------------------------------------------------------------------
 Accumulated results:   Integral =  0.1209E+09
                        Std dev  =  0.1635E+07
                       Cross sec =  0.1209E+09
             Chi**2 per DoF.     =      1.3479
 -------------------------------------------------------------------------------
-------------------------------------------------
---------------------------
 Results Last   3 iters: Integral =   0.1225E+09
                     Abs integral =   0.1225E+09
                          Std dev =   0.2070E+07
                  Chi**2 per DoF. =      0.2178
-------------------------------------------------
---------------------------
 Status -4.27509999999999978E-004          10           9
 Trying w/ fresh grid
 Starting w/ ncall =         4000
 Keeping grid fixed.
  5 dimensions   4000 events  5 invarients  8 iterations  1 config(s),  (0.99)
 Using h-tuple random number sequence.
 Error opening grid
 Using Uniform Grid!
 Using uniform alpha   1.0000000000000000     
 Grid defined OK
 Warning: No cutoff for shat integral found
          Minimum set to    204.08163265306121     
Setting grid   1    0.20408E+03   1
 Warning: No cutoff for shat integral found
          Minimum set to    204.08163265306121     
Setting grid   2    0.20408E+03   1
Warning xbin not returning correct x   2  0.999956E+00  0.987643E+00  0.2837E+03
Warning xbin not returning correct x   2  0.999956E+00  0.987508E+00  0.2837E+03
Warning xbin not returning correct x   2  0.999965E+00  0.990105E+00  0.2837E+03
Warning xbin not returning correct x   2  0.999996E+00  0.998850E+00  0.2837E+03
Warning xbin not returning correct x   2  0.999989E+00  0.996791E+00  0.2837E+03
Warning xbin still not working well. Last message this iteration.
 Iteration  1   Mean: 0.7442E+08 Abs mean: 0.7442E+08   Fluctuation:  0.396E+08   0.127E+12    99.0%
  1    0.7442E+08 0.7442E+08 +- 0.3957E+08     33.63
 Relative summed weights:
  0.3182E-01  0.0000E+00
  0.3063E-01  0.0000E+00
  0.5011E+00  0.0000E+00
  0.3530E+00  0.0000E+00
  0.3633E-01  0.0000E+00
  0.4712E-01  0.0000E+00
 Relative number of events:
  0.1573E+00  0.0000E+00
  0.1685E+00  0.0000E+00
  0.1695E+00  0.0000E+00
  0.1635E+00  0.0000E+00
  0.1782E+00  0.0000E+00
  0.1630E+00  0.0000E+00
 Events:
         629           0
         674           0
         678           0
         654           0
         713           0
         652           0
Warning xbin not returning correct x   1  0.990168E+00  0.999848E+00  0.1567E-01
Warning xbin not returning correct x   1  0.986280E+00  0.999788E+00  0.1567E-01
Warning xbin not returning correct x   1  0.984662E+00  0.999763E+00  0.1567E-01
Warning xbin not returning correct x   1  0.998139E+00  0.999971E+00  0.1567E-01
Warning xbin not returning correct x   1  0.984768E+00  0.999765E+00  0.1567E-01
Warning xbin still not working well. Last message this iteration.
 Iteration  2   Mean: 0.2533E+07 Abs mean: 0.2533E+07   Fluctuation:  0.131E+06   0.328E+09    91.8%
  2    0.2533E+07 0.2533E+07 +- 0.1315E+06      4.64
 Relative summed weights:
  0.1479E+00  0.0000E+00
  0.1702E+00  0.0000E+00
  0.1751E+00  0.0000E+00
  0.1577E+00  0.0000E+00
  0.1677E+00  0.0000E+00
  0.1814E+00  0.0000E+00
 Relative number of events:
  0.1613E+00  0.0000E+00
  0.1630E+00  0.0000E+00
  0.1683E+00  0.0000E+00
  0.1619E+00  0.0000E+00
  0.1709E+00  0.0000E+00
  0.1747E+00  0.0000E+00
 Events:
        1290           0
        1304           0
        1346           0
        1295           0
        1367           0
        1398           0
 Iteration  3   Mean: 0.3811E+08 Abs mean: 0.3811E+08   Fluctuation:  0.111E+08   0.143E+12   100.0%
  3    0.3811E+08 0.3811E+08 +- 0.1115E+08     37.01
 Relative summed weights:
  0.5566E-01  0.0000E+00
  0.1782E+00  0.0000E+00
  0.9254E-01  0.0000E+00
  0.8999E-01  0.0000E+00
  0.1735E+00  0.0000E+00
  0.4101E+00  0.0000E+00
 Relative number of events:
  0.1655E+00  0.0000E+00
  0.1691E+00  0.0000E+00
  0.1715E+00  0.0000E+00
  0.1660E+00  0.0000E+00
  0.1633E+00  0.0000E+00
  0.1646E+00  0.0000E+00
 Events:
        2648           0
        2706           0
        2744           0
        2656           0
        2613           0
        2633           0
 Found         2014  events.
 Wrote            6  events.
 Actual xsec    4267313.9561232598     
 Correct abs xsec    4267313.9561232598     
 Event xsec    4267313.9561232598     
 Events wgts > 1:            1
 % Cross section > 1:   6.36687199585139751E-003  1.49200927358893697E-007
 Checking number of events   1824.3193893822547                6  chi2:    93.141498233330012     
 Found         2014  events.
 Wrote            5  events.
 Actual xsec    4267313.9561232598     
 Correct abs xsec    4267313.9561232598     
 Event xsec    4267313.9561232598     
 Events wgts > 1:            1
 % Cross section > 1:   7.64024630188941956E-003  1.79041110648216233E-007
 Iteration  4   Mean: 0.6564E+08 Abs mean: 0.6564E+08   Fluctuation:  0.100E+08   0.163E+12    99.9%
  4    0.6564E+08 0.6564E+08 +- 0.1001E+08     27.27
 Relative summed weights:
  0.8571E-01  0.0000E+00
  0.1106E+00  0.0000E+00
  0.2483E+00  0.0000E+00
  0.1858E+00  0.0000E+00
  0.1106E+00  0.0000E+00
  0.2590E+00  0.0000E+00
 Relative number of events:
  0.1654E+00  0.0000E+00
  0.1658E+00  0.0000E+00
  0.1680E+00  0.0000E+00
  0.1689E+00  0.0000E+00
  0.1669E+00  0.0000E+00
  0.1652E+00  0.0000E+00
 Events:
        5292           0
        5304           0
        5375           0
        5404           0
        5340           0
        5285           0
 Found         1212  events.
 Wrote           10  events.
 Actual xsec    9887917.9691495001     
 Correct abs xsec    9887917.9691495001     
 Event xsec    9887917.9691495020     
 Events wgts > 1:            2
 % Cross section > 1:    106383.66330633906        1.0758954881933505     
 Checking number of events   4227.1838109911023               10  chi2:    1582.8802155196813     
 Found         1212  events.
 Wrote           14  events.
 Actual xsec    9887917.9691495001     
 Correct abs xsec    9887917.9691495001     
 Event xsec    9887917.9691495001     
 Events wgts > 1:            2
 % Cross section > 1:    76222.638340782258       0.77086641069028283     
 Iteration  5   Mean: 0.8401E+08 Abs mean: 0.8401E+08   Fluctuation:  0.975E+07   0.517E+12    98.2%
  5    0.8401E+08 0.8401E+08 +- 0.9746E+07     29.35
 Relative summed weights:
  0.1156E+00  0.0000E+00
  0.1667E+00  0.0000E+00
  0.1872E+00  0.0000E+00
  0.1593E+00  0.0000E+00
  0.2404E+00  0.0000E+00
  0.1308E+00  0.0000E+00
 Relative number of events:
  0.1664E+00  0.0000E+00
  0.1678E+00  0.0000E+00
  0.1656E+00  0.0000E+00
  0.1682E+00  0.0000E+00
  0.1663E+00  0.0000E+00
  0.1656E+00  0.0000E+00
 Events:
       10652           0
       10741           0
       10600           0
       10766           0
       10641           0
       10600           0
 Found         3409  events.
 Wrote           12  events.
 Actual xsec    73728259.664049789     
 Correct abs xsec    73728259.664049789     
 Event xsec    73728259.664049789     
 Events wgts > 1:            0
 % Cross section > 1:    0.0000000000000000        0.0000000000000000     
 Checking number of events   31519.568288977924               12  chi2:    5.9859593262064639     
 Found         3409  events.
 Wrote            8  events.
 Actual xsec    73728259.664049789     
 Correct abs xsec    73728259.664049789     
 Event xsec    73728259.664049789     
 Events wgts > 1:            0
 % Cross section > 1:    0.0000000000000000        0.0000000000000000     
 Fixing grid
 Iteration  6   Mean: 0.8873E+08 Abs mean: 0.8873E+08   Fluctuation:  0.392E+07   0.244E+12    99.6%
  6    0.8873E+08 0.8873E+08 +- 0.3924E+07     15.82
 Relative summed weights:
  0.1846E+00  0.0000E+00
  0.1803E+00  0.0000E+00
  0.1453E+00  0.0000E+00
  0.1690E+00  0.0000E+00
  0.1519E+00  0.0000E+00
  0.1689E+00  0.0000E+00
 Relative number of events:
  0.1660E+00  0.0000E+00
  0.1664E+00  0.0000E+00
  0.1674E+00  0.0000E+00
  0.1657E+00  0.0000E+00
  0.1669E+00  0.0000E+00
  0.1676E+00  0.0000E+00
 Events:
       21250           0
       21300           0
       21425           0
       21211           0
       21357           0
       21457           0
 Found         8345  events.
 Wrote           60  events.
 Actual xsec    86594078.284602910     
 Correct abs xsec    86594078.284602910     
 Event xsec    86594078.284602791     
 Events wgts > 1:            1
 % Cross section > 1:    128626.40645122319       0.14853949484683657     
 Checking number of events   37019.834407450588               60  chi2:    2.3770434129909446     
 Found         8345  events.
 Wrote           55  events.
 Actual xsec    86594078.284602910     
 Correct abs xsec    86594078.284602910     
 Event xsec    86594078.284602866     
 Events wgts > 1:            1
 % Cross section > 1:    140300.77048717556       0.16202120660729083     
 Iteration  7   Mean: 0.1031E+09 Abs mean: 0.1031E+09   Fluctuation:  0.772E+07   0.133E+13    99.6%
  7    0.1031E+09 0.1031E+09 +- 0.7716E+07     37.88
 Relative summed weights:
  0.1427E+00  0.0000E+00
  0.2063E+00  0.0000E+00
  0.1263E+00  0.0000E+00
  0.1361E+00  0.0000E+00
  0.2253E+00  0.0000E+00
  0.1633E+00  0.0000E+00
 Relative number of events:
  0.1671E+00  0.0000E+00
  0.1662E+00  0.0000E+00
  0.1664E+00  0.0000E+00
  0.1674E+00  0.0000E+00
  0.1662E+00  0.0000E+00
  0.1668E+00  0.0000E+00
 Events:
       42765           0
       42536           0
       42591           0
       42866           0
       42539           0
       42703           0
 Found        16034  events.
 Wrote           23  events.
 Actual xsec    91622743.258008018     
 Correct abs xsec    91622743.258008018     
 Event xsec    91622743.258007944     
 Events wgts > 1:            1
 % Cross section > 1:    679538.87715365039       0.74167052086628915     
 Checking number of events   39169.638970231004               23  chi2:    1.6769383624034582     
 Found        16034  events.
 Wrote           21  events.
 Actual xsec    91622743.258008018     
 Correct abs xsec    91622743.258008018     
 Event xsec    91622743.258008003     
 Events wgts > 1:            1
 % Cross section > 1:    743731.52854907978       0.81173243902416792     
 Iteration  8   Mean: 0.9612E+08 Abs mean: 0.9612E+08   Fluctuation:  0.361E+07   0.102E+13    99.6%
  8    0.9612E+08 0.9612E+08 +- 0.3611E+07     26.88
 Relative summed weights:
  0.1641E+00  0.0000E+00
  0.2054E+00  0.0000E+00
  0.1496E+00  0.0000E+00
  0.1590E+00  0.0000E+00
  0.1572E+00  0.0000E+00
  0.1647E+00  0.0000E+00
 Relative number of events:
  0.1664E+00  0.0000E+00
  0.1669E+00  0.0000E+00
  0.1665E+00  0.0000E+00
  0.1667E+00  0.0000E+00
  0.1668E+00  0.0000E+00
  0.1667E+00  0.0000E+00
 Events:
       85172           0
       85475           0
       85272           0
       85353           0
       85397           0
       85331           0
 Found        27867  events.
 Wrote           69  events.
 Actual xsec    113639541.12195346     
 Correct abs xsec    113639541.12195346     
 Event xsec    113639541.12195328     
 Events wgts > 1:            2
 % Cross section > 1:    714968.15507833450       0.62915438413382896     
 Checking number of events   40315.846959189264               69  chi2:    1.7796079803403213     
 Found        27867  events.
 Wrote           65  events.
 Actual xsec    113639541.12195346     
 Correct abs xsec    113639541.12195346     
 Event xsec    113639541.12195349     
 Events wgts > 1:            2
 % Cross section > 1:    758672.45871175779       0.66761309595361729     

 -------------------------------------------------------------------------------
 Accumulated results:   Integral =  0.7497E+08
                        Std dev  =  0.1719E+07
                       Cross sec =  0.7497E+08
             Chi**2 per DoF.     =     64.2476
 -------------------------------------------------------------------------------
-------------------------------------------------
---------------------------
 Results Last   3 iters: Integral =   0.9430E+08
                     Abs integral =   0.9430E+08
                         Std dev =   0.2522E+07
                 Chi**2 per DoF. =      1.7796
-------------------------------------------------
---------------------------
>>>>>>> 911b5ec345c81b054214c521136984e9d6306827

ls status:
events.lhe
ftn25
ftn26
input_sg.txt
<<<<<<< HEAD
=======
log.txt
>>>>>>> 911b5ec345c81b054214c521136984e9d6306827
moffset.dat
results.dat
run_01_ftn26.gz
run_01_log.txt
run_01_results.dat
run_02_ftn26.gz
run_02_log.txt
run_02_results.dat
<<<<<<< HEAD
run_03_ftn26.gz
run_03_log.txt
run_03_results.dat
run_04_ftn26.gz
run_04_log.txt
run_04_results.dat
run_08_ftn26.gz
run_08_log.txt
run_08_results.dat
run_09_ftn26.gz
run_09_log.txt
run_09_results.dat
run_10_ftn26.gz
run_10_log.txt
run_10_results.dat
run_11_ftn26.gz
run_11_log.txt
run_11_results.dat
=======
>>>>>>> 911b5ec345c81b054214c521136984e9d6306827
run1_app.log
