 Process in group number            0
 No PDF is used, alpha_s(MZ) from param_card is used
 Value of alpha_s from param_card:   0.11800000071525575     
 The default order of alpha_s running is fixed to            2
 *****************************************************
 *               MadGraph/MadEvent                   *
 *        --------------------------------           *
 *          http://madgraph.hep.uiuc.edu             *
 *          http://madgraph.phys.ucl.ac.be           *
 *          http://madgraph.roma2.infn.it            *
 *        --------------------------------           *
 *                                                   *
 *          PARAMETER AND COUPLING VALUES            *
 *                                                   *
 *****************************************************

  External Params
  ---------------------------------
  
 aEWM1 =    132.50700378417969     
 mdl_Gf =   1.16639000000000003E-005
 aS =   0.11800000071525575     
 mdl_ymb =    4.6999998092651367     
 mdl_ymt =    173.00000000000000     
 mdl_yme =   5.10999991092830896E-004
 mdl_ymm =   0.10565999895334244     
 mdl_ymtau =    1.7769999504089355     
 mdl_MZ =    91.188003540039063     
 mdl_MT =    173.00000000000000     
 mdl_MB =    4.6999998092651367     
 mdl_MH =    125.00000000000000     
 mdl_Me =   5.10999991092830896E-004
 mdl_MM =   0.10565999895334244     
 mdl_MTA =    1.7769999504089355     
 mdl_WZ =    2.4414041042327881     
 mdl_WW =    2.0476000308990479     
 mdl_WT =    1.4915000200271606     
 mdl_WH =   6.38233916833996773E-003
 mdl_WTau =   2.26999999999999982E-012
  Internal Params
  ---------------------------------
  
 mdl_conjg__CKM3x3 =    1.0000000000000000     
 mdl_CKM3x3 =    1.0000000000000000     
 mdl_conjg__CKM1x1 =    1.0000000000000000     
 mdl_complexi =  (  0.0000000000000000     ,  1.0000000000000000     )
 mdl_MZ__exp__2 =    8315.2519896181766     
 mdl_MZ__exp__4 =    69143415.650849044     
 mdl_sqrt__2 =    1.4142135623730951     
 mdl_MH__exp__2 =    15625.000000000000     
 mdl_aEW =   7.54677089845565054E-003
 mdl_MW =    80.419007276179556     
 mdl_sqrt__aEW =   8.68721526063194194E-002
 mdl_ee =   0.30795376284704501     
 mdl_MW__exp__2 =    6467.2167312862202     
 mdl_sw2 =   0.22224645274001076     
 mdl_cw =   0.88190336616887299     
 mdl_sqrt__sw2 =   0.47143022043565552     
 mdl_sw =   0.47143022043565552     
 mdl_g1 =   0.34919218438279087     
 mdl_gw =   0.65323296958447097     
 mdl_vev =    246.21845810181631     
 mdl_vev__exp__2 =    60623.529110035874     
 mdl_lam =   0.12886910601690271     
 mdl_yb =   2.69955531549349904E-002
 mdl_ye =   2.93504850670934038E-006
 mdl_ym =   6.06883028478528356E-004
 mdl_yt =   0.99366614581500645     
 mdl_ytau =   1.02066167158167895E-002
 mdl_muH =    88.388347648318444     
 mdl_I1x33 =  ( 2.69955531549349904E-002,  0.0000000000000000     )
 mdl_I2x33 =  ( 0.99366614581500645     ,  0.0000000000000000     )
 mdl_I3x33 =  ( 0.99366614581500645     ,  0.0000000000000000     )
 mdl_I4x33 =  ( 2.69955531549349904E-002,  0.0000000000000000     )
 mdl_ee__exp__2 =   9.48355200516540348E-002
 mdl_sw__exp__2 =   0.22224645274001076     
 mdl_cw__exp__2 =   0.77775354725998924     
  Internal Params evaluated point by point
  ----------------------------------------
  
 mdl_sqrt__aS =   0.34351128178744839     
 mdl_G__exp__2 =    1.4828317414825511     
  Couplings of sm-lepton_masses
  ---------------------------------
  
         GC_3 =  -0.00000E+00  -0.30795E+00

 Collider parameters:
 --------------------

<<<<<<< HEAD
 Running at e e   machine @   7.14879999999999960E-002  GeV
=======
 Running at e e   machine @   7.00000000000000067E-002  GeV
>>>>>>> 911b5ec345c81b054214c521136984e9d6306827
 PDF set = none   
 alpha_s(Mz)= 0.1180 running at 2 loops.
 alpha_s(Mz)= 0.1180 running at 2 loops.
 Renormalization scale fixed @    91.188000000000002     
 Factorization scales  fixed @    91.188000000000002        91.188000000000002     


 getting user params
Enter number of events and max and min iterations: 
 Number of events and iterations         2000           9           3
Enter desired fractional accuracy: 
<<<<<<< HEAD
 Desired fractional accuracy:  -3.19030000000000027E-005
=======
 Desired fractional accuracy:  -3.13399999999999974E-004
>>>>>>> 911b5ec345c81b054214c521136984e9d6306827
Enter 0 for fixed, 2 for adjustable grid: 
Suppress amplitude (0 no, 1 yes)? 
 Using suppressed amplitude.
Exact helicity sum (0 yes, n = number/event)? 
 Explicitly summing over helicities
Enter Configuration Number: 
Running Configuration Number:    1
 Not subdividing B.W.
 Attempting mappinvarients           1           4
 Completed mapping           4
 about to integrate            2        2000           9           3           2           1
 Using non-zero grid deformation.
  2 dimensions   2000 events  2 invarients  9 iterations  1 config(s),  (0.99)
 Using h-tuple random number sequence.
 Error opening grid
 Using Uniform Grid!
 Using uniform alpha   1.0000000000000000     
 Grid defined OK
 Set CM energy to          0.07
 Mapping Graph           1  to config           1
<<<<<<< HEAD
Setting grid   1    0.17611E-02   1
=======
Setting grid   1    0.38601E-01   1
>>>>>>> 911b5ec345c81b054214c521136984e9d6306827
 Masses: 0.511E-03 0.511E-03 0.000E+00 0.000E+00
   1   1   2
 Got moffset          26
Using random seed offsets     1 :      1
<<<<<<< HEAD
  with seed                  117
 Ranmar initialization seeds       24102        1334
=======
  with seed                   63
 Ranmar initialization seeds       18438        1278
>>>>>>> 911b5ec345c81b054214c521136984e9d6306827
  Particle       3       4
      Et >     0.0     0.0
       E >     0.0     0.0
     Eta <    -1.0    -1.0
   xqcut:      0.0     0.0
d R # 3  >    -0.0     0.0
s min # 3>     0.0     0.0
xqcutij # 3>     0.0     0.0
 alpha_s for scale    91.188000000000002       is   0.11800000071525575     
<<<<<<< HEAD
 Added good helicity            1  3.58383275524936989E-003  in event            1
 Added good helicity            2  4.43253730020048704E-004  in event            1
 Added good helicity            3  4.43253730020048704E-004  in event            1
 Added good helicity            6  0.63941906859681596       in event            1
 Added good helicity            7   7.3561105911785365       in event            1
 Added good helicity           10   7.3561105911785365       in event            1
 Added good helicity           11  0.63941906859681596       in event            1
 Added good helicity           14  4.43253730020048704E-004  in event            1
 Added good helicity           15  4.43253730020048704E-004  in event            1
 Added good helicity           16  3.58383275524936989E-003  in event            1
 Iteration  1   Mean: 0.1443E+09 Abs mean: 0.1443E+09   Fluctuation:  0.166E+07   0.179E+09    90.4%
  1    0.1443E+09 0.1443E+09 +- 0.1663E+07      0.52
 Writing out events   8868.2066012537925       0.51537419851727639     
 Relative summed weights:
  0.5080E+00  0.0000E+00
  0.4920E+00  0.0000E+00
 Relative number of events:
  0.5095E+00  0.0000E+00
  0.4905E+00  0.0000E+00
 Events:
        1019           0
         981           0
 Iteration  2   Mean: 0.1456E+09 Abs mean: 0.1456E+09   Fluctuation:  0.485E+06   0.223E+09    99.6%
  2    0.1456E+09 0.1456E+09 +- 0.4854E+06      0.21
 Relative summed weights:
  0.5034E+00  0.0000E+00
  0.4966E+00  0.0000E+00
 Relative number of events:
  0.5045E+00  0.0000E+00
  0.4955E+00  0.0000E+00
 Events:
        2018           0
        1982           0
 Iteration  3   Mean: 0.1453E+09 Abs mean: 0.1453E+09   Fluctuation:  0.261E+06   0.192E+09    99.6%
  3    0.1453E+09 0.1453E+09 +- 0.2606E+06      0.16
 Relative summed weights:
  0.4968E+00  0.0000E+00
  0.5032E+00  0.0000E+00
 Relative number of events:
  0.4966E+00  0.0000E+00
  0.5034E+00  0.0000E+00
 Events:
        3973           0
        4027           0
 Found          806  events.
 Wrote          801  events.
 Actual xsec    145364424.45980924     
 Correct abs xsec    145364424.45980924     
 Event xsec    145364424.45980734     
 Events wgts > 1:          801
 % Cross section > 1:   2.33121681958436966E-008  1.60370519007485322E-014
 Checking number of events   4637.5612335412943              801  chi2:   0.31423133428438660     
 Found          806  events.
 Wrote          801  events.
 Actual xsec    145364424.45980924     
 Correct abs xsec    145364424.45980924     
 Event xsec    145364424.45980734     
 Events wgts > 1:          801
 % Cross section > 1:   2.33121681958436966E-008  1.60370519007485322E-014
 Iteration  4   Mean: 0.1451E+09 Abs mean: 0.1451E+09   Fluctuation:  0.136E+06   0.178E+09    99.8%
  4    0.1451E+09 0.1451E+09 +- 0.1364E+06      0.12
 Relative summed weights:
  0.5064E+00  0.0000E+00
  0.4936E+00  0.0000E+00
 Relative number of events:
  0.5072E+00  0.0000E+00
  0.4928E+00  0.0000E+00
 Events:
        8116           0
        7884           0
 Found         1578  events.
 Wrote         1574  events.
 Actual xsec    145146226.65286002     
 Correct abs xsec    145146226.65286002     
 Event xsec    145146226.65286237     
 Events wgts > 1:            0
 % Cross section > 1:    0.0000000000000000        0.0000000000000000     
 Checking number of events   4630.6000689061939             1574  chi2:   0.82431670193862439     
 Found         1578  events.
 Wrote         1574  events.
 Actual xsec    145146226.65286002     
 Correct abs xsec    145146226.65286002     
 Event xsec    145146226.65286237     
 Events wgts > 1:            0
 % Cross section > 1:    0.0000000000000000        0.0000000000000000     
 Iteration  5   Mean: 0.1449E+09 Abs mean: 0.1449E+09   Fluctuation:  0.856E+05   0.189E+09    99.8%
  5    0.1449E+09 0.1449E+09 +- 0.8564E+05      0.11
 Relative summed weights:
  0.5016E+00  0.0000E+00
  0.4984E+00  0.0000E+00
 Relative number of events:
  0.5013E+00  0.0000E+00
  0.4987E+00  0.0000E+00
 Events:
       16043           0
       15957           0
 Found         3191  events.
 Wrote         3186  events.
 Actual xsec    144984237.18041083     
 Correct abs xsec    144984237.18041083     
 Event xsec    144984237.18041945     
 Events wgts > 1:            0
 % Cross section > 1:    0.0000000000000000        0.0000000000000000     
 Checking number of events   4625.4321187666474             3186  chi2:    1.3723778661577439     
 Found         3191  events.
 Wrote         3186  events.
 Actual xsec    144984237.18041083     
 Correct abs xsec    144984237.18041083     
 Event xsec    144984237.18041945     
 Events wgts > 1:            0
 % Cross section > 1:    0.0000000000000000        0.0000000000000000     
Warning xbin not returning correct x   1  0.998390E+00  0.100000E+01  0.8186E-04
 Iteration  6   Mean: 0.1450E+09 Abs mean: 0.1450E+09   Fluctuation:  0.535E+05   0.207E+09    99.8%
  6    0.1450E+09 0.1450E+09 +- 0.5348E+05      0.09
 Relative summed weights:
  0.4968E+00  0.0000E+00
  0.5032E+00  0.0000E+00
 Relative number of events:
  0.4970E+00  0.0000E+00
  0.5030E+00  0.0000E+00
 Events:
       31808           0
       32192           0
 Found         6354  events.
 Wrote         6350  events.
 Actual xsec    144982571.88635701     
 Correct abs xsec    144982571.88635701     
 Event xsec    144982571.88635913     
 Events wgts > 1:            0
 % Cross section > 1:    0.0000000000000000        0.0000000000000000     
 Checking number of events   4625.3789908904482             6350  chi2:   0.50490113498416445     

 -------------------------------------------------------------------------------
 Accumulated results:   Integral =  0.1450E+09
                        Std dev  =  0.4229E+05
                       Cross sec =  0.8740E+00
             Chi**2 per DoF.     =
-------------------------------------------------
---------------------------
 Results Last   3 iters: Integral =   0.1450E+09
                     Abs integral =   0.1450E+09
                          Std dev =   0.4304E+05
                  Chi**2 per DoF. =      0.5049
-------------------------------------------------
---------------------------
 Status -3.19030000000000027E-005           7           9
 We found enough events        6350   4625.3789908904482     
=======
 Added good helicity            1  8.69461599052884747E-003  in event            1
 Added good helicity            2  1.05356933744421476E-004  in event            1
 Added good helicity            3  1.05356933744421476E-004  in event            1
 Added good helicity            6   7.9604058889679132       in event            1
 Added good helicity            7  3.06887811493730123E-002  in event            1
 Added good helicity           10  3.06887811493730123E-002  in event            1
 Added good helicity           11   7.9604058889679132       in event            1
 Added good helicity           14  1.05356933744421476E-004  in event            1
 Added good helicity           15  1.05356933744421476E-004  in event            1
 Added good helicity           16  8.69461599052884747E-003  in event            1
 Iteration  1   Mean: 0.1434E+08 Abs mean: 0.1434E+08   Fluctuation:  0.325E+06   0.157E+08    15.7%
  1    0.1434E+08 0.1434E+08 +- 0.3254E+06      1.01
 Writing out events   5083.0870169913114        1.0145479675305107     
 Relative summed weights:
  0.4803E+00  0.0000E+00
  0.5197E+00  0.0000E+00
 Relative number of events:
  0.4820E+00  0.0000E+00
  0.5180E+00  0.0000E+00
 Events:
         964           0
        1036           0
 Iteration  2   Mean: 0.1468E+08 Abs mean: 0.1468E+08   Fluctuation:  0.141E+06   0.218E+08    80.1%
  2    0.1468E+08 0.1468E+08 +- 0.1413E+06      0.61
 Relative summed weights:
  0.5093E+00  0.0000E+00
  0.4907E+00  0.0000E+00
 Relative number of events:
  0.5098E+00  0.0000E+00
  0.4903E+00  0.0000E+00
 Events:
        2039           0
        1961           0
Warning xbin not returning correct x   1  0.982638E+00  0.999977E+00  0.1360E-02
Warning xbin not returning correct x   1  0.966346E+00  0.999956E+00  0.1360E-02
Warning xbin not returning correct x   1  0.997802E+00  0.999997E+00  0.1360E-02
 Iteration  3   Mean: 0.1465E+08 Abs mean: 0.1465E+08   Fluctuation:  0.648E+05   0.832E+08    94.8%
  3    0.1465E+08 0.1465E+08 +- 0.6482E+05      0.40
 Relative summed weights:
  0.4921E+00  0.0000E+00
  0.5079E+00  0.0000E+00
 Relative number of events:
  0.4933E+00  0.0000E+00
  0.5068E+00  0.0000E+00
 Events:
        3946           0
        4054           0
 Found          855  events.
 Wrote          850  events.
 Actual xsec    14641778.732280398     
 Correct abs xsec    14641778.732280398     
 Event xsec    14641778.732280431     
 Events wgts > 1:            0
 % Cross section > 1:    0.0000000000000000        0.0000000000000000     
 Checking number of events   4588.7334546966758              850  chi2:   0.45713368965216461     
 Found          855  events.
 Wrote          850  events.
 Actual xsec    14641778.732280398     
 Correct abs xsec    14641778.732280398     
 Event xsec    14641778.732280431     
 Events wgts > 1:            0
 % Cross section > 1:    0.0000000000000000        0.0000000000000000     
Warning xbin not returning correct x   1  0.967708E+00  0.999987E+00  0.4059E-03
Warning xbin not returning correct x   1  0.993539E+00  0.999997E+00  0.4059E-03
Warning xbin not returning correct x   1  0.980459E+00  0.999992E+00  0.4059E-03
Warning xbin not returning correct x   1  0.986889E+00  0.999995E+00  0.4059E-03
Warning xbin not returning correct x   1  0.967182E+00  0.999987E+00  0.4059E-03
Warning xbin still not working well. Last message this iteration.
 Iteration  4   Mean: 0.1472E+08 Abs mean: 0.1472E+08   Fluctuation:  0.344E+05   0.282E+08    95.9%
  4    0.1472E+08 0.1472E+08 +- 0.3441E+05      0.30
 Relative summed weights:
  0.5076E+00  0.0000E+00
  0.4924E+00  0.0000E+00
 Relative number of events:
  0.5076E+00  0.0000E+00
  0.4924E+00  0.0000E+00
 Events:
        8121           0
        7879           0
 Found         1680  events.
 Wrote         1676  events.
 Actual xsec    14701893.395045649     
 Correct abs xsec    14701893.395045649     
 Event xsec    14701893.395045403     
 Events wgts > 1:            0
 % Cross section > 1:    0.0000000000000000        0.0000000000000000     
 Checking number of events   4607.5733900073064             1676  chi2:   0.51483490437257873     
 Found         1680  events.
 Wrote         1676  events.
 Actual xsec    14701893.395045649     
 Correct abs xsec    14701893.395045649     
 Event xsec    14701893.395045403     
 Events wgts > 1:            0
 % Cross section > 1:    0.0000000000000000        0.0000000000000000     
Warning xbin not returning correct x   1  0.973173E+00  0.999995E+00  0.1924E-03
Warning xbin not returning correct x   1  0.989567E+00  0.999998E+00  0.1924E-03
Warning xbin not returning correct x   1  0.987754E+00  0.999998E+00  0.1924E-03
Warning xbin not returning correct x   1  0.995039E+00  0.999999E+00  0.1924E-03
Warning xbin not returning correct x   1  0.968262E+00  0.999994E+00  0.1924E-03
Warning xbin still not working well. Last message this iteration.
 Iteration  5   Mean: 0.1468E+08 Abs mean: 0.1468E+08   Fluctuation:  0.381E+05   0.216E+09    95.6%
  5    0.1468E+08 0.1468E+08 +- 0.3814E+05      0.46
 Relative summed weights:
  0.4984E+00  0.0000E+00
  0.5016E+00  0.0000E+00
 Relative number of events:
  0.4996E+00  0.0000E+00
  0.5004E+00  0.0000E+00
 Events:
       15986           0
       16014           0
 Found         3337  events.
 Wrote         3333  events.
 Actual xsec    14693735.483928788     
 Correct abs xsec    14693735.483928788     
 Event xsec    14693735.483929528     
 Events wgts > 1:           25
 % Cross section > 1:    43581.829165187766       0.29660142727390876     
 Checking number of events   4605.0167006632819             3333  chi2:   0.61865780704516138     
 Found         3337  events.
 Wrote         3333  events.
 Actual xsec    14693735.483928788     
 Correct abs xsec    14693735.483928788     
 Event xsec    14693735.483929528     
 Events wgts > 1:           25
 % Cross section > 1:    43581.829165187766       0.29660142727390876     
Warning xbin not returning correct x   1  0.974927E+00  0.999996E+00  0.1613E-03
Warning xbin not returning correct x   1  0.982280E+00  0.999997E+00  0.1613E-03
Warning xbin not returning correct x   1  0.993643E+00  0.999999E+00  0.1613E-03
Warning xbin not returning correct x   1  0.993632E+00  0.999999E+00  0.1613E-03
Warning xbin not returning correct x   1  0.973233E+00  0.999996E+00  0.1613E-03
Warning xbin still not working well. Last message this iteration.
 Iteration  6   Mean: 0.1469E+08 Abs mean: 0.1469E+08   Fluctuation:  0.249E+05   0.110E+09    94.7%
  6    0.1469E+08 0.1469E+08 +- 0.2493E+05      0.43
 Relative summed weights:
  0.4977E+00  0.0000E+00
  0.5023E+00  0.0000E+00
 Relative number of events:
  0.4978E+00  0.0000E+00
  0.5022E+00  0.0000E+00
 Events:
       31860           0
       32140           0
 Found         6703  events.
 Wrote         6699  events.
 Actual xsec    14695496.599819386     
 Correct abs xsec    14695496.599819386     
 Event xsec    14695496.599820605     
 Events wgts > 1:            0
 % Cross section > 1:    0.0000000000000000        0.0000000000000000     
 Checking number of events   4605.5686343833950             6699  chi2:   0.35022513826434815     

 -------------------------------------------------------------------------------
 Accumulated results:   Integral =  0.1469E+08
                        Std dev  =  0.1706E+05
                       Cross sec =  0.4712E+00
             Chi**2 per DoF.     =
-------------------------------------------------
---------------------------
 Results Last   3 iters: Integral =   0.1470E+08
                     Abs integral =   0.1470E+08
                          Std dev =   0.1784E+05
                  Chi**2 per DoF. =      0.3502
-------------------------------------------------
---------------------------
 Status -3.13399999999999974E-004           7           9
 We found enough events        6699   4605.5686343833950     
>>>>>>> 911b5ec345c81b054214c521136984e9d6306827

ls status:
events.lhe
ftn25
ftn26
input_sg.txt
moffset.dat
results.dat
run_01_ftn26.gz
run_01_log.txt
run_01_results.dat
run_02_ftn26.gz
run_02_log.txt
run_02_results.dat
run_03_ftn26.gz
run_03_log.txt
run_03_results.dat
run_04_ftn26.gz
run_04_log.txt
run_04_results.dat
<<<<<<< HEAD
run_05_ftn26.gz
run_05_log.txt
run_05_results.dat
run_06_ftn26.gz
run_06_log.txt
run_06_results.dat
run_08_ftn26.gz
run_08_log.txt
run_08_results.dat
run_09_ftn26.gz
run_09_log.txt
run_09_results.dat
run_10_ftn26.gz
run_10_log.txt
run_10_results.dat
=======
>>>>>>> 911b5ec345c81b054214c521136984e9d6306827
run1_app.log
