 Process in group number            1
 No PDF is used, alpha_s(MZ) from param_card is used
 Value of alpha_s from param_card:   0.11800000071525575     
 The default order of alpha_s running is fixed to            2
 Warning: pt or E min of a gamma should in general be >0
 *****************************************************
 *               MadGraph/MadEvent                   *
 *        --------------------------------           *
 *          http://madgraph.hep.uiuc.edu             *
 *          http://madgraph.phys.ucl.ac.be           *
 *          http://madgraph.roma2.infn.it            *
 *        --------------------------------           *
 *                                                   *
 *          PARAMETER AND COUPLING VALUES            *
 *                                                   *
 *****************************************************

  External Params
  ---------------------------------
  
 mdl_MB =    4.6999998092651367     
 mdl_MT =    173.00000000000000     
 mdl_MTA =    1.7769999504089355     
 mdl_MZ =    91.188003540039063     
 mdl_MH =    125.00000000000000     
 aEWM1 =    132.50700378417969     
 mdl_Gf =   1.16639000000000003E-005
 aS =   0.11800000071525575     
 mdl_ymb =    4.6999998092651367     
 mdl_ymt =    173.00000000000000     
 mdl_ymtau =    1.7769999504089355     
 mdl_WT =    1.4915000200271606     
 mdl_WZ =    2.4414041042327881     
 mdl_WW =    2.0476000308990479     
 mdl_WH =   6.38233916833996773E-003
  Internal Params
  ---------------------------------
  
 mdl_conjg__CKM3x3 =    1.0000000000000000     
 mdl_CKM3x3 =    1.0000000000000000     
 mdl_conjg__CKM1x1 =    1.0000000000000000     
 mdl_complexi =  (  0.0000000000000000     ,  1.0000000000000000     )
 mdl_MZ__exp__2 =    8315.2519896181766     
 mdl_MZ__exp__4 =    69143415.650849044     
 mdl_sqrt__2 =    1.4142135623730951     
 mdl_MH__exp__2 =    15625.000000000000     
 mdl_aEW =   7.54677089845565054E-003
 mdl_MW =    80.419007276179556     
 mdl_sqrt__aEW =   8.68721526063194194E-002
 mdl_ee =   0.30795376284704501     
 mdl_MW__exp__2 =    6467.2167312862202     
 mdl_sw2 =   0.22224645274001076     
 mdl_cw =   0.88190336616887299     
 mdl_sqrt__sw2 =   0.47143022043565552     
 mdl_sw =   0.47143022043565552     
 mdl_g1 =   0.34919218438279087     
 mdl_gw =   0.65323296958447097     
 mdl_vev =    246.21845810181631     
 mdl_vev__exp__2 =    60623.529110035874     
 mdl_lam =   0.12886910601690271     
 mdl_yb =   2.69955531549349904E-002
 mdl_yt =   0.99366614581500645     
 mdl_ytau =   1.02066167158167895E-002
 mdl_muH =    88.388347648318444     
 mdl_I1x33 =  ( 2.69955531549349904E-002,  0.0000000000000000     )
 mdl_I2x33 =  ( 0.99366614581500645     ,  0.0000000000000000     )
 mdl_I3x33 =  ( 0.99366614581500645     ,  0.0000000000000000     )
 mdl_I4x33 =  ( 2.69955531549349904E-002,  0.0000000000000000     )
 mdl_ee__exp__2 =   9.48355200516540348E-002
 mdl_sw__exp__2 =   0.22224645274001076     
 mdl_cw__exp__2 =   0.77775354725998924     
  Internal Params evaluated point by point
  ----------------------------------------
  
 mdl_sqrt__aS =   0.34351128178744839     
 mdl_G__exp__2 =    1.4828317414825511     
  Couplings of sm
  ---------------------------------
  
         GC_3 =  -0.00000E+00  -0.30795E+00
        GC_50 =  -0.00000E+00  -0.28804E+00
        GC_59 =   0.00000E+00   0.82310E-01

 Collider parameters:
 --------------------

 Running at e e   machine @    10.000000000000000       GeV
 PDF set = none   
 alpha_s(Mz)= 0.1180 running at 2 loops.
 alpha_s(Mz)= 0.1180 running at 2 loops.
 Renormalization scale set on event-by-event basis
 Factorization   scale set on event-by-event basis


 getting user params
Enter number of events and max and min iterations: 
 Number of events and iterations         1000           9           3
Enter desired fractional accuracy: 
 Desired fractional accuracy:  -1.10059999999999990E-009
Enter 0 for fixed, 2 for adjustable grid: 
Suppress amplitude (0 no, 1 yes)? 
 Using suppressed amplitude.
Exact helicity sum (0 yes, n = number/event)? 
 Explicitly summing over helicities
Enter Configuration Number: 
Running Configuration Number:    5
 Not subdividing B.W.
 Attempting mappinvarients           1           5
 Completed mapping           5
 about to integrate            5        1000           9           3           5           1
 Keeping grid fixed.
  5 dimensions   1000 events  5 invarients  9 iterations  1 config(s),  (0.99)
 Using h-tuple random number sequence.
 Grid read from file
 Grid defined OK
 Set CM energy to         10.00
 Mapping Graph           5  to config           5
 Warning: No cutoff for shat integral found
          Minimum set to   1.00000000000000002E-002
 No modification is setgrid, grid read from file
 Warning: No cutoff for shat integral found
          Minimum set to   1.00000000000000002E-002
 No modification is setgrid, grid read from file
 Masses: 0.000E+00 0.000E+00 0.000E+00 0.000E+00 0.000E+00
   5   1   2   3   4   5
 Got moffset          19
Using random seed offsets     5 :      1
  with seed                   48
 Ranmar initialization seeds       30238        9244
  Particle       3       4       5
      Et >     0.0    -1.0    -1.0
       E >     0.0     0.0     0.0
     Eta <    -1.0    -1.0    -1.0
   xqcut:      0.0     0.0     0.0
d R # 3  >    -0.0     0.4     0.4
d R # 4  >    -0.0    -0.0     0.0
s min # 3>     0.0     0.0     0.0
s min # 4>     0.0     0.0     0.0
xqcutij # 3>     0.0     0.0     0.0
xqcutij # 4>     0.0     0.0     0.0
 alpha_s for scale    2.2360679776182208       is   0.28377211165773852     
 Added good helicity            1   5.8213017797900815       in event            1
 Added good helicity            5   2.1786982239698864       in event            1
 Added good helicity           10   5.8213017742433637       in event            1
 Added good helicity           14   2.1786982219923687       in event            1
 Added good helicity           19   2.1786982219947100       in event            1
 Added good helicity           23   5.8213017742496191       in event            1
 Added good helicity           28   2.1786982239698869       in event            1
 Added good helicity           32   5.8213017797900806       in event            1
 Iteration  1   Mean: 0.4096E+14 Abs mean: 0.4096E+14   Fluctuation:  0.177E+14   0.149E+17    99.3%
  1    0.4096E+14 0.4096E+14 +- 0.1774E+14     13.70
 Writing out events   4582693620.6110125        13.695814063894764     
 Relative summed weights:
  0.1000E+01  0.0000E+00
 Relative number of events:
  0.1000E+01  0.0000E+00
 Events:
        1000           0
 Iteration  2   Mean: 0.1185E+14 Abs mean: 0.1185E+14   Fluctuation:  0.405E+13   0.560E+16    99.1%
  2    0.1185E+14 0.1185E+14 +- 0.4049E+13     15.28
 Relative summed weights:
  0.1000E+01  0.0000E+00
 Relative number of events:
  0.1000E+01  0.0000E+00
 Events:
        2000           0
 Iteration  3   Mean: 0.3102E+14 Abs mean: 0.3102E+14   Fluctuation:  0.106E+14   0.272E+17    99.1%
  3    0.3102E+14 0.3102E+14 +- 0.1056E+14     21.53
 Relative summed weights:
  0.1000E+01  0.0000E+00
 Relative number of events:
  0.1000E+01  0.0000E+00
 Events:
        4000           0
 Found          134  events.
 Wrote            5  events.
 Actual xsec    26082199584938.820     
 Correct abs xsec    26082199584938.820     
 Event xsec    26082199584938.820     
 Events wgts > 1:            0
 % Cross section > 1:    0.0000000000000000        0.0000000000000000     
 Checking number of events   28706.068863183664                5  chi2:    6.6381730977901814     
 Found          134  events.
 Wrote            8  events.
 Actual xsec    26082199584938.820     
 Correct abs xsec    26082199584938.820     
 Event xsec    26082199584938.816     
 Events wgts > 1:            0
 % Cross section > 1:    0.0000000000000000        0.0000000000000000     
 Error in matrix element
 Iteration  4   Mean: 0.2331E+14 Abs mean: 0.2331E+14   Fluctuation:  0.763E+13   0.396E+17    98.6%
  4    0.2331E+14 0.2331E+14 +- 0.7626E+13     29.27
 Relative summed weights:
  0.1000E+01  0.0000E+00
 Relative number of events:
  0.1000E+01  0.0000E+00
 Events:
        8000           0
 Found          131  events.
 Wrote            5  events.
 Actual xsec    22117442052365.805     
 Correct abs xsec    22117442052365.805     
 Event xsec    22117442052365.805     
 Events wgts > 1:            0
 % Cross section > 1:    0.0000000000000000        0.0000000000000000     
 Checking number of events   24342.456722833802                5  chi2:    3.5823599640827117     
 Found          131  events.
 Wrote            5  events.
 Actual xsec    22117442052365.805     
 Correct abs xsec    22117442052365.805     
 Event xsec    22117442052365.805     
 Events wgts > 1:            0
 % Cross section > 1:    0.0000000000000000        0.0000000000000000     
 Iteration  5   Mean: 0.8655E+15 Abs mean: 0.8655E+15   Fluctuation:  0.807E+15   0.129E+20    99.0%
  5    0.8655E+15 0.8655E+15 +- 0.8066E+15    117.89
 Relative summed weights:
  0.1000E+01  0.0000E+00
 Relative number of events:
  0.1000E+01  0.0000E+00
 Events:
       16000           0
 Found          291  events.
 Wrote            1  events.
 Actual xsec    77491900477401.922     
 Correct abs xsec    77491900477401.922     
 Event xsec    77491900477401.922     
 Events wgts > 1:            1
 % Cross section > 1:    558238.45312500000       7.20382968653340404E-007
 Checking number of events   85287.585665428545                1  chi2:    35.403165137660110     
 Found          291  events.
 Wrote            1  events.
 Actual xsec    77491900477401.922     
 Correct abs xsec    77491900477401.922     
 Event xsec    77491900477401.922     
 Events wgts > 1:            1
 % Cross section > 1:    558238.45312500000       7.20382968653340404E-007
 Iteration  6   Mean: 0.1219E+15 Abs mean: 0.1219E+15   Fluctuation:  0.860E+14   0.273E+19    98.9%
  6    0.1219E+15 0.1219E+15 +- 0.8599E+14    126.18
 Relative summed weights:
  0.1000E+01  0.0000E+00
 Relative number of events:
  0.1000E+01  0.0000E+00
 Events:
       32000           0
 Found           56  events.
 Wrote            1  events.
 Actual xsec    116713970102227.48     
 Correct abs xsec    116713970102227.48     
 Event xsec    116713970102227.48     
 Events wgts > 1:            1
 % Cross section > 1:    15302358.312500000       1.31109911684924807E-005
 Checking number of events   128455.39549451155                1  chi2:    75.446763172224820     
 Found           56  events.
 Wrote            1  events.
 Actual xsec    116713970102227.48     
 Correct abs xsec    116713970102227.48     
 Event xsec    116713970102227.48     
 Events wgts > 1:            1
 % Cross section > 1:    15302358.312500000       1.31109911684924807E-005
 Error in matrix element
 Iteration  7   Mean: 0.2561E+17 Abs mean: 0.2561E+17   Fluctuation:  0.255E+17   0.163E+22    98.8%
  7    0.2561E+17 0.2561E+17 +- 0.2552E+17    252.11
 Relative summed weights:
  0.1000E+01  0.0000E+00
 Relative number of events:
  0.1000E+01  0.0000E+00
 Events:
       64000           0
 Found          399  events.
 Wrote            1  events.
 Actual xsec    6483402794486881.0     
 Correct abs xsec    6483402794486881.0     
 Event xsec    6483402794486882.0     
 Events wgts > 1:            0
 % Cross section > 1:    0.0000000000000000        0.0000000000000000     
 Checking number of events   7135633.1156122610                1  chi2:    2760.7650316533691     
 Found          399  events.
 Wrote            1  events.
 Actual xsec    6483402794486881.0     
 Correct abs xsec    6483402794486881.0     
 Event xsec    6483402794486882.0     
 Events wgts > 1:            0
 % Cross section > 1:    0.0000000000000000        0.0000000000000000     
 Iteration  8   Mean: 0.9955E+14 Abs mean: 0.9955E+14   Fluctuation:  0.424E+14   0.491E+19    98.8%
  8    0.9955E+14 0.9955E+14 +- 0.4244E+14    152.53
 Relative summed weights:
  0.1000E+01  0.0000E+00
 Relative number of events:
  0.1000E+01  0.0000E+00
 Events:
      128000           0
 Found           26  events.
 Wrote            1  events.
 Actual xsec    3119620682368113.0     
 Correct abs xsec    3119620682368113.0     
 Event xsec    3119620682368113.0     
 Events wgts > 1:            1
 % Cross section > 1:    438521423.50000000       1.40568828120192208E-005
 Checking number of events   3433454.5230143447                1  chi2:    3139.8192468113289     
 Found           26  events.
 Wrote            2  events.
 Actual xsec    3119620682368113.0     
 Correct abs xsec    3119620682368113.0     
 Event xsec    3119620682368113.5     
 Events wgts > 1:            1
 % Cross section > 1:    219260727.00000000       7.02844189485109283E-006
 Iteration  9   Mean: 0.2242E+15 Abs mean: 0.2242E+15   Fluctuation:  0.112E+15   0.237E+20    98.8%
  9    0.2242E+15 0.2242E+15 +- 0.1124E+15    253.65
 Relative summed weights:
  0.1000E+01  0.0000E+00
 Relative number of events:
  0.1000E+01  0.0000E+00
 Events:
      256000           0
 Found         1873  events.
 Wrote            4  events.
 Actual xsec    2595662051787034.5     
 Correct abs xsec    2595662051787034.5     
 Event xsec    2595662051787034.5     
 Events wgts > 1:            0
 % Cross section > 1:    0.0000000000000000        0.0000000000000000     
 Checking number of events   2856785.6541968100                4  chi2:    1952.5834228221406     
 Found         1873  events.
 Wrote            2  events.
 Actual xsec    2595662051787034.5     
 Correct abs xsec    2595662051787034.5     
 Event xsec    2595662051787034.5     
 Events wgts > 1:            0
 % Cross section > 1:    0.0000000000000000        0.0000000000000000     

 -------------------------------------------------------------------------------
 Accumulated results:   Integral =  0.6430E+15
                        Std dev  =  0.9530E+14
                       Cross sec =  0.6430E+15
             Chi**2 per DoF.     =    194.2688
 -------------------------------------------------------------------------------
-------------------------------------------------
---------------------------
 Results Last   3 iters: Integral =   0.2596E+16
                     Abs integral =   0.2596E+16
                          Std dev =   0.8015E+15
                  Chi**2 per DoF. =   1952.5834
-------------------------------------------------
---------------------------
 Status -1.10059999999999990E-009          10           9
 Trying w/ fresh grid
 Starting w/ ncall =         4000
 Keeping grid fixed.
  5 dimensions   4000 events  5 invarients  8 iterations  1 config(s),  (0.99)
 Using h-tuple random number sequence.
 Error opening grid
 Using Uniform Grid!
 Using uniform alpha   1.0000000000000000     
 Grid defined OK
 Warning: No cutoff for shat integral found
          Minimum set to   1.00000000000000002E-002
Setting grid   1    0.10000E-01   1
 Warning: No cutoff for shat integral found
          Minimum set to   1.00000000000000002E-002
Setting grid   2    0.10000E-01   1
 Iteration  1   Mean: 0.2097E+06 Abs mean: 0.2097E+06   Fluctuation:  0.139E+06   0.483E+09    98.6%
  1    0.2097E+06 0.2097E+06 +- 0.1391E+06     41.96
 Relative summed weights:
  0.1000E+01  0.0000E+00
 Relative number of events:
  0.1000E+01  0.0000E+00
 Events:
        4000           0
 Iteration  2   Mean: 0.4043E+06 Abs mean: 0.4043E+06   Fluctuation:  0.326E+06   0.259E+10    97.2%
  2    0.4043E+06 0.4043E+06 +- 0.3257E+06     72.05
 Relative summed weights:
  0.1000E+01  0.0000E+00
 Relative number of events:
  0.1000E+01  0.0000E+00
 Events:
        8000           0
 Iteration  3   Mean: 0.5277E+06 Abs mean: 0.5277E+06   Fluctuation:  0.124E+06   0.135E+10    98.1%
  3    0.5277E+06 0.5277E+06 +- 0.1245E+06     29.83
 Relative summed weights:
  0.1000E+01  0.0000E+00
 Relative number of events:
  0.1000E+01  0.0000E+00
 Events:
       16000           0
 Found          301  events.
 Wrote            7  events.
 Actual xsec    485860.27487490227     
 Correct abs xsec    485860.27487490227     
 Event xsec    485860.27487490227     
 Events wgts > 1:            1
 % Cross section > 1:   5.74497188790701330E-003  1.18243293082279883E-006
 Checking number of events  5.34737818527317404E-004           7  chi2:    2.0571899592241487     

 -------------------------------------------------------------------------------
 Accumulated results:   Integral =  0.4859E+06
                        Std dev  =  0.1041E+06
                       Cross sec =  0.4555E+00
             Chi**2 per DoF.     =
-------------------------------------------------
---------------------------
 Results Last   3 iters: Integral =   0.4859E+06
                     Abs integral =   0.4859E+06
                         Std dev =   0.1041E+06
                 Chi**2 per DoF. =      2.0572
-------------------------------------------------
---------------------------

ls status:
events.lhe
ftn25
ftn26
input_sg.txt
log.txt
moffset.dat
results.dat
run1_app.log
