 No PDF is used, alpha_s(MZ) from param_card is used
 Value of alpha_s from param_card:   0.11800000071525575     
 The default order of alpha_s running is fixed to            2
 Results.dat xsec =    3119900.0000000000       abs xsec =    3119900.0000000000     
 Found            1  subprocesses
 SubProcess/Channel     kept   read   xsec 
P1_epem_aepem/G1/       0      22 0.000E+00
P1_epem_aepem/G2.2/       0     168 0.000E+00
P1_epem_aepem/G3.2/       0     182 0.000E+00
P1_epem_aepem/G7/    5206    5388 0.669E+06
P1_epem_aepem/G8/    5206    5476 0.669E+06
P1_epem_aepem/G9/    5206    5710 0.669E+06
P1_epem_aepem/G10/    5212    5743 0.670E+06
P1_epem_aepem/G11.2/    5212    5855 0.670E+06
P1_epem_aepem/G12.2/    5212    5948 0.670E+06
P1_epem_aepem/G13/   13340   32118 0.130E+07
P1_epem_aepem/G14/   13340   32161 0.130E+07
P1_epem_aepem/G15/   13340   32312 0.130E+07
P1_epem_aepem/G16/   20424   39396 0.222E+07
P1_epem_aepem/G17/   20424   39417 0.222E+07
P1_epem_aepem/G18/   20424   39431 0.222E+07
P1_epem_aepem/G19/   20425   39472 0.222E+07
P1_epem_aepem/G20.2/   20425   39669 0.222E+07
P1_epem_aepem/G21.2/   20425   39823 0.222E+07
P1_epem_aepem/G22/   31901   54326 0.312E+07
P1_epem_aepem/G23/   31901   54410 0.312E+07
P1_epem_aepem/G24/   31901   54424 0.312E+07
 Found        10243  events writing first        10000
 Unweighting selected        10000  events.
Truncated  0.00% of cross section
