 Process in group number            0
 No PDF is used, alpha_s(MZ) from param_card is used
 Value of alpha_s from param_card:   0.11800000071525575     
 The default order of alpha_s running is fixed to            2
 *****************************************************
 *               MadGraph/MadEvent                   *
 *        --------------------------------           *
 *          http://madgraph.hep.uiuc.edu             *
 *          http://madgraph.phys.ucl.ac.be           *
 *          http://madgraph.roma2.infn.it            *
 *        --------------------------------           *
 *                                                   *
 *          PARAMETER AND COUPLING VALUES            *
 *                                                   *
 *****************************************************

  External Params
  ---------------------------------
  
 aEWM1 =    132.50700378417969     
 mdl_Gf =   1.16639000000000003E-005
 aS =   0.11800000071525575     
 mdl_ymb =    4.6999998092651367     
 mdl_ymt =    173.00000000000000     
 mdl_yme =   5.10999991092830896E-004
 mdl_ymm =   0.10565999895334244     
 mdl_ymtau =    1.7769999504089355     
 mdl_MZ =    91.188003540039063     
 mdl_MT =    173.00000000000000     
 mdl_MB =    4.6999998092651367     
 mdl_MH =    125.00000000000000     
 mdl_Me =   5.10999991092830896E-004
 mdl_MM =   0.10565999895334244     
 mdl_MTA =    1.7769999504089355     
 mdl_WZ =    2.4414041042327881     
 mdl_WW =    2.0476000308990479     
 mdl_WT =    1.4915000200271606     
 mdl_WH =   6.38233916833996773E-003
 mdl_WTau =   2.26999999999999982E-012
  Internal Params
  ---------------------------------
  
 mdl_conjg__CKM3x3 =    1.0000000000000000     
 mdl_CKM3x3 =    1.0000000000000000     
 mdl_conjg__CKM1x1 =    1.0000000000000000     
 mdl_complexi =  (  0.0000000000000000     ,  1.0000000000000000     )
 mdl_MZ__exp__2 =    8315.2519896181766     
 mdl_MZ__exp__4 =    69143415.650849044     
 mdl_sqrt__2 =    1.4142135623730951     
 mdl_MH__exp__2 =    15625.000000000000     
 mdl_aEW =   7.54677089845565054E-003
 mdl_MW =    80.419007276179556     
 mdl_sqrt__aEW =   8.68721526063194194E-002
 mdl_ee =   0.30795376284704501     
 mdl_MW__exp__2 =    6467.2167312862202     
 mdl_sw2 =   0.22224645274001076     
 mdl_cw =   0.88190336616887299     
 mdl_sqrt__sw2 =   0.47143022043565552     
 mdl_sw =   0.47143022043565552     
 mdl_g1 =   0.34919218438279087     
 mdl_gw =   0.65323296958447097     
 mdl_vev =    246.21845810181631     
 mdl_vev__exp__2 =    60623.529110035874     
 mdl_lam =   0.12886910601690271     
 mdl_yb =   2.69955531549349904E-002
 mdl_ye =   2.93504850670934038E-006
 mdl_ym =   6.06883028478528356E-004
 mdl_yt =   0.99366614581500645     
 mdl_ytau =   1.02066167158167895E-002
 mdl_muH =    88.388347648318444     
 mdl_I1x33 =  ( 2.69955531549349904E-002,  0.0000000000000000     )
 mdl_I2x33 =  ( 0.99366614581500645     ,  0.0000000000000000     )
 mdl_I3x33 =  ( 0.99366614581500645     ,  0.0000000000000000     )
 mdl_I4x33 =  ( 2.69955531549349904E-002,  0.0000000000000000     )
 mdl_ee__exp__2 =   9.48355200516540348E-002
 mdl_sw__exp__2 =   0.22224645274001076     
 mdl_cw__exp__2 =   0.77775354725998924     
  Internal Params evaluated point by point
  ----------------------------------------
  
 mdl_sqrt__aS =   0.34351128178744839     
 mdl_G__exp__2 =    1.4828317414825511     
  Couplings of sm-lepton_masses
  ---------------------------------
  
         GC_3 =  -0.00000E+00  -0.30795E+00

 Collider parameters:
 --------------------

<<<<<<< HEAD
 Running at e e   machine @   7.14879999999999960E-002  GeV
=======
 Running at e e   machine @   7.00000000000000067E-002  GeV
>>>>>>> 911b5ec345c81b054214c521136984e9d6306827
 PDF set = none   
 alpha_s(Mz)= 0.1180 running at 2 loops.
 alpha_s(Mz)= 0.1180 running at 2 loops.
 Renormalization scale fixed @    91.188000000000002     
 Factorization scales  fixed @    91.188000000000002        91.188000000000002     


 getting user params
Enter number of events and max and min iterations: 
 Number of events and iterations         2000           9           3
Enter desired fractional accuracy: 
<<<<<<< HEAD
 Desired fractional accuracy:  -3.19030000000000027E-005
=======
 Desired fractional accuracy:  -3.13399999999999974E-004
>>>>>>> 911b5ec345c81b054214c521136984e9d6306827
Enter 0 for fixed, 2 for adjustable grid: 
Suppress amplitude (0 no, 1 yes)? 
 Using suppressed amplitude.
Exact helicity sum (0 yes, n = number/event)? 
 Explicitly summing over helicities
Enter Configuration Number: 
Running Configuration Number:    1
 Not subdividing B.W.
 Attempting mappinvarients           1           4
 Completed mapping           4
 about to integrate            2        2000           9           3           2           1
 Using non-zero grid deformation.
  2 dimensions   2000 events  2 invarients  9 iterations  1 config(s),  (0.99)
 Using h-tuple random number sequence.
 Error opening grid
 Using Uniform Grid!
 Using uniform alpha   1.0000000000000000     
 Grid defined OK
 Set CM energy to          0.07
 Mapping Graph           1  to config           1
<<<<<<< HEAD
Setting grid   1    0.17611E-02   1
=======
Setting grid   1    0.38601E-01   1
>>>>>>> 911b5ec345c81b054214c521136984e9d6306827
 Masses: 0.511E-03 0.511E-03 0.000E+00 0.000E+00
   1   1   2
 Got moffset          13
Using random seed offsets     1 :      1
<<<<<<< HEAD
  with seed                  117
 Ranmar initialization seeds       24102       20455
=======
  with seed                   63
 Ranmar initialization seeds       18438       20399
>>>>>>> 911b5ec345c81b054214c521136984e9d6306827
  Particle       3       4
      Et >     0.0     0.0
       E >     0.0     0.0
     Eta <    -1.0    -1.0
   xqcut:      0.0     0.0
d R # 3  >    -0.0     0.0
s min # 3>     0.0     0.0
xqcutij # 3>     0.0     0.0
 alpha_s for scale    91.188000000000002       is   0.11800000071525575     
<<<<<<< HEAD
 Added good helicity            1  2.64359347810416145E-002  in event            1
 Added good helicity            2  2.67956628788534519E-005  in event            1
 Added good helicity            3  2.67956628788534587E-005  in event            1
 Added good helicity            6  2.15638322566958241E-003  in event            1
 Added good helicity            7   7.9713540905985028       in event            1
 Added good helicity           10   7.9713540905985028       in event            1
 Added good helicity           11  2.15638322566958241E-003  in event            1
 Added good helicity           14  2.67956628788534587E-005  in event            1
 Added good helicity           15  2.67956628788534519E-005  in event            1
 Added good helicity           16  2.64359347810416145E-002  in event            1
 Iteration  1   Mean: 0.1452E+09 Abs mean: 0.1452E+09   Fluctuation:  0.166E+07   0.178E+09    90.2%
  1    0.1452E+09 0.1452E+09 +- 0.1661E+07      0.51
 Writing out events   8948.3350236274309       0.51129929088934267     
 Relative summed weights:
  0.5166E+00  0.0000E+00
  0.4834E+00  0.0000E+00
 Relative number of events:
  0.5145E+00  0.0000E+00
  0.4855E+00  0.0000E+00
 Events:
        1029           0
         971           0
 Iteration  2   Mean: 0.1446E+09 Abs mean: 0.1446E+09   Fluctuation:  0.520E+06   0.213E+09    99.3%
  2    0.1446E+09 0.1446E+09 +- 0.5196E+06      0.23
 Relative summed weights:
  0.4996E+00  0.0000E+00
  0.5004E+00  0.0000E+00
 Relative number of events:
  0.5005E+00  0.0000E+00
  0.4995E+00  0.0000E+00
 Events:
        2002           0
        1998           0
 Iteration  3   Mean: 0.1449E+09 Abs mean: 0.1449E+09   Fluctuation:  0.262E+06   0.185E+09    99.6%
  3    0.1449E+09 0.1449E+09 +- 0.2623E+06      0.16
 Relative summed weights:
  0.5047E+00  0.0000E+00
  0.4953E+00  0.0000E+00
 Relative number of events:
  0.5040E+00  0.0000E+00
  0.4960E+00  0.0000E+00
 Events:
        4032           0
        3968           0
 Found          812  events.
 Wrote          807  events.
 Actual xsec    144822440.31514609     
 Correct abs xsec    144822440.31514609     
 Event xsec    144822440.31514460     
 Events wgts > 1:            0
 % Cross section > 1:    0.0000000000000000        0.0000000000000000     
 Checking number of events   4620.2703133741061              807  chi2:   9.70214256693996135E-002
 Found          812  events.
 Wrote          807  events.
 Actual xsec    144822440.31514609     
 Correct abs xsec    144822440.31514609     
 Event xsec    144822440.31514460     
 Events wgts > 1:            0
 % Cross section > 1:    0.0000000000000000        0.0000000000000000     
 Iteration  4   Mean: 0.1451E+09 Abs mean: 0.1451E+09   Fluctuation:  0.137E+06   0.176E+09    99.8%
  4    0.1451E+09 0.1451E+09 +- 0.1370E+06      0.12
 Relative summed weights:
  0.5055E+00  0.0000E+00
  0.4945E+00  0.0000E+00
 Relative number of events:
  0.5054E+00  0.0000E+00
  0.4946E+00  0.0000E+00
 Events:
        8086           0
        7914           0
 Found         1603  events.
 Wrote         1600  events.
 Actual xsec    145026580.45651695     
 Correct abs xsec    145026580.45651695     
 Event xsec    145026580.45651707     
 Events wgts > 1:            0
 % Cross section > 1:    0.0000000000000000        0.0000000000000000     
 Checking number of events   4626.7829963042605             1600  chi2:   0.61661738669697286     
 Found         1603  events.
 Wrote         1600  events.
 Actual xsec    145026580.45651695     
 Correct abs xsec    145026580.45651695     
 Event xsec    145026580.45651707     
 Events wgts > 1:            0
 % Cross section > 1:    0.0000000000000000        0.0000000000000000     
 Iteration  5   Mean: 0.1449E+09 Abs mean: 0.1449E+09   Fluctuation:  0.849E+05   0.181E+09    99.8%
  5    0.1449E+09 0.1449E+09 +- 0.8486E+05      0.10
 Relative summed weights:
  0.4984E+00  0.0000E+00
  0.5016E+00  0.0000E+00
 Relative number of events:
  0.4986E+00  0.0000E+00
  0.5014E+00  0.0000E+00
 Events:
       15955           0
       16045           0
 Found         3208  events.
 Wrote         3204  events.
 Actual xsec    144947441.77554557     
 Correct abs xsec    144947441.77554557     
 Event xsec    144947441.77554429     
 Events wgts > 1:            0
 % Cross section > 1:    0.0000000000000000        0.0000000000000000     
 Checking number of events   4624.2582349652303             3204  chi2:   0.83746307012517329     
 Found         3208  events.
 Wrote         3204  events.
 Actual xsec    144947441.77554557     
 Correct abs xsec    144947441.77554557     
 Event xsec    144947441.77554429     
 Events wgts > 1:            0
 % Cross section > 1:    0.0000000000000000        0.0000000000000000     
 Iteration  6   Mean: 0.1450E+09 Abs mean: 0.1450E+09   Fluctuation:  0.539E+05   0.224E+09    99.8%
  6    0.1450E+09 0.1450E+09 +- 0.5392E+05      0.09
 Relative summed weights:
  0.4977E+00  0.0000E+00
  0.5023E+00  0.0000E+00
 Relative number of events:
  0.4978E+00  0.0000E+00
  0.5022E+00  0.0000E+00
 Events:
       31859           0
       32141           0
 Found         6363  events.
 Wrote         6358  events.
 Actual xsec    144984145.52853781     
 Correct abs xsec    144984145.52853781     
 Event xsec    144984145.52854261     
 Events wgts > 1:            0
 % Cross section > 1:    0.0000000000000000        0.0000000000000000     
 Checking number of events   4625.4291947969423             6358  chi2:   0.90712082616506906     

 -------------------------------------------------------------------------------
 Accumulated results:   Integral =  0.1450E+09
                        Std dev  =  0.4246E+05
                       Cross sec =  0.4954E+00
             Chi**2 per DoF.     =
-------------------------------------------------
---------------------------
 Results Last   3 iters: Integral =   0.1450E+09
                     Abs integral =   0.1450E+09
                          Std dev =   0.4319E+05
                  Chi**2 per DoF. =      0.9071
-------------------------------------------------
---------------------------
 Status -3.19030000000000027E-005           7           9
 We found enough events        6358   4625.4291947969423     
=======
 Added good helicity            1  9.37955415273956927E-003  in event            1
 Added good helicity            2  9.56849463010946139E-005  in event            1
 Added good helicity            3  9.56849463010946139E-005  in event            1
 Added good helicity            6  2.52978087278138142E-002  in event            1
 Added good helicity            7   7.9651312672002037       in event            1
 Added good helicity           10   7.9651312672002037       in event            1
 Added good helicity           11  2.52978087278138142E-002  in event            1
 Added good helicity           14  9.56849463010946139E-005  in event            1
 Added good helicity           15  9.56849463010946139E-005  in event            1
 Added good helicity           16  9.37955415273956927E-003  in event            1
 Iteration  1   Mean: 0.1457E+08 Abs mean: 0.1457E+08   Fluctuation:  0.329E+06   0.158E+08    15.8%
  1    0.1457E+08 0.1457E+08 +- 0.3295E+06      1.01
 Writing out events   5114.5211376899515        1.0116037323022411     
 Relative summed weights:
  0.4954E+00  0.0000E+00
  0.5046E+00  0.0000E+00
 Relative number of events:
  0.4975E+00  0.0000E+00
  0.5025E+00  0.0000E+00
 Events:
         995           0
        1005           0
Warning xbin not returning correct x   1  0.979448E+00  0.999899E+00  0.5090E-02
 Iteration  2   Mean: 0.1462E+08 Abs mean: 0.1462E+08   Fluctuation:  0.142E+06   0.197E+08    79.8%
  2    0.1462E+08 0.1462E+08 +- 0.1416E+06      0.61
 Relative summed weights:
  0.5082E+00  0.0000E+00
  0.4918E+00  0.0000E+00
 Relative number of events:
  0.5075E+00  0.0000E+00
  0.4925E+00  0.0000E+00
 Events:
        2030           0
        1970           0
Warning xbin not returning correct x   1  0.965588E+00  0.999955E+00  0.1360E-02
Warning xbin not returning correct x   1  0.975297E+00  0.999968E+00  0.1360E-02
Warning xbin not returning correct x   1  0.986440E+00  0.999982E+00  0.1360E-02
Warning xbin not returning correct x   1  0.962501E+00  0.999951E+00  0.1360E-02
Warning xbin not returning correct x   1  0.964087E+00  0.999953E+00  0.1360E-02
 Iteration  3   Mean: 0.1481E+08 Abs mean: 0.1481E+08   Fluctuation:  0.675E+05   0.841E+08    95.4%
  3    0.1481E+08 0.1481E+08 +- 0.6745E+05      0.41
 Relative summed weights:
  0.4920E+00  0.0000E+00
  0.5080E+00  0.0000E+00
 Relative number of events:
  0.4931E+00  0.0000E+00
  0.5069E+00  0.0000E+00
 Events:
        3945           0
        4055           0
 Found          854  events.
 Wrote          849  events.
 Actual xsec    14765532.249246869     
 Correct abs xsec    14765532.249246869     
 Event xsec    14765532.249247093     
 Events wgts > 1:            0
 % Cross section > 1:    0.0000000000000000        0.0000000000000000     
 Checking number of events   4627.5178069139683              849  chi2:   0.89840251704355567     
 Found          854  events.
 Wrote          849  events.
 Actual xsec    14765532.249246869     
 Correct abs xsec    14765532.249246869     
 Event xsec    14765532.249247093     
 Events wgts > 1:            0
 % Cross section > 1:    0.0000000000000000        0.0000000000000000     
Warning xbin not returning correct x   1  0.989427E+00  0.999996E+00  0.4095E-03
Warning xbin not returning correct x   1  0.992905E+00  0.999997E+00  0.4095E-03
Warning xbin not returning correct x   1  0.978585E+00  0.999992E+00  0.4095E-03
Warning xbin not returning correct x   1  0.988390E+00  0.999995E+00  0.4095E-03
 Iteration  4   Mean: 0.1470E+08 Abs mean: 0.1470E+08   Fluctuation:  0.345E+05   0.256E+08    95.9%
  4    0.1470E+08 0.1470E+08 +- 0.3450E+05      0.30
 Relative summed weights:
  0.5011E+00  0.0000E+00
  0.4989E+00  0.0000E+00
 Relative number of events:
  0.5010E+00  0.0000E+00
  0.4990E+00  0.0000E+00
 Events:
        8016           0
        7984           0
 Found         1654  events.
 Wrote         1650  events.
 Actual xsec    14718997.755461233     
 Correct abs xsec    14718997.755461233     
 Event xsec    14718997.755461721     
 Events wgts > 1:            0
 % Cross section > 1:    0.0000000000000000        0.0000000000000000     
 Checking number of events   4612.9338965615498             1650  chi2:    1.2052896420170391     
 Found         1654  events.
 Wrote         1650  events.
 Actual xsec    14718997.755461233     
 Correct abs xsec    14718997.755461233     
 Event xsec    14718997.755461721     
 Events wgts > 1:            0
 % Cross section > 1:    0.0000000000000000        0.0000000000000000     
Warning xbin not returning correct x   1  0.965182E+00  0.999994E+00  0.1912E-03
Warning xbin not returning correct x   1  0.968326E+00  0.999994E+00  0.1912E-03
Warning xbin not returning correct x   1  0.973798E+00  0.999995E+00  0.1912E-03
Warning xbin not returning correct x   1  0.965324E+00  0.999994E+00  0.1912E-03
Warning xbin not returning correct x   1  0.992594E+00  0.999999E+00  0.1912E-03
Warning xbin still not working well. Last message this iteration.
 Iteration  5   Mean: 0.1467E+08 Abs mean: 0.1467E+08   Fluctuation:  0.403E+05   0.221E+09    95.6%
  5    0.1467E+08 0.1467E+08 +- 0.4030E+05      0.49
 Relative summed weights:
  0.5065E+00  0.0000E+00
  0.4935E+00  0.0000E+00
 Relative number of events:
  0.5060E+00  0.0000E+00
  0.4940E+00  0.0000E+00
 Events:
       16191           0
       15809           0
 Found         3330  events.
 Wrote         3326  events.
 Actual xsec    14703671.699734688     
 Correct abs xsec    14703671.699734688     
 Event xsec    14703671.699735356     
 Events wgts > 1:           24
 % Cross section > 1:    58404.138153372936       0.39720784948173266     
 Checking number of events   4608.1307106968507             3326  chi2:    1.5216262420929769     
 Found         3330  events.
 Wrote         3326  events.
 Actual xsec    14703671.699734688     
 Correct abs xsec    14703671.699734688     
 Event xsec    14703671.699735356     
 Events wgts > 1:           24
 % Cross section > 1:    58404.138153372936       0.39720784948173266     
Warning xbin not returning correct x   1  0.963479E+00  0.999994E+00  0.1590E-03
Warning xbin not returning correct x   1  0.981414E+00  0.999997E+00  0.1590E-03
Warning xbin not returning correct x   1  0.979788E+00  0.999997E+00  0.1590E-03
Warning xbin not returning correct x   1  0.969869E+00  0.999995E+00  0.1590E-03
Warning xbin not returning correct x   1  0.971885E+00  0.999996E+00  0.1590E-03
Warning xbin still not working well. Last message this iteration.
 Iteration  6   Mean: 0.1471E+08 Abs mean: 0.1471E+08   Fluctuation:  0.209E+05   0.121E+09    94.6%
  6    0.1471E+08 0.1471E+08 +- 0.2086E+05      0.36
 Relative summed weights:
  0.5007E+00  0.0000E+00
  0.4993E+00  0.0000E+00
 Relative number of events:
  0.5008E+00  0.0000E+00
  0.4992E+00  0.0000E+00
 Events:
       32052           0
       31948           0
 Found         6724  events.
 Wrote         6720  events.
 Actual xsec    14701290.408448365     
 Correct abs xsec    14701290.408448365     
 Event xsec    14701290.408449423     
 Events wgts > 1:            0
 % Cross section > 1:    0.0000000000000000        0.0000000000000000     
 Checking number of events   4607.3844140077172             6720  chi2:   0.40122547431892519     

 -------------------------------------------------------------------------------
 Accumulated results:   Integral =  0.1471E+08
                        Std dev  =  0.1575E+05
                       Cross sec =  0.7322E+00
             Chi**2 per DoF.     =
-------------------------------------------------
---------------------------
 Results Last   3 iters: Integral =   0.1470E+08
                     Abs integral =   0.1470E+08
                          Std dev =   0.1632E+05
                  Chi**2 per DoF. =      0.4012
-------------------------------------------------
---------------------------
 Status -3.13399999999999974E-004           7           9
 We found enough events        6720   4607.3844140077172     
>>>>>>> 911b5ec345c81b054214c521136984e9d6306827

ls status:
events.lhe
ftn25
ftn26
input_sg.txt
moffset.dat
results.dat
run_01_ftn26.gz
run_01_log.txt
run_01_results.dat
run_02_ftn26.gz
run_02_log.txt
run_02_results.dat
run_03_ftn26.gz
run_03_log.txt
run_03_results.dat
run_04_ftn26.gz
run_04_log.txt
run_04_results.dat
<<<<<<< HEAD
run_05_ftn26.gz
run_05_log.txt
run_05_results.dat
run_06_ftn26.gz
run_06_log.txt
run_06_results.dat
run_08_ftn26.gz
run_08_log.txt
run_08_results.dat
run_09_ftn26.gz
run_09_log.txt
run_09_results.dat
run_10_ftn26.gz
run_10_log.txt
run_10_results.dat
=======
>>>>>>> 911b5ec345c81b054214c521136984e9d6306827
run1_app.log
