 Process in group number            0
 No PDF is used, alpha_s(MZ) from param_card is used
 Value of alpha_s from param_card:   0.11800000071525575     
 The default order of alpha_s running is fixed to            2
 *****************************************************
 *               MadGraph/MadEvent                   *
 *        --------------------------------           *
 *          http://madgraph.hep.uiuc.edu             *
 *          http://madgraph.phys.ucl.ac.be           *
 *          http://madgraph.roma2.infn.it            *
 *        --------------------------------           *
 *                                                   *
 *          PARAMETER AND COUPLING VALUES            *
 *                                                   *
 *****************************************************

  External Params
  ---------------------------------
  
 aEWM1 =    132.50700378417969     
 mdl_Gf =   1.16639000000000003E-005
 aS =   0.11800000071525575     
 mdl_ymb =    4.6999998092651367     
 mdl_ymt =    173.00000000000000     
 mdl_yme =   5.10999991092830896E-004
 mdl_ymm =   0.10565999895334244     
 mdl_ymtau =    1.7769999504089355     
 mdl_MZ =    91.188003540039063     
 mdl_MT =    173.00000000000000     
 mdl_MB =    4.6999998092651367     
 mdl_MH =    125.00000000000000     
 mdl_Me =   5.10999991092830896E-004
 mdl_MM =   0.10565999895334244     
 mdl_MTA =    1.7769999504089355     
 mdl_WZ =    2.4414041042327881     
 mdl_WW =    2.0476000308990479     
 mdl_WT =    1.4915000200271606     
 mdl_WH =   6.38233916833996773E-003
 mdl_WTau =   2.26999999999999982E-012
  Internal Params
  ---------------------------------
  
 mdl_conjg__CKM3x3 =    1.0000000000000000     
 mdl_CKM3x3 =    1.0000000000000000     
 mdl_conjg__CKM1x1 =    1.0000000000000000     
 mdl_complexi =  (  0.0000000000000000     ,  1.0000000000000000     )
 mdl_MZ__exp__2 =    8315.2519896181766     
 mdl_MZ__exp__4 =    69143415.650849044     
 mdl_sqrt__2 =    1.4142135623730951     
 mdl_MH__exp__2 =    15625.000000000000     
 mdl_aEW =   7.54677089845565054E-003
 mdl_MW =    80.419007276179556     
 mdl_sqrt__aEW =   8.68721526063194194E-002
 mdl_ee =   0.30795376284704501     
 mdl_MW__exp__2 =    6467.2167312862202     
 mdl_sw2 =   0.22224645274001076     
 mdl_cw =   0.88190336616887299     
 mdl_sqrt__sw2 =   0.47143022043565552     
 mdl_sw =   0.47143022043565552     
 mdl_g1 =   0.34919218438279087     
 mdl_gw =   0.65323296958447097     
 mdl_vev =    246.21845810181631     
 mdl_vev__exp__2 =    60623.529110035874     
 mdl_lam =   0.12886910601690271     
 mdl_yb =   2.69955531549349904E-002
 mdl_ye =   2.93504850670934038E-006
 mdl_ym =   6.06883028478528356E-004
 mdl_yt =   0.99366614581500645     
 mdl_ytau =   1.02066167158167895E-002
 mdl_muH =    88.388347648318444     
 mdl_I1x33 =  ( 2.69955531549349904E-002,  0.0000000000000000     )
 mdl_I2x33 =  ( 0.99366614581500645     ,  0.0000000000000000     )
 mdl_I3x33 =  ( 0.99366614581500645     ,  0.0000000000000000     )
 mdl_I4x33 =  ( 2.69955531549349904E-002,  0.0000000000000000     )
 mdl_ee__exp__2 =   9.48355200516540348E-002
 mdl_sw__exp__2 =   0.22224645274001076     
 mdl_cw__exp__2 =   0.77775354725998924     
  Internal Params evaluated point by point
  ----------------------------------------
  
 mdl_sqrt__aS =   0.34351128178744839     
 mdl_G__exp__2 =    1.4828317414825511     
  Couplings of sm-lepton_masses
  ---------------------------------
  
         GC_3 =  -0.00000E+00  -0.30795E+00

 Collider parameters:
 --------------------

<<<<<<< HEAD
 Running at e e   machine @   7.14879999999999960E-002  GeV
=======
 Running at e e   machine @   7.00000000000000067E-002  GeV
>>>>>>> 911b5ec345c81b054214c521136984e9d6306827
 PDF set = none   
 alpha_s(Mz)= 0.1180 running at 2 loops.
 alpha_s(Mz)= 0.1180 running at 2 loops.
 Renormalization scale fixed @    91.188000000000002     
 Factorization scales  fixed @    91.188000000000002        91.188000000000002     


 getting user params
Enter number of events and max and min iterations: 
 Number of events and iterations         2000           9           3
Enter desired fractional accuracy: 
<<<<<<< HEAD
 Desired fractional accuracy:  -3.19030000000000027E-005
=======
 Desired fractional accuracy:  -3.13399999999999974E-004
>>>>>>> 911b5ec345c81b054214c521136984e9d6306827
Enter 0 for fixed, 2 for adjustable grid: 
Suppress amplitude (0 no, 1 yes)? 
 Using suppressed amplitude.
Exact helicity sum (0 yes, n = number/event)? 
 Explicitly summing over helicities
Enter Configuration Number: 
Running Configuration Number:    1
 Not subdividing B.W.
 Attempting mappinvarients           1           4
 Completed mapping           4
 about to integrate            2        2000           9           3           2           1
 Using non-zero grid deformation.
  2 dimensions   2000 events  2 invarients  9 iterations  1 config(s),  (0.99)
 Using h-tuple random number sequence.
 Error opening grid
 Using Uniform Grid!
 Using uniform alpha   1.0000000000000000     
 Grid defined OK
 Set CM energy to          0.07
 Mapping Graph           1  to config           1
<<<<<<< HEAD
Setting grid   1    0.17611E-02   1
=======
Setting grid   1    0.38601E-01   1
>>>>>>> 911b5ec345c81b054214c521136984e9d6306827
 Masses: 0.511E-03 0.511E-03 0.000E+00 0.000E+00
   1   1   2
 Got moffset           8
Using random seed offsets     1 :      1
<<<<<<< HEAD
  with seed                  117
 Ranmar initialization seeds       24102        4670
=======
  with seed                   63
 Ranmar initialization seeds       18438        4614
>>>>>>> 911b5ec345c81b054214c521136984e9d6306827
  Particle       3       4
      Et >     0.0     0.0
       E >     0.0     0.0
     Eta <    -1.0    -1.0
   xqcut:      0.0     0.0
d R # 3  >    -0.0     0.0
s min # 3>     0.0     0.0
xqcutij # 3>     0.0     0.0
 alpha_s for scale    91.188000000000002       is   0.11800000071525575     
<<<<<<< HEAD
 Added good helicity            1  3.48256652566881434E-003  in event            1
 Added good helicity            2  4.92446014409863068E-004  in event            1
 Added good helicity            3  4.92446014409862959E-004  in event            1
 Added good helicity            6   7.1878361960779289       in event            1
 Added good helicity            7  0.80769634535848944       in event            1
 Added good helicity           10  0.80769634535848944       in event            1
 Added good helicity           11   7.1878361960779289       in event            1
 Added good helicity           14  4.92446014409862959E-004  in event            1
 Added good helicity           15  4.92446014409863068E-004  in event            1
 Added good helicity           16  3.48256652566881434E-003  in event            1
 Iteration  1   Mean: 0.1443E+09 Abs mean: 0.1443E+09   Fluctuation:  0.169E+07   0.178E+09    89.7%
  1    0.1443E+09 0.1443E+09 +- 0.1695E+07      0.53
 Writing out events   8935.5770571192625       0.52520271737416380     
 Relative summed weights:
  0.5098E+00  0.0000E+00
  0.4902E+00  0.0000E+00
 Relative number of events:
  0.5140E+00  0.0000E+00
  0.4860E+00  0.0000E+00
 Events:
        1028           0
         972           0
 Iteration  2   Mean: 0.1452E+09 Abs mean: 0.1452E+09   Fluctuation:  0.490E+06   0.209E+09    99.4%
  2    0.1452E+09 0.1452E+09 +- 0.4902E+06      0.21
 Relative summed weights:
  0.5027E+00  0.0000E+00
  0.4973E+00  0.0000E+00
 Relative number of events:
  0.5022E+00  0.0000E+00
  0.4978E+00  0.0000E+00
 Events:
        2009           0
        1991           0
 Iteration  3   Mean: 0.1448E+09 Abs mean: 0.1448E+09   Fluctuation:  0.262E+06   0.190E+09    99.6%
  3    0.1448E+09 0.1448E+09 +- 0.2617E+06      0.16
 Relative summed weights:
  0.5029E+00  0.0000E+00
  0.4971E+00  0.0000E+00
 Relative number of events:
  0.5050E+00  0.0000E+00
  0.4950E+00  0.0000E+00
 Events:
        4040           0
        3960           0
 Found          815  events.
 Wrote          810  events.
 Actual xsec    144888561.62243271     
 Correct abs xsec    144888561.62243271     
 Event xsec    144888561.62243378     
 Events wgts > 1:            0
 % Cross section > 1:    0.0000000000000000        0.0000000000000000     
 Checking number of events   4622.3797814404707              810  chi2:   0.27564891144430043     
 Found          815  events.
 Wrote          810  events.
 Actual xsec    144888561.62243271     
 Correct abs xsec    144888561.62243271     
 Event xsec    144888561.62243378     
 Events wgts > 1:            0
 % Cross section > 1:    0.0000000000000000        0.0000000000000000     
 Iteration  4   Mean: 0.1449E+09 Abs mean: 0.1449E+09   Fluctuation:  0.146E+06   0.179E+09    99.7%
  4    0.1449E+09 0.1449E+09 +- 0.1464E+06      0.13
 Relative summed weights:
  0.5003E+00  0.0000E+00
  0.4997E+00  0.0000E+00
 Relative number of events:
  0.5009E+00  0.0000E+00
  0.4991E+00  0.0000E+00
 Events:
        8014           0
        7986           0
 Found         1600  events.
 Wrote         1595  events.
 Actual xsec    144870393.89911893     
 Correct abs xsec    144870393.89911893     
 Event xsec    144870393.89911482     
 Events wgts > 1:            0
 % Cross section > 1:    0.0000000000000000        0.0000000000000000     
 Checking number of events   4621.8001765635918             1595  chi2:   0.22831283015755011     
 Found         1600  events.
 Wrote         1595  events.
 Actual xsec    144870393.89911893     
 Correct abs xsec    144870393.89911893     
 Event xsec    144870393.89911482     
 Events wgts > 1:            0
 % Cross section > 1:    0.0000000000000000        0.0000000000000000     
 Iteration  5   Mean: 0.1449E+09 Abs mean: 0.1449E+09   Fluctuation:  0.846E+05   0.181E+09    99.8%
  5    0.1449E+09 0.1449E+09 +- 0.8464E+05      0.10
 Relative summed weights:
  0.5055E+00  0.0000E+00
  0.4945E+00  0.0000E+00
 Relative number of events:
  0.5056E+00  0.0000E+00
  0.4944E+00  0.0000E+00
 Events:
       16179           0
       15821           0
 Found         3216  events.
 Wrote         3212  events.
 Actual xsec    144874149.61748582     
 Correct abs xsec    144874149.61748582     
 Event xsec    144874149.61747789     
 Events wgts > 1:            0
 % Cross section > 1:    0.0000000000000000        0.0000000000000000     
 Checking number of events   4621.9199952466506             3212  chi2:   3.74240378929499989E-002
 Found         3216  events.
 Wrote         3212  events.
 Actual xsec    144874149.61748582     
 Correct abs xsec    144874149.61748582     
 Event xsec    144874149.61747789     
 Events wgts > 1:            0
 % Cross section > 1:    0.0000000000000000        0.0000000000000000     
 Iteration  6   Mean: 0.1449E+09 Abs mean: 0.1449E+09   Fluctuation:  0.558E+05   0.201E+09    99.8%
  6    0.1449E+09 0.1449E+09 +- 0.5585E+05      0.10
 Relative summed weights:
  0.5019E+00  0.0000E+00
  0.4981E+00  0.0000E+00
 Relative number of events:
  0.5018E+00  0.0000E+00
  0.4982E+00  0.0000E+00
 Events:
       32117           0
       31883           0
 Found         6364  events.
 Wrote         6359  events.
 Actual xsec    144875440.40595302     
 Correct abs xsec    144875440.40595302     
 Event xsec    144875440.40593868     
 Events wgts > 1:            0
 % Cross section > 1:    0.0000000000000000        0.0000000000000000     
 Checking number of events   4621.9611752711198             6359  chi2:   1.35947217855436706E-002

 -------------------------------------------------------------------------------
 Accumulated results:   Integral =  0.1449E+09
                        Std dev  =  0.4360E+05
                       Cross sec =  0.1165E+00
             Chi**2 per DoF.     =
-------------------------------------------------
---------------------------
 Results Last   3 iters: Integral =   0.1449E+09
                     Abs integral =   0.1449E+09
                          Std dev =   0.4442E+05
                  Chi**2 per DoF. =      0.0136
-------------------------------------------------
---------------------------
 Status -3.19030000000000027E-005           7           9
 We found enough events        6359   4621.9611752711198     
=======
 Added good helicity            1  8.34672132414621994E-003  in event            1
 Added good helicity            2  1.11070929059001977E-004  in event            1
 Added good helicity            3  1.11070929059001950E-004  in event            1
 Added good helicity            6   7.9573100278685232       in event            1
 Added good helicity            7  3.41211089255031366E-002  in event            1
 Added good helicity           10  3.41211089255031366E-002  in event            1
 Added good helicity           11   7.9573100278685232       in event            1
 Added good helicity           14  1.11070929059001950E-004  in event            1
 Added good helicity           15  1.11070929059001977E-004  in event            1
 Added good helicity           16  8.34672132414621994E-003  in event            1
 Iteration  1   Mean: 0.1475E+08 Abs mean: 0.1475E+08   Fluctuation:  0.333E+06   0.160E+08    16.0%
  1    0.1475E+08 0.1475E+08 +- 0.3335E+06      1.01
 Writing out events   5119.9133838662883        1.0107753718579020     
 Relative summed weights:
  0.4902E+00  0.0000E+00
  0.5098E+00  0.0000E+00
 Relative number of events:
  0.4910E+00  0.0000E+00
  0.5090E+00  0.0000E+00
 Events:
         982           0
        1018           0
Warning xbin not returning correct x   1  0.998455E+00  0.999992E+00  0.5105E-02
 Iteration  2   Mean: 0.1472E+08 Abs mean: 0.1472E+08   Fluctuation:  0.189E+06   0.262E+09    79.1%
  2    0.1472E+08 0.1472E+08 +- 0.1892E+06      0.81
 Relative summed weights:
  0.5070E+00  0.0000E+00
  0.4930E+00  0.0000E+00
 Relative number of events:
  0.5038E+00  0.0000E+00
  0.4963E+00  0.0000E+00
 Events:
        2015           0
        1985           0
Warning xbin not returning correct x   1  0.977665E+00  0.999991E+00  0.4085E-03
 Iteration  3   Mean: 0.1461E+08 Abs mean: 0.1461E+08   Fluctuation:  0.651E+05   0.249E+08    92.6%
  3    0.1461E+08 0.1461E+08 +- 0.6505E+05      0.40
 Relative summed weights:
  0.5011E+00  0.0000E+00
  0.4989E+00  0.0000E+00
 Relative number of events:
  0.5000E+00  0.0000E+00
  0.5000E+00  0.0000E+00
 Events:
        4000           0
        4000           0
 Found          848  events.
 Wrote          843  events.
 Actual xsec    14626158.206481295     
 Correct abs xsec    14626158.206481295     
 Event xsec    14626158.206481043     
 Events wgts > 1:            0
 % Cross section > 1:    0.0000000000000000        0.0000000000000000     
 Checking number of events   4583.8379819112370              843  chi2:   0.22187895087255144     
 Found          848  events.
 Wrote          843  events.
 Actual xsec    14626158.206481295     
 Correct abs xsec    14626158.206481295     
 Event xsec    14626158.206481043     
 Events wgts > 1:            0
 % Cross section > 1:    0.0000000000000000        0.0000000000000000     
Warning xbin not returning correct x   1  0.975255E+00  0.999995E+00  0.2190E-03
Warning xbin not returning correct x   1  0.982829E+00  0.999996E+00  0.2190E-03
Warning xbin not returning correct x   1  0.979770E+00  0.999996E+00  0.2190E-03
Warning xbin not returning correct x   1  0.990890E+00  0.999998E+00  0.2190E-03
Warning xbin not returning correct x   1  0.966067E+00  0.999993E+00  0.2190E-03
Warning xbin still not working well. Last message this iteration.
 Iteration  4   Mean: 0.1470E+08 Abs mean: 0.1470E+08   Fluctuation:  0.333E+05   0.221E+08    96.3%
  4    0.1470E+08 0.1470E+08 +- 0.3330E+05      0.29
 Relative summed weights:
  0.4983E+00  0.0000E+00
  0.5017E+00  0.0000E+00
 Relative number of events:
  0.4987E+00  0.0000E+00
  0.5013E+00  0.0000E+00
 Events:
        7979           0
        8021           0
 Found         1674  events.
 Wrote         1671  events.
 Actual xsec    14686180.719166171     
 Correct abs xsec    14686180.719166171     
 Event xsec    14686180.719166256     
 Events wgts > 1:            0
 % Cross section > 1:    0.0000000000000000        0.0000000000000000     
 Checking number of events   4602.6490373866773             1671  chi2:   0.85440149478926863     
 Found         1674  events.
 Wrote         1671  events.
 Actual xsec    14686180.719166171     
 Correct abs xsec    14686180.719166171     
 Event xsec    14686180.719166256     
 Events wgts > 1:            0
 % Cross section > 1:    0.0000000000000000        0.0000000000000000     
Warning xbin not returning correct x   1  0.979351E+00  0.999996E+00  0.1936E-03
Warning xbin not returning correct x   1  0.992759E+00  0.999999E+00  0.1936E-03
Warning xbin not returning correct x   1  0.994271E+00  0.999999E+00  0.1936E-03
Warning xbin not returning correct x   1  0.983469E+00  0.999997E+00  0.1936E-03
Warning xbin not returning correct x   1  0.995512E+00  0.999999E+00  0.1936E-03
Warning xbin still not working well. Last message this iteration.
 Iteration  5   Mean: 0.1465E+08 Abs mean: 0.1465E+08   Fluctuation:  0.532E+05   0.508E+09    95.6%
  5    0.1465E+08 0.1465E+08 +- 0.5323E+05      0.65
 Relative summed weights:
  0.5002E+00  0.0000E+00
  0.4998E+00  0.0000E+00
 Relative number of events:
  0.5000E+00  0.0000E+00
  0.5000E+00  0.0000E+00
 Events:
       15999           0
       16001           0
 Found         3324  events.
 Wrote         3320  events.
 Actual xsec    14677858.411717748     
 Correct abs xsec    14677858.411717748     
 Event xsec    14677858.411716674     
 Events wgts > 1:           11
 % Cross section > 1:    111279.58880793287       0.75814594804309721     
 Checking number of events   4600.0408262323417             3320  chi2:   0.97499065246770200     
 Found         3324  events.
 Wrote         3320  events.
 Actual xsec    14677858.411717748     
 Correct abs xsec    14677858.411717748     
 Event xsec    14677858.411716674     
 Events wgts > 1:           11
 % Cross section > 1:    111279.58880793287       0.75814594804309721     
Warning xbin not returning correct x   1  0.972095E+00  0.999994E+00  0.2096E-03
Warning xbin not returning correct x   1  0.990715E+00  0.999998E+00  0.2096E-03
Warning xbin not returning correct x   1  0.962137E+00  0.999992E+00  0.2096E-03
Warning xbin not returning correct x   1  0.982411E+00  0.999996E+00  0.2096E-03
Warning xbin not returning correct x   1  0.970424E+00  0.999994E+00  0.2096E-03
Warning xbin still not working well. Last message this iteration.
 Iteration  6   Mean: 0.1469E+08 Abs mean: 0.1469E+08   Fluctuation:  0.231E+05   0.658E+08    93.1%
  6    0.1469E+08 0.1469E+08 +- 0.2310E+05      0.40
 Relative summed weights:
  0.5023E+00  0.0000E+00
  0.4977E+00  0.0000E+00
 Relative number of events:
  0.5028E+00  0.0000E+00
  0.4972E+00  0.0000E+00
 Events:
       32179           0
       31821           0
 Found         6834  events.
 Wrote         6830  events.
 Actual xsec    14690662.459790818     
 Correct abs xsec    14690662.459790818     
 Event xsec    14690662.459791970     
 Events wgts > 1:            0
 % Cross section > 1:    0.0000000000000000        0.0000000000000000     
 Checking number of events   4604.0536148984420             6830  chi2:   0.33488658837353635     

 -------------------------------------------------------------------------------
 Accumulated results:   Integral =  0.1469E+08
                        Std dev  =  0.1715E+05
                       Cross sec =  0.4303E+00
             Chi**2 per DoF.     =
-------------------------------------------------
---------------------------
 Results Last   3 iters: Integral =   0.1469E+08
                     Abs integral =   0.1469E+08
                          Std dev =   0.1788E+05
                  Chi**2 per DoF. =      0.3349
-------------------------------------------------
---------------------------
 Status -3.13399999999999974E-004           7           9
 We found enough events        6830   4604.0536148984420     
>>>>>>> 911b5ec345c81b054214c521136984e9d6306827

ls status:
events.lhe
ftn25
ftn26
input_sg.txt
moffset.dat
results.dat
run_01_ftn26.gz
run_01_log.txt
run_01_results.dat
run_02_ftn26.gz
run_02_log.txt
run_02_results.dat
run_03_ftn26.gz
run_03_log.txt
run_03_results.dat
run_04_ftn26.gz
run_04_log.txt
run_04_results.dat
<<<<<<< HEAD
run_05_ftn26.gz
run_05_log.txt
run_05_results.dat
run_06_ftn26.gz
run_06_log.txt
run_06_results.dat
run_07_ftn26.gz
run_07_log.txt
run_07_results.dat
run_08_ftn26.gz
run_08_log.txt
run_08_results.dat
run_09_ftn26.gz
run_09_log.txt
run_09_results.dat
run_10_ftn26.gz
run_10_log.txt
run_10_results.dat
=======
>>>>>>> 911b5ec345c81b054214c521136984e9d6306827
run1_app.log
