 Process in group number            0
 No PDF is used, alpha_s(MZ) from param_card is used
 Value of alpha_s from param_card:   0.11800000071525575     
 The default order of alpha_s running is fixed to            2
 *****************************************************
 *               MadGraph/MadEvent                   *
 *        --------------------------------           *
 *          http://madgraph.hep.uiuc.edu             *
 *          http://madgraph.phys.ucl.ac.be           *
 *          http://madgraph.roma2.infn.it            *
 *        --------------------------------           *
 *                                                   *
 *          PARAMETER AND COUPLING VALUES            *
 *                                                   *
 *****************************************************

  External Params
  ---------------------------------
  
 aEWM1 =    132.50700378417969     
 mdl_Gf =   1.16639000000000003E-005
 aS =   0.11800000071525575     
 mdl_ymb =    4.6999998092651367     
 mdl_ymt =    173.00000000000000     
 mdl_yme =   5.10999991092830896E-004
 mdl_ymm =   0.10565999895334244     
 mdl_ymtau =    1.7769999504089355     
 mdl_MZ =    91.188003540039063     
 mdl_MT =    173.00000000000000     
 mdl_MB =    4.6999998092651367     
 mdl_MH =    125.00000000000000     
 mdl_Me =   5.10999991092830896E-004
 mdl_MM =   0.10565999895334244     
 mdl_MTA =    1.7769999504089355     
 mdl_WZ =    2.4414041042327881     
 mdl_WW =    2.0476000308990479     
 mdl_WT =    1.4915000200271606     
 mdl_WH =   6.38233916833996773E-003
 mdl_WTau =   2.26999999999999982E-012
  Internal Params
  ---------------------------------
  
 mdl_conjg__CKM3x3 =    1.0000000000000000     
 mdl_CKM3x3 =    1.0000000000000000     
 mdl_conjg__CKM1x1 =    1.0000000000000000     
 mdl_complexi =  (  0.0000000000000000     ,  1.0000000000000000     )
 mdl_MZ__exp__2 =    8315.2519896181766     
 mdl_MZ__exp__4 =    69143415.650849044     
 mdl_sqrt__2 =    1.4142135623730951     
 mdl_MH__exp__2 =    15625.000000000000     
 mdl_aEW =   7.54677089845565054E-003
 mdl_MW =    80.419007276179556     
 mdl_sqrt__aEW =   8.68721526063194194E-002
 mdl_ee =   0.30795376284704501     
 mdl_MW__exp__2 =    6467.2167312862202     
 mdl_sw2 =   0.22224645274001076     
 mdl_cw =   0.88190336616887299     
 mdl_sqrt__sw2 =   0.47143022043565552     
 mdl_sw =   0.47143022043565552     
 mdl_g1 =   0.34919218438279087     
 mdl_gw =   0.65323296958447097     
 mdl_vev =    246.21845810181631     
 mdl_vev__exp__2 =    60623.529110035874     
 mdl_lam =   0.12886910601690271     
 mdl_yb =   2.69955531549349904E-002
 mdl_ye =   2.93504850670934038E-006
 mdl_ym =   6.06883028478528356E-004
 mdl_yt =   0.99366614581500645     
 mdl_ytau =   1.02066167158167895E-002
 mdl_muH =    88.388347648318444     
 mdl_I1x33 =  ( 2.69955531549349904E-002,  0.0000000000000000     )
 mdl_I2x33 =  ( 0.99366614581500645     ,  0.0000000000000000     )
 mdl_I3x33 =  ( 0.99366614581500645     ,  0.0000000000000000     )
 mdl_I4x33 =  ( 2.69955531549349904E-002,  0.0000000000000000     )
 mdl_ee__exp__2 =   9.48355200516540348E-002
 mdl_sw__exp__2 =   0.22224645274001076     
 mdl_cw__exp__2 =   0.77775354725998924     
  Internal Params evaluated point by point
  ----------------------------------------
  
 mdl_sqrt__aS =   0.34351128178744839     
 mdl_G__exp__2 =    1.4828317414825511     
  Couplings of sm-lepton_masses
  ---------------------------------
  
         GC_3 =  -0.00000E+00  -0.30795E+00

 Collider parameters:
 --------------------

<<<<<<< HEAD
 Running at e e   machine @   7.14879999999999960E-002  GeV
=======
 Running at e e   machine @   7.00000000000000067E-002  GeV
>>>>>>> 911b5ec345c81b054214c521136984e9d6306827
 PDF set = none   
 alpha_s(Mz)= 0.1180 running at 2 loops.
 alpha_s(Mz)= 0.1180 running at 2 loops.
 Renormalization scale fixed @    91.188000000000002     
 Factorization scales  fixed @    91.188000000000002        91.188000000000002     


 getting user params
Enter number of events and max and min iterations: 
 Number of events and iterations         2000           9           3
Enter desired fractional accuracy: 
<<<<<<< HEAD
 Desired fractional accuracy:  -3.19030000000000027E-005
=======
 Desired fractional accuracy:  -3.13399999999999974E-004
>>>>>>> 911b5ec345c81b054214c521136984e9d6306827
Enter 0 for fixed, 2 for adjustable grid: 
Suppress amplitude (0 no, 1 yes)? 
 Using suppressed amplitude.
Exact helicity sum (0 yes, n = number/event)? 
 Explicitly summing over helicities
Enter Configuration Number: 
Running Configuration Number:    1
 Not subdividing B.W.
 Attempting mappinvarients           1           4
 Completed mapping           4
 about to integrate            2        2000           9           3           2           1
 Using non-zero grid deformation.
  2 dimensions   2000 events  2 invarients  9 iterations  1 config(s),  (0.99)
 Using h-tuple random number sequence.
 Error opening grid
 Using Uniform Grid!
 Using uniform alpha   1.0000000000000000     
 Grid defined OK
 Set CM energy to          0.07
 Mapping Graph           1  to config           1
<<<<<<< HEAD
Setting grid   1    0.17611E-02   1
=======
Setting grid   1    0.38601E-01   1
>>>>>>> 911b5ec345c81b054214c521136984e9d6306827
 Masses: 0.511E-03 0.511E-03 0.000E+00 0.000E+00
   1   1   2
 Got moffset           4
Using random seed offsets     1 :      1
<<<<<<< HEAD
  with seed                  117
 Ranmar initialization seeds       24102       22123
=======
  with seed                   63
 Ranmar initialization seeds       18438       22067
>>>>>>> 911b5ec345c81b054214c521136984e9d6306827
  Particle       3       4
      Et >     0.0     0.0
       E >     0.0     0.0
     Eta <    -1.0    -1.0
   xqcut:      0.0     0.0
d R # 3  >    -0.0     0.0
s min # 3>     0.0     0.0
xqcutij # 3>     0.0     0.0
 alpha_s for scale    91.188000000000002       is   0.11800000071525575     
<<<<<<< HEAD
 Added good helicity            1  3.44930102058498391E-003  in event            1
 Added good helicity            2  5.12672713990477242E-004  in event            1
 Added good helicity            3  5.12672713990477025E-004  in event            1
 Added good helicity            6   7.1106080147621702       in event            1
 Added good helicity            7  0.88491733878025736       in event            1
 Added good helicity           10  0.88491733878025736       in event            1
 Added good helicity           11   7.1106080147621702       in event            1
 Added good helicity           14  5.12672713990477025E-004  in event            1
 Added good helicity           15  5.12672713990477242E-004  in event            1
 Added good helicity           16  3.44930102058498391E-003  in event            1
 Iteration  1   Mean: 0.1443E+09 Abs mean: 0.1443E+09   Fluctuation:  0.168E+07   0.178E+09    89.9%
  1    0.1443E+09 0.1443E+09 +- 0.1677E+07      0.52
 Writing out events   8920.8549468193505       0.51948009165421261     
 Relative summed weights:
  0.4928E+00  0.0000E+00
  0.5072E+00  0.0000E+00
 Relative number of events:
  0.4975E+00  0.0000E+00
  0.5025E+00  0.0000E+00
 Events:
         995           0
        1005           0
 Iteration  2   Mean: 0.1449E+09 Abs mean: 0.1449E+09   Fluctuation:  0.495E+06   0.221E+09    99.6%
  2    0.1449E+09 0.1449E+09 +- 0.4947E+06      0.22
 Relative summed weights:
  0.4919E+00  0.0000E+00
  0.5081E+00  0.0000E+00
 Relative number of events:
  0.4908E+00  0.0000E+00
  0.5092E+00  0.0000E+00
 Events:
        1963           0
        2037           0
 Iteration  3   Mean: 0.1449E+09 Abs mean: 0.1449E+09   Fluctuation:  0.257E+06   0.188E+09    99.7%
  3    0.1449E+09 0.1449E+09 +- 0.2569E+06      0.16
 Relative summed weights:
  0.5035E+00  0.0000E+00
  0.4965E+00  0.0000E+00
 Relative number of events:
  0.5031E+00  0.0000E+00
  0.4969E+00  0.0000E+00
 Events:
        4025           0
        3975           0
 Found          813  events.
 Wrote          808  events.
 Actual xsec    144859042.11514896     
 Correct abs xsec    144859042.11514896     
 Event xsec    144859042.11515015     
 Events wgts > 1:            0
 % Cross section > 1:    0.0000000000000000        0.0000000000000000     
 Checking number of events   4621.4380205995976              808  chi2:   5.02998911419058614E-002
 Found          813  events.
 Wrote          808  events.
 Actual xsec    144859042.11514896     
 Correct abs xsec    144859042.11514896     
 Event xsec    144859042.11515015     
 Events wgts > 1:            0
 % Cross section > 1:    0.0000000000000000        0.0000000000000000     
 Iteration  4   Mean: 0.1447E+09 Abs mean: 0.1447E+09   Fluctuation:  0.148E+06   0.177E+09    99.7%
  4    0.1447E+09 0.1447E+09 +- 0.1477E+06      0.13
 Relative summed weights:
  0.4986E+00  0.0000E+00
  0.5014E+00  0.0000E+00
 Relative number of events:
  0.4992E+00  0.0000E+00
  0.5008E+00  0.0000E+00
 Events:
        7987           0
        8013           0
 Found         1577  events.
 Wrote         1572  events.
 Actual xsec    144763782.53810459     
 Correct abs xsec    144763782.53810459     
 Event xsec    144763782.53810292     
 Events wgts > 1:            0
 % Cross section > 1:    0.0000000000000000        0.0000000000000000     
 Checking number of events   4618.3989543131511             1572  chi2:   0.15121166279449250     
 Found         1577  events.
 Wrote         1572  events.
 Actual xsec    144763782.53810459     
 Correct abs xsec    144763782.53810459     
 Event xsec    144763782.53810292     
 Events wgts > 1:            0
 % Cross section > 1:    0.0000000000000000        0.0000000000000000     
 Iteration  5   Mean: 0.1450E+09 Abs mean: 0.1450E+09   Fluctuation:  0.831E+05   0.177E+09    99.8%
  5    0.1450E+09 0.1450E+09 +- 0.8314E+05      0.10
 Relative summed weights:
  0.4942E+00  0.0000E+00
  0.5058E+00  0.0000E+00
 Relative number of events:
  0.4943E+00  0.0000E+00
  0.5057E+00  0.0000E+00
 Events:
       15817           0
       16183           0
 Found         3217  events.
 Wrote         3212  events.
 Actual xsec    144898071.22496206     
 Correct abs xsec    144898071.22496206     
 Event xsec    144898071.22496617     
 Events wgts > 1:            0
 % Cross section > 1:    0.0000000000000000        0.0000000000000000     
 Checking number of events   4622.6831662899649             3212  chi2:   0.99898271604230615     
 Found         3217  events.
 Wrote         3212  events.
 Actual xsec    144898071.22496206     
 Correct abs xsec    144898071.22496206     
 Event xsec    144898071.22496617     
 Events wgts > 1:            0
 % Cross section > 1:    0.0000000000000000        0.0000000000000000     
Warning xbin not returning correct x   1  0.998775E+00  0.100000E+01  0.8169E-04
 Iteration  6   Mean: 0.1449E+09 Abs mean: 0.1449E+09   Fluctuation:  0.549E+05   0.215E+09    99.8%
  6    0.1449E+09 0.1449E+09 +- 0.5488E+05      0.10
 Relative summed weights:
  0.5056E+00  0.0000E+00
  0.4944E+00  0.0000E+00
 Relative number of events:
  0.5056E+00  0.0000E+00
  0.4944E+00  0.0000E+00
 Events:
       32360           0
       31640           0
 Found         6326  events.
 Wrote         6322  events.
 Actual xsec    144895050.94622678     
 Correct abs xsec    144895050.94622678     
 Event xsec    144895050.94624156     
 Events wgts > 1:            0
 % Cross section > 1:    0.0000000000000000        0.0000000000000000     
 Checking number of events   4622.5868103374733             6322  chi2:   0.99401490181341234     

 -------------------------------------------------------------------------------
 Accumulated results:   Integral =  0.1449E+09
                        Std dev  =  0.4295E+05
                       Cross sec =  0.4219E+00
             Chi**2 per DoF.     =
-------------------------------------------------
---------------------------
 Results Last   3 iters: Integral =   0.1449E+09
                     Abs integral =   0.1449E+09
                          Std dev =   0.4375E+05
                  Chi**2 per DoF. =      0.9940
-------------------------------------------------
---------------------------
 Status -3.19030000000000027E-005           7           9
 We found enough events        6322   4622.5868103374733     
=======
 Added good helicity            1  1.12160839216377366E-002  in event            1
 Added good helicity            2  7.68324979071781600E-005  in event            1
 Added good helicity            3  7.68324979071781600E-005  in event            1
 Added good helicity            6  1.62964511264092164E-002  in event            1
 Added good helicity            7   7.9723337999242796       in event            1
 Added good helicity           10   7.9723337999242796       in event            1
 Added good helicity           11  1.62964511264092164E-002  in event            1
 Added good helicity           14  7.68324979071781600E-005  in event            1
 Added good helicity           15  7.68324979071781600E-005  in event            1
 Added good helicity           16  1.12160839216377366E-002  in event            1
 Iteration  1   Mean: 0.1447E+08 Abs mean: 0.1447E+08   Fluctuation:  0.327E+06   0.157E+08    15.7%
  1    0.1447E+08 0.1447E+08 +- 0.3271E+06      1.01
 Writing out events   5123.8168420041084        1.0109144772015053     
 Relative summed weights:
  0.5189E+00  0.0000E+00
  0.4811E+00  0.0000E+00
 Relative number of events:
  0.5170E+00  0.0000E+00
  0.4830E+00  0.0000E+00
 Events:
        1034           0
         966           0
Warning xbin not returning correct x   1  0.977122E+00  0.999887E+00  0.5104E-02
Warning xbin not returning correct x   1  0.996783E+00  0.999984E+00  0.5104E-02
 Iteration  2   Mean: 0.1482E+08 Abs mean: 0.1482E+08   Fluctuation:  0.167E+06   0.266E+09    80.7%
  2    0.1482E+08 0.1482E+08 +- 0.1668E+06      0.71
 Relative summed weights:
  0.5036E+00  0.0000E+00
  0.4964E+00  0.0000E+00
 Relative number of events:
  0.5035E+00  0.0000E+00
  0.4965E+00  0.0000E+00
 Events:
        2014           0
        1986           0
Warning xbin not returning correct x   1  0.976724E+00  0.999991E+00  0.4076E-03
Warning xbin not returning correct x   1  0.989854E+00  0.999996E+00  0.4076E-03
Warning xbin not returning correct x   1  0.996289E+00  0.999999E+00  0.4076E-03
 Iteration  3   Mean: 0.1473E+08 Abs mean: 0.1473E+08   Fluctuation:  0.630E+05   0.209E+08    93.1%
  3    0.1473E+08 0.1473E+08 +- 0.6298E+05      0.38
 Relative summed weights:
  0.5023E+00  0.0000E+00
  0.4977E+00  0.0000E+00
 Relative number of events:
  0.5021E+00  0.0000E+00
  0.4979E+00  0.0000E+00
 Events:
        4017           0
        3983           0
 Found          859  events.
 Wrote          854  events.
 Actual xsec    14733200.064625811     
 Correct abs xsec    14733200.064625811     
 Event xsec    14733200.064626029     
 Events wgts > 1:            0
 % Cross section > 1:    0.0000000000000000        0.0000000000000000     
 Checking number of events   4617.3849002537290              854  chi2:   0.46448341245542285     
 Found          859  events.
 Wrote          854  events.
 Actual xsec    14733200.064625811     
 Correct abs xsec    14733200.064625811     
 Event xsec    14733200.064626029     
 Events wgts > 1:            0
 % Cross section > 1:    0.0000000000000000        0.0000000000000000     
Warning xbin not returning correct x   1  0.987564E+00  0.999997E+00  0.2178E-03
Warning xbin not returning correct x   1  0.975747E+00  0.999995E+00  0.2178E-03
Warning xbin not returning correct x   1  0.998191E+00  0.100000E+01  0.2178E-03
Warning xbin not returning correct x   1  0.987326E+00  0.999997E+00  0.2178E-03
Warning xbin not returning correct x   1  0.997443E+00  0.999999E+00  0.2178E-03
 Iteration  4   Mean: 0.1474E+08 Abs mean: 0.1474E+08   Fluctuation:  0.329E+05   0.198E+08    96.4%
  4    0.1474E+08 0.1474E+08 +- 0.3293E+05      0.28
 Relative summed weights:
  0.5052E+00  0.0000E+00
  0.4948E+00  0.0000E+00
 Relative number of events:
  0.5054E+00  0.0000E+00
  0.4946E+00  0.0000E+00
 Events:
        8086           0
        7914           0
 Found         1655  events.
 Wrote         1651  events.
 Actual xsec    14736995.167130360     
 Correct abs xsec    14736995.167130360     
 Event xsec    14736995.167130943     
 Events wgts > 1:            0
 % Cross section > 1:    0.0000000000000000        0.0000000000000000     
 Checking number of events   4618.5742853786542             1651  chi2:   0.13648392216421473     
 Found         1655  events.
 Wrote         1651  events.
 Actual xsec    14736995.167130360     
 Correct abs xsec    14736995.167130360     
 Event xsec    14736995.167130943     
 Events wgts > 1:            0
 % Cross section > 1:    0.0000000000000000        0.0000000000000000     
Warning xbin not returning correct x   1  0.982057E+00  0.999997E+00  0.1916E-03
Warning xbin not returning correct x   1  0.975644E+00  0.999996E+00  0.1916E-03
Warning xbin not returning correct x   1  0.975984E+00  0.999996E+00  0.1916E-03
Warning xbin not returning correct x   1  0.987478E+00  0.999998E+00  0.1916E-03
Warning xbin not returning correct x   1  0.997935E+00  0.100000E+01  0.1916E-03
Warning xbin still not working well. Last message this iteration.
 Iteration  5   Mean: 0.1477E+08 Abs mean: 0.1477E+08   Fluctuation:  0.680E+05   0.508E+09    95.7%
  5    0.1477E+08 0.1477E+08 +- 0.6802E+05      0.82
 Relative summed weights:
  0.5007E+00  0.0000E+00
  0.4993E+00  0.0000E+00
 Relative number of events:
  0.5018E+00  0.0000E+00
  0.4982E+00  0.0000E+00
 Events:
       16057           0
       15943           0
 Found         3316  events.
 Wrote          942  events.
 Actual xsec    14739899.711349560     
 Correct abs xsec    14739899.711349560     
 Event xsec    14739899.711349495     
 Events wgts > 1:           17
 % Cross section > 1:    5054.7556768990416       3.42930126790954859E-002
 Checking number of events   4619.4845695369513              942  chi2:   0.11788685673827935     
 Found         3316  events.
 Wrote          971  events.
 Actual xsec    14739899.711349560     
 Correct abs xsec    14739899.711349560     
 Event xsec    14739899.711349076     
 Events wgts > 1:           17
 % Cross section > 1:    4903.8399754874972       3.32691542786533040E-002
Warning xbin not returning correct x   1  0.967201E+00  0.999993E+00  0.2096E-03
Warning xbin not returning correct x   1  0.993978E+00  0.999999E+00  0.2096E-03
Warning xbin not returning correct x   1  0.980819E+00  0.999996E+00  0.2096E-03
Warning xbin not returning correct x   1  0.994108E+00  0.999999E+00  0.2096E-03
Warning xbin not returning correct x   1  0.979267E+00  0.999996E+00  0.2096E-03
Warning xbin still not working well. Last message this iteration.
 Iteration  6   Mean: 0.1468E+08 Abs mean: 0.1468E+08   Fluctuation:  0.260E+05   0.717E+08    92.7%
  6    0.1468E+08 0.1468E+08 +- 0.2599E+05      0.45
 Relative summed weights:
  0.4981E+00  0.0000E+00
  0.5019E+00  0.0000E+00
 Relative number of events:
  0.4988E+00  0.0000E+00
  0.5012E+00  0.0000E+00
 Events:
       31922           0
       32078           0
 Found         6802  events.
 Wrote         6797  events.
 Actual xsec    14708628.540516533     
 Correct abs xsec    14708628.540516533     
 Event xsec    14708628.540515030     
 Events wgts > 1:            0
 % Cross section > 1:    0.0000000000000000        0.0000000000000000     
 Checking number of events   4609.6841845978806             6797  chi2:    1.2394813562292364     

 -------------------------------------------------------------------------------
 Accumulated results:   Integral =  0.1471E+08
                        Std dev  =  0.1852E+05
                       Cross sec =  0.7116E+00
             Chi**2 per DoF.     =
-------------------------------------------------
---------------------------
 Results Last   3 iters: Integral =   0.1471E+08
                     Abs integral =   0.1471E+08
                          Std dev =   0.1954E+05
                  Chi**2 per DoF. =      1.2395
-------------------------------------------------
---------------------------
 Status -3.13399999999999974E-004           7           9
 We found enough events        6797   4609.6841845978806     
>>>>>>> 911b5ec345c81b054214c521136984e9d6306827

ls status:
events.lhe
ftn25
ftn26
input_sg.txt
moffset.dat
results.dat
run_01_ftn26.gz
run_01_log.txt
run_01_results.dat
run_02_ftn26.gz
run_02_log.txt
run_02_results.dat
run_03_ftn26.gz
run_03_log.txt
run_03_results.dat
run_04_ftn26.gz
run_04_log.txt
run_04_results.dat
<<<<<<< HEAD
run_05_ftn26.gz
run_05_log.txt
run_05_results.dat
run_06_ftn26.gz
run_06_log.txt
run_06_results.dat
run_07_ftn26.gz
run_07_log.txt
run_07_results.dat
run_08_ftn26.gz
run_08_log.txt
run_08_results.dat
run_09_ftn26.gz
run_09_log.txt
run_09_results.dat
run_10_ftn26.gz
run_10_log.txt
run_10_results.dat
=======
>>>>>>> 911b5ec345c81b054214c521136984e9d6306827
run1_app.log
