 Process in group number            1
 No PDF is used, alpha_s(MZ) from param_card is used
 Value of alpha_s from param_card:   0.11800000071525575     
 The default order of alpha_s running is fixed to            2
 Warning: pt or E min of a gamma should in general be >0
 *****************************************************
 *               MadGraph/MadEvent                   *
 *        --------------------------------           *
 *          http://madgraph.hep.uiuc.edu             *
 *          http://madgraph.phys.ucl.ac.be           *
 *          http://madgraph.roma2.infn.it            *
 *        --------------------------------           *
 *                                                   *
 *          PARAMETER AND COUPLING VALUES            *
 *                                                   *
 *****************************************************

  External Params
  ---------------------------------
  
 mdl_MB =    4.6999998092651367     
 mdl_MT =    173.00000000000000     
 mdl_MTA =    1.7769999504089355     
 mdl_MZ =    91.188003540039063     
 mdl_MH =    125.00000000000000     
 aEWM1 =    132.50700378417969     
 mdl_Gf =   1.16639000000000003E-005
 aS =   0.11800000071525575     
 mdl_ymb =    4.6999998092651367     
 mdl_ymt =    173.00000000000000     
 mdl_ymtau =    1.7769999504089355     
 mdl_WT =    1.4915000200271606     
 mdl_WZ =    2.4414041042327881     
 mdl_WW =    2.0476000308990479     
 mdl_WH =   6.38233916833996773E-003
  Internal Params
  ---------------------------------
  
 mdl_conjg__CKM3x3 =    1.0000000000000000     
 mdl_CKM3x3 =    1.0000000000000000     
 mdl_conjg__CKM1x1 =    1.0000000000000000     
 mdl_complexi =  (  0.0000000000000000     ,  1.0000000000000000     )
 mdl_MZ__exp__2 =    8315.2519896181766     
 mdl_MZ__exp__4 =    69143415.650849044     
 mdl_sqrt__2 =    1.4142135623730951     
 mdl_MH__exp__2 =    15625.000000000000     
 mdl_aEW =   7.54677089845565054E-003
 mdl_MW =    80.419007276179556     
 mdl_sqrt__aEW =   8.68721526063194194E-002
 mdl_ee =   0.30795376284704501     
 mdl_MW__exp__2 =    6467.2167312862202     
 mdl_sw2 =   0.22224645274001076     
 mdl_cw =   0.88190336616887299     
 mdl_sqrt__sw2 =   0.47143022043565552     
 mdl_sw =   0.47143022043565552     
 mdl_g1 =   0.34919218438279087     
 mdl_gw =   0.65323296958447097     
 mdl_vev =    246.21845810181631     
 mdl_vev__exp__2 =    60623.529110035874     
 mdl_lam =   0.12886910601690271     
 mdl_yb =   2.69955531549349904E-002
 mdl_yt =   0.99366614581500645     
 mdl_ytau =   1.02066167158167895E-002
 mdl_muH =    88.388347648318444     
 mdl_I1x33 =  ( 2.69955531549349904E-002,  0.0000000000000000     )
 mdl_I2x33 =  ( 0.99366614581500645     ,  0.0000000000000000     )
 mdl_I3x33 =  ( 0.99366614581500645     ,  0.0000000000000000     )
 mdl_I4x33 =  ( 2.69955531549349904E-002,  0.0000000000000000     )
 mdl_ee__exp__2 =   9.48355200516540348E-002
 mdl_sw__exp__2 =   0.22224645274001076     
 mdl_cw__exp__2 =   0.77775354725998924     
  Internal Params evaluated point by point
  ----------------------------------------
  
 mdl_sqrt__aS =   0.34351128178744839     
 mdl_G__exp__2 =    1.4828317414825511     
  Couplings of sm
  ---------------------------------
  
         GC_3 =  -0.00000E+00  -0.30795E+00
        GC_50 =  -0.00000E+00  -0.28804E+00
        GC_59 =   0.00000E+00   0.82310E-01

 Collider parameters:
 --------------------

 Running at e e   machine @    10.000000000000000       GeV
 PDF set = none   
 alpha_s(Mz)= 0.1180 running at 2 loops.
 alpha_s(Mz)= 0.1180 running at 2 loops.
 Renormalization scale set on event-by-event basis
 Factorization   scale set on event-by-event basis


 getting user params
Enter number of events and max and min iterations: 
 Number of events and iterations         1000           9           3
Enter desired fractional accuracy: 
 Desired fractional accuracy:  -1.10059999999999990E-009
Enter 0 for fixed, 2 for adjustable grid: 
Suppress amplitude (0 no, 1 yes)? 
 Using suppressed amplitude.
Exact helicity sum (0 yes, n = number/event)? 
 Explicitly summing over helicities
Enter Configuration Number: 
Running Configuration Number:    5
 Not subdividing B.W.
 Attempting mappinvarients           1           5
 Completed mapping           5
 about to integrate            5        1000           9           3           5           1
 Keeping grid fixed.
  5 dimensions   1000 events  5 invarients  9 iterations  1 config(s),  (0.99)
 Using h-tuple random number sequence.
 Grid read from file
 Grid defined OK
 Set CM energy to         10.00
 Mapping Graph           5  to config           5
 Warning: No cutoff for shat integral found
          Minimum set to   1.00000000000000002E-002
 No modification is setgrid, grid read from file
 Warning: No cutoff for shat integral found
          Minimum set to   1.00000000000000002E-002
 No modification is setgrid, grid read from file
 Masses: 0.000E+00 0.000E+00 0.000E+00 0.000E+00 0.000E+00
   5   1   2   3   4   5
 Got moffset          14
Using random seed offsets     5 :      1
  with seed                   48
 Ranmar initialization seeds       30238       23540
  Particle       3       4       5
      Et >     0.0    -1.0    -1.0
       E >     0.0     0.0     0.0
     Eta <    -1.0    -1.0    -1.0
   xqcut:      0.0     0.0     0.0
d R # 3  >    -0.0     0.4     0.4
d R # 4  >    -0.0    -0.0     0.0
s min # 3>     0.0     0.0     0.0
s min # 4>     0.0     0.0     0.0
xqcutij # 3>     0.0     0.0     0.0
xqcutij # 4>     0.0     0.0     0.0
 alpha_s for scale    2.2360679873698133       is   0.28377211112718126     
 Added good helicity            1   6.3515368489852460       in event            1
 Added good helicity            5   1.6484634429034748       in event            1
 Added good helicity           10   6.3515363858462148       in event            1
 Added good helicity           14   1.6484633219739981       in event            1
 Added good helicity           19   1.6484633220939531       in event            1
 Added good helicity           23   6.3515363863083989       in event            1
 Added good helicity           28   1.6484634429034746       in event            1
 Added good helicity           32   6.3515368489852460       in event            1
 Added good helicity           11   3.2328843774688267       in event            4
 Added good helicity           15   3.1967438004791555       in event            4
 Added good helicity           18   3.1967437439202762       in event            4
 Added good helicity           22   3.2328844346671293       in event            4
 Iteration  1   Mean: 0.4359E+15 Abs mean: 0.4359E+15   Fluctuation:  0.368E+15   0.366E+18    99.0%
  1    0.4359E+15 0.4359E+15 +- 0.3677E+15     26.68
 Writing out events   48921014197.848404        26.675351385368874     
 Relative summed weights:
  0.1000E+01  0.0000E+00
 Relative number of events:
  0.1000E+01  0.0000E+00
 Events:
        1000           0
 Iteration  2   Mean: 0.5392E+14 Abs mean: 0.5392E+14   Fluctuation:  0.140E+14   0.178E+17    98.9%
  2    0.5392E+14 0.5392E+14 +- 0.1399E+14     11.60
 Relative summed weights:
  0.1000E+01  0.0000E+00
 Relative number of events:
  0.1000E+01  0.0000E+00
 Events:
        2000           0
 Iteration  3   Mean: 0.2819E+16 Abs mean: 0.2819E+16   Fluctuation:  0.151E+16   0.485E+19    99.0%
  3    0.2819E+16 0.2819E+16 +- 0.1513E+16     33.95
 Relative summed weights:
  0.1000E+01  0.0000E+00
 Relative number of events:
  0.1000E+01  0.0000E+00
 Events:
        4000           0
 Found          135  events.
 Wrote            1  events.
 Actual xsec    567337037632481.50     
 Correct abs xsec    567337037632481.50     
 Event xsec    567337037632481.50     
 Events wgts > 1:            0
 % Cross section > 1:    0.0000000000000000        0.0000000000000000     
 Checking number of events   624411.14361830906                1  chi2:    674.97224716322842     
 Found          135  events.
 Wrote            3  events.
 Actual xsec    567337037632481.50     
 Correct abs xsec    567337037632481.50     
 Event xsec    567337037632481.63     
 Events wgts > 1:            0
 % Cross section > 1:    0.0000000000000000        0.0000000000000000     
 Iteration  4   Mean: 0.2980E+16 Abs mean: 0.2980E+16   Fluctuation:  0.264E+16   0.211E+20    99.0%
  4    0.2980E+16 0.2980E+16 +- 0.2639E+16     79.22
 Relative summed weights:
  0.1000E+01  0.0000E+00
 Relative number of events:
  0.1000E+01  0.0000E+00
 Events:
        8000           0
 Found           36  events.
 Wrote            1  events.
 Actual xsec    733606804344769.25     
 Correct abs xsec    733606804344769.25     
 Event xsec    733606804344769.25     
 Events wgts > 1:            1
 % Cross section > 1:    15755918.250000000       2.14773338478950011E-006
 Checking number of events   807407.64886185294                1  chi2:    1182.1976376809707     
 Found           36  events.
 Wrote            1  events.
 Actual xsec    733606804344769.25     
 Correct abs xsec    733606804344769.25     
 Event xsec    733606804344769.25     
 Events wgts > 1:            1
 % Cross section > 1:    15755918.250000000       2.14773338478950011E-006
 Iteration  5   Mean: 0.3760E+15 Abs mean: 0.3760E+15   Fluctuation:  0.185E+15   0.253E+19    99.1%
  5    0.3760E+15 0.3760E+15 +- 0.1846E+15     62.08
 Relative summed weights:
  0.1000E+01  0.0000E+00
 Relative number of events:
  0.1000E+01  0.0000E+00
 Events:
       16000           0
 Found           37  events.
 Wrote            3  events.
 Actual xsec    1702221905680703.0     
 Correct abs xsec    1702221905680703.0     
 Event xsec    1702221905680703.3     
 Events wgts > 1:            1
 % Cross section > 1:    266615.87500000000       1.56628154126228755E-008
 Checking number of events   1873465.4293921816                3  chi2:    26.203109931776478     
 Found           37  events.
 Wrote            3  events.
 Actual xsec    1702221905680703.0     
 Correct abs xsec    1702221905680703.0     
 Event xsec    1702221905680703.3     
 Events wgts > 1:            1
 % Cross section > 1:    266615.87500000000       1.56628154126228755E-008
 Iteration  6   Mean: 0.1678E+16 Abs mean: 0.1678E+16   Fluctuation:  0.124E+16   0.377E+20    99.0%
  6    0.1678E+16 0.1678E+16 +- 0.1235E+16    131.71
 Relative summed weights:
  0.1000E+01  0.0000E+00
 Relative number of events:
  0.1000E+01  0.0000E+00
 Events:
       32000           0
 Found          291  events.
 Wrote            1  events.
 Actual xsec    1162915166651356.8     
 Correct abs xsec    1162915166651356.8     
 Event xsec    1162915166651356.8     
 Events wgts > 1:            1
 % Cross section > 1:    438436489.00000000       3.77015023600121065E-005
 Checking number of events   1279904.4324164831                1  chi2:    9.4114771635345633     
 Found          291  events.
 Wrote            1  events.
 Actual xsec    1162915166651356.8     
 Correct abs xsec    1162915166651356.8     
 Event xsec    1162915166651356.8     
 Events wgts > 1:            1
 % Cross section > 1:    438436489.00000000       3.77015023600121065E-005
 Error in matrix element
 Iteration  7   Mean: 0.6228E+15 Abs mean: 0.6228E+15   Fluctuation:  0.262E+15   0.148E+20    99.0%
  7    0.6228E+15 0.6228E+15 +- 0.2625E+15    106.62
 Relative summed weights:
  0.1000E+01  0.0000E+00
 Relative number of events:
  0.1000E+01  0.0000E+00
 Events:
       64000           0
 Found          272  events.
 Wrote            1  events.
 Actual xsec    702122968626209.25     
 Correct abs xsec    702122968626209.25     
 Event xsec    702122968626209.25     
 Events wgts > 1:            0
 % Cross section > 1:    0.0000000000000000        0.0000000000000000     
 Checking number of events   772756.53927000589                1  chi2:    1.9181865150006208     
 Found          272  events.
 Wrote            2  events.
 Actual xsec    702122968626209.25     
 Correct abs xsec    702122968626209.25     
 Event xsec    702122968626209.25     
 Events wgts > 1:            0
 % Cross section > 1:    0.0000000000000000        0.0000000000000000     
 Error in matrix element
 Iteration  8   Mean: 0.1516E+16 Abs mean: 0.1516E+16   Fluctuation:  0.626E+15   0.722E+20    99.1%
  8    0.1516E+16 0.1516E+16 +- 0.6264E+15    147.80
 Relative summed weights:
  0.1000E+01  0.0000E+00
 Relative number of events:
  0.1000E+01  0.0000E+00
 Events:
      128000           0
 Found         1001  events.
 Wrote            3  events.
 Actual xsec    1161346531539393.5     
 Correct abs xsec    1161346531539393.5     
 Event xsec    1161346531539393.5     
 Events wgts > 1:            0
 % Cross section > 1:    0.0000000000000000        0.0000000000000000     
 Checking number of events   1278177.9926122564                3  chi2:    2.3528979316116345     
 Found         1001  events.
 Wrote            4  events.
 Actual xsec    1161346531539393.5     
 Correct abs xsec    1161346531539393.5     
 Event xsec    1161346531539393.5     
 Events wgts > 1:            0
 % Cross section > 1:    0.0000000000000000        0.0000000000000000     
 Error in matrix element
 Error in matrix element
 Iteration  9   Mean: 0.8271E+15 Abs mean: 0.8271E+15   Fluctuation:  0.260E+15   0.394E+20    99.1%
  9    0.8271E+15 0.8271E+15 +- 0.2599E+15    158.97
 Relative summed weights:
  0.1000E+01  0.0000E+00
 Relative number of events:
  0.1000E+01  0.0000E+00
 Events:
      256000           0
 Found         1135  events.
 Wrote            4  events.
 Actual xsec    960670440865162.00     
 Correct abs xsec    960670440865162.00     
 Event xsec    960670440865162.00     
 Events wgts > 1:            2
 % Cross section > 1:    3114701025320.0313       0.32422159492229086     
 Checking number of events   1057313.8872161971                4  chi2:    1.3537850058086864     
 Found         1135  events.
 Wrote            5  events.
 Actual xsec    960670440865162.00     
 Correct abs xsec    960670440865162.00     
 Event xsec    960670440865162.00     
 Events wgts > 1:            2
 % Cross section > 1:    2493377634002.5000       0.25954557649936749     

 -------------------------------------------------------------------------------
 Accumulated results:   Integral =  0.8313E+15
                        Std dev  =  0.1192E+15
                       Cross sec =  0.8313E+15
             Chi**2 per DoF.     =      6.1463
 -------------------------------------------------------------------------------
-------------------------------------------------
---------------------------
 Results Last   3 iters: Integral =   0.9607E+15
                     Abs integral =   0.9607E+15
                          Std dev =   0.2066E+15
                  Chi**2 per DoF. =      1.3538
-------------------------------------------------
---------------------------
 Status -1.10059999999999990E-009          10           9
 Trying w/ fresh grid
 Starting w/ ncall =         4000
 Keeping grid fixed.
  5 dimensions   4000 events  5 invarients  8 iterations  1 config(s),  (0.99)
 Using h-tuple random number sequence.
 Error opening grid
 Using Uniform Grid!
 Using uniform alpha   1.0000000000000000     
 Grid defined OK
 Warning: No cutoff for shat integral found
          Minimum set to   1.00000000000000002E-002
Setting grid   1    0.10000E-01   1
 Warning: No cutoff for shat integral found
          Minimum set to   1.00000000000000002E-002
Setting grid   2    0.10000E-01   1
 Iteration  1   Mean: 0.6855E+05 Abs mean: 0.6855E+05   Fluctuation:  0.284E+05   0.802E+08    98.6%
  1    0.6855E+05 0.6855E+05 +- 0.2841E+05     26.21
 Relative summed weights:
  0.1000E+01  0.0000E+00
 Relative number of events:
  0.1000E+01  0.0000E+00
 Events:
        4000           0
 Iteration  2   Mean: 0.2855E+06 Abs mean: 0.2855E+06   Fluctuation:  0.143E+06   0.821E+09    98.9%
  2    0.2855E+06 0.2855E+06 +- 0.1428E+06     44.75
 Relative summed weights:
  0.1000E+01  0.0000E+00
 Relative number of events:
  0.1000E+01  0.0000E+00
 Events:
        8000           0
 Iteration  3   Mean: 0.8855E+06 Abs mean: 0.8855E+06   Fluctuation:  0.390E+06   0.493E+10    98.9%
  3    0.8855E+06 0.8855E+06 +- 0.3902E+06     55.75
 Relative summed weights:
  0.1000E+01  0.0000E+00
 Relative number of events:
  0.1000E+01  0.0000E+00
 Events:
       16000           0
 Found          380  events.
 Wrote            4  events.
 Actual xsec    407501.16341359599     
 Correct abs xsec    407501.16341359599     
 Event xsec    407501.16341359593     
 Events wgts > 1:            1
 % Cross section > 1:   6.66995809297077358E-004  1.63679485896364337E-007
 Checking number of events  4.48495780453003691E-004           4  chi2:    72.278618767375988     
 Found          380  events.
 Wrote            3  events.
 Actual xsec    407501.16341359599     
 Correct abs xsec    407501.16341359599     
 Event xsec    407501.16341359599     
 Events wgts > 1:            1
 % Cross section > 1:   8.89327726326882839E-004  2.18239309767136520E-007
 Iteration  4   Mean: 0.1717E+08 Abs mean: 0.1717E+08   Fluctuation:  0.839E+07   0.249E+12    98.6%
  4    0.1717E+08 0.1717E+08 +- 0.8385E+07     87.36
 Relative summed weights:
  0.1000E+01  0.0000E+00
 Relative number of events:
  0.1000E+01  0.0000E+00
 Events:
       32000           0
 Found         1381  events.
 Wrote            1  events.
 Actual xsec    5826028.5086286562     
 Correct abs xsec    5826028.5086286562     
 Event xsec    5826028.5086286562     
 Events wgts > 1:            1
 % Cross section > 1:   0.46203897986561060       7.93059936423768650E-006
 Checking number of events  6.41212697659669824E-003           1  chi2:    833.44607616394831     
 Found         1381  events.
 Wrote            2  events.
 Actual xsec    5826028.5086286562     
 Correct abs xsec    5826028.5086286562     
 Event xsec    5826028.5086286562     
 Events wgts > 1:            1
 % Cross section > 1:   0.23101949878036976       3.96529983398154823E-006
 Iteration  5   Mean: 0.2435E+09 Abs mean: 0.2435E+09   Fluctuation:  0.732E+08   0.342E+13    99.2%
  5    0.2435E+09 0.2435E+09 +- 0.7322E+08     76.07
 Relative summed weights:
  0.1000E+01  0.0000E+00
 Relative number of events:
  0.1000E+01  0.0000E+00
 Events:
       64000           0
 Found         2612  events.
 Wrote            3  events.
 Actual xsec    135771943.35763308     
 Correct abs xsec    135771943.35763308     
 Event xsec    135771943.35763308     
 Events wgts > 1:            1
 % Cross section > 1:    7.2344664335250854       5.32839573082413602E-006
 Checking number of events  0.14943060085941096                3  chi2:    59836.020926257224     
 Found         2612  events.
 Wrote            4  events.
 Actual xsec    135771943.35763308     
 Correct abs xsec    135771943.35763308     
 Event xsec    135771943.35763311     
 Events wgts > 1:            1
 % Cross section > 1:    5.4258498996496201       3.99629685299380277E-006
 Fixing grid
 Iteration  6   Mean: 0.1033E+11 Abs mean: 0.1033E+11   Fluctuation:  0.494E+10   0.551E+15    99.3%
  6    0.1033E+11 0.1033E+11 +- 0.4939E+10    171.00
 Relative summed weights:
  0.1000E+01  0.0000E+00
 Relative number of events:
  0.1000E+01  0.0000E+00
 Events:
      128000           0
 Found         5886  events.
 Wrote            2  events.
 Actual xsec    2445021061.3136463     
 Correct abs xsec    2445021061.3136463     
 Event xsec    2445021061.3136463     
 Events wgts > 1:            1
 % Cross section > 1:   0.25201416015625000       1.03072388268446786E-008
 Checking number of events   2.6909901800817990                2  chi2:    42371.674875167693     
 Found         5886  events.
 Wrote            1  events.
 Actual xsec    2445021061.3136463     
 Correct abs xsec    2445021061.3136463     
 Event xsec    2445021061.3136463     
 Events wgts > 1:            1
 % Cross section > 1:   0.50402784347534180       2.06144581513150962E-008
 Iteration  7   Mean: 0.8863E+10 Abs mean: 0.8863E+10   Fluctuation:  0.305E+10   0.636E+15    99.3%
  7    0.8863E+10 0.8863E+10 +- 0.3047E+10    173.94
 Relative summed weights:
  0.1000E+01  0.0000E+00
 Relative number of events:
  0.1000E+01  0.0000E+00
 Events:
      256000           0
 Found         1296  events.
 Wrote            3  events.
 Actual xsec    5143268719.0617514     
 Correct abs xsec    5143268719.0617514     
 Event xsec    5143268719.0617504     
 Events wgts > 1:            0
 % Cross section > 1:    0.0000000000000000        0.0000000000000000     
 Checking number of events   5.6606815521993630                3  chi2:    2240.1304210198418     
 Found         1296  events.
 Wrote            2  events.
 Actual xsec    5143268719.0617514     
 Correct abs xsec    5143268719.0617514     
 Event xsec    5143268719.0617514     
 Events wgts > 1:            0
 % Cross section > 1:    0.0000000000000000        0.0000000000000000     
 Iteration  8   Mean: 0.6369E+10 Abs mean: 0.6369E+10   Fluctuation:  0.190E+10   0.745E+15    99.3%
  8    0.6369E+10 0.6369E+10 +- 0.1900E+10    213.50
 Relative summed weights:
  0.1000E+01  0.0000E+00
 Relative number of events:
  0.1000E+01  0.0000E+00
 Events:
      512000           0
 Found         2884  events.
 Wrote            5  events.
 Actual xsec    280951889404785.59     
 Correct abs xsec    280951889404785.59     
 Event xsec    280951889404785.56     
 Events wgts > 1:            0
 % Cross section > 1:    0.0000000000000000        0.0000000000000000     
 Checking number of events   8.7677748769209902                5  chi2:   0.51165991965770696     
 Found         2884  events.
 Wrote            5  events.
 Actual xsec    280951889404785.59     
 Correct abs xsec    280951889404785.59     
 Event xsec    280951889404785.56     
 Events wgts > 1:            0
 % Cross section > 1:    0.0000000000000000        0.0000000000000000     

 -------------------------------------------------------------------------------
 Accumulated results:   Integral =  0.3583E+10
                        Std dev  =  0.4863E+09
                       Cross sec =  0.3583E+10
             Chi**2 per DoF.     =      9.9161
 -------------------------------------------------------------------------------
-------------------------------------------------
---------------------------
 Results Last   3 iters: Integral =   0.7966E+10
                     Abs integral =   0.7966E+10
                         Std dev =   0.1624E+10
                 Chi**2 per DoF. =      0.5117
-------------------------------------------------
---------------------------

ls status:
events.lhe
ftn25
ftn26
input_sg.txt
log.txt
moffset.dat
results.dat
run1_app.log
