 Process in group number            1
 No PDF is used, alpha_s(MZ) from param_card is used
 Value of alpha_s from param_card:   0.11800000071525575     
 The default order of alpha_s running is fixed to            2
 Warning: pt or E min of a gamma should in general be >0
 *****************************************************
 *               MadGraph/MadEvent                   *
 *        --------------------------------           *
 *          http://madgraph.hep.uiuc.edu             *
 *          http://madgraph.phys.ucl.ac.be           *
 *          http://madgraph.roma2.infn.it            *
 *        --------------------------------           *
 *                                                   *
 *          PARAMETER AND COUPLING VALUES            *
 *                                                   *
 *****************************************************

  External Params
  ---------------------------------
  
 mdl_MB =    4.6999998092651367     
 mdl_MT =    173.00000000000000     
 mdl_MTA =    1.7769999504089355     
 mdl_MZ =    91.188003540039063     
 mdl_MH =    125.00000000000000     
 aEWM1 =    132.50700378417969     
 mdl_Gf =   1.16639000000000003E-005
 aS =   0.11800000071525575     
 mdl_ymb =    4.6999998092651367     
 mdl_ymt =    173.00000000000000     
 mdl_ymtau =    1.7769999504089355     
 mdl_WT =    1.4915000200271606     
 mdl_WZ =    2.4414041042327881     
 mdl_WW =    2.0476000308990479     
 mdl_WH =   6.38233916833996773E-003
  Internal Params
  ---------------------------------
  
 mdl_conjg__CKM3x3 =    1.0000000000000000     
 mdl_CKM3x3 =    1.0000000000000000     
 mdl_conjg__CKM1x1 =    1.0000000000000000     
 mdl_complexi =  (  0.0000000000000000     ,  1.0000000000000000     )
 mdl_MZ__exp__2 =    8315.2519896181766     
 mdl_MZ__exp__4 =    69143415.650849044     
 mdl_sqrt__2 =    1.4142135623730951     
 mdl_MH__exp__2 =    15625.000000000000     
 mdl_aEW =   7.54677089845565054E-003
 mdl_MW =    80.419007276179556     
 mdl_sqrt__aEW =   8.68721526063194194E-002
 mdl_ee =   0.30795376284704501     
 mdl_MW__exp__2 =    6467.2167312862202     
 mdl_sw2 =   0.22224645274001076     
 mdl_cw =   0.88190336616887299     
 mdl_sqrt__sw2 =   0.47143022043565552     
 mdl_sw =   0.47143022043565552     
 mdl_g1 =   0.34919218438279087     
 mdl_gw =   0.65323296958447097     
 mdl_vev =    246.21845810181631     
 mdl_vev__exp__2 =    60623.529110035874     
 mdl_lam =   0.12886910601690271     
 mdl_yb =   2.69955531549349904E-002
 mdl_yt =   0.99366614581500645     
 mdl_ytau =   1.02066167158167895E-002
 mdl_muH =    88.388347648318444     
 mdl_I1x33 =  ( 2.69955531549349904E-002,  0.0000000000000000     )
 mdl_I2x33 =  ( 0.99366614581500645     ,  0.0000000000000000     )
 mdl_I3x33 =  ( 0.99366614581500645     ,  0.0000000000000000     )
 mdl_I4x33 =  ( 2.69955531549349904E-002,  0.0000000000000000     )
 mdl_ee__exp__2 =   9.48355200516540348E-002
 mdl_sw__exp__2 =   0.22224645274001076     
 mdl_cw__exp__2 =   0.77775354725998924     
  Internal Params evaluated point by point
  ----------------------------------------
  
 mdl_sqrt__aS =   0.34351128178744839     
 mdl_G__exp__2 =    1.4828317414825511     
  Couplings of sm
  ---------------------------------
  
         GC_3 =  -0.00000E+00  -0.30795E+00
        GC_50 =  -0.00000E+00  -0.28804E+00
        GC_59 =   0.00000E+00   0.82310E-01

 Collider parameters:
 --------------------

 Running at e e   machine @    10.000000000000000       GeV
 PDF set = none   
 alpha_s(Mz)= 0.1180 running at 2 loops.
 alpha_s(Mz)= 0.1180 running at 2 loops.
 Renormalization scale set on event-by-event basis
 Factorization   scale set on event-by-event basis


 getting user params
Enter number of events and max and min iterations: 
 Number of events and iterations         1000           9           3
Enter desired fractional accuracy: 
 Desired fractional accuracy:  -1.10059999999999990E-009
Enter 0 for fixed, 2 for adjustable grid: 
Suppress amplitude (0 no, 1 yes)? 
 Using suppressed amplitude.
Exact helicity sum (0 yes, n = number/event)? 
 Explicitly summing over helicities
Enter Configuration Number: 
Running Configuration Number:    5
 Not subdividing B.W.
 Attempting mappinvarients           1           5
 Completed mapping           5
 about to integrate            5        1000           9           3           5           1
 Keeping grid fixed.
  5 dimensions   1000 events  5 invarients  9 iterations  1 config(s),  (0.99)
 Using h-tuple random number sequence.
 Grid read from file
 Grid defined OK
 Set CM energy to         10.00
 Mapping Graph           5  to config           5
 Warning: No cutoff for shat integral found
          Minimum set to   1.00000000000000002E-002
 No modification is setgrid, grid read from file
 Warning: No cutoff for shat integral found
          Minimum set to   1.00000000000000002E-002
 No modification is setgrid, grid read from file
 Masses: 0.000E+00 0.000E+00 0.000E+00 0.000E+00 0.000E+00
   5   1   2   3   4   5
 Got moffset          26
Using random seed offsets     5 :      1
  with seed                   48
 Ranmar initialization seeds       30238        1262
  Particle       3       4       5
      Et >     0.0    -1.0    -1.0
       E >     0.0     0.0     0.0
     Eta <    -1.0    -1.0    -1.0
   xqcut:      0.0     0.0     0.0
d R # 3  >    -0.0     0.4     0.4
d R # 4  >    -0.0    -0.0     0.0
s min # 3>     0.0     0.0     0.0
s min # 4>     0.0     0.0     0.0
xqcutij # 3>     0.0     0.0     0.0
xqcutij # 4>     0.0     0.0     0.0
 alpha_s for scale    2.2360679775684034       is   0.28377211166044891     
 Added good helicity            1   4.9332415322086716       in event            1
 Added good helicity            5   3.0667584724684653       in event            1
 Added good helicity           10   4.9332415264392404       in event            1
 Added good helicity           14   3.0667584688764249       in event            1
 Added good helicity           19   3.0667584688819436       in event            1
 Added good helicity           23   4.9332415264481195       in event            1
 Added good helicity           28   3.0667584724684649       in event            1
 Added good helicity           32   4.9332415322086707       in event            1
 Added good helicity           11  1.99321128416651665E-002  in event           20
 Added good helicity           15  1.71516747955208354E-002  in event           20
 Added good helicity           18  1.71516750548748112E-002  in event           20
 Added good helicity           22  1.99321125402676207E-002  in event           20
 Iteration  1   Mean: 0.1161E+15 Abs mean: 0.1161E+15   Fluctuation:  0.380E+14   0.270E+17    99.7%
  1    0.1161E+15 0.1161E+15 +- 0.3796E+14     10.34
 Writing out events   12935531342.999825        10.342798667635709     
 Relative summed weights:
  0.1000E+01  0.0000E+00
 Relative number of events:
  0.1000E+01  0.0000E+00
 Events:
        1000           0
 Iteration  2   Mean: 0.2374E+16 Abs mean: 0.2374E+16   Fluctuation:  0.228E+16   0.455E+19    99.8%
  2    0.2374E+16 0.2374E+16 +- 0.2277E+16     42.89
 Relative summed weights:
  0.1000E+01  0.0000E+00
 Relative number of events:
  0.1000E+01  0.0000E+00
 Events:
        2000           0
 Iteration  3   Mean: 0.6819E+15 Abs mean: 0.6819E+15   Fluctuation:  0.341E+15   0.106E+19    99.4%
  3    0.6819E+15 0.6819E+15 +- 0.3415E+15     31.67
 Relative summed weights:
  0.1000E+01  0.0000E+00
 Relative number of events:
  0.1000E+01  0.0000E+00
 Events:
        4000           0
 Found           23  events.
 Wrote            3  events.
 Actual xsec    442706826029653.56     
 Correct abs xsec    442706826029653.56     
 Event xsec    442706826029653.63     
 Events wgts > 1:            1
 % Cross section > 1:    10644448.500000000       2.40440125928553165E-006
 Checking number of events   487243.13272823667                3  chi2:    37.619258091222768     
 Found           23  events.
 Wrote            3  events.
 Actual xsec    442706826029653.56     
 Correct abs xsec    442706826029653.56     
 Event xsec    442706826029653.63     
 Events wgts > 1:            1
 % Cross section > 1:    10644448.500000000       2.40440125928553165E-006
 Iteration  4   Mean: 0.3078E+15 Abs mean: 0.3078E+15   Fluctuation:  0.116E+15   0.768E+18    99.6%
  4    0.3078E+15 0.3078E+15 +- 0.1155E+15     33.57
 Relative summed weights:
  0.1000E+01  0.0000E+00
 Relative number of events:
  0.1000E+01  0.0000E+00
 Events:
        8000           0
 Found           98  events.
 Wrote            1  events.
 Actual xsec    614835251691280.38     
 Correct abs xsec    614835251691280.38     
 Event xsec    614835251691280.38     
 Events wgts > 1:            0
 % Cross section > 1:    0.0000000000000000        0.0000000000000000     
 Checking number of events   676687.67801142309                1  chi2:    3.8502473724990169     
 Found           98  events.
 Wrote            1  events.
 Actual xsec    614835251691280.38     
 Correct abs xsec    614835251691280.38     
 Event xsec    614835251691280.38     
 Events wgts > 1:            0
 % Cross section > 1:    0.0000000000000000        0.0000000000000000     
 Error in matrix element
 Iteration  5   Mean: 0.4485E+15 Abs mean: 0.4485E+15   Fluctuation:  0.154E+15   0.180E+19    99.6%
  5    0.4485E+15 0.4485E+15 +- 0.1538E+15     43.37
 Relative summed weights:
  0.1000E+01  0.0000E+00
 Relative number of events:
  0.1000E+01  0.0000E+00
 Events:
       16000           0
 Found          267  events.
 Wrote            1  events.
 Actual xsec    445008945564856.06     
 Correct abs xsec    445008945564856.06     
 Event xsec    445008945564856.06     
 Events wgts > 1:            0
 % Cross section > 1:    0.0000000000000000        0.0000000000000000     
 Checking number of events   489776.84548868053                1  chi2:   0.94641461702376073     
 Found          267  events.
 Wrote            8  events.
 Actual xsec    445008945564856.06     
 Correct abs xsec    445008945564856.06     
 Event xsec    445008945564856.06     
 Events wgts > 1:            0
 % Cross section > 1:    0.0000000000000000        0.0000000000000000     
 Iteration  6   Mean: 0.1482E+16 Abs mean: 0.1482E+16   Fluctuation:  0.935E+15   0.292E+20    99.5%
  6    0.1482E+16 0.1482E+16 +- 0.9346E+15    112.84
 Relative summed weights:
  0.1000E+01  0.0000E+00
 Relative number of events:
  0.1000E+01  0.0000E+00
 Events:
       32000           0
 Found          441  events.
 Wrote            1  events.
 Actual xsec    536655850440748.50     
 Correct abs xsec    536655850440748.50     
 Event xsec    536655850440748.56     
 Events wgts > 1:            1
 % Cross section > 1:    39201616.187500000       7.30479620324724280E-006
 Checking number of events   590643.42899508774                1  chi2:    2.6382180538005700     
 Found          441  events.
 Wrote            3  events.
 Actual xsec    536655850440748.50     
 Correct abs xsec    536655850440748.50     
 Event xsec    536655850440748.50     
 Events wgts > 1:            1
 % Cross section > 1:    13067206.031250000       2.43493218615208841E-006
 Error in matrix element
 Iteration  7   Mean: 0.8473E+15 Abs mean: 0.8473E+15   Fluctuation:  0.383E+15   0.229E+20    99.6%
  7    0.8473E+15 0.8473E+15 +- 0.3835E+15    114.49
 Relative summed weights:
  0.1000E+01  0.0000E+00
 Relative number of events:
  0.1000E+01  0.0000E+00
 Events:
       64000           0
 Found          425  events.
 Wrote            1  events.
 Actual xsec    734241542971769.13     
 Correct abs xsec    734241542971769.13     
 Event xsec    734241542971769.13     
 Events wgts > 1:            0
 % Cross section > 1:    0.0000000000000000        0.0000000000000000     
 Checking number of events   808106.24219472904                1  chi2:    2.0899884346737179     
 Found          425  events.
 Wrote            3  events.
 Actual xsec    734241542971769.13     
 Correct abs xsec    734241542971769.13     
 Event xsec    734241542971769.13     
 Events wgts > 1:            0
 % Cross section > 1:    0.0000000000000000        0.0000000000000000     
 Error in matrix element
 Iteration  8   Mean: 0.4639E+15 Abs mean: 0.4639E+15   Fluctuation:  0.117E+15   0.120E+20    99.5%
  8    0.4639E+15 0.4639E+15 +- 0.1167E+15     90.01
 Relative summed weights:
  0.1000E+01  0.0000E+00
 Relative number of events:
  0.1000E+01  0.0000E+00
 Events:
      128000           0
 Found         1179  events.
 Wrote            4  events.
 Actual xsec    654876981289261.25     
 Correct abs xsec    654876981289261.25     
 Event xsec    654876981289261.25     
 Events wgts > 1:            1
 % Cross section > 1:    40239184.687500000       6.14454101108895540E-006
 Checking number of events   720757.60560696083                4  chi2:    1.8560758790802248     
 Found         1179  events.
 Wrote            4  events.
 Actual xsec    654876981289261.25     
 Correct abs xsec    654876981289261.25     
 Event xsec    654876981289261.25     
 Events wgts > 1:            1
 % Cross section > 1:    40239184.687500000       6.14454101108895540E-006
 Error in matrix element
 Error in matrix element
 Error in matrix element
 Error in matrix element
 Error in matrix element
 Error in matrix element
 Error in matrix element
 Error in matrix element
 Error in matrix element
 Iteration  9   Mean: 0.4787E+16 Abs mean: 0.4787E+16   Fluctuation:  0.360E+16   0.910E+21    99.5%
  9    0.4787E+16 0.4787E+16 +- 0.3598E+16    380.32
 Relative summed weights:
  0.1000E+01  0.0000E+00
 Relative number of events:
  0.1000E+01  0.0000E+00
 Events:
      256000           0
 Found         3363  events.
 Wrote            1  events.
 Actual xsec    888050570123894.88     
 Correct abs xsec    888050570123894.88     
 Event xsec    888050570123894.88     
 Events wgts > 1:            0
 % Cross section > 1:    0.0000000000000000        0.0000000000000000     
 Checking number of events   977388.45747835864                1  chi2:    7.1969146269473638     
 Found         3363  events.
 Wrote            1  events.
 Actual xsec    888050570123894.88     
 Correct abs xsec    888050570123894.88     
 Event xsec    888050570123894.88     
 Events wgts > 1:            0
 % Cross section > 1:    0.0000000000000000        0.0000000000000000     

 -------------------------------------------------------------------------------
 Accumulated results:   Integral =  0.6555E+15
                        Std dev  =  0.8839E+14
                       Cross sec =  0.6555E+15
             Chi**2 per DoF.     =     11.5909
 -------------------------------------------------------------------------------
-------------------------------------------------
---------------------------
 Results Last   3 iters: Integral =   0.8881E+15
                     Abs integral =   0.8881E+15
                          Std dev =   0.1874E+15
                  Chi**2 per DoF. =      7.1969
-------------------------------------------------
---------------------------
 Status -1.10059999999999990E-009          10           9
 Trying w/ fresh grid
 Starting w/ ncall =         4000
 Keeping grid fixed.
  5 dimensions   4000 events  5 invarients  8 iterations  1 config(s),  (0.99)
 Using h-tuple random number sequence.
 Error opening grid
 Using Uniform Grid!
 Using uniform alpha   1.0000000000000000     
 Grid defined OK
 Warning: No cutoff for shat integral found
          Minimum set to   1.00000000000000002E-002
Setting grid   1    0.10000E-01   1
 Warning: No cutoff for shat integral found
          Minimum set to   1.00000000000000002E-002
Setting grid   2    0.10000E-01   1
 Iteration  1   Mean: 0.9227E+05 Abs mean: 0.9227E+05   Fluctuation:  0.406E+05   0.117E+09    98.2%
  1    0.9227E+05 0.9227E+05 +- 0.4062E+05     27.84
 Relative summed weights:
  0.1000E+01  0.0000E+00
 Relative number of events:
  0.1000E+01  0.0000E+00
 Events:
        4000           0
 Iteration  2   Mean: 0.8482E+06 Abs mean: 0.8482E+06   Fluctuation:  0.580E+06   0.384E+10    98.8%
  2    0.8482E+06 0.8482E+06 +- 0.5804E+06     61.20
 Relative summed weights:
  0.1000E+01  0.0000E+00
 Relative number of events:
  0.1000E+01  0.0000E+00
 Events:
        8000           0
 Iteration  3   Mean: 0.1957E+07 Abs mean: 0.1957E+07   Fluctuation:  0.114E+07   0.157E+11    97.6%
  3    0.1957E+07 0.1957E+07 +- 0.1138E+07     73.56
 Relative summed weights:
  0.1000E+01  0.0000E+00
 Relative number of events:
  0.1000E+01  0.0000E+00
 Events:
       16000           0
 Found          256  events.
 Wrote            2  events.
 Actual xsec    787488.79564859683     
 Correct abs xsec    787488.79564859683     
 Event xsec    787488.79564859683     
 Events wgts > 1:            0
 % Cross section > 1:    0.0000000000000000        0.0000000000000000     
 Checking number of events  8.66710168490845544E-004           2  chi2:    146.99631739210443     
 Found          256  events.
 Wrote            3  events.
 Actual xsec    787488.79564859683     
 Correct abs xsec    787488.79564859683     
 Event xsec    787488.79564859672     
 Events wgts > 1:            0
 % Cross section > 1:    0.0000000000000000        0.0000000000000000     
 Iteration  4   Mean: 0.5875E+07 Abs mean: 0.5875E+07   Fluctuation:  0.214E+07   0.646E+11    98.3%
  4    0.5875E+07 0.5875E+07 +- 0.2138E+07     65.11
 Relative summed weights:
  0.1000E+01  0.0000E+00
 Relative number of events:
  0.1000E+01  0.0000E+00
 Events:
       32000           0
 Found          980  events.
 Wrote            4  events.
 Actual xsec    4109085.0601543654     
 Correct abs xsec    4109085.0601543654     
 Event xsec    4109085.0601543654     
 Events wgts > 1:            1
 % Cross section > 1:   5.39780572289600968E-002  1.31362715638045972E-006
 Checking number of events  4.52245901720589420E-003           4  chi2:    17.913969217277810     
 Found          980  events.
 Wrote            1  events.
 Actual xsec    4109085.0601543654     
 Correct abs xsec    4109085.0601543654     
 Event xsec    4109085.0601543654     
 Events wgts > 1:            1
 % Cross section > 1:   0.21591222053393722       5.25450842153718003E-006
 Iteration  5   Mean: 0.2690E+09 Abs mean: 0.2690E+09   Fluctuation:  0.108E+09   0.650E+13    98.7%
  5    0.2690E+09 0.2690E+09 +- 0.1080E+09    101.62
 Relative summed weights:
  0.1000E+01  0.0000E+00
 Relative number of events:
  0.1000E+01  0.0000E+00
 Events:
       64000           0
 Found         3436  events.
 Wrote            3  events.
 Actual xsec    102802659.13450852     
 Correct abs xsec    102802659.13450852     
 Event xsec    102802659.13450852     
 Events wgts > 1:            1
 % Cross section > 1:    2.7455936968326569       2.67074190487648902E-006
 Checking number of events  0.11314460664344007                3  chi2:    4955.1415459576156     
 Found         3436  events.
 Wrote            2  events.
 Actual xsec    102802659.13450852     
 Correct abs xsec    102802659.13450852     
 Event xsec    102802659.13450852     
 Events wgts > 1:            1
 % Cross section > 1:    4.1183904930949211       4.00611280658252037E-006
 Fixing grid
 Iteration  6   Mean: 0.9930E+10 Abs mean: 0.9930E+10   Fluctuation:  0.398E+10   0.384E+15    98.8%
  6    0.9930E+10 0.9930E+10 +- 0.3980E+10    143.42
 Relative summed weights:
  0.1000E+01  0.0000E+00
 Relative number of events:
  0.1000E+01  0.0000E+00
 Events:
      128000           0
 Found         4699  events.
 Wrote            6  events.
 Actual xsec    3180051588.0933509     
 Correct abs xsec    3180051588.0933509     
 Event xsec    3180051588.0933514     
 Events wgts > 1:            0
 % Cross section > 1:    0.0000000000000000        0.0000000000000000     
 Checking number of events   3.4999647778555416                6  chi2:    1102194.6554129915     
 Found         4699  events.
 Wrote            2  events.
 Actual xsec    3180051588.0933509     
 Correct abs xsec    3180051588.0933509     
 Event xsec    3180051588.0933509     
 Events wgts > 1:            0
 % Cross section > 1:    0.0000000000000000        0.0000000000000000     
 Iteration  7   Mean: 0.1050E+11 Abs mean: 0.1050E+11   Fluctuation:  0.596E+10   0.139E+16    98.7%
  7    0.1050E+11 0.1050E+11 +- 0.5963E+10    287.46
 Relative summed weights:
  0.1000E+01  0.0000E+00
 Relative number of events:
  0.1000E+01  0.0000E+00
 Events:
      256000           0
 Found         1130  events.
 Wrote            2  events.
 Actual xsec    6184537661.1591234     
 Correct abs xsec    6184537661.1591234     
 Event xsec    6184537661.1591244     
 Events wgts > 1:            1
 % Cross section > 1:    164.49086141586304       2.65971153266505727E-006
 Checking number of events   6.8067021498717306                2  chi2:    1499.7304506644273     
 Found         1130  events.
 Wrote            2  events.
 Actual xsec    6184537661.1591234     
 Correct abs xsec    6184537661.1591234     
 Event xsec    6184537661.1591244     
 Events wgts > 1:            1
 % Cross section > 1:    164.49086141586304       2.65971153266505727E-006
 Iteration  8   Mean: 0.2628E+11 Abs mean: 0.2628E+11   Fluctuation:  0.111E+11   0.511E+16    98.8%
  8    0.2628E+11 0.2628E+11 +- 0.1114E+11    303.33
 Relative summed weights:
  0.1000E+01  0.0000E+00
 Relative number of events:
  0.1000E+01  0.0000E+00
 Events:
      512000           0
 Found         2103  events.
 Wrote            1  events.
 Actual xsec    812111804631546.25     
 Correct abs xsec    812111804631546.25     
 Event xsec    812111804631546.25     
 Events wgts > 1:            0
 % Cross section > 1:    0.0000000000000000        0.0000000000000000     
 Checking number of events   17.787398605399137                1  chi2:    2.0895802477891143     
 Found         2103  events.
 Wrote            1  events.
 Actual xsec    812111804631546.25     
 Correct abs xsec    812111804631546.25     
 Event xsec    812111804631546.25     
 Events wgts > 1:            0
 % Cross section > 1:    0.0000000000000000        0.0000000000000000     

 -------------------------------------------------------------------------------
 Accumulated results:   Integral =  0.6231E+10
                        Std dev  =  0.9993E+09
                       Cross sec =  0.6231E+10
             Chi**2 per DoF.     =     12.1055
 -------------------------------------------------------------------------------
-------------------------------------------------
---------------------------
 Results Last   3 iters: Integral =   0.1616E+11
                     Abs integral =   0.1616E+11
                         Std dev =   0.4189E+10
                 Chi**2 per DoF. =      2.0896
-------------------------------------------------
---------------------------

ls status:
events.lhe
ftn25
ftn26
input_sg.txt
log.txt
moffset.dat
results.dat
run1_app.log
