 Process in group number            1
 No PDF is used, alpha_s(MZ) from param_card is used
 Value of alpha_s from param_card:   0.11800000071525575     
 The default order of alpha_s running is fixed to            2
 Warning: pt or E min of a gamma should in general be >0
 *****************************************************
 *               MadGraph/MadEvent                   *
 *        --------------------------------           *
 *          http://madgraph.hep.uiuc.edu             *
 *          http://madgraph.phys.ucl.ac.be           *
 *          http://madgraph.roma2.infn.it            *
 *        --------------------------------           *
 *                                                   *
 *          PARAMETER AND COUPLING VALUES            *
 *                                                   *
 *****************************************************

  External Params
  ---------------------------------
  
 mdl_MB =    4.6999998092651367     
 mdl_MT =    173.00000000000000     
 mdl_MTA =    1.7769999504089355     
 mdl_MZ =    91.188003540039063     
 mdl_MH =    125.00000000000000     
 aEWM1 =    132.50700378417969     
 mdl_Gf =   1.16639000000000003E-005
 aS =   0.11800000071525575     
 mdl_ymb =    4.6999998092651367     
 mdl_ymt =    173.00000000000000     
 mdl_ymtau =    1.7769999504089355     
 mdl_WT =    1.4915000200271606     
 mdl_WZ =    2.4414041042327881     
 mdl_WW =    2.0476000308990479     
 mdl_WH =   6.38233916833996773E-003
  Internal Params
  ---------------------------------
  
 mdl_conjg__CKM3x3 =    1.0000000000000000     
 mdl_CKM3x3 =    1.0000000000000000     
 mdl_conjg__CKM1x1 =    1.0000000000000000     
 mdl_complexi =  (  0.0000000000000000     ,  1.0000000000000000     )
 mdl_MZ__exp__2 =    8315.2519896181766     
 mdl_MZ__exp__4 =    69143415.650849044     
 mdl_sqrt__2 =    1.4142135623730951     
 mdl_MH__exp__2 =    15625.000000000000     
 mdl_aEW =   7.54677089845565054E-003
 mdl_MW =    80.419007276179556     
 mdl_sqrt__aEW =   8.68721526063194194E-002
 mdl_ee =   0.30795376284704501     
 mdl_MW__exp__2 =    6467.2167312862202     
 mdl_sw2 =   0.22224645274001076     
 mdl_cw =   0.88190336616887299     
 mdl_sqrt__sw2 =   0.47143022043565552     
 mdl_sw =   0.47143022043565552     
 mdl_g1 =   0.34919218438279087     
 mdl_gw =   0.65323296958447097     
 mdl_vev =    246.21845810181631     
 mdl_vev__exp__2 =    60623.529110035874     
 mdl_lam =   0.12886910601690271     
 mdl_yb =   2.69955531549349904E-002
 mdl_yt =   0.99366614581500645     
 mdl_ytau =   1.02066167158167895E-002
 mdl_muH =    88.388347648318444     
 mdl_I1x33 =  ( 2.69955531549349904E-002,  0.0000000000000000     )
 mdl_I2x33 =  ( 0.99366614581500645     ,  0.0000000000000000     )
 mdl_I3x33 =  ( 0.99366614581500645     ,  0.0000000000000000     )
 mdl_I4x33 =  ( 2.69955531549349904E-002,  0.0000000000000000     )
 mdl_ee__exp__2 =   9.48355200516540348E-002
 mdl_sw__exp__2 =   0.22224645274001076     
 mdl_cw__exp__2 =   0.77775354725998924     
  Internal Params evaluated point by point
  ----------------------------------------
  
 mdl_sqrt__aS =   0.34351128178744839     
 mdl_G__exp__2 =    1.4828317414825511     
  Couplings of sm
  ---------------------------------
  
         GC_3 =  -0.00000E+00  -0.30795E+00
        GC_50 =  -0.00000E+00  -0.28804E+00
        GC_59 =   0.00000E+00   0.82310E-01

 Collider parameters:
 --------------------

 Running at e e   machine @    10.000000000000000       GeV
 PDF set = none   
 alpha_s(Mz)= 0.1180 running at 2 loops.
 alpha_s(Mz)= 0.1180 running at 2 loops.
 Renormalization scale set on event-by-event basis
 Factorization   scale set on event-by-event basis


 getting user params
Enter number of events and max and min iterations: 
 Number of events and iterations         1000           9           3
Enter desired fractional accuracy: 
 Desired fractional accuracy:  -1.10059999999999990E-009
Enter 0 for fixed, 2 for adjustable grid: 
Suppress amplitude (0 no, 1 yes)? 
 Using suppressed amplitude.
Exact helicity sum (0 yes, n = number/event)? 
 Explicitly summing over helicities
Enter Configuration Number: 
Running Configuration Number:    5
 Not subdividing B.W.
 Attempting mappinvarients           1           5
 Completed mapping           5
 about to integrate            5        1000           9           3           5           1
 Keeping grid fixed.
  5 dimensions   1000 events  5 invarients  9 iterations  1 config(s),  (0.99)
 Using h-tuple random number sequence.
 Grid read from file
 Grid defined OK
 Set CM energy to         10.00
 Mapping Graph           5  to config           5
 Warning: No cutoff for shat integral found
          Minimum set to   1.00000000000000002E-002
 No modification is setgrid, grid read from file
 Warning: No cutoff for shat integral found
          Minimum set to   1.00000000000000002E-002
 No modification is setgrid, grid read from file
 Masses: 0.000E+00 0.000E+00 0.000E+00 0.000E+00 0.000E+00
   5   1   2   3   4   5
 Got moffset          20
Using random seed offsets     5 :      1
  with seed                   48
 Ranmar initialization seeds       30238       12401
  Particle       3       4       5
      Et >     0.0    -1.0    -1.0
       E >     0.0     0.0     0.0
     Eta <    -1.0    -1.0    -1.0
   xqcut:      0.0     0.0     0.0
d R # 3  >    -0.0     0.4     0.4
d R # 4  >    -0.0    -0.0     0.0
s min # 3>     0.0     0.0     0.0
s min # 4>     0.0     0.0     0.0
xqcutij # 3>     0.0     0.0     0.0
xqcutij # 4>     0.0     0.0     0.0
 alpha_s for scale    2.2360691855241543       is   0.28377204593892863     
 Added good helicity            1   5.1059880552882326       in event            1
 Added good helicity            5   2.8940143199010553       in event            1
 Added good helicity           10   5.1059770324358178       in event            1
 Added good helicity           14   2.8940205923748681       in event            1
 Added good helicity           19   2.8940205923757478       in event            1
 Added good helicity           23   5.1059770324350877       in event            1
 Added good helicity           28   2.8940143199012045       in event            1
 Added good helicity           32   5.1059880552879831       in event            1
 Added good helicity           11   3.8272391185014869       in event           24
 Added good helicity           15   2.4837826384090276       in event           24
 Added good helicity           18   2.4837826132350562       in event           24
 Added good helicity           22   3.8272391572918401       in event           24
 Iteration  1   Mean: 0.1541E+15 Abs mean: 0.1541E+15   Fluctuation:  0.996E+14   0.982E+17    99.7%
  1    0.1541E+15 0.1541E+15 +- 0.9956E+14     20.43
 Writing out events   17174667428.287420        20.428752255349281     
 Relative summed weights:
  0.1000E+01  0.0000E+00
 Relative number of events:
  0.1000E+01  0.0000E+00
 Events:
        1000           0
 Iteration  2   Mean: 0.9757E+14 Abs mean: 0.9757E+14   Fluctuation:  0.348E+14   0.551E+17    99.4%
  2    0.9757E+14 0.9757E+14 +- 0.3483E+14     15.97
 Relative summed weights:
  0.1000E+01  0.0000E+00
 Relative number of events:
  0.1000E+01  0.0000E+00
 Events:
        2000           0
 Iteration  3   Mean: 0.3024E+15 Abs mean: 0.3024E+15   Fluctuation:  0.134E+15   0.473E+18    99.3%
  3    0.3024E+15 0.3024E+15 +- 0.1344E+15     28.11
 Relative summed weights:
  0.1000E+01  0.0000E+00
 Relative number of events:
  0.1000E+01  0.0000E+00
 Events:
        4000           0
 Found          122  events.
 Wrote            1  events.
 Actual xsec    174161250521121.94     
 Correct abs xsec    174161250521121.94     
 Event xsec    174161250521121.94     
 Events wgts > 1:            0
 % Cross section > 1:    0.0000000000000000        0.0000000000000000     
 Checking number of events   191681.87232354679                1  chi2:    2.8931331541251066     
 Found          122  events.
 Wrote            1  events.
 Actual xsec    174161250521121.94     
 Correct abs xsec    174161250521121.94     
 Event xsec    174161250521121.94     
 Events wgts > 1:            0
 % Cross section > 1:    0.0000000000000000        0.0000000000000000     
 Iteration  4   Mean: 0.1293E+16 Abs mean: 0.1293E+16   Fluctuation:  0.110E+16   0.880E+19    99.3%
  4    0.1293E+16 0.1293E+16 +- 0.1102E+16     76.21
 Relative summed weights:
  0.1000E+01  0.0000E+00
 Relative number of events:
  0.1000E+01  0.0000E+00
 Events:
        8000           0
 Found          132  events.
 Wrote            1  events.
 Actual xsec    285369171072099.13     
 Correct abs xsec    285369171072099.13     
 Event xsec    285369171072099.13     
 Events wgts > 1:            1
 % Cross section > 1:    47102826.812500000       1.65059269140881971E-005
 Checking number of events   314077.30968195229                1  chi2:    14.961311020352003     
 Found          132  events.
 Wrote            1  events.
 Actual xsec    285369171072099.13     
 Correct abs xsec    285369171072099.13     
 Event xsec    285369171072099.13     
 Events wgts > 1:            1
 % Cross section > 1:    47102826.812500000       1.65059269140881971E-005
 Iteration  5   Mean: 0.8109E+16 Abs mean: 0.8109E+16   Fluctuation:  0.778E+16   0.125E+21    99.3%
  5    0.8109E+16 0.8109E+16 +- 0.7784E+16    121.42
 Relative summed weights:
  0.1000E+01  0.0000E+00
 Relative number of events:
  0.1000E+01  0.0000E+00
 Events:
       16000           0
 Found           78  events.
 Wrote            1  events.
 Actual xsec    1609557679923276.3     
 Correct abs xsec    1609557679923276.3     
 Event xsec    1609557679923276.3     
 Events wgts > 1:            1
 % Cross section > 1:    73359499.750000000       4.55774282991193413E-006
 Checking number of events   1771479.1825235577                1  chi2:    47.701510529328509     
 Found           78  events.
 Wrote            1  events.
 Actual xsec    1609557679923276.3     
 Correct abs xsec    1609557679923276.3     
 Event xsec    1609557679923276.3     
 Events wgts > 1:            1
 % Cross section > 1:    73359499.750000000       4.55774282991193413E-006
 Iteration  6   Mean: 0.3596E+16 Abs mean: 0.3596E+16   Fluctuation:  0.267E+16   0.849E+20    99.3%
  6    0.3596E+16 0.3596E+16 +- 0.2674E+16    133.01
 Relative summed weights:
  0.1000E+01  0.0000E+00
 Relative number of events:
  0.1000E+01  0.0000E+00
 Events:
       32000           0
 Found           72  events.
 Wrote            2  events.
 Actual xsec    3999972745848303.5     
 Correct abs xsec    3999972745848303.5     
 Event xsec    3999972745848304.0     
 Events wgts > 1:            1
 % Cross section > 1:    592580326.75000000       1.48146091086509897E-005
 Checking number of events   4402370.0040806420                2  chi2:    3.1706522664195043     
 Found           72  events.
 Wrote            2  events.
 Actual xsec    3999972745848303.5     
 Correct abs xsec    3999972745848303.5     
 Event xsec    3999972745848304.0     
 Events wgts > 1:            1
 % Cross section > 1:    592580326.75000000       1.48146091086509897E-005
 Error in matrix element
 Iteration  7   Mean: 0.5262E+15 Abs mean: 0.5262E+15   Fluctuation:  0.164E+15   0.709E+19    99.4%
  7    0.5262E+15 0.5262E+15 +- 0.1641E+15     78.87
 Relative summed weights:
  0.1000E+01  0.0000E+00
 Relative number of events:
  0.1000E+01  0.0000E+00
 Events:
       64000           0
 Found          209  events.
 Wrote            5  events.
 Actual xsec    1571580769367857.5     
 Correct abs xsec    1571580769367857.5     
 Event xsec    1571580769367857.5     
 Events wgts > 1:            1
 % Cross section > 1:    6636454346205.9375       0.42227892295191055     
 Checking number of events   1729681.7947662638                5  chi2:    20.940201657796262     
 Found          209  events.
 Wrote            3  events.
 Actual xsec    1571580769367857.5     
 Correct abs xsec    1571580769367857.5     
 Event xsec    1571580769367857.5     
 Events wgts > 1:            1
 % Cross section > 1:    11029706493153.813       0.70182243942768086     
 Error in matrix element
 Iteration  8   Mean: 0.2660E+16 Abs mean: 0.2660E+16   Fluctuation:  0.166E+16   0.206E+21    99.3%
  8    0.2660E+16 0.2660E+16 +- 0.1664E+16    223.83
 Relative summed weights:
  0.1000E+01  0.0000E+00
 Relative number of events:
  0.1000E+01  0.0000E+00
 Events:
      128000           0
 Found         1369  events.
 Wrote            1  events.
 Actual xsec    1277186726183963.3     
 Correct abs xsec    1277186726183963.3     
 Event xsec    1277186726183963.3     
 Events wgts > 1:            0
 % Cross section > 1:    0.0000000000000000        0.0000000000000000     
 Checking number of events   1405671.7108380699                1  chi2:    11.197790863460881     
 Found         1369  events.
 Wrote            1  events.
 Actual xsec    1277186726183963.3     
 Correct abs xsec    1277186726183963.3     
 Event xsec    1277186726183963.3     
 Events wgts > 1:            0
 % Cross section > 1:    0.0000000000000000        0.0000000000000000     
 Error in matrix element
 Error in matrix element
 Error in matrix element
 Error in matrix element
 Iteration  9   Mean: 0.3269E+16 Abs mean: 0.3269E+16   Fluctuation:  0.138E+16   0.285E+21    99.4%
  9    0.3269E+16 0.3269E+16 +- 0.1377E+16    213.13
 Relative summed weights:
  0.1000E+01  0.0000E+00
 Relative number of events:
  0.1000E+01  0.0000E+00
 Events:
      256000           0
 Found          992  events.
 Wrote            4  events.
 Actual xsec    1657666113342457.0     
 Correct abs xsec    1657666113342457.0     
 Event xsec    1657666113342457.0     
 Events wgts > 1:            1
 % Cross section > 1:    29799194.000000000       1.79765959864583355E-006
 Checking number of events   1824427.3243447081                4  chi2:    24.648275834215731     
 Found          992  events.
 Wrote            2  events.
 Actual xsec    1657666113342457.0     
 Correct abs xsec    1657666113342457.0     
 Event xsec    1657666113342457.0     
 Events wgts > 1:            1
 % Cross section > 1:    59598386.875000000       3.59531912942516517E-006

 -------------------------------------------------------------------------------
 Accumulated results:   Integral =  0.1324E+16
                        Std dev  =  0.2146E+15
                       Cross sec =  0.1324E+16
             Chi**2 per DoF.     =      7.9935
 -------------------------------------------------------------------------------
-------------------------------------------------
---------------------------
 Results Last   3 iters: Integral =   0.1658E+16
                     Abs integral =   0.1658E+16
                          Std dev =   0.3856E+15
                  Chi**2 per DoF. =     24.6483
-------------------------------------------------
---------------------------
 Status -1.10059999999999990E-009          10           9
 Trying w/ fresh grid
 Starting w/ ncall =         4000
 Keeping grid fixed.
  5 dimensions   4000 events  5 invarients  8 iterations  1 config(s),  (0.99)
 Using h-tuple random number sequence.
 Error opening grid
 Using Uniform Grid!
 Using uniform alpha   1.0000000000000000     
 Grid defined OK
 Warning: No cutoff for shat integral found
          Minimum set to   1.00000000000000002E-002
Setting grid   1    0.10000E-01   1
 Warning: No cutoff for shat integral found
          Minimum set to   1.00000000000000002E-002
Setting grid   2    0.10000E-01   1
 Iteration  1   Mean: 0.2414E+05 Abs mean: 0.2414E+05   Fluctuation:  0.890E+04   0.307E+08    98.7%
  1    0.2414E+05 0.2414E+05 +- 0.8897E+04     23.31
 Relative summed weights:
  0.1000E+01  0.0000E+00
 Relative number of events:
  0.1000E+01  0.0000E+00
 Events:
        4000           0
 Iteration  2   Mean: 0.6084E+05 Abs mean: 0.6084E+05   Fluctuation:  0.206E+05   0.116E+09    98.8%
  2    0.6084E+05 0.6084E+05 +- 0.2057E+05     30.24
 Relative summed weights:
  0.1000E+01  0.0000E+00
 Relative number of events:
  0.1000E+01  0.0000E+00
 Events:
        8000           0
 Iteration  3   Mean: 0.5197E+07 Abs mean: 0.5197E+07   Fluctuation:  0.444E+07   0.709E+11    99.0%
  3    0.5197E+07 0.5197E+07 +- 0.4439E+07    108.05
 Relative summed weights:
  0.1000E+01  0.0000E+00
 Relative number of events:
  0.1000E+01  0.0000E+00
 Events:
       16000           0
 Found          817  events.
 Wrote            2  events.
 Actual xsec    448065.03315586993     
 Correct abs xsec    448065.03315586993     
 Event xsec    448065.03315586993     
 Events wgts > 1:            1
 % Cross section > 1:   9.05400744813960046E-002  2.02069047530204205E-005
 Checking number of events  4.93140375491350346E-004           2  chi2:    1312.9637449197321     
 Found          817  events.
 Wrote            1  events.
 Actual xsec    448065.03315586993     
 Correct abs xsec    448065.03315586993     
 Event xsec    448065.03315586993     
 Events wgts > 1:            1
 % Cross section > 1:   0.18108011235017329       4.04138013347674771E-005
 Iteration  4   Mean: 0.7912E+07 Abs mean: 0.7912E+07   Fluctuation:  0.409E+07   0.125E+12    99.4%
  4    0.7912E+07 0.7912E+07 +- 0.4088E+07     92.43
 Relative summed weights:
  0.1000E+01  0.0000E+00
 Relative number of events:
  0.1000E+01  0.0000E+00
 Events:
       32000           0
 Found          282  events.
 Wrote            1  events.
 Actual xsec    2689645.8254851541     
 Correct abs xsec    2689645.8254851541     
 Event xsec    2689645.8254851541     
 Events wgts > 1:            0
 % Cross section > 1:    0.0000000000000000        0.0000000000000000     
 Checking number of events  2.96022419552896023E-003           1  chi2:    8169.3168975483468     
 Found          282  events.
 Wrote            2  events.
 Actual xsec    2689645.8254851541     
 Correct abs xsec    2689645.8254851541     
 Event xsec    2689645.8254851541     
 Events wgts > 1:            0
 % Cross section > 1:    0.0000000000000000        0.0000000000000000     
 Iteration  5   Mean: 0.1217E+10 Abs mean: 0.1217E+10   Fluctuation:  0.905E+09   0.564E+14    99.4%
  5    0.1217E+10 0.1217E+10 +- 0.9048E+09    188.03
 Relative summed weights:
  0.1000E+01  0.0000E+00
 Relative number of events:
  0.1000E+01  0.0000E+00
 Events:
       64000           0
 Found         2459  events.
 Wrote            1  events.
 Actual xsec    323470934.06582195     
 Correct abs xsec    323470934.06582195     
 Event xsec    323470934.06582195     
 Events wgts > 1:            0
 % Cross section > 1:    0.0000000000000000        0.0000000000000000     
 Checking number of events  0.35601211003284361                1  chi2:    5549.6372567242670     
 Found         2459  events.
 Wrote            2  events.
 Actual xsec    323470934.06582195     
 Correct abs xsec    323470934.06582195     
 Event xsec    323470934.06582195     
 Events wgts > 1:            0
 % Cross section > 1:    0.0000000000000000        0.0000000000000000     
 Fixing grid
 Iteration  6   Mean: 0.2704E+11 Abs mean: 0.2704E+11   Fluctuation:  0.192E+11   0.239E+16    99.5%
  6    0.2704E+11 0.2704E+11 +- 0.1919E+11    253.85
 Relative summed weights:
  0.1000E+01  0.0000E+00
 Relative number of events:
  0.1000E+01  0.0000E+00
 Events:
      128000           0
 Found         1732  events.
 Wrote            2  events.
 Actual xsec    7418563364.5622492     
 Correct abs xsec    7418563364.5622492     
 Event xsec    7418563364.5622482     
 Events wgts > 1:            1
 % Cross section > 1:    13.105540275573730       1.76658736085986883E-007
 Checking number of events   8.1648708390372100                2  chi2:    1642940.2547804744     
 Found         1732  events.
 Wrote            1  events.
 Actual xsec    7418563364.5622492     
 Correct abs xsec    7418563364.5622492     
 Event xsec    7418563364.5622482     
 Events wgts > 1:            1
 % Cross section > 1:    26.211080551147461       3.53317472171973766E-007
 Iteration  7   Mean: 0.9778E+10 Abs mean: 0.9778E+10   Fluctuation:  0.515E+10   0.130E+16    99.5%
  7    0.9778E+10 0.9778E+10 +- 0.5146E+10    266.27
 Relative summed weights:
  0.1000E+01  0.0000E+00
 Relative number of events:
  0.1000E+01  0.0000E+00
 Events:
      256000           0
 Found          501  events.
 Wrote            4  events.
 Actual xsec    12316022730.531208     
 Correct abs xsec    12316022730.531208     
 Event xsec    12316022730.531208     
 Events wgts > 1:            0
 % Cross section > 1:    0.0000000000000000        0.0000000000000000     
 Checking number of events   13.555014617222646                4  chi2:    75.648243247335486     
 Found          501  events.
 Wrote            2  events.
 Actual xsec    12316022730.531208     
 Correct abs xsec    12316022730.531208     
 Event xsec    12316022730.531208     
 Events wgts > 1:            0
 % Cross section > 1:    0.0000000000000000        0.0000000000000000     
 Iteration  8   Mean: 0.5081E+10 Abs mean: 0.5081E+10   Fluctuation:  0.134E+10   0.459E+15    99.5%
  8    0.5081E+10 0.5081E+10 +- 0.1341E+10    188.89
 Relative summed weights:
  0.1000E+01  0.0000E+00
 Relative number of events:
  0.1000E+01  0.0000E+00
 Events:
      512000           0
 Found         1933  events.
 Wrote            5  events.
 Actual xsec    780769753793462.50     
 Correct abs xsec    780769753793462.50     
 Event xsec    780769753793462.50     
 Events wgts > 1:            0
 % Cross section > 1:    0.0000000000000000        0.0000000000000000     
 Checking number of events   8.9350798911030029                5  chi2:    3.1026444111642886     
 Found         1933  events.
 Wrote            2  events.
 Actual xsec    780769753793462.50     
 Correct abs xsec    780769753793462.50     
 Event xsec    780769753793462.50     
 Events wgts > 1:            0
 % Cross section > 1:    0.0000000000000000        0.0000000000000000     

 -------------------------------------------------------------------------------
 Accumulated results:   Integral =  0.3820E+10
                        Std dev  =  0.5826E+09
                       Cross sec =  0.3820E+10
             Chi**2 per DoF.     =     15.1207
 -------------------------------------------------------------------------------
-------------------------------------------------
---------------------------
 Results Last   3 iters: Integral =   0.8118E+10
                     Abs integral =   0.8118E+10
                         Std dev =   0.1818E+10
                 Chi**2 per DoF. =      3.1026
-------------------------------------------------
---------------------------

ls status:
events.lhe
ftn25
ftn26
input_sg.txt
log.txt
moffset.dat
results.dat
run1_app.log
