 Process in group number            0
 No PDF is used, alpha_s(MZ) from param_card is used
 Value of alpha_s from param_card:   0.11800000071525575     
 The default order of alpha_s running is fixed to            2
<<<<<<< HEAD
=======
 Warning: pt or E min of a gamma should in general be >0
 Warning: pt or E min of a gamma should in general be >0
 Warning: pt or E min of a gamma should in general be >0
>>>>>>> 911b5ec345c81b054214c521136984e9d6306827
 *****************************************************
 *               MadGraph/MadEvent                   *
 *        --------------------------------           *
 *          http://madgraph.hep.uiuc.edu             *
 *          http://madgraph.phys.ucl.ac.be           *
 *          http://madgraph.roma2.infn.it            *
 *        --------------------------------           *
 *                                                   *
 *          PARAMETER AND COUPLING VALUES            *
 *                                                   *
 *****************************************************

  External Params
  ---------------------------------
  
 aEWM1 =    132.50700378417969     
 mdl_Gf =   1.16639000000000003E-005
 aS =   0.11800000071525575     
 mdl_ymb =    4.6999998092651367     
 mdl_ymt =    173.00000000000000     
 mdl_yme =   5.10999991092830896E-004
 mdl_ymm =   0.10565999895334244     
 mdl_ymtau =    1.7769999504089355     
 mdl_MZ =    91.188003540039063     
 mdl_MT =    173.00000000000000     
 mdl_MB =    4.6999998092651367     
 mdl_MH =    125.00000000000000     
 mdl_Me =   5.10999991092830896E-004
 mdl_MM =   0.10565999895334244     
 mdl_MTA =    1.7769999504089355     
 mdl_WZ =    2.4414041042327881     
 mdl_WW =    2.0476000308990479     
 mdl_WT =    1.4915000200271606     
 mdl_WH =   6.38233916833996773E-003
 mdl_WTau =   2.26999999999999982E-012
  Internal Params
  ---------------------------------
  
 mdl_conjg__CKM3x3 =    1.0000000000000000     
 mdl_CKM3x3 =    1.0000000000000000     
 mdl_conjg__CKM1x1 =    1.0000000000000000     
 mdl_complexi =  (  0.0000000000000000     ,  1.0000000000000000     )
 mdl_MZ__exp__2 =    8315.2519896181766     
 mdl_MZ__exp__4 =    69143415.650849044     
 mdl_sqrt__2 =    1.4142135623730951     
 mdl_MH__exp__2 =    15625.000000000000     
 mdl_aEW =   7.54677089845565054E-003
 mdl_MW =    80.419007276179556     
 mdl_sqrt__aEW =   8.68721526063194194E-002
 mdl_ee =   0.30795376284704501     
 mdl_MW__exp__2 =    6467.2167312862202     
 mdl_sw2 =   0.22224645274001076     
 mdl_cw =   0.88190336616887299     
 mdl_sqrt__sw2 =   0.47143022043565552     
 mdl_sw =   0.47143022043565552     
 mdl_g1 =   0.34919218438279087     
 mdl_gw =   0.65323296958447097     
 mdl_vev =    246.21845810181631     
 mdl_vev__exp__2 =    60623.529110035874     
 mdl_lam =   0.12886910601690271     
 mdl_yb =   2.69955531549349904E-002
 mdl_ye =   2.93504850670934038E-006
 mdl_ym =   6.06883028478528356E-004
 mdl_yt =   0.99366614581500645     
 mdl_ytau =   1.02066167158167895E-002
 mdl_muH =    88.388347648318444     
 mdl_I1x33 =  ( 2.69955531549349904E-002,  0.0000000000000000     )
 mdl_I2x33 =  ( 0.99366614581500645     ,  0.0000000000000000     )
 mdl_I3x33 =  ( 0.99366614581500645     ,  0.0000000000000000     )
 mdl_I4x33 =  ( 2.69955531549349904E-002,  0.0000000000000000     )
 mdl_ee__exp__2 =   9.48355200516540348E-002
 mdl_sw__exp__2 =   0.22224645274001076     
 mdl_cw__exp__2 =   0.77775354725998924     
  Internal Params evaluated point by point
  ----------------------------------------
  
 mdl_sqrt__aS =   0.34351128178744839     
 mdl_G__exp__2 =    1.4828317414825511     
  Couplings of sm-lepton_masses
  ---------------------------------
  
         GC_3 =  -0.00000E+00  -0.30795E+00

 Collider parameters:
 --------------------

<<<<<<< HEAD
 Running at e e   machine @   7.14879999999999960E-002  GeV
=======
 Running at e e   machine @   7.00000000000000067E-002  GeV
>>>>>>> 911b5ec345c81b054214c521136984e9d6306827
 PDF set = none   
 alpha_s(Mz)= 0.1180 running at 2 loops.
 alpha_s(Mz)= 0.1180 running at 2 loops.
 Renormalization scale fixed @    91.188000000000002     
 Factorization scales  fixed @    91.188000000000002        91.188000000000002     


 getting user params
Enter number of events and max and min iterations: 
<<<<<<< HEAD
 Number of events and iterations         2000           9           3
Enter desired fractional accuracy: 
 Desired fractional accuracy:  -1.03289999999999995E-004
=======
 Number of events and iterations         1000           9           3
Enter desired fractional accuracy: 
 Desired fractional accuracy:  -4.27509999999999978E-004
>>>>>>> 911b5ec345c81b054214c521136984e9d6306827
Enter 0 for fixed, 2 for adjustable grid: 
Suppress amplitude (0 no, 1 yes)? 
 Using suppressed amplitude.
Exact helicity sum (0 yes, n = number/event)? 
 Explicitly summing over helicities
Enter Configuration Number: 
Running Configuration Number:    1
 Not subdividing B.W.
 Attempting mappinvarients           1           5
 Completed mapping           5
<<<<<<< HEAD
 about to integrate            5        2000           9           3           5           1
 Using non-zero grid deformation.
  5 dimensions   2000 events  5 invarients  9 iterations  1 config(s),  (0.99)
 Using h-tuple random number sequence.
 Error opening grid
 Using Uniform Grid!
 Using uniform alpha   1.0000000000000000     
 Grid defined OK
 Set CM energy to          0.07
 Mapping Graph           1  to config           1
Setting grid   1    0.17611E-04   1
Setting grid   2    0.17611E-04   1
=======
 about to integrate            5        1000           9           3           5           1
 Keeping grid fixed.
  5 dimensions   1000 events  5 invarients  9 iterations  1 config(s),  (0.99)
 Using h-tuple random number sequence.
 Grid read from file
 Grid defined OK
 Set CM energy to          0.07
 Mapping Graph           1  to config           1
 Warning: No cutoff for shat integral found
          Minimum set to    204.08163265306121     
 No modification is setgrid, grid read from file
 Warning: No cutoff for shat integral found
          Minimum set to    204.08163265306121     
 No modification is setgrid, grid read from file
>>>>>>> 911b5ec345c81b054214c521136984e9d6306827
 Masses: 0.511E-03 0.511E-03 0.000E+00 0.000E+00 0.000E+00
   1   1   2   3   4   5
 Got moffset           4
Using random seed offsets     1 :      1
<<<<<<< HEAD
  with seed                  114
 Ranmar initialization seeds       20445       22120
=======
  with seed                   48
 Ranmar initialization seeds       30234       22051
>>>>>>> 911b5ec345c81b054214c521136984e9d6306827
  Particle       3       4       5
      Et >     0.0     0.0     0.0
       E >     0.0     0.0     0.0
     Eta <    -1.0    -1.0    -1.0
   xqcut:      0.0     0.0     0.0
d R # 3  >    -0.0     0.0     0.0
d R # 4  >    -0.0    -0.0     0.0
s min # 3>     0.0     0.0     0.0
s min # 4>     0.0     0.0     0.0
xqcutij # 3>     0.0     0.0     0.0
xqcutij # 4>     0.0     0.0     0.0
 alpha_s for scale    91.188000000000002       is   0.11800000071525575     
<<<<<<< HEAD
 Added good helicity            1  0.58655920025524977       in event            1
 Added good helicity            2   13.254740754597615       in event            1
 Added good helicity            3  4.92527413589180301E-005  in event            1
 Added good helicity            5  1.95948621705307144E-005  in event            1
 Added good helicity           11   2.1208270505239217       in event            1
 Added good helicity           12  3.77967488756187284E-002  in event            1
 Added good helicity           15  7.08553280307323008E-006  in event            1
 Added good helicity           18  7.08553280307323008E-006  in event            1
 Added good helicity           21  3.77967488756187284E-002  in event            1
 Added good helicity           22   2.1208270505239217       in event            1
 Added good helicity           28  1.95948621705307144E-005  in event            1
 Added good helicity           30  4.92527413589180301E-005  in event            1
 Added good helicity           31   13.254740754597609       in event            1
 Added good helicity           32  0.58655920025524977       in event            1
 Added good helicity           10  1.01441682471576332E-003  in event            2
 Added good helicity           13  2.31749775018343406E-005  in event            2
 Added good helicity           14  4.88712219746363034E-003  in event            2
 Added good helicity           19  4.88712219746363034E-003  in event            2
 Added good helicity           20  2.31749775018343508E-005  in event            2
 Added good helicity           23  1.01441682471576332E-003  in event            2
 Added good helicity            4  1.99279655722023325E-004  in event            3
 Added good helicity            7  1.73572949769628651E-004  in event            3
 Added good helicity           26  1.73572949769628732E-004  in event            3
 Added good helicity           29  1.99279655722023325E-004  in event            3
 Added good helicity            6  6.14853705800351896E-005  in event            4
 Added good helicity           27  6.14853705800352167E-005  in event            4
 Iteration  1   Mean: 0.4444E+08 Abs mean: 0.4444E+08   Fluctuation:  0.920E+07   0.156E+11    99.5%
  1    0.4444E+08 0.4444E+08 +- 0.9202E+07      9.26
 Writing out events   2481.3405585699525        9.2597724458086486     
 Relative summed weights:
  0.1095E+00  0.0000E+00
  0.1047E+00  0.0000E+00
  0.1200E+00  0.0000E+00
  0.3473E+00  0.0000E+00
  0.1980E+00  0.0000E+00
  0.1205E+00  0.0000E+00
 Relative number of events:
  0.1680E+00  0.0000E+00
  0.1635E+00  0.0000E+00
  0.1685E+00  0.0000E+00
  0.1680E+00  0.0000E+00
  0.1550E+00  0.0000E+00
  0.1770E+00  0.0000E+00
 Events:
         336           0
         327           0
         337           0
         336           0
         310           0
         354           0
 Iteration  2   Mean: 0.3631E+08 Abs mean: 0.3631E+08   Fluctuation:  0.239E+07   0.727E+10    97.5%
  2    0.3631E+08 0.3631E+08 +- 0.2391E+07      4.16
 Relative summed weights:
  0.1619E+00  0.0000E+00
  0.1424E+00  0.0000E+00
  0.1392E+00  0.0000E+00
  0.1568E+00  0.0000E+00
  0.2680E+00  0.0000E+00
  0.1316E+00  0.0000E+00
 Relative number of events:
  0.1663E+00  0.0000E+00
  0.1645E+00  0.0000E+00
  0.1755E+00  0.0000E+00
  0.1668E+00  0.0000E+00
  0.1690E+00  0.0000E+00
  0.1580E+00  0.0000E+00
 Events:
         665           0
         658           0
         702           0
         667           0
         676           0
         632           0
 Iteration  3   Mean: 0.3814E+08 Abs mean: 0.3814E+08   Fluctuation:  0.106E+07   0.395E+10    97.9%
  3    0.3814E+08 0.3814E+08 +- 0.1063E+07      2.49
 Relative summed weights:
  0.1607E+00  0.0000E+00
  0.1597E+00  0.0000E+00
  0.1591E+00  0.0000E+00
  0.1900E+00  0.0000E+00
  0.1609E+00  0.0000E+00
  0.1696E+00  0.0000E+00
 Relative number of events:
  0.1618E+00  0.0000E+00
  0.1646E+00  0.0000E+00
  0.1684E+00  0.0000E+00
  0.1665E+00  0.0000E+00
  0.1659E+00  0.0000E+00
  0.1729E+00  0.0000E+00
 Events:
        1294           0
        1317           0
        1347           0
        1332           0
        1327           0
        1383           0
 Found          791  events.
 Wrote           92  events.
 Actual xsec    37957247.360361017     
 Correct abs xsec    37957247.360361017     
 Event xsec    37957247.360361107     
 Events wgts > 1:            3
 % Cross section > 1:    232308.73848639696       0.61202735878312875     
 Checking number of events   3920.6040798516892               92  chi2:   0.50063519568825421     
 Found          791  events.
 Wrote          118  events.
 Actual xsec    37957247.360361017     
 Correct abs xsec    37957247.360361017     
 Event xsec    37957247.360361077     
 Events wgts > 1:            3
 % Cross section > 1:    181366.64653947699       0.47781822748527070     
 Iteration  4   Mean: 0.3996E+08 Abs mean: 0.3996E+08   Fluctuation:  0.745E+06   0.503E+10    96.4%
  4    0.3996E+08 0.3996E+08 +- 0.7455E+06      2.36
 Relative summed weights:
  0.1850E+00  0.0000E+00
  0.1632E+00  0.0000E+00
  0.1671E+00  0.0000E+00
  0.1584E+00  0.0000E+00
  0.1607E+00  0.0000E+00
  0.1657E+00  0.0000E+00
 Relative number of events:
  0.1681E+00  0.0000E+00
  0.1682E+00  0.0000E+00
  0.1631E+00  0.0000E+00
  0.1644E+00  0.0000E+00
  0.1664E+00  0.0000E+00
  0.1699E+00  0.0000E+00
 Events:
        2689           0
        2691           0
        2609           0
        2630           0
        2663           0
        2718           0
 Found         1609  events.
 Wrote          246  events.
 Actual xsec    39236119.086471826     
 Correct abs xsec    39236119.086471826     
 Event xsec    39236119.086471573     
 Events wgts > 1:            5
 % Cross section > 1:    303156.93009146873       0.77264759397673399     
 Checking number of events   4052.6987404416745              246  chi2:    1.7636271131622414     
 Found         1609  events.
 Wrote          237  events.
 Actual xsec    39236119.086471826     
 Correct abs xsec    39236119.086471826     
 Event xsec    39236119.086471550     
 Events wgts > 1:            5
 % Cross section > 1:    314576.91841172788       0.80175339900064846     
 Iteration  5   Mean: 0.4022E+08 Abs mean: 0.4022E+08   Fluctuation:  0.430E+06   0.343E+10    97.3%
  5    0.4022E+08 0.4022E+08 +- 0.4296E+06      1.91
 Relative summed weights:
  0.1654E+00  0.0000E+00
  0.1680E+00  0.0000E+00
  0.1706E+00  0.0000E+00
  0.1715E+00  0.0000E+00
  0.1690E+00  0.0000E+00
  0.1555E+00  0.0000E+00
 Relative number of events:
  0.1649E+00  0.0000E+00
  0.1663E+00  0.0000E+00
  0.1696E+00  0.0000E+00
  0.1662E+00  0.0000E+00
  0.1687E+00  0.0000E+00
  0.1643E+00  0.0000E+00
 Events:
        5276           0
        5320           0
        5428           0
        5319           0
        5398           0
        5259           0
 Found         3134  events.
 Wrote          907  events.
 Actual xsec    39953589.331531808     
 Correct abs xsec    39953589.331531808     
 Event xsec    39953589.331531659     
 Events wgts > 1:           22
 % Cross section > 1:    395967.99901535531       0.99106990295576414     
 Checking number of events   4126.8062420539200              907  chi2:    1.6511955617823639     
 Found         3134  events.
 Wrote          918  events.
 Actual xsec    39953589.331531808     
 Correct abs xsec    39953589.331531808     
 Event xsec    39953589.331532829     
 Events wgts > 1:           22
 % Cross section > 1:    391269.74992480094       0.97931063634374549     
 Iteration  6   Mean: 0.4055E+08 Abs mean: 0.4055E+08   Fluctuation:  0.292E+06   0.377E+10    97.0%
  6    0.4055E+08 0.4055E+08 +- 0.2923E+06      1.82
 Relative summed weights:
  0.1701E+00  0.0000E+00
  0.1702E+00  0.0000E+00
  0.1663E+00  0.0000E+00
  0.1629E+00  0.0000E+00
  0.1643E+00  0.0000E+00
  0.1662E+00  0.0000E+00
 Relative number of events:
  0.1678E+00  0.0000E+00
  0.1693E+00  0.0000E+00
  0.1654E+00  0.0000E+00
  0.1643E+00  0.0000E+00
  0.1671E+00  0.0000E+00
  0.1661E+00  0.0000E+00
 Events:
       10737           0
       10837           0
       10587           0
       10516           0
       10693           0
       10630           0
 Found         6235  events.
 Wrote         1831  events.
 Actual xsec    40402725.740242116     
 Correct abs xsec    40402725.740242116     
 Event xsec    40402725.740238726     
 Events wgts > 1:           44
 % Cross section > 1:    401302.83171250275       0.99325682700865114     
 Checking number of events   4173.1975417096082             1831  chi2:   0.39775073484447859     
 Found         6235  events.
 Wrote         1893  events.
 Actual xsec    40402725.740242116     
 Correct abs xsec    40402725.740242116     
 Event xsec    40402725.740240879     
 Events wgts > 1:           44
 % Cross section > 1:    388285.57770318957       0.96103807500408178     
 Iteration  7   Mean: 0.4054E+08 Abs mean: 0.4054E+08   Fluctuation:  0.196E+06   0.522E+10    96.9%
  7    0.4054E+08 0.4054E+08 +- 0.1956E+06      1.73
 Relative summed weights:
  0.1674E+00  0.0000E+00
  0.1632E+00  0.0000E+00
  0.1675E+00  0.0000E+00
  0.1672E+00  0.0000E+00
  0.1665E+00  0.0000E+00
  0.1681E+00  0.0000E+00
 Relative number of events:
  0.1669E+00  0.0000E+00
  0.1654E+00  0.0000E+00
  0.1669E+00  0.0000E+00
  0.1669E+00  0.0000E+00
  0.1668E+00  0.0000E+00
  0.1671E+00  0.0000E+00
 Events:
       21364           0
       21175           0
       21369           0
       21357           0
       21350           0
       21385           0
 Found        12638  events.
 Wrote         4239  events.
 Actual xsec    40505897.090384185     
 Correct abs xsec    40505897.090384185     
 Event xsec    40505897.090379305     
 Events wgts > 1:           74
 % Cross section > 1:    401118.26686753274       0.99027128314806212     
 Checking number of events   4183.8541104657825             4239  chi2:   0.25731227377516808     

 -------------------------------------------------------------------------------
 Accumulated results:   Integral =  0.4043E+08
                        Std dev  =  0.1472E+06
                       Cross sec =  0.1319E+01
             Chi**2 per DoF.     =
-------------------------------------------------
---------------------------
 Results Last   3 iters: Integral =   0.4051E+08
                     Abs integral =   0.4051E+08
                          Std dev =   0.1520E+06
                  Chi**2 per DoF. =      0.2573
-------------------------------------------------
---------------------------
 Status -1.03289999999999995E-004           8           9
 We found enough events        4239   4183.8541104657825     
=======
 Added good helicity            1  3.80589114929724692E-002  in event            1
 Added good helicity            2  1.98203020536093923E-005  in event            1
 Added good helicity            3  1.99054066804771054E-005  in event            1
 Added good helicity            5  3.80551656692773438E-002  in event            1
 Added good helicity            6  1.98167402314468356E-005  in event            1
 Added good helicity            7  1.98202304977707182E-005  in event            1
 Added good helicity           10  1.08594495878248237E-003  in event            1
 Added good helicity           11   7.9600744293105565       in event            1
 Added good helicity           14  1.08576570111235311E-003  in event            1
 Added good helicity           15   7.9615604199711374       in event            1
 Added good helicity           18   7.9615604199711374       in event            1
 Added good helicity           19  1.08576570111235311E-003  in event            1
 Added good helicity           22   7.9600744293105565       in event            1
 Added good helicity           23  1.08594495878248237E-003  in event            1
 Added good helicity           26  1.98202304977707182E-005  in event            1
 Added good helicity           27  1.98167402314468356E-005  in event            1
 Added good helicity           28  3.80551656692773438E-002  in event            1
 Added good helicity           30  1.99054066804771054E-005  in event            1
 Added good helicity           31  1.98203020536093787E-005  in event            1
 Added good helicity           32  3.80589114929724692E-002  in event            1
 Added good helicity           12  1.13435015514413221E-006  in event            2
 Added good helicity           13  2.92223197194825273E-006  in event            2
 Added good helicity           20  2.92223197194825273E-006  in event            2
 Added good helicity           21  1.13435015514413221E-006  in event            2
 Added good helicity            4  8.45922444191378486E-004  in event            3
 Added good helicity           29  8.45922444191378486E-004  in event            3
 Iteration  1   Mean: 0.1034E+09 Abs mean: 0.1034E+09   Fluctuation:  0.732E+07   0.554E+10    99.5%
  1    0.1034E+09 0.1034E+09 +- 0.7322E+07      2.24
 Writing out events   11547.008261928795        2.2391353990036769     
 Relative summed weights:
  0.1910E+00  0.0000E+00
  0.1474E+00  0.0000E+00
  0.1598E+00  0.0000E+00
  0.1520E+00  0.0000E+00
  0.1483E+00  0.0000E+00
  0.2015E+00  0.0000E+00
 Relative number of events:
  0.1870E+00  0.0000E+00
  0.1680E+00  0.0000E+00
  0.1820E+00  0.0000E+00
  0.1460E+00  0.0000E+00
  0.1620E+00  0.0000E+00
  0.1550E+00  0.0000E+00
 Events:
         187           0
         168           0
         182           0
         146           0
         162           0
         155           0
 Iteration  2   Mean: 0.1199E+09 Abs mean: 0.1199E+09   Fluctuation:  0.111E+08   0.200E+11    99.3%
  2    0.1199E+09 0.1199E+09 +- 0.1111E+08      4.14
 Relative summed weights:
  0.1312E+00  0.0000E+00
  0.1614E+00  0.0000E+00
  0.1286E+00  0.0000E+00
  0.2513E+00  0.0000E+00
  0.1715E+00  0.0000E+00
  0.1560E+00  0.0000E+00
 Relative number of events:
  0.1575E+00  0.0000E+00
  0.1680E+00  0.0000E+00
  0.1575E+00  0.0000E+00
  0.1685E+00  0.0000E+00
  0.1670E+00  0.0000E+00
  0.1815E+00  0.0000E+00
 Events:
         315           0
         336           0
         315           0
         337           0
         334           0
         363           0
 Iteration  3   Mean: 0.1178E+09 Abs mean: 0.1178E+09   Fluctuation:  0.834E+07   0.233E+11    99.2%
  3    0.1178E+09 0.1178E+09 +- 0.8338E+07      4.48
 Relative summed weights:
  0.2110E+00  0.0000E+00
  0.1461E+00  0.0000E+00
  0.1573E+00  0.0000E+00
  0.1892E+00  0.0000E+00
  0.1507E+00  0.0000E+00
  0.1456E+00  0.0000E+00
 Relative number of events:
  0.1752E+00  0.0000E+00
  0.1583E+00  0.0000E+00
  0.1675E+00  0.0000E+00
  0.1575E+00  0.0000E+00
  0.1670E+00  0.0000E+00
  0.1745E+00  0.0000E+00
 Events:
         701           0
         633           0
         670           0
         630           0
         668           0
         698           0
 Found          342  events.
 Wrote           25  events.
 Actual xsec    112703201.97770084     
 Correct abs xsec    112703201.97770084     
 Event xsec    112703201.97770090     
 Events wgts > 1:            1
 % Cross section > 1:    885982.28456700593       0.78611988747427386     
 Checking number of events   48181.745877486886               25  chi2:    1.2022538769760498     
 Found          342  events.
 Wrote           30  events.
 Actual xsec    112703201.97770084     
 Correct abs xsec    112703201.97770084     
 Event xsec    112703201.97770078     
 Events wgts > 1:            1
 % Cross section > 1:    739287.18440286210       0.65595934403810097     
 Iteration  4   Mean: 0.1050E+09 Abs mean: 0.1050E+09   Fluctuation:  0.280E+07   0.126E+11    99.2%
  4    0.1050E+09 0.1050E+09 +- 0.2798E+07      2.38
 Relative summed weights:
  0.1855E+00  0.0000E+00
  0.1660E+00  0.0000E+00
  0.1642E+00  0.0000E+00
  0.1766E+00  0.0000E+00
  0.1530E+00  0.0000E+00
  0.1547E+00  0.0000E+00
 Relative number of events:
  0.1658E+00  0.0000E+00
  0.1721E+00  0.0000E+00
  0.1646E+00  0.0000E+00
  0.1685E+00  0.0000E+00
  0.1624E+00  0.0000E+00
  0.1666E+00  0.0000E+00
 Events:
        1326           0
        1377           0
        1317           0
        1348           0
        1299           0
        1333           0
 Found          655  events.
 Wrote           86  events.
 Actual xsec    107461915.93354510     
 Correct abs xsec    107461915.93354510     
 Event xsec    107461915.93354508     
 Events wgts > 1:            2
 % Cross section > 1:    637852.85115405940       0.59356177080307260     
 Checking number of events   45941.043680749863               86  chi2:    1.7917584559591349     
 Found          655  events.
 Wrote           94  events.
 Actual xsec    107461915.93354510     
 Correct abs xsec    107461915.93354510     
 Event xsec    107461915.93354523     
 Events wgts > 1:            2
 % Cross section > 1:    583862.44546182803       0.54332033854941719     
 Iteration  5   Mean: 0.1279E+09 Abs mean: 0.1279E+09   Fluctuation:  0.763E+07   0.958E+11    99.4%
  5    0.1279E+09 0.1279E+09 +- 0.7629E+07      7.55
 Relative summed weights:
  0.1900E+00  0.0000E+00
  0.1494E+00  0.0000E+00
  0.2105E+00  0.0000E+00
  0.1568E+00  0.0000E+00
  0.1514E+00  0.0000E+00
  0.1420E+00  0.0000E+00
 Relative number of events:
  0.1634E+00  0.0000E+00
  0.1641E+00  0.0000E+00
  0.1712E+00  0.0000E+00
  0.1658E+00  0.0000E+00
  0.1688E+00  0.0000E+00
  0.1668E+00  0.0000E+00
 Events:
        2615           0
        2625           0
        2739           0
        2653           0
        2700           0
        2668           0
 Found         1595  events.
 Wrote           19  events.
 Actual xsec    109733837.60228440     
 Correct abs xsec    109733837.60228440     
 Event xsec    109733837.60228446     
 Events wgts > 1:            0
 % Cross section > 1:    0.0000000000000000        0.0000000000000000     
 Checking number of events   46912.312913352602               19  chi2:    4.7479751637854095     
 Found         1595  events.
 Wrote           26  events.
 Actual xsec    109733837.60228440     
 Correct abs xsec    109733837.60228440     
 Event xsec    109733837.60228445     
 Events wgts > 1:            0
 % Cross section > 1:    0.0000000000000000        0.0000000000000000     
 Iteration  6   Mean: 0.1193E+09 Abs mean: 0.1193E+09   Fluctuation:  0.308E+07   0.521E+11    99.4%
  6    0.1193E+09 0.1193E+09 +- 0.3075E+07      4.61
 Relative summed weights:
  0.1531E+00  0.0000E+00
  0.1815E+00  0.0000E+00
  0.1543E+00  0.0000E+00
  0.1843E+00  0.0000E+00
  0.1590E+00  0.0000E+00
  0.1677E+00  0.0000E+00
 Relative number of events:
  0.1660E+00  0.0000E+00
  0.1705E+00  0.0000E+00
  0.1666E+00  0.0000E+00
  0.1679E+00  0.0000E+00
  0.1672E+00  0.0000E+00
  0.1618E+00  0.0000E+00
 Events:
        5311           0
        5456           0
        5330           0
        5373           0
        5351           0
        5179           0
 Found         2520  events.
 Wrote          116  events.
 Actual xsec    113758282.07794210     
 Correct abs xsec    113758282.07794210     
 Event xsec    113758282.07794173     
 Events wgts > 1:            3
 % Cross section > 1:    698576.22159163223       0.61408823061603657     
 Checking number of events   48632.803171141029              116  chi2:    8.2967449885097597     
 Found         2520  events.
 Wrote          124  events.
 Actual xsec    113758282.07794210     
 Correct abs xsec    113758282.07794210     
 Event xsec    113758282.07794212     
 Events wgts > 1:            3
 % Cross section > 1:    653765.80076883710       0.57469732209994684     
 Iteration  7   Mean: 0.1217E+09 Abs mean: 0.1217E+09   Fluctuation:  0.300E+07   0.105E+12    99.3%
  7    0.1217E+09 0.1217E+09 +- 0.3005E+07      6.25
 Relative summed weights:
  0.1566E+00  0.0000E+00
  0.1715E+00  0.0000E+00
  0.1805E+00  0.0000E+00
  0.1606E+00  0.0000E+00
  0.1650E+00  0.0000E+00
  0.1658E+00  0.0000E+00
 Relative number of events:
  0.1637E+00  0.0000E+00
  0.1643E+00  0.0000E+00
  0.1701E+00  0.0000E+00
  0.1645E+00  0.0000E+00
  0.1684E+00  0.0000E+00
  0.1690E+00  0.0000E+00
 Events:
       10479           0
       10517           0
       10885           0
       10528           0
       10777           0
       10814           0
 Found         5414  events.
 Wrote          141  events.
 Actual xsec    121166196.69307700     
 Correct abs xsec    121166196.69307700     
 Event xsec    121166196.69307713     
 Events wgts > 1:            3
 % Cross section > 1:    1169381.2638618313       0.96510519912080750     
 Checking number of events   51799.760748257344              141  chi2:   0.57881293853226057     
 Found         5414  events.
 Wrote          147  events.
 Actual xsec    121166196.69307700     
 Correct abs xsec    121166196.69307700     
 Event xsec    121166196.69307752     
 Events wgts > 1:            3
 % Cross section > 1:    1122093.4319511750       0.92607795125691406     
 Iteration  8   Mean: 0.1206E+09 Abs mean: 0.1206E+09   Fluctuation:  0.313E+07   0.316E+12    99.4%
  8    0.1206E+09 0.1206E+09 +- 0.3130E+07      9.28
 Relative summed weights:
  0.1676E+00  0.0000E+00
  0.1627E+00  0.0000E+00
  0.1585E+00  0.0000E+00
  0.1538E+00  0.0000E+00
  0.1582E+00  0.0000E+00
  0.1994E+00  0.0000E+00
 Relative number of events:
  0.1675E+00  0.0000E+00
  0.1671E+00  0.0000E+00
  0.1659E+00  0.0000E+00
  0.1660E+00  0.0000E+00
  0.1668E+00  0.0000E+00
  0.1667E+00  0.0000E+00
 Events:
       21446           0
       21384           0
       21229           0
       21251           0
       21352           0
       21338           0
 Found        10758  events.
 Wrote           47  events.
 Actual xsec    120584657.73634295     
 Correct abs xsec    120584657.73634295     
 Event xsec    120584657.73634309     
 Events wgts > 1:            1
 % Cross section > 1:   0.43304267665371299       3.59119215315563303E-007
 Checking number of events   51551.147028863976               47  chi2:   0.14976557560413931     
 Found        10758  events.
 Wrote           38  events.
 Actual xsec    120584657.73634295     
 Correct abs xsec    120584657.73634295     
 Event xsec    120584657.73634307     
 Events wgts > 1:            1
 % Cross section > 1:   0.53560541570186615       4.44173766179243966E-007
 Iteration  9   Mean: 0.1199E+09 Abs mean: 0.1199E+09   Fluctuation:  0.175E+07   0.286E+12    99.4%
  9    0.1199E+09 0.1199E+09 +- 0.1751E+07      7.39
 Relative summed weights:
  0.1818E+00  0.0000E+00
  0.1704E+00  0.0000E+00
  0.1671E+00  0.0000E+00
  0.1621E+00  0.0000E+00
  0.1574E+00  0.0000E+00
  0.1612E+00  0.0000E+00
 Relative number of events:
  0.1675E+00  0.0000E+00
  0.1670E+00  0.0000E+00
  0.1665E+00  0.0000E+00
  0.1669E+00  0.0000E+00
  0.1644E+00  0.0000E+00
  0.1678E+00  0.0000E+00
 Events:
       42881           0
       42747           0
       42623           0
       42715           0
       42080           0
       42954           0
 Found        21754  events.
 Wrote          323  events.
 Actual xsec    120429360.74998382     
 Correct abs xsec    120429360.74998382     
 Event xsec    120429360.74998373     
 Events wgts > 1:            4
 % Cross section > 1:    865727.77463501180       0.71886769907572456     
 Checking number of events   51484.756014225582              323  chi2:   0.13141526866758038     
 Found        21754  events.
 Wrote          320  events.
 Actual xsec    120429360.74998382     
 Correct abs xsec    120429360.74998382     
 Event xsec    120429360.74998254     
 Events wgts > 1:            4
 % Cross section > 1:    873785.08478408493       0.72555818559737029     

 -------------------------------------------------------------------------------
 Accumulated results:   Integral =  0.1182E+09
                        Std dev  =  0.1101E+07
                       Cross sec =  0.1182E+09
             Chi**2 per DoF.     =      3.2320
 -------------------------------------------------------------------------------
-------------------------------------------------
---------------------------
 Results Last   3 iters: Integral =   0.1204E+09
                     Abs integral =   0.1204E+09
                          Std dev =   0.1362E+07
                  Chi**2 per DoF. =      0.1314
-------------------------------------------------
---------------------------
 Status -4.27509999999999978E-004          10           9
 Trying w/ fresh grid
 Starting w/ ncall =         4000
 Keeping grid fixed.
  5 dimensions   4000 events  5 invarients  8 iterations  1 config(s),  (0.99)
 Using h-tuple random number sequence.
 Error opening grid
 Using Uniform Grid!
 Using uniform alpha   1.0000000000000000     
 Grid defined OK
 Warning: No cutoff for shat integral found
          Minimum set to    204.08163265306121     
Setting grid   1    0.20408E+03   1
 Warning: No cutoff for shat integral found
          Minimum set to    204.08163265306121     
Setting grid   2    0.20408E+03   1
Warning xbin not returning correct x   2  0.999991E+00  0.997585E+00  0.2837E+03
Warning xbin not returning correct x   2  0.999977E+00  0.993557E+00  0.2837E+03
Warning xbin not returning correct x   2  0.999990E+00  0.997163E+00  0.2837E+03
Warning xbin not returning correct x   2  0.999991E+00  0.997434E+00  0.2837E+03
Warning xbin not returning correct x   2  0.999995E+00  0.998559E+00  0.2837E+03
Warning xbin still not working well. Last message this iteration.
 Iteration  1   Mean: 0.2354E+08 Abs mean: 0.2354E+08   Fluctuation:  0.481E+07   0.155E+11    99.0%
  1    0.2354E+08 0.2354E+08 +- 0.4814E+07     12.93
 Relative summed weights:
  0.1063E+00  0.0000E+00
  0.1353E+00  0.0000E+00
  0.7539E-01  0.0000E+00
  0.1347E+00  0.0000E+00
  0.3550E+00  0.0000E+00
  0.1933E+00  0.0000E+00
 Relative number of events:
  0.1653E+00  0.0000E+00
  0.1715E+00  0.0000E+00
  0.1795E+00  0.0000E+00
  0.1615E+00  0.0000E+00
  0.1680E+00  0.0000E+00
  0.1542E+00  0.0000E+00
 Events:
         661           0
         686           0
         718           0
         646           0
         672           0
         617           0
Warning xbin not returning correct x   1  0.989580E+00  0.999844E+00  0.1519E-01
Warning xbin not returning correct x   1  0.988233E+00  0.999824E+00  0.1519E-01
Warning xbin not returning correct x   1  0.995409E+00  0.999931E+00  0.1519E-01
Warning xbin not returning correct x   1  0.990432E+00  0.999857E+00  0.1519E-01
Warning xbin not returning correct x   1  0.996722E+00  0.999951E+00  0.1519E-01
Warning xbin still not working well. Last message this iteration.
 Iteration  2   Mean: 0.3235E+07 Abs mean: 0.3235E+07   Fluctuation:  0.277E+06   0.115E+10    95.8%
  2    0.3235E+07 0.3235E+07 +- 0.2773E+06      7.66
 Relative summed weights:
  0.1562E+00  0.0000E+00
  0.2693E+00  0.0000E+00
  0.1214E+00  0.0000E+00
  0.1642E+00  0.0000E+00
  0.1102E+00  0.0000E+00
  0.1787E+00  0.0000E+00
 Relative number of events:
  0.1706E+00  0.0000E+00
  0.1671E+00  0.0000E+00
  0.1648E+00  0.0000E+00
  0.1678E+00  0.0000E+00
  0.1640E+00  0.0000E+00
  0.1658E+00  0.0000E+00
 Events:
        1365           0
        1337           0
        1318           0
        1342           0
        1312           0
        1326           0
 Iteration  3   Mean: 0.3912E+08 Abs mean: 0.3912E+08   Fluctuation:  0.177E+08   0.278E+12   100.0%
  3    0.3912E+08 0.3912E+08 +- 0.1770E+08     57.23
 Relative summed weights:
  0.1229E+00  0.0000E+00
  0.8370E-01  0.0000E+00
  0.4705E-01  0.0000E+00
  0.1085E+00  0.0000E+00
  0.4258E-01  0.0000E+00
  0.5953E+00  0.0000E+00
 Relative number of events:
  0.1667E+00  0.0000E+00
  0.1658E+00  0.0000E+00
  0.1665E+00  0.0000E+00
  0.1690E+00  0.0000E+00
  0.1667E+00  0.0000E+00
  0.1653E+00  0.0000E+00
 Events:
        2667           0
        2653           0
        2664           0
        2704           0
        2667           0
        2645           0
 Found         1762  events.
 Wrote            2  events.
 Actual xsec    7240237.2306842953     
 Correct abs xsec    7240237.2306842953     
 Event xsec    7240237.2306842962     
 Events wgts > 1:            1
 % Cross section > 1:   9.07656922936439514E-003  1.25362870582440038E-007
 Checking number of events   3095.2738184898431                2  chi2:    111.67972068030321     
 Found         1762  events.
 Wrote            2  events.
 Actual xsec    7240237.2306842953     
 Correct abs xsec    7240237.2306842953     
 Event xsec    7240237.2306842962     
 Events wgts > 1:            1
 % Cross section > 1:   9.07656922936439514E-003  1.25362870582440038E-007
 Iteration  4   Mean: 0.5584E+08 Abs mean: 0.5584E+08   Fluctuation:  0.104E+08   0.268E+12    99.9%
  4    0.5584E+08 0.5584E+08 +- 0.1039E+08     33.29
 Relative summed weights:
  0.2313E+00  0.0000E+00
  0.1361E+00  0.0000E+00
  0.1119E+00  0.0000E+00
  0.8979E-01  0.0000E+00
  0.1926E+00  0.0000E+00
  0.2383E+00  0.0000E+00
 Relative number of events:
  0.1666E+00  0.0000E+00
  0.1641E+00  0.0000E+00
  0.1686E+00  0.0000E+00
  0.1688E+00  0.0000E+00
  0.1659E+00  0.0000E+00
  0.1660E+00  0.0000E+00
 Events:
        5331           0
        5252           0
        5395           0
        5401           0
        5308           0
        5313           0
 Found         1429  events.
 Wrote            9  events.
 Actual xsec    13203709.337026505     
 Correct abs xsec    13203709.337026505     
 Event xsec    13203709.337026507     
 Events wgts > 1:            1
 % Cross section > 1:   2.42666357662528753E-002  1.83786503828913854E-007
 Checking number of events   5644.7177786722004                9  chi2:    655.83839142969055     
 Found         1429  events.
 Wrote           10  events.
 Actual xsec    13203709.337026505     
 Correct abs xsec    13203709.337026505     
 Event xsec    13203709.337026503     
 Events wgts > 1:            1
 % Cross section > 1:   2.18399721197783947E-002  1.65407852917010614E-007
 Iteration  5   Mean: 0.2364E+09 Abs mean: 0.2364E+09   Fluctuation:  0.109E+09   0.602E+13    99.5%
  5    0.2364E+09 0.2364E+09 +- 0.1090E+09    116.62
 Relative summed weights:
  0.8886E-01  0.0000E+00
  0.5175E-01  0.0000E+00
  0.7086E+00  0.0000E+00
  0.4974E-01  0.0000E+00
  0.5294E-01  0.0000E+00
  0.4809E-01  0.0000E+00
 Relative number of events:
  0.1655E+00  0.0000E+00
  0.1677E+00  0.0000E+00
  0.1692E+00  0.0000E+00
  0.1641E+00  0.0000E+00
  0.1658E+00  0.0000E+00
  0.1677E+00  0.0000E+00
 Events:
       10594           0
       10731           0
       10826           0
       10503           0
       10614           0
       10732           0
 Found         4181  events.
 Wrote            2  events.
 Actual xsec    75802570.524839088     
 Correct abs xsec    75802570.524839088     
 Event xsec    75802570.524839073     
 Events wgts > 1:            1
 % Cross section > 1:    17.074193358421326       2.25245572019572018E-005
 Checking number of events   32406.356925073957                2  chi2:    5.0798852347771675     
 Found         4181  events.
 Wrote            2  events.
 Actual xsec    75802570.524839088     
 Correct abs xsec    75802570.524839088     
 Event xsec    75802570.524839073     
 Events wgts > 1:            1
 % Cross section > 1:    17.074193358421326       2.25245572019572018E-005
 Fixing grid
 Iteration  6   Mean: 0.1092E+09 Abs mean: 0.1092E+09   Fluctuation:  0.591E+07   0.326E+12    99.3%
  6    0.1092E+09 0.1092E+09 +- 0.5914E+07     19.37
 Relative summed weights:
  0.1802E+00  0.0000E+00
  0.1923E+00  0.0000E+00
  0.1373E+00  0.0000E+00
  0.1842E+00  0.0000E+00
  0.1516E+00  0.0000E+00
  0.1544E+00  0.0000E+00
 Relative number of events:
  0.1692E+00  0.0000E+00
  0.1668E+00  0.0000E+00
  0.1658E+00  0.0000E+00
  0.1683E+00  0.0000E+00
  0.1658E+00  0.0000E+00
  0.1642E+00  0.0000E+00
 Events:
       21652           0
       21356           0
       21220           0
       21540           0
       21218           0
       21014           0
 Found         3787  events.
 Wrote           41  events.
 Actual xsec    106704875.70148958     
 Correct abs xsec    106704875.70148958     
 Event xsec    106704875.70148960     
 Events wgts > 1:            1
 % Cross section > 1:    12779.692831023131       1.19766718690294365E-002
 Checking number of events   45617.401411143808               41  chi2:    12.776957535418630     
 Found         3787  events.
 Wrote           49  events.
 Actual xsec    106704875.70148958     
 Correct abs xsec    106704875.70148958     
 Event xsec    106704875.70148966     
 Events wgts > 1:            1
 % Cross section > 1:    10693.421465305146       1.00214928277695004E-002
 Iteration  7   Mean: 0.1077E+09 Abs mean: 0.1077E+09   Fluctuation:  0.654E+07   0.108E+13    99.2%
  7    0.1077E+09 0.1077E+09 +- 0.6537E+07     30.71
 Relative summed weights:
  0.1633E+00  0.0000E+00
  0.1525E+00  0.0000E+00
  0.1413E+00  0.0000E+00
  0.1978E+00  0.0000E+00
  0.1681E+00  0.0000E+00
  0.1770E+00  0.0000E+00
 Relative number of events:
  0.1662E+00  0.0000E+00
  0.1669E+00  0.0000E+00
  0.1667E+00  0.0000E+00
  0.1675E+00  0.0000E+00
  0.1662E+00  0.0000E+00
  0.1666E+00  0.0000E+00
 Events:
       42552           0
       42715           0
       42680           0
       42874           0
       42537           0
       42642           0
 Found        15035  events.
 Wrote           21  events.
 Actual xsec    109526805.37305924     
 Correct abs xsec    109526805.37305924     
 Event xsec    109526805.37305930     
 Events wgts > 1:            2
 % Cross section > 1:    234548.54748179484       0.21414716395945169     
 Checking number of events   46823.804565036553               21  chi2:   0.71743552795753296     
 Found        15035  events.
 Wrote           24  events.
 Actual xsec    109526805.37305924     
 Correct abs xsec    109526805.37305924     
 Event xsec    109526805.37305917     
 Events wgts > 1:            2
 % Cross section > 1:    205284.93052866682       0.18742894018450185     
 Iteration  8   Mean: 0.1096E+09 Abs mean: 0.1096E+09   Fluctuation:  0.552E+07   0.200E+13    99.3%
  8    0.1096E+09 0.1096E+09 +- 0.5518E+07     36.02
 Relative summed weights:
  0.1842E+00  0.0000E+00
  0.1655E+00  0.0000E+00
  0.1480E+00  0.0000E+00
  0.1708E+00  0.0000E+00
  0.1615E+00  0.0000E+00
  0.1699E+00  0.0000E+00
 Relative number of events:
  0.1670E+00  0.0000E+00
  0.1657E+00  0.0000E+00
  0.1666E+00  0.0000E+00
  0.1665E+00  0.0000E+00
  0.1671E+00  0.0000E+00
  0.1670E+00  0.0000E+00
 Events:
       85498           0
       84858           0
       85296           0
       85271           0
       85551           0
       85526           0
 Found        30272  events.
 Wrote           31  events.
 Actual xsec    118548601.69009382     
 Correct abs xsec    118548601.69009382     
 Event xsec    118548601.69009373     
 Events wgts > 1:            1
 % Cross section > 1:   0.64279690943658352       5.42222261817110493E-007
 Checking number of events   46587.816613635921               31  chi2:   2.65968035375468946E-002
 Found        30272  events.
 Wrote           26  events.
 Actual xsec    118548601.69009382     
 Correct abs xsec    118548601.69009382     
 Event xsec    118548601.69009373     
 Events wgts > 1:            1
 % Cross section > 1:   0.76641169935464859       6.46495773402861037E-007

 -------------------------------------------------------------------------------
 Accumulated results:   Integral =  0.9428E+08
                        Std dev  =  0.2715E+07
                       Cross sec =  0.9428E+08
             Chi**2 per DoF.     =     26.0218
 -------------------------------------------------------------------------------
-------------------------------------------------
---------------------------
 Results Last   3 iters: Integral =   0.1090E+09
                     Abs integral =   0.1090E+09
                         Std dev =   0.3434E+07
                 Chi**2 per DoF. =      0.0266
-------------------------------------------------
---------------------------
>>>>>>> 911b5ec345c81b054214c521136984e9d6306827

ls status:
events.lhe
ftn25
ftn26
input_sg.txt
<<<<<<< HEAD
=======
log.txt
>>>>>>> 911b5ec345c81b054214c521136984e9d6306827
moffset.dat
results.dat
run_01_ftn26.gz
run_01_log.txt
run_01_results.dat
run_02_ftn26.gz
run_02_log.txt
run_02_results.dat
<<<<<<< HEAD
run_03_ftn26.gz
run_03_log.txt
run_03_results.dat
run_04_ftn26.gz
run_04_log.txt
run_04_results.dat
run_08_ftn26.gz
run_08_log.txt
run_08_results.dat
run_09_ftn26.gz
run_09_log.txt
run_09_results.dat
run_10_ftn26.gz
run_10_log.txt
run_10_results.dat
run_11_ftn26.gz
run_11_log.txt
run_11_results.dat
=======
>>>>>>> 911b5ec345c81b054214c521136984e9d6306827
run1_app.log
