 Process in group number            0
 No PDF is used, alpha_s(MZ) from param_card is used
 Value of alpha_s from param_card:   0.11800000071525575     
 The default order of alpha_s running is fixed to            2
<<<<<<< HEAD
=======
 Warning: pt or E min of a gamma should in general be >0
 Warning: pt or E min of a gamma should in general be >0
 Warning: pt or E min of a gamma should in general be >0
>>>>>>> 911b5ec345c81b054214c521136984e9d6306827
 *****************************************************
 *               MadGraph/MadEvent                   *
 *        --------------------------------           *
 *          http://madgraph.hep.uiuc.edu             *
 *          http://madgraph.phys.ucl.ac.be           *
 *          http://madgraph.roma2.infn.it            *
 *        --------------------------------           *
 *                                                   *
 *          PARAMETER AND COUPLING VALUES            *
 *                                                   *
 *****************************************************

  External Params
  ---------------------------------
  
 aEWM1 =    132.50700378417969     
 mdl_Gf =   1.16639000000000003E-005
 aS =   0.11800000071525575     
 mdl_ymb =    4.6999998092651367     
 mdl_ymt =    173.00000000000000     
 mdl_yme =   5.10999991092830896E-004
 mdl_ymm =   0.10565999895334244     
 mdl_ymtau =    1.7769999504089355     
 mdl_MZ =    91.188003540039063     
 mdl_MT =    173.00000000000000     
 mdl_MB =    4.6999998092651367     
 mdl_MH =    125.00000000000000     
 mdl_Me =   5.10999991092830896E-004
 mdl_MM =   0.10565999895334244     
 mdl_MTA =    1.7769999504089355     
 mdl_WZ =    2.4414041042327881     
 mdl_WW =    2.0476000308990479     
 mdl_WT =    1.4915000200271606     
 mdl_WH =   6.38233916833996773E-003
 mdl_WTau =   2.26999999999999982E-012
  Internal Params
  ---------------------------------
  
 mdl_conjg__CKM3x3 =    1.0000000000000000     
 mdl_CKM3x3 =    1.0000000000000000     
 mdl_conjg__CKM1x1 =    1.0000000000000000     
 mdl_complexi =  (  0.0000000000000000     ,  1.0000000000000000     )
 mdl_MZ__exp__2 =    8315.2519896181766     
 mdl_MZ__exp__4 =    69143415.650849044     
 mdl_sqrt__2 =    1.4142135623730951     
 mdl_MH__exp__2 =    15625.000000000000     
 mdl_aEW =   7.54677089845565054E-003
 mdl_MW =    80.419007276179556     
 mdl_sqrt__aEW =   8.68721526063194194E-002
 mdl_ee =   0.30795376284704501     
 mdl_MW__exp__2 =    6467.2167312862202     
 mdl_sw2 =   0.22224645274001076     
 mdl_cw =   0.88190336616887299     
 mdl_sqrt__sw2 =   0.47143022043565552     
 mdl_sw =   0.47143022043565552     
 mdl_g1 =   0.34919218438279087     
 mdl_gw =   0.65323296958447097     
 mdl_vev =    246.21845810181631     
 mdl_vev__exp__2 =    60623.529110035874     
 mdl_lam =   0.12886910601690271     
 mdl_yb =   2.69955531549349904E-002
 mdl_ye =   2.93504850670934038E-006
 mdl_ym =   6.06883028478528356E-004
 mdl_yt =   0.99366614581500645     
 mdl_ytau =   1.02066167158167895E-002
 mdl_muH =    88.388347648318444     
 mdl_I1x33 =  ( 2.69955531549349904E-002,  0.0000000000000000     )
 mdl_I2x33 =  ( 0.99366614581500645     ,  0.0000000000000000     )
 mdl_I3x33 =  ( 0.99366614581500645     ,  0.0000000000000000     )
 mdl_I4x33 =  ( 2.69955531549349904E-002,  0.0000000000000000     )
 mdl_ee__exp__2 =   9.48355200516540348E-002
 mdl_sw__exp__2 =   0.22224645274001076     
 mdl_cw__exp__2 =   0.77775354725998924     
  Internal Params evaluated point by point
  ----------------------------------------
  
 mdl_sqrt__aS =   0.34351128178744839     
 mdl_G__exp__2 =    1.4828317414825511     
  Couplings of sm-lepton_masses
  ---------------------------------
  
         GC_3 =  -0.00000E+00  -0.30795E+00

 Collider parameters:
 --------------------

<<<<<<< HEAD
 Running at e e   machine @   7.14879999999999960E-002  GeV
=======
 Running at e e   machine @   7.00000000000000067E-002  GeV
>>>>>>> 911b5ec345c81b054214c521136984e9d6306827
 PDF set = none   
 alpha_s(Mz)= 0.1180 running at 2 loops.
 alpha_s(Mz)= 0.1180 running at 2 loops.
 Renormalization scale fixed @    91.188000000000002     
 Factorization scales  fixed @    91.188000000000002        91.188000000000002     


 getting user params
Enter number of events and max and min iterations: 
<<<<<<< HEAD
 Number of events and iterations         2000           9           3
Enter desired fractional accuracy: 
 Desired fractional accuracy:  -1.03289999999999995E-004
=======
 Number of events and iterations         1000           9           3
Enter desired fractional accuracy: 
 Desired fractional accuracy:  -4.27509999999999978E-004
>>>>>>> 911b5ec345c81b054214c521136984e9d6306827
Enter 0 for fixed, 2 for adjustable grid: 
Suppress amplitude (0 no, 1 yes)? 
 Using suppressed amplitude.
Exact helicity sum (0 yes, n = number/event)? 
 Explicitly summing over helicities
Enter Configuration Number: 
Running Configuration Number:    1
 Not subdividing B.W.
 Attempting mappinvarients           1           5
 Completed mapping           5
<<<<<<< HEAD
 about to integrate            5        2000           9           3           5           1
 Using non-zero grid deformation.
  5 dimensions   2000 events  5 invarients  9 iterations  1 config(s),  (0.99)
 Using h-tuple random number sequence.
 Error opening grid
 Using Uniform Grid!
 Using uniform alpha   1.0000000000000000     
 Grid defined OK
 Set CM energy to          0.07
 Mapping Graph           1  to config           1
Setting grid   1    0.17611E-04   1
Setting grid   2    0.17611E-04   1
=======
 about to integrate            5        1000           9           3           5           1
 Keeping grid fixed.
  5 dimensions   1000 events  5 invarients  9 iterations  1 config(s),  (0.99)
 Using h-tuple random number sequence.
 Grid read from file
 Grid defined OK
 Set CM energy to          0.07
 Mapping Graph           1  to config           1
 Warning: No cutoff for shat integral found
          Minimum set to    204.08163265306121     
 No modification is setgrid, grid read from file
 Warning: No cutoff for shat integral found
          Minimum set to    204.08163265306121     
 No modification is setgrid, grid read from file
>>>>>>> 911b5ec345c81b054214c521136984e9d6306827
 Masses: 0.511E-03 0.511E-03 0.000E+00 0.000E+00 0.000E+00
   1   1   2   3   4   5
 Got moffset           5
Using random seed offsets     1 :      1
<<<<<<< HEAD
  with seed                  114
 Ranmar initialization seeds       20445       25277
=======
  with seed                   48
 Ranmar initialization seeds       30234       25208
>>>>>>> 911b5ec345c81b054214c521136984e9d6306827
  Particle       3       4       5
      Et >     0.0     0.0     0.0
       E >     0.0     0.0     0.0
     Eta <    -1.0    -1.0    -1.0
   xqcut:      0.0     0.0     0.0
d R # 3  >    -0.0     0.0     0.0
d R # 4  >    -0.0    -0.0     0.0
s min # 3>     0.0     0.0     0.0
s min # 4>     0.0     0.0     0.0
xqcutij # 3>     0.0     0.0     0.0
xqcutij # 4>     0.0     0.0     0.0
 alpha_s for scale    91.188000000000002       is   0.11800000071525575     
<<<<<<< HEAD
 Added good helicity            1  0.10467819055040681       in event            1
 Added good helicity            2  6.53520013723377060E-006  in event            1
 Added good helicity            3  6.71003532116113040E-005  in event            1
 Added good helicity            5  0.10254916289403156       in event            1
 Added good helicity            6  6.41737568016835165E-006  in event            1
 Added good helicity            7  6.48543745868628803E-006  in event            1
 Added good helicity           10   7.9984210058595488       in event            1
 Added good helicity           11  1.26531550511782629E-004  in event            1
 Added good helicity           14   7.7940123147973175       in event            1
 Added good helicity           15  1.25893603479422463E-004  in event            1
 Added good helicity           18  1.25893603479422463E-004  in event            1
 Added good helicity           19   7.7940123147973175       in event            1
 Added good helicity           22  1.26531550511782629E-004  in event            1
 Added good helicity           23   7.9984210058595488       in event            1
 Added good helicity           26  6.48543745868628803E-006  in event            1
 Added good helicity           27  6.41737568016834911E-006  in event            1
 Added good helicity           28  0.10254916289403150       in event            1
 Added good helicity           30  6.71003532116113175E-005  in event            1
 Added good helicity           31  6.53520013723376891E-006  in event            1
 Added good helicity           32  0.10467819055040681       in event            1
 Added good helicity            4  5.45807433060253873E-006  in event            2
 Added good helicity           12   6.6547136728190637       in event            2
 Added good helicity           13  9.51693264531811749E-005  in event            2
 Added good helicity           20  9.51693264531811749E-005  in event            2
 Added good helicity           21   6.6547136728190637       in event            2
 Added good helicity           29  5.45807433060253873E-006  in event            2
 Iteration  1   Mean: 0.3521E+08 Abs mean: 0.3521E+08   Fluctuation:  0.269E+07   0.372E+10    99.0%
  1    0.3521E+08 0.3521E+08 +- 0.2692E+07      3.42
 Writing out events   1976.7315944067179        3.4194429343471566     
 Relative summed weights:
  0.1288E+00  0.0000E+00
  0.2079E+00  0.0000E+00
  0.1783E+00  0.0000E+00
  0.1366E+00  0.0000E+00
  0.1464E+00  0.0000E+00
  0.2020E+00  0.0000E+00
 Relative number of events:
  0.1575E+00  0.0000E+00
  0.1725E+00  0.0000E+00
  0.1730E+00  0.0000E+00
  0.1620E+00  0.0000E+00
  0.1700E+00  0.0000E+00
  0.1650E+00  0.0000E+00
 Events:
         315           0
         345           0
         346           0
         324           0
         340           0
         330           0
 Iteration  2   Mean: 0.3488E+08 Abs mean: 0.3488E+08   Fluctuation:  0.212E+07   0.712E+10    97.0%
  2    0.3488E+08 0.3488E+08 +- 0.2122E+07      3.85
 Relative summed weights:
  0.1399E+00  0.0000E+00
  0.1414E+00  0.0000E+00
  0.1582E+00  0.0000E+00
  0.2032E+00  0.0000E+00
  0.2019E+00  0.0000E+00
  0.1554E+00  0.0000E+00
 Relative number of events:
  0.1618E+00  0.0000E+00
  0.1700E+00  0.0000E+00
  0.1635E+00  0.0000E+00
  0.1670E+00  0.0000E+00
  0.1720E+00  0.0000E+00
  0.1658E+00  0.0000E+00
 Events:
         647           0
         680           0
         654           0
         668           0
         688           0
         663           0
 Iteration  3   Mean: 0.3931E+08 Abs mean: 0.3931E+08   Fluctuation:  0.208E+07   0.144E+11    96.8%
  3    0.3931E+08 0.3931E+08 +- 0.2080E+07      4.73
 Relative summed weights:
  0.1721E+00  0.0000E+00
  0.1481E+00  0.0000E+00
  0.1543E+00  0.0000E+00
  0.1608E+00  0.0000E+00
  0.2205E+00  0.0000E+00
  0.1442E+00  0.0000E+00
 Relative number of events:
  0.1739E+00  0.0000E+00
  0.1625E+00  0.0000E+00
  0.1653E+00  0.0000E+00
  0.1613E+00  0.0000E+00
  0.1690E+00  0.0000E+00
  0.1681E+00  0.0000E+00
 Events:
        1391           0
        1300           0
        1322           0
        1290           0
        1352           0
        1345           0
 Found          823  events.
 Wrote           16  events.
 Actual xsec    36932863.571012691     
 Correct abs xsec    36932863.571012691     
 Event xsec    36932863.571012683     
 Events wgts > 1:            0
 % Cross section > 1:    0.0000000000000000        0.0000000000000000     
 Checking number of events   3814.7954782499005               16  chi2:    1.3242994540057889     
 Found          823  events.
 Wrote           24  events.
 Actual xsec    36932863.571012691     
 Correct abs xsec    36932863.571012691     
 Event xsec    36932863.571012676     
 Events wgts > 1:            0
 % Cross section > 1:    0.0000000000000000        0.0000000000000000     
 Iteration  4   Mean: 0.3943E+08 Abs mean: 0.3943E+08   Fluctuation:  0.101E+07   0.113E+11    97.5%
  4    0.3943E+08 0.3943E+08 +- 0.1014E+07      3.25
 Relative summed weights:
  0.1670E+00  0.0000E+00
  0.1503E+00  0.0000E+00
  0.1710E+00  0.0000E+00
  0.1625E+00  0.0000E+00
  0.1691E+00  0.0000E+00
  0.1800E+00  0.0000E+00
 Relative number of events:
  0.1678E+00  0.0000E+00
  0.1643E+00  0.0000E+00
  0.1656E+00  0.0000E+00
  0.1688E+00  0.0000E+00
  0.1662E+00  0.0000E+00
  0.1673E+00  0.0000E+00
 Events:
        2684           0
        2629           0
        2650           0
        2701           0
        2659           0
        2677           0
 Found         1453  events.
 Wrote          104  events.
 Actual xsec    38832599.119424164     
 Correct abs xsec    38832599.119424164     
 Event xsec    38832599.119424209     
 Events wgts > 1:            2
 % Cross section > 1:    329868.41857154662       0.84946263204552075     
 Checking number of events   4011.0191630453219              104  chi2:    1.9310516762757914     
 Found         1453  events.
 Wrote          104  events.
 Actual xsec    38832599.119424164     
 Correct abs xsec    38832599.119424164     
 Event xsec    38832599.119424209     
 Events wgts > 1:            2
 % Cross section > 1:    329868.41857154662       0.84946263204552075     
 Iteration  5   Mean: 0.4004E+08 Abs mean: 0.4004E+08   Fluctuation:  0.509E+06   0.503E+10    96.7%
  5    0.4004E+08 0.4004E+08 +- 0.5095E+06      2.28
 Relative summed weights:
  0.1651E+00  0.0000E+00
  0.1697E+00  0.0000E+00
  0.1692E+00  0.0000E+00
  0.1662E+00  0.0000E+00
  0.1602E+00  0.0000E+00
  0.1695E+00  0.0000E+00
 Relative number of events:
  0.1664E+00  0.0000E+00
  0.1648E+00  0.0000E+00
  0.1652E+00  0.0000E+00
  0.1697E+00  0.0000E+00
  0.1666E+00  0.0000E+00
  0.1674E+00  0.0000E+00
 Events:
        5324           0
        5272           0
        5285           0
        5430           0
        5331           0
        5358           0
 Found         3089  events.
 Wrote          556  events.
 Actual xsec    39895000.087044932     
 Correct abs xsec    39895000.087044932     
 Event xsec    39895000.087044477     
 Events wgts > 1:           13
 % Cross section > 1:    373082.83201217646       0.93516187792497729     
 Checking number of events   4120.7545589908705              556  chi2:   0.18882626777292383     
 Found         3089  events.
 Wrote          556  events.
 Actual xsec    39895000.087044932     
 Correct abs xsec    39895000.087044932     
 Event xsec    39895000.087044477     
 Events wgts > 1:           13
 % Cross section > 1:    373082.83201217646       0.93516187792497729     
 Iteration  6   Mean: 0.4050E+08 Abs mean: 0.4050E+08   Fluctuation:  0.358E+06   0.630E+10    96.4%
  6    0.4050E+08 0.4050E+08 +- 0.3577E+06      2.23
 Relative summed weights:
  0.1627E+00  0.0000E+00
  0.1648E+00  0.0000E+00
  0.1664E+00  0.0000E+00
  0.1695E+00  0.0000E+00
  0.1669E+00  0.0000E+00
  0.1697E+00  0.0000E+00
 Relative number of events:
  0.1658E+00  0.0000E+00
  0.1656E+00  0.0000E+00
  0.1658E+00  0.0000E+00
  0.1690E+00  0.0000E+00
  0.1655E+00  0.0000E+00
  0.1683E+00  0.0000E+00
 Events:
       10614           0
       10596           0
       10614           0
       10813           0
       10595           0
       10768           0
 Found         6320  events.
 Wrote         1053  events.
 Actual xsec    40284039.250337370     
 Correct abs xsec    40284039.250337370     
 Event xsec    40284039.250337318     
 Events wgts > 1:           14
 % Cross section > 1:    393347.54780658090       0.97643522130985705     
 Checking number of events   4160.9384141673463             1053  chi2:   0.65295766320248139     
 Found         6320  events.
 Wrote         1089  events.
 Actual xsec    40284039.250337370     
 Correct abs xsec    40284039.250337370     
 Event xsec    40284039.250336312     
 Events wgts > 1:           14
 % Cross section > 1:    380467.13350213278       0.94446123224586132     
 Iteration  7   Mean: 0.4032E+08 Abs mean: 0.4032E+08   Fluctuation:  0.209E+06   0.482E+10    97.1%
  7    0.4032E+08 0.4032E+08 +- 0.2092E+06      1.86
 Relative summed weights:
  0.1682E+00  0.0000E+00
  0.1669E+00  0.0000E+00
  0.1648E+00  0.0000E+00
  0.1684E+00  0.0000E+00
  0.1645E+00  0.0000E+00
  0.1671E+00  0.0000E+00
 Relative number of events:
  0.1657E+00  0.0000E+00
  0.1669E+00  0.0000E+00
  0.1672E+00  0.0000E+00
  0.1655E+00  0.0000E+00
  0.1669E+00  0.0000E+00
  0.1678E+00  0.0000E+00
 Events:
       21204           0
       21358           0
       21406           0
       21186           0
       21364           0
       21482           0
 Found        12474  events.
 Wrote         3479  events.
 Actual xsec    40332969.470955402     
 Correct abs xsec    40332969.470955402     
 Event xsec    40332969.470957242     
 Events wgts > 1:           56
 % Cross section > 1:    403277.61606922938       0.99987087823925158     
 Checking number of events   4165.9924166549836             3479  chi2:   0.27294834026476883     
 Found        12474  events.
 Wrote         3500  events.
 Actual xsec    40332969.470955402     
 Correct abs xsec    40332969.470955402     
 Event xsec    40332969.470956504     
 Events wgts > 1:           56
 % Cross section > 1:    400882.00018707005       0.99393128114641416     
 Iteration  8   Mean: 0.4043E+08 Abs mean: 0.4043E+08   Fluctuation:  0.128E+06   0.316E+10    96.9%
  8    0.4043E+08 0.4043E+08 +- 0.1277E+06      1.60
 Relative summed weights:
  0.1674E+00  0.0000E+00
  0.1660E+00  0.0000E+00
  0.1663E+00  0.0000E+00
  0.1670E+00  0.0000E+00
  0.1663E+00  0.0000E+00
  0.1670E+00  0.0000E+00
 Relative number of events:
  0.1670E+00  0.0000E+00
  0.1666E+00  0.0000E+00
  0.1662E+00  0.0000E+00
  0.1675E+00  0.0000E+00
  0.1657E+00  0.0000E+00
  0.1669E+00  0.0000E+00
 Events:
       42753           0
       42661           0
       42550           0
       42891           0
       42424           0
       42721           0
 Found        25444  events.
 Wrote        10501  events.
 Actual xsec    40409678.071630545     
 Correct abs xsec    40409678.071630545     
 Event xsec    40409678.071616352     
 Events wgts > 1:          223
 % Cross section > 1:    404185.07056919491        1.0002184869002790     
 Checking number of events   4173.9156480187185            10501  chi2:   0.13098549915746929     

 -------------------------------------------------------------------------------
 Accumulated results:   Integral =  0.4037E+08
                        Std dev  =  0.1013E+06
                       Cross sec =  0.1382E+01
             Chi**2 per DoF.     =
-------------------------------------------------
---------------------------
 Results Last   3 iters: Integral =   0.4041E+08
                     Abs integral =   0.4041E+08
                          Std dev =   0.1043E+06
                  Chi**2 per DoF. =      0.1310
-------------------------------------------------
---------------------------
 Status -1.03289999999999995E-004           9           9
 We found enough events       10501   4173.9156480187185     
=======
 Added good helicity            1  0.51771582057565868       in event            1
 Added good helicity            2  1.27183874274338489E-006  in event            1
 Added good helicity            3  0.51682093780230576       in event            1
 Added good helicity            4  1.26630255111685571E-006  in event            1
 Added good helicity            5  1.23729864988767768E-006  in event            1
 Added good helicity            7  1.20752090430610066E-006  in event            1
 Added good helicity           10  4.34173889509836893E-006  in event            1
 Added good helicity           12  4.65933985602127256E-006  in event            1
 Added good helicity           13   7.5742224530178071       in event            1
 Added good helicity           15   7.3912267944810273       in event            1
 Added good helicity           18   7.3912267944810273       in event            1
 Added good helicity           20   7.5742224530178071       in event            1
 Added good helicity           21  4.65933985602127256E-006  in event            1
 Added good helicity           23  4.34173889509836893E-006  in event            1
 Added good helicity           26  1.20752090430610024E-006  in event            1
 Added good helicity           28  1.23729864988767768E-006  in event            1
 Added good helicity           29  1.26630255111685571E-006  in event            1
 Added good helicity           30  0.51682093780230576       in event            1
 Added good helicity           31  1.27183874274338489E-006  in event            1
 Added good helicity           32  0.51771582057565868       in event            1
 Added good helicity            6  3.11117838264273150E-005  in event            2
 Added good helicity           11  2.87672815027682337E-003  in event            2
 Added good helicity           14   7.4074641902434646       in event            2
 Added good helicity           19   7.4074641902434646       in event            2
 Added good helicity           22  2.87672815027682337E-003  in event            2
 Added good helicity           27  3.11117838264273150E-005  in event            2
 Iteration  1   Mean: 0.1036E+09 Abs mean: 0.1036E+09   Fluctuation:  0.828E+07   0.660E+10    99.4%
  1    0.1036E+09 0.1036E+09 +- 0.8281E+07      2.53
 Writing out events   11582.163941571582        2.5272083277722852     
 Relative summed weights:
  0.2107E+00  0.0000E+00
  0.1547E+00  0.0000E+00
  0.1928E+00  0.0000E+00
  0.1500E+00  0.0000E+00
  0.1379E+00  0.0000E+00
  0.1539E+00  0.0000E+00
 Relative number of events:
  0.1590E+00  0.0000E+00
  0.1550E+00  0.0000E+00
  0.1660E+00  0.0000E+00
  0.1730E+00  0.0000E+00
  0.1680E+00  0.0000E+00
  0.1790E+00  0.0000E+00
 Events:
         159           0
         155           0
         166           0
         173           0
         168           0
         179           0
 Iteration  2   Mean: 0.1135E+09 Abs mean: 0.1135E+09   Fluctuation:  0.172E+08   0.341E+11    99.4%
  2    0.1135E+09 0.1135E+09 +- 0.1720E+08      6.78
 Relative summed weights:
  0.1235E+00  0.0000E+00
  0.1486E+00  0.0000E+00
  0.1373E+00  0.0000E+00
  0.1542E+00  0.0000E+00
  0.3068E+00  0.0000E+00
  0.1296E+00  0.0000E+00
 Relative number of events:
  0.1585E+00  0.0000E+00
  0.1630E+00  0.0000E+00
  0.1610E+00  0.0000E+00
  0.1745E+00  0.0000E+00
  0.1825E+00  0.0000E+00
  0.1605E+00  0.0000E+00
 Events:
         317           0
         326           0
         322           0
         349           0
         365           0
         321           0
 Iteration  3   Mean: 0.1185E+09 Abs mean: 0.1185E+09   Fluctuation:  0.104E+08   0.324E+11    99.3%
  3    0.1185E+09 0.1185E+09 +- 0.1043E+08      5.56
 Relative summed weights:
  0.1380E+00  0.0000E+00
  0.1428E+00  0.0000E+00
  0.1282E+00  0.0000E+00
  0.2160E+00  0.0000E+00
  0.2069E+00  0.0000E+00
  0.1680E+00  0.0000E+00
 Relative number of events:
  0.1615E+00  0.0000E+00
  0.1628E+00  0.0000E+00
  0.1693E+00  0.0000E+00
  0.1678E+00  0.0000E+00
  0.1747E+00  0.0000E+00
  0.1640E+00  0.0000E+00
 Events:
         646           0
         651           0
         677           0
         671           0
         699           0
         656           0
 Found          333  events.
 Wrote           14  events.
 Actual xsec    110759935.96789142     
 Correct abs xsec    110759935.96789142     
 Event xsec    110759935.96789144     
 Events wgts > 1:            0
 % Cross section > 1:    0.0000000000000000        0.0000000000000000     
 Checking number of events   47350.980225633262               14  chi2:   0.66033228659612553     
 Found          333  events.
 Wrote           16  events.
 Actual xsec    110759935.96789142     
 Correct abs xsec    110759935.96789142     
 Event xsec    110759935.96789144     
 Events wgts > 1:            0
 % Cross section > 1:    0.0000000000000000        0.0000000000000000     
 Iteration  4   Mean: 0.1290E+09 Abs mean: 0.1290E+09   Fluctuation:  0.152E+08   0.117E+12    99.5%
  4    0.1290E+09 0.1290E+09 +- 0.1517E+08     10.52
 Relative summed weights:
  0.1531E+00  0.0000E+00
  0.1414E+00  0.0000E+00
  0.2443E+00  0.0000E+00
  0.1502E+00  0.0000E+00
  0.1562E+00  0.0000E+00
  0.1546E+00  0.0000E+00
 Relative number of events:
  0.1686E+00  0.0000E+00
  0.1691E+00  0.0000E+00
  0.1571E+00  0.0000E+00
  0.1709E+00  0.0000E+00
  0.1645E+00  0.0000E+00
  0.1698E+00  0.0000E+00
 Events:
        1349           0
        1353           0
        1257           0
        1367           0
        1316           0
        1358           0
 Found          653  events.
 Wrote            9  events.
 Actual xsec    120691789.10560243     
 Correct abs xsec    120691789.10560243     
 Event xsec    120691789.10560241     
 Events wgts > 1:            1
 % Cross section > 1:   0.16683917492628098       1.38235729342201328E-007
 Checking number of events   51596.946760536091                9  chi2:   0.25858197467814137     
 Found          653  events.
 Wrote            7  events.
 Actual xsec    120691789.10560243     
 Correct abs xsec    120691789.10560243     
 Event xsec    120691789.10560246     
 Events wgts > 1:            1
 % Cross section > 1:   0.21450750902295113       1.77731650688566841E-007
 Iteration  5   Mean: 0.1198E+09 Abs mean: 0.1198E+09   Fluctuation:  0.448E+07   0.416E+11    99.6%
  5    0.1198E+09 0.1198E+09 +- 0.4484E+07      4.73
 Relative summed weights:
  0.1602E+00  0.0000E+00
  0.1477E+00  0.0000E+00
  0.1597E+00  0.0000E+00
  0.1692E+00  0.0000E+00
  0.1916E+00  0.0000E+00
  0.1715E+00  0.0000E+00
 Relative number of events:
  0.1664E+00  0.0000E+00
  0.1661E+00  0.0000E+00
  0.1681E+00  0.0000E+00
  0.1626E+00  0.0000E+00
  0.1663E+00  0.0000E+00
  0.1706E+00  0.0000E+00
 Events:
        2662           0
        2657           0
        2689           0
        2602           0
        2661           0
        2729           0
 Found         1264  events.
 Wrote           63  events.
 Actual xsec    120330273.05656384     
 Correct abs xsec    120330273.05656384     
 Event xsec    120330273.05656376     
 Events wgts > 1:            1
 % Cross section > 1:    848166.52504137810       0.70486545363582753     
 Checking number of events   51442.395034411602               63  chi2:   0.18408883494815106     
 Found         1264  events.
 Wrote           65  events.
 Actual xsec    120330273.05656384     
 Correct abs xsec    120330273.05656384     
 Event xsec    120330273.05656363     
 Events wgts > 1:            1
 % Cross section > 1:    822247.42390270485       0.68332548660983350     
 Iteration  6   Mean: 0.1205E+09 Abs mean: 0.1205E+09   Fluctuation:  0.342E+07   0.538E+11    99.5%
  6    0.1205E+09 0.1205E+09 +- 0.3420E+07      5.08
 Relative summed weights:
  0.1719E+00  0.0000E+00
  0.1670E+00  0.0000E+00
  0.1716E+00  0.0000E+00
  0.1651E+00  0.0000E+00
  0.1599E+00  0.0000E+00
  0.1645E+00  0.0000E+00
 Relative number of events:
  0.1633E+00  0.0000E+00
  0.1681E+00  0.0000E+00
  0.1657E+00  0.0000E+00
  0.1695E+00  0.0000E+00
  0.1688E+00  0.0000E+00
  0.1646E+00  0.0000E+00
 Events:
        5227           0
        5379           0
        5302           0
        5425           0
        5400           0
        5267           0
 Found         2774  events.
 Wrote           97  events.
 Actual xsec    120541862.41400070     
 Correct abs xsec    120541862.41400070     
 Event xsec    120541862.41400100     
 Events wgts > 1:            3
 % Cross section > 1:    1007142.6776186407       0.83551278987179534     
 Checking number of events   51532.851600609436               97  chi2:   0.16793786770452018     
 Found         2774  events.
 Wrote          100  events.
 Actual xsec    120541862.41400070     
 Correct abs xsec    120541862.41400070     
 Event xsec    120541862.41400065     
 Events wgts > 1:            3
 % Cross section > 1:    977173.32953450596       0.81065059885868307     
 Iteration  7   Mean: 0.1178E+09 Abs mean: 0.1178E+09   Fluctuation:  0.310E+07   0.111E+12    99.5%
  7    0.1178E+09 0.1178E+09 +- 0.3095E+07      6.65
 Relative summed weights:
  0.1671E+00  0.0000E+00
  0.1576E+00  0.0000E+00
  0.1674E+00  0.0000E+00
  0.1869E+00  0.0000E+00
  0.1543E+00  0.0000E+00
  0.1668E+00  0.0000E+00
 Relative number of events:
  0.1631E+00  0.0000E+00
  0.1659E+00  0.0000E+00
  0.1683E+00  0.0000E+00
  0.1689E+00  0.0000E+00
  0.1677E+00  0.0000E+00
  0.1662E+00  0.0000E+00
 Events:
       10436           0
       10616           0
       10772           0
       10807           0
       10732           0
       10637           0
 Found         5254  events.
 Wrote           66  events.
 Actual xsec    119199283.50703600     
 Correct abs xsec    119199283.50703600     
 Event xsec    119199283.50703610     
 Events wgts > 1:            2
 % Cross section > 1:    92070.895223748637       7.72411481972656855E-002
 Checking number of events   50958.885692092961               66  chi2:   0.18058777603566309     
 Found         5254  events.
 Wrote           64  events.
 Actual xsec    119199283.50703600     
 Correct abs xsec    119199283.50703600     
 Event xsec    119199283.50703612     
 Events wgts > 1:            2
 % Cross section > 1:    94945.818910719128       7.96530114252864962E-002
 Iteration  8   Mean: 0.1192E+09 Abs mean: 0.1192E+09   Fluctuation:  0.281E+07   0.240E+12    99.4%
  8    0.1192E+09 0.1192E+09 +- 0.2811E+07      8.43
 Relative summed weights:
  0.1727E+00  0.0000E+00
  0.1572E+00  0.0000E+00
  0.1532E+00  0.0000E+00
  0.1643E+00  0.0000E+00
  0.1641E+00  0.0000E+00
  0.1886E+00  0.0000E+00
 Relative number of events:
  0.1677E+00  0.0000E+00
  0.1655E+00  0.0000E+00
  0.1679E+00  0.0000E+00
  0.1654E+00  0.0000E+00
  0.1658E+00  0.0000E+00
  0.1676E+00  0.0000E+00
 Events:
       21471           0
       21188           0
       21490           0
       21174           0
       21223           0
       21454           0
 Found        10965  events.
 Wrote          114  events.
 Actual xsec    119118679.49212217     
 Correct abs xsec    119118679.49212217     
 Event xsec    119118679.49212211     
 Events wgts > 1:            1
 % Cross section > 1:    789395.39150049689       0.66269656015847911     
 Checking number of events   50924.426669677145              114  chi2:   0.17056564059368964     
 Found        10965  events.
 Wrote          112  events.
 Actual xsec    119118679.49212217     
 Correct abs xsec    119118679.49212217     
 Event xsec    119118679.49212261     
 Events wgts > 1:            1
 % Cross section > 1:    803396.66488331626       0.67445061371457316     
 Iteration  9   Mean: 0.1185E+09 Abs mean: 0.1185E+09   Fluctuation:  0.167E+07   0.256E+12    99.5%
  9    0.1185E+09 0.1185E+09 +- 0.1673E+07      7.14
 Relative summed weights:
  0.1715E+00  0.0000E+00
  0.1660E+00  0.0000E+00
  0.1664E+00  0.0000E+00
  0.1651E+00  0.0000E+00
  0.1664E+00  0.0000E+00
  0.1646E+00  0.0000E+00
 Relative number of events:
  0.1671E+00  0.0000E+00
  0.1669E+00  0.0000E+00
  0.1663E+00  0.0000E+00
  0.1674E+00  0.0000E+00
  0.1660E+00  0.0000E+00
  0.1664E+00  0.0000E+00
 Events:
       42769           0
       42723           0
       42572           0
       42845           0
       42493           0
       42598           0
 Found        21676  events.
 Wrote          292  events.
 Actual xsec    118530349.46255206     
 Correct abs xsec    118530349.46255206     
 Event xsec    118530349.46255201     
 Events wgts > 1:            3
 % Cross section > 1:    833807.81869359256       0.70345512560647794     
 Checking number of events   50672.909698735624              292  chi2:   5.87512461127732422E-002
 Found        21676  events.
 Wrote          292  events.
 Actual xsec    118530349.46255206     
 Correct abs xsec    118530349.46255206     
 Event xsec    118530349.46255201     
 Events wgts > 1:            3
 % Cross section > 1:    833807.81869359256       0.70345512560647794     

 -------------------------------------------------------------------------------
 Accumulated results:   Integral =  0.1187E+09
                        Std dev  =  0.1151E+07
                       Cross sec =  0.1187E+09
             Chi**2 per DoF.     =      0.4535
 -------------------------------------------------------------------------------
-------------------------------------------------
---------------------------
 Results Last   3 iters: Integral =   0.1185E+09
                     Abs integral =   0.1185E+09
                          Std dev =   0.1304E+07
                  Chi**2 per DoF. =      0.0588
-------------------------------------------------
---------------------------
 Status -4.27509999999999978E-004          10           9
 Trying w/ fresh grid
 Starting w/ ncall =         4000
 Keeping grid fixed.
  5 dimensions   4000 events  5 invarients  8 iterations  1 config(s),  (0.99)
 Using h-tuple random number sequence.
 Error opening grid
 Using Uniform Grid!
 Using uniform alpha   1.0000000000000000     
 Grid defined OK
 Warning: No cutoff for shat integral found
          Minimum set to    204.08163265306121     
Setting grid   1    0.20408E+03   1
 Warning: No cutoff for shat integral found
          Minimum set to    204.08163265306121     
Setting grid   2    0.20408E+03   1
Warning xbin not returning correct x   2  0.999980E+00  0.994363E+00  0.2837E+03
Warning xbin not returning correct x   2  0.999973E+00  0.992233E+00  0.2837E+03
Warning xbin not returning correct x   2  0.999967E+00  0.990634E+00  0.2837E+03
Warning xbin not returning correct x   2  0.999980E+00  0.994216E+00  0.2837E+03
Warning xbin not returning correct x   2  0.999996E+00  0.998777E+00  0.2837E+03
Warning xbin still not working well. Last message this iteration.
 Iteration  1   Mean: 0.3392E+08 Abs mean: 0.3392E+08   Fluctuation:  0.750E+07   0.165E+11    99.3%
  1    0.3392E+08 0.3392E+08 +- 0.7496E+07     13.98
 Relative summed weights:
  0.2225E+00  0.0000E+00
  0.1006E+00  0.0000E+00
  0.2164E+00  0.0000E+00
  0.1157E+00  0.0000E+00
  0.2419E+00  0.0000E+00
  0.1030E+00  0.0000E+00
 Relative number of events:
  0.1703E+00  0.0000E+00
  0.1685E+00  0.0000E+00
  0.1625E+00  0.0000E+00
  0.1613E+00  0.0000E+00
  0.1698E+00  0.0000E+00
  0.1678E+00  0.0000E+00
 Events:
         681           0
         674           0
         650           0
         645           0
         679           0
         671           0
Warning xbin not returning correct x   1  0.994243E+00  0.999913E+00  0.1543E-01
Warning xbin not returning correct x   1  0.984926E+00  0.999771E+00  0.1543E-01
Warning xbin not returning correct x   1  0.985660E+00  0.999782E+00  0.1543E-01
Warning xbin not returning correct x   1  0.991559E+00  0.999872E+00  0.1543E-01
Warning xbin not returning correct x   1  0.986633E+00  0.999797E+00  0.1543E-01
Warning xbin still not working well. Last message this iteration.
 Iteration  2   Mean: 0.2787E+07 Abs mean: 0.2787E+07   Fluctuation:  0.130E+06   0.297E+09    93.4%
  2    0.2787E+07 0.2787E+07 +- 0.1302E+06      4.18
 Relative summed weights:
  0.1968E+00  0.0000E+00
  0.1517E+00  0.0000E+00
  0.1865E+00  0.0000E+00
  0.1423E+00  0.0000E+00
  0.1606E+00  0.0000E+00
  0.1621E+00  0.0000E+00
 Relative number of events:
  0.1650E+00  0.0000E+00
  0.1665E+00  0.0000E+00
  0.1704E+00  0.0000E+00
  0.1665E+00  0.0000E+00
  0.1638E+00  0.0000E+00
  0.1679E+00  0.0000E+00
 Events:
        1320           0
        1332           0
        1363           0
        1332           0
        1310           0
        1343           0
 Iteration  3   Mean: 0.5547E+08 Abs mean: 0.5547E+08   Fluctuation:  0.280E+08   0.441E+12    99.9%
  3    0.5547E+08 0.5547E+08 +- 0.2803E+08     63.91
 Relative summed weights:
  0.4201E-01  0.0000E+00
  0.1178E+00  0.0000E+00
  0.1429E+00  0.0000E+00
  0.8742E-01  0.0000E+00
  0.5478E+00  0.0000E+00
  0.6211E-01  0.0000E+00
 Relative number of events:
  0.1617E+00  0.0000E+00
  0.1703E+00  0.0000E+00
  0.1693E+00  0.0000E+00
  0.1678E+00  0.0000E+00
  0.1677E+00  0.0000E+00
  0.1633E+00  0.0000E+00
 Events:
        2587           0
        2725           0
        2709           0
        2684           0
        2683           0
        2612           0
 Found         1918  events.
 Wrote            3  events.
 Actual xsec    4536325.4564688532     
 Correct abs xsec    4536325.4564688532     
 Event xsec    4536325.4564688532     
 Events wgts > 1:            0
 % Cross section > 1:    0.0000000000000000        0.0000000000000000     
 Checking number of events   1939.3244958949992                3  chi2:    99.584672480828004     
 Found         1918  events.
 Wrote            4  events.
 Actual xsec    4536325.4564688532     
 Correct abs xsec    4536325.4564688532     
 Event xsec    4536325.4564688532     
 Events wgts > 1:            0
 % Cross section > 1:    0.0000000000000000        0.0000000000000000     
 Iteration  4   Mean: 0.4602E+08 Abs mean: 0.4602E+08   Fluctuation:  0.520E+07   0.103E+12    99.9%
  4    0.4602E+08 0.4602E+08 +- 0.5204E+07     20.23
 Relative summed weights:
  0.2533E+00  0.0000E+00
  0.1323E+00  0.0000E+00
  0.1515E+00  0.0000E+00
  0.1493E+00  0.0000E+00
  0.1430E+00  0.0000E+00
  0.1706E+00  0.0000E+00
 Relative number of events:
  0.1648E+00  0.0000E+00
  0.1689E+00  0.0000E+00
  0.1692E+00  0.0000E+00
  0.1636E+00  0.0000E+00
  0.1668E+00  0.0000E+00
  0.1667E+00  0.0000E+00
 Events:
        5273           0
        5405           0
        5413           0
        5236           0
        5339           0
        5334           0
 Found          987  events.
 Wrote           14  events.
 Actual xsec    9429136.9485032726     
 Correct abs xsec    9429136.9485032726     
 Event xsec    9429136.9485032707     
 Events wgts > 1:            0
 % Cross section > 1:    0.0000000000000000        0.0000000000000000     
 Checking number of events   4031.0503368546338               14  chi2:    1327.0094326468293     
 Found          987  events.
 Wrote           16  events.
 Actual xsec    9429136.9485032726     
 Correct abs xsec    9429136.9485032726     
 Event xsec    9429136.9485032726     
 Events wgts > 1:            0
 % Cross section > 1:    0.0000000000000000        0.0000000000000000     
 Iteration  5   Mean: 0.7869E+08 Abs mean: 0.7869E+08   Fluctuation:  0.734E+07   0.350E+12    99.6%
  5    0.7869E+08 0.7869E+08 +- 0.7339E+07     23.59
 Relative summed weights:
  0.1390E+00  0.0000E+00
  0.2065E+00  0.0000E+00
  0.1240E+00  0.0000E+00
  0.1675E+00  0.0000E+00
  0.2435E+00  0.0000E+00
  0.1196E+00  0.0000E+00
 Relative number of events:
  0.1669E+00  0.0000E+00
  0.1650E+00  0.0000E+00
  0.1665E+00  0.0000E+00
  0.1658E+00  0.0000E+00
  0.1675E+00  0.0000E+00
  0.1683E+00  0.0000E+00
 Events:
       10682           0
       10560           0
       10657           0
       10611           0
       10719           0
       10771           0
 Found         4544  events.
 Wrote           16  events.
 Actual xsec    65268308.910675839     
 Correct abs xsec    65268308.910675839     
 Event xsec    65268308.910675816     
 Events wgts > 1:            1
 % Cross section > 1:   2.42237285710871220E-002  3.71140741584694100E-008
 Checking number of events   27902.854742403026               16  chi2:    8.5752554302919428     
 Found         4544  events.
 Wrote           18  events.
 Actual xsec    65268308.910675839     
 Correct abs xsec    65268308.910675839     
 Event xsec    65268308.910675801     
 Events wgts > 1:            1
 % Cross section > 1:   2.15322026051580906E-002  3.29902872688587677E-008
 Fixing grid
 Iteration  6   Mean: 0.8662E+08 Abs mean: 0.8662E+08   Fluctuation:  0.396E+07   0.263E+12    99.4%
  6    0.8662E+08 0.8662E+08 +- 0.3964E+07     16.37
 Relative summed weights:
  0.1594E+00  0.0000E+00
  0.1882E+00  0.0000E+00
  0.1734E+00  0.0000E+00
  0.1480E+00  0.0000E+00
  0.1723E+00  0.0000E+00
  0.1586E+00  0.0000E+00
 Relative number of events:
  0.1671E+00  0.0000E+00
  0.1676E+00  0.0000E+00
  0.1657E+00  0.0000E+00
  0.1662E+00  0.0000E+00
  0.1664E+00  0.0000E+00
  0.1671E+00  0.0000E+00
 Events:
       21388           0
       21451           0
       21208           0
       21272           0
       21294           0
       21387           0
 Found         8144  events.
 Wrote           57  events.
 Actual xsec    80525657.791510493     
 Correct abs xsec    80525657.791510493     
 Event xsec    80525657.791510522     
 Events wgts > 1:            1
 % Cross section > 1:    467450.98422120861       0.58049942967431434     
 Checking number of events   34425.523962448649               57  chi2:    23.196682424645584     
 Found         8144  events.
 Wrote           51  events.
 Actual xsec    80525657.791510493     
 Correct abs xsec    80525657.791510493     
 Event xsec    80525657.791510433     
 Events wgts > 1:            1
 % Cross section > 1:    522088.66216414422       0.64835069527266420     
 Iteration  7   Mean: 0.1058E+09 Abs mean: 0.1058E+09   Fluctuation:  0.153E+08   0.377E+13    99.4%
  7    0.1058E+09 0.1058E+09 +- 0.1530E+08     73.18
 Relative summed weights:
  0.1197E+00  0.0000E+00
  0.1537E+00  0.0000E+00
  0.1636E+00  0.0000E+00
  0.1457E+00  0.0000E+00
  0.1299E+00  0.0000E+00
  0.2873E+00  0.0000E+00
 Relative number of events:
  0.1669E+00  0.0000E+00
  0.1668E+00  0.0000E+00
  0.1677E+00  0.0000E+00
  0.1658E+00  0.0000E+00
  0.1660E+00  0.0000E+00
  0.1667E+00  0.0000E+00
 Events:
       42735           0
       42710           0
       42927           0
       42443           0
       42498           0
       42687           0
 Found        15015  events.
 Wrote            5  events.
 Actual xsec    86626010.670135602     
 Correct abs xsec    86626010.670135602     
 Event xsec    86626010.670135602     
 Events wgts > 1:            0
 % Cross section > 1:    0.0000000000000000        0.0000000000000000     
 Checking number of events   37033.485821589667                5  chi2:    1.3669911593515383     
 Found        15015  events.
 Wrote            5  events.
 Actual xsec    86626010.670135602     
 Correct abs xsec    86626010.670135602     
 Event xsec    86626010.670135602     
 Events wgts > 1:            0
 % Cross section > 1:    0.0000000000000000        0.0000000000000000     
 Iteration  8   Mean: 0.1072E+09 Abs mean: 0.1072E+09   Fluctuation:  0.638E+07   0.193E+13    99.4%
  8    0.1072E+09 0.1072E+09 +- 0.6380E+07     42.60
 Relative summed weights:
  0.1511E+00  0.0000E+00
  0.1426E+00  0.0000E+00
  0.1363E+00  0.0000E+00
  0.2032E+00  0.0000E+00
  0.1774E+00  0.0000E+00
  0.1895E+00  0.0000E+00
 Relative number of events:
  0.1670E+00  0.0000E+00
  0.1662E+00  0.0000E+00
  0.1673E+00  0.0000E+00
  0.1662E+00  0.0000E+00
  0.1661E+00  0.0000E+00
  0.1673E+00  0.0000E+00
 Events:
       85505           0
       85071           0
       85647           0
       85111           0
       85018           0
       85648           0
 Found        25749  events.
 Wrote           35  events.
 Actual xsec    117776699.12305325     
 Correct abs xsec    117776699.12305325     
 Event xsec    117776699.12305336     
 Events wgts > 1:            2
 % Cross section > 1:    824292.42976653110       0.69987734068290419     
 Checking number of events   40584.216164569589               35  chi2:    4.2853316170196800     
 Found        25749  events.
 Wrote           32  events.
 Actual xsec    117776699.12305325     
 Correct abs xsec    117776699.12305325     
 Event xsec    117776699.12305327     
 Events wgts > 1:            2
 % Cross section > 1:    900978.68140381388       0.76498890537123143     

 -------------------------------------------------------------------------------
 Accumulated results:   Integral =  0.6169E+08
                        Std dev  =  0.1602E+07
                       Cross sec =  0.6169E+08
             Chi**2 per DoF.     =     98.7494
 -------------------------------------------------------------------------------
-------------------------------------------------
---------------------------
 Results Last   3 iters: Integral =   0.9493E+08
                     Abs integral =   0.9493E+08
                         Std dev =   0.3341E+07
                 Chi**2 per DoF. =      4.2853
-------------------------------------------------
---------------------------
>>>>>>> 911b5ec345c81b054214c521136984e9d6306827

ls status:
events.lhe
ftn25
ftn26
input_sg.txt
<<<<<<< HEAD
=======
log.txt
>>>>>>> 911b5ec345c81b054214c521136984e9d6306827
moffset.dat
results.dat
run_01_ftn26.gz
run_01_log.txt
run_01_results.dat
run_02_ftn26.gz
run_02_log.txt
run_02_results.dat
<<<<<<< HEAD
run_03_ftn26.gz
run_03_log.txt
run_03_results.dat
run_04_ftn26.gz
run_04_log.txt
run_04_results.dat
run_08_ftn26.gz
run_08_log.txt
run_08_results.dat
run_09_ftn26.gz
run_09_log.txt
run_09_results.dat
run_10_ftn26.gz
run_10_log.txt
run_10_results.dat
run_11_ftn26.gz
run_11_log.txt
run_11_results.dat
=======
>>>>>>> 911b5ec345c81b054214c521136984e9d6306827
run1_app.log
