 Process in group number            0
 No PDF is used, alpha_s(MZ) from param_card is used
 Value of alpha_s from param_card:   0.11800000071525575     
 The default order of alpha_s running is fixed to            2
 *****************************************************
 *               MadGraph/MadEvent                   *
 *        --------------------------------           *
 *          http://madgraph.hep.uiuc.edu             *
 *          http://madgraph.phys.ucl.ac.be           *
 *          http://madgraph.roma2.infn.it            *
 *        --------------------------------           *
 *                                                   *
 *          PARAMETER AND COUPLING VALUES            *
 *                                                   *
 *****************************************************

  External Params
  ---------------------------------
  
 aEWM1 =    132.50700378417969     
 mdl_Gf =   1.16639000000000003E-005
 aS =   0.11800000071525575     
 mdl_ymb =    4.6999998092651367     
 mdl_ymt =    173.00000000000000     
 mdl_yme =   5.10999991092830896E-004
 mdl_ymm =   0.10565999895334244     
 mdl_ymtau =    1.7769999504089355     
 mdl_MZ =    91.188003540039063     
 mdl_MT =    173.00000000000000     
 mdl_MB =    4.6999998092651367     
 mdl_MH =    125.00000000000000     
 mdl_Me =   5.10999991092830896E-004
 mdl_MM =   0.10565999895334244     
 mdl_MTA =    1.7769999504089355     
 mdl_WZ =    2.4414041042327881     
 mdl_WW =    2.0476000308990479     
 mdl_WT =    1.4915000200271606     
 mdl_WH =   6.38233916833996773E-003
 mdl_WTau =   2.26999999999999982E-012
  Internal Params
  ---------------------------------
  
 mdl_conjg__CKM3x3 =    1.0000000000000000     
 mdl_CKM3x3 =    1.0000000000000000     
 mdl_conjg__CKM1x1 =    1.0000000000000000     
 mdl_complexi =  (  0.0000000000000000     ,  1.0000000000000000     )
 mdl_MZ__exp__2 =    8315.2519896181766     
 mdl_MZ__exp__4 =    69143415.650849044     
 mdl_sqrt__2 =    1.4142135623730951     
 mdl_MH__exp__2 =    15625.000000000000     
 mdl_aEW =   7.54677089845565054E-003
 mdl_MW =    80.419007276179556     
 mdl_sqrt__aEW =   8.68721526063194194E-002
 mdl_ee =   0.30795376284704501     
 mdl_MW__exp__2 =    6467.2167312862202     
 mdl_sw2 =   0.22224645274001076     
 mdl_cw =   0.88190336616887299     
 mdl_sqrt__sw2 =   0.47143022043565552     
 mdl_sw =   0.47143022043565552     
 mdl_g1 =   0.34919218438279087     
 mdl_gw =   0.65323296958447097     
 mdl_vev =    246.21845810181631     
 mdl_vev__exp__2 =    60623.529110035874     
 mdl_lam =   0.12886910601690271     
 mdl_yb =   2.69955531549349904E-002
 mdl_ye =   2.93504850670934038E-006
 mdl_ym =   6.06883028478528356E-004
 mdl_yt =   0.99366614581500645     
 mdl_ytau =   1.02066167158167895E-002
 mdl_muH =    88.388347648318444     
 mdl_I1x33 =  ( 2.69955531549349904E-002,  0.0000000000000000     )
 mdl_I2x33 =  ( 0.99366614581500645     ,  0.0000000000000000     )
 mdl_I3x33 =  ( 0.99366614581500645     ,  0.0000000000000000     )
 mdl_I4x33 =  ( 2.69955531549349904E-002,  0.0000000000000000     )
 mdl_ee__exp__2 =   9.48355200516540348E-002
 mdl_sw__exp__2 =   0.22224645274001076     
 mdl_cw__exp__2 =   0.77775354725998924     
  Internal Params evaluated point by point
  ----------------------------------------
  
 mdl_sqrt__aS =   0.34351128178744839     
 mdl_G__exp__2 =    1.4828317414825511     
  Couplings of sm-lepton_masses
  ---------------------------------
  
         GC_3 =  -0.00000E+00  -0.30795E+00
        GC_50 =  -0.00000E+00  -0.28804E+00
        GC_59 =   0.00000E+00   0.82310E-01
        GC_89 =  -0.00000E+00  -0.20754E-05

 Collider parameters:
 --------------------

<<<<<<< HEAD
 Running at e e   machine @   7.14879999999999960E-002  GeV
=======
 Running at e e   machine @   7.00000000000000067E-002  GeV
>>>>>>> 911b5ec345c81b054214c521136984e9d6306827
 PDF set = none   
 alpha_s(Mz)= 0.1180 running at 2 loops.
 alpha_s(Mz)= 0.1180 running at 2 loops.
 Renormalization scale fixed @    91.188000000000002     
 Factorization scales  fixed @    91.188000000000002        91.188000000000002     


 getting user params
Enter number of events and max and min iterations: 
 Number of events and iterations         1000           5           3
Enter desired fractional accuracy: 
 Desired fractional accuracy:   0.10000000000000001     
Enter 0 for fixed, 2 for adjustable grid: 
Suppress amplitude (0 no, 1 yes)? 
 Using suppressed amplitude.
Exact helicity sum (0 yes, n = number/event)? 
 Explicitly summing over helicities
Enter Configuration Number: 
Running Configuration Number:    4
 Not subdividing B.W.
 Attempting mappinvarients           1           4
 Completed mapping           4
 about to integrate            2        1000           5           3           2           1
 Using non-zero grid deformation.
  2 dimensions   1000 events  2 invarients  5 iterations  1 config(s),  (0.99)
 Using h-tuple random number sequence.
 Error opening grid
 Using Uniform Grid!
 Using uniform alpha   1.0000000000000000     
 Grid defined OK
 Set CM energy to          0.07
 Mapping Graph           4  to config           4
<<<<<<< HEAD
Setting grid   1    0.19567E-01   1
 Masses: 0.511E-03 0.511E-03 0.511E-03 0.511E-03
   4   1   2
Using random seed offsets     4 :      1
  with seed                   60
 Ranmar initialization seeds       14784        9436
=======
Setting grid   1    0.53290E-04   1
 Masses: 0.511E-03 0.511E-03 0.511E-03 0.511E-03
   4   1   2
Using random seed offsets     4 :      1
  with seed                   24
 Ranmar initialization seeds       31062        9398
>>>>>>> 911b5ec345c81b054214c521136984e9d6306827
  Particle       3       4
      Et >     0.0     0.0
       E >     0.0     0.0
     Eta <    -1.0    -1.0
   xqcut:      0.0     0.0
d R # 3  >    -0.0     0.4
s min # 3>     0.0     0.0
xqcutij # 3>     0.0     0.0
 alpha_s for scale    91.188000000000002       is   0.11800000071525575     
<<<<<<< HEAD
 Added good helicity            1   6.0262777085341810       in event            1
 Added good helicity            2  1.47597537920393352E-005  in event            1
 Added good helicity            3  1.47597451587486264E-005  in event            1
 Added good helicity            5  1.47597537920393165E-005  in event            1
 Added good helicity            6  2.19199213505083951E-002  in event            1
 Added good helicity            7   1.9517433091964933       in event            1
 Added good helicity            8  1.47597537920393199E-005  in event            1
 Added good helicity            9  1.47597451587486315E-005  in event            1
 Added good helicity           10   1.9517433091964926       in event            1
 Added good helicity           11  2.19199479033374972E-002  in event            1
 Added good helicity           12  1.47597451587486179E-005  in event            1
 Added good helicity           14  1.47597537920393250E-005  in event            1
 Added good helicity           15  1.47597451587486332E-005  in event            1
 Added good helicity           16   6.0262777085341828       in event            1
 Iteration  1   Mean: 0.2358E+10 Abs mean: 0.2358E+10   Fluctuation:  0.909E+08   0.104E+11    91.2%
  1    0.2358E+10 0.2358E+10 +- 0.9095E+08      1.22
 Writing out events   517254.74087065813        1.2198659245105368     
=======
 Added good helicity            1   5.9113723653972396       in event            1
 Added good helicity            2  1.62363266115088431E-005  in event            1
 Added good helicity            3  1.62363292381871539E-005  in event            1
 Added good helicity            5  1.62363266115088431E-005  in event            1
 Added good helicity            6   2.0718650393382232       in event            1
 Added good helicity            7  1.66975241043509602E-002  in event            1
 Added good helicity            8  1.62363266115088296E-005  in event            1
 Added good helicity            9  1.62363292381871539E-005  in event            1
 Added good helicity           10  1.66975241043509533E-002  in event            1
 Added good helicity           11   2.0718652741226649       in event            1
 Added good helicity           12  1.62363292381871674E-005  in event            1
 Added good helicity           14  1.62363266115088330E-005  in event            1
 Added good helicity           15  1.62363292381871641E-005  in event            1
 Added good helicity           16   5.9113723653972396       in event            1
 Iteration  1   Mean: 0.1808E+28 Abs mean: 0.1808E+28   Fluctuation:  0.167E+28   0.167E+31   100.0%
  1    0.1808E+28 0.1808E+28 +- 0.1674E+28     29.28
 Writing out events  3.61637377397592508E+023   29.284071018387046     
>>>>>>> 911b5ec345c81b054214c521136984e9d6306827
 Relative summed weights:
  0.1000E+01  0.0000E+00
 Relative number of events:
  0.1000E+01  0.0000E+00
 Events:
        1000           0
<<<<<<< HEAD
 Iteration  2   Mean: 0.2353E+10 Abs mean: 0.2353E+10   Fluctuation:  0.363E+08   0.696E+10    99.1%
  2    0.2353E+10 0.2353E+10 +- 0.3629E+08      0.69
=======
 Iteration  2   Mean: 0.1185E+35 Abs mean: 0.1185E+35   Fluctuation:  0.117E+35   0.235E+38   100.0%
  2    0.1185E+35 0.1185E+35 +- 0.1174E+35     44.30
>>>>>>> 911b5ec345c81b054214c521136984e9d6306827
 Relative summed weights:
  0.1000E+01  0.0000E+00
 Relative number of events:
  0.1000E+01  0.0000E+00
 Events:
        2000           0
<<<<<<< HEAD
Warning xbin not returning correct x   1  0.991030E+00  0.999994E+00  0.7043E-03
 Iteration  3   Mean: 0.2360E+10 Abs mean: 0.2360E+10   Fluctuation:  0.180E+08   0.940E+10    99.1%
  3    0.2360E+10 0.2360E+10 +- 0.1803E+08      0.48
=======
 Iteration  3   Mean: 0.2824E+38 Abs mean: 0.2824E+38   Fluctuation:  0.281E+38   0.112E+42   100.0%
  3    0.2824E+38 0.2824E+38 +- 0.2806E+38     62.84
>>>>>>> 911b5ec345c81b054214c521136984e9d6306827
 Relative summed weights:
  0.1000E+01  0.0000E+00
 Relative number of events:
  0.1000E+01  0.0000E+00
 Events:
        4000           0
<<<<<<< HEAD
 Accuracy:    0.001   0.100   0.007   0.018
 Finished due to accuracy   9.01942882634393394E-004  0.10000000000000001     

 -------------------------------------------------------------------------------
 Accumulated results:   Integral =  0.2359E+10
                        Std dev  =  0.1590E+08
                       Cross sec =  0.2359E+10
             Chi**2 per DoF.     =      0.0179
 -------------------------------------------------------------------------------
 Found          392  events.
 Wrote          389  events.
 Actual xsec    2358639690.9216161     
 Correct abs xsec    2358639690.9216161     
 Event xsec    2358639690.9216056     
 Events wgts > 1:            0
 % Cross section > 1:    0.0000000000000000        0.0000000000000000     
-------------------------------------------------
---------------------------
 Results Last   3 iters: Integral =   0.2359E+10
                     Abs integral =   0.2359E+10
                          Std dev =   0.1590E+08
                  Chi**2 per DoF. =      0.0180
-------------------------------------------------
---------------------------
 Status  0.10000000000000001                4           5
=======
 Accuracy:    1.038   0.100   0.559   3.446
 Found           17  events.
 Wrote            1  events.
 Actual xsec   8.94661634989449404E+036
 Correct abs xsec   8.94661634989449404E+036
 Event xsec   8.94661634989449404E+036
 Events wgts > 1:            1
 % Cross section > 1:   1.36798753077561257E+029  1.52905576507898969E-006
 Iteration  4   Mean: 0.9560E+45 Abs mean: 0.9560E+45   Fluctuation:  0.955E+45   0.764E+49   100.0%
  4    0.9560E+45 0.9560E+45 +- 0.9551E+45     89.36
 Relative summed weights:
  0.1000E+01  0.0000E+00
 Relative number of events:
  0.1000E+01  0.0000E+00
 Events:
        8000           0
 Accuracy:    1.032   0.100   0.488   4.469
 Found           48  events.
 Wrote            1  events.
 Actual xsec   3.15691409473302525E+044
 Correct abs xsec   3.15691409473302525E+044
 Event xsec   3.15691409473302564E+044
 Events wgts > 1:            1
 % Cross section > 1:   5.04877267717958673E+037  1.59927464786036639E-005
 Iteration  5   Mean: 0.9337E+45 Abs mean: 0.9337E+45   Fluctuation:  0.470E+45   0.511E+49   100.0%
  5    0.9337E+45 0.9337E+45 +- 0.4698E+45     63.64
 Relative summed weights:
  0.1000E+01  0.0000E+00
 Relative number of events:
  0.1000E+01  0.0000E+00
 Events:
       16000           0
 Accuracy:    0.402   0.100   0.350   1.316
 Found           20  events.
 Wrote            4  events.
 Actual xsec   7.78919105423737290E+044
 Correct abs xsec   7.78919105423737290E+044
 Event xsec   7.78919105423737290E+044
 Events wgts > 1:            1
 % Cross section > 1:   8.25865607375325503E+036  1.06027134477083985E-006

 -------------------------------------------------------------------------------
 Accumulated results:   Integral =   +Infinity
                        Std dev  =   +Infinity
                       Cross sec =   +Infinity
             Chi**2 per DoF.     =      1.3162
 -------------------------------------------------------------------------------
-------------------------------------------------
---------------------------
 Results Last   3 iters: Integral =   0.7789E+45
                     Abs integral =   0.7789E+45
                          Std dev =   0.3189E+45
                  Chi**2 per DoF. =************
-------------------------------------------------
---------------------------
 Status  0.10000000000000001                6           5
>>>>>>> 911b5ec345c81b054214c521136984e9d6306827

ls status:
events.lhe
input_app.txt
<<<<<<< HEAD
multijob.dat
results.dat
run_01_log.txt
run_01_results.dat
run_02_log.txt
run_02_results.dat
run_03_log.txt
run_03_results.dat
run_04_log.txt
run_04_results.dat
=======
results.dat
>>>>>>> 911b5ec345c81b054214c521136984e9d6306827
run1_app.log
