 Process in group number            1
 No PDF is used, alpha_s(MZ) from param_card is used
 Value of alpha_s from param_card:   0.11800000071525575     
 The default order of alpha_s running is fixed to            2
 Warning: pt or E min of a gamma should in general be >0
 *****************************************************
 *               MadGraph/MadEvent                   *
 *        --------------------------------           *
 *          http://madgraph.hep.uiuc.edu             *
 *          http://madgraph.phys.ucl.ac.be           *
 *          http://madgraph.roma2.infn.it            *
 *        --------------------------------           *
 *                                                   *
 *          PARAMETER AND COUPLING VALUES            *
 *                                                   *
 *****************************************************

  External Params
  ---------------------------------
  
 mdl_MB =    4.6999998092651367     
 mdl_MT =    173.00000000000000     
 mdl_Me =   5.10999991092830896E-004
 mdl_MM =   0.10565999895334244     
 mdl_MTA =    1.7769999504089355     
 mdl_MZ =    91.188003540039063     
 mdl_MH =    125.00000000000000     
 aEWM1 =    132.50700378417969     
 mdl_Gf =   1.16639000000000003E-005
 aS =   0.11800000071525575     
 mdl_ymb =    4.6999998092651367     
 mdl_ymt =    173.00000000000000     
 mdl_yme =   5.10999991092830896E-004
 mdl_ymm =   0.10565999895334244     
 mdl_ymtau =    1.7769999504089355     
 mdl_WT =    1.4915000200271606     
 mdl_WTau =   2.26999999999999982E-012
 mdl_WZ =    2.4414041042327881     
 mdl_WW =    2.0476000308990479     
 mdl_WH =   6.38233916833996773E-003
  Internal Params
  ---------------------------------
  
 mdl_conjg__CKM3x3 =    1.0000000000000000     
 mdl_CKM3x3 =    1.0000000000000000     
 mdl_conjg__CKM1x1 =    1.0000000000000000     
 mdl_complexi =  (  0.0000000000000000     ,  1.0000000000000000     )
 mdl_MZ__exp__2 =    8315.2519896181766     
 mdl_MZ__exp__4 =    69143415.650849044     
 mdl_sqrt__2 =    1.4142135623730951     
 mdl_MH__exp__2 =    15625.000000000000     
 mdl_aEW =   7.54677089845565054E-003
 mdl_MW =    80.419007276179556     
 mdl_sqrt__aEW =   8.68721526063194194E-002
 mdl_ee =   0.30795376284704501     
 mdl_MW__exp__2 =    6467.2167312862202     
 mdl_sw2 =   0.22224645274001076     
 mdl_cw =   0.88190336616887299     
 mdl_sqrt__sw2 =   0.47143022043565552     
 mdl_sw =   0.47143022043565552     
 mdl_g1 =   0.34919218438279087     
 mdl_gw =   0.65323296958447097     
 mdl_vev =    246.21845810181631     
 mdl_vev__exp__2 =    60623.529110035874     
 mdl_lam =   0.12886910601690271     
 mdl_yb =   2.69955531549349904E-002
 mdl_ye =   2.93504850670934038E-006
 mdl_ym =   6.06883028478528356E-004
 mdl_yt =   0.99366614581500645     
 mdl_ytau =   1.02066167158167895E-002
 mdl_muH =    88.388347648318444     
 mdl_I1x33 =  ( 2.69955531549349904E-002,  0.0000000000000000     )
 mdl_I2x33 =  ( 0.99366614581500645     ,  0.0000000000000000     )
 mdl_I3x33 =  ( 0.99366614581500645     ,  0.0000000000000000     )
 mdl_I4x33 =  ( 2.69955531549349904E-002,  0.0000000000000000     )
 mdl_ee__exp__2 =   9.48355200516540348E-002
 mdl_sw__exp__2 =   0.22224645274001076     
 mdl_cw__exp__2 =   0.77775354725998924     
  Internal Params evaluated point by point
  ----------------------------------------
  
 mdl_sqrt__aS =   0.34351128178744839     
 mdl_G__exp__2 =    1.4828317414825511     
  Couplings of sm-lepton_masses
  ---------------------------------
  
         GC_3 =  -0.00000E+00  -0.30795E+00
        GC_50 =  -0.00000E+00  -0.28804E+00
        GC_59 =   0.00000E+00   0.82310E-01
        GC_89 =  -0.00000E+00  -0.20754E-05

 Collider parameters:
 --------------------

 Running at e e   machine @    10.000000000000000       GeV
 PDF set = none   
 alpha_s(Mz)= 0.1180 running at 2 loops.
 alpha_s(Mz)= 0.1180 running at 2 loops.
 Renormalization scale set on event-by-event basis
 Factorization   scale set on event-by-event basis


 getting user params
Enter number of events and max and min iterations: 
 Number of events and iterations         2000           9           3
Enter desired fractional accuracy: 
 Desired fractional accuracy:  -1.31209999999999997E-047
Enter 0 for fixed, 2 for adjustable grid: 
Suppress amplitude (0 no, 1 yes)? 
 Using suppressed amplitude.
Exact helicity sum (0 yes, n = number/event)? 
 Explicitly summing over helicities
Enter Configuration Number: 
Running Configuration Number:   22
 Not subdividing B.W.
 Attempting mappinvarients           1           5
 Completed mapping           5
 about to integrate            5        2000           9           3           5           1
 Keeping grid fixed.
  5 dimensions   2000 events  5 invarients  9 iterations  1 config(s),  (0.99)
 Using h-tuple random number sequence.
 Grid read from file
 Grid defined OK
 Set CM energy to         10.00
 Mapping Graph          22  to config          22
 No modification is setgrid, grid read from file
 No modification is setgrid, grid read from file
 Masses: 0.511E-03 0.511E-03 0.000E+00 0.511E-03 0.511E-03
  22   1   2   3   4   5
 Got moffset           7
Using random seed offsets    22 :      1
  with seed                   30
 Ranmar initialization seeds        8313        1423
  Particle       3       4       5
      Et >     0.0    -1.0    -1.0
       E >     0.0     0.0     0.0
     Eta <    -1.0    -1.0    -1.0
   xqcut:      0.0     0.0     0.0
d R # 3  >    -0.0     0.4     0.4
d R # 4  >    -0.0    -0.0     0.0
s min # 3>     0.0     0.0     0.0
s min # 4>     0.0     0.0     0.0
xqcutij # 3>     0.0     0.0     0.0
xqcutij # 4>     0.0     0.0     0.0
 alpha_s for scale    2.2360679794803136       is   0.28377211155642712     
 Added good helicity            1   4.2608011445811513       in event            1
 Added good helicity            3  1.90266888704771582E-003  in event            1
 Added good helicity            5   3.7372961865318004       in event            1
 Added good helicity           10   4.2608011445811513       in event            1
 Added good helicity           12  1.90266888704771582E-003  in event            1
 Added good helicity           14   3.7372961865318004       in event            1
 Added good helicity           19   3.7372961865318004       in event            1
 Added good helicity           21  1.90266888704771712E-003  in event            1
 Added good helicity           23   4.2608011445811522       in event            1
 Added good helicity           28   3.7372961865318004       in event            1
 Added good helicity           30  1.90266888704771712E-003  in event            1
 Added good helicity           32   4.2608011445811522       in event            1
 Iteration  1   Mean: 0.2010E+47 Abs mean: 0.2010E+47   Fluctuation:  0.201E+47   0.402E+50    98.4%
  1    0.2010E+47 0.2010E+47 +- 0.2010E+47     44.71
 Writing out events  1.13524924093909394E+042   44.714320490299258     
 Relative summed weights:
  0.1000E+01  0.0000E+00
 Relative number of events:
  0.1000E+01  0.0000E+00
 Events:
        2000           0
 Iteration  2   Mean: 0.1681E+44 Abs mean: 0.1681E+44   Fluctuation:  0.934E+43   0.324E+47    98.2%
  2    0.1681E+44 0.1681E+44 +- 0.9339E+43     35.13
 Relative summed weights:
  0.1000E+01  0.0000E+00
 Relative number of events:
  0.1000E+01  0.0000E+00
 Events:
        4000           0
 Iteration  3   Mean: 0.2066E+47 Abs mean: 0.2066E+47   Fluctuation:  0.164E+47   0.129E+51    98.4%
  3    0.2066E+47 0.2066E+47 +- 0.1643E+47     71.14
 Relative summed weights:
  0.1000E+01  0.0000E+00
 Relative number of events:
  0.1000E+01  0.0000E+00
 Events:
        8000           0
 Found           30  events.
 Wrote            1  events.
 Actual xsec   9.07331406534801782E+045
 Correct abs xsec   9.07331406534801782E+045
 Event xsec   9.07331406534801909E+045
 Events wgts > 1:            1
 % Cross section > 1:   3.63983204262803992E+037  4.01157946965481704E-007
 Checking number of events  0.11905095385143134                1  chi2:    470189.48643096548     
 Found           30  events.
 Wrote            1  events.
 Actual xsec   9.07331406534801782E+045
 Correct abs xsec   9.07331406534801782E+045
 Event xsec   9.07331406534801909E+045
 Events wgts > 1:            1
 % Cross section > 1:   3.63983204262803992E+037  4.01157946965481704E-007
 Error in matrix element
 Error in matrix element
 Error in matrix element
 Iteration  4   Mean: 0.7420E+47 Abs mean: 0.7420E+47   Fluctuation:  0.605E+47   0.956E+51    98.2%
  4    0.7420E+47 0.7420E+47 +- 0.6045E+47    103.06
 Relative summed weights:
  0.1000E+01  0.0000E+00
 Relative number of events:
  0.1000E+01  0.0000E+00
 Events:
       16000           0
 Found           16  events.
 Wrote            1  events.
 Actual xsec   2.28339619865678967E+046
 Correct abs xsec   2.28339619865678967E+046
 Event xsec   2.28339619865678967E+046
 Events wgts > 1:            1
 % Cross section > 1:   8.28443820291619263E+038  3.62812122039509507E-006
 Checking number of events  0.29960441522575737                1  chi2:    2984519.5882395632     
 Found           16  events.
 Wrote            1  events.
 Actual xsec   2.28339619865678967E+046
 Correct abs xsec   2.28339619865678967E+046
 Event xsec   2.28339619865678967E+046
 Events wgts > 1:            1
 % Cross section > 1:   8.28443820291619263E+038  3.62812122039509507E-006
 Error in matrix element
 Error in matrix element
 Error in matrix element
 Iteration  5   Mean: 0.4443E+48 Abs mean: 0.4443E+48   Fluctuation:  0.400E+48   0.128E+53    98.4%
  5    0.4443E+48 0.4443E+48 +- 0.4002E+48    161.15
 Relative summed weights:
  0.1000E+01  0.0000E+00
 Relative number of events:
  0.1000E+01  0.0000E+00
 Events:
       32000           0
 Found           15  events.
 Wrote            1  events.
 Actual xsec   1.60180662876948517E+047
 Correct abs xsec   1.60180662876948517E+047
 Event xsec   1.60180662876948496E+047
 Events wgts > 1:            1
 % Cross section > 1:   3.09146313204195377E+040  1.92998522825244481E-005
 Checking number of events   2.1017304776084416                1  chi2:    37.316632028213689     
 Found           15  events.
 Wrote            1  events.
 Actual xsec   1.60180662876948517E+047
 Correct abs xsec   1.60180662876948517E+047
 Event xsec   1.60180662876948496E+047
 Events wgts > 1:            1
 % Cross section > 1:   3.09146313204195377E+040  1.92998522825244481E-005
 Iteration  6   Mean: 0.2257E+46 Abs mean: 0.2257E+46   Fluctuation:  0.825E+45   0.373E+50    98.3%
  6    0.2257E+46 0.2257E+46 +- 0.8245E+45     92.44
 Relative summed weights:
  0.1000E+01  0.0000E+00
 Relative number of events:
  0.1000E+01  0.0000E+00
 Events:
       64000           0
 Found           18  events.
 Wrote            3  events.
 Actual xsec   6.61087816954830013E+046
 Correct abs xsec   6.61087816954830013E+046
 Event xsec   6.61087816954830013E+046
 Events wgts > 1:            0
 % Cross section > 1:    0.0000000000000000        0.0000000000000000     
 Checking number of events  0.86741332462643239                3  chi2:    2998.8717601945464     
 Found           18  events.
 Wrote            3  events.
 Actual xsec   6.61087816954830013E+046
 Correct abs xsec   6.61087816954830013E+046
 Event xsec   6.61087816954830013E+046
 Events wgts > 1:            0
 % Cross section > 1:    0.0000000000000000        0.0000000000000000     
 Error in matrix element
 Error in matrix element
 Error in matrix element
 Error in matrix element
 Error in matrix element
 Error in matrix element
 Error in matrix element
 Error in matrix element
 Error in matrix element
 Error in matrix element
 Error in matrix element
 Iteration  7   Mean: 0.1535E+49 Abs mean: 0.1535E+49   Fluctuation:  0.106E+49   0.114E+54    98.4%
  7    0.1535E+49 0.1535E+49 +- 0.1055E+49    246.00
 Relative summed weights:
  0.1000E+01  0.0000E+00
 Relative number of events:
  0.1000E+01  0.0000E+00
 Events:
      128000           0
 Found          122  events.
 Wrote            1  events.
 Actual xsec   3.51643381324730232E+047
 Correct abs xsec   3.51643381324730232E+047
 Event xsec   3.51643381324730272E+047
 Events wgts > 1:            0
 % Cross section > 1:    0.0000000000000000        0.0000000000000000     
 Checking number of events   4.6139128063617854                1  chi2:    89775.047054727227     
 Found          122  events.
 Wrote            1  events.
 Actual xsec   3.51643381324730232E+047
 Correct abs xsec   3.51643381324730232E+047
 Event xsec   3.51643381324730272E+047
 Events wgts > 1:            0
 % Cross section > 1:    0.0000000000000000        0.0000000000000000     
 Error in matrix element
 Error in matrix element
 Error in matrix element
 Error in matrix element
 Error in matrix element
 Error in matrix element
 Iteration  8   Mean: 0.8591E+48 Abs mean: 0.8591E+48   Fluctuation:  0.620E+48   0.150E+54    98.3%
  8    0.8591E+48 0.8591E+48 +- 0.6204E+48    365.41
 Relative summed weights:
  0.1000E+01  0.0000E+00
 Relative number of events:
  0.1000E+01  0.0000E+00
 Events:
      256000           0
 Found           43  events.
 Wrote            2  events.
 Actual xsec   4.26174786730228104E+047
 Correct abs xsec   4.26174786730228104E+047
 Event xsec   4.26174786730228104E+047
 Events wgts > 1:            0
 % Cross section > 1:    0.0000000000000000        0.0000000000000000     
 Checking number of events   5.5918393766873224                2  chi2:    132161.87944650682     
 Found           43  events.
 Wrote            2  events.
 Actual xsec   4.26174786730228104E+047
 Correct abs xsec   4.26174786730228104E+047
 Event xsec   4.26174786730228104E+047
 Events wgts > 1:            0
 % Cross section > 1:    0.0000000000000000        0.0000000000000000     
 Error in matrix element
 Error in matrix element
 Error in matrix element
 Error in matrix element
 Error in matrix element
 Error in matrix element
 Error in matrix element
 Error in matrix element
 Error in matrix element
 Error in matrix element
 Error in matrix element
 Error in matrix element
 Error in matrix element
 Error in matrix element
 Error in matrix element
 Error in matrix element
 Error in matrix element
 Error in matrix element
 Error in matrix element
 Error in matrix element
 Error in matrix element
 Error in matrix element
 Error in matrix element
 Error in matrix element
 Error in matrix element
 Error in matrix element
 Error in matrix element
 Iteration  9   Mean: 0.4151E+49 Abs mean: 0.4151E+49   Fluctuation:  0.283E+49   0.130E+55    98.4%
  9    0.4151E+49 0.4151E+49 +- 0.2826E+49    487.11
 Relative summed weights:
  0.1000E+01  0.0000E+00
 Relative number of events:
  0.1000E+01  0.0000E+00
 Events:
      512000           0
 Found          101  events.
 Wrote            2  events.
 Actual xsec   2.23748849959920218E+048
 Correct abs xsec   2.23748849959920218E+048
 Event xsec   2.23748849959920218E+048
 Events wgts > 1:            0
 % Cross section > 1:    0.0000000000000000        0.0000000000000000     
 Checking number of events   29.358086603241130                2  chi2:    2.9188159206924440     
 Found          101  events.
 Wrote            1  events.
 Actual xsec   2.23748849959920218E+048
 Correct abs xsec   2.23748849959920218E+048
 Event xsec   2.23748849959920218E+048
 Events wgts > 1:            0
 % Cross section > 1:    0.0000000000000000        0.0000000000000000     

 -------------------------------------------------------------------------------
 Accumulated results:   Integral =   +Infinity
                        Std dev  =   +Infinity
                       Cross sec =   +Infinity
             Chi**2 per DoF.     =      9.9693
 -------------------------------------------------------------------------------
-------------------------------------------------
---------------------------
 Results Last   3 iters: Integral =   0.2237E+49
                     Abs integral =   0.2237E+49
                          Std dev =   0.8993E+48
                  Chi**2 per DoF. =      2.9188
-------------------------------------------------
---------------------------
 Status -1.31209999999999997E-047          10           9
 Trying w/ fresh grid
 Starting w/ ncall =         8000
 Keeping grid fixed.
  5 dimensions   8000 events  5 invarients  8 iterations  1 config(s),  (0.99)
 Using h-tuple random number sequence.
 Error opening grid
 Using Uniform Grid!
 Using uniform alpha   1.0000000000000000     
 Grid defined OK
Setting grid   1    0.26112E-08   1
Setting grid   2    0.26112E-08   1
 Iteration  1   Mean: 0.9986E+32 Abs mean: 0.9986E+32   Fluctuation:  0.988E+32   0.790E+36    68.0%
  1    0.9986E+32 0.9986E+32 +- 0.9879E+32     88.48
 Relative summed weights:
  0.1000E+01  0.0000E+00
 Relative number of events:
  0.1000E+01  0.0000E+00
 Events:
        8000           0
 Iteration  2   Mean: 0.1853E+40 Abs mean: 0.1853E+40   Fluctuation:  0.128E+40   0.151E+44    75.4%
  2    0.1853E+40 0.1853E+40 +- 0.1282E+40     87.50
 Relative summed weights:
  0.1000E+01  0.0000E+00
 Relative number of events:
  0.1000E+01  0.0000E+00
 Events:
       16000           0
 Iteration  3   Mean: 0.5854E+41 Abs mean: 0.5854E+41   Fluctuation:  0.445E+41   0.132E+46    96.2%
  3    0.5854E+41 0.5854E+41 +- 0.4447E+41    135.88
 Relative summed weights:
  0.1000E+01  0.0000E+00
 Relative number of events:
  0.1000E+01  0.0000E+00
 Events:
       32000           0
 Found           34  events.
 Wrote            1  events.
 Actual xsec   2.17418048557796809E+040
 Correct abs xsec   2.17418048557796809E+040
 Event xsec   2.17418048557796809E+040
 Events wgts > 1:            1
 % Cross section > 1:   2.41088377766126190E+032  1.10887012078961334E-006
 Checking number of events  2.85274221512685192E-007           1  chi2:    24220001804987868.     
 Found           34  events.
 Wrote            1  events.
 Actual xsec   2.17418048557796809E+040
 Correct abs xsec   2.17418048557796809E+040
 Event xsec   2.17418048557796809E+040
 Events wgts > 1:            1
 % Cross section > 1:   2.41088377766126190E+032  1.10887012078961334E-006
 Iteration  4   Mean: 0.6470E+45 Abs mean: 0.6470E+45   Fluctuation:  0.553E+45   0.349E+50    96.5%
  4    0.6470E+45 0.6470E+45 +- 0.5533E+45    216.35
 Relative summed weights:
  0.1000E+01  0.0000E+00
 Relative number of events:
  0.1000E+01  0.0000E+00
 Events:
       64000           0
 Found           52  events.
 Wrote            1  events.
 Actual xsec   1.70465036505991583E+044
 Correct abs xsec   1.70465036505991583E+044
 Event xsec   1.70465036505991583E+044
 Events wgts > 1:            1
 % Cross section > 1:   1.35006654153322423E+037  7.91990292675513834E-006
 Checking number of events  2.23667174399511549E-003           1  chi2:    8848636790.2063427     
 Found           52  events.
 Wrote            1  events.
 Actual xsec   1.70465036505991583E+044
 Correct abs xsec   1.70465036505991583E+044
 Event xsec   1.70465036505991583E+044
 Events wgts > 1:            1
 % Cross section > 1:   1.35006654153322423E+037  7.91990292675513834E-006
 Iteration  5   Mean: 0.2465E+48 Abs mean: 0.2465E+48   Fluctuation:  0.228E+48   0.291E+53    98.5%
  5    0.2465E+48 0.2465E+48 +- 0.2279E+48    330.82
 Relative summed weights:
  0.1000E+01  0.0000E+00
 Relative number of events:
  0.1000E+01  0.0000E+00
 Events:
      128000           0
 Found           29  events.
 Wrote            1  events.
 Actual xsec   6.77202465095111312E+046
 Correct abs xsec   6.77202465095111312E+046
 Event xsec   6.77202465095111312E+046
 Events wgts > 1:            0
 % Cross section > 1:    0.0000000000000000        0.0000000000000000     
 Checking number of events  0.88855735445129558                1  chi2:    1159508714717.3445     
 Found           29  events.
 Wrote            1  events.
 Actual xsec   6.77202465095111312E+046
 Correct abs xsec   6.77202465095111312E+046
 Event xsec   6.77202465095111312E+046
 Events wgts > 1:            0
 % Cross section > 1:    0.0000000000000000        0.0000000000000000     
 Fixing grid
 Error in matrix element
 Error in matrix element
 Error in matrix element
 Error in matrix element
 Error in matrix element
 Error in matrix element
 Error in matrix element
 Iteration  6   Mean: 0.1119E+48 Abs mean: 0.1119E+48   Fluctuation:  0.648E+47   0.141E+53    96.4%
  6    0.1119E+48 0.1119E+48 +- 0.6484E+47    293.10
 Relative summed weights:
  0.1000E+01  0.0000E+00
 Relative number of events:
  0.1000E+01  0.0000E+00
 Events:
      256000           0
 Found           36  events.
 Wrote            2  events.
 Actual xsec   1.12873924211016615E+047
 Correct abs xsec   1.12873924211016615E+047
 Event xsec   1.12873924211016595E+047
 Events wgts > 1:            1
 % Cross section > 1:   3.62202174437772453E+039  3.20890920528854276E-006
 Checking number of events   1.4810187595727491                2  chi2:    20570.076179648993     
 Found           36  events.
 Wrote            2  events.
 Actual xsec   1.12873924211016615E+047
 Correct abs xsec   1.12873924211016615E+047
 Event xsec   1.12873924211016595E+047
 Events wgts > 1:            1
 % Cross section > 1:   3.62202174437772453E+039  3.20890920528854276E-006
 Error in matrix element
 Error in matrix element
 Error in matrix element
 Error in matrix element
 Error in matrix element
 Error in matrix element
 Error in matrix element
 Error in matrix element
 Error in matrix element
 Error in matrix element
 Error in matrix element
 Error in matrix element
 Error in matrix element
 Error in matrix element
 Iteration  7   Mean: 0.1021E+48 Abs mean: 0.1021E+48   Fluctuation:  0.822E+47   0.419E+53    96.5%
  7    0.1021E+48 0.1021E+48 +- 0.8221E+47    576.09
 Relative summed weights:
  0.1000E+01  0.0000E+00
 Relative number of events:
  0.1000E+01  0.0000E+00
 Events:
      512000           0
 Found           61  events.
 Wrote            1  events.
 Actual xsec   1.36914852427550544E+047
 Correct abs xsec   1.36914852427550544E+047
 Event xsec   1.36914852427550544E+047
 Events wgts > 1:            0
 % Cross section > 1:    0.0000000000000000        0.0000000000000000     
 Checking number of events   1.7964597787018906                1  chi2:   0.27937909838955860     
 Found           61  events.
 Wrote            2  events.
 Actual xsec   1.36914852427550544E+047
 Correct abs xsec   1.36914852427550544E+047
 Event xsec   1.36914852427550544E+047
 Events wgts > 1:            0
 % Cross section > 1:    0.0000000000000000        0.0000000000000000     
 Error in matrix element
 Error in matrix element
 Error in matrix element
 Error in matrix element
 Error in matrix element
 Error in matrix element
 Error in matrix element
 Error in matrix element
 Error in matrix element
 Error in matrix element
 Error in matrix element
 Error in matrix element
 Error in matrix element
 Error in matrix element
 Error in matrix element
 Error in matrix element
 Error in matrix element
 Error in matrix element
 Error in matrix element
 Error in matrix element
 Error in matrix element
 Error in matrix element
 Error in matrix element
 Error in matrix element
 Error in matrix element
 Error in matrix element
 Error in matrix element
 Iteration  8   Mean: 0.9445E+48 Abs mean: 0.9445E+48   Fluctuation:  0.482E+48   0.347E+54    96.5%
  8    0.9445E+48 0.9445E+48 +- 0.4820E+48    516.43
 Relative summed weights:
  0.1000E+01  0.0000E+00
 Relative number of events:
  0.1000E+01  0.0000E+00
 Events:
     1024000           0
 Found          130  events.
 Wrote            3  events.
 Actual xsec   1.68977975037764007E+048
 Correct abs xsec   1.68977975037764007E+048
 Event xsec   1.68977975037764007E+048
 Events wgts > 1:            0
 % Cross section > 1:    0.0000000000000000        0.0000000000000000     
 Checking number of events   6.4606649027858243                3  chi2:    28.922414395861210     
 Found          130  events.
 Wrote            4  events.
 Actual xsec   1.68977975037764007E+048
 Correct abs xsec   1.68977975037764007E+048
 Event xsec   1.68977975037764007E+048
 Events wgts > 1:            0
 % Cross section > 1:    0.0000000000000000        0.0000000000000000     

 -------------------------------------------------------------------------------
 Accumulated results:   Integral =   +Infinity
                        Std dev  =   +Infinity
                       Cross sec =   +Infinity
             Chi**2 per DoF.     =      4.2234
 -------------------------------------------------------------------------------
-------------------------------------------------
---------------------------
 Results Last   3 iters: Integral =   0.4924E+48
                     Abs integral =   0.4924E+48
                         Std dev =   0.1703E+48
                 Chi**2 per DoF. =     28.9224
-------------------------------------------------
---------------------------

ls status:
events.lhe
ftn25
ftn26
input_sg.txt
log.txt
moffset.dat
results.dat
run1_app.log
