 Process in group number            0
 No PDF is used, alpha_s(MZ) from param_card is used
 Value of alpha_s from param_card:   0.11800000071525575     
 The default order of alpha_s running is fixed to            2
 *****************************************************
 *               MadGraph/MadEvent                   *
 *        --------------------------------           *
 *          http://madgraph.hep.uiuc.edu             *
 *          http://madgraph.phys.ucl.ac.be           *
 *          http://madgraph.roma2.infn.it            *
 *        --------------------------------           *
 *                                                   *
 *          PARAMETER AND COUPLING VALUES            *
 *                                                   *
 *****************************************************

  External Params
  ---------------------------------
  
 aEWM1 =    132.50700378417969     
 mdl_Gf =   1.16639000000000003E-005
 aS =   0.11800000071525575     
 mdl_ymb =    4.6999998092651367     
 mdl_ymt =    173.00000000000000     
 mdl_yme =   5.10999991092830896E-004
 mdl_ymm =   0.10565999895334244     
 mdl_ymtau =    1.7769999504089355     
 mdl_MZ =    91.188003540039063     
 mdl_MT =    173.00000000000000     
 mdl_MB =    4.6999998092651367     
 mdl_MH =    125.00000000000000     
 mdl_Me =   5.10999991092830896E-004
 mdl_MM =   0.10565999895334244     
 mdl_MTA =    1.7769999504089355     
 mdl_WZ =    2.4414041042327881     
 mdl_WW =    2.0476000308990479     
 mdl_WT =    1.4915000200271606     
 mdl_WH =   6.38233916833996773E-003
 mdl_WTau =   2.26999999999999982E-012
  Internal Params
  ---------------------------------
  
 mdl_conjg__CKM3x3 =    1.0000000000000000     
 mdl_CKM3x3 =    1.0000000000000000     
 mdl_conjg__CKM1x1 =    1.0000000000000000     
 mdl_complexi =  (  0.0000000000000000     ,  1.0000000000000000     )
 mdl_MZ__exp__2 =    8315.2519896181766     
 mdl_MZ__exp__4 =    69143415.650849044     
 mdl_sqrt__2 =    1.4142135623730951     
 mdl_MH__exp__2 =    15625.000000000000     
 mdl_aEW =   7.54677089845565054E-003
 mdl_MW =    80.419007276179556     
 mdl_sqrt__aEW =   8.68721526063194194E-002
 mdl_ee =   0.30795376284704501     
 mdl_MW__exp__2 =    6467.2167312862202     
 mdl_sw2 =   0.22224645274001076     
 mdl_cw =   0.88190336616887299     
 mdl_sqrt__sw2 =   0.47143022043565552     
 mdl_sw =   0.47143022043565552     
 mdl_g1 =   0.34919218438279087     
 mdl_gw =   0.65323296958447097     
 mdl_vev =    246.21845810181631     
 mdl_vev__exp__2 =    60623.529110035874     
 mdl_lam =   0.12886910601690271     
 mdl_yb =   2.69955531549349904E-002
 mdl_ye =   2.93504850670934038E-006
 mdl_ym =   6.06883028478528356E-004
 mdl_yt =   0.99366614581500645     
 mdl_ytau =   1.02066167158167895E-002
 mdl_muH =    88.388347648318444     
 mdl_I1x33 =  ( 2.69955531549349904E-002,  0.0000000000000000     )
 mdl_I2x33 =  ( 0.99366614581500645     ,  0.0000000000000000     )
 mdl_I3x33 =  ( 0.99366614581500645     ,  0.0000000000000000     )
 mdl_I4x33 =  ( 2.69955531549349904E-002,  0.0000000000000000     )
 mdl_ee__exp__2 =   9.48355200516540348E-002
 mdl_sw__exp__2 =   0.22224645274001076     
 mdl_cw__exp__2 =   0.77775354725998924     
  Internal Params evaluated point by point
  ----------------------------------------
  
 mdl_sqrt__aS =   0.34351128178744839     
 mdl_G__exp__2 =    1.4828317414825511     
  Couplings of sm-lepton_masses
  ---------------------------------
  
         GC_3 =  -0.00000E+00  -0.30795E+00

 Collider parameters:
 --------------------

<<<<<<< HEAD
 Running at e e   machine @   7.14879999999999960E-002  GeV
=======
 Running at e e   machine @   7.00000000000000067E-002  GeV
>>>>>>> 911b5ec345c81b054214c521136984e9d6306827
 PDF set = none   
 alpha_s(Mz)= 0.1180 running at 2 loops.
 alpha_s(Mz)= 0.1180 running at 2 loops.
 Renormalization scale fixed @    91.188000000000002     
 Factorization scales  fixed @    91.188000000000002        91.188000000000002     


 getting user params
Enter number of events and max and min iterations: 
 Number of events and iterations         2000           9           3
Enter desired fractional accuracy: 
<<<<<<< HEAD
 Desired fractional accuracy:  -3.19030000000000027E-005
=======
 Desired fractional accuracy:  -3.13399999999999974E-004
>>>>>>> 911b5ec345c81b054214c521136984e9d6306827
Enter 0 for fixed, 2 for adjustable grid: 
Suppress amplitude (0 no, 1 yes)? 
 Using suppressed amplitude.
Exact helicity sum (0 yes, n = number/event)? 
 Explicitly summing over helicities
Enter Configuration Number: 
Running Configuration Number:    1
 Not subdividing B.W.
 Attempting mappinvarients           1           4
 Completed mapping           4
 about to integrate            2        2000           9           3           2           1
 Using non-zero grid deformation.
  2 dimensions   2000 events  2 invarients  9 iterations  1 config(s),  (0.99)
 Using h-tuple random number sequence.
 Error opening grid
 Using Uniform Grid!
 Using uniform alpha   1.0000000000000000     
 Grid defined OK
 Set CM energy to          0.07
 Mapping Graph           1  to config           1
<<<<<<< HEAD
Setting grid   1    0.17611E-02   1
=======
Setting grid   1    0.38601E-01   1
>>>>>>> 911b5ec345c81b054214c521136984e9d6306827
 Masses: 0.511E-03 0.511E-03 0.000E+00 0.000E+00
   1   1   2
 Got moffset          24
Using random seed offsets     1 :      1
<<<<<<< HEAD
  with seed                  117
 Ranmar initialization seeds       24102       25101
=======
  with seed                   63
 Ranmar initialization seeds       18438       25045
>>>>>>> 911b5ec345c81b054214c521136984e9d6306827
  Particle       3       4
      Et >     0.0     0.0
       E >     0.0     0.0
     Eta <    -1.0    -1.0
   xqcut:      0.0     0.0
d R # 3  >    -0.0     0.0
s min # 3>     0.0     0.0
xqcutij # 3>     0.0     0.0
 alpha_s for scale    91.188000000000002       is   0.11800000071525575     
<<<<<<< HEAD
 Added good helicity            1  0.17668478781351507       in event            1
 Added good helicity            2  3.65085485908762630E-006  in event            1
 Added good helicity            3  3.65085485908762291E-006  in event            1
 Added good helicity            6  4.07877747009896050E-005  in event            1
 Added good helicity            7   7.8232671222407077       in event            1
 Added good helicity           10   7.8232671222407077       in event            1
 Added good helicity           11  4.07877747009896050E-005  in event            1
 Added good helicity           14  3.65085485908762291E-006  in event            1
 Added good helicity           15  3.65085485908762630E-006  in event            1
 Added good helicity           16  0.17668478781351507       in event            1
 Iteration  1   Mean: 0.1455E+09 Abs mean: 0.1455E+09   Fluctuation:  0.165E+07   0.179E+09    90.3%
  1    0.1455E+09 0.1455E+09 +- 0.1649E+07      0.51
 Writing out events   8949.7452636952421       0.50663191872604862     
 Relative summed weights:
  0.5044E+00  0.0000E+00
  0.4956E+00  0.0000E+00
=======
 Added good helicity            1  1.14815528859421052E-002  in event            1
 Added good helicity            2  7.47084398657177736E-005  in event            1
 Added good helicity            3  7.47084398657177736E-005  in event            1
 Added good helicity            6   7.9729623798495979       in event            1
 Added good helicity            7  1.54066503521164810E-002  in event            1
 Added good helicity           10  1.54066503521164810E-002  in event            1
 Added good helicity           11   7.9729623798495979       in event            1
 Added good helicity           14  7.47084398657177736E-005  in event            1
 Added good helicity           15  7.47084398657177736E-005  in event            1
 Added good helicity           16  1.14815528859421052E-002  in event            1
 Iteration  1   Mean: 0.1500E+08 Abs mean: 0.1500E+08   Fluctuation:  0.339E+06   0.163E+08    16.3%
  1    0.1500E+08 0.1500E+08 +- 0.3392E+06      1.01
 Writing out events   5114.5340722919409        1.0109204115763424     
 Relative summed weights:
  0.5004E+00  0.0000E+00
  0.4996E+00  0.0000E+00
>>>>>>> 911b5ec345c81b054214c521136984e9d6306827
 Relative number of events:
  0.5035E+00  0.0000E+00
  0.4965E+00  0.0000E+00
 Events:
        1007           0
         993           0
<<<<<<< HEAD
 Iteration  2   Mean: 0.1444E+09 Abs mean: 0.1444E+09   Fluctuation:  0.532E+06   0.226E+09    99.2%
  2    0.1444E+09 0.1444E+09 +- 0.5319E+06      0.23
 Relative summed weights:
  0.4943E+00  0.0000E+00
  0.5057E+00  0.0000E+00
 Relative number of events:
  0.4955E+00  0.0000E+00
  0.5045E+00  0.0000E+00
 Events:
        1982           0
        2018           0
 Iteration  3   Mean: 0.1453E+09 Abs mean: 0.1453E+09   Fluctuation:  0.257E+06   0.195E+09    99.7%
  3    0.1453E+09 0.1453E+09 +- 0.2573E+06      0.16
 Relative summed weights:
  0.5115E+00  0.0000E+00
  0.4885E+00  0.0000E+00
 Relative number of events:
  0.5115E+00  0.0000E+00
  0.4885E+00  0.0000E+00
 Events:
        4092           0
        3908           0
 Found          819  events.
 Wrote          814  events.
 Actual xsec    145134197.62898448     
 Correct abs xsec    145134197.62898448     
 Event xsec    145134197.62898552     
 Events wgts > 1:            0
 % Cross section > 1:    0.0000000000000000        0.0000000000000000     
 Checking number of events   4630.2163069574926              814  chi2:    1.1709578441847568     
 Found          819  events.
 Wrote          814  events.
 Actual xsec    145134197.62898448     
 Correct abs xsec    145134197.62898448     
 Event xsec    145134197.62898552     
 Events wgts > 1:            0
 % Cross section > 1:    0.0000000000000000        0.0000000000000000     
 Iteration  4   Mean: 0.1449E+09 Abs mean: 0.1449E+09   Fluctuation:  0.139E+06   0.181E+09    99.8%
  4    0.1449E+09 0.1449E+09 +- 0.1395E+06      0.12
 Relative summed weights:
  0.5043E+00  0.0000E+00
  0.4957E+00  0.0000E+00
 Relative number of events:
  0.5046E+00  0.0000E+00
  0.4954E+00  0.0000E+00
 Events:
        8073           0
        7927           0
 Found         1590  events.
 Wrote         1585  events.
 Actual xsec    144975711.44322604     
 Correct abs xsec    144975711.44322604     
 Event xsec    144975711.44322056     
 Events wgts > 1:            0
 % Cross section > 1:    0.0000000000000000        0.0000000000000000     
 Checking number of events   4625.1601221732408             1585  chi2:    1.4264774562178204     
 Found         1590  events.
 Wrote         1585  events.
 Actual xsec    144975711.44322604     
 Correct abs xsec    144975711.44322604     
 Event xsec    144975711.44322056     
 Events wgts > 1:            0
 % Cross section > 1:    0.0000000000000000        0.0000000000000000     
 Iteration  5   Mean: 0.1450E+09 Abs mean: 0.1450E+09   Fluctuation:  0.843E+05   0.179E+09    99.8%
  5    0.1450E+09 0.1450E+09 +- 0.8433E+05      0.10
 Relative summed weights:
  0.5028E+00  0.0000E+00
  0.4972E+00  0.0000E+00
 Relative number of events:
  0.5028E+00  0.0000E+00
  0.4972E+00  0.0000E+00
 Events:
       16091           0
       15909           0
 Found         3220  events.
 Wrote         3215  events.
 Actual xsec    144971360.30893174     
 Correct abs xsec    144971360.30893174     
 Event xsec    144971360.30893728     
 Events wgts > 1:            0
 % Cross section > 1:    0.0000000000000000        0.0000000000000000     
 Checking number of events   4625.0213079358500             3215  chi2:   0.87107944487926781     
 Found         3220  events.
 Wrote         3215  events.
 Actual xsec    144971360.30893174     
 Correct abs xsec    144971360.30893174     
 Event xsec    144971360.30893728     
 Events wgts > 1:            0
 % Cross section > 1:    0.0000000000000000        0.0000000000000000     
 Iteration  6   Mean: 0.1449E+09 Abs mean: 0.1449E+09   Fluctuation:  0.551E+05   0.220E+09    99.8%
  6    0.1449E+09 0.1449E+09 +- 0.5515E+05      0.10
 Relative summed weights:
  0.4965E+00  0.0000E+00
  0.5035E+00  0.0000E+00
 Relative number of events:
  0.4966E+00  0.0000E+00
  0.5034E+00  0.0000E+00
 Events:
       31785           0
       32215           0
 Found         6361  events.
 Wrote         6356  events.
 Actual xsec    144927181.67322287     
 Correct abs xsec    144927181.67322287     
 Event xsec    144927181.67321041     
 Events wgts > 1:            0
 % Cross section > 1:    0.0000000000000000        0.0000000000000000     
 Checking number of events   4623.6118769208297             6356  chi2:   7.48382313963097401E-002

 -------------------------------------------------------------------------------
 Accumulated results:   Integral =  0.1449E+09
                        Std dev  =  0.4304E+05
                       Cross sec =  0.6536E+00
             Chi**2 per DoF.     =
-------------------------------------------------
---------------------------
 Results Last   3 iters: Integral =   0.1449E+09
                     Abs integral =   0.1449E+09
                          Std dev =   0.4382E+05
                  Chi**2 per DoF. =      0.0748
-------------------------------------------------
---------------------------
 Status -3.19030000000000027E-005           7           9
 We found enough events        6356   4623.6118769208297     
=======
Warning xbin not returning correct x   1  0.982141E+00  0.999912E+00  0.5104E-02
Warning xbin not returning correct x   1  0.988128E+00  0.999941E+00  0.5104E-02
Warning xbin not returning correct x   1  0.981472E+00  0.999909E+00  0.5104E-02
 Iteration  2   Mean: 0.1466E+08 Abs mean: 0.1466E+08   Fluctuation:  0.141E+06   0.243E+08    80.2%
  2    0.1466E+08 0.1466E+08 +- 0.1413E+06      0.61
 Relative summed weights:
  0.4993E+00  0.0000E+00
  0.5007E+00  0.0000E+00
 Relative number of events:
  0.4995E+00  0.0000E+00
  0.5005E+00  0.0000E+00
 Events:
        1998           0
        2002           0
Warning xbin not returning correct x   1  0.968708E+00  0.999959E+00  0.1377E-02
Warning xbin not returning correct x   1  0.981454E+00  0.999975E+00  0.1377E-02
 Iteration  3   Mean: 0.1463E+08 Abs mean: 0.1463E+08   Fluctuation:  0.671E+05   0.841E+08    94.6%
  3    0.1463E+08 0.1463E+08 +- 0.6708E+05      0.41
 Relative summed weights:
  0.4964E+00  0.0000E+00
  0.5036E+00  0.0000E+00
 Relative number of events:
  0.4954E+00  0.0000E+00
  0.5046E+00  0.0000E+00
 Events:
        3963           0
        4037           0
 Found          856  events.
 Wrote          851  events.
 Actual xsec    14651052.755193744     
 Correct abs xsec    14651052.755193744     
 Event xsec    14651052.755193871     
 Events wgts > 1:            0
 % Cross section > 1:    0.0000000000000000        0.0000000000000000     
 Checking number of events   4591.6399334777188              851  chi2:   0.57880848227179538     
 Found          856  events.
 Wrote          851  events.
 Actual xsec    14651052.755193744     
 Correct abs xsec    14651052.755193744     
 Event xsec    14651052.755193871     
 Events wgts > 1:            0
 % Cross section > 1:    0.0000000000000000        0.0000000000000000     
Warning xbin not returning correct x   1  0.972914E+00  0.999989E+00  0.4110E-03
Warning xbin not returning correct x   1  0.994609E+00  0.999998E+00  0.4110E-03
Warning xbin not returning correct x   1  0.988390E+00  0.999995E+00  0.4110E-03
Warning xbin not returning correct x   1  0.965493E+00  0.999986E+00  0.4110E-03
Warning xbin not returning correct x   1  0.984911E+00  0.999994E+00  0.4110E-03
Warning xbin still not working well. Last message this iteration.
 Iteration  4   Mean: 0.1464E+08 Abs mean: 0.1464E+08   Fluctuation:  0.358E+05   0.255E+08    95.5%
  4    0.1464E+08 0.1464E+08 +- 0.3575E+05      0.31
 Relative summed weights:
  0.4976E+00  0.0000E+00
  0.5024E+00  0.0000E+00
 Relative number of events:
  0.4977E+00  0.0000E+00
  0.5023E+00  0.0000E+00
 Events:
        7963           0
        8037           0
 Found         1679  events.
 Wrote         1674  events.
 Actual xsec    14637647.661815573     
 Correct abs xsec    14637647.661815573     
 Event xsec    14637647.661815049     
 Events wgts > 1:            0
 % Cross section > 1:    0.0000000000000000        0.0000000000000000     
 Checking number of events   4587.4387772130003             1674  chi2:   1.63338867960833231E-002
 Found         1679  events.
 Wrote         1674  events.
 Actual xsec    14637647.661815573     
 Correct abs xsec    14637647.661815573     
 Event xsec    14637647.661815049     
 Events wgts > 1:            0
 % Cross section > 1:    0.0000000000000000        0.0000000000000000     
Warning xbin not returning correct x   1  0.968917E+00  0.999994E+00  0.1896E-03
Warning xbin not returning correct x   1  0.992380E+00  0.999999E+00  0.1896E-03
Warning xbin not returning correct x   1  0.987951E+00  0.999998E+00  0.1896E-03
Warning xbin not returning correct x   1  0.966380E+00  0.999994E+00  0.1896E-03
Warning xbin not returning correct x   1  0.963995E+00  0.999993E+00  0.1896E-03
Warning xbin still not working well. Last message this iteration.
 Iteration  5   Mean: 0.1469E+08 Abs mean: 0.1469E+08   Fluctuation:  0.396E+05   0.187E+09    95.4%
  5    0.1469E+08 0.1469E+08 +- 0.3957E+05      0.48
 Relative summed weights:
  0.4989E+00  0.0000E+00
  0.5011E+00  0.0000E+00
 Relative number of events:
  0.4992E+00  0.0000E+00
  0.5008E+00  0.0000E+00
 Events:
       15974           0
       16026           0
 Found         3363  events.
 Wrote         3359  events.
 Actual xsec    14657080.537494501     
 Correct abs xsec    14657080.537494501     
 Event xsec    14657080.537493903     
 Events wgts > 1:           38
 % Cross section > 1:    34175.731073900235       0.23316874725820172     
 Checking number of events   4593.5290404507759             3359  chi2:   0.54705076716917955     
 Found         3363  events.
 Wrote         3359  events.
 Actual xsec    14657080.537494501     
 Correct abs xsec    14657080.537494501     
 Event xsec    14657080.537493903     
 Events wgts > 1:           38
 % Cross section > 1:    34175.731073900235       0.23316874725820172     
Warning xbin not returning correct x   1  0.971041E+00  0.999996E+00  0.1532E-03
Warning xbin not returning correct x   1  0.985644E+00  0.999998E+00  0.1532E-03
Warning xbin not returning correct x   1  0.973981E+00  0.999996E+00  0.1532E-03
Warning xbin not returning correct x   1  0.998809E+00  0.100000E+01  0.1532E-03
Warning xbin not returning correct x   1  0.982818E+00  0.999997E+00  0.1532E-03
Warning xbin still not working well. Last message this iteration.
 Iteration  6   Mean: 0.1469E+08 Abs mean: 0.1469E+08   Fluctuation:  0.238E+05   0.898E+08    94.8%
  6    0.1469E+08 0.1469E+08 +- 0.2380E+05      0.41
 Relative summed weights:
  0.5021E+00  0.0000E+00
  0.4979E+00  0.0000E+00
 Relative number of events:
  0.5014E+00  0.0000E+00
  0.4986E+00  0.0000E+00
 Events:
       32087           0
       31913           0
 Found         6716  events.
 Wrote         6711  events.
 Actual xsec    14674298.840093721     
 Correct abs xsec    14674298.840093721     
 Event xsec    14674298.840092391     
 Events wgts > 1:            0
 % Cross section > 1:    0.0000000000000000        0.0000000000000000     
 Checking number of events   4598.9252564853714             6711  chi2:   0.71869528481793510     

 -------------------------------------------------------------------------------
 Accumulated results:   Integral =  0.1467E+08
                        Std dev  =  0.1698E+05
                       Cross sec =  0.5558E+00
             Chi**2 per DoF.     =
-------------------------------------------------
---------------------------
 Results Last   3 iters: Integral =   0.1467E+08
                     Abs integral =   0.1467E+08
                          Std dev =   0.1771E+05
                  Chi**2 per DoF. =      0.7187
-------------------------------------------------
---------------------------
 Status -3.13399999999999974E-004           7           9
 We found enough events        6711   4598.9252564853714     
>>>>>>> 911b5ec345c81b054214c521136984e9d6306827

ls status:
events.lhe
ftn25
ftn26
input_sg.txt
moffset.dat
results.dat
run_01_ftn26.gz
run_01_log.txt
run_01_results.dat
run_02_ftn26.gz
run_02_log.txt
run_02_results.dat
run_03_ftn26.gz
run_03_log.txt
run_03_results.dat
run_04_ftn26.gz
run_04_log.txt
run_04_results.dat
<<<<<<< HEAD
run_05_ftn26.gz
run_05_log.txt
run_05_results.dat
run_06_ftn26.gz
run_06_log.txt
run_06_results.dat
run_08_ftn26.gz
run_08_log.txt
run_08_results.dat
run_09_ftn26.gz
run_09_log.txt
run_09_results.dat
run_10_ftn26.gz
run_10_log.txt
run_10_results.dat
=======
>>>>>>> 911b5ec345c81b054214c521136984e9d6306827
run1_app.log
