 Process in group number            1
 No PDF is used, alpha_s(MZ) from param_card is used
 Value of alpha_s from param_card:   0.11800000071525575     
 The default order of alpha_s running is fixed to            2
 Warning: pt or E min of a gamma should in general be >0
 *****************************************************
 *               MadGraph/MadEvent                   *
 *        --------------------------------           *
 *          http://madgraph.hep.uiuc.edu             *
 *          http://madgraph.phys.ucl.ac.be           *
 *          http://madgraph.roma2.infn.it            *
 *        --------------------------------           *
 *                                                   *
 *          PARAMETER AND COUPLING VALUES            *
 *                                                   *
 *****************************************************

  External Params
  ---------------------------------
  
 mdl_MB =    4.6999998092651367     
 mdl_MT =    173.00000000000000     
 mdl_MTA =    1.7769999504089355     
 mdl_MZ =    91.188003540039063     
 mdl_MH =    125.00000000000000     
 aEWM1 =    132.50700378417969     
 mdl_Gf =   1.16639000000000003E-005
 aS =   0.11800000071525575     
 mdl_ymb =    4.6999998092651367     
 mdl_ymt =    173.00000000000000     
 mdl_ymtau =    1.7769999504089355     
 mdl_WT =    1.4915000200271606     
 mdl_WZ =    2.4414041042327881     
 mdl_WW =    2.0476000308990479     
 mdl_WH =   6.38233916833996773E-003
  Internal Params
  ---------------------------------
  
 mdl_conjg__CKM3x3 =    1.0000000000000000     
 mdl_CKM3x3 =    1.0000000000000000     
 mdl_conjg__CKM1x1 =    1.0000000000000000     
 mdl_complexi =  (  0.0000000000000000     ,  1.0000000000000000     )
 mdl_MZ__exp__2 =    8315.2519896181766     
 mdl_MZ__exp__4 =    69143415.650849044     
 mdl_sqrt__2 =    1.4142135623730951     
 mdl_MH__exp__2 =    15625.000000000000     
 mdl_aEW =   7.54677089845565054E-003
 mdl_MW =    80.419007276179556     
 mdl_sqrt__aEW =   8.68721526063194194E-002
 mdl_ee =   0.30795376284704501     
 mdl_MW__exp__2 =    6467.2167312862202     
 mdl_sw2 =   0.22224645274001076     
 mdl_cw =   0.88190336616887299     
 mdl_sqrt__sw2 =   0.47143022043565552     
 mdl_sw =   0.47143022043565552     
 mdl_g1 =   0.34919218438279087     
 mdl_gw =   0.65323296958447097     
 mdl_vev =    246.21845810181631     
 mdl_vev__exp__2 =    60623.529110035874     
 mdl_lam =   0.12886910601690271     
 mdl_yb =   2.69955531549349904E-002
 mdl_yt =   0.99366614581500645     
 mdl_ytau =   1.02066167158167895E-002
 mdl_muH =    88.388347648318444     
 mdl_I1x33 =  ( 2.69955531549349904E-002,  0.0000000000000000     )
 mdl_I2x33 =  ( 0.99366614581500645     ,  0.0000000000000000     )
 mdl_I3x33 =  ( 0.99366614581500645     ,  0.0000000000000000     )
 mdl_I4x33 =  ( 2.69955531549349904E-002,  0.0000000000000000     )
 mdl_ee__exp__2 =   9.48355200516540348E-002
 mdl_sw__exp__2 =   0.22224645274001076     
 mdl_cw__exp__2 =   0.77775354725998924     
  Internal Params evaluated point by point
  ----------------------------------------
  
 mdl_sqrt__aS =   0.34351128178744839     
 mdl_G__exp__2 =    1.4828317414825511     
  Couplings of sm
  ---------------------------------
  
         GC_3 =  -0.00000E+00  -0.30795E+00
        GC_50 =  -0.00000E+00  -0.28804E+00
        GC_59 =   0.00000E+00   0.82310E-01

 Collider parameters:
 --------------------

 Running at e e   machine @    10.000000000000000       GeV
 PDF set = none   
 alpha_s(Mz)= 0.1180 running at 2 loops.
 alpha_s(Mz)= 0.1180 running at 2 loops.
 Renormalization scale set on event-by-event basis
 Factorization   scale set on event-by-event basis


 getting user params
Enter number of events and max and min iterations: 
 Number of events and iterations         1000           9           3
Enter desired fractional accuracy: 
 Desired fractional accuracy:  -1.10059999999999990E-009
Enter 0 for fixed, 2 for adjustable grid: 
Suppress amplitude (0 no, 1 yes)? 
 Using suppressed amplitude.
Exact helicity sum (0 yes, n = number/event)? 
 Explicitly summing over helicities
Enter Configuration Number: 
Running Configuration Number:    5
 Not subdividing B.W.
 Attempting mappinvarients           1           5
 Completed mapping           5
 about to integrate            5        1000           9           3           5           1
 Keeping grid fixed.
  5 dimensions   1000 events  5 invarients  9 iterations  1 config(s),  (0.99)
 Using h-tuple random number sequence.
 Grid read from file
 Grid defined OK
 Set CM energy to         10.00
 Mapping Graph           5  to config           5
 Warning: No cutoff for shat integral found
          Minimum set to   1.00000000000000002E-002
 No modification is setgrid, grid read from file
 Warning: No cutoff for shat integral found
          Minimum set to   1.00000000000000002E-002
 No modification is setgrid, grid read from file
 Masses: 0.000E+00 0.000E+00 0.000E+00 0.000E+00 0.000E+00
   5   1   2   3   4   5
 Got moffset           3
Using random seed offsets     5 :      1
  with seed                   48
 Ranmar initialization seeds       30238       18894
  Particle       3       4       5
      Et >     0.0    -1.0    -1.0
       E >     0.0     0.0     0.0
     Eta <    -1.0    -1.0    -1.0
   xqcut:      0.0     0.0     0.0
d R # 3  >    -0.0     0.4     0.4
d R # 4  >    -0.0    -0.0     0.0
s min # 3>     0.0     0.0     0.0
s min # 4>     0.0     0.0     0.0
xqcutij # 3>     0.0     0.0     0.0
xqcutij # 4>     0.0     0.0     0.0
 alpha_s for scale    2.2360679778618868       is   0.28377211164448130     
 Added good helicity            1   7.1122370621951285       in event            1
 Added good helicity            5  0.88776294543572420       in event            1
 Added good helicity           10   7.1122370485796926       in event            1
 Added good helicity           14  0.88776294378442688       in event            1
 Added good helicity           19  0.88776294378554221       in event            1
 Added good helicity           23   7.1122370485886321       in event            1
 Added good helicity           28  0.88776294543572409       in event            1
 Added good helicity           32   7.1122370621951259       in event            1
 Added good helicity           11  2.84750975595076248E-006  in event            7
 Added good helicity           22  2.84751176956075368E-006  in event            7
 Added good helicity           15  8.87587194215728598E-002  in event           17
 Added good helicity           18  8.87587204408367553E-002  in event           17
 Iteration  1   Mean: 0.6895E+15 Abs mean: 0.6895E+15   Fluctuation:  0.497E+15   0.484E+18    99.4%
  1    0.6895E+15 0.6895E+15 +- 0.4967E+15     22.78
 Writing out events   77075335864.590591        22.778029405086713     
 Relative summed weights:
  0.1000E+01  0.0000E+00
 Relative number of events:
  0.1000E+01  0.0000E+00
 Events:
        1000           0
 Iteration  2   Mean: 0.1132E+15 Abs mean: 0.1132E+15   Fluctuation:  0.289E+14   0.338E+17    99.5%
  2    0.1132E+15 0.1132E+15 +- 0.2894E+14     11.44
 Relative summed weights:
  0.1000E+01  0.0000E+00
 Relative number of events:
  0.1000E+01  0.0000E+00
 Events:
        2000           0
 Iteration  3   Mean: 0.5471E+15 Abs mean: 0.5471E+15   Fluctuation:  0.220E+15   0.655E+18    99.2%
  3    0.5471E+15 0.5471E+15 +- 0.2203E+15     25.47
 Relative summed weights:
  0.1000E+01  0.0000E+00
 Relative number of events:
  0.1000E+01  0.0000E+00
 Events:
        4000           0
 Found          157  events.
 Wrote            2  events.
 Actual xsec    275055159754410.88     
 Correct abs xsec    275055159754410.88     
 Event xsec    275055159754410.84     
 Events wgts > 1:            1
 % Cross section > 1:    959574.21875000000       3.48866103659635879E-007
 Checking number of events   302725.70882570458                2  chi2:    16.754631401018823     
 Found          157  events.
 Wrote            4  events.
 Actual xsec    275055159754410.88     
 Correct abs xsec    275055159754410.88     
 Event xsec    275055159754410.88     
 Events wgts > 1:            1
 % Cross section > 1:    479787.11718750000       1.74433054670157296E-007
 Iteration  4   Mean: 0.1234E+16 Abs mean: 0.1234E+16   Fluctuation:  0.547E+15   0.402E+19    99.3%
  4    0.1234E+16 0.1234E+16 +- 0.5474E+15     39.68
 Relative summed weights:
  0.1000E+01  0.0000E+00
 Relative number of events:
  0.1000E+01  0.0000E+00
 Events:
        8000           0
 Found          132  events.
 Wrote            2  events.
 Actual xsec    428482906989377.44     
 Correct abs xsec    428482906989377.44     
 Event xsec    428482906989377.44     
 Events wgts > 1:            1
 % Cross section > 1:    9800327.5625000000       2.28721552310205940E-006
 Checking number of events   471588.28743250878                2  chi2:    60.580975402466073     
 Found          132  events.
 Wrote            1  events.
 Actual xsec    428482906989377.44     
 Correct abs xsec    428482906989377.44     
 Event xsec    428482906989377.44     
 Events wgts > 1:            1
 % Cross section > 1:    19600654.687500000       4.57443094409969599E-006
 Iteration  5   Mean: 0.5529E+15 Abs mean: 0.5529E+15   Fluctuation:  0.157E+15   0.163E+19    99.1%
  5    0.5529E+15 0.5529E+15 +- 0.1571E+15     35.94
 Relative summed weights:
  0.1000E+01  0.0000E+00
 Relative number of events:
  0.1000E+01  0.0000E+00
 Events:
       16000           0
 Found          150  events.
 Wrote            7  events.
 Actual xsec    697770687608644.88     
 Correct abs xsec    697770687608644.88     
 Event xsec    697770687608644.88     
 Events wgts > 1:            0
 % Cross section > 1:    0.0000000000000000        0.0000000000000000     
 Checking number of events   767966.41878207447                7  chi2:    1.1384460263384257     
 Found          150  events.
 Wrote            3  events.
 Actual xsec    697770687608644.88     
 Correct abs xsec    697770687608644.88     
 Event xsec    697770687608644.88     
 Events wgts > 1:            0
 % Cross section > 1:    0.0000000000000000        0.0000000000000000     
 Iteration  6   Mean: 0.9990E+15 Abs mean: 0.9990E+15   Fluctuation:  0.494E+15   0.140E+20    99.3%
  6    0.9990E+15 0.9990E+15 +- 0.4935E+15     88.37
 Relative summed weights:
  0.1000E+01  0.0000E+00
 Relative number of events:
  0.1000E+01  0.0000E+00
 Events:
       32000           0
 Found          456  events.
 Wrote            3  events.
 Actual xsec    798092966265715.13     
 Correct abs xsec    798092966265715.13     
 Event xsec    798092966265715.25     
 Events wgts > 1:            1
 % Cross section > 1:    41990194.281250000       5.26131616943355934E-006
 Checking number of events   878381.11867204600                3  chi2:    1.6174578736793239     
 Found          456  events.
 Wrote            1  events.
 Actual xsec    798092966265715.13     
 Correct abs xsec    798092966265715.13     
 Event xsec    798092966265715.13     
 Events wgts > 1:            1
 % Cross section > 1:    125970569.50000000       1.57839468363463381E-005
 Error in matrix element
 Error in matrix element
 Iteration  7   Mean: 0.6796E+15 Abs mean: 0.6796E+15   Fluctuation:  0.223E+15   0.136E+20    99.3%
  7    0.6796E+15 0.6796E+15 +- 0.2227E+15     82.92
 Relative summed weights:
  0.1000E+01  0.0000E+00
 Relative number of events:
  0.1000E+01  0.0000E+00
 Events:
       64000           0
 Found          653  events.
 Wrote            1  events.
 Actual xsec    669487331949590.88     
 Correct abs xsec    669487331949590.88     
 Event xsec    669487331949590.88     
 Events wgts > 1:            1
 % Cross section > 1:    86569322.750000000       1.29306886954685870E-005
 Checking number of events   736837.75754371961                1  chi2:   0.49923678505927188     
 Found          653  events.
 Wrote            2  events.
 Actual xsec    669487331949590.88     
 Correct abs xsec    669487331949590.88     
 Event xsec    669487331949590.75     
 Events wgts > 1:            1
 % Cross section > 1:    43284664.187500000       6.46534476783186347E-006
 Error in matrix element
 Error in matrix element
 Error in matrix element
 Iteration  8   Mean: 0.2238E+17 Abs mean: 0.2238E+17   Fluctuation:  0.149E+17   0.186E+22    99.2%
  8    0.2238E+17 0.2238E+17 +- 0.1492E+17    238.53
 Relative summed weights:
  0.1000E+01  0.0000E+00
 Relative number of events:
  0.1000E+01  0.0000E+00
 Events:
      128000           0
 Found         1631  events.
 Wrote            1  events.
 Actual xsec    3881395682172231.0     
 Correct abs xsec    3881395682172231.0     
 Event xsec    3881395682172231.0     
 Events wgts > 1:            0
 % Cross section > 1:    0.0000000000000000        0.0000000000000000     
 Checking number of events   4271864.0877987575                1  chi2:    121.15317687012900     
 Found         1631  events.
 Wrote            1  events.
 Actual xsec    3881395682172231.0     
 Correct abs xsec    3881395682172231.0     
 Event xsec    3881395682172231.0     
 Events wgts > 1:            0
 % Cross section > 1:    0.0000000000000000        0.0000000000000000     
 Error in matrix element
 Error in matrix element
 Error in matrix element
 Error in matrix element
 Error in matrix element
 Error in matrix element
 Error in matrix element
 Error in matrix element
 Error in matrix element
 Iteration  9   Mean: 0.6112E+17 Abs mean: 0.6112E+17   Fluctuation:  0.586E+17   0.150E+23    99.2%
  9    0.6112E+17 0.6112E+17 +- 0.5855E+17    484.73
 Relative summed weights:
  0.1000E+01  0.0000E+00
 Relative number of events:
  0.1000E+01  0.0000E+00
 Events:
      256000           0
 Found          335  events.
 Wrote            1  events.
 Actual xsec    9745764222786720.0     
 Correct abs xsec    9745764222786720.0     
 Event xsec    9745764222786720.0     
 Events wgts > 1:            1
 % Cross section > 1:    125535334.00000000       1.28810148830077303E-006
 Checking number of events   10726188.103599062                1  chi2:    829.21999485602623     
 Found          335  events.
 Wrote            1  events.
 Actual xsec    9745764222786720.0     
 Correct abs xsec    9745764222786720.0     
 Event xsec    9745764222786720.0     
 Events wgts > 1:            1
 % Cross section > 1:    125535334.00000000       1.28810148830077303E-006

 -------------------------------------------------------------------------------
 Accumulated results:   Integral =  0.2550E+16
                        Std dev  =  0.3361E+15
                       Cross sec =  0.2550E+16
             Chi**2 per DoF.     =     93.1024
 -------------------------------------------------------------------------------
-------------------------------------------------
---------------------------
 Results Last   3 iters: Integral =   0.9746E+16
                     Abs integral =   0.9746E+16
                          Std dev =   0.2740E+16
                  Chi**2 per DoF. =    829.2200
-------------------------------------------------
---------------------------
 Status -1.10059999999999990E-009          10           9
 Trying w/ fresh grid
 Starting w/ ncall =         4000
 Keeping grid fixed.
  5 dimensions   4000 events  5 invarients  8 iterations  1 config(s),  (0.99)
 Using h-tuple random number sequence.
 Error opening grid
 Using Uniform Grid!
 Using uniform alpha   1.0000000000000000     
 Grid defined OK
 Warning: No cutoff for shat integral found
          Minimum set to   1.00000000000000002E-002
Setting grid   1    0.10000E-01   1
 Warning: No cutoff for shat integral found
          Minimum set to   1.00000000000000002E-002
Setting grid   2    0.10000E-01   1
 Iteration  1   Mean: 0.2355E+05 Abs mean: 0.2355E+05   Fluctuation:  0.947E+04   0.310E+08    98.6%
  1    0.2355E+05 0.2355E+05 +- 0.9472E+04     25.44
 Relative summed weights:
  0.1000E+01  0.0000E+00
 Relative number of events:
  0.1000E+01  0.0000E+00
 Events:
        4000           0
 Iteration  2   Mean: 0.1807E+06 Abs mean: 0.1807E+06   Fluctuation:  0.997E+05   0.627E+09    98.9%
  2    0.1807E+06 0.1807E+06 +- 0.9971E+05     49.34
 Relative summed weights:
  0.1000E+01  0.0000E+00
 Relative number of events:
  0.1000E+01  0.0000E+00
 Events:
        8000           0
 Iteration  3   Mean: 0.1540E+08 Abs mean: 0.1540E+08   Fluctuation:  0.119E+08   0.187E+12    99.0%
  3    0.1540E+08 0.1540E+08 +- 0.1195E+08     98.14
 Relative summed weights:
  0.1000E+01  0.0000E+00
 Relative number of events:
  0.1000E+01  0.0000E+00
 Events:
       16000           0
 Found          505  events.
 Wrote            1  events.
 Actual xsec    2365131.4618581063     
 Correct abs xsec    2365131.4618581063     
 Event xsec    2365131.4618581063     
 Events wgts > 1:            1
 % Cross section > 1:   0.86082746973261237       3.63966013566250070E-005
 Checking number of events  2.60306368692103142E-003           1  chi2:    30799.911463984979     
 Found          505  events.
 Wrote            1  events.
 Actual xsec    2365131.4618581063     
 Correct abs xsec    2365131.4618581063     
 Event xsec    2365131.4618581063     
 Events wgts > 1:            1
 % Cross section > 1:   0.86082746973261237       3.63966013566250070E-005
 Iteration  4   Mean: 0.4896E+08 Abs mean: 0.4896E+08   Fluctuation:  0.307E+08   0.963E+12    99.2%
  4    0.4896E+08 0.4896E+08 +- 0.3066E+08    112.03
 Relative summed weights:
  0.1000E+01  0.0000E+00
 Relative number of events:
  0.1000E+01  0.0000E+00
 Events:
       32000           0
 Found          431  events.
 Wrote            1  events.
 Actual xsec    20142789.699417230     
 Correct abs xsec    20142789.699417230     
 Event xsec    20142789.699417230     
 Events wgts > 1:            1
 % Cross section > 1:    1.3556697145104408       6.73029771317953480E-006
 Checking number of events  2.21691543431786001E-002           1  chi2:    20039.383476148043     
 Found          431  events.
 Wrote            1  events.
 Actual xsec    20142789.699417230     
 Correct abs xsec    20142789.699417230     
 Event xsec    20142789.699417230     
 Events wgts > 1:            1
 % Cross section > 1:    1.3556697145104408       6.73029771317953480E-006
 Iteration  5   Mean: 0.3970E+09 Abs mean: 0.3970E+09   Fluctuation:  0.109E+09   0.420E+13    99.2%
  5    0.3970E+09 0.3970E+09 +- 0.1087E+09     69.28
 Relative summed weights:
  0.1000E+01  0.0000E+00
 Relative number of events:
  0.1000E+01  0.0000E+00
 Events:
       64000           0
 Found         2042  events.
 Wrote            9  events.
 Actual xsec    310247619.53923434     
 Correct abs xsec    310247619.53923434     
 Event xsec    310247619.53923440     
 Events wgts > 1:            1
 % Cross section > 1:    1874404.6688725501       0.60416407760237778     
 Checking number of events  0.34145853006488130                9  chi2:    341.10250159493756     
 Found         2042  events.
 Wrote            8  events.
 Actual xsec    310247619.53923434     
 Correct abs xsec    310247619.53923434     
 Event xsec    310247619.53923440     
 Events wgts > 1:            1
 % Cross section > 1:    2107113.9492871463       0.67917167339318696     
 Fixing grid
 Iteration  6   Mean: 0.5409E+12 Abs mean: 0.5409E+12   Fluctuation:  0.496E+12   0.634E+17    98.7%
  6    0.5409E+12 0.5409E+12 +- 0.4962E+12    328.18
 Relative summed weights:
  0.1000E+01  0.0000E+00
 Relative number of events:
  0.1000E+01  0.0000E+00
 Events:
      128000           0
 Found         6860  events.
 Wrote            1  events.
 Actual xsec    37977952026.848099     
 Correct abs xsec    37977952026.848099     
 Event xsec    37977952026.848099     
 Events wgts > 1:            0
 % Cross section > 1:    0.0000000000000000        0.0000000000000000     
 Checking number of events   41.798534000749015                1  chi2:    824940.22891406831     
 Found         6860  events.
 Wrote            1  events.
 Actual xsec    37977952026.848099     
 Correct abs xsec    37977952026.848099     
 Event xsec    37977952026.848099     
 Events wgts > 1:            0
 % Cross section > 1:    0.0000000000000000        0.0000000000000000     
 Iteration  7   Mean: 0.1782E+11 Abs mean: 0.1782E+11   Fluctuation:  0.329E+10   0.562E+15    98.8%
  7    0.1782E+11 0.1782E+11 +- 0.3289E+10     93.39
 Relative summed weights:
  0.1000E+01  0.0000E+00
 Relative number of events:
  0.1000E+01  0.0000E+00
 Events:
      256000           0
 Found          243  events.
 Wrote            9  events.
 Actual xsec    26695693925.371700     
 Correct abs xsec    26695693925.371700     
 Event xsec    26695693925.371700     
 Events wgts > 1:            1
 % Cross section > 1:    797.58017396926880       2.98767350344560701E-006
 Checking number of events   29.381280734264092                9  chi2:    29263.715590882224     
 Found          243  events.
 Wrote            8  events.
 Actual xsec    26695693925.371700     
 Correct abs xsec    26695693925.371700     
 Event xsec    26695693925.371696     
 Events wgts > 1:            1
 % Cross section > 1:    897.27769279479980       3.36113268043586395E-006
 Iteration  8   Mean: 0.2368E+12 Abs mean: 0.2368E+12   Fluctuation:  0.206E+12   0.106E+18    98.7%
  8    0.2368E+12 0.2368E+12 +- 0.2064E+12    623.85
 Relative summed weights:
  0.1000E+01  0.0000E+00
 Relative number of events:
  0.1000E+01  0.0000E+00
 Events:
      512000           0
 Found         3476  events.
 Wrote            1  events.
 Actual xsec    2096960385942420.5     
 Correct abs xsec    2096960385942420.5     
 Event xsec    2096960385942420.5     
 Events wgts > 1:            0
 % Cross section > 1:    0.0000000000000000        0.0000000000000000     
 Checking number of events   51.043440223751709                1  chi2:    38.617605950811608     
 Found         3476  events.
 Wrote            1  events.
 Actual xsec    2096960385942420.5     
 Correct abs xsec    2096960385942420.5     
 Event xsec    2096960385942420.5     
 Events wgts > 1:            0
 % Cross section > 1:    0.0000000000000000        0.0000000000000000     

 -------------------------------------------------------------------------------
 Accumulated results:   Integral =  0.2519E+11
                        Std dev  =  0.3283E+10
                       Cross sec =  0.2519E+11
             Chi**2 per DoF.     =     88.5858
 -------------------------------------------------------------------------------
-------------------------------------------------
---------------------------
 Results Last   3 iters: Integral =   0.4638E+11
                     Abs integral =   0.4638E+11
                         Std dev =   0.8217E+10
                 Chi**2 per DoF. =     38.6176
-------------------------------------------------
---------------------------

ls status:
events.lhe
ftn25
ftn26
input_sg.txt
log.txt
moffset.dat
results.dat
run_01_ftn26.gz
run_01_log.txt
run_01_results.dat
run_02_ftn26.gz
run_02_log.txt
run_02_results.dat
run1_app.log
