 Process in group number            0
 No PDF is used, alpha_s(MZ) from param_card is used
 Value of alpha_s from param_card:   0.11800000071525575     
 The default order of alpha_s running is fixed to            2
 *****************************************************
 *               MadGraph/MadEvent                   *
 *        --------------------------------           *
 *          http://madgraph.hep.uiuc.edu             *
 *          http://madgraph.phys.ucl.ac.be           *
 *          http://madgraph.roma2.infn.it            *
 *        --------------------------------           *
 *                                                   *
 *          PARAMETER AND COUPLING VALUES            *
 *                                                   *
 *****************************************************

  External Params
  ---------------------------------
  
 aEWM1 =    132.50700378417969     
 mdl_Gf =   1.16639000000000003E-005
 aS =   0.11800000071525575     
 mdl_ymb =    4.6999998092651367     
 mdl_ymt =    173.00000000000000     
 mdl_yme =   5.10999991092830896E-004
 mdl_ymm =   0.10565999895334244     
 mdl_ymtau =    1.7769999504089355     
 mdl_MZ =    91.188003540039063     
 mdl_MT =    173.00000000000000     
 mdl_MB =    4.6999998092651367     
 mdl_MH =    125.00000000000000     
 mdl_Me =   5.10999991092830896E-004
 mdl_MM =   0.10565999895334244     
 mdl_MTA =    1.7769999504089355     
 mdl_WZ =    2.4414041042327881     
 mdl_WW =    2.0476000308990479     
 mdl_WT =    1.4915000200271606     
 mdl_WH =   6.38233916833996773E-003
 mdl_WTau =   2.26999999999999982E-012
  Internal Params
  ---------------------------------
  
 mdl_conjg__CKM3x3 =    1.0000000000000000     
 mdl_CKM3x3 =    1.0000000000000000     
 mdl_conjg__CKM1x1 =    1.0000000000000000     
 mdl_complexi =  (  0.0000000000000000     ,  1.0000000000000000     )
 mdl_MZ__exp__2 =    8315.2519896181766     
 mdl_MZ__exp__4 =    69143415.650849044     
 mdl_sqrt__2 =    1.4142135623730951     
 mdl_MH__exp__2 =    15625.000000000000     
 mdl_aEW =   7.54677089845565054E-003
 mdl_MW =    80.419007276179556     
 mdl_sqrt__aEW =   8.68721526063194194E-002
 mdl_ee =   0.30795376284704501     
 mdl_MW__exp__2 =    6467.2167312862202     
 mdl_sw2 =   0.22224645274001076     
 mdl_cw =   0.88190336616887299     
 mdl_sqrt__sw2 =   0.47143022043565552     
 mdl_sw =   0.47143022043565552     
 mdl_g1 =   0.34919218438279087     
 mdl_gw =   0.65323296958447097     
 mdl_vev =    246.21845810181631     
 mdl_vev__exp__2 =    60623.529110035874     
 mdl_lam =   0.12886910601690271     
 mdl_yb =   2.69955531549349904E-002
 mdl_ye =   2.93504850670934038E-006
 mdl_ym =   6.06883028478528356E-004
 mdl_yt =   0.99366614581500645     
 mdl_ytau =   1.02066167158167895E-002
 mdl_muH =    88.388347648318444     
 mdl_I1x33 =  ( 2.69955531549349904E-002,  0.0000000000000000     )
 mdl_I2x33 =  ( 0.99366614581500645     ,  0.0000000000000000     )
 mdl_I3x33 =  ( 0.99366614581500645     ,  0.0000000000000000     )
 mdl_I4x33 =  ( 2.69955531549349904E-002,  0.0000000000000000     )
 mdl_ee__exp__2 =   9.48355200516540348E-002
 mdl_sw__exp__2 =   0.22224645274001076     
 mdl_cw__exp__2 =   0.77775354725998924     
  Internal Params evaluated point by point
  ----------------------------------------
  
 mdl_sqrt__aS =   0.34351128178744839     
 mdl_G__exp__2 =    1.4828317414825511     
  Couplings of sm-lepton_masses
  ---------------------------------
  
         GC_3 =  -0.00000E+00  -0.30795E+00

 Collider parameters:
 --------------------

<<<<<<< HEAD
 Running at e e   machine @   7.14879999999999960E-002  GeV
=======
 Running at e e   machine @   7.00000000000000067E-002  GeV
>>>>>>> 911b5ec345c81b054214c521136984e9d6306827
 PDF set = none   
 alpha_s(Mz)= 0.1180 running at 2 loops.
 alpha_s(Mz)= 0.1180 running at 2 loops.
 Renormalization scale fixed @    91.188000000000002     
 Factorization scales  fixed @    91.188000000000002        91.188000000000002     


 getting user params
Enter number of events and max and min iterations: 
 Number of events and iterations         2000           9           3
Enter desired fractional accuracy: 
<<<<<<< HEAD
 Desired fractional accuracy:  -3.19030000000000027E-005
=======
 Desired fractional accuracy:  -3.13399999999999974E-004
>>>>>>> 911b5ec345c81b054214c521136984e9d6306827
Enter 0 for fixed, 2 for adjustable grid: 
Suppress amplitude (0 no, 1 yes)? 
 Using suppressed amplitude.
Exact helicity sum (0 yes, n = number/event)? 
 Explicitly summing over helicities
Enter Configuration Number: 
Running Configuration Number:    1
 Not subdividing B.W.
 Attempting mappinvarients           1           4
 Completed mapping           4
 about to integrate            2        2000           9           3           2           1
 Using non-zero grid deformation.
  2 dimensions   2000 events  2 invarients  9 iterations  1 config(s),  (0.99)
 Using h-tuple random number sequence.
 Error opening grid
 Using Uniform Grid!
 Using uniform alpha   1.0000000000000000     
 Grid defined OK
 Set CM energy to          0.07
 Mapping Graph           1  to config           1
<<<<<<< HEAD
Setting grid   1    0.17611E-02   1
=======
Setting grid   1    0.38601E-01   1
>>>>>>> 911b5ec345c81b054214c521136984e9d6306827
 Masses: 0.511E-03 0.511E-03 0.000E+00 0.000E+00
   1   1   2
 Got moffset          23
Using random seed offsets     1 :      1
<<<<<<< HEAD
  with seed                  117
 Ranmar initialization seeds       24102       21944
=======
  with seed                   63
 Ranmar initialization seeds       18438       21888
>>>>>>> 911b5ec345c81b054214c521136984e9d6306827
  Particle       3       4
      Et >     0.0     0.0
       E >     0.0     0.0
     Eta <    -1.0    -1.0
   xqcut:      0.0     0.0
d R # 3  >    -0.0     0.0
s min # 3>     0.0     0.0
xqcutij # 3>     0.0     0.0
 alpha_s for scale    91.188000000000002       is   0.11800000071525575     
<<<<<<< HEAD
 Added good helicity            1  3.55126127413315281E-003  in event            1
 Added good helicity            2  4.57462478776387248E-004  in event            1
 Added good helicity            3  4.57462478776387248E-004  in event            1
 Added good helicity            6   7.3101850696696076       in event            1
 Added good helicity            7  0.68534874408943303       in event            1
 Added good helicity           10  0.68534874408943303       in event            1
 Added good helicity           11   7.3101850696696076       in event            1
 Added good helicity           14  4.57462478776387248E-004  in event            1
 Added good helicity           15  4.57462478776387248E-004  in event            1
 Added good helicity           16  3.55126127413315281E-003  in event            1
 Iteration  1   Mean: 0.1479E+09 Abs mean: 0.1479E+09   Fluctuation:  0.161E+07   0.181E+09    91.3%
  1    0.1479E+09 0.1479E+09 +- 0.1613E+07      0.49
 Writing out events   9000.1933960363676       0.48773533998110730     
 Relative summed weights:
  0.5010E+00  0.0000E+00
  0.4990E+00  0.0000E+00
 Relative number of events:
  0.4980E+00  0.0000E+00
  0.5020E+00  0.0000E+00
 Events:
         996           0
        1004           0
 Iteration  2   Mean: 0.1455E+09 Abs mean: 0.1455E+09   Fluctuation:  0.495E+06   0.246E+09    99.5%
  2    0.1455E+09 0.1455E+09 +- 0.4947E+06      0.21
 Relative summed weights:
  0.4924E+00  0.0000E+00
  0.5076E+00  0.0000E+00
 Relative number of events:
  0.4935E+00  0.0000E+00
  0.5065E+00  0.0000E+00
 Events:
        1974           0
        2026           0
 Iteration  3   Mean: 0.1450E+09 Abs mean: 0.1450E+09   Fluctuation:  0.262E+06   0.191E+09    99.6%
  3    0.1450E+09 0.1450E+09 +- 0.2621E+06      0.16
 Relative summed weights:
  0.4924E+00  0.0000E+00
  0.5076E+00  0.0000E+00
 Relative number of events:
  0.4935E+00  0.0000E+00
  0.5065E+00  0.0000E+00
 Events:
        3948           0
        4052           0
 Found          813  events.
 Wrote          808  events.
 Actual xsec    145190321.06043944     
 Correct abs xsec    145190321.06043944     
 Event xsec    145190321.06043902     
 Events wgts > 1:            0
 % Cross section > 1:    0.0000000000000000        0.0000000000000000     
 Checking number of events   4632.0068127912000              808  chi2:    1.8691288152071774     
 Found          813  events.
 Wrote          808  events.
 Actual xsec    145190321.06043944     
 Correct abs xsec    145190321.06043944     
 Event xsec    145190321.06043902     
 Events wgts > 1:            0
 % Cross section > 1:    0.0000000000000000        0.0000000000000000     
 Iteration  4   Mean: 0.1451E+09 Abs mean: 0.1451E+09   Fluctuation:  0.141E+06   0.178E+09    99.7%
  4    0.1451E+09 0.1451E+09 +- 0.1406E+06      0.12
 Relative summed weights:
  0.4992E+00  0.0000E+00
  0.5008E+00  0.0000E+00
 Relative number of events:
  0.4993E+00  0.0000E+00
  0.5007E+00  0.0000E+00
 Events:
        7989           0
        8011           0
 Found         1602  events.
 Wrote         1597  events.
 Actual xsec    145090698.47830707     
 Correct abs xsec    145090698.47830707     
 Event xsec    145090698.47830340     
 Events wgts > 1:            0
 % Cross section > 1:    0.0000000000000000        0.0000000000000000     
 Checking number of events   4628.8285535534305             1597  chi2:   0.46800907484985155     
 Found         1602  events.
 Wrote         1597  events.
 Actual xsec    145090698.47830707     
 Correct abs xsec    145090698.47830707     
 Event xsec    145090698.47830340     
 Events wgts > 1:            0
 % Cross section > 1:    0.0000000000000000        0.0000000000000000     
 Iteration  5   Mean: 0.1449E+09 Abs mean: 0.1449E+09   Fluctuation:  0.870E+05   0.176E+09    99.8%
  5    0.1449E+09 0.1449E+09 +- 0.8696E+05      0.11
 Relative summed weights:
  0.4974E+00  0.0000E+00
  0.5026E+00  0.0000E+00
 Relative number of events:
  0.4973E+00  0.0000E+00
  0.5027E+00  0.0000E+00
 Events:
       15914           0
       16086           0
 Found         3217  events.
 Wrote         3213  events.
 Actual xsec    144960791.27299321     
 Correct abs xsec    144960791.27299321     
 Event xsec    144960791.27299303     
 Events wgts > 1:            0
 % Cross section > 1:    0.0000000000000000        0.0000000000000000     
 Checking number of events   4624.6841239823025             3213  chi2:   0.51802825659474738     
 Found         3217  events.
 Wrote         3213  events.
 Actual xsec    144960791.27299321     
 Correct abs xsec    144960791.27299321     
 Event xsec    144960791.27299303     
 Events wgts > 1:            0
 % Cross section > 1:    0.0000000000000000        0.0000000000000000     
 Iteration  6   Mean: 0.1450E+09 Abs mean: 0.1450E+09   Fluctuation:  0.554E+05   0.214E+09    99.8%
  6    0.1450E+09 0.1450E+09 +- 0.5535E+05      0.10
 Relative summed weights:
  0.5021E+00  0.0000E+00
  0.4979E+00  0.0000E+00
 Relative number of events:
  0.5022E+00  0.0000E+00
  0.4978E+00  0.0000E+00
 Events:
       32140           0
       31860           0
 Found         6346  events.
 Wrote         6341  events.
 Actual xsec    144960275.62527150     
 Correct abs xsec    144960275.62527150     
 Event xsec    144960275.62524918     
 Events wgts > 1:            0
 % Cross section > 1:    0.0000000000000000        0.0000000000000000     
 Checking number of events   4624.6676732730366             6341  chi2:   0.49607380463462686     

 -------------------------------------------------------------------------------
 Accumulated results:   Integral =  0.1450E+09
                        Std dev  =  0.4351E+05
                       Cross sec =  0.1164E+01
             Chi**2 per DoF.     =
-------------------------------------------------
---------------------------
 Results Last   3 iters: Integral =   0.1450E+09
                     Abs integral =   0.1450E+09
                          Std dev =   0.4432E+05
                  Chi**2 per DoF. =      0.4961
-------------------------------------------------
---------------------------
 Status -3.19030000000000027E-005           7           9
 We found enough events        6341   4624.6676732730366     
=======
 Added good helicity            1  1.04874584392430532E-002  in event            1
 Added good helicity            2  8.33402929723528918E-005  in event            1
 Added good helicity            3  8.33402929723528918E-005  in event            1
 Added good helicity            6   7.9701666272137262       in event            1
 Added good helicity            7  1.91792337312976062E-002  in event            1
 Added good helicity           10  1.91792337312976062E-002  in event            1
 Added good helicity           11   7.9701666272137262       in event            1
 Added good helicity           14  8.33402929723528918E-005  in event            1
 Added good helicity           15  8.33402929723528918E-005  in event            1
 Added good helicity           16  1.04874584392430532E-002  in event            1
 Iteration  1   Mean: 0.1423E+08 Abs mean: 0.1423E+08   Fluctuation:  0.323E+06   0.155E+08    15.5%
  1    0.1423E+08 0.1423E+08 +- 0.3226E+06      1.01
 Writing out events   5096.8196190255085        1.0136559469141897     
 Relative summed weights:
  0.4924E+00  0.0000E+00
  0.5076E+00  0.0000E+00
 Relative number of events:
  0.4920E+00  0.0000E+00
  0.5080E+00  0.0000E+00
 Events:
         984           0
        1016           0
Warning xbin not returning correct x   1  0.970050E+00  0.999852E+00  0.5101E-02
 Iteration  2   Mean: 0.1457E+08 Abs mean: 0.1457E+08   Fluctuation:  0.155E+06   0.259E+09    79.2%
  2    0.1457E+08 0.1457E+08 +- 0.1553E+06      0.67
 Relative summed weights:
  0.4949E+00  0.0000E+00
  0.5051E+00  0.0000E+00
 Relative number of events:
  0.4933E+00  0.0000E+00
  0.5068E+00  0.0000E+00
 Events:
        1973           0
        2027           0
 Iteration  3   Mean: 0.1458E+08 Abs mean: 0.1458E+08   Fluctuation:  0.653E+05   0.207E+08    92.4%
  3    0.1458E+08 0.1458E+08 +- 0.6528E+05      0.40
 Relative summed weights:
  0.4955E+00  0.0000E+00
  0.5045E+00  0.0000E+00
 Relative number of events:
  0.4949E+00  0.0000E+00
  0.5051E+00  0.0000E+00
 Events:
        3959           0
        4041           0
 Found          866  events.
 Wrote          861  events.
 Actual xsec    14570878.386222197     
 Correct abs xsec    14570878.386222197     
 Event xsec    14570878.386222009     
 Events wgts > 1:            0
 % Cross section > 1:    0.0000000000000000        0.0000000000000000     
 Checking number of events   4566.5132862420360              861  chi2:   0.56375600921558588     
 Found          866  events.
 Wrote          861  events.
 Actual xsec    14570878.386222197     
 Correct abs xsec    14570878.386222197     
 Event xsec    14570878.386222009     
 Events wgts > 1:            0
 % Cross section > 1:    0.0000000000000000        0.0000000000000000     
Warning xbin not returning correct x   1  0.966483E+00  0.999993E+00  0.2163E-03
Warning xbin not returning correct x   1  0.992269E+00  0.999998E+00  0.2163E-03
Warning xbin not returning correct x   1  0.978815E+00  0.999996E+00  0.2163E-03
Warning xbin not returning correct x   1  0.984145E+00  0.999997E+00  0.2163E-03
Warning xbin not returning correct x   1  0.990348E+00  0.999998E+00  0.2163E-03
Warning xbin still not working well. Last message this iteration.
 Iteration  4   Mean: 0.1463E+08 Abs mean: 0.1463E+08   Fluctuation:  0.347E+05   0.221E+08    95.9%
  4    0.1463E+08 0.1463E+08 +- 0.3473E+05      0.30
 Relative summed weights:
  0.5006E+00  0.0000E+00
  0.4994E+00  0.0000E+00
 Relative number of events:
  0.5008E+00  0.0000E+00
  0.4992E+00  0.0000E+00
 Events:
        8013           0
        7987           0
 Found         1682  events.
 Wrote         1677  events.
 Actual xsec    14618947.154618513     
 Correct abs xsec    14618947.154618513     
 Event xsec    14618947.154618237     
 Events wgts > 1:            0
 % Cross section > 1:    0.0000000000000000        0.0000000000000000     
 Checking number of events   4581.5780382574412             1677  chi2:   0.25398212218162181     
 Found         1682  events.
 Wrote         1677  events.
 Actual xsec    14618947.154618513     
 Correct abs xsec    14618947.154618513     
 Event xsec    14618947.154618237     
 Events wgts > 1:            0
 % Cross section > 1:    0.0000000000000000        0.0000000000000000     
Warning xbin not returning correct x   1  0.967485E+00  0.999994E+00  0.1902E-03
Warning xbin not returning correct x   1  0.981578E+00  0.999997E+00  0.1902E-03
Warning xbin not returning correct x   1  0.978610E+00  0.999996E+00  0.1902E-03
Warning xbin not returning correct x   1  0.964839E+00  0.999994E+00  0.1902E-03
Warning xbin not returning correct x   1  0.992630E+00  0.999999E+00  0.1902E-03
Warning xbin still not working well. Last message this iteration.
 Iteration  5   Mean: 0.1472E+08 Abs mean: 0.1472E+08   Fluctuation:  0.640E+05   0.470E+09    95.4%
  5    0.1472E+08 0.1472E+08 +- 0.6400E+05      0.78
 Relative summed weights:
  0.5057E+00  0.0000E+00
  0.4943E+00  0.0000E+00
 Relative number of events:
  0.5062E+00  0.0000E+00
  0.4938E+00  0.0000E+00
 Events:
       16197           0
       15803           0
 Found         3338  events.
 Wrote         1004  events.
 Actual xsec    14639219.496673217     
 Correct abs xsec    14639219.496673217     
 Event xsec    14639219.496673467     
 Events wgts > 1:           16
 % Cross section > 1:    2014.9849442133145       1.37642921787680568E-002
 Checking number of events   4587.9313902573858             1004  chi2:    1.1420648890147693     
 Found         3338  events.
 Wrote         1030  events.
 Actual xsec    14639219.496673217     
 Correct abs xsec    14639219.496673217     
 Event xsec    14639219.496673454     
 Events wgts > 1:           16
 % Cross section > 1:    1964.1280709190742       1.34168906434212112E-002
Warning xbin not returning correct x   1  0.994465E+00  0.999999E+00  0.2107E-03
Warning xbin not returning correct x   1  0.987039E+00  0.999997E+00  0.2107E-03
Warning xbin not returning correct x   1  0.968520E+00  0.999994E+00  0.2107E-03
Warning xbin not returning correct x   1  0.985022E+00  0.999997E+00  0.2107E-03
Warning xbin not returning correct x   1  0.966759E+00  0.999993E+00  0.2107E-03
Warning xbin still not working well. Last message this iteration.
 Iteration  6   Mean: 0.1468E+08 Abs mean: 0.1468E+08   Fluctuation:  0.232E+05   0.658E+08    93.1%
  6    0.1468E+08 0.1468E+08 +- 0.2325E+05      0.40
 Relative summed weights:
  0.4974E+00  0.0000E+00
  0.5026E+00  0.0000E+00
 Relative number of events:
  0.4976E+00  0.0000E+00
  0.5024E+00  0.0000E+00
 Events:
       31847           0
       32153           0
 Found         6839  events.
 Wrote         6837  events.
 Actual xsec    14671957.200845974     
 Correct abs xsec    14671957.200845974     
 Event xsec    14671957.200845752     
 Events wgts > 1:            0
 % Cross section > 1:    0.0000000000000000        0.0000000000000000     
 Checking number of events   4598.1913867451276             6837  chi2:    1.0841674431578499     

 -------------------------------------------------------------------------------
 Accumulated results:   Integral =  0.1466E+08
                        Std dev  =  0.1765E+05
                       Cross sec =  0.1172E+01
             Chi**2 per DoF.     =
-------------------------------------------------
---------------------------
 Results Last   3 iters: Integral =   0.1467E+08
                     Abs integral =   0.1467E+08
                          Std dev =   0.1849E+05
                  Chi**2 per DoF. =      1.0842
-------------------------------------------------
---------------------------
 Status -3.13399999999999974E-004           7           9
 We found enough events        6837   4598.1913867451276     
>>>>>>> 911b5ec345c81b054214c521136984e9d6306827

ls status:
events.lhe
ftn25
ftn26
input_sg.txt
moffset.dat
results.dat
run_01_ftn26.gz
run_01_log.txt
run_01_results.dat
run_02_ftn26.gz
run_02_log.txt
run_02_results.dat
run_03_ftn26.gz
run_03_log.txt
run_03_results.dat
run_04_ftn26.gz
run_04_log.txt
run_04_results.dat
<<<<<<< HEAD
run_05_ftn26.gz
run_05_log.txt
run_05_results.dat
run_06_ftn26.gz
run_06_log.txt
run_06_results.dat
run_08_ftn26.gz
run_08_log.txt
run_08_results.dat
run_09_ftn26.gz
run_09_log.txt
run_09_results.dat
run_10_ftn26.gz
run_10_log.txt
run_10_results.dat
=======
>>>>>>> 911b5ec345c81b054214c521136984e9d6306827
run1_app.log
