 Process in group number            0
 No PDF is used, alpha_s(MZ) from param_card is used
 Value of alpha_s from param_card:   0.11800000071525575     
 The default order of alpha_s running is fixed to            2
<<<<<<< HEAD
=======
 Warning: pt or E min of a gamma should in general be >0
 Warning: pt or E min of a gamma should in general be >0
 Warning: pt or E min of a gamma should in general be >0
>>>>>>> 911b5ec345c81b054214c521136984e9d6306827
 *****************************************************
 *               MadGraph/MadEvent                   *
 *        --------------------------------           *
 *          http://madgraph.hep.uiuc.edu             *
 *          http://madgraph.phys.ucl.ac.be           *
 *          http://madgraph.roma2.infn.it            *
 *        --------------------------------           *
 *                                                   *
 *          PARAMETER AND COUPLING VALUES            *
 *                                                   *
 *****************************************************

  External Params
  ---------------------------------
  
 aEWM1 =    132.50700378417969     
 mdl_Gf =   1.16639000000000003E-005
 aS =   0.11800000071525575     
 mdl_ymb =    4.6999998092651367     
 mdl_ymt =    173.00000000000000     
 mdl_yme =   5.10999991092830896E-004
 mdl_ymm =   0.10565999895334244     
 mdl_ymtau =    1.7769999504089355     
 mdl_MZ =    91.188003540039063     
 mdl_MT =    173.00000000000000     
 mdl_MB =    4.6999998092651367     
 mdl_MH =    125.00000000000000     
 mdl_Me =   5.10999991092830896E-004
 mdl_MM =   0.10565999895334244     
 mdl_MTA =    1.7769999504089355     
 mdl_WZ =    2.4414041042327881     
 mdl_WW =    2.0476000308990479     
 mdl_WT =    1.4915000200271606     
 mdl_WH =   6.38233916833996773E-003
 mdl_WTau =   2.26999999999999982E-012
  Internal Params
  ---------------------------------
  
 mdl_conjg__CKM3x3 =    1.0000000000000000     
 mdl_CKM3x3 =    1.0000000000000000     
 mdl_conjg__CKM1x1 =    1.0000000000000000     
 mdl_complexi =  (  0.0000000000000000     ,  1.0000000000000000     )
 mdl_MZ__exp__2 =    8315.2519896181766     
 mdl_MZ__exp__4 =    69143415.650849044     
 mdl_sqrt__2 =    1.4142135623730951     
 mdl_MH__exp__2 =    15625.000000000000     
 mdl_aEW =   7.54677089845565054E-003
 mdl_MW =    80.419007276179556     
 mdl_sqrt__aEW =   8.68721526063194194E-002
 mdl_ee =   0.30795376284704501     
 mdl_MW__exp__2 =    6467.2167312862202     
 mdl_sw2 =   0.22224645274001076     
 mdl_cw =   0.88190336616887299     
 mdl_sqrt__sw2 =   0.47143022043565552     
 mdl_sw =   0.47143022043565552     
 mdl_g1 =   0.34919218438279087     
 mdl_gw =   0.65323296958447097     
 mdl_vev =    246.21845810181631     
 mdl_vev__exp__2 =    60623.529110035874     
 mdl_lam =   0.12886910601690271     
 mdl_yb =   2.69955531549349904E-002
 mdl_ye =   2.93504850670934038E-006
 mdl_ym =   6.06883028478528356E-004
 mdl_yt =   0.99366614581500645     
 mdl_ytau =   1.02066167158167895E-002
 mdl_muH =    88.388347648318444     
 mdl_I1x33 =  ( 2.69955531549349904E-002,  0.0000000000000000     )
 mdl_I2x33 =  ( 0.99366614581500645     ,  0.0000000000000000     )
 mdl_I3x33 =  ( 0.99366614581500645     ,  0.0000000000000000     )
 mdl_I4x33 =  ( 2.69955531549349904E-002,  0.0000000000000000     )
 mdl_ee__exp__2 =   9.48355200516540348E-002
 mdl_sw__exp__2 =   0.22224645274001076     
 mdl_cw__exp__2 =   0.77775354725998924     
  Internal Params evaluated point by point
  ----------------------------------------
  
 mdl_sqrt__aS =   0.34351128178744839     
 mdl_G__exp__2 =    1.4828317414825511     
  Couplings of sm-lepton_masses
  ---------------------------------
  
         GC_3 =  -0.00000E+00  -0.30795E+00

 Collider parameters:
 --------------------

<<<<<<< HEAD
 Running at e e   machine @   7.14879999999999960E-002  GeV
=======
 Running at e e   machine @   7.00000000000000067E-002  GeV
>>>>>>> 911b5ec345c81b054214c521136984e9d6306827
 PDF set = none   
 alpha_s(Mz)= 0.1180 running at 2 loops.
 alpha_s(Mz)= 0.1180 running at 2 loops.
 Renormalization scale fixed @    91.188000000000002     
 Factorization scales  fixed @    91.188000000000002        91.188000000000002     


 getting user params
Enter number of events and max and min iterations: 
<<<<<<< HEAD
 Number of events and iterations         2000           9           3
Enter desired fractional accuracy: 
 Desired fractional accuracy:  -1.03289999999999995E-004
=======
 Number of events and iterations         1000           9           3
Enter desired fractional accuracy: 
 Desired fractional accuracy:  -4.27509999999999978E-004
>>>>>>> 911b5ec345c81b054214c521136984e9d6306827
Enter 0 for fixed, 2 for adjustable grid: 
Suppress amplitude (0 no, 1 yes)? 
 Using suppressed amplitude.
Exact helicity sum (0 yes, n = number/event)? 
 Explicitly summing over helicities
Enter Configuration Number: 
Running Configuration Number:    1
 Not subdividing B.W.
 Attempting mappinvarients           1           5
 Completed mapping           5
<<<<<<< HEAD
 about to integrate            5        2000           9           3           5           1
 Using non-zero grid deformation.
  5 dimensions   2000 events  5 invarients  9 iterations  1 config(s),  (0.99)
 Using h-tuple random number sequence.
 Error opening grid
 Using Uniform Grid!
 Using uniform alpha   1.0000000000000000     
 Grid defined OK
 Set CM energy to          0.07
 Mapping Graph           1  to config           1
Setting grid   1    0.17611E-04   1
Setting grid   2    0.17611E-04   1
=======
 about to integrate            5        1000           9           3           5           1
 Keeping grid fixed.
  5 dimensions   1000 events  5 invarients  9 iterations  1 config(s),  (0.99)
 Using h-tuple random number sequence.
 Grid read from file
 Grid defined OK
 Set CM energy to          0.07
 Mapping Graph           1  to config           1
 Warning: No cutoff for shat integral found
          Minimum set to    204.08163265306121     
 No modification is setgrid, grid read from file
 Warning: No cutoff for shat integral found
          Minimum set to    204.08163265306121     
 No modification is setgrid, grid read from file
>>>>>>> 911b5ec345c81b054214c521136984e9d6306827
 Masses: 0.511E-03 0.511E-03 0.000E+00 0.000E+00 0.000E+00
   1   1   2   3   4   5
 Got moffset           1
Using random seed offsets     1 :      1
<<<<<<< HEAD
  with seed                  114
 Ranmar initialization seeds       20445       12649
=======
  with seed                   48
 Ranmar initialization seeds       30234       12580
>>>>>>> 911b5ec345c81b054214c521136984e9d6306827
  Particle       3       4       5
      Et >     0.0     0.0     0.0
       E >     0.0     0.0     0.0
     Eta <    -1.0    -1.0    -1.0
   xqcut:      0.0     0.0     0.0
d R # 3  >    -0.0     0.0     0.0
d R # 4  >    -0.0    -0.0     0.0
s min # 3>     0.0     0.0     0.0
s min # 4>     0.0     0.0     0.0
xqcutij # 3>     0.0     0.0     0.0
xqcutij # 4>     0.0     0.0     0.0
 alpha_s for scale    91.188000000000002       is   0.11800000071525575     
<<<<<<< HEAD
 Added good helicity            1  2.46489222755251793E-002  in event            1
 Added good helicity            2  2.63651135578846652E-004  in event            1
 Added good helicity            3  1.34227426676489958E-004  in event            1
 Added good helicity            4  3.54558792002074701E-006  in event            1
 Added good helicity            5  2.54146148744371601E-002  in event            1
 Added good helicity            6  2.22131101907767969E-005  in event            1
 Added good helicity            7  7.72926038890433089E-005  in event            1
 Added good helicity           10  1.47248012202122591E-002  in event            1
 Added good helicity           11   6.1620277418466598       in event            1
 Added good helicity           12  5.33487668531384407E-002  in event            1
 Added good helicity           13  5.71534867600113732E-003  in event            1
 Added good helicity           14  1.91755100967040812E-003  in event            1
 Added good helicity           15   9.7117013233157419       in event            1
 Added good helicity           18   9.7117013233157419       in event            1
 Added good helicity           19  1.91755100967040812E-003  in event            1
 Added good helicity           20  5.71534867600113905E-003  in event            1
 Added good helicity           21  5.33487668531384684E-002  in event            1
 Added good helicity           22   6.1620277418466580       in event            1
 Added good helicity           23  1.47248012202122591E-002  in event            1
 Added good helicity           26  7.72926038890433496E-005  in event            1
 Added good helicity           27  2.22131101907767969E-005  in event            1
 Added good helicity           28  2.54146148744371601E-002  in event            1
 Added good helicity           29  3.54558792002074701E-006  in event            1
 Added good helicity           30  1.34227426676490039E-004  in event            1
 Added good helicity           31  2.63651135578846652E-004  in event            1
 Added good helicity           32  2.46489222755251723E-002  in event            1
 Iteration  1   Mean: 0.4278E+08 Abs mean: 0.4278E+08   Fluctuation:  0.644E+07   0.850E+10    99.1%
  1    0.4278E+08 0.4278E+08 +- 0.6439E+07      6.73
 Writing out events   2398.2520258774325        6.7307376764167097     
 Relative summed weights:
  0.8373E-01  0.0000E+00
  0.1415E+00  0.0000E+00
  0.3435E+00  0.0000E+00
  0.1486E+00  0.0000E+00
  0.1549E+00  0.0000E+00
  0.1277E+00  0.0000E+00
 Relative number of events:
  0.1650E+00  0.0000E+00
  0.1625E+00  0.0000E+00
  0.1730E+00  0.0000E+00
  0.1625E+00  0.0000E+00
  0.1710E+00  0.0000E+00
  0.1660E+00  0.0000E+00
 Events:
         330           0
         325           0
         346           0
         325           0
         342           0
         332           0
 Iteration  2   Mean: 0.3788E+08 Abs mean: 0.3788E+08   Fluctuation:  0.304E+07   0.905E+10    97.6%
  2    0.3788E+08 0.3788E+08 +- 0.3036E+07      5.07
 Relative summed weights:
  0.1433E+00  0.0000E+00
  0.2452E+00  0.0000E+00
  0.1258E+00  0.0000E+00
  0.1404E+00  0.0000E+00
  0.1833E+00  0.0000E+00
  0.1620E+00  0.0000E+00
 Relative number of events:
  0.1705E+00  0.0000E+00
  0.1722E+00  0.0000E+00
  0.1683E+00  0.0000E+00
  0.1658E+00  0.0000E+00
  0.1608E+00  0.0000E+00
  0.1625E+00  0.0000E+00
 Events:
         682           0
         689           0
         673           0
         663           0
         643           0
         650           0
 Iteration  3   Mean: 0.3970E+08 Abs mean: 0.3970E+08   Fluctuation:  0.154E+07   0.944E+10    97.8%
  3    0.3970E+08 0.3970E+08 +- 0.1543E+07      3.48
 Relative summed weights:
  0.1986E+00  0.0000E+00
  0.1413E+00  0.0000E+00
  0.1566E+00  0.0000E+00
  0.1655E+00  0.0000E+00
  0.1673E+00  0.0000E+00
  0.1706E+00  0.0000E+00
 Relative number of events:
  0.1661E+00  0.0000E+00
  0.1596E+00  0.0000E+00
  0.1700E+00  0.0000E+00
  0.1669E+00  0.0000E+00
  0.1713E+00  0.0000E+00
  0.1661E+00  0.0000E+00
 Events:
        1329           0
        1277           0
        1360           0
        1335           0
        1370           0
        1329           0
 Found          747  events.
 Wrote           28  events.
 Actual xsec    39527247.011860467     
 Correct abs xsec    39527247.011860467     
 Event xsec    39527247.011860453     
 Events wgts > 1:            0
 % Cross section > 1:    0.0000000000000000        0.0000000000000000     
 Checking number of events   4082.7693438550673               28  chi2:   0.28122064430832694     
 Found          747  events.
 Wrote           30  events.
 Actual xsec    39527247.011860467     
 Correct abs xsec    39527247.011860467     
 Event xsec    39527247.011860467     
 Events wgts > 1:            0
 % Cross section > 1:    0.0000000000000000        0.0000000000000000     
 Iteration  4   Mean: 0.3924E+08 Abs mean: 0.3924E+08   Fluctuation:  0.655E+06   0.294E+10    96.0%
  4    0.3924E+08 0.3924E+08 +- 0.6545E+06      2.11
 Relative summed weights:
  0.1787E+00  0.0000E+00
  0.1677E+00  0.0000E+00
  0.1656E+00  0.0000E+00
  0.1561E+00  0.0000E+00
  0.1622E+00  0.0000E+00
  0.1698E+00  0.0000E+00
 Relative number of events:
  0.1669E+00  0.0000E+00
  0.1686E+00  0.0000E+00
  0.1644E+00  0.0000E+00
  0.1661E+00  0.0000E+00
  0.1639E+00  0.0000E+00
  0.1701E+00  0.0000E+00
 Events:
        2671           0
        2697           0
        2630           0
        2658           0
        2622           0
        2722           0
 Found         1526  events.
 Wrote          398  events.
 Actual xsec    39263557.956430733     
 Correct abs xsec    39263557.956430733     
 Event xsec    39263557.956430703     
 Events wgts > 1:           11
 % Cross section > 1:    370020.23186530202       0.94240117585853933     
 Checking number of events   4055.5329013197302              398  chi2:   0.14391996066426471     
 Found         1526  events.
 Wrote          404  events.
 Actual xsec    39263557.956430733     
 Correct abs xsec    39263557.956430733     
 Event xsec    39263557.956431121     
 Events wgts > 1:           11
 % Cross section > 1:    364575.90813926095       0.92853507709060212     
 Iteration  5   Mean: 0.4095E+08 Abs mean: 0.4095E+08   Fluctuation:  0.507E+06   0.467E+10    97.5%
  5    0.4095E+08 0.4095E+08 +- 0.5070E+06      2.21
 Relative summed weights:
  0.1551E+00  0.0000E+00
  0.1740E+00  0.0000E+00
  0.1634E+00  0.0000E+00
  0.1672E+00  0.0000E+00
  0.1735E+00  0.0000E+00
  0.1669E+00  0.0000E+00
 Relative number of events:
  0.1646E+00  0.0000E+00
  0.1703E+00  0.0000E+00
  0.1636E+00  0.0000E+00
  0.1678E+00  0.0000E+00
  0.1667E+00  0.0000E+00
  0.1669E+00  0.0000E+00
 Events:
        5268           0
        5450           0
        5235           0
        5371           0
        5334           0
        5342           0
 Found         3183  events.
 Wrote          686  events.
 Actual xsec    40303060.559595823     
 Correct abs xsec    40303060.559595823     
 Event xsec    40303060.559595935     
 Events wgts > 1:           18
 % Cross section > 1:    396194.71900879755       0.98303879037411157     
 Checking number of events   4162.9031252006525              686  chi2:    2.1969546298467133     
 Found         3183  events.
 Wrote          698  events.
 Actual xsec    40303060.559595823     
 Correct abs xsec    40303060.559595823     
 Event xsec    40303060.559596568     
 Events wgts > 1:           18
 % Cross section > 1:    389449.16687189846       0.96630171868961612     
 Iteration  6   Mean: 0.4036E+08 Abs mean: 0.4036E+08   Fluctuation:  0.295E+06   0.587E+10    97.2%
  6    0.4036E+08 0.4036E+08 +- 0.2954E+06      1.85
 Relative summed weights:
  0.1731E+00  0.0000E+00
  0.1675E+00  0.0000E+00
  0.1681E+00  0.0000E+00
  0.1620E+00  0.0000E+00
  0.1650E+00  0.0000E+00
  0.1642E+00  0.0000E+00
 Relative number of events:
  0.1660E+00  0.0000E+00
  0.1698E+00  0.0000E+00
  0.1663E+00  0.0000E+00
  0.1648E+00  0.0000E+00
  0.1661E+00  0.0000E+00
  0.1669E+00  0.0000E+00
 Events:
       10627           0
       10870           0
       10646           0
       10544           0
       10633           0
       10680           0
 Found         6243  events.
 Wrote         1857  events.
 Actual xsec    40351521.677805781     
 Correct abs xsec    40351521.677805781     
 Event xsec    40351521.677805230     
 Events wgts > 1:           35
 % Cross section > 1:    407284.13109274575        1.0093402036849739     
 Checking number of events   4167.9086741005585             1857  chi2:    2.1256258295862560     
 Found         6243  events.
 Wrote         1909  events.
 Actual xsec    40351521.677805781     
 Correct abs xsec    40351521.677805781     
 Event xsec    40351521.677806400     
 Events wgts > 1:           35
 % Cross section > 1:    396298.91653346206       0.98211641111772252     
 Iteration  7   Mean: 0.4049E+08 Abs mean: 0.4049E+08   Fluctuation:  0.193E+06   0.527E+10    97.0%
  7    0.4049E+08 0.4049E+08 +- 0.1925E+06      1.70
 Relative summed weights:
  0.1657E+00  0.0000E+00
  0.1664E+00  0.0000E+00
  0.1661E+00  0.0000E+00
  0.1675E+00  0.0000E+00
  0.1658E+00  0.0000E+00
  0.1686E+00  0.0000E+00
 Relative number of events:
  0.1667E+00  0.0000E+00
  0.1665E+00  0.0000E+00
  0.1687E+00  0.0000E+00
  0.1656E+00  0.0000E+00
  0.1671E+00  0.0000E+00
  0.1654E+00  0.0000E+00
 Events:
       21335           0
       21318           0
       21591           0
       21202           0
       21385           0
       21169           0
 Found        12739  events.
 Wrote         4635  events.
 Actual xsec    40494183.510050796     
 Correct abs xsec    40494183.510050796     
 Event xsec    40494183.510047384     
 Events wgts > 1:           85
 % Cross section > 1:    404565.56031293678       0.99907079300057078     
 Checking number of events   4182.6442147531461             4635  chi2:   0.51116337159140968     

 -------------------------------------------------------------------------------
 Accumulated results:   Integral =  0.4042E+08
                        Std dev  =  0.1487E+06
                       Cross sec =  0.8830E+00
             Chi**2 per DoF.     =
-------------------------------------------------
---------------------------
 Results Last   3 iters: Integral =   0.4049E+08
                     Abs integral =   0.4049E+08
                          Std dev =   0.1537E+06
                  Chi**2 per DoF. =      0.5112
-------------------------------------------------
---------------------------
 Status -1.03289999999999995E-004           8           9
 We found enough events        4635   4182.6442147531461     
=======
 Added good helicity            1  0.85072144579475839       in event            1
 Added good helicity            2  0.85065999193885866       in event            1
 Added good helicity           11   7.1505530929937748       in event            1
 Added good helicity           12   7.1480598373469117       in event            1
 Added good helicity           13  1.43899397884297934E-006  in event            1
 Added good helicity           14  1.44008303862126253E-006  in event            1
 Added good helicity           19  1.44008303862126253E-006  in event            1
 Added good helicity           20  1.43899397884297934E-006  in event            1
 Added good helicity           21   7.1480598373469135       in event            1
 Added good helicity           22   7.1505530929937757       in event            1
 Added good helicity           31  0.85065999193885866       in event            1
 Added good helicity           32  0.85072144579475839       in event            1
 Added good helicity            3  0.74196029008470832       in event            2
 Added good helicity            5  1.75191773826140935E-002  in event            2
 Added good helicity            6  2.25746044701651563E-005  in event            2
 Added good helicity            7  2.94502903583757547E-005  in event            2
 Added good helicity           10  1.59660329786617556E-003  in event            2
 Added good helicity           15   11.949101076202020       in event            2
 Added good helicity           18   11.949101076202020       in event            2
 Added good helicity           23  1.59660329786617556E-003  in event            2
 Added good helicity           26  2.94502903583757547E-005  in event            2
 Added good helicity           27  2.25746044701651563E-005  in event            2
 Added good helicity           28  1.75191773826140935E-002  in event            2
 Added good helicity           30  0.74196029008470854       in event            2
 Added good helicity            4  2.21053303927151847E-006  in event            3
 Added good helicity           29  2.21053303927151847E-006  in event            3
 Iteration  1   Mean: 0.1994E+09 Abs mean: 0.1994E+09   Fluctuation:  0.633E+08   0.611E+11    99.4%
  1    0.1994E+09 0.1994E+09 +- 0.6331E+08     10.04
 Writing out events   22285.665021019413        10.041885881870590     
 Relative summed weights:
  0.1173E+00  0.0000E+00
  0.1111E+00  0.0000E+00
  0.4253E+00  0.0000E+00
  0.1642E+00  0.0000E+00
  0.7466E-01  0.0000E+00
  0.1074E+00  0.0000E+00
 Relative number of events:
  0.1750E+00  0.0000E+00
  0.1650E+00  0.0000E+00
  0.1770E+00  0.0000E+00
  0.1650E+00  0.0000E+00
  0.1510E+00  0.0000E+00
  0.1670E+00  0.0000E+00
 Events:
         175           0
         165           0
         177           0
         165           0
         151           0
         167           0
 Iteration  2   Mean: 0.1284E+09 Abs mean: 0.1284E+09   Fluctuation:  0.169E+08   0.296E+11    99.5%
  2    0.1284E+09 0.1284E+09 +- 0.1691E+08      5.89
 Relative summed weights:
  0.1265E+00  0.0000E+00
  0.1392E+00  0.0000E+00
  0.1384E+00  0.0000E+00
  0.1331E+00  0.0000E+00
  0.1475E+00  0.0000E+00
  0.3153E+00  0.0000E+00
 Relative number of events:
  0.1700E+00  0.0000E+00
  0.1700E+00  0.0000E+00
  0.1655E+00  0.0000E+00
  0.1680E+00  0.0000E+00
  0.1590E+00  0.0000E+00
  0.1675E+00  0.0000E+00
 Events:
         340           0
         340           0
         331           0
         336           0
         318           0
         335           0
 Iteration  3   Mean: 0.1206E+09 Abs mean: 0.1206E+09   Fluctuation:  0.870E+07   0.213E+11    99.0%
  3    0.1206E+09 0.1206E+09 +- 0.8698E+07      4.56
 Relative summed weights:
  0.2040E+00  0.0000E+00
  0.2360E+00  0.0000E+00
  0.1205E+00  0.0000E+00
  0.1546E+00  0.0000E+00
  0.1391E+00  0.0000E+00
  0.1459E+00  0.0000E+00
 Relative number of events:
  0.1645E+00  0.0000E+00
  0.1745E+00  0.0000E+00
  0.1565E+00  0.0000E+00
  0.1663E+00  0.0000E+00
  0.1690E+00  0.0000E+00
  0.1693E+00  0.0000E+00
 Events:
         658           0
         698           0
         626           0
         665           0
         676           0
         677           0
 Found          306  events.
 Wrote           23  events.
 Actual xsec    125364228.91024739     
 Correct abs xsec    125364228.91024739     
 Event xsec    125364228.91024739     
 Events wgts > 1:            1
 % Cross section > 1:    1.3748442782089114       1.09667988241941820E-006
 Checking number of events   53594.461501419857               23  chi2:   0.84661261870613491     
 Found          306  events.
 Wrote           29  events.
 Actual xsec    125364228.91024739     
 Correct abs xsec    125364228.91024739     
 Event xsec    125364228.91024724     
 Events wgts > 1:            1
 % Cross section > 1:    1.0903937406837940       8.69780598630288911E-007
 Iteration  4   Mean: 0.1241E+09 Abs mean: 0.1241E+09   Fluctuation:  0.708E+07   0.324E+11    99.4%
  4    0.1241E+09 0.1241E+09 +- 0.7080E+07      5.10
 Relative summed weights:
  0.2008E+00  0.0000E+00
  0.1634E+00  0.0000E+00
  0.1379E+00  0.0000E+00
  0.1709E+00  0.0000E+00
  0.1897E+00  0.0000E+00
  0.1372E+00  0.0000E+00
 Relative number of events:
  0.1694E+00  0.0000E+00
  0.1688E+00  0.0000E+00
  0.1623E+00  0.0000E+00
  0.1643E+00  0.0000E+00
  0.1742E+00  0.0000E+00
  0.1611E+00  0.0000E+00
 Events:
        1355           0
        1350           0
        1298           0
        1314           0
        1394           0
        1289           0
 Found          675  events.
 Wrote           32  events.
 Actual xsec    123377771.81676158     
 Correct abs xsec    123377771.81676158     
 Event xsec    123377771.81676157     
 Events wgts > 1:            2
 % Cross section > 1:    613070.39020591788       0.49690505929742262     
 Checking number of events   52745.231229383739               32  chi2:   9.93127103587338883E-002
 Found          675  events.
 Wrote           37  events.
 Actual xsec    123377771.81676158     
 Correct abs xsec    123377771.81676158     
 Event xsec    123377771.81676158     
 Events wgts > 1:            2
 % Cross section > 1:    530579.32064942783       0.43004449896974523     
 Iteration  5   Mean: 0.1405E+09 Abs mean: 0.1405E+09   Fluctuation:  0.163E+08   0.192E+12    99.4%
  5    0.1405E+09 0.1405E+09 +- 0.1630E+08     14.68
 Relative summed weights:
  0.2803E+00  0.0000E+00
  0.1491E+00  0.0000E+00
  0.1515E+00  0.0000E+00
  0.1532E+00  0.0000E+00
  0.1340E+00  0.0000E+00
  0.1319E+00  0.0000E+00
 Relative number of events:
  0.1679E+00  0.0000E+00
  0.1639E+00  0.0000E+00
  0.1717E+00  0.0000E+00
  0.1687E+00  0.0000E+00
  0.1659E+00  0.0000E+00
  0.1619E+00  0.0000E+00
 Events:
        2687           0
        2622           0
        2747           0
        2699           0
        2654           0
        2591           0
 Found         1318  events.
 Wrote           10  events.
 Actual xsec    125087833.25026183     
 Correct abs xsec    125087833.25026183     
 Event xsec    125087833.25026183     
 Events wgts > 1:            0
 % Cross section > 1:    0.0000000000000000        0.0000000000000000     
 Checking number of events   53476.299592819429               10  chi2:   0.58549229053272622     
 Found         1318  events.
 Wrote           14  events.
 Actual xsec    125087833.25026183     
 Correct abs xsec    125087833.25026183     
 Event xsec    125087833.25026178     
 Events wgts > 1:            0
 % Cross section > 1:    0.0000000000000000        0.0000000000000000     
 Iteration  6   Mean: 0.1191E+09 Abs mean: 0.1191E+09   Fluctuation:  0.323E+07   0.542E+11    99.4%
  6    0.1191E+09 0.1191E+09 +- 0.3235E+07      4.86
 Relative summed weights:
  0.1798E+00  0.0000E+00
  0.1685E+00  0.0000E+00
  0.1597E+00  0.0000E+00
  0.1666E+00  0.0000E+00
  0.1701E+00  0.0000E+00
  0.1552E+00  0.0000E+00
 Relative number of events:
  0.1682E+00  0.0000E+00
  0.1669E+00  0.0000E+00
  0.1706E+00  0.0000E+00
  0.1659E+00  0.0000E+00
  0.1631E+00  0.0000E+00
  0.1653E+00  0.0000E+00
 Events:
        5383           0
        5342           0
        5458           0
        5310           0
        5219           0
        5288           0
 Found         2350  events.
 Wrote           83  events.
 Actual xsec    120877371.08982922     
 Correct abs xsec    120877371.08982922     
 Event xsec    120877371.08982892     
 Events wgts > 1:            2
 % Cross section > 1:    708484.21733796806       0.58611815507756571     
 Checking number of events   51676.284914612886               83  chi2:   0.98814856189294220     
 Found         2350  events.
 Wrote          108  events.
 Actual xsec    120877371.08982922     
 Correct abs xsec    120877371.08982922     
 Event xsec    120877371.08982900     
 Events wgts > 1:            2
 % Cross section > 1:    545222.97509368905       0.45105462683210673     
 Iteration  7   Mean: 0.1299E+09 Abs mean: 0.1299E+09   Fluctuation:  0.943E+07   0.575E+12    99.5%
  7    0.1299E+09 0.1299E+09 +- 0.9425E+07     18.35
 Relative summed weights:
  0.1632E+00  0.0000E+00
  0.1484E+00  0.0000E+00
  0.2162E+00  0.0000E+00
  0.1548E+00  0.0000E+00
  0.1435E+00  0.0000E+00
  0.1739E+00  0.0000E+00
 Relative number of events:
  0.1661E+00  0.0000E+00
  0.1693E+00  0.0000E+00
  0.1636E+00  0.0000E+00
  0.1665E+00  0.0000E+00
  0.1691E+00  0.0000E+00
  0.1653E+00  0.0000E+00
 Events:
       10632           0
       10837           0
       10470           0
       10659           0
       10820           0
       10582           0
 Found         5504  events.
 Wrote           11  events.
 Actual xsec    121316129.60694006     
 Correct abs xsec    121316129.60694006     
 Event xsec    121316129.60694009     
 Events wgts > 1:            1
 % Cross section > 1:   0.83643181249499321       6.89464636899480979E-007
 Checking number of events   51863.858568262942               11  chi2:    1.3506692443842281     
 Found         5504  events.
 Wrote           16  events.
 Actual xsec    121316129.60694006     
 Correct abs xsec    121316129.60694006     
 Event xsec    121316129.60694011     
 Events wgts > 1:            1
 % Cross section > 1:   0.57504687272012234       4.74006939211837283E-007
 Iteration  8   Mean: 0.1206E+09 Abs mean: 0.1206E+09   Fluctuation:  0.238E+07   0.146E+12    99.5%
  8    0.1206E+09 0.1206E+09 +- 0.2378E+07      7.05
 Relative summed weights:
  0.1638E+00  0.0000E+00
  0.1605E+00  0.0000E+00
  0.1703E+00  0.0000E+00
  0.1597E+00  0.0000E+00
  0.1644E+00  0.0000E+00
  0.1813E+00  0.0000E+00
 Relative number of events:
  0.1683E+00  0.0000E+00
  0.1653E+00  0.0000E+00
  0.1672E+00  0.0000E+00
  0.1657E+00  0.0000E+00
  0.1657E+00  0.0000E+00
  0.1677E+00  0.0000E+00
 Events:
       21548           0
       21158           0
       21407           0
       21207           0
       21210           0
       21470           0
 Found        10065  events.
 Wrote          209  events.
 Actual xsec    120546156.25992662     
 Correct abs xsec    120546156.25992662     
 Event xsec    120546156.25992712     
 Events wgts > 1:            5
 % Cross section > 1:    1018761.0501667536       0.84512114012997197     
 Checking number of events   51534.687262681226              209  chi2:   0.60009311019708655     
 Found        10065  events.
 Wrote          195  events.
 Actual xsec    120546156.25992662     
 Correct abs xsec    120546156.25992662     
 Event xsec    120546156.25992666     
 Events wgts > 1:            5
 % Cross section > 1:    1091240.7548539785       0.90524724197841666     
 Iteration  9   Mean: 0.1194E+09 Abs mean: 0.1194E+09   Fluctuation:  0.164E+07   0.289E+12    99.5%
  9    0.1194E+09 0.1194E+09 +- 0.1645E+07      6.97
 Relative summed weights:
  0.1768E+00  0.0000E+00
  0.1614E+00  0.0000E+00
  0.1615E+00  0.0000E+00
  0.1676E+00  0.0000E+00
  0.1647E+00  0.0000E+00
  0.1680E+00  0.0000E+00
 Relative number of events:
  0.1673E+00  0.0000E+00
  0.1669E+00  0.0000E+00
  0.1673E+00  0.0000E+00
  0.1662E+00  0.0000E+00
  0.1663E+00  0.0000E+00
  0.1659E+00  0.0000E+00
 Events:
       42828           0
       42724           0
       42835           0
       42556           0
       42578           0
       42479           0
 Found        21864  events.
 Wrote          320  events.
 Actual xsec    120026525.39938438     
 Correct abs xsec    120026525.39938438     
 Event xsec    120026525.39938416     
 Events wgts > 1:            3
 % Cross section > 1:    985254.45957971457       0.82086393511876987     
 Checking number of events   51312.539873490816              320  chi2:   0.66235233686485750     
 Found        21864  events.
 Wrote          338  events.
 Actual xsec    120026525.39938438     
 Correct abs xsec    120026525.39938438     
 Event xsec    120026525.39938562     
 Events wgts > 1:            3
 % Cross section > 1:    933193.22930611507       0.77748916433341320     

 -------------------------------------------------------------------------------
 Accumulated results:   Integral =  0.1203E+09
                        Std dev  =  0.1201E+07
                       Cross sec =  0.1203E+09
             Chi**2 per DoF.     =      1.0802
 -------------------------------------------------------------------------------
-------------------------------------------------
---------------------------
 Results Last   3 iters: Integral =   0.1200E+09
                     Abs integral =   0.1200E+09
                          Std dev =   0.1339E+07
                  Chi**2 per DoF. =      0.6624
-------------------------------------------------
---------------------------
 Status -4.27509999999999978E-004          10           9
 Trying w/ fresh grid
 Starting w/ ncall =         4000
 Keeping grid fixed.
  5 dimensions   4000 events  5 invarients  8 iterations  1 config(s),  (0.99)
 Using h-tuple random number sequence.
 Error opening grid
 Using Uniform Grid!
 Using uniform alpha   1.0000000000000000     
 Grid defined OK
 Warning: No cutoff for shat integral found
          Minimum set to    204.08163265306121     
Setting grid   1    0.20408E+03   1
 Warning: No cutoff for shat integral found
          Minimum set to    204.08163265306121     
Setting grid   2    0.20408E+03   1
Warning xbin not returning correct x   2  0.999990E+00  0.997280E+00  0.2837E+03
Warning xbin not returning correct x   2  0.999955E+00  0.987304E+00  0.2837E+03
Warning xbin not returning correct x   2  0.999973E+00  0.992276E+00  0.2837E+03
Warning xbin not returning correct x   2  0.999966E+00  0.990343E+00  0.2837E+03
Warning xbin not returning correct x   2  0.999951E+00  0.986089E+00  0.2837E+03
Warning xbin still not working well. Last message this iteration.
 Iteration  1   Mean: 0.3820E+08 Abs mean: 0.3820E+08   Fluctuation:  0.161E+08   0.613E+11    99.0%
  1    0.3820E+08 0.3820E+08 +- 0.1614E+08     26.72
 Relative summed weights:
  0.4871E+00  0.0000E+00
  0.8594E-01  0.0000E+00
  0.1979E+00  0.0000E+00
  0.6434E-01  0.0000E+00
  0.9180E-01  0.0000E+00
  0.7289E-01  0.0000E+00
 Relative number of events:
  0.1635E+00  0.0000E+00
  0.1665E+00  0.0000E+00
  0.1762E+00  0.0000E+00
  0.1698E+00  0.0000E+00
  0.1678E+00  0.0000E+00
  0.1562E+00  0.0000E+00
 Events:
         654           0
         666           0
         705           0
         679           0
         671           0
         625           0
Warning xbin not returning correct x   1  0.989082E+00  0.999835E+00  0.1531E-01
Warning xbin not returning correct x   1  0.993467E+00  0.999902E+00  0.1531E-01
Warning xbin not returning correct x   1  0.994950E+00  0.999924E+00  0.1531E-01
Warning xbin not returning correct x   1  0.990759E+00  0.999861E+00  0.1531E-01
Warning xbin not returning correct x   1  0.992167E+00  0.999882E+00  0.1531E-01
Warning xbin still not working well. Last message this iteration.
 Iteration  2   Mean: 0.2740E+07 Abs mean: 0.2740E+07   Fluctuation:  0.130E+06   0.362E+09    96.8%
  2    0.2740E+07 0.2740E+07 +- 0.1298E+06      4.24
 Relative summed weights:
  0.1541E+00  0.0000E+00
  0.1569E+00  0.0000E+00
  0.1808E+00  0.0000E+00
  0.1811E+00  0.0000E+00
  0.1989E+00  0.0000E+00
  0.1283E+00  0.0000E+00
 Relative number of events:
  0.1715E+00  0.0000E+00
  0.1643E+00  0.0000E+00
  0.1651E+00  0.0000E+00
  0.1648E+00  0.0000E+00
  0.1688E+00  0.0000E+00
  0.1656E+00  0.0000E+00
 Events:
        1372           0
        1314           0
        1321           0
        1318           0
        1350           0
        1325           0
 Iteration  3   Mean: 0.6799E+08 Abs mean: 0.6799E+08   Fluctuation:  0.431E+08   0.686E+12    99.9%
  3    0.6799E+08 0.6799E+08 +- 0.4308E+08     80.15
 Relative summed weights:
  0.2887E-01  0.0000E+00
  0.1107E+00  0.0000E+00
  0.3720E-01  0.0000E+00
  0.6798E+00  0.0000E+00
  0.7217E-01  0.0000E+00
  0.7132E-01  0.0000E+00
 Relative number of events:
  0.1643E+00  0.0000E+00
  0.1641E+00  0.0000E+00
  0.1651E+00  0.0000E+00
  0.1682E+00  0.0000E+00
  0.1699E+00  0.0000E+00
  0.1684E+00  0.0000E+00
 Events:
        2628           0
        2626           0
        2642           0
        2691           0
        2718           0
        2695           0
 Found         1937  events.
 Wrote            2  events.
 Actual xsec    3535743.8704086808     
 Correct abs xsec    3535743.8704086808     
 Event xsec    3535743.8704086803     
 Events wgts > 1:            0
 % Cross section > 1:    0.0000000000000000        0.0000000000000000     
 Checking number of events   1511.5658620384149                2  chi2:    22.212353043282729     
 Found         1937  events.
 Wrote            1  events.
 Actual xsec    3535743.8704086808     
 Correct abs xsec    3535743.8704086808     
 Event xsec    3535743.8704086803     
 Events wgts > 1:            0
 % Cross section > 1:    0.0000000000000000        0.0000000000000000     
 Iteration  4   Mean: 0.2014E+09 Abs mean: 0.2014E+09   Fluctuation:  0.130E+09   0.412E+13    99.5%
  4    0.2014E+09 0.2014E+09 +- 0.1304E+09    115.80
 Relative summed weights:
  0.5272E-01  0.0000E+00
  0.4150E-01  0.0000E+00
  0.4718E-01  0.0000E+00
  0.6922E+00  0.0000E+00
  0.1214E+00  0.0000E+00
  0.4504E-01  0.0000E+00
 Relative number of events:
  0.1668E+00  0.0000E+00
  0.1678E+00  0.0000E+00
  0.1688E+00  0.0000E+00
  0.1679E+00  0.0000E+00
  0.1650E+00  0.0000E+00
  0.1636E+00  0.0000E+00
 Events:
        5339           0
        5370           0
        5401           0
        5374           0
        5281           0
        5235           0
 Found          843  events.
 Wrote            1  events.
 Actual xsec    4152178.7828894025     
 Correct abs xsec    4152178.7828894025     
 Event xsec    4152178.7828894025     
 Events wgts > 1:            0
 % Cross section > 1:    0.0000000000000000        0.0000000000000000     
 Checking number of events   1775.0979514730484                1  chi2:    61.433560201901940     
 Found          843  events.
 Wrote            1  events.
 Actual xsec    4152178.7828894025     
 Correct abs xsec    4152178.7828894025     
 Event xsec    4152178.7828894025     
 Events wgts > 1:            0
 % Cross section > 1:    0.0000000000000000        0.0000000000000000     
 Iteration  5   Mean: 0.1069E+09 Abs mean: 0.1069E+09   Fluctuation:  0.277E+08   0.173E+13    98.8%
  5    0.1069E+09 0.1069E+09 +- 0.2766E+08     65.45
 Relative summed weights:
  0.1140E+00  0.0000E+00
  0.3957E+00  0.0000E+00
  0.1370E+00  0.0000E+00
  0.1139E+00  0.0000E+00
  0.9657E-01  0.0000E+00
  0.1429E+00  0.0000E+00
 Relative number of events:
  0.1662E+00  0.0000E+00
  0.1686E+00  0.0000E+00
  0.1695E+00  0.0000E+00
  0.1647E+00  0.0000E+00
  0.1664E+00  0.0000E+00
  0.1646E+00  0.0000E+00
 Events:
       10636           0
       10793           0
       10848           0
       10539           0
       10647           0
       10537           0
 Found         1646  events.
 Wrote            3  events.
 Actual xsec    113388917.86480114     
 Correct abs xsec    113388917.86480114     
 Event xsec    113388917.86480114     
 Events wgts > 1:            1
 % Cross section > 1:   0.76458083838224411       6.74299440174470394E-007
 Checking number of events   48474.896276381129                3  chi2:   0.81070246944653113     
 Found         1646  events.
 Wrote            6  events.
 Actual xsec    113388917.86480114     
 Correct abs xsec    113388917.86480114     
 Event xsec    113388917.86480112     
 Events wgts > 1:            1
 % Cross section > 1:   0.38229042291641235       3.37149723372644759E-007
 Fixing grid
 Iteration  6   Mean: 0.9297E+08 Abs mean: 0.9297E+08   Fluctuation:  0.502E+07   0.398E+12    99.7%
  6    0.9297E+08 0.9297E+08 +- 0.5024E+07     19.34
 Relative summed weights:
  0.2020E+00  0.0000E+00
  0.1641E+00  0.0000E+00
  0.1508E+00  0.0000E+00
  0.1690E+00  0.0000E+00
  0.1568E+00  0.0000E+00
  0.1573E+00  0.0000E+00
 Relative number of events:
  0.1645E+00  0.0000E+00
  0.1672E+00  0.0000E+00
  0.1668E+00  0.0000E+00
  0.1675E+00  0.0000E+00
  0.1684E+00  0.0000E+00
  0.1658E+00  0.0000E+00
 Events:
       21050           0
       21397           0
       21344           0
       21435           0
       21552           0
       21222           0
 Found         7236  events.
 Wrote           31  events.
 Actual xsec    94266642.077651516     
 Correct abs xsec    94266642.077651516     
 Event xsec    94266642.077651501     
 Events wgts > 1:            1
 % Cross section > 1:   0.37064463086426258       3.93187476179480979E-007
 Checking number of events   40299.932154616799               31  chi2:   0.47536436245694813     
 Found         7236  events.
 Wrote           34  events.
 Actual xsec    94266642.077651516     
 Correct abs xsec    94266642.077651516     
 Event xsec    94266642.077651516     
 Events wgts > 1:            1
 % Cross section > 1:   0.33794069290161133       3.58494463633524707E-007
 Iteration  7   Mean: 0.1183E+09 Abs mean: 0.1183E+09   Fluctuation:  0.172E+08   0.343E+13    99.7%
  7    0.1183E+09 0.1183E+09 +- 0.1719E+08     73.55
 Relative summed weights:
  0.1263E+00  0.0000E+00
  0.1671E+00  0.0000E+00
  0.1274E+00  0.0000E+00
  0.1343E+00  0.0000E+00
  0.2351E+00  0.0000E+00
  0.2098E+00  0.0000E+00
 Relative number of events:
  0.1658E+00  0.0000E+00
  0.1671E+00  0.0000E+00
  0.1664E+00  0.0000E+00
  0.1673E+00  0.0000E+00
  0.1659E+00  0.0000E+00
  0.1674E+00  0.0000E+00
 Events:
       42449           0
       42785           0
       42601           0
       42838           0
       42481           0
       42846           0
 Found        16199  events.
 Wrote           13  events.
 Actual xsec    96439726.203088671     
 Correct abs xsec    96439726.203088671     
 Event xsec    96439726.203088671     
 Events wgts > 1:            1
 % Cross section > 1:   0.43348162993788719       4.49484509137899316E-007
 Checking number of events   41228.947349082438               13  chi2:    1.1151735757795980     
 Found        16199  events.
 Wrote            9  events.
 Actual xsec    96439726.203088671     
 Correct abs xsec    96439726.203088671     
 Event xsec    96439726.203088671     
 Events wgts > 1:            1
 % Cross section > 1:   0.62614013068377972       6.49255400585870105E-007
 Iteration  8   Mean: 0.1184E+09 Abs mean: 0.1184E+09   Fluctuation:  0.117E+08   0.535E+13    99.7%
  8    0.1184E+09 0.1184E+09 +- 0.1173E+08     70.87
 Relative summed weights:
  0.1508E+00  0.0000E+00
  0.1441E+00  0.0000E+00
  0.2864E+00  0.0000E+00
  0.1504E+00  0.0000E+00
  0.1413E+00  0.0000E+00
  0.1271E+00  0.0000E+00
 Relative number of events:
  0.1666E+00  0.0000E+00
  0.1664E+00  0.0000E+00
  0.1666E+00  0.0000E+00
  0.1676E+00  0.0000E+00
  0.1661E+00  0.0000E+00
  0.1668E+00  0.0000E+00
 Events:
       85318           0
       85178           0
       85294           0
       85786           0
       85039           0
       85385           0
 Found        26692  events.
 Wrote           18  events.
 Actual xsec    119343399.89412448     
 Correct abs xsec    119343399.89412448     
 Event xsec    119343399.89412449     
 Events wgts > 1:            0
 % Cross section > 1:    0.0000000000000000        0.0000000000000000     
 Checking number of events   43039.422581871659               18  chi2:    2.8408451714719369     
 Found        26692  events.
 Wrote           11  events.
 Actual xsec    119343399.89412448     
 Correct abs xsec    119343399.89412448     
 Event xsec    119343399.89412446     
 Events wgts > 1:            0
 % Cross section > 1:    0.0000000000000000        0.0000000000000000     

 -------------------------------------------------------------------------------
 Accumulated results:   Integral =  0.5522E+08
                        Std dev  =  0.1779E+07
                       Cross sec =  0.5522E+08
             Chi**2 per DoF.     =    112.6429
 -------------------------------------------------------------------------------
-------------------------------------------------
---------------------------
 Results Last   3 iters: Integral =   0.1007E+09
                     Abs integral =   0.1007E+09
                         Std dev =   0.4540E+07
                 Chi**2 per DoF. =      2.8408
-------------------------------------------------
---------------------------
>>>>>>> 911b5ec345c81b054214c521136984e9d6306827

ls status:
events.lhe
ftn25
ftn26
input_sg.txt
<<<<<<< HEAD
=======
log.txt
>>>>>>> 911b5ec345c81b054214c521136984e9d6306827
moffset.dat
results.dat
run_01_ftn26.gz
run_01_log.txt
run_01_results.dat
run_02_ftn26.gz
run_02_log.txt
run_02_results.dat
<<<<<<< HEAD
run_03_ftn26.gz
run_03_log.txt
run_03_results.dat
run_04_ftn26.gz
run_04_log.txt
run_04_results.dat
run_08_ftn26.gz
run_08_log.txt
run_08_results.dat
run_09_ftn26.gz
run_09_log.txt
run_09_results.dat
run_10_ftn26.gz
run_10_log.txt
run_10_results.dat
run_11_ftn26.gz
run_11_log.txt
run_11_results.dat
=======
>>>>>>> 911b5ec345c81b054214c521136984e9d6306827
run1_app.log
