 Process in group number            1
 No PDF is used, alpha_s(MZ) from param_card is used
 Value of alpha_s from param_card:   0.11800000071525575     
 The default order of alpha_s running is fixed to            2
 *****************************************************
 *               MadGraph/MadEvent                   *
 *        --------------------------------           *
 *          http://madgraph.hep.uiuc.edu             *
 *          http://madgraph.phys.ucl.ac.be           *
 *          http://madgraph.roma2.infn.it            *
 *        --------------------------------           *
 *                                                   *
 *          PARAMETER AND COUPLING VALUES            *
 *                                                   *
 *****************************************************

  External Params
  ---------------------------------
  
 mdl_MB =    4.6999998092651367     
 mdl_MT =    173.00000000000000     
 mdl_Me =   5.10999991092830896E-004
 mdl_MM =   0.10565999895334244     
 mdl_MTA =    1.7769999504089355     
 mdl_MZ =    91.188003540039063     
 mdl_MH =    125.00000000000000     
 aEWM1 =    132.50700378417969     
 mdl_Gf =   1.16639000000000003E-005
 aS =   0.11800000071525575     
 mdl_ymb =    4.6999998092651367     
 mdl_ymt =    173.00000000000000     
 mdl_yme =   5.10999991092830896E-004
 mdl_ymm =   0.10565999895334244     
 mdl_ymtau =    1.7769999504089355     
 mdl_WT =    1.4915000200271606     
 mdl_WTau =   2.26999999999999982E-012
 mdl_WZ =    2.4414041042327881     
 mdl_WW =    2.0476000308990479     
 mdl_WH =   6.38233916833996773E-003
  Internal Params
  ---------------------------------
  
 mdl_conjg__CKM3x3 =    1.0000000000000000     
 mdl_CKM3x3 =    1.0000000000000000     
 mdl_conjg__CKM1x1 =    1.0000000000000000     
 mdl_complexi =  (  0.0000000000000000     ,  1.0000000000000000     )
 mdl_MZ__exp__2 =    8315.2519896181766     
 mdl_MZ__exp__4 =    69143415.650849044     
 mdl_sqrt__2 =    1.4142135623730951     
 mdl_MH__exp__2 =    15625.000000000000     
 mdl_aEW =   7.54677089845565054E-003
 mdl_MW =    80.419007276179556     
 mdl_sqrt__aEW =   8.68721526063194194E-002
 mdl_ee =   0.30795376284704501     
 mdl_MW__exp__2 =    6467.2167312862202     
 mdl_sw2 =   0.22224645274001076     
 mdl_cw =   0.88190336616887299     
 mdl_sqrt__sw2 =   0.47143022043565552     
 mdl_sw =   0.47143022043565552     
 mdl_g1 =   0.34919218438279087     
 mdl_gw =   0.65323296958447097     
 mdl_vev =    246.21845810181631     
 mdl_vev__exp__2 =    60623.529110035874     
 mdl_lam =   0.12886910601690271     
 mdl_yb =   2.69955531549349904E-002
 mdl_ye =   2.93504850670934038E-006
 mdl_ym =   6.06883028478528356E-004
 mdl_yt =   0.99366614581500645     
 mdl_ytau =   1.02066167158167895E-002
 mdl_muH =    88.388347648318444     
 mdl_I1x33 =  ( 2.69955531549349904E-002,  0.0000000000000000     )
 mdl_I2x33 =  ( 0.99366614581500645     ,  0.0000000000000000     )
 mdl_I3x33 =  ( 0.99366614581500645     ,  0.0000000000000000     )
 mdl_I4x33 =  ( 2.69955531549349904E-002,  0.0000000000000000     )
 mdl_ee__exp__2 =   9.48355200516540348E-002
 mdl_sw__exp__2 =   0.22224645274001076     
 mdl_cw__exp__2 =   0.77775354725998924     
  Internal Params evaluated point by point
  ----------------------------------------
  
 mdl_sqrt__aS =   0.34351128178744839     
 mdl_G__exp__2 =    1.4828317414825511     
  Couplings of sm-lepton_masses
  ---------------------------------
  
         GC_3 =  -0.00000E+00  -0.30795E+00
        GC_50 =  -0.00000E+00  -0.28804E+00
        GC_59 =   0.00000E+00   0.82310E-01
        GC_89 =  -0.00000E+00  -0.20754E-05

 Collider parameters:
 --------------------

 Running at e e   machine @    10.000000000000000       GeV
 PDF set = none   
 alpha_s(Mz)= 0.1180 running at 2 loops.
 alpha_s(Mz)= 0.1180 running at 2 loops.
 Renormalization scale set on event-by-event basis
 Factorization   scale set on event-by-event basis


 getting user params
Enter number of events and max and min iterations: 
 Number of events and iterations         2000           9           3
Enter desired fractional accuracy: 
 Desired fractional accuracy:  -1.14039999999999996E-003
Enter 0 for fixed, 2 for adjustable grid: 
Suppress amplitude (0 no, 1 yes)? 
 Using suppressed amplitude.
Exact helicity sum (0 yes, n = number/event)? 
 Explicitly summing over helicities
Enter Configuration Number: 
Running Configuration Number:   16
 Not subdividing B.W.
 Attempting mappinvarients           1           5
 Completed mapping           5
 about to integrate            5        2000           9           3           5           1
 Keeping grid fixed.
  5 dimensions   2000 events  5 invarients  9 iterations  1 config(s),  (0.99)
 Using h-tuple random number sequence.
 Error opening grid
 Using Uniform Grid!
 Using uniform alpha   1.0000000000000000     
 Grid defined OK
 Set CM energy to         10.00
 Mapping Graph          16  to config          16
Setting grid   1    0.26112E-08   1
Setting grid   2    0.10000E-05   1
 Masses: 0.511E-03 0.511E-03 0.000E+00 0.511E-03 0.511E-03
  16   1   2   3   4   5
 Got moffset           3
Using random seed offsets    16 :      1
  with seed                   48
 Ranmar initialization seeds       30249       18894
  Particle       3       4       5
      Et >     0.0     0.0     0.0
       E >     0.0     0.0     0.0
     Eta <     5.0     5.0     5.0
   xqcut:      0.0     0.0     0.0
d R # 3  >    -0.0     0.4     0.4
d R # 4  >    -0.0    -0.0     0.0
s min # 3>     0.0     0.0     0.0
s min # 4>     0.0     0.0     0.0
xqcutij # 3>     0.0     0.0     0.0
xqcutij # 4>     0.0     0.0     0.0
 alpha_s for scale    2.2480828743123222       is   0.28312174936008416     
 Added good helicity            1   6.9969901866811934       in event            1
 Added good helicity            5   1.7556452129172282       in event            1
 Added good helicity           10   1.5967882032607708       in event            1
 Added good helicity           11  3.72998731623279398E-005  in event            1
 Added good helicity           14   5.6488977542542402       in event            1
 Added good helicity           15  2.83252015956079717E-006  in event            1
 Added good helicity           18  2.83172621052343410E-006  in event            1
 Added good helicity           19   5.6514504473891769       in event            1
 Added good helicity           22  3.73103311650783653E-005  in event            1
 Added good helicity           23   1.5975195679338023       in event            1
 Added good helicity           28   1.7556483389189408       in event            1
 Added good helicity           32   6.9969777282528067       in event            1
 Added good helicity            2  6.83974493671320966E-006  in event            3
 Added good helicity           13  1.00655465040832453E-005  in event            3
 Added good helicity           20  1.00655307822328965E-005  in event            3
 Added good helicity           31  6.83975189386401343E-006  in event            3
 Added good helicity            3  7.29612881485461816E-006  in event           28
 Added good helicity           12  1.04535717417646243E-006  in event           28
 Added good helicity           21  1.04797904426506220E-006  in event           28
 Added good helicity           30  7.29641620394423310E-006  in event           28
 Iteration  1   Mean: 0.1528E+07 Abs mean: 0.1528E+07   Fluctuation:  0.333E+06   0.488E+09    29.6%
  1    0.1528E+07 0.1528E+07 +- 0.3331E+06      9.75
 Writing out events   286.94428314813018        9.7475085586640393     
 Relative summed weights:
  0.1000E+01  0.0000E+00
 Relative number of events:
  0.1000E+01  0.0000E+00
 Events:
        2000           0
 Iteration  2   Mean: 0.1033E+07 Abs mean: 0.1033E+07   Fluctuation:  0.188E+06   0.698E+09    30.8%
  2    0.1033E+07 0.1033E+07 +- 0.1878E+06     11.49
 Relative summed weights:
  0.1000E+01  0.0000E+00
 Relative number of events:
  0.1000E+01  0.0000E+00
 Events:
        4000           0
 Iteration  3   Mean: 0.8967E+06 Abs mean: 0.8967E+06   Fluctuation:  0.642E+05   0.256E+09    30.6%
  3    0.8967E+06 0.8967E+06 +- 0.6420E+05      6.40
 Relative summed weights:
  0.1000E+01  0.0000E+00
 Relative number of events:
  0.1000E+01  0.0000E+00
 Events:
        8000           0
 Found          880  events.
 Wrote           26  events.
 Actual xsec    967431.31006746693     
 Correct abs xsec    967431.31006746693     
 Event xsec    967431.31006746716     
 Events wgts > 1:            1
 % Cross section > 1:   1.50766810838831589E-003  1.55842393428756560E-007
 Checking number of events   1103.2586660009392               26  chi2:    2.0844708612060714     
 Found          880  events.
 Wrote           28  events.
 Actual xsec    967431.31006746693     
 Correct abs xsec    967431.31006746693     
 Event xsec    967431.31006746704     
 Events wgts > 1:            1
 % Cross section > 1:   1.39997752557974309E-003  1.44710793522085931E-007
 Iteration  4   Mean: 0.8698E+06 Abs mean: 0.8698E+06   Fluctuation:  0.475E+05   0.332E+09    30.7%
  4    0.8698E+06 0.8698E+06 +- 0.4749E+05      6.91
 Relative summed weights:
  0.1000E+01  0.0000E+00
 Relative number of events:
  0.1000E+01  0.0000E+00
 Events:
       16000           0
 Found         2028  events.
 Wrote           67  events.
 Actual xsec    888010.16273204121     
 Correct abs xsec    888010.16273204121     
 Event xsec    888010.16273204121     
 Events wgts > 1:            2
 % Cross section > 1:    6518.6467619347368       0.73407344144345688     
 Checking number of events   1012.6867895796198               67  chi2:   0.38129316881278585     
 Found         2028  events.
 Wrote           56  events.
 Actual xsec    888010.16273204121     
 Correct abs xsec    888010.16273204121     
 Event xsec    888010.16273204004     
 Events wgts > 1:            2
 % Cross section > 1:    7787.8656760751855       0.87700186359524790     
 Iteration  5   Mean: 0.9331E+06 Abs mean: 0.9331E+06   Fluctuation:  0.413E+05   0.587E+09    30.6%
  5    0.9331E+06 0.9331E+06 +- 0.4126E+05      7.91
 Relative summed weights:
  0.1000E+01  0.0000E+00
 Relative number of events:
  0.1000E+01  0.0000E+00
 Events:
       32000           0
 Found         4063  events.
 Wrote           94  events.
 Actual xsec    905918.28428798390     
 Correct abs xsec    905918.28428798390     
 Event xsec    905918.28428798320     
 Events wgts > 1:            1
 % Cross section > 1:    6301.6306046989030       0.69560695638809644     
 Checking number of events   1033.1092114020169               94  chi2:   0.51568341352721836     
 Found         4063  events.
 Wrote           85  events.
 Actual xsec    905918.28428798390     
 Correct abs xsec    905918.28428798390     
 Event xsec    905918.28428798204     
 Events wgts > 1:            1
 % Cross section > 1:    6963.7331168685832       0.76869329581329926     
 Iteration  6   Mean: 0.9506E+06 Abs mean: 0.9506E+06   Fluctuation:  0.294E+05   0.482E+09    30.6%
  6    0.9506E+06 0.9506E+06 +- 0.2937E+05      7.82
 Relative summed weights:
  0.1000E+01  0.0000E+00
 Relative number of events:
  0.1000E+01  0.0000E+00
 Events:
       64000           0
 Found         7860  events.
 Wrote          211  events.
 Actual xsec    931574.91127092089     
 Correct abs xsec    931574.91127092089     
 Event xsec    931574.91127092054     
 Events wgts > 1:           12
 % Cross section > 1:    9386.8963594928318        1.0076373081673660     
 Checking number of events   1062.3680288133583              211  chi2:    1.0557096246822624     
 Found         7860  events.
 Wrote          212  events.
 Actual xsec    931574.91127092089     
 Correct abs xsec    931574.91127092089     
 Event xsec    931574.91127092438     
 Events wgts > 1:           12
 % Cross section > 1:    9343.0626228193451        1.0029319714152498     
 Iteration  7   Mean: 0.9422E+06 Abs mean: 0.9422E+06   Fluctuation:  0.209E+05   0.506E+09    30.6%
  7    0.9422E+06 0.9422E+06 +- 0.2092E+05      7.94
 Relative summed weights:
  0.1000E+01  0.0000E+00
 Relative number of events:
  0.1000E+01  0.0000E+00
 Events:
      128000           0
 Found        15313  events.
 Wrote          386  events.
 Actual xsec    943364.22985135228     
 Correct abs xsec    943364.22985135228     
 Event xsec    943364.22985135589     
 Events wgts > 1:           15
 % Cross section > 1:    10167.856639491962        1.0778293598321076     
 Checking number of events   1075.8125677224821              386  chi2:   6.29683229953519330E-002
 Found        15313  events.
 Wrote          440  events.
 Actual xsec    943364.22985135228     
 Correct abs xsec    943364.22985135228     
 Event xsec    943364.22985135810     
 Events wgts > 1:           15
 % Cross section > 1:    8931.7982231791921       0.94680272375671248     
 Iteration  8   Mean: 0.9462E+06 Abs mean: 0.9462E+06   Fluctuation:  0.141E+05   0.512E+09    30.7%
  8    0.9462E+06 0.9462E+06 +- 0.1406E+05      7.52
 Relative summed weights:
  0.1000E+01  0.0000E+00
 Relative number of events:
  0.1000E+01  0.0000E+00
 Events:
      256000           0
 Found        30808  events.
 Wrote          993  events.
 Actual xsec    945765.07238261204     
 Correct abs xsec    945765.07238261204     
 Event xsec    945765.07238262193     
 Events wgts > 1:           37
 % Cross section > 1:    8742.4842074915723       0.92438222374474444     
 Checking number of events   1078.5504885451307              993  chi2:   2.85885542800564142E-002
 Found        30808  events.
 Wrote          967  events.
 Actual xsec    945765.07238261204     
 Correct abs xsec    945765.07238261204     
 Event xsec    945765.07238262100     
 Events wgts > 1:           37
 % Cross section > 1:    8975.3150945092057       0.94900048189537400     
 Iteration  9   Mean: 0.9386E+06 Abs mean: 0.9386E+06   Fluctuation:  0.101E+05   0.526E+09    30.7%
  9    0.9386E+06 0.9386E+06 +- 0.1007E+05      7.68
 Relative summed weights:
  0.1000E+01  0.0000E+00
 Relative number of events:
  0.1000E+01  0.0000E+00
 Events:
      512000           0
 Found        61103  events.
 Wrote         1676  events.
 Actual xsec    941360.27205923863     
 Correct abs xsec    941360.27205923863     
 Event xsec    941360.27205922850     
 Events wgts > 1:           56
 % Cross section > 1:    9181.6304155062026       0.97535775494554888     
 Checking number of events   1073.5272542563557             1676  chi2:   9.80010260526650856E-002

 -------------------------------------------------------------------------------
 Accumulated results:   Integral =  0.9407E+06
                        Std dev  =  0.7133E+04
                       Cross sec =  0.1398E+01
             Chi**2 per DoF.     =
-------------------------------------------------
---------------------------
 Results Last   3 iters: Integral =   0.9414E+06
                     Abs integral =   0.9414E+06
                          Std dev =   0.7623E+04
                  Chi**2 per DoF. =      0.0980
-------------------------------------------------
---------------------------
 Status -1.14039999999999996E-003          10           9
 We found enough events        1676   1073.5272542563557     

ls status:
events.lhe
fail.log
ftn25
input_sg.txt
moffset.dat
results.dat
run1_app.log
