 Process in group number            0
 No PDF is used, alpha_s(MZ) from param_card is used
 Value of alpha_s from param_card:   0.11800000071525575     
 The default order of alpha_s running is fixed to            2
<<<<<<< HEAD
=======
 Warning: pt or E min of a gamma should in general be >0
 Warning: pt or E min of a gamma should in general be >0
 Warning: pt or E min of a gamma should in general be >0
>>>>>>> 911b5ec345c81b054214c521136984e9d6306827
 *****************************************************
 *               MadGraph/MadEvent                   *
 *        --------------------------------           *
 *          http://madgraph.hep.uiuc.edu             *
 *          http://madgraph.phys.ucl.ac.be           *
 *          http://madgraph.roma2.infn.it            *
 *        --------------------------------           *
 *                                                   *
 *          PARAMETER AND COUPLING VALUES            *
 *                                                   *
 *****************************************************

  External Params
  ---------------------------------
  
 aEWM1 =    132.50700378417969     
 mdl_Gf =   1.16639000000000003E-005
 aS =   0.11800000071525575     
 mdl_ymb =    4.6999998092651367     
 mdl_ymt =    173.00000000000000     
 mdl_yme =   5.10999991092830896E-004
 mdl_ymm =   0.10565999895334244     
 mdl_ymtau =    1.7769999504089355     
 mdl_MZ =    91.188003540039063     
 mdl_MT =    173.00000000000000     
 mdl_MB =    4.6999998092651367     
 mdl_MH =    125.00000000000000     
 mdl_Me =   5.10999991092830896E-004
 mdl_MM =   0.10565999895334244     
 mdl_MTA =    1.7769999504089355     
 mdl_WZ =    2.4414041042327881     
 mdl_WW =    2.0476000308990479     
 mdl_WT =    1.4915000200271606     
 mdl_WH =   6.38233916833996773E-003
 mdl_WTau =   2.26999999999999982E-012
  Internal Params
  ---------------------------------
  
 mdl_conjg__CKM3x3 =    1.0000000000000000     
 mdl_CKM3x3 =    1.0000000000000000     
 mdl_conjg__CKM1x1 =    1.0000000000000000     
 mdl_complexi =  (  0.0000000000000000     ,  1.0000000000000000     )
 mdl_MZ__exp__2 =    8315.2519896181766     
 mdl_MZ__exp__4 =    69143415.650849044     
 mdl_sqrt__2 =    1.4142135623730951     
 mdl_MH__exp__2 =    15625.000000000000     
 mdl_aEW =   7.54677089845565054E-003
 mdl_MW =    80.419007276179556     
 mdl_sqrt__aEW =   8.68721526063194194E-002
 mdl_ee =   0.30795376284704501     
 mdl_MW__exp__2 =    6467.2167312862202     
 mdl_sw2 =   0.22224645274001076     
 mdl_cw =   0.88190336616887299     
 mdl_sqrt__sw2 =   0.47143022043565552     
 mdl_sw =   0.47143022043565552     
 mdl_g1 =   0.34919218438279087     
 mdl_gw =   0.65323296958447097     
 mdl_vev =    246.21845810181631     
 mdl_vev__exp__2 =    60623.529110035874     
 mdl_lam =   0.12886910601690271     
 mdl_yb =   2.69955531549349904E-002
 mdl_ye =   2.93504850670934038E-006
 mdl_ym =   6.06883028478528356E-004
 mdl_yt =   0.99366614581500645     
 mdl_ytau =   1.02066167158167895E-002
 mdl_muH =    88.388347648318444     
 mdl_I1x33 =  ( 2.69955531549349904E-002,  0.0000000000000000     )
 mdl_I2x33 =  ( 0.99366614581500645     ,  0.0000000000000000     )
 mdl_I3x33 =  ( 0.99366614581500645     ,  0.0000000000000000     )
 mdl_I4x33 =  ( 2.69955531549349904E-002,  0.0000000000000000     )
 mdl_ee__exp__2 =   9.48355200516540348E-002
 mdl_sw__exp__2 =   0.22224645274001076     
 mdl_cw__exp__2 =   0.77775354725998924     
  Internal Params evaluated point by point
  ----------------------------------------
  
 mdl_sqrt__aS =   0.34351128178744839     
 mdl_G__exp__2 =    1.4828317414825511     
  Couplings of sm-lepton_masses
  ---------------------------------
  
         GC_3 =  -0.00000E+00  -0.30795E+00

 Collider parameters:
 --------------------

<<<<<<< HEAD
 Running at e e   machine @   7.14879999999999960E-002  GeV
=======
 Running at e e   machine @   7.00000000000000067E-002  GeV
>>>>>>> 911b5ec345c81b054214c521136984e9d6306827
 PDF set = none   
 alpha_s(Mz)= 0.1180 running at 2 loops.
 alpha_s(Mz)= 0.1180 running at 2 loops.
 Renormalization scale fixed @    91.188000000000002     
 Factorization scales  fixed @    91.188000000000002        91.188000000000002     


 getting user params
Enter number of events and max and min iterations: 
<<<<<<< HEAD
 Number of events and iterations         2000           9           3
Enter desired fractional accuracy: 
 Desired fractional accuracy:  -1.03289999999999995E-004
=======
 Number of events and iterations         1000           9           3
Enter desired fractional accuracy: 
 Desired fractional accuracy:  -4.27509999999999978E-004
>>>>>>> 911b5ec345c81b054214c521136984e9d6306827
Enter 0 for fixed, 2 for adjustable grid: 
Suppress amplitude (0 no, 1 yes)? 
 Using suppressed amplitude.
Exact helicity sum (0 yes, n = number/event)? 
 Explicitly summing over helicities
Enter Configuration Number: 
Running Configuration Number:    1
 Not subdividing B.W.
 Attempting mappinvarients           1           5
 Completed mapping           5
<<<<<<< HEAD
 about to integrate            5        2000           9           3           5           1
 Using non-zero grid deformation.
  5 dimensions   2000 events  5 invarients  9 iterations  1 config(s),  (0.99)
 Using h-tuple random number sequence.
 Error opening grid
 Using Uniform Grid!
 Using uniform alpha   1.0000000000000000     
 Grid defined OK
 Set CM energy to          0.07
 Mapping Graph           1  to config           1
Setting grid   1    0.17611E-04   1
Setting grid   2    0.17611E-04   1
=======
 about to integrate            5        1000           9           3           5           1
 Keeping grid fixed.
  5 dimensions   1000 events  5 invarients  9 iterations  1 config(s),  (0.99)
 Using h-tuple random number sequence.
 Grid read from file
 Grid defined OK
 Set CM energy to          0.07
 Mapping Graph           1  to config           1
 Warning: No cutoff for shat integral found
          Minimum set to    204.08163265306121     
 No modification is setgrid, grid read from file
 Warning: No cutoff for shat integral found
          Minimum set to    204.08163265306121     
 No modification is setgrid, grid read from file
>>>>>>> 911b5ec345c81b054214c521136984e9d6306827
 Masses: 0.511E-03 0.511E-03 0.000E+00 0.000E+00 0.000E+00
   1   1   2   3   4   5
 Got moffset          18
Using random seed offsets     1 :      1
<<<<<<< HEAD
  with seed                  114
 Ranmar initialization seeds       20445        6156
=======
  with seed                   48
 Ranmar initialization seeds       30234        6087
>>>>>>> 911b5ec345c81b054214c521136984e9d6306827
  Particle       3       4       5
      Et >     0.0     0.0     0.0
       E >     0.0     0.0     0.0
     Eta <    -1.0    -1.0    -1.0
   xqcut:      0.0     0.0     0.0
d R # 3  >    -0.0     0.0     0.0
d R # 4  >    -0.0    -0.0     0.0
s min # 3>     0.0     0.0     0.0
s min # 4>     0.0     0.0     0.0
xqcutij # 3>     0.0     0.0     0.0
xqcutij # 4>     0.0     0.0     0.0
 alpha_s for scale    91.188000000000002       is   0.11800000071525575     
<<<<<<< HEAD
 Added good helicity            1  3.84978727588668277E-003  in event            1
 Added good helicity            2  3.74572009224433122E-003  in event            1
 Added good helicity            3  6.17861805076443159E-004  in event            1
 Added good helicity            4  3.87464088001210284E-004  in event            1
 Added good helicity            5  1.92594260211376480E-005  in event            1
 Added good helicity            6  3.86620901836589302E-004  in event            1
 Added good helicity           11   7.6157451052542315       in event            1
 Added good helicity           12   7.4211305300431034       in event            1
 Added good helicity           13  0.48421186095734853       in event            1
 Added good helicity           14  0.46990561367110195       in event            1
 Added good helicity           19  0.46990561367110195       in event            1
 Added good helicity           20  0.48421186095734853       in event            1
 Added good helicity           21   7.4211305300431070       in event            1
 Added good helicity           22   7.6157451052542342       in event            1
 Added good helicity           27  3.86620901836589031E-004  in event            1
 Added good helicity           28  1.92594260211376480E-005  in event            1
 Added good helicity           29  3.87464088001210068E-004  in event            1
 Added good helicity           30  6.17861805076443159E-004  in event            1
 Added good helicity           31  3.74572009224433036E-003  in event            1
 Added good helicity           32  3.84978727588668407E-003  in event            1
 Added good helicity           15   6.1632951372357327       in event            2
 Added good helicity           18   6.1632951372357336       in event            2
 Added good helicity            7  9.93993572633478777E-006  in event            3
 Added good helicity           10  5.59302082513380696E-004  in event            3
 Added good helicity           23  5.59302082513380913E-004  in event            3
 Added good helicity           26  9.93993572633479285E-006  in event            3
 Iteration  1   Mean: 0.3826E+08 Abs mean: 0.3826E+08   Fluctuation:  0.537E+07   0.865E+10    99.3%
  1    0.3826E+08 0.3826E+08 +- 0.5372E+07      6.28
 Writing out events   2140.1870988541823        6.2795474661765764     
 Relative summed weights:
  0.2465E+00  0.0000E+00
  0.1205E+00  0.0000E+00
  0.1777E+00  0.0000E+00
  0.1346E+00  0.0000E+00
  0.1427E+00  0.0000E+00
  0.1780E+00  0.0000E+00
 Relative number of events:
  0.1640E+00  0.0000E+00
  0.1695E+00  0.0000E+00
  0.1650E+00  0.0000E+00
  0.1580E+00  0.0000E+00
  0.1720E+00  0.0000E+00
  0.1715E+00  0.0000E+00
 Events:
         328           0
         339           0
         330           0
         316           0
         344           0
         343           0
 Iteration  2   Mean: 0.4929E+08 Abs mean: 0.4929E+08   Fluctuation:  0.104E+08   0.388E+11    96.3%
  2    0.4929E+08 0.4929E+08 +- 0.1042E+08     13.37
 Relative summed weights:
  0.1355E+00  0.0000E+00
  0.3208E+00  0.0000E+00
  0.1372E+00  0.0000E+00
  0.1771E+00  0.0000E+00
  0.1050E+00  0.0000E+00
  0.1244E+00  0.0000E+00
 Relative number of events:
  0.1732E+00  0.0000E+00
  0.1767E+00  0.0000E+00
  0.1633E+00  0.0000E+00
  0.1630E+00  0.0000E+00
  0.1625E+00  0.0000E+00
  0.1613E+00  0.0000E+00
 Events:
         693           0
         707           0
         653           0
         652           0
         650           0
         645           0
 Iteration  3   Mean: 0.4034E+08 Abs mean: 0.4034E+08   Fluctuation:  0.142E+07   0.632E+10    97.4%
  3    0.4034E+08 0.4034E+08 +- 0.1417E+07      3.14
 Relative summed weights:
  0.1525E+00  0.0000E+00
  0.1874E+00  0.0000E+00
  0.1483E+00  0.0000E+00
  0.1719E+00  0.0000E+00
  0.1550E+00  0.0000E+00
  0.1848E+00  0.0000E+00
 Relative number of events:
  0.1634E+00  0.0000E+00
  0.1711E+00  0.0000E+00
  0.1679E+00  0.0000E+00
  0.1643E+00  0.0000E+00
  0.1626E+00  0.0000E+00
  0.1708E+00  0.0000E+00
 Events:
        1307           0
        1369           0
        1343           0
        1314           0
        1301           0
        1366           0
 Found          636  events.
 Wrote           56  events.
 Actual xsec    40448544.140107028     
 Correct abs xsec    40448544.140107028     
 Event xsec    40448544.140107021     
 Events wgts > 1:            1
 % Cross section > 1:    243524.77824771649       0.60206067591502721     
 Checking number of events   4177.9301242316551               56  chi2:   0.44595411786739569     
 Found          636  events.
 Wrote           85  events.
 Actual xsec    40448544.140107028     
 Correct abs xsec    40448544.140107028     
 Event xsec    40448544.140106961     
 Events wgts > 1:            1
 % Cross section > 1:    160770.09003651357       0.39746817457664979     
 Iteration  4   Mean: 0.4075E+08 Abs mean: 0.4075E+08   Fluctuation:  0.107E+07   0.137E+11    97.6%
  4    0.4075E+08 0.4075E+08 +- 0.1070E+07      3.32
 Relative summed weights:
  0.1612E+00  0.0000E+00
  0.1736E+00  0.0000E+00
  0.1708E+00  0.0000E+00
  0.1712E+00  0.0000E+00
  0.1686E+00  0.0000E+00
  0.1547E+00  0.0000E+00
 Relative number of events:
  0.1683E+00  0.0000E+00
  0.1676E+00  0.0000E+00
  0.1629E+00  0.0000E+00
  0.1699E+00  0.0000E+00
  0.1652E+00  0.0000E+00
  0.1661E+00  0.0000E+00
 Events:
        2693           0
        2682           0
        2607           0
        2718           0
        2643           0
        2657           0
 Found         1501  events.
 Wrote           50  events.
 Actual xsec    40686723.349109039     
 Correct abs xsec    40686723.349109039     
 Event xsec    40686723.349109069     
 Events wgts > 1:            0
 % Cross section > 1:    0.0000000000000000        0.0000000000000000     
 Checking number of events   4202.5316547294724               50  chi2:   0.37185092903397510     
 Found         1501  events.
 Wrote           43  events.
 Actual xsec    40686723.349109039     
 Correct abs xsec    40686723.349109039     
 Event xsec    40686723.349109091     
 Events wgts > 1:            0
 % Cross section > 1:    0.0000000000000000        0.0000000000000000     
 Iteration  5   Mean: 0.4094E+08 Abs mean: 0.4094E+08   Fluctuation:  0.488E+06   0.544E+10    97.1%
  5    0.4094E+08 0.4094E+08 +- 0.4878E+06      2.13
 Relative summed weights:
  0.1623E+00  0.0000E+00
  0.1723E+00  0.0000E+00
  0.1664E+00  0.0000E+00
  0.1661E+00  0.0000E+00
  0.1712E+00  0.0000E+00
  0.1616E+00  0.0000E+00
 Relative number of events:
  0.1663E+00  0.0000E+00
  0.1704E+00  0.0000E+00
  0.1682E+00  0.0000E+00
  0.1651E+00  0.0000E+00
  0.1657E+00  0.0000E+00
  0.1644E+00  0.0000E+00
 Events:
        5320           0
        5453           0
        5382           0
        5284           0
        5301           0
        5260           0
 Found         3143  events.
 Wrote          673  events.
 Actual xsec    40859088.353042573     
 Correct abs xsec    40859088.353042573     
 Event xsec    40859088.353042953     
 Events wgts > 1:           17
 % Cross section > 1:    340206.23922853911       0.83263296598540604     
 Checking number of events   4220.3352359857672              673  chi2:   8.64615560261267069E-002
 Found         3143  events.
 Wrote          654  events.
 Actual xsec    40859088.353042573     
 Correct abs xsec    40859088.353042573     
 Event xsec    40859088.353043199     
 Events wgts > 1:           17
 % Cross section > 1:    350005.24171151128       0.85661539652399699     
 Iteration  6   Mean: 0.4072E+08 Abs mean: 0.4072E+08   Fluctuation:  0.299E+06   0.357E+10    96.7%
  6    0.4072E+08 0.4072E+08 +- 0.2988E+06      1.86
 Relative summed weights:
  0.1654E+00  0.0000E+00
  0.1716E+00  0.0000E+00
  0.1639E+00  0.0000E+00
  0.1681E+00  0.0000E+00
  0.1658E+00  0.0000E+00
  0.1652E+00  0.0000E+00
 Relative number of events:
  0.1670E+00  0.0000E+00
  0.1657E+00  0.0000E+00
  0.1647E+00  0.0000E+00
  0.1675E+00  0.0000E+00
  0.1672E+00  0.0000E+00
  0.1679E+00  0.0000E+00
 Events:
       10690           0
       10603           0
       10539           0
       10721           0
       10701           0
       10746           0
 Found         6226  events.
 Wrote         1850  events.
 Actual xsec    40778572.363718621     
 Correct abs xsec    40778572.363718621     
 Event xsec    40778572.363718979     
 Events wgts > 1:           37
 % Cross section > 1:    411536.70254740812        1.0091984066454360     
 Checking number of events   4212.0187394484965             1850  chi2:   7.61124372475760758E-002
 Found         6226  events.
 Wrote         1898  events.
 Actual xsec    40778572.363718621     
 Correct abs xsec    40778572.363718621     
 Event xsec    40778572.363717690     
 Events wgts > 1:           37
 % Cross section > 1:    401231.43431629334       0.98392712412189498     
 Iteration  7   Mean: 0.4033E+08 Abs mean: 0.4033E+08   Fluctuation:  0.183E+06   0.324E+10    96.6%
  7    0.4033E+08 0.4033E+08 +- 0.1827E+06      1.62
 Relative summed weights:
  0.1659E+00  0.0000E+00
  0.1661E+00  0.0000E+00
  0.1684E+00  0.0000E+00
  0.1658E+00  0.0000E+00
  0.1674E+00  0.0000E+00
  0.1664E+00  0.0000E+00
 Relative number of events:
  0.1661E+00  0.0000E+00
  0.1658E+00  0.0000E+00
  0.1686E+00  0.0000E+00
  0.1680E+00  0.0000E+00
  0.1659E+00  0.0000E+00
  0.1656E+00  0.0000E+00
 Events:
       21265           0
       21228           0
       21575           0
       21504           0
       21237           0
       21191           0
 Found        12594  events.
 Wrote         4716  events.
 Actual xsec    40486673.975843072     
 Correct abs xsec    40486673.975843072     
 Event xsec    40486673.975839965     
 Events wgts > 1:           96
 % Cross section > 1:    397608.85682252614       0.98207340286780642     
 Checking number of events   4181.8685549648308             4716  chi2:    1.0946061541291439     

 -------------------------------------------------------------------------------
 Accumulated results:   Integral =  0.4049E+08
                        Std dev  =  0.1462E+06
                       Cross sec =  0.5817E+00
             Chi**2 per DoF.     =
-------------------------------------------------
---------------------------
 Results Last   3 iters: Integral =   0.4049E+08
                     Abs integral =   0.4049E+08
                          Std dev =   0.1485E+06
                  Chi**2 per DoF. =      1.0946
-------------------------------------------------
---------------------------
 Status -1.03289999999999995E-004           8           9
 We found enough events        4716   4181.8685549648308     
=======
 Added good helicity            1  7.37062936530129015E-003  in event            1
 Added good helicity            2  1.81500651485891709E-003  in event            1
 Added good helicity            3  7.57404421253724978E-004  in event            1
 Added good helicity            5  3.64910468840195590E-003  in event            1
 Added good helicity            6  4.30618542810852598E-004  in event            1
 Added good helicity            7  3.77616580970751431E-004  in event            1
 Added good helicity           10  0.65494507363294840       in event            1
 Added good helicity           11   10.067077883943318       in event            1
 Added good helicity           12  6.56612618192592840E-002  in event            1
 Added good helicity           13  2.90820311193398914E-004  in event            1
 Added good helicity           14  0.40541267878343396       in event            1
 Added good helicity           15   4.7922109758693292       in event            1
 Added good helicity           18   4.7922109758693292       in event            1
 Added good helicity           19  0.40541267878343396       in event            1
 Added good helicity           20  2.90820311193398210E-004  in event            1
 Added good helicity           21  6.56612618192593117E-002  in event            1
 Added good helicity           22   10.067077883943318       in event            1
 Added good helicity           23  0.65494507363294840       in event            1
 Added good helicity           26  3.77616580970751431E-004  in event            1
 Added good helicity           27  4.30618542810852598E-004  in event            1
 Added good helicity           28  3.64910468840195590E-003  in event            1
 Added good helicity           30  7.57404421253725195E-004  in event            1
 Added good helicity           31  1.81500651485891709E-003  in event            1
 Added good helicity           32  7.37062936530129015E-003  in event            1
 Added good helicity            4  4.25670813795022488E-006  in event            2
 Added good helicity           29  4.25670813795022488E-006  in event            2
 Iteration  1   Mean: 0.1223E+09 Abs mean: 0.1223E+09   Fluctuation:  0.118E+08   0.627E+10    99.6%
  1    0.1223E+09 0.1223E+09 +- 0.1184E+08      3.06
 Writing out events   13644.442951472245        3.0616003935399743     
 Relative summed weights:
  0.1925E+00  0.0000E+00
  0.1584E+00  0.0000E+00
  0.1702E+00  0.0000E+00
  0.9631E-01  0.0000E+00
  0.1785E+00  0.0000E+00
  0.2040E+00  0.0000E+00
 Relative number of events:
  0.1620E+00  0.0000E+00
  0.1550E+00  0.0000E+00
  0.1970E+00  0.0000E+00
  0.1430E+00  0.0000E+00
  0.1730E+00  0.0000E+00
  0.1700E+00  0.0000E+00
 Events:
         162           0
         155           0
         197           0
         143           0
         173           0
         170           0
 Iteration  2   Mean: 0.1157E+09 Abs mean: 0.1157E+09   Fluctuation:  0.752E+07   0.919E+10    99.4%
  2    0.1157E+09 0.1157E+09 +- 0.7523E+07      2.91
 Relative summed weights:
  0.1850E+00  0.0000E+00
  0.1582E+00  0.0000E+00
  0.1753E+00  0.0000E+00
  0.1626E+00  0.0000E+00
  0.1754E+00  0.0000E+00
  0.1436E+00  0.0000E+00
 Relative number of events:
  0.1770E+00  0.0000E+00
  0.1565E+00  0.0000E+00
  0.1645E+00  0.0000E+00
  0.1700E+00  0.0000E+00
  0.1650E+00  0.0000E+00
  0.1670E+00  0.0000E+00
 Events:
         354           0
         313           0
         329           0
         340           0
         330           0
         334           0
 Iteration  3   Mean: 0.1223E+09 Abs mean: 0.1223E+09   Fluctuation:  0.102E+08   0.332E+11    99.5%
  3    0.1223E+09 0.1223E+09 +- 0.1020E+08      5.28
 Relative summed weights:
  0.2247E+00  0.0000E+00
  0.1492E+00  0.0000E+00
  0.1426E+00  0.0000E+00
  0.1495E+00  0.0000E+00
  0.1662E+00  0.0000E+00
  0.1678E+00  0.0000E+00
 Relative number of events:
  0.1722E+00  0.0000E+00
  0.1718E+00  0.0000E+00
  0.1605E+00  0.0000E+00
  0.1658E+00  0.0000E+00
  0.1660E+00  0.0000E+00
  0.1638E+00  0.0000E+00
 Events:
         689           0
         687           0
         642           0
         663           0
         664           0
         655           0
 Found          333  events.
 Wrote           14  events.
 Actual xsec    119104103.69905598     
 Correct abs xsec    119104103.69905598     
 Event xsec    119104103.69905600     
 Events wgts > 1:            1
 % Cross section > 1:   0.64000300504267216       5.37347568359010888E-007
 Checking number of events   50918.195372383423               14  chi2:   0.18537988308440570     
 Found          333  events.
 Wrote           19  events.
 Actual xsec    119104103.69905598     
 Correct abs xsec    119104103.69905598     
 Event xsec    119104103.69905594     
 Events wgts > 1:            1
 % Cross section > 1:   0.47158116288483143       3.95940314597715534E-007
 Iteration  4   Mean: 0.1271E+09 Abs mean: 0.1271E+09   Fluctuation:  0.113E+08   0.640E+11    99.5%
  4    0.1271E+09 0.1271E+09 +- 0.1133E+08      7.98
 Relative summed weights:
  0.1737E+00  0.0000E+00
  0.1780E+00  0.0000E+00
  0.1706E+00  0.0000E+00
  0.1554E+00  0.0000E+00
  0.2005E+00  0.0000E+00
  0.1219E+00  0.0000E+00
 Relative number of events:
  0.1714E+00  0.0000E+00
  0.1621E+00  0.0000E+00
  0.1673E+00  0.0000E+00
  0.1678E+00  0.0000E+00
  0.1709E+00  0.0000E+00
  0.1606E+00  0.0000E+00
 Events:
        1371           0
        1297           0
        1338           0
        1342           0
        1367           0
        1285           0
 Found          613  events.
 Wrote           16  events.
 Actual xsec    120403859.79059485     
 Correct abs xsec    120403859.79059485     
 Event xsec    120403859.79059482     
 Events wgts > 1:            0
 % Cross section > 1:    0.0000000000000000        0.0000000000000000     
 Checking number of events   51473.854099077202               16  chi2:   0.38201624130095135     
 Found          613  events.
 Wrote           15  events.
 Actual xsec    120403859.79059485     
 Correct abs xsec    120403859.79059485     
 Event xsec    120403859.79059482     
 Events wgts > 1:            0
 % Cross section > 1:    0.0000000000000000        0.0000000000000000     
 Iteration  5   Mean: 0.1207E+09 Abs mean: 0.1207E+09   Fluctuation:  0.439E+07   0.390E+11    99.5%
  5    0.1207E+09 0.1207E+09 +- 0.4386E+07      4.60
 Relative summed weights:
  0.1654E+00  0.0000E+00
  0.1605E+00  0.0000E+00
  0.1910E+00  0.0000E+00
  0.1640E+00  0.0000E+00
  0.1543E+00  0.0000E+00
  0.1648E+00  0.0000E+00
 Relative number of events:
  0.1607E+00  0.0000E+00
  0.1707E+00  0.0000E+00
  0.1706E+00  0.0000E+00
  0.1603E+00  0.0000E+00
  0.1676E+00  0.0000E+00
  0.1701E+00  0.0000E+00
 Events:
        2571           0
        2731           0
        2730           0
        2565           0
        2682           0
        2721           0
 Found         1274  events.
 Wrote           72  events.
 Actual xsec    121694299.90481573     
 Correct abs xsec    121694299.90481573     
 Event xsec    121694299.90481569     
 Events wgts > 1:            1
 % Cross section > 1:    1063835.0423740931       0.87418641892527549     
 Checking number of events   52025.530152307772               72  chi2:   0.13971906926819799     
 Found         1274  events.
 Wrote           81  events.
 Actual xsec    121694299.90481573     
 Correct abs xsec    121694299.90481573     
 Event xsec    121694299.90481602     
 Events wgts > 1:            1
 % Cross section > 1:    946550.55059492355       0.77781009573601567     
 Iteration  6   Mean: 0.1256E+09 Abs mean: 0.1256E+09   Fluctuation:  0.539E+07   0.116E+12    99.4%
  6    0.1256E+09 0.1256E+09 +- 0.5392E+07      7.68
 Relative summed weights:
  0.1894E+00  0.0000E+00
  0.1825E+00  0.0000E+00
  0.1736E+00  0.0000E+00
  0.1498E+00  0.0000E+00
  0.1510E+00  0.0000E+00
  0.1538E+00  0.0000E+00
 Relative number of events:
  0.1675E+00  0.0000E+00
  0.1658E+00  0.0000E+00
  0.1685E+00  0.0000E+00
  0.1649E+00  0.0000E+00
  0.1632E+00  0.0000E+00
  0.1700E+00  0.0000E+00
 Events:
        5360           0
        5307           0
        5393           0
        5276           0
        5223           0
        5441           0
 Found         2677  events.
 Wrote           39  events.
 Actual xsec    123106823.12046473     
 Correct abs xsec    123106823.12046473     
 Event xsec    123106823.12046488     
 Events wgts > 1:            1
 % Cross section > 1:    1080733.8840598422       0.87788300978435729     
 Checking number of events   52629.397952229876               39  chi2:   0.31580735870598442     
 Found         2677  events.
 Wrote           46  events.
 Actual xsec    123106823.12046473     
 Correct abs xsec    123106823.12046473     
 Event xsec    123106823.12046476     
 Events wgts > 1:            1
 % Cross section > 1:    917500.07650736440       0.74528775355493937     
 Iteration  7   Mean: 0.1202E+09 Abs mean: 0.1202E+09   Fluctuation:  0.228E+07   0.430E+11    99.4%
  7    0.1202E+09 0.1202E+09 +- 0.2276E+07      4.79
 Relative summed weights:
  0.1668E+00  0.0000E+00
  0.1720E+00  0.0000E+00
  0.1685E+00  0.0000E+00
  0.1664E+00  0.0000E+00
  0.1565E+00  0.0000E+00
  0.1698E+00  0.0000E+00
 Relative number of events:
  0.1664E+00  0.0000E+00
  0.1663E+00  0.0000E+00
  0.1681E+00  0.0000E+00
  0.1670E+00  0.0000E+00
  0.1641E+00  0.0000E+00
  0.1680E+00  0.0000E+00
 Events:
       10651           0
       10640           0
       10761           0
       10690           0
       10505           0
       10753           0
 Found         5187  events.
 Wrote          264  events.
 Actual xsec    120969330.66955870     
 Correct abs xsec    120969330.66955870     
 Event xsec    120969330.66955759     
 Events wgts > 1:            9
 % Cross section > 1:    826439.22252525180       0.68318078470878774     
 Checking number of events   51715.598554543038              264  chi2:   0.42920275068028807     
 Found         5187  events.
 Wrote          281  events.
 Actual xsec    120969330.66955870     
 Correct abs xsec    120969330.66955870     
 Event xsec    120969330.66955861     
 Events wgts > 1:            9
 % Cross section > 1:    776762.16538872733       0.64211495681541042     
 Iteration  8   Mean: 0.1219E+09 Abs mean: 0.1219E+09   Fluctuation:  0.213E+07   0.131E+12    99.4%
  8    0.1219E+09 0.1219E+09 +- 0.2133E+07      6.26
 Relative summed weights:
  0.1690E+00  0.0000E+00
  0.1631E+00  0.0000E+00
  0.1689E+00  0.0000E+00
  0.1576E+00  0.0000E+00
  0.1684E+00  0.0000E+00
  0.1730E+00  0.0000E+00
 Relative number of events:
  0.1671E+00  0.0000E+00
  0.1658E+00  0.0000E+00
  0.1665E+00  0.0000E+00
  0.1657E+00  0.0000E+00
  0.1673E+00  0.0000E+00
  0.1677E+00  0.0000E+00
 Events:
       21386           0
       21226           0
       21311           0
       21204           0
       21411           0
       21462           0
 Found        10661  events.
 Wrote          300  events.
 Actual xsec    121459827.27789640     
 Correct abs xsec    121459827.27789640     
 Event xsec    121459827.27789705     
 Events wgts > 1:            4
 % Cross section > 1:    955428.03688353510       0.78662061217783541     
 Checking number of events   51925.290759573487              300  chi2:   0.47553967696618094     
 Found        10661  events.
 Wrote          269  events.
 Actual xsec    121459827.27789640     
 Correct abs xsec    121459827.27789640     
 Event xsec    121459827.27789664     
 Events wgts > 1:            4
 % Cross section > 1:    1064568.0802773484       0.87647751864626555     
 Iteration  9   Mean: 0.1227E+09 Abs mean: 0.1227E+09   Fluctuation:  0.174E+07   0.277E+12    99.4%
  9    0.1227E+09 0.1227E+09 +- 0.1737E+07      7.17
 Relative summed weights:
  0.1661E+00  0.0000E+00
  0.1571E+00  0.0000E+00
  0.1642E+00  0.0000E+00
  0.1764E+00  0.0000E+00
  0.1635E+00  0.0000E+00
  0.1727E+00  0.0000E+00
 Relative number of events:
  0.1676E+00  0.0000E+00
  0.1655E+00  0.0000E+00
  0.1666E+00  0.0000E+00
  0.1674E+00  0.0000E+00
  0.1660E+00  0.0000E+00
  0.1668E+00  0.0000E+00
 Events:
       42895           0
       42375           0
       42660           0
       42865           0
       42503           0
       42702           0
 Found        21265  events.
 Wrote          468  events.
 Actual xsec    121796823.99308304     
 Correct abs xsec    121796823.99308304     
 Event xsec    121796823.99308057     
 Events wgts > 1:            5
 % Cross section > 1:    1165902.8176089344       0.95725223317413499     
 Checking number of events   52069.360225282930              468  chi2:   0.38381772268401576     
 Found        21265  events.
 Wrote          457  events.
 Actual xsec    121796823.99308304     
 Correct abs xsec    121796823.99308304     
 Event xsec    121796823.99308068     
 Events wgts > 1:            5
 % Cross section > 1:    1193691.0845968751       0.98006749721543573     

 -------------------------------------------------------------------------------
 Accumulated results:   Integral =  0.1218E+09
                        Std dev  =  0.1071E+07
                       Cross sec =  0.1218E+09
             Chi**2 per DoF.     =      0.2699
 -------------------------------------------------------------------------------
-------------------------------------------------
---------------------------
 Results Last   3 iters: Integral =   0.1218E+09
                     Abs integral =   0.1218E+09
                          Std dev =   0.1159E+07
                  Chi**2 per DoF. =      0.3838
-------------------------------------------------
---------------------------
 Status -4.27509999999999978E-004          10           9
 Trying w/ fresh grid
 Starting w/ ncall =         4000
 Keeping grid fixed.
  5 dimensions   4000 events  5 invarients  8 iterations  1 config(s),  (0.99)
 Using h-tuple random number sequence.
 Error opening grid
 Using Uniform Grid!
 Using uniform alpha   1.0000000000000000     
 Grid defined OK
 Warning: No cutoff for shat integral found
          Minimum set to    204.08163265306121     
Setting grid   1    0.20408E+03   1
 Warning: No cutoff for shat integral found
          Minimum set to    204.08163265306121     
Setting grid   2    0.20408E+03   1
Warning xbin not returning correct x   2  0.999976E+00  0.993159E+00  0.2837E+03
Warning xbin not returning correct x   2  0.999971E+00  0.991803E+00  0.2837E+03
Warning xbin not returning correct x   2  0.999991E+00  0.997555E+00  0.2837E+03
Warning xbin not returning correct x   2  0.999959E+00  0.988475E+00  0.2837E+03
Warning xbin not returning correct x   2  0.999982E+00  0.994980E+00  0.2837E+03
Warning xbin still not working well. Last message this iteration.
 Iteration  1   Mean: 0.1170E+09 Abs mean: 0.1170E+09   Fluctuation:  0.661E+08   0.248E+12    98.8%
  1    0.1170E+09 0.1170E+09 +- 0.6608E+08     35.72
 Relative summed weights:
  0.5399E+00  0.0000E+00
  0.1519E-01  0.0000E+00
  0.1660E+00  0.0000E+00
  0.1982E+00  0.0000E+00
  0.4926E-01  0.0000E+00
  0.3150E-01  0.0000E+00
 Relative number of events:
  0.1727E+00  0.0000E+00
  0.1658E+00  0.0000E+00
  0.1633E+00  0.0000E+00
  0.1700E+00  0.0000E+00
  0.1605E+00  0.0000E+00
  0.1678E+00  0.0000E+00
 Events:
         691           0
         663           0
         653           0
         680           0
         642           0
         671           0
Warning xbin not returning correct x   1  0.985165E+00  0.999773E+00  0.1556E-01
Warning xbin not returning correct x   1  0.984844E+00  0.999768E+00  0.1556E-01
Warning xbin not returning correct x   1  0.984791E+00  0.999767E+00  0.1556E-01
Warning xbin not returning correct x   1  0.989929E+00  0.999846E+00  0.1556E-01
Warning xbin not returning correct x   2  0.996520E+00  0.999947E+00  0.1560E-01
Warning xbin still not working well. Last message this iteration.
 Iteration  2   Mean: 0.2338E+07 Abs mean: 0.2338E+07   Fluctuation:  0.127E+06   0.486E+09    97.2%
  2    0.2338E+07 0.2338E+07 +- 0.1267E+06      4.85
 Relative summed weights:
  0.1329E+00  0.0000E+00
  0.1849E+00  0.0000E+00
  0.1730E+00  0.0000E+00
  0.1624E+00  0.0000E+00
  0.1691E+00  0.0000E+00
  0.1776E+00  0.0000E+00
 Relative number of events:
  0.1640E+00  0.0000E+00
  0.1663E+00  0.0000E+00
  0.1781E+00  0.0000E+00
  0.1636E+00  0.0000E+00
  0.1673E+00  0.0000E+00
  0.1608E+00  0.0000E+00
 Events:
        1312           0
        1330           0
        1425           0
        1309           0
        1338           0
        1286           0
 Iteration  3   Mean: 0.2943E+08 Abs mean: 0.2943E+08   Fluctuation:  0.866E+07   0.106E+12   100.0%
  3    0.2943E+08 0.2943E+08 +- 0.8664E+07     37.23
 Relative summed weights:
  0.1293E+00  0.0000E+00
  0.1172E+00  0.0000E+00
  0.8465E-01  0.0000E+00
  0.8009E-01  0.0000E+00
  0.2844E+00  0.0000E+00
  0.3043E+00  0.0000E+00
 Relative number of events:
  0.1636E+00  0.0000E+00
  0.1653E+00  0.0000E+00
  0.1688E+00  0.0000E+00
  0.1708E+00  0.0000E+00
  0.1660E+00  0.0000E+00
  0.1655E+00  0.0000E+00
 Events:
        2617           0
        2645           0
        2701           0
        2733           0
        2656           0
        2648           0
 Found         2108  events.
 Wrote            5  events.
 Actual xsec    4230844.4775037747     
 Correct abs xsec    4230844.4775037747     
 Event xsec    4230844.4775037747     
 Events wgts > 1:            0
 % Cross section > 1:    0.0000000000000000        0.0000000000000000     
 Checking number of events   1808.7283225776387                5  chi2:    117.32708403149337     
 Found         2108  events.
 Wrote            4  events.
 Actual xsec    4230844.4775037747     
 Correct abs xsec    4230844.4775037747     
 Event xsec    4230844.4775037747     
 Events wgts > 1:            0
 % Cross section > 1:    0.0000000000000000        0.0000000000000000     
 Iteration  4   Mean: 0.4461E+08 Abs mean: 0.4461E+08   Fluctuation:  0.394E+07   0.435E+11    99.7%
  4    0.4461E+08 0.4461E+08 +- 0.3939E+07     15.80
 Relative summed weights:
  0.1625E+00  0.0000E+00
  0.1483E+00  0.0000E+00
  0.1526E+00  0.0000E+00
  0.1691E+00  0.0000E+00
  0.1724E+00  0.0000E+00
  0.1951E+00  0.0000E+00
 Relative number of events:
  0.1670E+00  0.0000E+00
  0.1670E+00  0.0000E+00
  0.1651E+00  0.0000E+00
  0.1611E+00  0.0000E+00
  0.1721E+00  0.0000E+00
  0.1677E+00  0.0000E+00
 Events:
        5344           0
        5345           0
        5284           0
        5155           0
        5507           0
        5365           0
 Found         1562  events.
 Wrote           41  events.
 Actual xsec    14278829.850225408     
 Correct abs xsec    14278829.850225408     
 Event xsec    14278829.850225426     
 Events wgts > 1:            2
 % Cross section > 1:    111055.90642781812       0.77776615866085719     
 Checking number of events   6104.3425492698634               41  chi2:    4472.7681161012169     
 Found         1562  events.
 Wrote           40  events.
 Actual xsec    14278829.850225408     
 Correct abs xsec    14278829.850225408     
 Event xsec    14278829.850225434     
 Events wgts > 1:            2
 % Cross section > 1:    113810.17466292251       0.79705533196143297     
 Iteration  5   Mean: 0.8673E+08 Abs mean: 0.8673E+08   Fluctuation:  0.108E+08   0.402E+12    99.5%
  5    0.8673E+08 0.8673E+08 +- 0.1084E+08     31.61
 Relative summed weights:
  0.2378E+00  0.0000E+00
  0.1178E+00  0.0000E+00
  0.2035E+00  0.0000E+00
  0.1246E+00  0.0000E+00
  0.1256E+00  0.0000E+00
  0.1907E+00  0.0000E+00
 Relative number of events:
  0.1673E+00  0.0000E+00
  0.1659E+00  0.0000E+00
  0.1674E+00  0.0000E+00
  0.1647E+00  0.0000E+00
  0.1684E+00  0.0000E+00
  0.1663E+00  0.0000E+00
 Events:
       10707           0
       10618           0
       10713           0
       10541           0
       10778           0
       10643           0
 Found         4899  events.
 Wrote           20  events.
 Actual xsec    56987960.110050023     
 Correct abs xsec    56987960.110050023     
 Event xsec    56987960.110050038     
 Events wgts > 1:            1
 % Cross section > 1:    317912.58990963595       0.55785922025584300     
 Checking number of events   24362.922826647486               20  chi2:    13.757368782748376     
 Found         4899  events.
 Wrote           22  events.
 Actual xsec    56987960.110050023     
 Correct abs xsec    56987960.110050023     
 Event xsec    56987960.110049993     
 Events wgts > 1:            1
 % Cross section > 1:    289158.09037860483       0.50740207198188692     
 Fixing grid
 Iteration  6   Mean: 0.8625E+08 Abs mean: 0.8625E+08   Fluctuation:  0.441E+07   0.404E+12    99.5%
  6    0.8625E+08 0.8625E+08 +- 0.4406E+07     18.28
 Relative summed weights:
  0.2003E+00  0.0000E+00
  0.1664E+00  0.0000E+00
  0.1405E+00  0.0000E+00
  0.1725E+00  0.0000E+00
  0.1720E+00  0.0000E+00
  0.1483E+00  0.0000E+00
 Relative number of events:
  0.1680E+00  0.0000E+00
  0.1662E+00  0.0000E+00
  0.1676E+00  0.0000E+00
  0.1664E+00  0.0000E+00
  0.1642E+00  0.0000E+00
  0.1675E+00  0.0000E+00
 Events:
       21503           0
       21272           0
       21451           0
       21305           0
       21023           0
       21446           0
 Found         8340  events.
 Wrote           26  events.
 Actual xsec    77024003.338843271     
 Correct abs xsec    77024003.338843271     
 Event xsec    77024003.338843301     
 Events wgts > 1:            1
 % Cross section > 1:   0.11064213328063488       1.43646303080221645E-007
 Checking number of events   32928.531667388888               26  chi2:    36.439417587549215     
 Found         8340  events.
 Wrote           26  events.
 Actual xsec    77024003.338843271     
 Correct abs xsec    77024003.338843271     
 Event xsec    77024003.338843301     
 Events wgts > 1:            1
 % Cross section > 1:   0.11064213328063488       1.43646303080221645E-007
 Iteration  7   Mean: 0.1062E+09 Abs mean: 0.1062E+09   Fluctuation:  0.930E+07   0.137E+13    99.5%
  7    0.1062E+09 0.1062E+09 +- 0.9296E+07     44.28
 Relative summed weights:
  0.1487E+00  0.0000E+00
  0.1404E+00  0.0000E+00
  0.1845E+00  0.0000E+00
  0.1839E+00  0.0000E+00
  0.1653E+00  0.0000E+00
  0.1772E+00  0.0000E+00
 Relative number of events:
  0.1658E+00  0.0000E+00
  0.1667E+00  0.0000E+00
  0.1670E+00  0.0000E+00
  0.1677E+00  0.0000E+00
  0.1662E+00  0.0000E+00
  0.1666E+00  0.0000E+00
 Events:
       42441           0
       42678           0
       42749           0
       42942           0
       42537           0
       42653           0
 Found        16728  events.
 Wrote           17  events.
 Actual xsec    90811082.038698062     
 Correct abs xsec    90811082.038698062     
 Event xsec    90811082.038698018     
 Events wgts > 1:            1
 % Cross section > 1:    241248.35153701436       0.26565959365422970     
 Checking number of events   38822.645682363807               17  chi2:    1.9783482084285910     
 Found        16728  events.
 Wrote           26  events.
 Actual xsec    90811082.038698062     
 Correct abs xsec    90811082.038698062     
 Event xsec    90811082.038698018     
 Events wgts > 1:            1
 % Cross section > 1:    157884.49592007697       0.17386038397031373     
 Iteration  8   Mean: 0.1034E+09 Abs mean: 0.1034E+09   Fluctuation:  0.418E+07   0.762E+12    99.5%
  8    0.1034E+09 0.1034E+09 +- 0.4180E+07     28.93
 Relative summed weights:
  0.1540E+00  0.0000E+00
  0.1569E+00  0.0000E+00
  0.1576E+00  0.0000E+00
  0.1675E+00  0.0000E+00
  0.1937E+00  0.0000E+00
  0.1703E+00  0.0000E+00
 Relative number of events:
  0.1672E+00  0.0000E+00
  0.1672E+00  0.0000E+00
  0.1662E+00  0.0000E+00
  0.1660E+00  0.0000E+00
  0.1663E+00  0.0000E+00
  0.1671E+00  0.0000E+00
 Events:
       85607           0
       85585           0
       85101           0
       84983           0
       85152           0
       85572           0
 Found        28328  events.
 Wrote           80  events.
 Actual xsec    120219197.57648784     
 Correct abs xsec    120219197.57648784     
 Event xsec    120219197.57648766     
 Events wgts > 1:            3
 % Cross section > 1:    667883.67035921803       0.55555492286020880     
 Checking number of events   41843.336932173122               80  chi2:    4.7513939883954901     
 Found        28328  events.
 Wrote           55  events.
 Actual xsec    120219197.57648784     
 Correct abs xsec    120219197.57648784     
 Event xsec    120219197.57648785     
 Events wgts > 1:            3
 % Cross section > 1:    969020.13911959715       0.80604442439658697     

 -------------------------------------------------------------------------------
 Accumulated results:   Integral =  0.7349E+08
                        Std dev  =  0.1797E+07
                       Cross sec =  0.7349E+08
             Chi**2 per DoF.     =     69.2765
 -------------------------------------------------------------------------------
-------------------------------------------------
---------------------------
 Results Last   3 iters: Integral =   0.9788E+08
                     Abs integral =   0.9788E+08
                         Std dev =   0.2918E+07
                 Chi**2 per DoF. =      4.7514
-------------------------------------------------
---------------------------
>>>>>>> 911b5ec345c81b054214c521136984e9d6306827

ls status:
events.lhe
ftn25
ftn26
input_sg.txt
<<<<<<< HEAD
=======
log.txt
>>>>>>> 911b5ec345c81b054214c521136984e9d6306827
moffset.dat
results.dat
run_01_ftn26.gz
run_01_log.txt
run_01_results.dat
run_02_ftn26.gz
run_02_log.txt
run_02_results.dat
<<<<<<< HEAD
run_03_ftn26.gz
run_03_log.txt
run_03_results.dat
run_08_ftn26.gz
run_08_log.txt
run_08_results.dat
run_09_ftn26.gz
run_09_log.txt
run_09_results.dat
run_10_ftn26.gz
run_10_log.txt
run_10_results.dat
run_11_ftn26.gz
run_11_log.txt
run_11_results.dat
=======
>>>>>>> 911b5ec345c81b054214c521136984e9d6306827
run1_app.log
