 Process in group number            1
 No PDF is used, alpha_s(MZ) from param_card is used
 Value of alpha_s from param_card:   0.11800000071525575     
 The default order of alpha_s running is fixed to            2
 *****************************************************
 *               MadGraph/MadEvent                   *
 *        --------------------------------           *
 *          http://madgraph.hep.uiuc.edu             *
 *          http://madgraph.phys.ucl.ac.be           *
 *          http://madgraph.roma2.infn.it            *
 *        --------------------------------           *
 *                                                   *
 *          PARAMETER AND COUPLING VALUES            *
 *                                                   *
 *****************************************************

  External Params
  ---------------------------------
  
 mdl_MB =    4.6999998092651367     
 mdl_MT =    173.00000000000000     
 mdl_Me =   5.10999991092830896E-004
 mdl_MM =   0.10565999895334244     
 mdl_MTA =    1.7769999504089355     
 mdl_MZ =    91.188003540039063     
 mdl_MH =    125.00000000000000     
 aEWM1 =    132.50700378417969     
 mdl_Gf =   1.16639000000000003E-005
 aS =   0.11800000071525575     
 mdl_ymb =    4.6999998092651367     
 mdl_ymt =    173.00000000000000     
 mdl_yme =   5.10999991092830896E-004
 mdl_ymm =   0.10565999895334244     
 mdl_ymtau =    1.7769999504089355     
 mdl_WT =    1.4915000200271606     
 mdl_WTau =   2.26999999999999982E-012
 mdl_WZ =    2.4414041042327881     
 mdl_WW =    2.0476000308990479     
 mdl_WH =   6.38233916833996773E-003
  Internal Params
  ---------------------------------
  
 mdl_conjg__CKM3x3 =    1.0000000000000000     
 mdl_CKM3x3 =    1.0000000000000000     
 mdl_conjg__CKM1x1 =    1.0000000000000000     
 mdl_complexi =  (  0.0000000000000000     ,  1.0000000000000000     )
 mdl_MZ__exp__2 =    8315.2519896181766     
 mdl_MZ__exp__4 =    69143415.650849044     
 mdl_sqrt__2 =    1.4142135623730951     
 mdl_MH__exp__2 =    15625.000000000000     
 mdl_aEW =   7.54677089845565054E-003
 mdl_MW =    80.419007276179556     
 mdl_sqrt__aEW =   8.68721526063194194E-002
 mdl_ee =   0.30795376284704501     
 mdl_MW__exp__2 =    6467.2167312862202     
 mdl_sw2 =   0.22224645274001076     
 mdl_cw =   0.88190336616887299     
 mdl_sqrt__sw2 =   0.47143022043565552     
 mdl_sw =   0.47143022043565552     
 mdl_g1 =   0.34919218438279087     
 mdl_gw =   0.65323296958447097     
 mdl_vev =    246.21845810181631     
 mdl_vev__exp__2 =    60623.529110035874     
 mdl_lam =   0.12886910601690271     
 mdl_yb =   2.69955531549349904E-002
 mdl_ye =   2.93504850670934038E-006
 mdl_ym =   6.06883028478528356E-004
 mdl_yt =   0.99366614581500645     
 mdl_ytau =   1.02066167158167895E-002
 mdl_muH =    88.388347648318444     
 mdl_I1x33 =  ( 2.69955531549349904E-002,  0.0000000000000000     )
 mdl_I2x33 =  ( 0.99366614581500645     ,  0.0000000000000000     )
 mdl_I3x33 =  ( 0.99366614581500645     ,  0.0000000000000000     )
 mdl_I4x33 =  ( 2.69955531549349904E-002,  0.0000000000000000     )
 mdl_ee__exp__2 =   9.48355200516540348E-002
 mdl_sw__exp__2 =   0.22224645274001076     
 mdl_cw__exp__2 =   0.77775354725998924     
  Internal Params evaluated point by point
  ----------------------------------------
  
 mdl_sqrt__aS =   0.34351128178744839     
 mdl_G__exp__2 =    1.4828317414825511     
  Couplings of sm-lepton_masses
  ---------------------------------
  
         GC_3 =  -0.00000E+00  -0.30795E+00
        GC_50 =  -0.00000E+00  -0.28804E+00
        GC_59 =   0.00000E+00   0.82310E-01
        GC_89 =  -0.00000E+00  -0.20754E-05

 Collider parameters:
 --------------------

 Running at e e   machine @    10.000000000000000       GeV
 PDF set = none   
 alpha_s(Mz)= 0.1180 running at 2 loops.
 alpha_s(Mz)= 0.1180 running at 2 loops.
 Renormalization scale set on event-by-event basis
 Factorization   scale set on event-by-event basis


 getting user params
Enter number of events and max and min iterations: 
 Number of events and iterations         1000           5           3
Enter desired fractional accuracy: 
 Desired fractional accuracy:   0.10000000000000001     
Enter 0 for fixed, 2 for adjustable grid: 
Suppress amplitude (0 no, 1 yes)? 
 Using suppressed amplitude.
Exact helicity sum (0 yes, n = number/event)? 
 Explicitly summing over helicities
Enter Configuration Number: 
Running Configuration Number:   21
 Using dconfig=           2
 BW Setting            2           0           0
 Attempting mappinvarients           1           5
 Completed mapping           5
 about to integrate            5        1000           5           3           5           1
 Using non-zero grid deformation.
  5 dimensions   1000 events  5 invarients  5 iterations  1 config(s),  (0.99)
 Using h-tuple random number sequence.
 Error opening grid
 Using Uniform Grid!
 Using uniform alpha   1.0000000000000000     
 Grid defined OK
 Set CM energy to         10.00
 Mapping Graph          21  to config          21
Setting grid   1    0.10445E-07   1
Setting grid   2    0.10000E-05   1
 Masses: 0.511E-03 0.511E-03 0.000E+00 0.511E-03 0.511E-03
  21   1   2   3   4   5
Using random seed offsets    21 :      1
  with seed                   45
 Ranmar initialization seeds       26597        9420
  Particle       3       4       5
      Et >     0.0     0.0     0.0
       E >     0.0     0.0     0.0
     Eta <     5.0     5.0     5.0
   xqcut:      0.0     0.0     0.0
d R # 3  >    -0.0     0.4     0.4
d R # 4  >    -0.0    -0.0     0.0
s min # 3>     0.0     0.0     0.0
s min # 4>     0.0     0.0     0.0
xqcutij # 3>     0.0     0.0     0.0
xqcutij # 4>     0.0     0.0     0.0
 Excluding BW           -1           1
 alpha_s for scale    2.2363155343769434       is   0.28375864419825914     
 Added good helicity            1  0.52209662987222594       in event            1
 Added good helicity            3  1.00067094321774375E-006  in event            1
 Added good helicity           10  0.17176017873826824       in event            1
 Added good helicity           11  8.41856568032756797E-003  in event            1
 Added good helicity           12  1.35657630499182285E-005  in event            1
 Added good helicity           13  1.54915508973180486E-003  in event            1
 Added good helicity           14   1.7703323396307571       in event            1
 Added good helicity           15   13.525773430817285       in event            1
 Added good helicity           18   13.525756050377936       in event            1
 Added good helicity           19   1.7704494594107083       in event            1
 Added good helicity           20  1.54915445501783338E-003  in event            1
 Added good helicity           21  1.35657444415528865E-005  in event            1
 Added good helicity           22  8.41857649842762609E-003  in event            1
 Added good helicity           23  0.17177085274472559       in event            1
 Added good helicity           30  1.00068412441444117E-006  in event            1
 Added good helicity           32  0.52209633616329254       in event            1
 Added good helicity            2  2.18766255082027724E-004  in event            2
 Added good helicity            5  2.38915677840345359E-003  in event            2
 Added good helicity           28  2.38915684529941025E-003  in event            2
 Added good helicity           31  2.18771393319787828E-004  in event            2
 Iteration  1   Mean: 0.1922E-02 Abs mean: 0.1922E-02   Fluctuation:  0.560E-03   0.310E+00    65.7%
  1    0.1922E-02 0.1922E-02 +- 0.5595E-03      9.20
 Writing out events  5.85548777925668796E-007   9.2043949555559621     
 Relative summed weights:
  0.1000E+01  0.0000E+00
 Relative number of events:
  0.1000E+01  0.0000E+00
 Events:
        1000           0
 Iteration  2   Mean: 0.1387E-02 Abs mean: 0.1387E-02   Fluctuation:  0.108E-03   0.919E-01    76.6%
  2    0.1387E-02 0.1387E-02 +- 0.1084E-03      3.50
 Relative summed weights:
  0.1000E+01  0.0000E+00
 Relative number of events:
  0.1000E+01  0.0000E+00
 Events:
        2000           0
 Iteration  3   Mean: 0.1635E-02 Abs mean: 0.1635E-02   Fluctuation:  0.560E-04   0.669E-01    83.9%
  3    0.1635E-02 0.1635E-02 +- 0.5599E-04      2.17
 Relative summed weights:
  0.1000E+01  0.0000E+00
 Relative number of events:
  0.1000E+01  0.0000E+00
 Events:
        4000           0
 Accuracy:    0.043   0.100   0.031   1.898
 Finished due to accuracy   4.29654329263713664E-002  0.10000000000000001     

 -------------------------------------------------------------------------------
 Accumulated results:   Integral =  0.1599E-02
                        Std dev  =  0.4986E-04
                       Cross sec =  0.1599E-02
             Chi**2 per DoF.     =      1.8978
 -------------------------------------------------------------------------------
 Found          491  events.
 Wrote          154  events.
 Actual xsec   1.59865874181265404E-003
 Correct abs xsec   1.59865874181265404E-003
 Event xsec   1.59865874181265057E-003
 Events wgts > 1:            4
 % Cross section > 1:   9.73251317783749222E-006  0.60879241599756384     
-------------------------------------------------
---------------------------
 Results Last   3 iters: Integral =   0.1599E-02
                     Abs integral =   0.1599E-02
                          Std dev =   0.4986E-04
                  Chi**2 per DoF. =      2.2863
-------------------------------------------------
---------------------------
 Status  0.10000000000000001                4           5

ls status:
events.lhe
input_app.txt
log.txt
multijob.dat
results.dat
run_01_log.txt
run_01_results.dat
run1_app.log
