 Process in group number            0
 No PDF is used, alpha_s(MZ) from param_card is used
 Value of alpha_s from param_card:   0.11800000071525575     
 The default order of alpha_s running is fixed to            2
 *****************************************************
 *               MadGraph/MadEvent                   *
 *        --------------------------------           *
 *          http://madgraph.hep.uiuc.edu             *
 *          http://madgraph.phys.ucl.ac.be           *
 *          http://madgraph.roma2.infn.it            *
 *        --------------------------------           *
 *                                                   *
 *          PARAMETER AND COUPLING VALUES            *
 *                                                   *
 *****************************************************

  External Params
  ---------------------------------
  
 aEWM1 =    132.50700378417969     
 mdl_Gf =   1.16639000000000003E-005
 aS =   0.11800000071525575     
 mdl_ymb =    4.6999998092651367     
 mdl_ymt =    173.00000000000000     
 mdl_yme =   5.10999991092830896E-004
 mdl_ymm =   0.10565999895334244     
 mdl_ymtau =    1.7769999504089355     
 mdl_MZ =    91.188003540039063     
 mdl_MT =    173.00000000000000     
 mdl_MB =    4.6999998092651367     
 mdl_MH =    125.00000000000000     
 mdl_Me =   5.10999991092830896E-004
 mdl_MM =   0.10565999895334244     
 mdl_MTA =    1.7769999504089355     
 mdl_WZ =    2.4414041042327881     
 mdl_WW =    2.0476000308990479     
 mdl_WT =    1.4915000200271606     
 mdl_WH =   6.38233916833996773E-003
 mdl_WTau =   2.26999999999999982E-012
  Internal Params
  ---------------------------------
  
 mdl_conjg__CKM3x3 =    1.0000000000000000     
 mdl_CKM3x3 =    1.0000000000000000     
 mdl_conjg__CKM1x1 =    1.0000000000000000     
 mdl_complexi =  (  0.0000000000000000     ,  1.0000000000000000     )
 mdl_MZ__exp__2 =    8315.2519896181766     
 mdl_MZ__exp__4 =    69143415.650849044     
 mdl_sqrt__2 =    1.4142135623730951     
 mdl_MH__exp__2 =    15625.000000000000     
 mdl_aEW =   7.54677089845565054E-003
 mdl_MW =    80.419007276179556     
 mdl_sqrt__aEW =   8.68721526063194194E-002
 mdl_ee =   0.30795376284704501     
 mdl_MW__exp__2 =    6467.2167312862202     
 mdl_sw2 =   0.22224645274001076     
 mdl_cw =   0.88190336616887299     
 mdl_sqrt__sw2 =   0.47143022043565552     
 mdl_sw =   0.47143022043565552     
 mdl_g1 =   0.34919218438279087     
 mdl_gw =   0.65323296958447097     
 mdl_vev =    246.21845810181631     
 mdl_vev__exp__2 =    60623.529110035874     
 mdl_lam =   0.12886910601690271     
 mdl_yb =   2.69955531549349904E-002
 mdl_ye =   2.93504850670934038E-006
 mdl_ym =   6.06883028478528356E-004
 mdl_yt =   0.99366614581500645     
 mdl_ytau =   1.02066167158167895E-002
 mdl_muH =    88.388347648318444     
 mdl_I1x33 =  ( 2.69955531549349904E-002,  0.0000000000000000     )
 mdl_I2x33 =  ( 0.99366614581500645     ,  0.0000000000000000     )
 mdl_I3x33 =  ( 0.99366614581500645     ,  0.0000000000000000     )
 mdl_I4x33 =  ( 2.69955531549349904E-002,  0.0000000000000000     )
 mdl_ee__exp__2 =   9.48355200516540348E-002
 mdl_sw__exp__2 =   0.22224645274001076     
 mdl_cw__exp__2 =   0.77775354725998924     
  Internal Params evaluated point by point
  ----------------------------------------
  
 mdl_sqrt__aS =   0.34351128178744839     
 mdl_G__exp__2 =    1.4828317414825511     
  Couplings of sm-lepton_masses
  ---------------------------------
  
         GC_3 =  -0.00000E+00  -0.30795E+00
        GC_50 =  -0.00000E+00  -0.28804E+00
        GC_59 =   0.00000E+00   0.82310E-01
        GC_89 =  -0.00000E+00  -0.20754E-05

 Collider parameters:
 --------------------

<<<<<<< HEAD
 Running at e e   machine @   7.14879999999999960E-002  GeV
=======
 Running at e e   machine @   7.00000000000000067E-002  GeV
>>>>>>> 911b5ec345c81b054214c521136984e9d6306827
 PDF set = none   
 alpha_s(Mz)= 0.1180 running at 2 loops.
 alpha_s(Mz)= 0.1180 running at 2 loops.
 Renormalization scale fixed @    91.188000000000002     
 Factorization scales  fixed @    91.188000000000002        91.188000000000002     


 getting user params
Enter number of events and max and min iterations: 
<<<<<<< HEAD
 Number of events and iterations         2000           9           3
Enter desired fractional accuracy: 
 Desired fractional accuracy:  -1.94430000000000017E-006
=======
 Number of events and iterations         1000           9           3
Enter desired fractional accuracy: 
 Desired fractional accuracy:  -4.17719999999999991E-053
>>>>>>> 911b5ec345c81b054214c521136984e9d6306827
Enter 0 for fixed, 2 for adjustable grid: 
Suppress amplitude (0 no, 1 yes)? 
 Using suppressed amplitude.
Exact helicity sum (0 yes, n = number/event)? 
 Explicitly summing over helicities
Enter Configuration Number: 
Running Configuration Number:    4
 Not subdividing B.W.
 Attempting mappinvarients           1           4
 Completed mapping           4
<<<<<<< HEAD
 about to integrate            2        2000           9           3           2           1
 Using non-zero grid deformation.
  2 dimensions   2000 events  2 invarients  9 iterations  1 config(s),  (0.99)
 Using h-tuple random number sequence.
 Error opening grid
 Using Uniform Grid!
 Using uniform alpha   1.0000000000000000     
 Grid defined OK
 Set CM energy to          0.07
 Mapping Graph           4  to config           4
Setting grid   1    0.19567E-01   1
=======
 about to integrate            2        1000           9           3           2           1
 Keeping grid fixed.
  2 dimensions   1000 events  2 invarients  9 iterations  1 config(s),  (0.99)
 Using h-tuple random number sequence.
 Grid read from file
 Grid defined OK
 Set CM energy to          0.07
 Mapping Graph           4  to config           4
 No modification is setgrid, grid read from file
>>>>>>> 911b5ec345c81b054214c521136984e9d6306827
 Masses: 0.511E-03 0.511E-03 0.511E-03 0.511E-03
   4   1   2
 Got moffset          23
Using random seed offsets     4 :      1
<<<<<<< HEAD
  with seed                   63
 Ranmar initialization seeds       18441       21888
=======
  with seed                   30
 Ranmar initialization seeds        8295       21854
>>>>>>> 911b5ec345c81b054214c521136984e9d6306827
  Particle       3       4
      Et >     0.0     0.0
       E >     0.0     0.0
     Eta <    -1.0    -1.0
   xqcut:      0.0     0.0
d R # 3  >    -0.0     0.4
s min # 3>     0.0     0.0
xqcutij # 3>     0.0     0.0
 alpha_s for scale    91.188000000000002       is   0.11800000071525575     
<<<<<<< HEAD
 Added good helicity            1   4.6785026021723146       in event            1
 Added good helicity            2  1.25885965609684105E-005  in event            1
 Added good helicity            3  1.25885970485898690E-005  in event            1
 Added good helicity            5  1.25885965609684071E-005  in event            1
 Added good helicity            6   3.3212349351085266       in event            1
 Added good helicity            7  2.12048643607902379E-004  in event            1
 Added good helicity            8  1.25885965609683936E-005  in event            1
 Added good helicity            9  1.25885970485898538E-005  in event            1
 Added good helicity           10  2.12048643607902352E-004  in event            1
 Added good helicity           11   3.3212350522651657       in event            1
 Added good helicity           12  1.25885970485898690E-005  in event            1
 Added good helicity           14  1.25885965609684105E-005  in event            1
 Added good helicity           15  1.25885970485898690E-005  in event            1
 Added good helicity           16   4.6785026021723164       in event            1
 Iteration  1   Mean: 0.2351E+10 Abs mean: 0.2351E+10   Fluctuation:  0.641E+08   0.102E+11    89.4%
  1    0.2351E+10 0.2351E+10 +- 0.6409E+08      1.22
 Writing out events   146011.42651547055        1.2193247631337116     
=======
 Added good helicity            1   4.0000000000068745       in event            1
 Added good helicity            6   3.9999999999931264       in event            1
 Added good helicity           11   3.9999999999931264       in event            1
 Added good helicity           16   4.0000000000068745       in event            1
 Added good helicity            2  1.13220171353906603E-005  in event           57
 Added good helicity            3  1.13220125235016239E-005  in event           57
 Added good helicity            5  1.13220171353906755E-005  in event           57
 Added good helicity            7   3.4506833170502915       in event           57
 Added good helicity            8  1.13220171353906687E-005  in event           57
 Added good helicity            9  1.13220125235016273E-005  in event           57
 Added good helicity           10   3.4506833170502924       in event           57
 Added good helicity           12  1.13220125235016358E-005  in event           57
 Added good helicity           14  1.13220171353906636E-005  in event           57
 Added good helicity           15  1.13220125235016188E-005  in event           57
 Iteration  1   Mean: 0.1125E+53 Abs mean: 0.1125E+53   Fluctuation:  0.103E+53   0.102E+56   100.0%
  1    0.1125E+53 0.1125E+53 +- 0.1026E+53     28.86
 Writing out events  1.24974316484993662E+048   28.858294256815903     
 Relative summed weights:
  0.1000E+01  0.0000E+00
 Relative number of events:
  0.1000E+01  0.0000E+00
 Events:
        1000           0
 Iteration  2   Mean: 0.3131E+57 Abs mean: 0.3131E+57   Fluctuation:  0.312E+57   0.625E+60   100.0%
  2    0.3131E+57 0.3131E+57 +- 0.3123E+57     44.61
>>>>>>> 911b5ec345c81b054214c521136984e9d6306827
 Relative summed weights:
  0.1000E+01  0.0000E+00
 Relative number of events:
  0.1000E+01  0.0000E+00
 Events:
        2000           0
<<<<<<< HEAD
Warning xbin not returning correct x   1  0.998536E+00  0.999997E+00  0.2129E-02
 Iteration  2   Mean: 0.2338E+10 Abs mean: 0.2338E+10   Fluctuation:  0.258E+08   0.733E+10    98.4%
  2    0.2338E+10 0.2338E+10 +- 0.2575E+08      0.70
=======
 Error in matrix element
 Iteration  3   Mean: 0.1958E+56 Abs mean: 0.1958E+56   Fluctuation:  0.195E+56   0.778E+59   100.0%
  3    0.1958E+56 0.1958E+56 +- 0.1946E+56     62.87
>>>>>>> 911b5ec345c81b054214c521136984e9d6306827
 Relative summed weights:
  0.1000E+01  0.0000E+00
 Relative number of events:
  0.1000E+01  0.0000E+00
 Events:
        4000           0
<<<<<<< HEAD
Warning xbin not returning correct x   1  0.996401E+00  0.999997E+00  0.7285E-03
Warning xbin not returning correct x   1  0.994431E+00  0.999996E+00  0.7285E-03
 Iteration  3   Mean: 0.2352E+10 Abs mean: 0.2352E+10   Fluctuation:  0.128E+08   0.940E+10    99.3%
  3    0.2352E+10 0.2352E+10 +- 0.1283E+08      0.49
=======
 Found            6  events.
 Wrote            1  events.
 Actual xsec   1.03961751158957262E+056
 Correct abs xsec   1.03961751158957262E+056
 Event xsec   1.03961751158957262E+056
 Events wgts > 1:            1
 % Cross section > 1:   5.01916737300591991E+048  4.82789806544488208E-006
 Checking number of events   4342.6902694119626                1  chi2:    51280872.533027552     
 Found            6  events.
 Wrote            1  events.
 Actual xsec   1.03961751158957262E+056
 Correct abs xsec   1.03961751158957262E+056
 Event xsec   1.03961751158957262E+056
 Events wgts > 1:            1
 % Cross section > 1:   5.01916737300591991E+048  4.82789806544488208E-006
 Error in matrix element
 Iteration  4   Mean: 0.2638E+57 Abs mean: 0.2638E+57   Fluctuation:  0.129E+57   0.625E+60   100.0%
  4    0.2638E+57 0.2638E+57 +- 0.1292E+57     43.79
>>>>>>> 911b5ec345c81b054214c521136984e9d6306827
 Relative summed weights:
  0.1000E+01  0.0000E+00
 Relative number of events:
  0.1000E+01  0.0000E+00
 Events:
        8000           0
<<<<<<< HEAD
 Found          803  events.
 Wrote          798  events.
 Actual xsec    2349497444.1264668     
 Correct abs xsec    2349497444.1264668     
 Event xsec    2349497444.1264691     
 Events wgts > 1:            0
 % Cross section > 1:    0.0000000000000000        0.0000000000000000     
 Checking number of events   4568.1278806150895              798  chi2:   0.11909285004242677     
 Found          803  events.
 Wrote          798  events.
 Actual xsec    2349497444.1264668     
 Correct abs xsec    2349497444.1264668     
 Event xsec    2349497444.1264691     
 Events wgts > 1:            0
 % Cross section > 1:    0.0000000000000000        0.0000000000000000     
Warning xbin not returning correct x   1  0.988408E+00  0.999996E+00  0.3133E-03
Warning xbin not returning correct x   1  0.992157E+00  0.999998E+00  0.3133E-03
Warning xbin not returning correct x   1  0.991251E+00  0.999997E+00  0.3133E-03
Warning xbin not returning correct x   1  0.995634E+00  0.999999E+00  0.3133E-03
Warning xbin not returning correct x   1  0.992253E+00  0.999998E+00  0.3133E-03
 Iteration  4   Mean: 0.2366E+10 Abs mean: 0.2366E+10   Fluctuation:  0.596E+07   0.401E+10    99.4%
  4    0.2366E+10 0.2366E+10 +- 0.5960E+07      0.32
=======
 Found           17  events.
 Wrote            3  events.
 Actual xsec   2.31897460519514451E+056
 Correct abs xsec   2.31897460519514451E+056
 Event xsec   2.31897460519514451E+056
 Events wgts > 1:            1
 % Cross section > 1:   8.60932703668091465E+048  3.71255770433778840E-006
 Checking number of events   9686.8207208211570                3  chi2:    59.572978175944641     
 Found           17  events.
 Wrote            3  events.
 Actual xsec   2.31897460519514451E+056
 Correct abs xsec   2.31897460519514451E+056
 Event xsec   2.31897460519514451E+056
 Events wgts > 1:            1
 % Cross section > 1:   8.60932703668091465E+048  3.71255770433778840E-006
 Iteration  5   Mean: 0.9441E+56 Abs mean: 0.9441E+56   Fluctuation:  0.498E+56   0.625E+60   100.0%
  5    0.9441E+56 0.9441E+56 +- 0.4977E+56     66.69
 Relative summed weights:
  0.1000E+01  0.0000E+00
 Relative number of events:
  0.1000E+01  0.0000E+00
 Events:
       16000           0
 Found           13  events.
 Wrote            2  events.
 Actual xsec   1.66276958231831556E+056
 Correct abs xsec   1.66276958231831556E+056
 Event xsec   1.66276958231831556E+056
 Events wgts > 1:            0
 % Cross section > 1:    0.0000000000000000        0.0000000000000000     
 Checking number of events   6945.7210992600676                2  chi2:    29.736243406540048     
 Found           13  events.
 Wrote            3  events.
 Actual xsec   1.66276958231831556E+056
 Correct abs xsec   1.66276958231831556E+056
 Event xsec   1.66276958231831556E+056
 Events wgts > 1:            0
 % Cross section > 1:    0.0000000000000000        0.0000000000000000     
 Error in matrix element
 Error in matrix element
 Iteration  6   Mean: 0.6634E+57 Abs mean: 0.6634E+57   Fluctuation:  0.608E+57   0.194E+62   100.0%
  6    0.6634E+57 0.6634E+57 +- 0.6075E+57    163.82
>>>>>>> 911b5ec345c81b054214c521136984e9d6306827
 Relative summed weights:
  0.1000E+01  0.0000E+00
 Relative number of events:
  0.1000E+01  0.0000E+00
 Events:
<<<<<<< HEAD
       16000           0
 Found         1602  events.
 Wrote         1598  events.
 Actual xsec    2362279434.4545732     
 Correct abs xsec    2362279434.4545732     
 Event xsec    2362279434.4545770     
 Events wgts > 1:            0
 % Cross section > 1:    0.0000000000000000        0.0000000000000000     
 Checking number of events   4592.9799044100273             1598  chi2:   0.90842277565814367     
 Found         1602  events.
 Wrote         1598  events.
 Actual xsec    2362279434.4545732     
 Correct abs xsec    2362279434.4545732     
 Event xsec    2362279434.4545770     
 Events wgts > 1:            0
 % Cross section > 1:    0.0000000000000000        0.0000000000000000     
Warning xbin not returning correct x   1  0.993409E+00  0.999999E+00  0.2005E-03
Warning xbin not returning correct x   1  0.993132E+00  0.999999E+00  0.2005E-03
Warning xbin not returning correct x   1  0.986007E+00  0.999997E+00  0.2005E-03
Warning xbin not returning correct x   1  0.981572E+00  0.999996E+00  0.2005E-03
Warning xbin not returning correct x   1  0.981714E+00  0.999996E+00  0.2005E-03
Warning xbin still not working well. Last message this iteration.
 Iteration  5   Mean: 0.2352E+10 Abs mean: 0.2352E+10   Fluctuation:  0.296E+07   0.314E+10    99.6%
  5    0.2352E+10 0.2352E+10 +- 0.2962E+07      0.23
=======
       32000           0
 Found           30  events.
 Wrote            1  events.
 Actual xsec   2.48982398081706155E+056
 Correct abs xsec   2.48982398081706155E+056
 Event xsec   2.48982398081706155E+056
 Events wgts > 1:            0
 % Cross section > 1:    0.0000000000000000        0.0000000000000000     
 Checking number of events   10400.492732669029                1  chi2:    5.0610666557434945     
 Found           30  events.
 Wrote            2  events.
 Actual xsec   2.48982398081706155E+056
 Correct abs xsec   2.48982398081706155E+056
 Event xsec   2.48982398081706155E+056
 Events wgts > 1:            0
 % Cross section > 1:    0.0000000000000000        0.0000000000000000     
 Error in matrix element
 Error in matrix element
 Error in matrix element
 Error in matrix element
 Error in matrix element
 Error in matrix element
 Error in matrix element
 Iteration  7   Mean: 0.5788E+56 Abs mean: 0.5788E+56   Fluctuation:  0.201E+56   0.839E+60   100.0%
  7    0.5788E+56 0.5788E+56 +- 0.2012E+56     87.94
>>>>>>> 911b5ec345c81b054214c521136984e9d6306827
 Relative summed weights:
  0.1000E+01  0.0000E+00
 Relative number of events:
  0.1000E+01  0.0000E+00
 Events:
<<<<<<< HEAD
       32000           0
 Found         3172  events.
 Wrote         3167  events.
 Actual xsec    2354679860.3858747     
 Correct abs xsec    2354679860.3858747     
 Event xsec    2354679860.3859916     
 Events wgts > 1:            0
 % Cross section > 1:    0.0000000000000000        0.0000000000000000     
 Checking number of events   4578.2040525482571             3167  chi2:    2.1142836430938163     
 Found         3172  events.
 Wrote         3167  events.
 Actual xsec    2354679860.3858747     
 Correct abs xsec    2354679860.3858747     
 Event xsec    2354679860.3859916     
 Events wgts > 1:            0
 % Cross section > 1:    0.0000000000000000        0.0000000000000000     
Warning xbin not returning correct x   1  0.990771E+00  0.999998E+00  0.1712E-03
Warning xbin not returning correct x   1  0.980662E+00  0.999997E+00  0.1712E-03
Warning xbin not returning correct x   1  0.986348E+00  0.999998E+00  0.1712E-03
Warning xbin not returning correct x   1  0.997488E+00  0.100000E+01  0.1712E-03
Warning xbin not returning correct x   1  0.984479E+00  0.999997E+00  0.1712E-03
Warning xbin still not working well. Last message this iteration.
 Iteration  6   Mean: 0.2357E+10 Abs mean: 0.2357E+10   Fluctuation:  0.153E+07   0.293E+10    99.7%
  6    0.2357E+10 0.2357E+10 +- 0.1532E+07      0.16
=======
       64000           0
 Found           30  events.
 Wrote            6  events.
 Actual xsec   1.23198236590684384E+056
 Correct abs xsec   1.23198236590684384E+056
 Event xsec   1.23198236590684405E+056
 Events wgts > 1:            0
 % Cross section > 1:    0.0000000000000000        0.0000000000000000     
 Checking number of events   5146.2367388660678                6  chi2:    5.8332507984003943     
 Found           30  events.
 Wrote            4  events.
 Actual xsec   1.23198236590684384E+056
 Correct abs xsec   1.23198236590684384E+056
 Event xsec   1.23198236590684384E+056
 Events wgts > 1:            0
 % Cross section > 1:    0.0000000000000000        0.0000000000000000     
 Error in matrix element
 Error in matrix element
 Error in matrix element
 Error in matrix element
 Error in matrix element
 Error in matrix element
 Error in matrix element
 Error in matrix element
 Error in matrix element
 Error in matrix element
 Iteration  8   Mean: 0.5190E+56 Abs mean: 0.5190E+56   Fluctuation:  0.130E+56   0.693E+60   100.0%
  8    0.5190E+56 0.5190E+56 +- 0.1298E+56     89.49
 Relative summed weights:
  0.1000E+01  0.0000E+00
 Relative number of events:
  0.1000E+01  0.0000E+00
 Events:
      128000           0
 Found           72  events.
 Wrote           10  events.
 Actual xsec   8.24922660859905949E+055
 Correct abs xsec   8.24922660859905949E+055
 Event xsec   8.24922660859906058E+055
 Events wgts > 1:            0
 % Cross section > 1:    0.0000000000000000        0.0000000000000000     
 Checking number of events   3445.8669389439992               10  chi2:    3.9818889704597527     
 Found           72  events.
 Wrote            9  events.
 Actual xsec   8.24922660859905949E+055
 Correct abs xsec   8.24922660859905949E+055
 Event xsec   8.24922660859905949E+055
 Events wgts > 1:            0
 % Cross section > 1:    0.0000000000000000        0.0000000000000000     
 Error in matrix element
 Error in matrix element
 Error in matrix element
 Error in matrix element
 Error in matrix element
 Error in matrix element
 Error in matrix element
 Error in matrix element
 Error in matrix element
 Error in matrix element
 Error in matrix element
 Error in matrix element
 Error in matrix element
 Error in matrix element
 Error in matrix element
 Error in matrix element
 Error in matrix element
 Error in matrix element
 Error in matrix element
 Error in matrix element
 Error in matrix element
 Iteration  9   Mean: 0.8879E+56 Abs mean: 0.8879E+56   Fluctuation:  0.163E+56   0.165E+61   100.0%
  9    0.8879E+56 0.8879E+56 +- 0.1632E+56     93.02
 Relative summed weights:
  0.1000E+01  0.0000E+00
 Relative number of events:
  0.1000E+01  0.0000E+00
 Events:
      256000           0
 Found          179  events.
 Wrote           13  events.
 Actual xsec   7.30895726436333928E+055
 Correct abs xsec   7.30895726436333928E+055
 Event xsec   7.30895726436333928E+055
 Events wgts > 1:            2
 % Cross section > 1:   4.74977637704504341E+051  6.49856909165931734E-003
 Checking number of events   3053.0976284698540               13  chi2:    2.0803814964013645     
 Found          179  events.
 Wrote           16  events.
 Actual xsec   7.30895726436333928E+055
 Correct abs xsec   7.30895726436333928E+055
 Event xsec   7.30895726436333928E+055
 Events wgts > 1:            2
 % Cross section > 1:   3.85924033048614388E+051  5.28015172465550169E-003

 -------------------------------------------------------------------------------
 Accumulated results:   Integral =   +Infinity
                        Std dev  =   +Infinity
                       Cross sec =   +Infinity
             Chi**2 per DoF.     =      7.8637
 -------------------------------------------------------------------------------
-------------------------------------------------
---------------------------
 Results Last   3 iters: Integral =   0.7309E+56
                     Abs integral =   0.7309E+56
                          Std dev =   0.9961E+55
                  Chi**2 per DoF. =      2.0804
-------------------------------------------------
---------------------------
 Status -4.17719999999999991E-053          10           9
 Trying w/ fresh grid
 Starting w/ ncall =         4000
 Keeping grid fixed.
  2 dimensions   4000 events  2 invarients  8 iterations  1 config(s),  (0.99)
 Using h-tuple random number sequence.
 Error opening grid
 Using Uniform Grid!
 Using uniform alpha   1.0000000000000000     
 Grid defined OK
Setting grid   1    0.53290E-04   1
 Iteration  1   Mean: 0.2215E+29 Abs mean: 0.2215E+29   Fluctuation:  0.203E+29   0.812E+32   100.0%
  1    0.2215E+29 0.2215E+29 +- 0.2033E+29     58.04
 Relative summed weights:
  0.1000E+01  0.0000E+00
 Relative number of events:
  0.1000E+01  0.0000E+00
 Events:
        4000           0
 Iteration  2   Mean: 0.2073E+34 Abs mean: 0.2073E+34   Fluctuation:  0.199E+34   0.159E+38   100.0%
  2    0.2073E+34 0.2073E+34 +- 0.1985E+34     85.68
 Relative summed weights:
  0.1000E+01  0.0000E+00
 Relative number of events:
  0.1000E+01  0.0000E+00
 Events:
        8000           0
 Iteration  3   Mean: 0.1773E+36 Abs mean: 0.1773E+36   Fluctuation:  0.942E+35   0.119E+40   100.0%
  3    0.1773E+36 0.1773E+36 +- 0.9418E+35     67.20
 Relative summed weights:
  0.1000E+01  0.0000E+00
 Relative number of events:
  0.1000E+01  0.0000E+00
 Events:
       16000           0
 Found          103  events.
 Wrote            4  events.
 Actual xsec   1.08307636372661927E+035
 Correct abs xsec   1.08307636372661927E+035
 Event xsec   1.08307636372661908E+035
 Events wgts > 1:            1
 % Cross section > 1:   5.80615669268469717E+026  5.36080085129642638E-007
 Checking number of events  4.52422658655883396E-018           4  chi2:    14190776349203.408     
 Found          103  events.
 Wrote            1  events.
 Actual xsec   1.08307636372661927E+035
 Correct abs xsec   1.08307636372661927E+035
 Event xsec   1.08307636372661927E+035
 Events wgts > 1:            1
 % Cross section > 1:   2.32246264018039072E+027  2.14432030645496270E-006
 Iteration  4   Mean: 0.1630E+46 Abs mean: 0.1630E+46   Fluctuation:  0.163E+46   0.522E+50   100.0%
  4    0.1630E+46 0.1630E+46 +- 0.1630E+46    178.88
 Relative summed weights:
  0.1000E+01  0.0000E+00
 Relative number of events:
  0.1000E+01  0.0000E+00
 Events:
       32000           0
 Found          661  events.
 Wrote            1  events.
 Actual xsec   2.89411155433953609E+044
 Correct abs xsec   2.89411155433953609E+044
 Event xsec   2.89411155433953609E+044
 Events wgts > 1:            1
 % Cross section > 1:   7.22428523175875686E+036  2.49620137168741840E-006
 Checking number of events  1.20892827847871103E-008           1  chi2:   1.06285070927808933E+022
 Found          661  events.
 Wrote            1  events.
 Actual xsec   2.89411155433953609E+044
 Correct abs xsec   2.89411155433953609E+044
 Event xsec   2.89411155433953609E+044
 Events wgts > 1:            1
 % Cross section > 1:   7.22428523175875686E+036  2.49620137168741840E-006
 Iteration  5   Mean: 0.5912E+46 Abs mean: 0.5912E+46   Fluctuation:  0.445E+46   0.275E+51   100.0%
  5    0.5912E+46 0.5912E+46 +- 0.4454E+46    190.57
>>>>>>> 911b5ec345c81b054214c521136984e9d6306827
 Relative summed weights:
  0.1000E+01  0.0000E+00
 Relative number of events:
  0.1000E+01  0.0000E+00
 Events:
       64000           0
<<<<<<< HEAD
 Found         6402  events.
 Wrote         6398  events.
 Actual xsec    2356207715.0645080     
 Correct abs xsec    2356207715.0645080     
 Event xsec    2356207715.0644751     
 Events wgts > 1:            0
 % Cross section > 1:    0.0000000000000000        0.0000000000000000     
 Checking number of events   4581.1746603999236             6398  chi2:    2.2922461333001642     

 -------------------------------------------------------------------------------
 Accumulated results:   Integral =  0.2356E+10
                        Std dev  =  0.1317E+07
                       Cross sec =  0.1036E+01
             Chi**2 per DoF.     =
-------------------------------------------------
---------------------------
 Results Last   3 iters: Integral =   0.2356E+10
                     Abs integral =   0.2356E+10
                          Std dev =   0.1326E+07
                  Chi**2 per DoF. =      2.2922
-------------------------------------------------
---------------------------
 Status -1.94430000000000017E-006           7           9
 We found enough events        6398   4581.1746603999236     
=======
 Found           46  events.
 Wrote            2  events.
 Actual xsec   1.91093441159145469E+045
 Correct abs xsec   1.91093441159145469E+045
 Event xsec   1.91093441159145469E+045
 Events wgts > 1:            1
 % Cross section > 1:   4.52765066231712390E+037  2.36933859940615596E-006
 Checking number of events  7.98235522409982411E-008           2  chi2:   2.05828932151913611E+020
 Found           46  events.
 Wrote            1  events.
 Actual xsec   1.91093441159145469E+045
 Correct abs xsec   1.91093441159145469E+045
 Event xsec   1.91093441159145469E+045
 Events wgts > 1:            1
 % Cross section > 1:   9.05530110279539275E+037  4.73867708272310750E-006
 Fixing grid
 Iteration  6   Mean: 0.5490E+56 Abs mean: 0.5490E+56   Fluctuation:  0.544E+56   0.696E+61   100.0%
  6    0.5490E+56 0.5490E+56 +- 0.5439E+56    354.43
 Relative summed weights:
  0.1000E+01  0.0000E+00
 Relative number of events:
  0.1000E+01  0.0000E+00
 Events:
      128000           0
 Found          573  events.
 Wrote            1  events.
 Actual xsec   1.47939909347431760E+055
 Correct abs xsec   1.47939909347431760E+055
 Event xsec   1.47939909347431760E+055
 Events wgts > 1:            1
 % Cross section > 1:   1.43155521557619569E+048  9.67659924824097118E-006
 Checking number of events   617.97458932609197                1  chi2:   4.66969597544691794E+019
 Found          573  events.
 Wrote            1  events.
 Actual xsec   1.47939909347431760E+055
 Correct abs xsec   1.47939909347431760E+055
 Event xsec   1.47939909347431760E+055
 Events wgts > 1:            1
 % Cross section > 1:   1.43155521557619569E+048  9.67659924824097118E-006
 Iteration  7   Mean: 0.1076E+56 Abs mean: 0.1076E+56   Fluctuation:  0.852E+55   0.207E+61   100.0%
  7    0.1076E+56 0.1076E+56 +- 0.8518E+55    400.66
 Relative summed weights:
  0.1000E+01  0.0000E+00
 Relative number of events:
  0.1000E+01  0.0000E+00
 Events:
      256000           0
 Found            8  events.
 Wrote            1  events.
 Actual xsec   1.67035118570229280E+055
 Correct abs xsec   1.67035118570229280E+055
 Event xsec   1.67035118570229280E+055
 Events wgts > 1:            0
 % Cross section > 1:    0.0000000000000000        0.0000000000000000     
 Checking number of events   697.73909729156173                1  chi2:   7.03310975312389939E+018
 Found            8  events.
 Wrote            1  events.
 Actual xsec   1.67035118570229280E+055
 Correct abs xsec   1.67035118570229280E+055
 Event xsec   1.67035118570229280E+055
 Events wgts > 1:            0
 % Cross section > 1:    0.0000000000000000        0.0000000000000000     
 Error in matrix element
 Iteration  8   Mean: 0.3278E+55 Abs mean: 0.3278E+55   Fluctuation:  0.281E+55   0.143E+61   100.0%
  8    0.3278E+55 0.3278E+55 +- 0.2812E+55    613.93
 Relative summed weights:
  0.1000E+01  0.0000E+00
 Relative number of events:
  0.1000E+01  0.0000E+00
 Events:
      512000           0
 Found           18  events.
 Wrote            2  events.
 Actual xsec   8.13977203198841061E+055
 Correct abs xsec   8.13977203198841061E+055
 Event xsec   8.13977203198840952E+055
 Events wgts > 1:            0
 % Cross section > 1:    0.0000000000000000        0.0000000000000000     
 Checking number of events   815.49566789600613                2  chi2:    17.424369769215161     
 Found           18  events.
 Wrote            1  events.
 Actual xsec   8.13977203198841061E+055
 Correct abs xsec   8.13977203198841061E+055
 Event xsec   8.13977203198840952E+055
 Events wgts > 1:            0
 % Cross section > 1:    0.0000000000000000        0.0000000000000000     

 -------------------------------------------------------------------------------
 Accumulated results:   Integral =   +Infinity
                        Std dev  =   +Infinity
                       Cross sec =   +Infinity
             Chi**2 per DoF.     =     10.4510
 -------------------------------------------------------------------------------
-------------------------------------------------
---------------------------
 Results Last   3 iters: Integral =   0.1952E+56
                     Abs integral =   0.1952E+56
                         Std dev =   0.9796E+55
                 Chi**2 per DoF. =     17.4244
-------------------------------------------------
---------------------------
>>>>>>> 911b5ec345c81b054214c521136984e9d6306827

ls status:
events.lhe
ftn25
ftn26
input_sg.txt
<<<<<<< HEAD
moffset.dat
results.dat
run_01_ftn26.gz
run_01_log.txt
run_01_results.dat
run_02_ftn26.gz
run_02_log.txt
run_02_results.dat
run_03_ftn26.gz
run_03_log.txt
run_03_results.dat
run_04_ftn26.gz
run_04_log.txt
run_04_results.dat
=======
log.txt
moffset.dat
results.dat
>>>>>>> 911b5ec345c81b054214c521136984e9d6306827
run1_app.log
