 Process in group number            0
 No PDF is used, alpha_s(MZ) from param_card is used
 Value of alpha_s from param_card:   0.11800000071525575     
 The default order of alpha_s running is fixed to            2
<<<<<<< HEAD
=======
 Warning: pt or E min of a gamma should in general be >0
 Warning: pt or E min of a gamma should in general be >0
 Warning: pt or E min of a gamma should in general be >0
>>>>>>> 911b5ec345c81b054214c521136984e9d6306827
 *****************************************************
 *               MadGraph/MadEvent                   *
 *        --------------------------------           *
 *          http://madgraph.hep.uiuc.edu             *
 *          http://madgraph.phys.ucl.ac.be           *
 *          http://madgraph.roma2.infn.it            *
 *        --------------------------------           *
 *                                                   *
 *          PARAMETER AND COUPLING VALUES            *
 *                                                   *
 *****************************************************

  External Params
  ---------------------------------
  
 aEWM1 =    132.50700378417969     
 mdl_Gf =   1.16639000000000003E-005
 aS =   0.11800000071525575     
 mdl_ymb =    4.6999998092651367     
 mdl_ymt =    173.00000000000000     
 mdl_yme =   5.10999991092830896E-004
 mdl_ymm =   0.10565999895334244     
 mdl_ymtau =    1.7769999504089355     
 mdl_MZ =    91.188003540039063     
 mdl_MT =    173.00000000000000     
 mdl_MB =    4.6999998092651367     
 mdl_MH =    125.00000000000000     
 mdl_Me =   5.10999991092830896E-004
 mdl_MM =   0.10565999895334244     
 mdl_MTA =    1.7769999504089355     
 mdl_WZ =    2.4414041042327881     
 mdl_WW =    2.0476000308990479     
 mdl_WT =    1.4915000200271606     
 mdl_WH =   6.38233916833996773E-003
 mdl_WTau =   2.26999999999999982E-012
  Internal Params
  ---------------------------------
  
 mdl_conjg__CKM3x3 =    1.0000000000000000     
 mdl_CKM3x3 =    1.0000000000000000     
 mdl_conjg__CKM1x1 =    1.0000000000000000     
 mdl_complexi =  (  0.0000000000000000     ,  1.0000000000000000     )
 mdl_MZ__exp__2 =    8315.2519896181766     
 mdl_MZ__exp__4 =    69143415.650849044     
 mdl_sqrt__2 =    1.4142135623730951     
 mdl_MH__exp__2 =    15625.000000000000     
 mdl_aEW =   7.54677089845565054E-003
 mdl_MW =    80.419007276179556     
 mdl_sqrt__aEW =   8.68721526063194194E-002
 mdl_ee =   0.30795376284704501     
 mdl_MW__exp__2 =    6467.2167312862202     
 mdl_sw2 =   0.22224645274001076     
 mdl_cw =   0.88190336616887299     
 mdl_sqrt__sw2 =   0.47143022043565552     
 mdl_sw =   0.47143022043565552     
 mdl_g1 =   0.34919218438279087     
 mdl_gw =   0.65323296958447097     
 mdl_vev =    246.21845810181631     
 mdl_vev__exp__2 =    60623.529110035874     
 mdl_lam =   0.12886910601690271     
 mdl_yb =   2.69955531549349904E-002
 mdl_ye =   2.93504850670934038E-006
 mdl_ym =   6.06883028478528356E-004
 mdl_yt =   0.99366614581500645     
 mdl_ytau =   1.02066167158167895E-002
 mdl_muH =    88.388347648318444     
 mdl_I1x33 =  ( 2.69955531549349904E-002,  0.0000000000000000     )
 mdl_I2x33 =  ( 0.99366614581500645     ,  0.0000000000000000     )
 mdl_I3x33 =  ( 0.99366614581500645     ,  0.0000000000000000     )
 mdl_I4x33 =  ( 2.69955531549349904E-002,  0.0000000000000000     )
 mdl_ee__exp__2 =   9.48355200516540348E-002
 mdl_sw__exp__2 =   0.22224645274001076     
 mdl_cw__exp__2 =   0.77775354725998924     
  Internal Params evaluated point by point
  ----------------------------------------
  
 mdl_sqrt__aS =   0.34351128178744839     
 mdl_G__exp__2 =    1.4828317414825511     
  Couplings of sm-lepton_masses
  ---------------------------------
  
         GC_3 =  -0.00000E+00  -0.30795E+00

 Collider parameters:
 --------------------

<<<<<<< HEAD
 Running at e e   machine @   7.14879999999999960E-002  GeV
=======
 Running at e e   machine @   7.00000000000000067E-002  GeV
>>>>>>> 911b5ec345c81b054214c521136984e9d6306827
 PDF set = none   
 alpha_s(Mz)= 0.1180 running at 2 loops.
 alpha_s(Mz)= 0.1180 running at 2 loops.
 Renormalization scale fixed @    91.188000000000002     
 Factorization scales  fixed @    91.188000000000002        91.188000000000002     


 getting user params
Enter number of events and max and min iterations: 
 Number of events and iterations         1000           5           3
Enter desired fractional accuracy: 
 Desired fractional accuracy:   0.10000000000000001     
Enter 0 for fixed, 2 for adjustable grid: 
Suppress amplitude (0 no, 1 yes)? 
 Using suppressed amplitude.
Exact helicity sum (0 yes, n = number/event)? 
 Explicitly summing over helicities
Enter Configuration Number: 
Running Configuration Number:    1
 Not subdividing B.W.
 Attempting mappinvarients           1           5
 Completed mapping           5
 about to integrate            5        1000           5           3           5           1
 Using non-zero grid deformation.
  5 dimensions   1000 events  5 invarients  5 iterations  1 config(s),  (0.99)
 Using h-tuple random number sequence.
 Error opening grid
 Using Uniform Grid!
 Using uniform alpha   1.0000000000000000     
 Grid defined OK
 Set CM energy to          0.07
 Mapping Graph           1  to config           1
<<<<<<< HEAD
Setting grid   1    0.17611E-04   1
Setting grid   2    0.17611E-04   1
 Masses: 0.511E-03 0.511E-03 0.000E+00 0.000E+00 0.000E+00
   1   1   2   3   4   5
Using random seed offsets     1 :      1
  with seed                  111
 Ranmar initialization seeds       16788        9489
=======
 Warning: No cutoff for shat integral found
          Minimum set to    204.08163265306121     
Setting grid   1    0.20408E+03   1
 Warning: No cutoff for shat integral found
          Minimum set to    204.08163265306121     
Setting grid   2    0.20408E+03   1
 Masses: 0.511E-03 0.511E-03 0.000E+00 0.000E+00 0.000E+00
   1   1   2   3   4   5
Using random seed offsets     1 :      1
  with seed                   42
 Ranmar initialization seeds       22920        9417
>>>>>>> 911b5ec345c81b054214c521136984e9d6306827
  Particle       3       4       5
      Et >     0.0     0.0     0.0
       E >     0.0     0.0     0.0
     Eta <    -1.0    -1.0    -1.0
   xqcut:      0.0     0.0     0.0
d R # 3  >    -0.0     0.0     0.0
d R # 4  >    -0.0    -0.0     0.0
s min # 3>     0.0     0.0     0.0
s min # 4>     0.0     0.0     0.0
xqcutij # 3>     0.0     0.0     0.0
xqcutij # 4>     0.0     0.0     0.0
 alpha_s for scale    91.188000000000002       is   0.11800000071525575     
<<<<<<< HEAD
 Added good helicity            1   5.8386000349483060       in event            1
 Added good helicity            3   8.3494724165884620       in event            1
 Added good helicity            5  1.87238679842651541E-003  in event            1
 Added good helicity           10   1.6605356420300343       in event            1
 Added good helicity           12  0.14292316835142679       in event            1
 Added good helicity           14  6.59629647424713524E-003  in event            1
 Added good helicity           19  6.59629647424713524E-003  in event            1
 Added good helicity           21  0.14292316835142679       in event            1
 Added good helicity           23   1.6605356420300343       in event            1
 Added good helicity           28  1.87238679842651541E-003  in event            1
 Added good helicity           30   8.3494724165884637       in event            1
 Added good helicity           32   5.8386000349483060       in event            1
 Added good helicity            2   2.1100270953711102       in event            2
 Added good helicity            6  1.63525044459591963E-004  in event            2
 Added good helicity            7  1.49361237416520019E-004  in event            2
 Added good helicity           11   3.5375500650497500       in event            2
 Added good helicity           15  8.65994625513668709E-002  in event            2
 Added good helicity           18  8.65994625513668709E-002  in event            2
 Added good helicity           22   3.5375500650497500       in event            2
 Added good helicity           26  1.49361237416520019E-004  in event            2
 Added good helicity           27  1.63525044459591963E-004  in event            2
 Added good helicity           31   2.1100270953711098       in event            2
 Added good helicity            4  6.99918933023142148E-005  in event            3
 Added good helicity           13  5.15449287240614187E-002  in event            3
 Added good helicity           20  5.15449287240614187E-002  in event            3
 Added good helicity           29  6.99918933023142419E-005  in event            3
 Iteration  1   Mean: 0.4887E+08 Abs mean: 0.4887E+08   Fluctuation:  0.123E+08   0.949E+10    99.1%
  1    0.4887E+08 0.4887E+08 +- 0.1228E+08      7.95
 Writing out events   9862.7925664462473        7.9452697281820575     
 Relative summed weights:
  0.1995E+00  0.0000E+00
  0.1009E+00  0.0000E+00
  0.1285E+00  0.0000E+00
  0.7623E-01  0.0000E+00
  0.2767E+00  0.0000E+00
  0.2182E+00  0.0000E+00
 Relative number of events:
  0.1740E+00  0.0000E+00
  0.1690E+00  0.0000E+00
  0.1740E+00  0.0000E+00
  0.1770E+00  0.0000E+00
  0.1550E+00  0.0000E+00
  0.1510E+00  0.0000E+00
 Events:
         174           0
         169           0
         174           0
         177           0
         155           0
         151           0
 Iteration  2   Mean: 0.4944E+08 Abs mean: 0.4944E+08   Fluctuation:  0.118E+08   0.230E+11    96.9%
  2    0.4944E+08 0.4944E+08 +- 0.1178E+08     10.65
 Relative summed weights:
  0.1133E+00  0.0000E+00
  0.3525E+00  0.0000E+00
  0.1484E+00  0.0000E+00
  0.1189E+00  0.0000E+00
  0.1392E+00  0.0000E+00
  0.1279E+00  0.0000E+00
 Relative number of events:
  0.1560E+00  0.0000E+00
  0.1790E+00  0.0000E+00
  0.1730E+00  0.0000E+00
  0.1570E+00  0.0000E+00
  0.1625E+00  0.0000E+00
  0.1725E+00  0.0000E+00
 Events:
         312           0
         358           0
         346           0
         314           0
         325           0
         345           0
 Iteration  3   Mean: 0.4390E+08 Abs mean: 0.4390E+08   Fluctuation:  0.317E+07   0.919E+10    97.7%
  3    0.4390E+08 0.4390E+08 +- 0.3170E+07      4.57
 Relative summed weights:
  0.1392E+00  0.0000E+00
  0.1456E+00  0.0000E+00
  0.1877E+00  0.0000E+00
  0.1829E+00  0.0000E+00
  0.2110E+00  0.0000E+00
  0.1337E+00  0.0000E+00
 Relative number of events:
  0.1608E+00  0.0000E+00
  0.1700E+00  0.0000E+00
  0.1613E+00  0.0000E+00
  0.1722E+00  0.0000E+00
  0.1688E+00  0.0000E+00
  0.1670E+00  0.0000E+00
 Events:
         643           0
         680           0
         645           0
         689           0
         675           0
         668           0
 Accuracy:    0.030   0.100   0.067   0.199
 Finished due to accuracy   2.97285322016694123E-002  0.10000000000000001     

 -------------------------------------------------------------------------------
 Accumulated results:   Integral =  0.4468E+08
                        Std dev  =  0.2977E+07
                       Cross sec =  0.4468E+08
             Chi**2 per DoF.     =      0.1991
 -------------------------------------------------------------------------------
 Found          287  events.
 Wrote           22  events.
 Actual xsec    44682615.723920934     
 Correct abs xsec    44682615.723920934     
 Event xsec    44682615.723920912     
 Events wgts > 1:            1
 % Cross section > 1:   0.31641706498339772       7.08143558421991261E-007
-------------------------------------------------
---------------------------
 Results Last   3 iters: Integral =   0.4468E+08
                     Abs integral =   0.4468E+08
                          Std dev =   0.2977E+07
                  Chi**2 per DoF. =      0.1704
-------------------------------------------------
---------------------------
 Status  0.10000000000000001                4           5
=======
 Added good helicity            1  1.04640803551114582E-002  in event            1
 Added good helicity            2  2.05703787306772299E-003  in event            1
 Added good helicity            3  3.43264493389556103E-003  in event            1
 Added good helicity            4  1.45899710601138486E-004  in event            1
 Added good helicity            5  3.01547696179787876E-003  in event            1
 Added good helicity            6  3.65004564117339366E-004  in event            1
 Added good helicity            7  6.89471792001977550E-004  in event            1
 Added good helicity           10   1.1892361401567741       in event            1
 Added good helicity           11   2.0960564108579391       in event            1
 Added good helicity           12  0.20455679377807151       in event            1
 Added good helicity           13   2.2919172385805697       in event            1
 Added good helicity           14   1.3993892537741968       in event            1
 Added good helicity           15   8.7986745466321299       in event            1
 Added good helicity           18   8.7986745466321299       in event            1
 Added good helicity           19   1.3993892537741972       in event            1
 Added good helicity           20   2.2919172385805702       in event            1
 Added good helicity           21  0.20455679377807151       in event            1
 Added good helicity           22   2.0960564108579391       in event            1
 Added good helicity           23   1.1892361401567737       in event            1
 Added good helicity           26  6.89471792001977550E-004  in event            1
 Added good helicity           27  3.65004564117339366E-004  in event            1
 Added good helicity           28  3.01547696179787876E-003  in event            1
 Added good helicity           29  1.45899710601138486E-004  in event            1
 Added good helicity           30  3.43264493389556103E-003  in event            1
 Added good helicity           31  2.05703787306772343E-003  in event            1
 Added good helicity           32  1.04640803551114530E-002  in event            1
Warning xbin not returning correct x   2  0.999980E+00  0.994359E+00  0.2837E+03
Warning xbin not returning correct x   2  0.999970E+00  0.991491E+00  0.2837E+03
Warning xbin not returning correct x   2  0.999982E+00  0.994878E+00  0.2837E+03
Warning xbin not returning correct x   2  0.999985E+00  0.995722E+00  0.2837E+03
Warning xbin not returning correct x   2  0.999981E+00  0.994725E+00  0.2837E+03
Warning xbin still not working well. Last message this iteration.
 Iteration  1   Mean: 0.8858E+08 Abs mean: 0.8858E+08   Fluctuation:  0.458E+08   0.323E+11    99.3%
  1    0.8858E+08 0.8858E+08 +- 0.4583E+08     16.36
 Writing out events   17840.076793795401        16.361227702789819     
 Relative summed weights:
  0.4410E+00  0.0000E+00
  0.3737E+00  0.0000E+00
  0.1890E-01  0.0000E+00
  0.3156E-01  0.0000E+00
  0.1832E-01  0.0000E+00
  0.1165E+00  0.0000E+00
 Relative number of events:
  0.1690E+00  0.0000E+00
  0.1550E+00  0.0000E+00
  0.1800E+00  0.0000E+00
  0.1760E+00  0.0000E+00
  0.1680E+00  0.0000E+00
  0.1520E+00  0.0000E+00
 Events:
         169           0
         155           0
         180           0
         176           0
         168           0
         152           0
Warning xbin not returning correct x   1  0.986804E+00  0.999808E+00  0.1476E-01
Warning xbin not returning correct x   1  0.987996E+00  0.999825E+00  0.1476E-01
Warning xbin not returning correct x   1  0.990891E+00  0.999868E+00  0.1476E-01
Warning xbin not returning correct x   1  0.987938E+00  0.999825E+00  0.1476E-01
Warning xbin not returning correct x   1  0.985619E+00  0.999791E+00  0.1476E-01
Warning xbin still not working well. Last message this iteration.
 Iteration  2   Mean: 0.2409E+07 Abs mean: 0.2409E+07   Fluctuation:  0.276E+06   0.393E+09    86.3%
  2    0.2409E+07 0.2409E+07 +- 0.2757E+06      5.12
 Relative summed weights:
  0.2329E+00  0.0000E+00
  0.1329E+00  0.0000E+00
  0.1601E+00  0.0000E+00
  0.1459E+00  0.0000E+00
  0.1559E+00  0.0000E+00
  0.1723E+00  0.0000E+00
 Relative number of events:
  0.1645E+00  0.0000E+00
  0.1510E+00  0.0000E+00
  0.1725E+00  0.0000E+00
  0.1775E+00  0.0000E+00
  0.1675E+00  0.0000E+00
  0.1670E+00  0.0000E+00
 Events:
         329           0
         302           0
         345           0
         355           0
         335           0
         334           0
 Iteration  3   Mean: 0.1902E+08 Abs mean: 0.1902E+08   Fluctuation:  0.424E+07   0.126E+11   100.0%
  3    0.1902E+08 0.1902E+08 +- 0.4241E+07     14.11
 Relative summed weights:
  0.7075E-01  0.0000E+00
  0.1338E+00  0.0000E+00
  0.4011E+00  0.0000E+00
  0.1136E+00  0.0000E+00
  0.6357E-01  0.0000E+00
  0.2173E+00  0.0000E+00
 Relative number of events:
  0.1593E+00  0.0000E+00
  0.1755E+00  0.0000E+00
  0.1658E+00  0.0000E+00
  0.1698E+00  0.0000E+00
  0.1663E+00  0.0000E+00
  0.1635E+00  0.0000E+00
 Events:
         637           0
         702           0
         663           0
         679           0
         665           0
         654           0
 Accuracy:    1.343   0.100   0.100 180.892
 Found          523  events.
 Wrote            5  events.
 Actual xsec    8951981.9370260872     
 Correct abs xsec    8951981.9370260872     
 Event xsec    8951981.9370260872     
 Events wgts > 1:            1
 % Cross section > 1:   0.14413527562282979       1.61009345904369180E-006
 Iteration  4   Mean: 0.5440E+08 Abs mean: 0.5440E+08   Fluctuation:  0.165E+08   0.124E+12    99.9%
  4    0.5440E+08 0.5440E+08 +- 0.1652E+08     27.16
 Relative summed weights:
  0.1163E+00  0.0000E+00
  0.6415E-01  0.0000E+00
  0.4007E+00  0.0000E+00
  0.1868E+00  0.0000E+00
  0.1509E+00  0.0000E+00
  0.8112E-01  0.0000E+00
 Relative number of events:
  0.1660E+00  0.0000E+00
  0.1609E+00  0.0000E+00
  0.1635E+00  0.0000E+00
  0.1701E+00  0.0000E+00
  0.1709E+00  0.0000E+00
  0.1686E+00  0.0000E+00
 Events:
        1328           0
        1287           0
        1308           0
        1361           0
        1367           0
        1349           0
 Accuracy:    0.908   0.100   0.095  91.492
 Found          439  events.
 Wrote            2  events.
 Actual xsec    10771295.935977107     
 Correct abs xsec    10771295.935977107     
 Event xsec    10771295.935977107     
 Events wgts > 1:            0
 % Cross section > 1:    0.0000000000000000        0.0000000000000000     
 Iteration  5   Mean: 0.7779E+08 Abs mean: 0.7779E+08   Fluctuation:  0.140E+08   0.172E+12    99.6%
  5    0.7779E+08 0.7779E+08 +- 0.1404E+08     22.83
 Relative summed weights:
  0.2250E+00  0.0000E+00
  0.1244E+00  0.0000E+00
  0.2523E+00  0.0000E+00
  0.9332E-01  0.0000E+00
  0.1458E+00  0.0000E+00
  0.1592E+00  0.0000E+00
 Relative number of events:
  0.1684E+00  0.0000E+00
  0.1673E+00  0.0000E+00
  0.1635E+00  0.0000E+00
  0.1617E+00  0.0000E+00
  0.1669E+00  0.0000E+00
  0.1722E+00  0.0000E+00
 Events:
        2694           0
        2677           0
        2616           0
        2587           0
        2671           0
        2755           0
 Accuracy:    0.593   0.100   0.084  49.839
 Found          819  events.
 Wrote           10  events.
 Actual xsec    54509273.360071093     
 Correct abs xsec    54509273.360071093     
 Event xsec    54509273.360071085     
 Events wgts > 1:            1
 % Cross section > 1:   0.28521564416587353       5.23242425709528028E-007

 -------------------------------------------------------------------------------
 Accumulated results:   Integral =  0.2734E+08
                        Std dev  =  0.2296E+07
                       Cross sec =  0.2734E+08
             Chi**2 per DoF.     =     49.8391
 -------------------------------------------------------------------------------
-------------------------------------------------
---------------------------
 Results Last   3 iters: Integral =   0.5451E+08
                     Abs integral =   0.5451E+08
                          Std dev =   0.6942E+07
                  Chi**2 per DoF. =     36.3981
-------------------------------------------------
---------------------------
 Status  0.10000000000000001                6           5
>>>>>>> 911b5ec345c81b054214c521136984e9d6306827

ls status:
events.lhe
input_app.txt
multijob.dat
results.dat
run_01_log.txt
run_01_results.dat
run_02_log.txt
run_02_results.dat
<<<<<<< HEAD
run_03_log.txt
run_03_results.dat
run_04_log.txt
run_04_results.dat
run_08_log.txt
run_08_results.dat
run_09_log.txt
run_09_results.dat
run_10_log.txt
run_10_results.dat
run_11_log.txt
run_11_results.dat
=======
>>>>>>> 911b5ec345c81b054214c521136984e9d6306827
run1_app.log
