 Process in group number            1
 No PDF is used, alpha_s(MZ) from param_card is used
 Value of alpha_s from param_card:   0.11800000071525575     
 The default order of alpha_s running is fixed to            2
 Warning: pt or E min of a gamma should in general be >0
 *****************************************************
 *               MadGraph/MadEvent                   *
 *        --------------------------------           *
 *          http://madgraph.hep.uiuc.edu             *
 *          http://madgraph.phys.ucl.ac.be           *
 *          http://madgraph.roma2.infn.it            *
 *        --------------------------------           *
 *                                                   *
 *          PARAMETER AND COUPLING VALUES            *
 *                                                   *
 *****************************************************

  External Params
  ---------------------------------
  
 mdl_MB =    4.6999998092651367     
 mdl_MT =    173.00000000000000     
 mdl_MTA =    1.7769999504089355     
 mdl_MZ =    91.188003540039063     
 mdl_MH =    125.00000000000000     
 aEWM1 =    132.50700378417969     
 mdl_Gf =   1.16639000000000003E-005
 aS =   0.11800000071525575     
 mdl_ymb =    4.6999998092651367     
 mdl_ymt =    173.00000000000000     
 mdl_ymtau =    1.7769999504089355     
 mdl_WT =    1.4915000200271606     
 mdl_WZ =    2.4414041042327881     
 mdl_WW =    2.0476000308990479     
 mdl_WH =   6.38233916833996773E-003
  Internal Params
  ---------------------------------
  
 mdl_conjg__CKM3x3 =    1.0000000000000000     
 mdl_CKM3x3 =    1.0000000000000000     
 mdl_conjg__CKM1x1 =    1.0000000000000000     
 mdl_complexi =  (  0.0000000000000000     ,  1.0000000000000000     )
 mdl_MZ__exp__2 =    8315.2519896181766     
 mdl_MZ__exp__4 =    69143415.650849044     
 mdl_sqrt__2 =    1.4142135623730951     
 mdl_MH__exp__2 =    15625.000000000000     
 mdl_aEW =   7.54677089845565054E-003
 mdl_MW =    80.419007276179556     
 mdl_sqrt__aEW =   8.68721526063194194E-002
 mdl_ee =   0.30795376284704501     
 mdl_MW__exp__2 =    6467.2167312862202     
 mdl_sw2 =   0.22224645274001076     
 mdl_cw =   0.88190336616887299     
 mdl_sqrt__sw2 =   0.47143022043565552     
 mdl_sw =   0.47143022043565552     
 mdl_g1 =   0.34919218438279087     
 mdl_gw =   0.65323296958447097     
 mdl_vev =    246.21845810181631     
 mdl_vev__exp__2 =    60623.529110035874     
 mdl_lam =   0.12886910601690271     
 mdl_yb =   2.69955531549349904E-002
 mdl_yt =   0.99366614581500645     
 mdl_ytau =   1.02066167158167895E-002
 mdl_muH =    88.388347648318444     
 mdl_I1x33 =  ( 2.69955531549349904E-002,  0.0000000000000000     )
 mdl_I2x33 =  ( 0.99366614581500645     ,  0.0000000000000000     )
 mdl_I3x33 =  ( 0.99366614581500645     ,  0.0000000000000000     )
 mdl_I4x33 =  ( 2.69955531549349904E-002,  0.0000000000000000     )
 mdl_ee__exp__2 =   9.48355200516540348E-002
 mdl_sw__exp__2 =   0.22224645274001076     
 mdl_cw__exp__2 =   0.77775354725998924     
  Internal Params evaluated point by point
  ----------------------------------------
  
 mdl_sqrt__aS =   0.34351128178744839     
 mdl_G__exp__2 =    1.4828317414825511     
  Couplings of sm
  ---------------------------------
  
         GC_3 =  -0.00000E+00  -0.30795E+00
        GC_50 =  -0.00000E+00  -0.28804E+00
        GC_59 =   0.00000E+00   0.82310E-01

 Collider parameters:
 --------------------

 Running at e e   machine @    10.000000000000000       GeV
 PDF set = none   
 alpha_s(Mz)= 0.1180 running at 2 loops.
 alpha_s(Mz)= 0.1180 running at 2 loops.
 Renormalization scale set on event-by-event basis
 Factorization   scale set on event-by-event basis


 getting user params
Enter number of events and max and min iterations: 
 Number of events and iterations         1000           9           3
Enter desired fractional accuracy: 
 Desired fractional accuracy:  -1.10059999999999990E-009
Enter 0 for fixed, 2 for adjustable grid: 
Suppress amplitude (0 no, 1 yes)? 
 Using suppressed amplitude.
Exact helicity sum (0 yes, n = number/event)? 
 Explicitly summing over helicities
Enter Configuration Number: 
Running Configuration Number:    5
 Not subdividing B.W.
 Attempting mappinvarients           1           5
 Completed mapping           5
 about to integrate            5        1000           9           3           5           1
 Keeping grid fixed.
  5 dimensions   1000 events  5 invarients  9 iterations  1 config(s),  (0.99)
 Using h-tuple random number sequence.
 Grid read from file
 Grid defined OK
 Set CM energy to         10.00
 Mapping Graph           5  to config           5
 Warning: No cutoff for shat integral found
          Minimum set to   1.00000000000000002E-002
 No modification is setgrid, grid read from file
 Warning: No cutoff for shat integral found
          Minimum set to   1.00000000000000002E-002
 No modification is setgrid, grid read from file
 Masses: 0.000E+00 0.000E+00 0.000E+00 0.000E+00 0.000E+00
   5   1   2   3   4   5
 Got moffset          11
Using random seed offsets     5 :      1
  with seed                   48
 Ranmar initialization seeds       30238       14069
  Particle       3       4       5
      Et >     0.0    -1.0    -1.0
       E >     0.0     0.0     0.0
     Eta <    -1.0    -1.0    -1.0
   xqcut:      0.0     0.0     0.0
d R # 3  >    -0.0     0.4     0.4
d R # 4  >    -0.0    -0.0     0.0
s min # 3>     0.0     0.0     0.0
s min # 4>     0.0     0.0     0.0
xqcutij # 3>     0.0     0.0     0.0
xqcutij # 4>     0.0     0.0     0.0
 alpha_s for scale    2.2360680126649908       is   0.28377210975094019     
 Added good helicity            1   5.7629291865991323       in event            1
 Added good helicity            5   2.2370721980555621       in event            1
 Added good helicity           10   5.7629271957487580       in event            1
 Added good helicity           14   2.2370714178979756       in event            1
 Added good helicity           19   2.2370714188479042       in event            1
 Added good helicity           23   5.7629271981959711       in event            1
 Added good helicity           28   2.2370721980555621       in event            1
 Added good helicity           32   5.7629291865991306       in event            1
 Added good helicity           11  0.57036759201720399       in event           19
 Added good helicity           15  0.51600657350159929       in event           19
 Added good helicity           18  0.51600657371696035       in event           19
 Added good helicity           22  0.57036759177915486       in event           19
 Iteration  1   Mean: 0.2323E+14 Abs mean: 0.2323E+14   Fluctuation:  0.844E+13   0.593E+16    99.6%
  1    0.2323E+14 0.2323E+14 +- 0.8440E+13     11.49
 Writing out events   2591707928.8765426        11.488720264958834     
 Relative summed weights:
  0.1000E+01  0.0000E+00
 Relative number of events:
  0.1000E+01  0.0000E+00
 Events:
        1000           0
 Iteration  2   Mean: 0.1700E+15 Abs mean: 0.1700E+15   Fluctuation:  0.129E+15   0.256E+18    99.3%
  2    0.1700E+15 0.1700E+15 +- 0.1286E+15     33.84
 Relative summed weights:
  0.1000E+01  0.0000E+00
 Relative number of events:
  0.1000E+01  0.0000E+00
 Events:
        2000           0
 Iteration  3   Mean: 0.9338E+15 Abs mean: 0.9338E+15   Fluctuation:  0.809E+15   0.321E+19    99.4%
  3    0.9338E+15 0.9338E+15 +- 0.8089E+15     54.79
 Relative summed weights:
  0.1000E+01  0.0000E+00
 Relative number of events:
  0.1000E+01  0.0000E+00
 Events:
        4000           0
 Found           49  events.
 Wrote            2  events.
 Actual xsec    161147499821193.78     
 Correct abs xsec    161147499821193.78     
 Event xsec    161147499821193.78     
 Events wgts > 1:            1
 % Cross section > 1:    10830337.437500000       6.72076045208094268E-006
 Checking number of events   177358.93830320585                2  chi2:    133.95203684273565     
 Found           49  events.
 Wrote            1  events.
 Actual xsec    161147499821193.78     
 Correct abs xsec    161147499821193.78     
 Event xsec    161147499821193.78     
 Events wgts > 1:            1
 % Cross section > 1:    21660673.437500000       1.34415200121219831E-005
 Iteration  4   Mean: 0.3458E+15 Abs mean: 0.3458E+15   Fluctuation:  0.222E+15   0.172E+19    99.4%
  4    0.3458E+15 0.3458E+15 +- 0.2220E+15     57.43
 Relative summed weights:
  0.1000E+01  0.0000E+00
 Relative number of events:
  0.1000E+01  0.0000E+00
 Events:
        8000           0
 Found           44  events.
 Wrote            1  events.
 Actual xsec    432299954659960.00     
 Correct abs xsec    432299954659960.00     
 Event xsec    432299954659960.06     
 Events wgts > 1:            1
 % Cross section > 1:    88759044.187500000       2.05318189906627162E-005
 Checking number of events   475789.33009875193                1  chi2:    2.3482879322302472     
 Found           44  events.
 Wrote            2  events.
 Actual xsec    432299954659960.00     
 Correct abs xsec    432299954659960.00     
 Event xsec    432299954659959.94     
 Events wgts > 1:            1
 % Cross section > 1:    44379526.625000000       1.02659105435040372E-005
 Iteration  5   Mean: 0.3629E+15 Abs mean: 0.3629E+15   Fluctuation:  0.220E+15   0.331E+19    99.4%
  5    0.3629E+15 0.3629E+15 +- 0.2200E+15     76.69
 Relative summed weights:
  0.1000E+01  0.0000E+00
 Relative number of events:
  0.1000E+01  0.0000E+00
 Events:
       16000           0
 Found          115  events.
 Wrote            1  events.
 Actual xsec    473901304006023.94     
 Correct abs xsec    473901304006023.94     
 Event xsec    473901304006023.94     
 Events wgts > 1:            1
 % Cross section > 1:    9992790.6250000000       2.10862273231326190E-006
 Checking number of events   521575.77518902993                1  chi2:   0.45536721123778956     
 Found          115  events.
 Wrote            1  events.
 Actual xsec    473901304006023.94     
 Correct abs xsec    473901304006023.94     
 Event xsec    473901304006023.94     
 Events wgts > 1:            1
 % Cross section > 1:    9992790.6250000000       2.10862273231326190E-006
 Iteration  6   Mean: 0.1397E+16 Abs mean: 0.1397E+16   Fluctuation:  0.113E+16   0.359E+20    99.3%
  6    0.1397E+16 0.1397E+16 +- 0.1133E+16    145.13
 Relative summed weights:
  0.1000E+01  0.0000E+00
 Relative number of events:
  0.1000E+01  0.0000E+00
 Events:
       32000           0
 Found          244  events.
 Wrote            1  events.
 Actual xsec    592315484846488.88     
 Correct abs xsec    592315484846488.88     
 Event xsec    592315484846488.88     
 Events wgts > 1:            0
 % Cross section > 1:    0.0000000000000000        0.0000000000000000     
 Checking number of events   651902.42262204562                1  chi2:    1.4121028763941974     
 Found          244  events.
 Wrote            1  events.
 Actual xsec    592315484846488.88     
 Correct abs xsec    592315484846488.88     
 Event xsec    592315484846488.88     
 Events wgts > 1:            0
 % Cross section > 1:    0.0000000000000000        0.0000000000000000     
 Error in matrix element
 Error in matrix element
 Iteration  7   Mean: 0.1782E+15 Abs mean: 0.1782E+15   Fluctuation:  0.540E+14   0.313E+19    99.3%
  7    0.1782E+15 0.1782E+15 +- 0.5397E+14     76.62
 Relative summed weights:
  0.1000E+01  0.0000E+00
 Relative number of events:
  0.1000E+01  0.0000E+00
 Events:
       64000           0
 Found          201  events.
 Wrote            3  events.
 Actual xsec    333648954607703.69     
 Correct abs xsec    333648954607703.69     
 Event xsec    333648954607703.69     
 Events wgts > 1:            1
 % Cross section > 1:    23441795.687500000       7.02588614883037528E-006
 Checking number of events   367214.03944123862                3  chi2:    4.5972074090865043     
 Found          201  events.
 Wrote            3  events.
 Actual xsec    333648954607703.69     
 Correct abs xsec    333648954607703.69     
 Event xsec    333648954607703.69     
 Events wgts > 1:            1
 % Cross section > 1:    23441795.687500000       7.02588614883037528E-006
 Iteration  8   Mean: 0.4772E+15 Abs mean: 0.4772E+15   Fluctuation:  0.160E+15   0.141E+20    99.3%
  8    0.4772E+15 0.4772E+15 +- 0.1600E+15    119.97
 Relative summed weights:
  0.1000E+01  0.0000E+00
 Relative number of events:
  0.1000E+01  0.0000E+00
 Events:
      128000           0
 Found         1378  events.
 Wrote            1  events.
 Actual xsec    389800028367131.38     
 Correct abs xsec    389800028367131.38     
 Event xsec    389800028367131.38     
 Events wgts > 1:            1
 % Cross section > 1:    22482445.062500000       5.76768687182470196E-006
 Checking number of events   429013.91122086474                1  chi2:    8.2302089516308481     
 Found         1378  events.
 Wrote            5  events.
 Actual xsec    389800028367131.38     
 Correct abs xsec    389800028367131.38     
 Event xsec    389800028367131.44     
 Events wgts > 1:            1
 % Cross section > 1:    4496489.2187500000       1.15353742727668583E-006
 Error in matrix element
 Iteration  9   Mean: 0.6851E+15 Abs mean: 0.6851E+15   Fluctuation:  0.320E+15   0.788E+20    99.4%
  9    0.6851E+15 0.6851E+15 +- 0.3204E+15    236.65
 Relative summed weights:
  0.1000E+01  0.0000E+00
 Relative number of events:
  0.1000E+01  0.0000E+00
 Events:
      256000           0
 Found         1514  events.
 Wrote            2  events.
 Actual xsec    382418225567688.56     
 Correct abs xsec    382418225567688.56     
 Event xsec    382418225567688.50     
 Events wgts > 1:            1
 % Cross section > 1:    9616215.4062500000       2.51458083410512501E-006
 Checking number of events   420889.49905979802                2  chi2:    7.7808943606274745     
 Found         1514  events.
 Wrote            2  events.
 Actual xsec    382418225567688.56     
 Correct abs xsec    382418225567688.56     
 Event xsec    382418225567688.50     
 Events wgts > 1:            1
 % Cross section > 1:    9616215.4062500000       2.51458083410512501E-006

 -------------------------------------------------------------------------------
 Accumulated results:   Integral =  0.3594E+15
                        Std dev  =  0.5567E+14
                       Cross sec =  0.3594E+15
             Chi**2 per DoF.     =      3.8317
 -------------------------------------------------------------------------------
-------------------------------------------------
---------------------------
 Results Last   3 iters: Integral =   0.3824E+15
                     Abs integral =   0.3824E+15
                          Std dev =   0.7747E+14
                  Chi**2 per DoF. =      7.7809
-------------------------------------------------
---------------------------
 Status -1.10059999999999990E-009          10           9
 Trying w/ fresh grid
 Starting w/ ncall =         4000
 Keeping grid fixed.
  5 dimensions   4000 events  5 invarients  8 iterations  1 config(s),  (0.99)
 Using h-tuple random number sequence.
 Error opening grid
 Using Uniform Grid!
 Using uniform alpha   1.0000000000000000     
 Grid defined OK
 Warning: No cutoff for shat integral found
          Minimum set to   1.00000000000000002E-002
Setting grid   1    0.10000E-01   1
 Warning: No cutoff for shat integral found
          Minimum set to   1.00000000000000002E-002
Setting grid   2    0.10000E-01   1
 Iteration  1   Mean: 0.7693E+05 Abs mean: 0.7693E+05   Fluctuation:  0.499E+05   0.196E+09    98.5%
  1    0.7693E+05 0.7693E+05 +- 0.4988E+05     41.01
 Relative summed weights:
  0.1000E+01  0.0000E+00
 Relative number of events:
  0.1000E+01  0.0000E+00
 Events:
        4000           0
 Iteration  2   Mean: 0.6851E+05 Abs mean: 0.6851E+05   Fluctuation:  0.256E+05   0.184E+09    98.7%
  2    0.6851E+05 0.6851E+05 +- 0.2558E+05     33.40
 Relative summed weights:
  0.1000E+01  0.0000E+00
 Relative number of events:
  0.1000E+01  0.0000E+00
 Events:
        8000           0
 Iteration  3   Mean: 0.4885E+06 Abs mean: 0.4885E+06   Fluctuation:  0.139E+06   0.177E+10    98.3%
  3    0.4885E+06 0.4885E+06 +- 0.1394E+06     36.10
 Relative summed weights:
  0.1000E+01  0.0000E+00
 Relative number of events:
  0.1000E+01  0.0000E+00
 Events:
       16000           0
 Found          815  events.
 Wrote            3  events.
 Actual xsec    305666.79761989985     
 Correct abs xsec    305666.79761989985     
 Event xsec    305666.79761989985     
 Events wgts > 1:            0
 % Cross section > 1:    0.0000000000000000        0.0000000000000000     
 Checking number of events  3.36416877460461738E-004           3  chi2:    54.342882364174919     
 Found          815  events.
 Wrote            3  events.
 Actual xsec    305666.79761989985     
 Correct abs xsec    305666.79761989985     
 Event xsec    305666.79761989985     
 Events wgts > 1:            0
 % Cross section > 1:    0.0000000000000000        0.0000000000000000     
 Iteration  4   Mean: 0.1530E+08 Abs mean: 0.1530E+08   Fluctuation:  0.852E+07   0.260E+12    98.6%
  4    0.1530E+08 0.1530E+08 +- 0.8518E+07     99.59
 Relative summed weights:
  0.1000E+01  0.0000E+00
 Relative number of events:
  0.1000E+01  0.0000E+00
 Events:
       32000           0
 Found         1505  events.
 Wrote            2  events.
 Actual xsec    2463529.9008242772     
 Correct abs xsec    2463529.9008242772     
 Event xsec    2463529.9008242772     
 Events wgts > 1:            0
 % Cross section > 1:    0.0000000000000000        0.0000000000000000     
 Checking number of events  2.71136100884719925E-003           2  chi2:    4483.6809460057093     
 Found         1505  events.
 Wrote            2  events.
 Actual xsec    2463529.9008242772     
 Correct abs xsec    2463529.9008242772     
 Event xsec    2463529.9008242772     
 Events wgts > 1:            0
 % Cross section > 1:    0.0000000000000000        0.0000000000000000     
 Iteration  5   Mean: 0.6267E+08 Abs mean: 0.6267E+08   Fluctuation:  0.217E+08   0.105E+13    98.9%
  5    0.6267E+08 0.6267E+08 +- 0.2166E+08     87.43
 Relative summed weights:
  0.1000E+01  0.0000E+00
 Relative number of events:
  0.1000E+01  0.0000E+00
 Events:
       64000           0
 Found         1379  events.
 Wrote            6  events.
 Actual xsec    24297730.845316429     
 Correct abs xsec    24297730.845316429     
 Event xsec    24297730.845316425     
 Events wgts > 1:            1
 % Cross section > 1:   4.98147029429674149E-003  2.05017922291165661E-008
 Checking number of events  2.67420825683552590E-002           6  chi2:    14580.127424362954     
 Found         1379  events.
 Wrote            4  events.
 Actual xsec    24297730.845316429     
 Correct abs xsec    24297730.845316429     
 Event xsec    24297730.845316429     
 Events wgts > 1:            1
 % Cross section > 1:   7.47220497578382492E-003  3.07526864271942874E-008
 Fixing grid
 Iteration  6   Mean: 0.1014E+10 Abs mean: 0.1014E+10   Fluctuation:  0.254E+09   0.276E+14    98.6%
  6    0.1014E+10 0.1014E+10 +- 0.2536E+09     89.45
 Relative summed weights:
  0.1000E+01  0.0000E+00
 Relative number of events:
  0.1000E+01  0.0000E+00
 Events:
      128000           0
 Found         5885  events.
 Wrote            2  events.
 Actual xsec    608793778.93942320     
 Correct abs xsec    608793778.93942320     
 Event xsec    608793778.93942320     
 Events wgts > 1:            1
 % Cross section > 1:    17.561063528060913       2.88456684932851305E-006
 Checking number of events  0.67003843310072908                2  chi2:    2746.4023243461093     
 Found         5885  events.
 Wrote            7  events.
 Actual xsec    608793778.93942320     
 Correct abs xsec    608793778.93942320     
 Event xsec    608793778.93942320     
 Events wgts > 1:            1
 % Cross section > 1:    5.0174468159675598       8.24161972336253124E-007
 Iteration  7   Mean: 0.2532E+10 Abs mean: 0.2532E+10   Fluctuation:  0.117E+10   0.275E+15    98.6%
  7    0.2532E+10 0.2532E+10 +- 0.1166E+10    232.96
 Relative summed weights:
  0.1000E+01  0.0000E+00
 Relative number of events:
  0.1000E+01  0.0000E+00
 Events:
      256000           0
 Found         2310  events.
 Wrote            3  events.
 Actual xsec    986490874.69806266     
 Correct abs xsec    986490874.69806266     
 Event xsec    986490874.69806266     
 Events wgts > 1:            1
 % Cross section > 1:    16.783469140529633       1.70133039960117059E-006
 Checking number of events   1.0857318566926877                3  chi2:    910.70473169969841     
 Found         2310  events.
 Wrote            1  events.
 Actual xsec    986490874.69806266     
 Correct abs xsec    986490874.69806266     
 Event xsec    986490874.69806266     
 Events wgts > 1:            1
 % Cross section > 1:    50.350405693054199       5.10399102358296610E-006
 Iteration  8   Mean: 0.4610E+11 Abs mean: 0.4610E+11   Fluctuation:  0.263E+11   0.100E+17    98.6%
  8    0.4610E+11 0.4610E+11 +- 0.2628E+11    407.89
 Relative summed weights:
  0.1000E+01  0.0000E+00
 Relative number of events:
  0.1000E+01  0.0000E+00
 Events:
      512000           0
 Found         2629  events.
 Wrote            3  events.
 Actual xsec    253276886509036.91     
 Correct abs xsec    253276886509036.91     
 Event xsec    253276886509036.94     
 Events wgts > 1:            0
 % Cross section > 1:    0.0000000000000000        0.0000000000000000     
 Checking number of events   7.8664329399774644                3  chi2:    301.35697026914215     
 Found         2629  events.
 Wrote            3  events.
 Actual xsec    253276886509036.91     
 Correct abs xsec    253276886509036.91     
 Event xsec    253276886509036.94     
 Events wgts > 1:            0
 % Cross section > 1:    0.0000000000000000        0.0000000000000000     

 -------------------------------------------------------------------------------
 Accumulated results:   Integral =  0.2982E+10
                        Std dev  =  0.3942E+09
                       Cross sec =  0.2982E+10
             Chi**2 per DoF.     =     97.6519
 -------------------------------------------------------------------------------
-------------------------------------------------
---------------------------
 Results Last   3 iters: Integral =   0.7147E+10
                     Abs integral =   0.7147E+10
                         Std dev =   0.1465E+10
                 Chi**2 per DoF. =    301.3570
-------------------------------------------------
---------------------------

ls status:
events.lhe
ftn25
ftn26
input_sg.txt
log.txt
moffset.dat
results.dat
run1_app.log
