 Process in group number            1
 No PDF is used, alpha_s(MZ) from param_card is used
 Value of alpha_s from param_card:   0.11800000071525575     
 The default order of alpha_s running is fixed to            2
 *****************************************************
 *               MadGraph/MadEvent                   *
 *        --------------------------------           *
 *          http://madgraph.hep.uiuc.edu             *
 *          http://madgraph.phys.ucl.ac.be           *
 *          http://madgraph.roma2.infn.it            *
 *        --------------------------------           *
 *                                                   *
 *          PARAMETER AND COUPLING VALUES            *
 *                                                   *
 *****************************************************

  External Params
  ---------------------------------
  
 mdl_MB =    4.6999998092651367     
 mdl_MT =    173.00000000000000     
 mdl_Me =   5.10999991092830896E-004
 mdl_MM =   0.10565999895334244     
 mdl_MTA =    1.7769999504089355     
 mdl_MZ =    91.188003540039063     
 mdl_MH =    125.00000000000000     
 aEWM1 =    132.50700378417969     
 mdl_Gf =   1.16639000000000003E-005
 aS =   0.11800000071525575     
 mdl_ymb =    4.6999998092651367     
 mdl_ymt =    173.00000000000000     
 mdl_yme =   5.10999991092830896E-004
 mdl_ymm =   0.10565999895334244     
 mdl_ymtau =    1.7769999504089355     
 mdl_WT =    1.4915000200271606     
 mdl_WTau =   2.26999999999999982E-012
 mdl_WZ =    2.4414041042327881     
 mdl_WW =    2.0476000308990479     
 mdl_WH =   6.38233916833996773E-003
  Internal Params
  ---------------------------------
  
 mdl_conjg__CKM3x3 =    1.0000000000000000     
 mdl_CKM3x3 =    1.0000000000000000     
 mdl_conjg__CKM1x1 =    1.0000000000000000     
 mdl_complexi =  (  0.0000000000000000     ,  1.0000000000000000     )
 mdl_MZ__exp__2 =    8315.2519896181766     
 mdl_MZ__exp__4 =    69143415.650849044     
 mdl_sqrt__2 =    1.4142135623730951     
 mdl_MH__exp__2 =    15625.000000000000     
 mdl_aEW =   7.54677089845565054E-003
 mdl_MW =    80.419007276179556     
 mdl_sqrt__aEW =   8.68721526063194194E-002
 mdl_ee =   0.30795376284704501     
 mdl_MW__exp__2 =    6467.2167312862202     
 mdl_sw2 =   0.22224645274001076     
 mdl_cw =   0.88190336616887299     
 mdl_sqrt__sw2 =   0.47143022043565552     
 mdl_sw =   0.47143022043565552     
 mdl_g1 =   0.34919218438279087     
 mdl_gw =   0.65323296958447097     
 mdl_vev =    246.21845810181631     
 mdl_vev__exp__2 =    60623.529110035874     
 mdl_lam =   0.12886910601690271     
 mdl_yb =   2.69955531549349904E-002
 mdl_ye =   2.93504850670934038E-006
 mdl_ym =   6.06883028478528356E-004
 mdl_yt =   0.99366614581500645     
 mdl_ytau =   1.02066167158167895E-002
 mdl_muH =    88.388347648318444     
 mdl_I1x33 =  ( 2.69955531549349904E-002,  0.0000000000000000     )
 mdl_I2x33 =  ( 0.99366614581500645     ,  0.0000000000000000     )
 mdl_I3x33 =  ( 0.99366614581500645     ,  0.0000000000000000     )
 mdl_I4x33 =  ( 2.69955531549349904E-002,  0.0000000000000000     )
 mdl_ee__exp__2 =   9.48355200516540348E-002
 mdl_sw__exp__2 =   0.22224645274001076     
 mdl_cw__exp__2 =   0.77775354725998924     
  Internal Params evaluated point by point
  ----------------------------------------
  
 mdl_sqrt__aS =   0.34351128178744839     
 mdl_G__exp__2 =    1.4828317414825511     
  Couplings of sm-lepton_masses
  ---------------------------------
  
         GC_3 =  -0.00000E+00  -0.30795E+00
        GC_50 =  -0.00000E+00  -0.28804E+00
        GC_59 =   0.00000E+00   0.82310E-01
        GC_89 =  -0.00000E+00  -0.20754E-05

 Collider parameters:
 --------------------

 Running at e e   machine @    10.000000000000000       GeV
 PDF set = none   
 alpha_s(Mz)= 0.1180 running at 2 loops.
 alpha_s(Mz)= 0.1180 running at 2 loops.
 Renormalization scale set on event-by-event basis
 Factorization   scale set on event-by-event basis


 getting user params
Enter number of events and max and min iterations: 
 Number of events and iterations         2000           9           3
Enter desired fractional accuracy: 
 Desired fractional accuracy:  -1.35570000000000005E-003
Enter 0 for fixed, 2 for adjustable grid: 
Suppress amplitude (0 no, 1 yes)? 
 Using suppressed amplitude.
Exact helicity sum (0 yes, n = number/event)? 
 Explicitly summing over helicities
Enter Configuration Number: 
Running Configuration Number:   22
 Not subdividing B.W.
 Attempting mappinvarients           1           5
 Completed mapping           5
 about to integrate            5        2000           9           3           5           1
 Keeping grid fixed.
  5 dimensions   2000 events  5 invarients  9 iterations  1 config(s),  (0.99)
 Using h-tuple random number sequence.
 Grid read from file
 Grid defined OK
 Set CM energy to         10.00
 Mapping Graph          22  to config          22
 No modification is setgrid, grid read from file
 No modification is setgrid, grid read from file
 Masses: 0.511E-03 0.511E-03 0.000E+00 0.511E-03 0.511E-03
  22   1   2   3   4   5
 Got moffset           2
Using random seed offsets    22 :      1
  with seed                   51
 Ranmar initialization seeds        3831       15741
  Particle       3       4       5
      Et >     0.0     0.0     0.0
       E >     0.0     0.0     0.0
     Eta <     5.0     5.0     5.0
   xqcut:      0.0     0.0     0.0
d R # 3  >    -0.0     0.4     0.4
d R # 4  >    -0.0    -0.0     0.0
s min # 3>     0.0     0.0     0.0
s min # 4>     0.0     0.0     0.0
xqcutij # 3>     0.0     0.0     0.0
xqcutij # 4>     0.0     0.0     0.0
 alpha_s for scale    2.2362380549953262       is   0.28376285888687691     
 Added good helicity            1   7.3086182192742104       in event            1
 Added good helicity            3  1.96943864753247648E-004  in event            1
 Added good helicity            5  0.69792424478913351       in event            1
 Added good helicity           10   7.2949563191360225       in event            1
 Added good helicity           12  1.96345115796469559E-004  in event            1
 Added good helicity           14  0.69808983187710727       in event            1
 Added good helicity           19  0.69809299097698863       in event            1
 Added good helicity           21  1.96346068334544261E-004  in event            1
 Added good helicity           23   7.2949893533145644       in event            1
 Added good helicity           28  0.69792424505029138       in event            1
 Added good helicity           30  1.96943930451340746E-004  in event            1
 Added good helicity           32   7.3086182165400029       in event            1
 Added good helicity            2  3.88862451308463126E-005  in event            2
 Added good helicity           13  3.24101982761715939E-005  in event            2
 Added good helicity           20  3.24128942980922592E-005  in event            2
 Added good helicity           31  3.88859321035859638E-005  in event            2
 Added good helicity           11  6.42523745073088348E-002  in event            3
 Added good helicity           15  6.21629428538145495E-006  in event            3
 Added good helicity           18  6.21566659065194663E-006  in event            3
 Added good helicity           22  6.42588637872279489E-002  in event            3
 Iteration  1   Mean: 0.8067E+06 Abs mean: 0.8067E+06   Fluctuation:  0.599E+05   0.232E+08     0.3%
  1    0.8067E+06 0.8067E+06 +- 0.5986E+05      2.72
 Writing out events   8963.6241955191799        2.7241151184502961     
 Relative summed weights:
  0.1000E+01  0.0000E+00
 Relative number of events:
  0.1000E+01  0.0000E+00
 Events:
        1348           0
 Iteration  2   Mean: 0.9174E+06 Abs mean: 0.9174E+06   Fluctuation:  0.552E+05   0.819E+08     0.4%
  2    0.9174E+06 0.9174E+06 +- 0.5515E+05      3.19
 Relative summed weights:
  0.1000E+01  0.0000E+00
 Relative number of events:
  0.1000E+01  0.0000E+00
 Events:
        2820           0
 Iteration  3   Mean: 0.9017E+06 Abs mean: 0.9017E+06   Fluctuation:  0.407E+05   0.149E+09     0.3%
  3    0.9017E+06 0.9017E+06 +- 0.4067E+05      3.36
 Relative summed weights:
  0.1000E+01  0.0000E+00
 Relative number of events:
  0.1000E+01  0.0000E+00
 Events:
        5555           0
 Found         3890  events.
 Wrote           34  events.
 Actual xsec    888109.40551416622     
 Correct abs xsec    888109.40551416622     
 Event xsec    888109.40551416564     
 Events wgts > 1:            1
 % Cross section > 1:   3.73376453353557736E-004  4.20417181751828939E-008
 Checking number of events   1204.0099210555552               34  chi2:    1.1214215582153964     
 Found         3890  events.
 Wrote           33  events.
 Actual xsec    888109.40551416622     
 Correct abs xsec    888109.40551416622     
 Event xsec    888109.40551416564     
 Events wgts > 1:            1
 % Cross section > 1:   3.84690891223726794E-004  4.33157096226238354E-008
 Iteration  4   Mean: 0.1092E+07 Abs mean: 0.1092E+07   Fluctuation:  0.173E+06   0.171E+10     0.3%
  4    0.1092E+07 0.1092E+07 +- 0.1729E+06     16.72
 Relative summed weights:
  0.1000E+01  0.0000E+00
 Relative number of events:
  0.1000E+01  0.0000E+00
 Events:
       11149           0
 Found         7731  events.
 Wrote            6  events.
 Actual xsec    916461.97896690655     
 Correct abs xsec    916461.97896690655     
 Event xsec    916461.97896690667     
 Events wgts > 1:            1
 % Cross section > 1:   6.90375891281291842E-003  7.53305545811651375E-007
 Checking number of events   1242.4475048854354                6  chi2:   0.58135313506663611     
 Found         7731  events.
 Wrote            5  events.
 Actual xsec    916461.97896690655     
 Correct abs xsec    916461.97896690655     
 Event xsec    916461.97896690643     
 Events wgts > 1:            1
 % Cross section > 1:   8.28451069537550211E-003  9.03966654973981904E-007
 Iteration  5   Mean: 0.9334E+06 Abs mean: 0.9334E+06   Fluctuation:  0.316E+05   0.490E+09     0.3%
  5    0.9334E+06 0.9334E+06 +- 0.3159E+05      5.07
 Relative summed weights:
  0.1000E+01  0.0000E+00
 Relative number of events:
  0.1000E+01  0.0000E+00
 Events:
       22393           0
 Found        15354  events.
 Wrote           49  events.
 Actual xsec    926794.81153194373     
 Correct abs xsec    926794.81153194373     
 Event xsec    926794.81153194385     
 Events wgts > 1:            0
 % Cross section > 1:    0.0000000000000000        0.0000000000000000     
 Checking number of events   1256.4557259938563               49  chi2:   0.66886459717952329     
 Found        15354  events.
 Wrote           61  events.
 Actual xsec    926794.81153194373     
 Correct abs xsec    926794.81153194373     
 Event xsec    926794.81153194199     
 Events wgts > 1:            0
 % Cross section > 1:    0.0000000000000000        0.0000000000000000     
 Iteration  6   Mean: 0.9654E+06 Abs mean: 0.9654E+06   Fluctuation:  0.582E+05   0.244E+10     0.4%
  6    0.9654E+06 0.9654E+06 +- 0.5816E+05     12.77
 Relative summed weights:
  0.1000E+01  0.0000E+00
 Relative number of events:
  0.1000E+01  0.0000E+00
 Events:
       44920           0
 Found        30775  events.
 Wrote           12  events.
 Actual xsec    946153.38376010349     
 Correct abs xsec    946153.38376010349     
 Event xsec    946153.38376010372     
 Events wgts > 1:            1
 % Cross section > 1:   3.78896604524925351E-003  4.00460021629002852E-007
 Checking number of events   1282.7001423635722               12  chi2:   0.49194603345855109     
 Found        30775  events.
 Wrote           22  events.
 Actual xsec    946153.38376010349     
 Correct abs xsec    946153.38376010349     
 Event xsec    946153.38376010384     
 Events wgts > 1:            1
 % Cross section > 1:   2.06670875923009589E-003  2.18432739839369192E-007
 Iteration  7   Mean: 0.9192E+06 Abs mean: 0.9192E+06   Fluctuation:  0.245E+05   0.179E+10     0.3%
  7    0.9192E+06 0.9192E+06 +- 0.2452E+05      7.94
 Relative summed weights:
  0.1000E+01  0.0000E+00
 Relative number of events:
  0.1000E+01  0.0000E+00
 Events:
       88539           0
 Found        60971  events.
 Wrote           43  events.
 Actual xsec    929043.19147910166     
 Correct abs xsec    929043.19147910166     
 Event xsec    929043.19147910189     
 Events wgts > 1:            0
 % Cross section > 1:    0.0000000000000000        0.0000000000000000     
 Checking number of events   1259.5038546882181               43  chi2:   0.28592706130359785     
 Found        60971  events.
 Wrote           53  events.
 Actual xsec    929043.19147910166     
 Correct abs xsec    929043.19147910166     
 Event xsec    929043.19147910166     
 Events wgts > 1:            0
 % Cross section > 1:    0.0000000000000000        0.0000000000000000     
 Iteration  8   Mean: 0.9213E+06 Abs mean: 0.9213E+06   Fluctuation:  0.114E+05   0.726E+09     0.3%
  8    0.9213E+06 0.9213E+06 +- 0.1138E+05      5.21
 Relative summed weights:
  0.1000E+01  0.0000E+00
 Relative number of events:
  0.1000E+01  0.0000E+00
 Events:
      178093           0
 Found       122915  events.
 Wrote          465  events.
 Actual xsec    922406.80450847582     
 Correct abs xsec    922406.80450847582     
 Event xsec    922406.80450846849     
 Events wgts > 1:           10
 % Cross section > 1:    7045.1845379490533       0.76378280206890781     
 Checking number of events   1250.5069048721407              465  chi2:   0.28721291932257403     
 Found       122915  events.
 Wrote          461  events.
 Actual xsec    922406.80450847582     
 Correct abs xsec    922406.80450847582     
 Event xsec    922406.80450848548     
 Events wgts > 1:           10
 % Cross section > 1:    7105.8432045834197       0.77035893163969515     
 Iteration  9   Mean: 0.9324E+06 Abs mean: 0.9324E+06   Fluctuation:  0.120E+05   0.240E+10     0.3%
  9    0.9324E+06 0.9324E+06 +- 0.1202E+05      7.69
 Relative summed weights:
  0.1000E+01  0.0000E+00
 Relative number of events:
  0.1000E+01  0.0000E+00
 Events:
      356053           0
 Error done early      199997      200000
 Error done early      199998      200000
 Error done early      199999      200000
 Error done early      200000      200000
 Found       200000  events.
 Wrote          447  events.
 Actual xsec    925856.00330049498     
 Correct abs xsec    925856.00330049498     
 Event xsec    925856.00330048823     
 Events wgts > 1:            5
 % Cross section > 1:    8759.8179566921171       0.94613178782285245     
 Checking number of events   1255.1829836744812              447  chi2:   0.26519455231273381     
 Error done early      199997      200000
 Error done early      199998      200000
 Error done early      199999      200000
 Error done early      200000      200000
 Found       200000  events.
 Wrote          462  events.
 Actual xsec    925856.00330049498     
 Correct abs xsec    925856.00330049498     
 Event xsec    925856.00330050546     
 Events wgts > 1:            5
 % Cross section > 1:    8478.0126065477543       0.91569451149263026     

 -------------------------------------------------------------------------------
 Accumulated results:   Integral =  0.9251E+06
                        Std dev  =  0.7289E+04
                       Cross sec =  0.9251E+06
             Chi**2 per DoF.     =      0.7177
 -------------------------------------------------------------------------------
-------------------------------------------------
---------------------------
 Results Last   3 iters: Integral =   0.9259E+06
                     Abs integral =   0.9259E+06
                          Std dev =   0.7833E+04
                  Chi**2 per DoF. =      0.2652
-------------------------------------------------
---------------------------
 Status -1.35570000000000005E-003          10           9
 Trying w/ fresh grid
 Starting w/ ncall =         8000
 Keeping grid fixed.
  5 dimensions   8000 events  5 invarients  8 iterations  1 config(s),  (0.99)
 Using h-tuple random number sequence.
 Error opening grid
 Using Uniform Grid!
 Using uniform alpha   1.0000000000000000     
 Grid defined OK
Setting grid   1    0.26112E-08   1
Setting grid   2    0.10000E-05   1
 Iteration  1   Mean: 0.8262E+06 Abs mean: 0.8262E+06   Fluctuation:  0.723E+05   0.298E+09    30.8%
  1    0.8262E+06 0.8262E+06 +- 0.7232E+05      7.83
 Relative summed weights:
  0.1000E+01  0.0000E+00
 Relative number of events:
  0.1000E+01  0.0000E+00
 Events:
        8000           0
 Iteration  2   Mean: 0.8779E+06 Abs mean: 0.8779E+06   Fluctuation:  0.136E+05   0.208E+08    36.8%
  2    0.8779E+06 0.8779E+06 +- 0.1358E+05      1.96
 Relative summed weights:
  0.1000E+01  0.0000E+00
 Relative number of events:
  0.1000E+01  0.0000E+00
 Events:
       16000           0
 Iteration  3   Mean: 0.8738E+06 Abs mean: 0.8738E+06   Fluctuation:  0.676E+04   0.797E+07    34.5%
  3    0.8738E+06 0.8738E+06 +- 0.6762E+04      1.38
 Relative summed weights:
  0.1000E+01  0.0000E+00
 Relative number of events:
  0.1000E+01  0.0000E+00
 Events:
       32000           0
 Found         8981  events.
 Wrote         7052  events.
 Actual xsec    874343.20448592503     
 Correct abs xsec    874343.20448592503     
 Event xsec    874343.20448586787     
 Events wgts > 1:          369
 % Cross section > 1:    8801.6548366202114        1.0066590317695405     
 Checking number of events   1185.3470823215687             7052  chi2:   0.25877833884961349     

 -------------------------------------------------------------------------------
 Accumulated results:   Integral =  0.8743E+06
                        Std dev  =  0.6033E+04
                       Cross sec =  0.2354E+00
             Chi**2 per DoF.     =
-------------------------------------------------
---------------------------
 Results Last   3 iters: Integral =   0.8743E+06
                     Abs integral =   0.8743E+06
                         Std dev =   0.6033E+04
                 Chi**2 per DoF. =      0.2588
-------------------------------------------------
---------------------------

ls status:
events.lhe
fail.log
ftn25
ftn26
input_sg.txt
log.txt
moffset.dat
results.dat
run_01_ftn26.gz
run_01_log.txt
run_01_results.dat
run1_app.log
