 Process in group number            0
 No PDF is used, alpha_s(MZ) from param_card is used
 Value of alpha_s from param_card:   0.11800000071525575     
 The default order of alpha_s running is fixed to            2
<<<<<<< HEAD
=======
 Warning: pt or E min of a gamma should in general be >0
 Warning: pt or E min of a gamma should in general be >0
 Warning: pt or E min of a gamma should in general be >0
>>>>>>> 911b5ec345c81b054214c521136984e9d6306827
 *****************************************************
 *               MadGraph/MadEvent                   *
 *        --------------------------------           *
 *          http://madgraph.hep.uiuc.edu             *
 *          http://madgraph.phys.ucl.ac.be           *
 *          http://madgraph.roma2.infn.it            *
 *        --------------------------------           *
 *                                                   *
 *          PARAMETER AND COUPLING VALUES            *
 *                                                   *
 *****************************************************

  External Params
  ---------------------------------
  
 aEWM1 =    132.50700378417969     
 mdl_Gf =   1.16639000000000003E-005
 aS =   0.11800000071525575     
 mdl_ymb =    4.6999998092651367     
 mdl_ymt =    173.00000000000000     
 mdl_yme =   5.10999991092830896E-004
 mdl_ymm =   0.10565999895334244     
 mdl_ymtau =    1.7769999504089355     
 mdl_MZ =    91.188003540039063     
 mdl_MT =    173.00000000000000     
 mdl_MB =    4.6999998092651367     
 mdl_MH =    125.00000000000000     
 mdl_Me =   5.10999991092830896E-004
 mdl_MM =   0.10565999895334244     
 mdl_MTA =    1.7769999504089355     
 mdl_WZ =    2.4414041042327881     
 mdl_WW =    2.0476000308990479     
 mdl_WT =    1.4915000200271606     
 mdl_WH =   6.38233916833996773E-003
 mdl_WTau =   2.26999999999999982E-012
  Internal Params
  ---------------------------------
  
 mdl_conjg__CKM3x3 =    1.0000000000000000     
 mdl_CKM3x3 =    1.0000000000000000     
 mdl_conjg__CKM1x1 =    1.0000000000000000     
 mdl_complexi =  (  0.0000000000000000     ,  1.0000000000000000     )
 mdl_MZ__exp__2 =    8315.2519896181766     
 mdl_MZ__exp__4 =    69143415.650849044     
 mdl_sqrt__2 =    1.4142135623730951     
 mdl_MH__exp__2 =    15625.000000000000     
 mdl_aEW =   7.54677089845565054E-003
 mdl_MW =    80.419007276179556     
 mdl_sqrt__aEW =   8.68721526063194194E-002
 mdl_ee =   0.30795376284704501     
 mdl_MW__exp__2 =    6467.2167312862202     
 mdl_sw2 =   0.22224645274001076     
 mdl_cw =   0.88190336616887299     
 mdl_sqrt__sw2 =   0.47143022043565552     
 mdl_sw =   0.47143022043565552     
 mdl_g1 =   0.34919218438279087     
 mdl_gw =   0.65323296958447097     
 mdl_vev =    246.21845810181631     
 mdl_vev__exp__2 =    60623.529110035874     
 mdl_lam =   0.12886910601690271     
 mdl_yb =   2.69955531549349904E-002
 mdl_ye =   2.93504850670934038E-006
 mdl_ym =   6.06883028478528356E-004
 mdl_yt =   0.99366614581500645     
 mdl_ytau =   1.02066167158167895E-002
 mdl_muH =    88.388347648318444     
 mdl_I1x33 =  ( 2.69955531549349904E-002,  0.0000000000000000     )
 mdl_I2x33 =  ( 0.99366614581500645     ,  0.0000000000000000     )
 mdl_I3x33 =  ( 0.99366614581500645     ,  0.0000000000000000     )
 mdl_I4x33 =  ( 2.69955531549349904E-002,  0.0000000000000000     )
 mdl_ee__exp__2 =   9.48355200516540348E-002
 mdl_sw__exp__2 =   0.22224645274001076     
 mdl_cw__exp__2 =   0.77775354725998924     
  Internal Params evaluated point by point
  ----------------------------------------
  
 mdl_sqrt__aS =   0.34351128178744839     
 mdl_G__exp__2 =    1.4828317414825511     
  Couplings of sm-lepton_masses
  ---------------------------------
  
         GC_3 =  -0.00000E+00  -0.30795E+00

 Collider parameters:
 --------------------

<<<<<<< HEAD
 Running at e e   machine @   7.14879999999999960E-002  GeV
=======
 Running at e e   machine @   7.00000000000000067E-002  GeV
>>>>>>> 911b5ec345c81b054214c521136984e9d6306827
 PDF set = none   
 alpha_s(Mz)= 0.1180 running at 2 loops.
 alpha_s(Mz)= 0.1180 running at 2 loops.
 Renormalization scale fixed @    91.188000000000002     
 Factorization scales  fixed @    91.188000000000002        91.188000000000002     


 getting user params
Enter number of events and max and min iterations: 
<<<<<<< HEAD
 Number of events and iterations         2000           9           3
Enter desired fractional accuracy: 
 Desired fractional accuracy:  -1.03289999999999995E-004
=======
 Number of events and iterations         1000           9           3
Enter desired fractional accuracy: 
 Desired fractional accuracy:  -4.27509999999999978E-004
>>>>>>> 911b5ec345c81b054214c521136984e9d6306827
Enter 0 for fixed, 2 for adjustable grid: 
Suppress amplitude (0 no, 1 yes)? 
 Using suppressed amplitude.
Exact helicity sum (0 yes, n = number/event)? 
 Explicitly summing over helicities
Enter Configuration Number: 
Running Configuration Number:    1
 Not subdividing B.W.
 Attempting mappinvarients           1           5
 Completed mapping           5
<<<<<<< HEAD
 about to integrate            5        2000           9           3           5           1
 Using non-zero grid deformation.
  5 dimensions   2000 events  5 invarients  9 iterations  1 config(s),  (0.99)
 Using h-tuple random number sequence.
 Error opening grid
 Using Uniform Grid!
 Using uniform alpha   1.0000000000000000     
 Grid defined OK
 Set CM energy to          0.07
 Mapping Graph           1  to config           1
Setting grid   1    0.17611E-04   1
Setting grid   2    0.17611E-04   1
=======
 about to integrate            5        1000           9           3           5           1
 Keeping grid fixed.
  5 dimensions   1000 events  5 invarients  9 iterations  1 config(s),  (0.99)
 Using h-tuple random number sequence.
 Grid read from file
 Grid defined OK
 Set CM energy to          0.07
 Mapping Graph           1  to config           1
 Warning: No cutoff for shat integral found
          Minimum set to    204.08163265306121     
 No modification is setgrid, grid read from file
 Warning: No cutoff for shat integral found
          Minimum set to    204.08163265306121     
 No modification is setgrid, grid read from file
>>>>>>> 911b5ec345c81b054214c521136984e9d6306827
 Masses: 0.511E-03 0.511E-03 0.000E+00 0.000E+00 0.000E+00
   1   1   2   3   4   5
 Got moffset           7
Using random seed offsets     1 :      1
<<<<<<< HEAD
  with seed                  114
 Ranmar initialization seeds       20445        1510
=======
  with seed                   48
 Ranmar initialization seeds       30234        1441
>>>>>>> 911b5ec345c81b054214c521136984e9d6306827
  Particle       3       4       5
      Et >     0.0     0.0     0.0
       E >     0.0     0.0     0.0
     Eta <    -1.0    -1.0    -1.0
   xqcut:      0.0     0.0     0.0
d R # 3  >    -0.0     0.0     0.0
d R # 4  >    -0.0    -0.0     0.0
s min # 3>     0.0     0.0     0.0
s min # 4>     0.0     0.0     0.0
xqcutij # 3>     0.0     0.0     0.0
xqcutij # 4>     0.0     0.0     0.0
 alpha_s for scale    91.188000000000002       is   0.11800000071525575     
<<<<<<< HEAD
 Added good helicity            1  0.78267192851876555       in event            1
 Added good helicity            2  2.99468034309189394E-005  in event            1
 Added good helicity            3   3.9281325538682044       in event            1
 Added good helicity            4  1.81880200813737089E-006  in event            1
 Added good helicity            5   1.3857208594103239       in event            1
 Added good helicity            6  8.53238028053364121E-006  in event            1
 Added good helicity           10   1.7297697628252915       in event            1
 Added good helicity           11  3.97454869199423964E-004  in event            1
 Added good helicity           12   4.3132385923667318       in event            1
 Added good helicity           13  2.13549247380881525E-005  in event            1
 Added good helicity           14   3.8600071290468039       in event            1
 Added good helicity           19   3.8600071290468039       in event            1
 Added good helicity           20  2.13549247380881558E-005  in event            1
 Added good helicity           21   4.3132385923667327       in event            1
 Added good helicity           22  3.97454869199424018E-004  in event            1
 Added good helicity           23   1.7297697628252922       in event            1
 Added good helicity           27  8.53238028053364121E-006  in event            1
 Added good helicity           28   1.3857208594103239       in event            1
 Added good helicity           29  1.81880200813737089E-006  in event            1
 Added good helicity           30   3.9281325538682057       in event            1
 Added good helicity           31  2.99468034309189292E-005  in event            1
 Added good helicity           32  0.78267192851876632       in event            1
 Added good helicity            7  7.97297730460041853E-005  in event            2
 Added good helicity           15  2.42816437507132263E-002  in event            2
 Added good helicity           18  2.42816437507132263E-002  in event            2
 Added good helicity           26  7.97297730460041853E-005  in event            2
 Iteration  1   Mean: 0.3128E+08 Abs mean: 0.3128E+08   Fluctuation:  0.207E+07   0.239E+10    99.3%
  1    0.3128E+08 0.3128E+08 +- 0.2070E+07      2.96
 Writing out events   1750.7775071957769        2.9593335707110406     
 Relative summed weights:
  0.1899E+00  0.0000E+00
  0.1738E+00  0.0000E+00
  0.1253E+00  0.0000E+00
  0.1693E+00  0.0000E+00
  0.1730E+00  0.0000E+00
  0.1686E+00  0.0000E+00
 Relative number of events:
  0.1605E+00  0.0000E+00
  0.1790E+00  0.0000E+00
  0.1635E+00  0.0000E+00
  0.1650E+00  0.0000E+00
  0.1725E+00  0.0000E+00
  0.1595E+00  0.0000E+00
 Events:
         321           0
         358           0
         327           0
         330           0
         345           0
         319           0
 Iteration  2   Mean: 0.3987E+08 Abs mean: 0.3987E+08   Fluctuation:  0.361E+07   0.795E+10    98.0%
  2    0.3987E+08 0.3987E+08 +- 0.3609E+07      5.72
 Relative summed weights:
  0.2144E+00  0.0000E+00
  0.2004E+00  0.0000E+00
  0.1351E+00  0.0000E+00
  0.1892E+00  0.0000E+00
  0.1263E+00  0.0000E+00
  0.1345E+00  0.0000E+00
 Relative number of events:
  0.1660E+00  0.0000E+00
  0.1690E+00  0.0000E+00
  0.1678E+00  0.0000E+00
  0.1727E+00  0.0000E+00
  0.1643E+00  0.0000E+00
  0.1603E+00  0.0000E+00
 Events:
         664           0
         676           0
         671           0
         691           0
         657           0
         641           0
 Iteration  3   Mean: 0.4050E+08 Abs mean: 0.4050E+08   Fluctuation:  0.164E+07   0.682E+10    97.9%
  3    0.4050E+08 0.4050E+08 +- 0.1635E+07      3.61
 Relative summed weights:
  0.1467E+00  0.0000E+00
  0.1596E+00  0.0000E+00
  0.1524E+00  0.0000E+00
  0.1824E+00  0.0000E+00
  0.1905E+00  0.0000E+00
  0.1683E+00  0.0000E+00
 Relative number of events:
  0.1686E+00  0.0000E+00
  0.1668E+00  0.0000E+00
  0.1659E+00  0.0000E+00
  0.1633E+00  0.0000E+00
  0.1719E+00  0.0000E+00
  0.1636E+00  0.0000E+00
 Events:
        1349           0
        1334           0
        1327           0
        1306           0
        1375           0
        1309           0
 Found          731  events.
 Wrote           55  events.
 Actual xsec    38232743.438181497     
 Correct abs xsec    38232743.438181497     
 Event xsec    38232743.438181520     
 Events wgts > 1:            2
 % Cross section > 1:    227914.19262899051       0.59612304044438957     
 Checking number of events   3949.0600697297668               55  chi2:    6.7033932682213369     
 Found          731  events.
 Wrote           73  events.
 Actual xsec    38232743.438181497     
 Correct abs xsec    38232743.438181497     
 Event xsec    38232743.438181542     
 Events wgts > 1:            2
 % Cross section > 1:    171968.94838385691       0.44979494778320894     
 Iteration  4   Mean: 0.4019E+08 Abs mean: 0.4019E+08   Fluctuation:  0.959E+06   0.605E+10    97.5%
  4    0.4019E+08 0.4019E+08 +- 0.9593E+06      3.02
 Relative summed weights:
  0.1650E+00  0.0000E+00
  0.1751E+00  0.0000E+00
  0.1741E+00  0.0000E+00
  0.1631E+00  0.0000E+00
  0.1624E+00  0.0000E+00
  0.1603E+00  0.0000E+00
 Relative number of events:
  0.1723E+00  0.0000E+00
  0.1678E+00  0.0000E+00
  0.1669E+00  0.0000E+00
  0.1634E+00  0.0000E+00
  0.1636E+00  0.0000E+00
  0.1660E+00  0.0000E+00
 Events:
        2757           0
        2684           0
        2670           0
        2615           0
        2618           0
        2656           0
 Found         1459  events.
 Wrote          155  events.
 Actual xsec    40246530.720636927     
 Correct abs xsec    40246530.720636927     
 Event xsec    40246530.720636874     
 Events wgts > 1:            5
 % Cross section > 1:    235128.20659208499       0.58421981319130267     
 Checking number of events   4157.0641581345881              155  chi2:   1.89236550220652361E-002
 Found         1459  events.
 Wrote          141  events.
 Actual xsec    40246530.720636927     
 Correct abs xsec    40246530.720636927     
 Event xsec    40246530.720636867     
 Events wgts > 1:            5
 % Cross section > 1:    258324.42175471160       0.64185512919813681     
 Iteration  5   Mean: 0.4006E+08 Abs mean: 0.4006E+08   Fluctuation:  0.466E+06   0.410E+10    97.2%
  5    0.4006E+08 0.4006E+08 +- 0.4660E+06      2.08
 Relative summed weights:
  0.1618E+00  0.0000E+00
  0.1699E+00  0.0000E+00
  0.1638E+00  0.0000E+00
  0.1695E+00  0.0000E+00
  0.1649E+00  0.0000E+00
  0.1700E+00  0.0000E+00
 Relative number of events:
  0.1656E+00  0.0000E+00
  0.1663E+00  0.0000E+00
  0.1656E+00  0.0000E+00
  0.1654E+00  0.0000E+00
  0.1689E+00  0.0000E+00
  0.1682E+00  0.0000E+00
 Events:
        5298           0
        5322           0
        5300           0
        5294           0
        5404           0
        5382           0
 Found         3072  events.
 Wrote          747  events.
 Actual xsec    40110770.902844384     
 Correct abs xsec    40110770.902844384     
 Event xsec    40110770.902844414     
 Events wgts > 1:           18
 % Cross section > 1:    384065.49134325108       0.95751211631790267     
 Checking number of events   4143.0415265547963              747  chi2:   3.63723209512346116E-002
 Found         3072  events.
 Wrote          746  events.
 Actual xsec    40110770.902844384     
 Correct abs xsec    40110770.902844384     
 Event xsec    40110770.902844682     
 Events wgts > 1:           18
 % Cross section > 1:    384575.38830759935       0.95878333836841079     
 Iteration  6   Mean: 0.4094E+08 Abs mean: 0.4094E+08   Fluctuation:  0.308E+06   0.460E+10    97.2%
  6    0.4094E+08 0.4094E+08 +- 0.3077E+06      1.90
 Relative summed weights:
  0.1621E+00  0.0000E+00
  0.1716E+00  0.0000E+00
  0.1681E+00  0.0000E+00
  0.1723E+00  0.0000E+00
  0.1660E+00  0.0000E+00
  0.1599E+00  0.0000E+00
 Relative number of events:
  0.1663E+00  0.0000E+00
  0.1655E+00  0.0000E+00
  0.1688E+00  0.0000E+00
  0.1668E+00  0.0000E+00
  0.1673E+00  0.0000E+00
  0.1654E+00  0.0000E+00
 Events:
       10641           0
       10590           0
       10803           0
       10676           0
       10706           0
       10584           0
 Found         6309  events.
 Wrote         1777  events.
 Actual xsec    40647049.809815787     
 Correct abs xsec    40647049.809815787     
 Event xsec    40647049.809814662     
 Events wgts > 1:           36
 % Cross section > 1:    400076.76475139777       0.98427011707697165     
 Checking number of events   4198.4337748558728             1777  chi2:    1.3514050320285571     
 Found         6309  events.
 Wrote         1837  events.
 Actual xsec    40647049.809815787     
 Correct abs xsec    40647049.809815787     
 Event xsec    40647049.809814312     
 Events wgts > 1:           36
 % Cross section > 1:    387133.93444802519       0.95242812518843833     
 Iteration  7   Mean: 0.4085E+08 Abs mean: 0.4085E+08   Fluctuation:  0.210E+06   0.428E+10    97.0%
  7    0.4085E+08 0.4085E+08 +- 0.2102E+06      1.84
 Relative summed weights:
  0.1633E+00  0.0000E+00
  0.1665E+00  0.0000E+00
  0.1688E+00  0.0000E+00
  0.1664E+00  0.0000E+00
  0.1689E+00  0.0000E+00
  0.1661E+00  0.0000E+00
 Relative number of events:
  0.1655E+00  0.0000E+00
  0.1661E+00  0.0000E+00
  0.1687E+00  0.0000E+00
  0.1666E+00  0.0000E+00
  0.1659E+00  0.0000E+00
  0.1671E+00  0.0000E+00
 Events:
       21189           0
       21262           0
       21599           0
       21323           0
       21240           0
       21387           0
 Found        12512  events.
 Wrote         3665  events.
 Actual xsec    40783147.940294556     
 Correct abs xsec    40783147.940294556     
 Event xsec    40783147.940298565     
 Events wgts > 1:           65
 % Cross section > 1:    409135.04502161802        1.0031963339871179     
 Checking number of events   4212.4913507530246             3665  chi2:    1.3796850433415548     
 Found        12512  events.
 Wrote         3651  events.
 Actual xsec    40783147.940294556     
 Correct abs xsec    40783147.940294556     
 Event xsec    40783147.940299667     
 Events wgts > 1:           65
 % Cross section > 1:    410688.10186044406        1.0070044187408707     
 Iteration  8   Mean: 0.4034E+08 Abs mean: 0.4034E+08   Fluctuation:  0.130E+06   0.596E+10    96.8%
  8    0.4034E+08 0.4034E+08 +- 0.1297E+06      1.63
 Relative summed weights:
  0.1649E+00  0.0000E+00
  0.1673E+00  0.0000E+00
  0.1679E+00  0.0000E+00
  0.1662E+00  0.0000E+00
  0.1660E+00  0.0000E+00
  0.1678E+00  0.0000E+00
 Relative number of events:
  0.1658E+00  0.0000E+00
  0.1670E+00  0.0000E+00
  0.1669E+00  0.0000E+00
  0.1670E+00  0.0000E+00
  0.1657E+00  0.0000E+00
  0.1677E+00  0.0000E+00
 Events:
       42448           0
       42747           0
       42719           0
       42743           0
       42407           0
       42936           0
 Found        25171  events.
 Wrote         9811  events.
 Actual xsec    40535869.875932194     
 Correct abs xsec    40535869.875932194     
 Event xsec    40535869.875933990     
 Events wgts > 1:          195
 % Cross section > 1:    404222.51488565368       0.99719709018909997     
 Checking number of events   4186.9499994850357             9811  chi2:    3.1365643793206446     

 -------------------------------------------------------------------------------
 Accumulated results:   Integral =  0.4050E+08
                        Std dev  =  0.1005E+06
                       Cross sec =  0.2756E+01
             Chi**2 per DoF.     =
-------------------------------------------------
---------------------------
 Results Last   3 iters: Integral =   0.4054E+08
                     Abs integral =   0.4054E+08
                          Std dev =   0.1039E+06
                  Chi**2 per DoF. =      3.1366
-------------------------------------------------
---------------------------
 Status -1.03289999999999995E-004           9           9
 We found enough events        9811   4186.9499994850357     
=======
 Added good helicity            1  0.30127378552599748       in event            1
 Added good helicity            2  7.38535057629245142E-005  in event            1
 Added good helicity            3  0.40934266899311478       in event            1
 Added good helicity            4  1.04913552051490974E-005  in event            1
 Added good helicity            5  0.72268078309309225       in event            1
 Added good helicity            6  2.68113999692813190E-005  in event            1
 Added good helicity           10   2.8896477889055454       in event            1
 Added good helicity           11  1.81866822022191867E-003  in event            1
 Added good helicity           12   3.1061175151410683       in event            1
 Added good helicity           13  8.04809334338618611E-004  in event            1
 Added good helicity           14   8.5682016297519326       in event            1
 Added good helicity           19   8.5682016297519326       in event            1
 Added good helicity           20  8.04809334338618503E-004  in event            1
 Added good helicity           21   3.1061175151410683       in event            1
 Added good helicity           22  1.81866822022191867E-003  in event            1
 Added good helicity           23   2.8896477889055445       in event            1
 Added good helicity           27  2.68113999692813190E-005  in event            1
 Added good helicity           28  0.72268078309309225       in event            1
 Added good helicity           29  1.04913552051491058E-005  in event            1
 Added good helicity           30  0.40934266899311478       in event            1
 Added good helicity           31  7.38535057629245142E-005  in event            1
 Added good helicity           32  0.30127378552599732       in event            1
 Added good helicity            7  1.77835816890064213E-004  in event            2
 Added good helicity           15  8.25331107022157506E-002  in event            2
 Added good helicity           18  8.25331107022157506E-002  in event            2
 Added good helicity           26  1.77835816890064213E-004  in event            2
 Iteration  1   Mean: 0.1237E+09 Abs mean: 0.1237E+09   Fluctuation:  0.832E+07   0.561E+10    99.5%
  1    0.1237E+09 0.1237E+09 +- 0.8325E+07      2.13
 Writing out events   13813.828183279486        2.1280130671940718     
 Relative summed weights:
  0.1449E+00  0.0000E+00
  0.1994E+00  0.0000E+00
  0.1522E+00  0.0000E+00
  0.1776E+00  0.0000E+00
  0.1532E+00  0.0000E+00
  0.1727E+00  0.0000E+00
 Relative number of events:
  0.1660E+00  0.0000E+00
  0.1680E+00  0.0000E+00
  0.1790E+00  0.0000E+00
  0.1670E+00  0.0000E+00
  0.1750E+00  0.0000E+00
  0.1450E+00  0.0000E+00
 Events:
         166           0
         168           0
         179           0
         167           0
         175           0
         145           0
 Iteration  2   Mean: 0.1224E+09 Abs mean: 0.1224E+09   Fluctuation:  0.705E+07   0.925E+10    99.3%
  2    0.1224E+09 0.1224E+09 +- 0.7050E+07      2.58
 Relative summed weights:
  0.1407E+00  0.0000E+00
  0.1397E+00  0.0000E+00
  0.2319E+00  0.0000E+00
  0.1260E+00  0.0000E+00
  0.2005E+00  0.0000E+00
  0.1612E+00  0.0000E+00
 Relative number of events:
  0.1565E+00  0.0000E+00
  0.1610E+00  0.0000E+00
  0.1750E+00  0.0000E+00
  0.1455E+00  0.0000E+00
  0.1825E+00  0.0000E+00
  0.1795E+00  0.0000E+00
 Events:
         313           0
         322           0
         350           0
         291           0
         365           0
         359           0
 Iteration  3   Mean: 0.1168E+09 Abs mean: 0.1168E+09   Fluctuation:  0.412E+07   0.662E+10    99.1%
  3    0.1168E+09 0.1168E+09 +- 0.4119E+07      2.23
 Relative summed weights:
  0.1652E+00  0.0000E+00
  0.1590E+00  0.0000E+00
  0.1633E+00  0.0000E+00
  0.1833E+00  0.0000E+00
  0.1590E+00  0.0000E+00
  0.1702E+00  0.0000E+00
 Relative number of events:
  0.1693E+00  0.0000E+00
  0.1658E+00  0.0000E+00
  0.1633E+00  0.0000E+00
  0.1643E+00  0.0000E+00
  0.1655E+00  0.0000E+00
  0.1720E+00  0.0000E+00
 Events:
         677           0
         663           0
         653           0
         657           0
         662           0
         688           0
 Found          351  events.
 Wrote           87  events.
 Actual xsec    119220792.06836587     
 Correct abs xsec    119220792.06836587     
 Event xsec    119220792.06836616     
 Events wgts > 1:            3
 % Cross section > 1:    568221.97665541363       0.47661315345864463     
 Checking number of events   50968.080817147093               87  chi2:   0.42328659213599612     
 Found          351  events.
 Wrote           78  events.
 Actual xsec    119220792.06836587     
 Correct abs xsec    119220792.06836587     
 Event xsec    119220792.06836587     
 Events wgts > 1:            3
 % Cross section > 1:    633437.69926254079       0.53131478853059688     
 Iteration  4   Mean: 0.1302E+09 Abs mean: 0.1302E+09   Fluctuation:  0.546E+07   0.216E+11    99.2%
  4    0.1302E+09 0.1302E+09 +- 0.5465E+07      3.75
 Relative summed weights:
  0.1480E+00  0.0000E+00
  0.1591E+00  0.0000E+00
  0.1903E+00  0.0000E+00
  0.1870E+00  0.0000E+00
  0.1540E+00  0.0000E+00
  0.1614E+00  0.0000E+00
 Relative number of events:
  0.1626E+00  0.0000E+00
  0.1713E+00  0.0000E+00
  0.1684E+00  0.0000E+00
  0.1716E+00  0.0000E+00
  0.1588E+00  0.0000E+00
  0.1674E+00  0.0000E+00
 Events:
        1301           0
        1370           0
        1347           0
        1373           0
        1270           0
        1339           0
 Found          790  events.
 Wrote           69  events.
 Actual xsec    122361000.16088009     
 Correct abs xsec    122361000.16088009     
 Event xsec    122361000.16088012     
 Events wgts > 1:            2
 % Cross section > 1:    748066.67877332820       0.61136038262989911     
 Checking number of events   52310.551178777845               69  chi2:    1.9499594080060652     
 Found          790  events.
 Wrote           69  events.
 Actual xsec    122361000.16088009     
 Correct abs xsec    122361000.16088009     
 Event xsec    122361000.16088012     
 Events wgts > 1:            2
 % Cross section > 1:    748066.67877332820       0.61136038262989911     
 Iteration  5   Mean: 0.1176E+09 Abs mean: 0.1176E+09   Fluctuation:  0.295E+07   0.300E+11    99.2%
  5    0.1176E+09 0.1176E+09 +- 0.2948E+07      3.17
 Relative summed weights:
  0.1516E+00  0.0000E+00
  0.1627E+00  0.0000E+00
  0.1487E+00  0.0000E+00
  0.1946E+00  0.0000E+00
  0.1650E+00  0.0000E+00
  0.1774E+00  0.0000E+00
 Relative number of events:
  0.1663E+00  0.0000E+00
  0.1663E+00  0.0000E+00
  0.1663E+00  0.0000E+00
  0.1666E+00  0.0000E+00
  0.1651E+00  0.0000E+00
  0.1696E+00  0.0000E+00
 Events:
        2661           0
        2660           0
        2660           0
        2665           0
        2641           0
        2713           0
 Found         1369  events.
 Wrote           92  events.
 Actual xsec    119816575.51945916     
 Correct abs xsec    119816575.51945916     
 Event xsec    119816575.51945932     
 Events wgts > 1:            2
 % Cross section > 1:    634906.51119282935       0.52989872932039750     
 Checking number of events   51222.784200323978               92  chi2:    2.3557227997576344     
 Found         1369  events.
 Wrote          106  events.
 Actual xsec    119816575.51945916     
 Correct abs xsec    119816575.51945916     
 Event xsec    119816575.51945931     
 Events wgts > 1:            2
 % Cross section > 1:    551436.86629250110       0.46023420708009033     
 Iteration  6   Mean: 0.1325E+09 Abs mean: 0.1325E+09   Fluctuation:  0.118E+08   0.366E+12    99.3%
  6    0.1325E+09 0.1325E+09 +- 0.1180E+08     15.94
 Relative summed weights:
  0.2419E+00  0.0000E+00
  0.1498E+00  0.0000E+00
  0.1441E+00  0.0000E+00
  0.1602E+00  0.0000E+00
  0.1525E+00  0.0000E+00
  0.1516E+00  0.0000E+00
 Relative number of events:
  0.1644E+00  0.0000E+00
  0.1688E+00  0.0000E+00
  0.1650E+00  0.0000E+00
  0.1688E+00  0.0000E+00
  0.1660E+00  0.0000E+00
  0.1670E+00  0.0000E+00
 Events:
        5261           0
        5400           0
        5280           0
        5401           0
        5313           0
        5345           0
 Found         2970  events.
 Wrote           12  events.
 Actual xsec    121578002.66718382     
 Correct abs xsec    121578002.66718382     
 Event xsec    121578002.66718377     
 Events wgts > 1:            1
 % Cross section > 1:   0.30530202202498913       2.51116168490400747E-007
 Checking number of events   51975.811920247754               12  chi2:    2.5680632525531379     
 Found         2970  events.
 Wrote           15  events.
 Actual xsec    121578002.66718382     
 Correct abs xsec    121578002.66718382     
 Event xsec    121578002.66718382     
 Events wgts > 1:            1
 % Cross section > 1:   0.24424161855131388       2.00892935558349375E-007
 Iteration  7   Mean: 0.1181E+09 Abs mean: 0.1181E+09   Fluctuation:  0.135E+07   0.374E+11    99.2%
  7    0.1181E+09 0.1181E+09 +- 0.1353E+07      2.90
 Relative summed weights:
  0.1644E+00  0.0000E+00
  0.1705E+00  0.0000E+00
  0.1684E+00  0.0000E+00
  0.1757E+00  0.0000E+00
  0.1574E+00  0.0000E+00
  0.1637E+00  0.0000E+00
 Relative number of events:
  0.1677E+00  0.0000E+00
  0.1667E+00  0.0000E+00
  0.1677E+00  0.0000E+00
  0.1671E+00  0.0000E+00
  0.1643E+00  0.0000E+00
  0.1665E+00  0.0000E+00
 Events:
       10731           0
       10668           0
       10734           0
       10693           0
       10518           0
       10656           0
 Found         5265  events.
 Wrote          657  events.
 Actual xsec    118186729.31453122     
 Correct abs xsec    118186729.31453122     
 Event xsec    118186729.31453380     
 Events wgts > 1:            9
 % Cross section > 1:    1076418.9956480642       0.91077822517903750     
 Checking number of events   50526.008649255244              657  chi2:   0.75168735753804439     
 Found         5265  events.
 Wrote          647  events.
 Actual xsec    118186729.31453122     
 Correct abs xsec    118186729.31453122     
 Event xsec    118186729.31453414     
 Events wgts > 1:            9
 % Cross section > 1:    1092902.2271803729       0.92472499536880925     
 Iteration  8   Mean: 0.1210E+09 Abs mean: 0.1210E+09   Fluctuation:  0.149E+07   0.978E+11    99.2%
  8    0.1210E+09 0.1210E+09 +- 0.1493E+07      4.41
 Relative summed weights:
  0.1796E+00  0.0000E+00
  0.1682E+00  0.0000E+00
  0.1599E+00  0.0000E+00
  0.1663E+00  0.0000E+00
  0.1613E+00  0.0000E+00
  0.1647E+00  0.0000E+00
 Relative number of events:
  0.1659E+00  0.0000E+00
  0.1660E+00  0.0000E+00
  0.1672E+00  0.0000E+00
  0.1681E+00  0.0000E+00
  0.1659E+00  0.0000E+00
  0.1668E+00  0.0000E+00
 Events:
       21239           0
       21254           0
       21402           0
       21521           0
       21238           0
       21346           0
 Found        11757  events.
 Wrote          453  events.
 Actual xsec    119561075.69276145     
 Correct abs xsec    119561075.69276145     
 Event xsec    119561075.69276112     
 Events wgts > 1:            5
 % Cross section > 1:    1019332.7399090261       0.85256236948589281     
 Checking number of events   51113.555469412444              453  chi2:    1.7013702641635708     
 Found        11757  events.
 Wrote          453  events.
 Actual xsec    119561075.69276145     
 Correct abs xsec    119561075.69276145     
 Event xsec    119561075.69276112     
 Events wgts > 1:            5
 % Cross section > 1:    1019332.7399090261       0.85256236948589281     
 Iteration  9   Mean: 0.1207E+09 Abs mean: 0.1207E+09   Fluctuation:  0.108E+07   0.117E+12    99.2%
  9    0.1207E+09 0.1207E+09 +- 0.1080E+07      4.53
 Relative summed weights:
  0.1690E+00  0.0000E+00
  0.1672E+00  0.0000E+00
  0.1651E+00  0.0000E+00
  0.1653E+00  0.0000E+00
  0.1678E+00  0.0000E+00
  0.1655E+00  0.0000E+00
 Relative number of events:
  0.1656E+00  0.0000E+00
  0.1682E+00  0.0000E+00
  0.1661E+00  0.0000E+00
  0.1672E+00  0.0000E+00
  0.1666E+00  0.0000E+00
  0.1664E+00  0.0000E+00
 Events:
       42388           0
       43050           0
       42517           0
       42800           0
       42649           0
       42596           0
 Found        23141  events.
 Wrote         1038  events.
 Actual xsec    120042160.21155748     
 Correct abs xsec    120042160.21155748     
 Event xsec    120042160.21155657     
 Events wgts > 1:           11
 % Cross section > 1:    1187844.6762156785       0.98952290938640031     
 Checking number of events   51319.223912042937             1038  chi2:    1.4885761404723183     
 Found        23141  events.
 Wrote         1049  events.
 Actual xsec    120042160.21155748     
 Correct abs xsec    120042160.21155748     
 Event xsec    120042160.21155660     
 Events wgts > 1:           11
 % Cross section > 1:    1175510.7009880345       0.97924820656040357     

 -------------------------------------------------------------------------------
 Accumulated results:   Integral =  0.1201E+09
                        Std dev  =  0.6901E+06
                       Cross sec =  0.1201E+09
             Chi**2 per DoF.     =      1.2344
 -------------------------------------------------------------------------------
-------------------------------------------------
---------------------------
 Results Last   3 iters: Integral =   0.1200E+09
                     Abs integral =   0.1200E+09
                          Std dev =   0.7349E+06
                  Chi**2 per DoF. =      1.4886
-------------------------------------------------
---------------------------
 Status -4.27509999999999978E-004          10           9
 Trying w/ fresh grid
 Starting w/ ncall =         4000
 Keeping grid fixed.
  5 dimensions   4000 events  5 invarients  8 iterations  1 config(s),  (0.99)
 Using h-tuple random number sequence.
 Error opening grid
 Using Uniform Grid!
 Using uniform alpha   1.0000000000000000     
 Grid defined OK
 Warning: No cutoff for shat integral found
          Minimum set to    204.08163265306121     
Setting grid   1    0.20408E+03   1
 Warning: No cutoff for shat integral found
          Minimum set to    204.08163265306121     
Setting grid   2    0.20408E+03   1
Warning xbin not returning correct x   2  0.999996E+00  0.998934E+00  0.2837E+03
Warning xbin not returning correct x   2  0.999967E+00  0.990567E+00  0.2837E+03
Warning xbin not returning correct x   2  0.999986E+00  0.995896E+00  0.2837E+03
Warning xbin not returning correct x   2  0.999970E+00  0.991400E+00  0.2837E+03
Warning xbin not returning correct x   2  0.999992E+00  0.997859E+00  0.2837E+03
Warning xbin still not working well. Last message this iteration.
 Iteration  1   Mean: 0.2095E+08 Abs mean: 0.2095E+08   Fluctuation:  0.379E+07   0.878E+10    99.2%
  1    0.2095E+08 0.2095E+08 +- 0.3791E+07     11.44
 Relative summed weights:
  0.8903E-01  0.0000E+00
  0.1041E+00  0.0000E+00
  0.1069E+00  0.0000E+00
  0.9848E-01  0.0000E+00
  0.2073E+00  0.0000E+00
  0.3942E+00  0.0000E+00
 Relative number of events:
  0.1575E+00  0.0000E+00
  0.1722E+00  0.0000E+00
  0.1725E+00  0.0000E+00
  0.1585E+00  0.0000E+00
  0.1698E+00  0.0000E+00
  0.1695E+00  0.0000E+00
 Events:
         630           0
         689           0
         690           0
         634           0
         679           0
         678           0
Warning xbin not returning correct x   1  0.986767E+00  0.999799E+00  0.1543E-01
Warning xbin not returning correct x   1  0.994104E+00  0.999910E+00  0.1543E-01
Warning xbin not returning correct x   1  0.988775E+00  0.999829E+00  0.1543E-01
Warning xbin not returning correct x   1  0.987662E+00  0.999813E+00  0.1543E-01
Warning xbin not returning correct x   1  0.990106E+00  0.999850E+00  0.1543E-01
Warning xbin still not working well. Last message this iteration.
 Iteration  2   Mean: 0.2581E+07 Abs mean: 0.2581E+07   Fluctuation:  0.158E+06   0.645E+09    93.4%
  2    0.2581E+07 0.2581E+07 +- 0.1577E+06      5.47
 Relative summed weights:
  0.1715E+00  0.0000E+00
  0.1804E+00  0.0000E+00
  0.1415E+00  0.0000E+00
  0.1609E+00  0.0000E+00
  0.1752E+00  0.0000E+00
  0.1704E+00  0.0000E+00
 Relative number of events:
  0.1729E+00  0.0000E+00
  0.1669E+00  0.0000E+00
  0.1621E+00  0.0000E+00
  0.1628E+00  0.0000E+00
  0.1691E+00  0.0000E+00
  0.1663E+00  0.0000E+00
 Events:
        1383           0
        1335           0
        1297           0
        1302           0
        1353           0
        1330           0
 Iteration  3   Mean: 0.8905E+08 Abs mean: 0.8905E+08   Fluctuation:  0.435E+08   0.588E+12    99.9%
  3    0.8905E+08 0.8905E+08 +- 0.4352E+08     61.81
 Relative summed weights:
  0.6921E-01  0.0000E+00
  0.8742E-01  0.0000E+00
  0.5102E-01  0.0000E+00
  0.4487E+00  0.0000E+00
  0.5525E-01  0.0000E+00
  0.2885E+00  0.0000E+00
 Relative number of events:
  0.1674E+00  0.0000E+00
  0.1670E+00  0.0000E+00
  0.1706E+00  0.0000E+00
  0.1667E+00  0.0000E+00
  0.1629E+00  0.0000E+00
  0.1655E+00  0.0000E+00
 Events:
        2678           0
        2672           0
        2729           0
        2667           0
        2606           0
        2648           0
 Found         2068  events.
 Wrote            2  events.
 Actual xsec    5633203.3262665039     
 Correct abs xsec    5633203.3262665039     
 Event xsec    5633203.3262665039     
 Events wgts > 1:            1
 % Cross section > 1:   0.53670656122267246       9.52755528493205139E-006
 Checking number of events   2408.2507540121928                2  chi2:    197.32862304603120     
 Found         2068  events.
 Wrote            1  events.
 Actual xsec    5633203.3262665039     
 Correct abs xsec    5633203.3262665039     
 Event xsec    5633203.3262665039     
 Events wgts > 1:            1
 % Cross section > 1:    1.0734130190685391       1.90551087347305257E-005
 Iteration  4   Mean: 0.3081E+09 Abs mean: 0.3081E+09   Fluctuation:  0.217E+09   0.686E+13    99.9%
  4    0.3081E+09 0.3081E+09 +- 0.2172E+09    126.13
 Relative summed weights:
  0.3718E-01  0.0000E+00
  0.2595E-01  0.0000E+00
  0.3289E-01  0.0000E+00
  0.2463E-01  0.0000E+00
  0.7372E+00  0.0000E+00
  0.1422E+00  0.0000E+00
 Relative number of events:
  0.1735E+00  0.0000E+00
  0.1657E+00  0.0000E+00
  0.1675E+00  0.0000E+00
  0.1663E+00  0.0000E+00
  0.1621E+00  0.0000E+00
  0.1650E+00  0.0000E+00
 Events:
        5552           0
        5301           0
        5361           0
        5320           0
        5187           0
        5279           0
 Found          809  events.
 Wrote            1  events.
 Actual xsec    6145653.6578244548     
 Correct abs xsec    6145653.6578244548     
 Event xsec    6145653.6578244548     
 Events wgts > 1:            1
 % Cross section > 1:   0.15442342683672905       2.51272582925531361E-006
 Checking number of events   2627.3283952565325                1  chi2:    258.27898459613249     
 Found          809  events.
 Wrote            2  events.
 Actual xsec    6145653.6578244548     
 Correct abs xsec    6145653.6578244548     
 Event xsec    6145653.6578244548     
 Events wgts > 1:            1
 % Cross section > 1:   7.72117138840258121E-002  1.25636292220473985E-006
 Iteration  5   Mean: 0.2127E+09 Abs mean: 0.2127E+09   Fluctuation:  0.105E+09   0.649E+13    99.5%
  5    0.2127E+09 0.2127E+09 +- 0.1045E+09    124.29
 Relative summed weights:
  0.5681E-01  0.0000E+00
  0.1200E+00  0.0000E+00
  0.1095E+00  0.0000E+00
  0.1202E+00  0.0000E+00
  0.5285E+00  0.0000E+00
  0.6504E-01  0.0000E+00
 Relative number of events:
  0.1653E+00  0.0000E+00
  0.1677E+00  0.0000E+00
  0.1675E+00  0.0000E+00
  0.1658E+00  0.0000E+00
  0.1665E+00  0.0000E+00
  0.1672E+00  0.0000E+00
 Events:
       10578           0
       10730           0
       10721           0
       10614           0
       10658           0
       10699           0
 Found         1044  events.
 Wrote            2  events.
 Actual xsec    181192042.74942705     
 Correct abs xsec    181192042.74942705     
 Event xsec    181192042.74942708     
 Events wgts > 1:            1
 % Cross section > 1:    14.282647788524628       7.88260211199025633E-006
 Checking number of events   77461.410195807548                2  chi2:    2.4577009470667748     
 Found         1044  events.
 Wrote            2  events.
 Actual xsec    181192042.74942705     
 Correct abs xsec    181192042.74942705     
 Event xsec    181192042.74942708     
 Events wgts > 1:            1
 % Cross section > 1:    14.282647788524628       7.88260211199025633E-006
 Fixing grid
 Iteration  6   Mean: 0.9037E+08 Abs mean: 0.9037E+08   Fluctuation:  0.290E+07   0.247E+12    98.9%
  6    0.9037E+08 0.9037E+08 +- 0.2896E+07     11.46
 Relative summed weights:
  0.1552E+00  0.0000E+00
  0.1690E+00  0.0000E+00
  0.1498E+00  0.0000E+00
  0.1591E+00  0.0000E+00
  0.2049E+00  0.0000E+00
  0.1619E+00  0.0000E+00
 Relative number of events:
  0.1667E+00  0.0000E+00
  0.1664E+00  0.0000E+00
  0.1648E+00  0.0000E+00
  0.1670E+00  0.0000E+00
  0.1679E+00  0.0000E+00
  0.1673E+00  0.0000E+00
 Events:
       21333           0
       21294           0
       21088           0
       21375           0
       21491           0
       21419           0
 Found         3967  events.
 Wrote           42  events.
 Actual xsec    91332137.498888046     
 Correct abs xsec    91332137.498888046     
 Event xsec    91332137.498888075     
 Events wgts > 1:            1
 % Cross section > 1:   5.11060082353651524E-002  5.59562161084725986E-008
 Checking number of events   39045.402102149623               42  chi2:    1.2276993854119636     
 Found         3967  events.
 Wrote           48  events.
 Actual xsec    91332137.498888046     
 Correct abs xsec    91332137.498888046     
 Event xsec    91332137.498888209     
 Events wgts > 1:            1
 % Cross section > 1:   4.47177572641521692E-002  4.89616891586453026E-008
 Iteration  7   Mean: 0.1076E+09 Abs mean: 0.1076E+09   Fluctuation:  0.441E+07   0.460E+12    98.9%
  7    0.1076E+09 0.1076E+09 +- 0.4406E+07     20.72
 Relative summed weights:
  0.1484E+00  0.0000E+00
  0.1532E+00  0.0000E+00
  0.1586E+00  0.0000E+00
  0.1754E+00  0.0000E+00
  0.1768E+00  0.0000E+00
  0.1875E+00  0.0000E+00
 Relative number of events:
  0.1667E+00  0.0000E+00
  0.1654E+00  0.0000E+00
  0.1668E+00  0.0000E+00
  0.1665E+00  0.0000E+00
  0.1680E+00  0.0000E+00
  0.1666E+00  0.0000E+00
 Events:
       42683           0
       42331           0
       42712           0
       42613           0
       42999           0
       42662           0
 Found        16130  events.
 Wrote           69  events.
 Actual xsec    97222290.401621297     
 Correct abs xsec    97222290.401621297     
 Event xsec    97222290.401621506     
 Events wgts > 1:            3
 % Cross section > 1:    681399.80667501455       0.70086788107971787     
 Checking number of events   41563.501369597121               69  chi2:    6.1922922312803745     
 Found        16130  events.
 Wrote           58  events.
 Actual xsec    97222290.401621297     
 Correct abs xsec    97222290.401621297     
 Event xsec    97222290.401621431     
 Events wgts > 1:            3
 % Cross section > 1:    809554.71830296866       0.83268426917194627     
 Iteration  8   Mean: 0.1592E+09 Abs mean: 0.1592E+09   Fluctuation:  0.429E+08   0.217E+14    98.9%
  8    0.1592E+09 0.1592E+09 +- 0.4290E+08    192.86
 Relative summed weights:
  0.3844E+00  0.0000E+00
  0.1088E+00  0.0000E+00
  0.1126E+00  0.0000E+00
  0.1088E+00  0.0000E+00
  0.1326E+00  0.0000E+00
  0.1528E+00  0.0000E+00
 Relative number of events:
  0.1662E+00  0.0000E+00
  0.1666E+00  0.0000E+00
  0.1658E+00  0.0000E+00
  0.1669E+00  0.0000E+00
  0.1675E+00  0.0000E+00
  0.1669E+00  0.0000E+00
 Events:
       85096           0
       85309           0
       84915           0
       85461           0
       85761           0
       85458           0
 Found        28300  events.
 Wrote            3  events.
 Actual xsec    120162246.89198703     
 Correct abs xsec    120162246.89198703     
 Event xsec    120162246.89198703     
 Events wgts > 1:            0
 % Cross section > 1:    0.0000000000000000        0.0000000000000000     
 Checking number of events   41664.436885126379                3  chi2:    6.6873336201799916     
 Found        28300  events.
 Wrote            4  events.
 Actual xsec    120162246.89198703     
 Correct abs xsec    120162246.89198703     
 Event xsec    120162246.89198703     
 Events wgts > 1:            0
 % Cross section > 1:    0.0000000000000000        0.0000000000000000     

 -------------------------------------------------------------------------------
 Accumulated results:   Integral =  0.8326E+08
                        Std dev  =  0.1914E+07
                       Cross sec =  0.8326E+08
             Chi**2 per DoF.     =     51.8227
 -------------------------------------------------------------------------------
-------------------------------------------------
---------------------------
 Results Last   3 iters: Integral =   0.9746E+08
                     Abs integral =   0.9746E+08
                         Std dev =   0.2449E+07
                 Chi**2 per DoF. =      6.6873
-------------------------------------------------
---------------------------
>>>>>>> 911b5ec345c81b054214c521136984e9d6306827

ls status:
events.lhe
ftn25
ftn26
input_sg.txt
<<<<<<< HEAD
=======
log.txt
>>>>>>> 911b5ec345c81b054214c521136984e9d6306827
moffset.dat
results.dat
run_01_ftn26.gz
run_01_log.txt
run_01_results.dat
run_02_ftn26.gz
run_02_log.txt
run_02_results.dat
<<<<<<< HEAD
run_03_ftn26.gz
run_03_log.txt
run_03_results.dat
run_04_ftn26.gz
run_04_log.txt
run_04_results.dat
run_08_ftn26.gz
run_08_log.txt
run_08_results.dat
run_09_ftn26.gz
run_09_log.txt
run_09_results.dat
run_10_ftn26.gz
run_10_log.txt
run_10_results.dat
run_11_ftn26.gz
run_11_log.txt
run_11_results.dat
=======
>>>>>>> 911b5ec345c81b054214c521136984e9d6306827
run1_app.log
