 Process in group number            0
 No PDF is used, alpha_s(MZ) from param_card is used
 Value of alpha_s from param_card:   0.11800000071525575     
 The default order of alpha_s running is fixed to            2
 *****************************************************
 *               MadGraph/MadEvent                   *
 *        --------------------------------           *
 *          http://madgraph.hep.uiuc.edu             *
 *          http://madgraph.phys.ucl.ac.be           *
 *          http://madgraph.roma2.infn.it            *
 *        --------------------------------           *
 *                                                   *
 *          PARAMETER AND COUPLING VALUES            *
 *                                                   *
 *****************************************************

  External Params
  ---------------------------------
  
 aEWM1 =    132.50700378417969     
 mdl_Gf =   1.16639000000000003E-005
 aS =   0.11800000071525575     
 mdl_ymb =    4.6999998092651367     
 mdl_ymt =    173.00000000000000     
 mdl_yme =   5.10999991092830896E-004
 mdl_ymm =   0.10565999895334244     
 mdl_ymtau =    1.7769999504089355     
 mdl_MZ =    91.188003540039063     
 mdl_MT =    173.00000000000000     
 mdl_MB =    4.6999998092651367     
 mdl_MH =    125.00000000000000     
 mdl_Me =   5.10999991092830896E-004
 mdl_MM =   0.10565999895334244     
 mdl_MTA =    1.7769999504089355     
 mdl_WZ =    2.4414041042327881     
 mdl_WW =    2.0476000308990479     
 mdl_WT =    1.4915000200271606     
 mdl_WH =   6.38233916833996773E-003
 mdl_WTau =   2.26999999999999982E-012
  Internal Params
  ---------------------------------
  
 mdl_conjg__CKM3x3 =    1.0000000000000000     
 mdl_CKM3x3 =    1.0000000000000000     
 mdl_conjg__CKM1x1 =    1.0000000000000000     
 mdl_complexi =  (  0.0000000000000000     ,  1.0000000000000000     )
 mdl_MZ__exp__2 =    8315.2519896181766     
 mdl_MZ__exp__4 =    69143415.650849044     
 mdl_sqrt__2 =    1.4142135623730951     
 mdl_MH__exp__2 =    15625.000000000000     
 mdl_aEW =   7.54677089845565054E-003
 mdl_MW =    80.419007276179556     
 mdl_sqrt__aEW =   8.68721526063194194E-002
 mdl_ee =   0.30795376284704501     
 mdl_MW__exp__2 =    6467.2167312862202     
 mdl_sw2 =   0.22224645274001076     
 mdl_cw =   0.88190336616887299     
 mdl_sqrt__sw2 =   0.47143022043565552     
 mdl_sw =   0.47143022043565552     
 mdl_g1 =   0.34919218438279087     
 mdl_gw =   0.65323296958447097     
 mdl_vev =    246.21845810181631     
 mdl_vev__exp__2 =    60623.529110035874     
 mdl_lam =   0.12886910601690271     
 mdl_yb =   2.69955531549349904E-002
 mdl_ye =   2.93504850670934038E-006
 mdl_ym =   6.06883028478528356E-004
 mdl_yt =   0.99366614581500645     
 mdl_ytau =   1.02066167158167895E-002
 mdl_muH =    88.388347648318444     
 mdl_I1x33 =  ( 2.69955531549349904E-002,  0.0000000000000000     )
 mdl_I2x33 =  ( 0.99366614581500645     ,  0.0000000000000000     )
 mdl_I3x33 =  ( 0.99366614581500645     ,  0.0000000000000000     )
 mdl_I4x33 =  ( 2.69955531549349904E-002,  0.0000000000000000     )
 mdl_ee__exp__2 =   9.48355200516540348E-002
 mdl_sw__exp__2 =   0.22224645274001076     
 mdl_cw__exp__2 =   0.77775354725998924     
  Internal Params evaluated point by point
  ----------------------------------------
  
 mdl_sqrt__aS =   0.34351128178744839     
 mdl_G__exp__2 =    1.4828317414825511     
  Couplings of sm-lepton_masses
  ---------------------------------
  
         GC_3 =  -0.00000E+00  -0.30795E+00

 Collider parameters:
 --------------------

<<<<<<< HEAD
 Running at e e   machine @   7.14879999999999960E-002  GeV
=======
 Running at e e   machine @   7.00000000000000067E-002  GeV
>>>>>>> 911b5ec345c81b054214c521136984e9d6306827
 PDF set = none   
 alpha_s(Mz)= 0.1180 running at 2 loops.
 alpha_s(Mz)= 0.1180 running at 2 loops.
 Renormalization scale fixed @    91.188000000000002     
 Factorization scales  fixed @    91.188000000000002        91.188000000000002     


 getting user params
Enter number of events and max and min iterations: 
 Number of events and iterations         1000           5           3
Enter desired fractional accuracy: 
 Desired fractional accuracy:   0.10000000000000001     
Enter 0 for fixed, 2 for adjustable grid: 
Suppress amplitude (0 no, 1 yes)? 
 Using suppressed amplitude.
Exact helicity sum (0 yes, n = number/event)? 
 Explicitly summing over helicities
Enter Configuration Number: 
Running Configuration Number:    1
 Not subdividing B.W.
 Attempting mappinvarients           1           4
 Completed mapping           4
 about to integrate            2        1000           5           3           2           1
 Using non-zero grid deformation.
  2 dimensions   1000 events  2 invarients  5 iterations  1 config(s),  (0.99)
 Using h-tuple random number sequence.
 Error opening grid
 Using Uniform Grid!
 Using uniform alpha   1.0000000000000000     
 Grid defined OK
 Set CM energy to          0.07
 Mapping Graph           1  to config           1
<<<<<<< HEAD
Setting grid   1    0.17611E-02   1
 Masses: 0.511E-03 0.511E-03 0.000E+00 0.000E+00
   1   1   2
Using random seed offsets     1 :      1
  with seed                  114
 Ranmar initialization seeds       20445        9492
=======
Setting grid   1    0.38601E-01   1
 Masses: 0.511E-03 0.511E-03 0.000E+00 0.000E+00
   1   1   2
Using random seed offsets     1 :      1
  with seed                   60
 Ranmar initialization seeds       14781        9436
>>>>>>> 911b5ec345c81b054214c521136984e9d6306827
  Particle       3       4
      Et >     0.0     0.0
       E >     0.0     0.0
     Eta <    -1.0    -1.0
   xqcut:      0.0     0.0
d R # 3  >    -0.0     0.0
s min # 3>     0.0     0.0
xqcutij # 3>     0.0     0.0
 alpha_s for scale    91.188000000000002       is   0.11800000071525575     
<<<<<<< HEAD
 Added good helicity            1  4.63063795002687049E-003  in event            1
 Added good helicity            2  2.42383679329368379E-004  in event            1
 Added good helicity            3  2.42383679329368108E-004  in event            1
 Added good helicity            6   7.8149097464166024       in event            1
 Added good helicity            7  0.17997484826262161       in event            1
 Added good helicity           10  0.17997484826262161       in event            1
 Added good helicity           11   7.8149097464166024       in event            1
 Added good helicity           14  2.42383679329368108E-004  in event            1
 Added good helicity           15  2.42383679329368379E-004  in event            1
 Added good helicity           16  4.63063795002687049E-003  in event            1
 Iteration  1   Mean: 0.1458E+09 Abs mean: 0.1458E+09   Fluctuation:  0.229E+07   0.180E+09    91.0%
  1    0.1458E+09 0.1458E+09 +- 0.2287E+07      0.50
 Writing out events   32050.068950268858       0.49592000060297858     
 Relative summed weights:
  0.5232E+00  0.0000E+00
  0.4768E+00  0.0000E+00
 Relative number of events:
  0.5240E+00  0.0000E+00
  0.4760E+00  0.0000E+00
 Events:
         524           0
         476           0
 Iteration  2   Mean: 0.1444E+09 Abs mean: 0.1444E+09   Fluctuation:  0.753E+06   0.216E+09    99.3%
  2    0.1444E+09 0.1444E+09 +- 0.7531E+06      0.23
 Relative summed weights:
  0.4788E+00  0.0000E+00
  0.5212E+00  0.0000E+00
 Relative number of events:
  0.4810E+00  0.0000E+00
  0.5190E+00  0.0000E+00
 Events:
         962           0
        1038           0
 Iteration  3   Mean: 0.1447E+09 Abs mean: 0.1447E+09   Fluctuation:  0.376E+06   0.183E+09    99.6%
  3    0.1447E+09 0.1447E+09 +- 0.3760E+06      0.16
 Relative summed weights:
  0.5086E+00  0.0000E+00
  0.4914E+00  0.0000E+00
 Relative number of events:
  0.5078E+00  0.0000E+00
  0.4923E+00  0.0000E+00
 Events:
        2031           0
        1969           0
 Accuracy:    0.001   0.100   0.002   0.216
 Finished due to accuracy   1.06836361440749506E-003  0.10000000000000001     

 -------------------------------------------------------------------------------
 Accumulated results:   Integral =  0.1447E+09
                        Std dev  =  0.3329E+06
                       Cross sec =  0.1447E+09
             Chi**2 per DoF.     =      0.2156
 -------------------------------------------------------------------------------
 Found          384  events.
 Wrote          381  events.
 Actual xsec    144671787.50892746     
 Correct abs xsec    144671787.50892746     
 Event xsec    144671787.50892743     
=======
 Added good helicity            1  1.04668083587910968E-002  in event            1
 Added good helicity            2  8.35409532569265906E-005  in event            1
 Added good helicity            3  8.35409532569265906E-005  in event            1
 Added good helicity            6  1.92718765033370737E-002  in event            1
 Added good helicity            7   7.9700942332016274       in event            1
 Added good helicity           10   7.9700942332016274       in event            1
 Added good helicity           11  1.92718765033370737E-002  in event            1
 Added good helicity           14  8.35409532569265906E-005  in event            1
 Added good helicity           15  8.35409532569265906E-005  in event            1
 Added good helicity           16  1.04668083587910968E-002  in event            1
 Iteration  1   Mean: 0.1466E+08 Abs mean: 0.1466E+08   Fluctuation:  0.470E+06   0.160E+08    16.0%
  1    0.1466E+08 0.1466E+08 +- 0.4703E+06      1.01
 Writing out events   18291.702960448420        1.0143084777693832     
 Relative summed weights:
  0.5074E+00  0.0000E+00
  0.4926E+00  0.0000E+00
 Relative number of events:
  0.4990E+00  0.0000E+00
  0.5010E+00  0.0000E+00
 Events:
         499           0
         501           0
 Iteration  2   Mean: 0.1450E+08 Abs mean: 0.1450E+08   Fluctuation:  0.237E+06   0.261E+09    79.3%
  2    0.1450E+08 0.1450E+08 +- 0.2373E+06      0.73
 Relative summed weights:
  0.5219E+00  0.0000E+00
  0.4781E+00  0.0000E+00
 Relative number of events:
  0.5170E+00  0.0000E+00
  0.4830E+00  0.0000E+00
 Events:
        1034           0
         966           0
Warning xbin not returning correct x   1  0.996222E+00  0.999999E+00  0.4030E-03
 Iteration  3   Mean: 0.1476E+08 Abs mean: 0.1476E+08   Fluctuation:  0.890E+05   0.214E+08    93.3%
  3    0.1476E+08 0.1476E+08 +- 0.8895E+05      0.38
 Relative summed weights:
  0.4970E+00  0.0000E+00
  0.5030E+00  0.0000E+00
 Relative number of events:
  0.4965E+00  0.0000E+00
  0.5035E+00  0.0000E+00
 Events:
        1986           0
        2014           0
 Accuracy:    0.004   0.100   0.006   0.504
 Finished due to accuracy   3.95395974850285253E-003  0.10000000000000001     

 -------------------------------------------------------------------------------
 Accumulated results:   Integral =  0.1473E+08
                        Std dev  =  0.8202E+05
                       Cross sec =  0.1473E+08
             Chi**2 per DoF.     =      0.5040
 -------------------------------------------------------------------------------
 Found          420  events.
 Wrote          417  events.
 Actual xsec    14726665.231448367     
 Correct abs xsec    14726665.231448367     
 Event xsec    14726665.231448395     
>>>>>>> 911b5ec345c81b054214c521136984e9d6306827
 Events wgts > 1:            0
 % Cross section > 1:    0.0000000000000000        0.0000000000000000     
-------------------------------------------------
---------------------------
<<<<<<< HEAD
 Results Last   3 iters: Integral =   0.1447E+09
                     Abs integral =   0.1447E+09
                          Std dev =   0.3329E+06
                  Chi**2 per DoF. =      0.2140
=======
 Results Last   3 iters: Integral =   0.1473E+08
                     Abs integral =   0.1473E+08
                          Std dev =   0.8202E+05
                  Chi**2 per DoF. =      0.5170
>>>>>>> 911b5ec345c81b054214c521136984e9d6306827
-------------------------------------------------
---------------------------
 Status  0.10000000000000001                4           5

ls status:
events.lhe
input_app.txt
multijob.dat
results.dat
run_01_log.txt
run_01_results.dat
run_02_log.txt
run_02_results.dat
run_03_log.txt
run_03_results.dat
run_04_log.txt
run_04_results.dat
<<<<<<< HEAD
run_05_log.txt
run_05_results.dat
run_06_log.txt
run_06_results.dat
run_07_log.txt
run_07_results.dat
run_08_log.txt
run_08_results.dat
run_09_log.txt
run_09_results.dat
run_10_log.txt
run_10_results.dat
=======
>>>>>>> 911b5ec345c81b054214c521136984e9d6306827
run1_app.log
