 Process in group number            1
 No PDF is used, alpha_s(MZ) from param_card is used
 Value of alpha_s from param_card:   0.11800000071525575     
 The default order of alpha_s running is fixed to            2
 Warning: pt or E min of a gamma should in general be >0
 *****************************************************
 *               MadGraph/MadEvent                   *
 *        --------------------------------           *
 *          http://madgraph.hep.uiuc.edu             *
 *          http://madgraph.phys.ucl.ac.be           *
 *          http://madgraph.roma2.infn.it            *
 *        --------------------------------           *
 *                                                   *
 *          PARAMETER AND COUPLING VALUES            *
 *                                                   *
 *****************************************************

  External Params
  ---------------------------------
  
 mdl_MB =    4.6999998092651367     
 mdl_MT =    173.00000000000000     
 mdl_MTA =    1.7769999504089355     
 mdl_MZ =    91.188003540039063     
 mdl_MH =    125.00000000000000     
 aEWM1 =    132.50700378417969     
 mdl_Gf =   1.16639000000000003E-005
 aS =   0.11800000071525575     
 mdl_ymb =    4.6999998092651367     
 mdl_ymt =    173.00000000000000     
 mdl_ymtau =    1.7769999504089355     
 mdl_WT =    1.4915000200271606     
 mdl_WZ =    2.4414041042327881     
 mdl_WW =    2.0476000308990479     
 mdl_WH =   6.38233916833996773E-003
  Internal Params
  ---------------------------------
  
 mdl_conjg__CKM3x3 =    1.0000000000000000     
 mdl_CKM3x3 =    1.0000000000000000     
 mdl_conjg__CKM1x1 =    1.0000000000000000     
 mdl_complexi =  (  0.0000000000000000     ,  1.0000000000000000     )
 mdl_MZ__exp__2 =    8315.2519896181766     
 mdl_MZ__exp__4 =    69143415.650849044     
 mdl_sqrt__2 =    1.4142135623730951     
 mdl_MH__exp__2 =    15625.000000000000     
 mdl_aEW =   7.54677089845565054E-003
 mdl_MW =    80.419007276179556     
 mdl_sqrt__aEW =   8.68721526063194194E-002
 mdl_ee =   0.30795376284704501     
 mdl_MW__exp__2 =    6467.2167312862202     
 mdl_sw2 =   0.22224645274001076     
 mdl_cw =   0.88190336616887299     
 mdl_sqrt__sw2 =   0.47143022043565552     
 mdl_sw =   0.47143022043565552     
 mdl_g1 =   0.34919218438279087     
 mdl_gw =   0.65323296958447097     
 mdl_vev =    246.21845810181631     
 mdl_vev__exp__2 =    60623.529110035874     
 mdl_lam =   0.12886910601690271     
 mdl_yb =   2.69955531549349904E-002
 mdl_yt =   0.99366614581500645     
 mdl_ytau =   1.02066167158167895E-002
 mdl_muH =    88.388347648318444     
 mdl_I1x33 =  ( 2.69955531549349904E-002,  0.0000000000000000     )
 mdl_I2x33 =  ( 0.99366614581500645     ,  0.0000000000000000     )
 mdl_I3x33 =  ( 0.99366614581500645     ,  0.0000000000000000     )
 mdl_I4x33 =  ( 2.69955531549349904E-002,  0.0000000000000000     )
 mdl_ee__exp__2 =   9.48355200516540348E-002
 mdl_sw__exp__2 =   0.22224645274001076     
 mdl_cw__exp__2 =   0.77775354725998924     
  Internal Params evaluated point by point
  ----------------------------------------
  
 mdl_sqrt__aS =   0.34351128178744839     
 mdl_G__exp__2 =    1.4828317414825511     
  Couplings of sm
  ---------------------------------
  
         GC_3 =  -0.00000E+00  -0.30795E+00
        GC_50 =  -0.00000E+00  -0.28804E+00
        GC_59 =   0.00000E+00   0.82310E-01

 Collider parameters:
 --------------------

 Running at e e   machine @    10.000000000000000       GeV
 PDF set = none   
 alpha_s(Mz)= 0.1180 running at 2 loops.
 alpha_s(Mz)= 0.1180 running at 2 loops.
 Renormalization scale set on event-by-event basis
 Factorization   scale set on event-by-event basis


 getting user params
Enter number of events and max and min iterations: 
 Number of events and iterations         1000           9           3
Enter desired fractional accuracy: 
 Desired fractional accuracy:  -1.10059999999999990E-009
Enter 0 for fixed, 2 for adjustable grid: 
Suppress amplitude (0 no, 1 yes)? 
 Using suppressed amplitude.
Exact helicity sum (0 yes, n = number/event)? 
 Explicitly summing over helicities
Enter Configuration Number: 
Running Configuration Number:    5
 Not subdividing B.W.
 Attempting mappinvarients           1           5
 Completed mapping           5
 about to integrate            5        1000           9           3           5           1
 Keeping grid fixed.
  5 dimensions   1000 events  5 invarients  9 iterations  1 config(s),  (0.99)
 Using h-tuple random number sequence.
 Grid read from file
 Grid defined OK
 Set CM energy to         10.00
 Mapping Graph           5  to config           5
 Warning: No cutoff for shat integral found
          Minimum set to   1.00000000000000002E-002
 No modification is setgrid, grid read from file
 Warning: No cutoff for shat integral found
          Minimum set to   1.00000000000000002E-002
 No modification is setgrid, grid read from file
 Masses: 0.000E+00 0.000E+00 0.000E+00 0.000E+00 0.000E+00
   5   1   2   3   4   5
 Got moffset           1
Using random seed offsets     5 :      1
  with seed                   48
 Ranmar initialization seeds       30238       12580
  Particle       3       4       5
      Et >     0.0    -1.0    -1.0
       E >     0.0     0.0     0.0
     Eta <    -1.0    -1.0    -1.0
   xqcut:      0.0     0.0     0.0
d R # 3  >    -0.0     0.4     0.4
d R # 4  >    -0.0    -0.0     0.0
s min # 3>     0.0     0.0     0.0
s min # 4>     0.0     0.0     0.0
xqcutij # 3>     0.0     0.0     0.0
xqcutij # 4>     0.0     0.0     0.0
 alpha_s for scale    2.2360679775133971       is   0.28377211166344174     
 Added good helicity            1   4.0823830832288968       in event            1
 Added good helicity            5   3.9176169303697446       in event            1
 Added good helicity           10   4.0823830693528258       in event            1
 Added good helicity           14   3.9176169170224058       in event            1
 Added good helicity           19   3.9176169170479960       in event            1
 Added good helicity           23   4.0823830693794934       in event            1
 Added good helicity           28   3.9176169303697450       in event            1
 Added good helicity           32   4.0823830832288976       in event            1
 Added good helicity           11  0.48418463702148273       in event           84
 Added good helicity           15  0.31904341199590835       in event           84
 Added good helicity           18  0.31904341184322410       in event           84
 Added good helicity           22  0.48418463725319866       in event           84
 Iteration  1   Mean: 0.1026E+15 Abs mean: 0.1026E+15   Fluctuation:  0.621E+14   0.594E+17    98.8%
  1    0.1026E+15 0.1026E+15 +- 0.6211E+14     19.14
 Writing out events   11541146434.350275        19.136583031505751     
 Relative summed weights:
  0.1000E+01  0.0000E+00
 Relative number of events:
  0.1000E+01  0.0000E+00
 Events:
        1000           0
 Iteration  2   Mean: 0.9615E+14 Abs mean: 0.9615E+14   Fluctuation:  0.448E+14   0.813E+17    98.2%
  2    0.9615E+14 0.9615E+14 +- 0.4476E+14     20.82
 Relative summed weights:
  0.1000E+01  0.0000E+00
 Relative number of events:
  0.1000E+01  0.0000E+00
 Events:
        2000           0
 Iteration  3   Mean: 0.3433E+14 Abs mean: 0.3433E+14   Fluctuation:  0.656E+13   0.155E+17    98.3%
  3    0.3433E+14 0.3433E+14 +- 0.6559E+13     12.08
 Relative summed weights:
  0.1000E+01  0.0000E+00
 Relative number of events:
  0.1000E+01  0.0000E+00
 Events:
        4000           0
 Found           76  events.
 Wrote            8  events.
 Actual xsec    47911858941026.586     
 Correct abs xsec    47911858941026.586     
 Event xsec    47911858941026.594     
 Events wgts > 1:            1
 % Cross section > 1:    853409.65625000000       1.78120756554330070E-006
 Checking number of events   52731.791950493855                8  chi2:    3.1123965835548546     
 Found           76  events.
 Wrote            5  events.
 Actual xsec    47911858941026.586     
 Correct abs xsec    47911858941026.586     
 Event xsec    47911858941026.586     
 Events wgts > 1:            1
 % Cross section > 1:    1365455.4355468750       2.84993207470321153E-006
 Iteration  4   Mean: 0.1083E+15 Abs mean: 0.1083E+15   Fluctuation:  0.341E+14   0.206E+18    98.4%
  4    0.1083E+15 0.1083E+15 +- 0.3408E+14     28.14
 Relative summed weights:
  0.1000E+01  0.0000E+00
 Relative number of events:
  0.1000E+01  0.0000E+00
 Events:
        8000           0
 Found          330  events.
 Wrote            3  events.
 Actual xsec    58850120047920.109     
 Correct abs xsec    58850120047920.109     
 Event xsec    58850120047920.117     
 Events wgts > 1:            0
 % Cross section > 1:    0.0000000000000000        0.0000000000000000     
 Checking number of events   64770.442124740868                3  chi2:    8.3871617547163986     
 Found          330  events.
 Wrote            4  events.
 Actual xsec    58850120047920.109     
 Correct abs xsec    58850120047920.109     
 Event xsec    58850120047920.109     
 Events wgts > 1:            0
 % Cross section > 1:    0.0000000000000000        0.0000000000000000     
 Iteration  5   Mean: 0.3829E+15 Abs mean: 0.3829E+15   Fluctuation:  0.239E+15   0.374E+19    98.4%
  5    0.3829E+15 0.3829E+15 +- 0.2389E+15     78.91
 Relative summed weights:
  0.1000E+01  0.0000E+00
 Relative number of events:
  0.1000E+01  0.0000E+00
 Events:
       16000           0
 Found          303  events.
 Wrote            2  events.
 Actual xsec    75335513979413.063     
 Correct abs xsec    75335513979413.063     
 Event xsec    75335513979413.063     
 Events wgts > 1:            1
 % Cross section > 1:    3256842.4453125000       4.32311704437630513E-006
 Checking number of events   82914.266685742012                2  chi2:    20.837423512994643     
 Found          303  events.
 Wrote            1  events.
 Actual xsec    75335513979413.063     
 Correct abs xsec    75335513979413.063     
 Event xsec    75335513979413.063     
 Events wgts > 1:            1
 % Cross section > 1:    6513684.6093750000       8.64623371542270832E-006
 Iteration  6   Mean: 0.1714E+15 Abs mean: 0.1714E+15   Fluctuation:  0.467E+14   0.126E+19    98.5%
  6    0.1714E+15 0.1714E+15 +- 0.4668E+14     48.73
 Relative summed weights:
  0.1000E+01  0.0000E+00
 Relative number of events:
  0.1000E+01  0.0000E+00
 Events:
       32000           0
 Found          285  events.
 Wrote            5  events.
 Actual xsec    167793559861834.41     
 Correct abs xsec    167793559861834.41     
 Event xsec    167793559861834.41     
 Events wgts > 1:            0
 % Cross section > 1:    0.0000000000000000        0.0000000000000000     
 Checking number of events   184673.59198393492                5  chi2:    1.9310229912030892     
 Found          285  events.
 Wrote            5  events.
 Actual xsec    167793559861834.41     
 Correct abs xsec    167793559861834.41     
 Event xsec    167793559861834.41     
 Events wgts > 1:            0
 % Cross section > 1:    0.0000000000000000        0.0000000000000000     
 Error in matrix element
 Iteration  7   Mean: 0.5550E+15 Abs mean: 0.5550E+15   Fluctuation:  0.293E+15   0.172E+20    98.5%
  7    0.5550E+15 0.5550E+15 +- 0.2926E+15    133.38
 Relative summed weights:
  0.1000E+01  0.0000E+00
 Relative number of events:
  0.1000E+01  0.0000E+00
 Events:
       64000           0
 Found          890  events.
 Wrote            2  events.
 Actual xsec    269285699977484.78     
 Correct abs xsec    269285699977484.78     
 Event xsec    269285699977484.75     
 Events wgts > 1:            1
 % Cross section > 1:    45428664.453125000       1.68700619665000187E-005
 Checking number of events   296375.84139521973                2  chi2:    2.7900355671060226     
 Found          890  events.
 Wrote            2  events.
 Actual xsec    269285699977484.78     
 Correct abs xsec    269285699977484.78     
 Event xsec    269285699977484.75     
 Events wgts > 1:            1
 % Cross section > 1:    45428664.453125000       1.68700619665000187E-005
 Error in matrix element
 Error in matrix element
 Error in matrix element
 Iteration  8   Mean: 0.6087E+15 Abs mean: 0.6087E+15   Fluctuation:  0.227E+15   0.228E+20    98.5%
  8    0.6087E+15 0.6087E+15 +- 0.2266E+15    133.17
 Relative summed weights:
  0.1000E+01  0.0000E+00
 Relative number of events:
  0.1000E+01  0.0000E+00
 Events:
      128000           0
 Found          908  events.
 Wrote            5  events.
 Actual xsec    358116580519814.13     
 Correct abs xsec    358116580519814.13     
 Event xsec    358116580519814.06     
 Events wgts > 1:            0
 % Cross section > 1:    0.0000000000000000        0.0000000000000000     
 Checking number of events   394143.10852010740                5  chi2:    8.8405306157264363     
 Found          908  events.
 Wrote            4  events.
 Actual xsec    358116580519814.13     
 Correct abs xsec    358116580519814.13     
 Event xsec    358116580519814.13     
 Events wgts > 1:            0
 % Cross section > 1:    0.0000000000000000        0.0000000000000000     
 Error in matrix element
 Error in matrix element
 Iteration  9   Mean: 0.3041E+15 Abs mean: 0.3041E+15   Fluctuation:  0.472E+14   0.687E+19    98.5%
  9    0.3041E+15 0.3041E+15 +- 0.4718E+14     78.51
 Relative summed weights:
  0.1000E+01  0.0000E+00
 Relative number of events:
  0.1000E+01  0.0000E+00
 Events:
      256000           0
 Found         1688  events.
 Wrote           12  events.
 Actual xsec    363324998423294.81     
 Correct abs xsec    363324998423294.81     
 Event xsec    363324998423294.94     
 Events wgts > 1:            1
 % Cross section > 1:    2259753.6250000000       6.21964806937741873E-007
 Checking number of events   399875.49326467823               12  chi2:    1.5886700957622879     
 Found         1688  events.
 Wrote            5  events.
 Actual xsec    363324998423294.81     
 Correct abs xsec    363324998423294.81     
 Event xsec    363324998423294.75     
 Events wgts > 1:            1
 % Cross section > 1:    5423408.6562500000       1.49271552460902040E-006

 -------------------------------------------------------------------------------
 Accumulated results:   Integral =  0.2214E+15
                        Std dev  =  0.2081E+14
                       Cross sec =  0.2214E+15
             Chi**2 per DoF.     =      7.8185
 -------------------------------------------------------------------------------
-------------------------------------------------
---------------------------
 Results Last   3 iters: Integral =   0.3633E+15
                     Abs integral =   0.3633E+15
                          Std dev =   0.5021E+14
                  Chi**2 per DoF. =      1.5887
-------------------------------------------------
---------------------------
 Status -1.10059999999999990E-009          10           9
 Trying w/ fresh grid
 Starting w/ ncall =         4000
 Keeping grid fixed.
  5 dimensions   4000 events  5 invarients  8 iterations  1 config(s),  (0.99)
 Using h-tuple random number sequence.
 Error opening grid
 Using Uniform Grid!
 Using uniform alpha   1.0000000000000000     
 Grid defined OK
 Warning: No cutoff for shat integral found
          Minimum set to   1.00000000000000002E-002
Setting grid   1    0.10000E-01   1
 Warning: No cutoff for shat integral found
          Minimum set to   1.00000000000000002E-002
Setting grid   2    0.10000E-01   1
 Iteration  1   Mean: 0.2623E+06 Abs mean: 0.2623E+06   Fluctuation:  0.204E+06   0.792E+09    98.3%
  1    0.2623E+06 0.2623E+06 +- 0.2036E+06     49.10
 Relative summed weights:
  0.1000E+01  0.0000E+00
 Relative number of events:
  0.1000E+01  0.0000E+00
 Events:
        4000           0
 Iteration  2   Mean: 0.1084E+06 Abs mean: 0.1084E+06   Fluctuation:  0.495E+05   0.348E+09    99.3%
  2    0.1084E+06 0.1084E+06 +- 0.4954E+05     40.88
 Relative summed weights:
  0.1000E+01  0.0000E+00
 Relative number of events:
  0.1000E+01  0.0000E+00
 Events:
        8000           0
 Iteration  3   Mean: 0.4193E+06 Abs mean: 0.4193E+06   Fluctuation:  0.900E+05   0.111E+10    99.5%
  3    0.4193E+06 0.4193E+06 +- 0.9002E+05     27.16
 Relative summed weights:
  0.1000E+01  0.0000E+00
 Relative number of events:
  0.1000E+01  0.0000E+00
 Events:
       16000           0
 Found          591  events.
 Wrote            7  events.
 Actual xsec    357101.57299824536     
 Correct abs xsec    357101.57299824536     
 Event xsec    357101.57299824525     
 Events wgts > 1:            1
 % Cross section > 1:   2.06712327708373778E-002  5.78861431420772634E-006
 Checking number of events  3.93025991241868831E-004           7  chi2:    12.946314418460984     
 Found          591  events.
 Wrote            5  events.
 Actual xsec    357101.57299824536     
 Correct abs xsec    357101.57299824536     
 Event xsec    357101.57299824542     
 Events wgts > 1:            1
 % Cross section > 1:   2.89397252054186538E-002  8.10405985121797481E-006
 Iteration  4   Mean: 0.2239E+08 Abs mean: 0.2239E+08   Fluctuation:  0.143E+08   0.444E+12    99.5%
  4    0.2239E+08 0.2239E+08 +- 0.1433E+08    114.45
 Relative summed weights:
  0.1000E+01  0.0000E+00
 Relative number of events:
  0.1000E+01  0.0000E+00
 Events:
       32000           0
 Found         1664  events.
 Wrote            1  events.
 Actual xsec    2223805.0561744045     
 Correct abs xsec    2223805.0561744045     
 Event xsec    2223805.0561744045     
 Events wgts > 1:            1
 % Cross section > 1:   0.16918123606592417       7.60773682010443002E-006
 Checking number of events  2.44751984482554936E-003           1  chi2:    1113.5240492858377     
 Found         1664  events.
 Wrote            3  events.
 Actual xsec    2223805.0561744045     
 Correct abs xsec    2223805.0561744045     
 Event xsec    2223805.0561744040     
 Events wgts > 1:            1
 % Cross section > 1:   5.63937483821064234E-002  2.53591240947712323E-006
 Iteration  5   Mean: 0.1521E+09 Abs mean: 0.1521E+09   Fluctuation:  0.540E+08   0.286E+13    99.7%
  5    0.1521E+09 0.1521E+09 +- 0.5395E+08     89.73
 Relative summed weights:
  0.1000E+01  0.0000E+00
 Relative number of events:
  0.1000E+01  0.0000E+00
 Events:
       64000           0
 Found         1777  events.
 Wrote            3  events.
 Actual xsec    39678984.911245652     
 Correct abs xsec    39678984.911245652     
 Event xsec    39678984.911245652     
 Events wgts > 1:            1
 % Cross section > 1:    3.3345615379512310       8.40384789431990592E-006
 Checking number of events  4.36706907933169589E-002           3  chi2:    95105.312776957740     
 Found         1777  events.
 Wrote            5  events.
 Actual xsec    39678984.911245652     
 Correct abs xsec    39678984.911245652     
 Event xsec    39678984.911245652     
 Events wgts > 1:            1
 % Cross section > 1:    2.0007369900122285       5.04230890605567876E-006
 Fixing grid
 Iteration  6   Mean: 0.2188E+10 Abs mean: 0.2188E+10   Fluctuation:  0.741E+09   0.902E+14    99.3%
  6    0.2188E+10 0.2188E+10 +- 0.7412E+09    121.20
 Relative summed weights:
  0.1000E+01  0.0000E+00
 Relative number of events:
  0.1000E+01  0.0000E+00
 Events:
      128000           0
 Found         5918  events.
 Wrote            7  events.
 Actual xsec    1064039046.0855105     
 Correct abs xsec    1064039046.0855105     
 Event xsec    1064039046.0855108     
 Events wgts > 1:            0
 % Cross section > 1:    0.0000000000000000        0.0000000000000000     
 Checking number of events   1.1710813741217128                7  chi2:    2786.7580856674003     
 Found         5918  events.
 Wrote            2  events.
 Actual xsec    1064039046.0855105     
 Correct abs xsec    1064039046.0855105     
 Event xsec    1064039046.0855105     
 Events wgts > 1:            0
 % Cross section > 1:    0.0000000000000000        0.0000000000000000     
 Iteration  7   Mean: 0.6602E+10 Abs mean: 0.6602E+10   Fluctuation:  0.293E+10   0.710E+15    99.3%
  7    0.6602E+10 0.6602E+10 +- 0.2930E+10    224.54
 Relative summed weights:
  0.1000E+01  0.0000E+00
 Relative number of events:
  0.1000E+01  0.0000E+00
 Events:
      256000           0
 Found         2446  events.
 Wrote            1  events.
 Actual xsec    2474466070.1201658     
 Correct abs xsec    2474466070.1201658     
 Event xsec    2474466070.1201658     
 Events wgts > 1:            1
 % Cross section > 1:    196.28862714767456       7.93256490836192135E-006
 Checking number of events   2.7233973567742544                1  chi2:    927.45046392496181     
 Found         2446  events.
 Wrote            2  events.
 Actual xsec    2474466070.1201658     
 Correct abs xsec    2474466070.1201658     
 Event xsec    2474466070.1201663     
 Events wgts > 1:            1
 % Cross section > 1:    98.144317626953125       3.96628261797855216E-006
 Iteration  8   Mean: 0.1488E+12 Abs mean: 0.1488E+12   Fluctuation:  0.145E+12   0.745E+17    99.3%
  8    0.1488E+12 0.1488E+12 +- 0.1455E+12    699.27
 Relative summed weights:
  0.1000E+01  0.0000E+00
 Relative number of events:
  0.1000E+01  0.0000E+00
 Events:
      512000           0
 Found         2384  events.
 Wrote            1  events.
 Actual xsec    265023790132230.59     
 Correct abs xsec    265023790132230.59     
 Event xsec    265023790132230.59     
 Events wgts > 1:            1
 % Cross section > 1:    21963209.812500000       8.28725972168072326E-006
 Checking number of events   15.460831648355761                1  chi2:    131.65177193628921     
 Found         2384  events.
 Wrote            1  events.
 Actual xsec    265023790132230.59     
 Correct abs xsec    265023790132230.59     
 Event xsec    265023790132230.59     
 Events wgts > 1:            1
 % Cross section > 1:    21963209.812500000       8.28725972168072326E-006

 -------------------------------------------------------------------------------
 Accumulated results:   Integral =  0.3929E+10
                        Std dev  =  0.5379E+09
                       Cross sec =  0.3929E+10
             Chi**2 per DoF.     =    209.4304
 -------------------------------------------------------------------------------
-------------------------------------------------
---------------------------
 Results Last   3 iters: Integral =   0.1405E+11
                     Abs integral =   0.1405E+11
                         Std dev =   0.3647E+10
                 Chi**2 per DoF. =    131.6518
-------------------------------------------------
---------------------------

ls status:
events.lhe
ftn25
ftn26
input_sg.txt
log.txt
moffset.dat
results.dat
run_01_ftn26.gz
run_01_log.txt
run_01_results.dat
run_02_ftn26.gz
run_02_log.txt
run_02_results.dat
run1_app.log
