 Process in group number            1
 No PDF is used, alpha_s(MZ) from param_card is used
 Value of alpha_s from param_card:   0.11800000071525575     
 The default order of alpha_s running is fixed to            2
 Warning: pt or E min of a gamma should in general be >0
 *****************************************************
 *               MadGraph/MadEvent                   *
 *        --------------------------------           *
 *          http://madgraph.hep.uiuc.edu             *
 *          http://madgraph.phys.ucl.ac.be           *
 *          http://madgraph.roma2.infn.it            *
 *        --------------------------------           *
 *                                                   *
 *          PARAMETER AND COUPLING VALUES            *
 *                                                   *
 *****************************************************

  External Params
  ---------------------------------
  
 mdl_MB =    4.6999998092651367     
 mdl_MT =    173.00000000000000     
 mdl_Me =   5.10999991092830896E-004
 mdl_MM =   0.10565999895334244     
 mdl_MTA =    1.7769999504089355     
 mdl_MZ =    91.188003540039063     
 mdl_MH =    125.00000000000000     
 aEWM1 =    132.50700378417969     
 mdl_Gf =   1.16639000000000003E-005
 aS =   0.11800000071525575     
 mdl_ymb =    4.6999998092651367     
 mdl_ymt =    173.00000000000000     
 mdl_yme =   5.10999991092830896E-004
 mdl_ymm =   0.10565999895334244     
 mdl_ymtau =    1.7769999504089355     
 mdl_WT =    1.4915000200271606     
 mdl_WTau =   2.26999999999999982E-012
 mdl_WZ =    2.4414041042327881     
 mdl_WW =    2.0476000308990479     
 mdl_WH =   6.38233916833996773E-003
  Internal Params
  ---------------------------------
  
 mdl_conjg__CKM3x3 =    1.0000000000000000     
 mdl_CKM3x3 =    1.0000000000000000     
 mdl_conjg__CKM1x1 =    1.0000000000000000     
 mdl_complexi =  (  0.0000000000000000     ,  1.0000000000000000     )
 mdl_MZ__exp__2 =    8315.2519896181766     
 mdl_MZ__exp__4 =    69143415.650849044     
 mdl_sqrt__2 =    1.4142135623730951     
 mdl_MH__exp__2 =    15625.000000000000     
 mdl_aEW =   7.54677089845565054E-003
 mdl_MW =    80.419007276179556     
 mdl_sqrt__aEW =   8.68721526063194194E-002
 mdl_ee =   0.30795376284704501     
 mdl_MW__exp__2 =    6467.2167312862202     
 mdl_sw2 =   0.22224645274001076     
 mdl_cw =   0.88190336616887299     
 mdl_sqrt__sw2 =   0.47143022043565552     
 mdl_sw =   0.47143022043565552     
 mdl_g1 =   0.34919218438279087     
 mdl_gw =   0.65323296958447097     
 mdl_vev =    246.21845810181631     
 mdl_vev__exp__2 =    60623.529110035874     
 mdl_lam =   0.12886910601690271     
 mdl_yb =   2.69955531549349904E-002
 mdl_ye =   2.93504850670934038E-006
 mdl_ym =   6.06883028478528356E-004
 mdl_yt =   0.99366614581500645     
 mdl_ytau =   1.02066167158167895E-002
 mdl_muH =    88.388347648318444     
 mdl_I1x33 =  ( 2.69955531549349904E-002,  0.0000000000000000     )
 mdl_I2x33 =  ( 0.99366614581500645     ,  0.0000000000000000     )
 mdl_I3x33 =  ( 0.99366614581500645     ,  0.0000000000000000     )
 mdl_I4x33 =  ( 2.69955531549349904E-002,  0.0000000000000000     )
 mdl_ee__exp__2 =   9.48355200516540348E-002
 mdl_sw__exp__2 =   0.22224645274001076     
 mdl_cw__exp__2 =   0.77775354725998924     
  Internal Params evaluated point by point
  ----------------------------------------
  
 mdl_sqrt__aS =   0.34351128178744839     
 mdl_G__exp__2 =    1.4828317414825511     
  Couplings of sm-lepton_masses
  ---------------------------------
  
         GC_3 =  -0.00000E+00  -0.30795E+00
        GC_50 =  -0.00000E+00  -0.28804E+00
        GC_59 =   0.00000E+00   0.82310E-01
        GC_89 =  -0.00000E+00  -0.20754E-05

 Collider parameters:
 --------------------

 Running at e e   machine @    10.000000000000000       GeV
 PDF set = none   
 alpha_s(Mz)= 0.1180 running at 2 loops.
 alpha_s(Mz)= 0.1180 running at 2 loops.
 Renormalization scale set on event-by-event basis
 Factorization   scale set on event-by-event basis


 getting user params
Enter number of events and max and min iterations: 
 Number of events and iterations         2000           9           3
Enter desired fractional accuracy: 
 Desired fractional accuracy:  -1.31209999999999997E-047
Enter 0 for fixed, 2 for adjustable grid: 
Suppress amplitude (0 no, 1 yes)? 
 Using suppressed amplitude.
Exact helicity sum (0 yes, n = number/event)? 
 Explicitly summing over helicities
Enter Configuration Number: 
Running Configuration Number:   22
 Not subdividing B.W.
 Attempting mappinvarients           1           5
 Completed mapping           5
 about to integrate            5        2000           9           3           5           1
 Keeping grid fixed.
  5 dimensions   2000 events  5 invarients  9 iterations  1 config(s),  (0.99)
 Using h-tuple random number sequence.
 Grid read from file
 Grid defined OK
 Set CM energy to         10.00
 Mapping Graph          22  to config          22
 No modification is setgrid, grid read from file
 No modification is setgrid, grid read from file
 Masses: 0.511E-03 0.511E-03 0.000E+00 0.511E-03 0.511E-03
  22   1   2   3   4   5
 Got moffset           6
Using random seed offsets    22 :      1
  with seed                   30
 Ranmar initialization seeds        8313       28347
  Particle       3       4       5
      Et >     0.0    -1.0    -1.0
       E >     0.0     0.0     0.0
     Eta <    -1.0    -1.0    -1.0
   xqcut:      0.0     0.0     0.0
d R # 3  >    -0.0     0.4     0.4
d R # 4  >    -0.0    -0.0     0.0
s min # 3>     0.0     0.0     0.0
s min # 4>     0.0     0.0     0.0
xqcutij # 3>     0.0     0.0     0.0
xqcutij # 4>     0.0     0.0     0.0
 alpha_s for scale    2.2360679777408148       is   0.28377211165106858     
 Added good helicity            1   4.0406605139099447       in event            1
 Added good helicity            3  5.85106506885273587E-005  in event            1
 Added good helicity            5   3.9592809754393654       in event            1
 Added good helicity           10   4.0406605139099447       in event            1
 Added good helicity           12  5.85106506885273587E-005  in event            1
 Added good helicity           14   3.9592809754393654       in event            1
 Added good helicity           19   3.9592809754393654       in event            1
 Added good helicity           21  5.85106506885273858E-005  in event            1
 Added good helicity           23   4.0406605139099447       in event            1
 Added good helicity           28   3.9592809754393654       in event            1
 Added good helicity           30  5.85106506885273858E-005  in event            1
 Added good helicity           32   4.0406605139099447       in event            1
 Added good helicity            2   8.8957260246471979       in event           33
 Added good helicity           13   7.1042522739308449       in event           33
 Added good helicity           20   7.1042522737895251       in event           33
 Added good helicity           31   8.8957260247719834       in event           33
 Iteration  1   Mean: 0.5789E+42 Abs mean: 0.5789E+42   Fluctuation:  0.273E+42   0.405E+45    98.2%
  1    0.5789E+42 0.5789E+42 +- 0.2734E+42     21.12
 Writing out events  3.27567429155303273E+037   21.119425286037050     
 Relative summed weights:
  0.1000E+01  0.0000E+00
 Relative number of events:
  0.1000E+01  0.0000E+00
 Events:
        2000           0
 Iteration  2   Mean: 0.1464E+44 Abs mean: 0.1464E+44   Fluctuation:  0.949E+43   0.356E+47    98.6%
  2    0.1464E+44 0.1464E+44 +- 0.9491E+43     41.00
 Relative summed weights:
  0.1000E+01  0.0000E+00
 Relative number of events:
  0.1000E+01  0.0000E+00
 Events:
        4000           0
 Iteration  3   Mean: 0.6472E+45 Abs mean: 0.6472E+45   Fluctuation:  0.538E+45   0.428E+49    98.5%
  3    0.6472E+45 0.6472E+45 +- 0.5379E+45     74.34
 Relative summed weights:
  0.1000E+01  0.0000E+00
 Relative number of events:
  0.1000E+01  0.0000E+00
 Events:
        8000           0
 Found           26  events.
 Wrote            1  events.
 Actual xsec   1.17210628721214707E+044
 Correct abs xsec   1.17210628721214707E+044
 Event xsec   1.17210628721214707E+044
 Events wgts > 1:            1
 % Cross section > 1:   9.29044007662758122E+036  7.92627782820351265E-006
 Checking number of events  1.53792065945105813E-003           1  chi2:    91059.591767507955     
 Found           26  events.
 Wrote            1  events.
 Actual xsec   1.17210628721214707E+044
 Correct abs xsec   1.17210628721214707E+044
 Event xsec   1.17210628721214707E+044
 Events wgts > 1:            1
 % Cross section > 1:   9.29044007662758122E+036  7.92627782820351265E-006
 Iteration  4   Mean: 0.1939E+48 Abs mean: 0.1939E+48   Fluctuation:  0.191E+48   0.305E+52    98.2%
  4    0.1939E+48 0.1939E+48 +- 0.1907E+48    124.37
 Relative summed weights:
  0.1000E+01  0.0000E+00
 Relative number of events:
  0.1000E+01  0.0000E+00
 Events:
       16000           0
 Found           19  events.
 Wrote            1  events.
 Actual xsec   4.14510526444045392E+046
 Correct abs xsec   4.14510526444045392E+046
 Event xsec   4.14510526444045392E+046
 Events wgts > 1:            1
 % Cross section > 1:   2.90409105184159379E+039  7.00607310688795247E-006
 Checking number of events  0.54387926174723200                1  chi2:    9533510.5855312198     
 Found           19  events.
 Wrote            1  events.
 Actual xsec   4.14510526444045392E+046
 Correct abs xsec   4.14510526444045392E+046
 Event xsec   4.14510526444045392E+046
 Events wgts > 1:            1
 % Cross section > 1:   2.90409105184159379E+039  7.00607310688795247E-006
 Error in matrix element
 Iteration  5   Mean: 0.4254E+47 Abs mean: 0.4254E+47   Fluctuation:  0.280E+47   0.833E+51    98.2%
  5    0.4254E+47 0.4254E+47 +- 0.2800E+47    117.77
 Relative summed weights:
  0.1000E+01  0.0000E+00
 Relative number of events:
  0.1000E+01  0.0000E+00
 Events:
       32000           0
 Found           15  events.
 Wrote            1  events.
 Actual xsec   6.25677956874510780E+046
 Correct abs xsec   6.25677956874510780E+046
 Event xsec   6.25677956874510780E+046
 Events wgts > 1:            0
 % Cross section > 1:    0.0000000000000000        0.0000000000000000     
 Checking number of events  0.82095204721504556                1  chi2:    6625.8947980457242     
 Found           15  events.
 Wrote            1  events.
 Actual xsec   6.25677956874510780E+046
 Correct abs xsec   6.25677956874510780E+046
 Event xsec   6.25677956874510780E+046
 Events wgts > 1:            0
 % Cross section > 1:    0.0000000000000000        0.0000000000000000     
 Error in matrix element
 Error in matrix element
 Error in matrix element
 Iteration  6   Mean: 0.2670E+48 Abs mean: 0.2670E+48   Fluctuation:  0.218E+48   0.138E+53    98.3%
  6    0.2670E+48 0.2670E+48 +- 0.2181E+48    206.63
 Relative summed weights:
  0.1000E+01  0.0000E+00
 Relative number of events:
  0.1000E+01  0.0000E+00
 Events:
       64000           0
 Found           29  events.
 Wrote            1  events.
 Actual xsec   1.44404116340280102E+047
 Correct abs xsec   1.44404116340280102E+047
 Event xsec   1.44404116340280102E+047
 Events wgts > 1:            1
 % Cross section > 1:   2.05152803452287712E+040  1.42068528689900214E-005
 Checking number of events   1.8947264105008153                1  chi2:    6.8071303123446256     
 Found           29  events.
 Wrote            1  events.
 Actual xsec   1.44404116340280102E+047
 Correct abs xsec   1.44404116340280102E+047
 Event xsec   1.44404116340280102E+047
 Events wgts > 1:            1
 % Cross section > 1:   2.05152803452287712E+040  1.42068528689900214E-005
 Error in matrix element
 Error in matrix element
 Error in matrix element
 Error in matrix element
 Error in matrix element
 Error in matrix element
 Iteration  7   Mean: 0.2337E+49 Abs mean: 0.2337E+49   Fluctuation:  0.171E+49   0.212E+54    98.2%
  7    0.2337E+49 0.2337E+49 +- 0.1714E+49    262.43
 Relative summed weights:
  0.1000E+01  0.0000E+00
 Relative number of events:
  0.1000E+01  0.0000E+00
 Events:
      128000           0
 Found           30  events.
 Wrote            1  events.
 Actual xsec   8.54830806664846158E+047
 Correct abs xsec   8.54830806664846158E+047
 Event xsec   8.54830806664846158E+047
 Events wgts > 1:            1
 % Cross section > 1:   3.97643664483684935E+040  4.65172360873500009E-006
 Checking number of events   11.216235014249445                1  chi2:    424.66086491224178     
 Found           30  events.
 Wrote            1  events.
 Actual xsec   8.54830806664846158E+047
 Correct abs xsec   8.54830806664846158E+047
 Event xsec   8.54830806664846158E+047
 Events wgts > 1:            1
 % Cross section > 1:   3.97643664483684935E+040  4.65172360873500009E-006
 Error in matrix element
 Error in matrix element
 Error in matrix element
 Error in matrix element
 Error in matrix element
 Error in matrix element
 Error in matrix element
 Error in matrix element
 Error in matrix element
 Error in matrix element
 Error in matrix element
 Error in matrix element
 Error in matrix element
 Error in matrix element
 Error in matrix element
 Error in matrix element
 Error in matrix element
 Error in matrix element
 Error in matrix element
 Error in matrix element
 Error in matrix element
 Iteration  8   Mean: 0.2855E+47 Abs mean: 0.2855E+47   Fluctuation:  0.118E+47   0.207E+52    98.2%
  8    0.2855E+47 0.2855E+47 +- 0.1176E+47    208.43
 Relative summed weights:
  0.1000E+01  0.0000E+00
 Relative number of events:
  0.1000E+01  0.0000E+00
 Events:
      256000           0
 Found           25  events.
 Wrote            3  events.
 Actual xsec   5.31077503995805681E+047
 Correct abs xsec   5.31077503995805681E+047
 Event xsec   5.31077503995805600E+047
 Events wgts > 1:            0
 % Cross section > 1:    0.0000000000000000        0.0000000000000000     
 Checking number of events   6.9682679299289658                3  chi2:    914.25675492551477     
 Found           25  events.
 Wrote            2  events.
 Actual xsec   5.31077503995805681E+047
 Correct abs xsec   5.31077503995805681E+047
 Event xsec   5.31077503995805681E+047
 Events wgts > 1:            0
 % Cross section > 1:    0.0000000000000000        0.0000000000000000     
 Error in matrix element
 Error in matrix element
 Error in matrix element
 Error in matrix element
 Error in matrix element
 Error in matrix element
 Error in matrix element
 Error in matrix element
 Error in matrix element
 Error in matrix element
 Error in matrix element
 Error in matrix element
 Error in matrix element
 Error in matrix element
 Error in matrix element
 Error in matrix element
 Error in matrix element
 Error in matrix element
 Error in matrix element
 Error in matrix element
 Error in matrix element
 Error in matrix element
 Iteration  9   Mean: 0.2813E+50 Abs mean: 0.2813E+50   Fluctuation:  0.269E+50   0.138E+56    98.2%
  9    0.2813E+50 0.2813E+50 +- 0.2691E+50    684.66
 Relative summed weights:
  0.1000E+01  0.0000E+00
 Relative number of events:
  0.1000E+01  0.0000E+00
 Events:
      512000           0
 Found          213  events.
 Wrote            1  events.
 Actual xsec   3.98435302155999887E+048
 Correct abs xsec   3.98435302155999887E+048
 Event xsec   3.98435302155999887E+048
 Events wgts > 1:            0
 % Cross section > 1:    0.0000000000000000        0.0000000000000000     
 Checking number of events   52.278695995888746                1  chi2:    56573.023258046131     
 Found          213  events.
 Wrote            1  events.
 Actual xsec   3.98435302155999887E+048
 Correct abs xsec   3.98435302155999887E+048
 Event xsec   3.98435302155999887E+048
 Events wgts > 1:            0
 % Cross section > 1:    0.0000000000000000        0.0000000000000000     

 -------------------------------------------------------------------------------
 Accumulated results:   Integral =   +Infinity
                        Std dev  =   +Infinity
                       Cross sec =   +Infinity
             Chi**2 per DoF.     =     38.2050
 -------------------------------------------------------------------------------
-------------------------------------------------
---------------------------
 Results Last   3 iters: Integral =   0.3984E+49
                     Abs integral =   0.3984E+49
                          Std dev =   0.1340E+49
                  Chi**2 per DoF. =  56573.0233
-------------------------------------------------
---------------------------
 Status -1.31209999999999997E-047          10           9
 Trying w/ fresh grid
 Starting w/ ncall =         8000
 Keeping grid fixed.
  5 dimensions   8000 events  5 invarients  8 iterations  1 config(s),  (0.99)
 Using h-tuple random number sequence.
 Error opening grid
 Using Uniform Grid!
 Using uniform alpha   1.0000000000000000     
 Grid defined OK
Setting grid   1    0.26112E-08   1
Setting grid   2    0.26112E-08   1
 Iteration  1   Mean: 0.3978E+33 Abs mean: 0.3978E+33   Fluctuation:  0.335E+33   0.263E+37    67.0%
  1    0.3978E+33 0.3978E+33 +- 0.3354E+33     75.41
 Relative summed weights:
  0.1000E+01  0.0000E+00
 Relative number of events:
  0.1000E+01  0.0000E+00
 Events:
        8000           0
 Iteration  2   Mean: 0.8640E+39 Abs mean: 0.8640E+39   Fluctuation:  0.503E+39   0.639E+43    82.6%
  2    0.8640E+39 0.8640E+39 +- 0.5027E+39     73.60
 Relative summed weights:
  0.1000E+01  0.0000E+00
 Relative number of events:
  0.1000E+01  0.0000E+00
 Events:
       16000           0
 Iteration  3   Mean: 0.1224E+42 Abs mean: 0.1224E+42   Fluctuation:  0.662E+41   0.170E+46    96.7%
  3    0.1224E+42 0.1224E+42 +- 0.6619E+41     96.72
 Relative summed weights:
  0.1000E+01  0.0000E+00
 Relative number of events:
  0.1000E+01  0.0000E+00
 Events:
       32000           0
 Found           43  events.
 Wrote            1  events.
 Actual xsec   5.41516029644352362E+040
 Correct abs xsec   5.41516029644352362E+040
 Event xsec   5.41516029644352362E+040
 Events wgts > 1:            0
 % Cross section > 1:    0.0000000000000000        0.0000000000000000     
 Checking number of events  7.10523182496354677E-007           1  chi2:    13036356747593600.     
 Found           43  events.
 Wrote            4  events.
 Actual xsec   5.41516029644352362E+040
 Correct abs xsec   5.41516029644352362E+040
 Event xsec   5.41516029644352362E+040
 Events wgts > 1:            0
 % Cross section > 1:    0.0000000000000000        0.0000000000000000     
 Iteration  4   Mean: 0.2986E+45 Abs mean: 0.2986E+45   Fluctuation:  0.287E+45   0.184E+50    96.4%
  4    0.2986E+45 0.2986E+45 +- 0.2874E+45    243.55
 Relative summed weights:
  0.1000E+01  0.0000E+00
 Relative number of events:
  0.1000E+01  0.0000E+00
 Events:
       64000           0
 Found           51  events.
 Wrote            1  events.
 Actual xsec   4.32769834350383007E+043
 Correct abs xsec   4.32769834350383007E+043
 Event xsec   4.32769834350383007E+043
 Events wgts > 1:            0
 % Cross section > 1:    0.0000000000000000        0.0000000000000000     
 Checking number of events  5.67837299651137526E-004           1  chi2:    3705081606.4548144     
 Found           51  events.
 Wrote            1  events.
 Actual xsec   4.32769834350383007E+043
 Correct abs xsec   4.32769834350383007E+043
 Event xsec   4.32769834350383007E+043
 Events wgts > 1:            0
 % Cross section > 1:    0.0000000000000000        0.0000000000000000     
 Iteration  5   Mean: 0.3230E+47 Abs mean: 0.3230E+47   Fluctuation:  0.320E+47   0.409E+52    98.3%
  5    0.3230E+47 0.3230E+47 +- 0.3199E+47    354.27
 Relative summed weights:
  0.1000E+01  0.0000E+00
 Relative number of events:
  0.1000E+01  0.0000E+00
 Events:
      128000           0
 Found           32  events.
 Wrote            1  events.
 Actual xsec   6.02697868638477218E+045
 Correct abs xsec   6.02697868638477218E+045
 Event xsec   6.02697868638477218E+045
 Events wgts > 1:            1
 % Cross section > 1:   1.81725384857089026E+039  3.01519873079384211E-005
 Checking number of events  7.90799873440545947E-002           1  chi2:    4144981171.0790687     
 Found           32  events.
 Wrote            1  events.
 Actual xsec   6.02697868638477218E+045
 Correct abs xsec   6.02697868638477218E+045
 Event xsec   6.02697868638477218E+045
 Events wgts > 1:            1
 % Cross section > 1:   1.81725384857089026E+039  3.01519873079384211E-005
 Fixing grid
 Error in matrix element
 Iteration  6   Mean: 0.4170E+48 Abs mean: 0.4170E+48   Fluctuation:  0.355E+48   0.898E+53    96.1%
  6    0.4170E+48 0.4170E+48 +- 0.3551E+48    430.83
 Relative summed weights:
  0.1000E+01  0.0000E+00
 Relative number of events:
  0.1000E+01  0.0000E+00
 Events:
      256000           0
 Found           27  events.
 Wrote            2  events.
 Actual xsec   1.74926411032643944E+047
 Correct abs xsec   1.74926411032643944E+047
 Event xsec   1.74926411032643924E+047
 Events wgts > 1:            0
 % Cross section > 1:    0.0000000000000000        0.0000000000000000     
 Checking number of events   2.2952094391593212                2  chi2:    184578.22853754179     
 Found           27  events.
 Wrote            1  events.
 Actual xsec   1.74926411032643944E+047
 Correct abs xsec   1.74926411032643944E+047
 Event xsec   1.74926411032643924E+047
 Events wgts > 1:            0
 % Cross section > 1:    0.0000000000000000        0.0000000000000000     
 Error in matrix element
 Error in matrix element
 Iteration  7   Mean: 0.3657E+48 Abs mean: 0.3657E+48   Fluctuation:  0.355E+48   0.182E+54    96.1%
  7    0.3657E+48 0.3657E+48 +- 0.3552E+48    694.89
 Relative summed weights:
  0.1000E+01  0.0000E+00
 Relative number of events:
  0.1000E+01  0.0000E+00
 Events:
      512000           0
 Found           30  events.
 Wrote            1  events.
 Actual xsec   2.87878518098311094E+047
 Correct abs xsec   2.87878518098311094E+047
 Event xsec   2.87878518098311094E+047
 Events wgts > 1:            0
 % Cross section > 1:    0.0000000000000000        0.0000000000000000     
 Checking number of events   3.7772540359679398                1  chi2:    32.008972800195323     
 Found           30  events.
 Wrote            1  events.
 Actual xsec   2.87878518098311094E+047
 Correct abs xsec   2.87878518098311094E+047
 Event xsec   2.87878518098311094E+047
 Events wgts > 1:            0
 % Cross section > 1:    0.0000000000000000        0.0000000000000000     
 Error in matrix element
 Iteration  8   Mean: 0.8018E+48 Abs mean: 0.8018E+48   Fluctuation:  0.745E+48   0.762E+54    96.1%
  8    0.8018E+48 0.8018E+48 +- 0.7451E+48    940.43
 Relative summed weights:
  0.1000E+01  0.0000E+00
 Relative number of events:
  0.1000E+01  0.0000E+00
 Events:
     1024000           0
 Found           32  events.
 Wrote            1  events.
 Actual xsec   9.67844291709060467E+048
 Correct abs xsec   9.67844291709060467E+048
 Event xsec   9.67844291709060467E+048
 Events wgts > 1:            1
 % Cross section > 1:   1.21414144596208682E+042  1.25448014351368898E-005
 Checking number of events   6.8981890778561645                1  chi2:   0.21697231561760288     
 Found           32  events.
 Wrote            1  events.
 Actual xsec   9.67844291709060467E+048
 Correct abs xsec   9.67844291709060467E+048
 Event xsec   9.67844291709060467E+048
 Events wgts > 1:            1
 % Cross section > 1:   1.21414144596208682E+042  1.25448014351368898E-005

 -------------------------------------------------------------------------------
 Accumulated results:   Integral =   +Infinity
                        Std dev  =   +Infinity
                       Cross sec =   +Infinity
             Chi**2 per DoF.     =      5.9707
 -------------------------------------------------------------------------------
-------------------------------------------------
---------------------------
 Results Last   3 iters: Integral =   0.5257E+48
                     Abs integral =   0.5257E+48
                         Std dev =   0.2772E+48
                 Chi**2 per DoF. =      0.2170
-------------------------------------------------
---------------------------

ls status:
events.lhe
ftn25
ftn26
input_sg.txt
log.txt
moffset.dat
results.dat
run1_app.log
