 Process in group number            0
 No PDF is used, alpha_s(MZ) from param_card is used
 Value of alpha_s from param_card:   0.11800000071525575     
 The default order of alpha_s running is fixed to            2
 *****************************************************
 *               MadGraph/MadEvent                   *
 *        --------------------------------           *
 *          http://madgraph.hep.uiuc.edu             *
 *          http://madgraph.phys.ucl.ac.be           *
 *          http://madgraph.roma2.infn.it            *
 *        --------------------------------           *
 *                                                   *
 *          PARAMETER AND COUPLING VALUES            *
 *                                                   *
 *****************************************************

  External Params
  ---------------------------------
  
 aEWM1 =    132.50700378417969     
 mdl_Gf =   1.16639000000000003E-005
 aS =   0.11800000071525575     
 mdl_ymb =    4.6999998092651367     
 mdl_ymt =    173.00000000000000     
 mdl_yme =   5.10999991092830896E-004
 mdl_ymm =   0.10565999895334244     
 mdl_ymtau =    1.7769999504089355     
 mdl_MZ =    91.188003540039063     
 mdl_MT =    173.00000000000000     
 mdl_MB =    4.6999998092651367     
 mdl_MH =    125.00000000000000     
 mdl_Me =   5.10999991092830896E-004
 mdl_MM =   0.10565999895334244     
 mdl_MTA =    1.7769999504089355     
 mdl_WZ =    2.4414041042327881     
 mdl_WW =    2.0476000308990479     
 mdl_WT =    1.4915000200271606     
 mdl_WH =   6.38233916833996773E-003
 mdl_WTau =   2.26999999999999982E-012
  Internal Params
  ---------------------------------
  
 mdl_conjg__CKM3x3 =    1.0000000000000000     
 mdl_CKM3x3 =    1.0000000000000000     
 mdl_conjg__CKM1x1 =    1.0000000000000000     
 mdl_complexi =  (  0.0000000000000000     ,  1.0000000000000000     )
 mdl_MZ__exp__2 =    8315.2519896181766     
 mdl_MZ__exp__4 =    69143415.650849044     
 mdl_sqrt__2 =    1.4142135623730951     
 mdl_MH__exp__2 =    15625.000000000000     
 mdl_aEW =   7.54677089845565054E-003
 mdl_MW =    80.419007276179556     
 mdl_sqrt__aEW =   8.68721526063194194E-002
 mdl_ee =   0.30795376284704501     
 mdl_MW__exp__2 =    6467.2167312862202     
 mdl_sw2 =   0.22224645274001076     
 mdl_cw =   0.88190336616887299     
 mdl_sqrt__sw2 =   0.47143022043565552     
 mdl_sw =   0.47143022043565552     
 mdl_g1 =   0.34919218438279087     
 mdl_gw =   0.65323296958447097     
 mdl_vev =    246.21845810181631     
 mdl_vev__exp__2 =    60623.529110035874     
 mdl_lam =   0.12886910601690271     
 mdl_yb =   2.69955531549349904E-002
 mdl_ye =   2.93504850670934038E-006
 mdl_ym =   6.06883028478528356E-004
 mdl_yt =   0.99366614581500645     
 mdl_ytau =   1.02066167158167895E-002
 mdl_muH =    88.388347648318444     
 mdl_I1x33 =  ( 2.69955531549349904E-002,  0.0000000000000000     )
 mdl_I2x33 =  ( 0.99366614581500645     ,  0.0000000000000000     )
 mdl_I3x33 =  ( 0.99366614581500645     ,  0.0000000000000000     )
 mdl_I4x33 =  ( 2.69955531549349904E-002,  0.0000000000000000     )
 mdl_ee__exp__2 =   9.48355200516540348E-002
 mdl_sw__exp__2 =   0.22224645274001076     
 mdl_cw__exp__2 =   0.77775354725998924     
  Internal Params evaluated point by point
  ----------------------------------------
  
 mdl_sqrt__aS =   0.34351128178744839     
 mdl_G__exp__2 =    1.4828317414825511     
  Couplings of sm-lepton_masses
  ---------------------------------
  
         GC_3 =  -0.00000E+00  -0.30795E+00
        GC_50 =  -0.00000E+00  -0.28804E+00
        GC_59 =   0.00000E+00   0.82310E-01
        GC_89 =  -0.00000E+00  -0.20754E-05

 Collider parameters:
 --------------------

<<<<<<< HEAD
 Running at e e   machine @   7.14879999999999960E-002  GeV
=======
 Running at e e   machine @   7.00000000000000067E-002  GeV
>>>>>>> 911b5ec345c81b054214c521136984e9d6306827
 PDF set = none   
 alpha_s(Mz)= 0.1180 running at 2 loops.
 alpha_s(Mz)= 0.1180 running at 2 loops.
 Renormalization scale fixed @    91.188000000000002     
 Factorization scales  fixed @    91.188000000000002        91.188000000000002     


 getting user params
Enter number of events and max and min iterations: 
<<<<<<< HEAD
 Number of events and iterations         2000           9           3
Enter desired fractional accuracy: 
 Desired fractional accuracy:  -1.94430000000000017E-006
=======
 Number of events and iterations         1000           9           3
Enter desired fractional accuracy: 
 Desired fractional accuracy:  -4.17719999999999991E-053
>>>>>>> 911b5ec345c81b054214c521136984e9d6306827
Enter 0 for fixed, 2 for adjustable grid: 
Suppress amplitude (0 no, 1 yes)? 
 Using suppressed amplitude.
Exact helicity sum (0 yes, n = number/event)? 
 Explicitly summing over helicities
Enter Configuration Number: 
Running Configuration Number:    4
 Not subdividing B.W.
 Attempting mappinvarients           1           4
 Completed mapping           4
<<<<<<< HEAD
 about to integrate            2        2000           9           3           2           1
 Using non-zero grid deformation.
  2 dimensions   2000 events  2 invarients  9 iterations  1 config(s),  (0.99)
 Using h-tuple random number sequence.
 Error opening grid
 Using Uniform Grid!
 Using uniform alpha   1.0000000000000000     
 Grid defined OK
 Set CM energy to          0.07
 Mapping Graph           4  to config           4
Setting grid   1    0.19567E-01   1
=======
 about to integrate            2        1000           9           3           2           1
 Keeping grid fixed.
  2 dimensions   1000 events  2 invarients  9 iterations  1 config(s),  (0.99)
 Using h-tuple random number sequence.
 Grid read from file
 Grid defined OK
 Set CM energy to          0.07
 Mapping Graph           4  to config           4
 No modification is setgrid, grid read from file
>>>>>>> 911b5ec345c81b054214c521136984e9d6306827
 Masses: 0.511E-03 0.511E-03 0.511E-03 0.511E-03
   4   1   2
 Got moffset          12
Using random seed offsets     4 :      1
<<<<<<< HEAD
  with seed                   63
 Ranmar initialization seeds       18441       17242
=======
  with seed                   30
 Ranmar initialization seeds        8295       17208
>>>>>>> 911b5ec345c81b054214c521136984e9d6306827
  Particle       3       4
      Et >     0.0     0.0
       E >     0.0     0.0
     Eta <    -1.0    -1.0
   xqcut:      0.0     0.0
d R # 3  >    -0.0     0.4
s min # 3>     0.0     0.0
xqcutij # 3>     0.0     0.0
 alpha_s for scale    91.188000000000002       is   0.11800000071525575     
<<<<<<< HEAD
 Added good helicity            1   4.3520823290104813       in event            1
 Added good helicity            2  7.67018007173203052E-006  in event            1
 Added good helicity            3  7.67018021465153379E-006  in event            1
 Added good helicity            5  7.67018007173203052E-006  in event            1
 Added good helicity            6   3.6478719100487895       in event            1
 Added good helicity            7  1.50474539938399753E-005  in event            1
 Added good helicity            8  7.67018007173201527E-006  in event            1
 Added good helicity            9  7.67018021465153210E-006  in event            1
 Added good helicity           10  1.50474539938399685E-005  in event            1
 Added good helicity           11   3.6478719749606365       in event            1
 Added good helicity           12  7.67018021465154565E-006  in event            1
 Added good helicity           14  7.67018007173201697E-006  in event            1
 Added good helicity           15  7.67018021465154565E-006  in event            1
 Added good helicity           16   4.3520823290104804       in event            1
 Iteration  1   Mean: 0.2487E+10 Abs mean: 0.2487E+10   Fluctuation:  0.658E+08   0.103E+11    90.3%
  1    0.2487E+10 0.2487E+10 +- 0.6580E+08      1.18
 Writing out events   153101.33245288164        1.1831398454414979     
=======
 Added good helicity            1   4.0000000000052145       in event            1
 Added good helicity            6   3.9999999999947859       in event            1
 Added good helicity           11   3.9999999999947859       in event            1
 Added good helicity           16   4.0000000000052145       in event            1
 Iteration  1   Mean: 0.3201E+55 Abs mean: 0.3201E+55   Fluctuation:  0.319E+55   0.319E+58   100.0%
  1    0.3201E+55 0.3201E+55 +- 0.3192E+55     31.53
 Writing out events  3.55695316655238847E+050   31.533680316618700     
 Relative summed weights:
  0.1000E+01  0.0000E+00
 Relative number of events:
  0.1000E+01  0.0000E+00
 Events:
        1000           0
 Iteration  2   Mean: 0.5054E+52 Abs mean: 0.5054E+52   Fluctuation:  0.201E+52   0.241E+55   100.0%
  2    0.5054E+52 0.5054E+52 +- 0.2011E+52     17.79
>>>>>>> 911b5ec345c81b054214c521136984e9d6306827
 Relative summed weights:
  0.1000E+01  0.0000E+00
 Relative number of events:
  0.1000E+01  0.0000E+00
 Events:
        2000           0
<<<<<<< HEAD
 Iteration  2   Mean: 0.2308E+10 Abs mean: 0.2308E+10   Fluctuation:  0.254E+08   0.566E+10    98.7%
  2    0.2308E+10 0.2308E+10 +- 0.2542E+08      0.70
=======
 Iteration  3   Mean: 0.3659E+56 Abs mean: 0.3659E+56   Fluctuation:  0.366E+56   0.146E+60   100.0%
  3    0.3659E+56 0.3659E+56 +- 0.3658E+56     63.22
>>>>>>> 911b5ec345c81b054214c521136984e9d6306827
 Relative summed weights:
  0.1000E+01  0.0000E+00
 Relative number of events:
  0.1000E+01  0.0000E+00
 Events:
        4000           0
<<<<<<< HEAD
 Iteration  3   Mean: 0.2352E+10 Abs mean: 0.2352E+10   Fluctuation:  0.129E+08   0.943E+10    99.1%
  3    0.2352E+10 0.2352E+10 +- 0.1292E+08      0.49
=======
 Found           33  events.
 Wrote            1  events.
 Actual xsec   4.78933445473230535E+054
 Correct abs xsec   4.78933445473230535E+054
 Event xsec   4.78933445473230467E+054
 Events wgts > 1:            0
 % Cross section > 1:    0.0000000000000000        0.0000000000000000     
 Checking number of events   200.06007884307786                1  chi2:    2831071.7223108099     
 Found           33  events.
 Wrote            1  events.
 Actual xsec   4.78933445473230535E+054
 Correct abs xsec   4.78933445473230535E+054
 Event xsec   4.78933445473230467E+054
 Events wgts > 1:            0
 % Cross section > 1:    0.0000000000000000        0.0000000000000000     
 Iteration  4   Mean: 0.4859E+56 Abs mean: 0.4859E+56   Fluctuation:  0.482E+56   0.386E+60   100.0%
  4    0.4859E+56 0.4859E+56 +- 0.4820E+56     88.73
>>>>>>> 911b5ec345c81b054214c521136984e9d6306827
 Relative summed weights:
  0.1000E+01  0.0000E+00
 Relative number of events:
  0.1000E+01  0.0000E+00
 Events:
        8000           0
<<<<<<< HEAD
 Found          842  events.
 Wrote          837  events.
 Actual xsec    2347975873.9394021     
 Correct abs xsec    2347975873.9394021     
 Event xsec    2347975873.9394026     
 Events wgts > 1:            0
 % Cross section > 1:    0.0000000000000000        0.0000000000000000     
 Checking number of events   4565.1694917003797              837  chi2:    3.5346624341828479     
 Found          842  events.
 Wrote          837  events.
 Actual xsec    2347975873.9394021     
 Correct abs xsec    2347975873.9394021     
 Event xsec    2347975873.9394026     
 Events wgts > 1:            0
 % Cross section > 1:    0.0000000000000000        0.0000000000000000     
Warning xbin not returning correct x   1  0.986529E+00  0.999996E+00  0.3136E-03
Warning xbin not returning correct x   1  0.992793E+00  0.999998E+00  0.3136E-03
Warning xbin not returning correct x   1  0.996576E+00  0.999999E+00  0.3136E-03
Warning xbin not returning correct x   1  0.989219E+00  0.999997E+00  0.3136E-03
 Iteration  4   Mean: 0.2348E+10 Abs mean: 0.2348E+10   Fluctuation:  0.602E+07   0.462E+10    99.3%
  4    0.2348E+10 0.2348E+10 +- 0.6024E+07      0.32
=======
 Found           10  events.
 Wrote            1  events.
 Actual xsec   1.03201774274046148E+055
 Correct abs xsec   1.03201774274046148E+055
 Event xsec   1.03201774274046148E+055
 Events wgts > 1:            0
 % Cross section > 1:    0.0000000000000000        0.0000000000000000     
 Checking number of events   431.09445149754555                1  chi2:    13160318.763662731     
 Found           10  events.
 Wrote            1  events.
 Actual xsec   1.03201774274046148E+055
 Correct abs xsec   1.03201774274046148E+055
 Event xsec   1.03201774274046148E+055
 Events wgts > 1:            0
 % Cross section > 1:    0.0000000000000000        0.0000000000000000     
 Error in matrix element
 Error in matrix element
 Iteration  5   Mean: 0.4523E+55 Abs mean: 0.4523E+55   Fluctuation:  0.274E+55   0.416E+59   100.0%
  5    0.4523E+55 0.4523E+55 +- 0.2742E+55     76.69
>>>>>>> 911b5ec345c81b054214c521136984e9d6306827
 Relative summed weights:
  0.1000E+01  0.0000E+00
 Relative number of events:
  0.1000E+01  0.0000E+00
 Events:
       16000           0
<<<<<<< HEAD
 Found         1588  events.
 Wrote         1583  events.
 Actual xsec    2346617327.1290798     
 Correct abs xsec    2346617327.1290798     
 Event xsec    2346617327.1290569     
 Events wgts > 1:            0
 % Cross section > 1:    0.0000000000000000        0.0000000000000000     
 Checking number of events   4562.5280691370699             1583  chi2:    1.2632275296240920     
 Found         1588  events.
 Wrote         1583  events.
 Actual xsec    2346617327.1290798     
 Correct abs xsec    2346617327.1290798     
 Event xsec    2346617327.1290569     
 Events wgts > 1:            0
 % Cross section > 1:    0.0000000000000000        0.0000000000000000     
Warning xbin not returning correct x   1  0.990120E+00  0.999998E+00  0.2010E-03
Warning xbin not returning correct x   1  0.997228E+00  0.999999E+00  0.2010E-03
Warning xbin not returning correct x   1  0.997024E+00  0.999999E+00  0.2010E-03
Warning xbin not returning correct x   1  0.995823E+00  0.999999E+00  0.2010E-03
Warning xbin not returning correct x   1  0.998695E+00  0.100000E+01  0.2010E-03
Warning xbin still not working well. Last message this iteration.
 Iteration  5   Mean: 0.2354E+10 Abs mean: 0.2354E+10   Fluctuation:  0.298E+07   0.336E+10    99.5%
  5    0.2354E+10 0.2354E+10 +- 0.2975E+07      0.23
=======
 Found           18  events.
 Wrote            2  events.
 Actual xsec   2.07482764525343410E+055
 Correct abs xsec   2.07482764525343410E+055
 Event xsec   2.07482764525343410E+055
 Events wgts > 1:            1
 % Cross section > 1:   1.76658433326145700E+047  8.51436666222785794E-007
 Checking number of events   866.69700397526447                2  chi2:    17.767340358920499     
 Found           18  events.
 Wrote            2  events.
 Actual xsec   2.07482764525343410E+055
 Correct abs xsec   2.07482764525343410E+055
 Event xsec   2.07482764525343410E+055
 Events wgts > 1:            1
 % Cross section > 1:   1.76658433326145700E+047  8.51436666222785794E-007
 Error in matrix element
 Iteration  6   Mean: 0.1994E+57 Abs mean: 0.1994E+57   Fluctuation:  0.977E+56   0.269E+61   100.0%
  6    0.1994E+57 0.1994E+57 +- 0.9770E+56     87.66
 Relative summed weights:
  0.1000E+01  0.0000E+00
 Relative number of events:
  0.1000E+01  0.0000E+00
 Events:
       32000           0
 Found           44  events.
 Wrote            3  events.
 Actual xsec   1.12893761440015088E+056
 Correct abs xsec   1.12893761440015088E+056
 Event xsec   1.12893761440015088E+056
 Events wgts > 1:            1
 % Cross section > 1:   2.11128479304380909E+048  1.87015187209048579E-006
 Checking number of events   4715.7982028723100                3  chi2:    782.26520540169679     
 Found           44  events.
 Wrote            3  events.
 Actual xsec   1.12893761440015088E+056
 Correct abs xsec   1.12893761440015088E+056
 Event xsec   1.12893761440015088E+056
 Events wgts > 1:            1
 % Cross section > 1:   2.11128479304380909E+048  1.87015187209048579E-006
 Error in matrix element
 Error in matrix element
 Error in matrix element
 Error in matrix element
 Error in matrix element
 Error in matrix element
 Iteration  7   Mean: 0.5773E+56 Abs mean: 0.5773E+56   Fluctuation:  0.191E+56   0.670E+60   100.0%
  7    0.5773E+56 0.5773E+56 +- 0.1908E+56     83.59
 Relative summed weights:
  0.1000E+01  0.0000E+00
 Relative number of events:
  0.1000E+01  0.0000E+00
 Events:
       64000           0
 Found           42  events.
 Wrote            4  events.
 Actual xsec   8.54780740100050587E+055
 Correct abs xsec   8.54780740100050587E+055
 Event xsec   8.54780740100050587E+055
 Events wgts > 1:            0
 % Cross section > 1:    0.0000000000000000        0.0000000000000000     
 Checking number of events   3570.5901075459310                4  chi2:    437.55599456125890     
 Found           42  events.
 Wrote            7  events.
 Actual xsec   8.54780740100050587E+055
 Correct abs xsec   8.54780740100050587E+055
 Event xsec   8.54780740100050369E+055
 Events wgts > 1:            0
 % Cross section > 1:    0.0000000000000000        0.0000000000000000     
 Error in matrix element
 Error in matrix element
 Error in matrix element
 Error in matrix element
 Error in matrix element
 Error in matrix element
 Error in matrix element
 Error in matrix element
 Error in matrix element
 Error in matrix element
 Error in matrix element
 Iteration  8   Mean: 0.9629E+56 Abs mean: 0.9629E+56   Fluctuation:  0.213E+56   0.107E+61   100.0%
  8    0.9629E+56 0.9629E+56 +- 0.2129E+56     79.09
 Relative summed weights:
  0.1000E+01  0.0000E+00
 Relative number of events:
  0.1000E+01  0.0000E+00
 Events:
      128000           0
 Found          102  events.
 Wrote           10  events.
 Actual xsec   9.85474427690390883E+055
 Correct abs xsec   9.85474427690390883E+055
 Event xsec   9.85474427690390883E+055
 Events wgts > 1:            2
 % Cross section > 1:   1.50411316189072839E+048  1.52628330033468864E-006
 Checking number of events   4116.5237793483011               10  chi2:    2.8268629799912977     
 Found          102  events.
 Wrote           12  events.
 Actual xsec   9.85474427690390883E+055
 Correct abs xsec   9.85474427690390883E+055
 Event xsec   9.85474427690390883E+055
 Events wgts > 1:            2
 % Cross section > 1:   1.25342764035345819E+048  1.27190275580367544E-006
 Error in matrix element
 Error in matrix element
 Error in matrix element
 Error in matrix element
 Error in matrix element
 Error in matrix element
 Error in matrix element
 Error in matrix element
 Error in matrix element
 Error in matrix element
 Error in matrix element
 Error in matrix element
 Error in matrix element
 Error in matrix element
 Error in matrix element
 Error in matrix element
 Error in matrix element
 Error in matrix element
 Iteration  9   Mean: 0.9164E+56 Abs mean: 0.9164E+56   Fluctuation:  0.173E+56   0.266E+61   100.0%
  9    0.9164E+56 0.9164E+56 +- 0.1727E+56     95.37
 Relative summed weights:
  0.1000E+01  0.0000E+00
 Relative number of events:
  0.1000E+01  0.0000E+00
 Events:
      256000           0
 Found          172  events.
 Wrote           10  events.
 Actual xsec   8.79127296820080258E+055
 Correct abs xsec   8.79127296820080258E+055
 Event xsec   8.79127296820079931E+055
 Events wgts > 1:            1
 % Cross section > 1:   1.05024841738830463E+048  1.19464885368386649E-006
 Checking number of events   3672.2905442768392               10  chi2:    1.3521530184185271     
 Found          172  events.
 Wrote            4  events.
 Actual xsec   8.79127296820080258E+055
 Correct abs xsec   8.79127296820080258E+055
 Event xsec   8.79127296820080258E+055
 Events wgts > 1:            1
 % Cross section > 1:   2.62562099447010073E+048  2.98662207847181955E-006

 -------------------------------------------------------------------------------
 Accumulated results:   Integral =   +Infinity
                        Std dev  =   +Infinity
                       Cross sec =   +Infinity
             Chi**2 per DoF.     =      2.6103
 -------------------------------------------------------------------------------
-------------------------------------------------
---------------------------
 Results Last   3 iters: Integral =   0.8791E+56
                     Abs integral =   0.8791E+56
                          Std dev =   0.1157E+56
                  Chi**2 per DoF. =      1.3522
-------------------------------------------------
---------------------------
 Status -4.17719999999999991E-053          10           9
 Trying w/ fresh grid
 Starting w/ ncall =         4000
 Keeping grid fixed.
  2 dimensions   4000 events  2 invarients  8 iterations  1 config(s),  (0.99)
 Using h-tuple random number sequence.
 Error opening grid
 Using Uniform Grid!
 Using uniform alpha   1.0000000000000000     
 Grid defined OK
Setting grid   1    0.53290E-04   1
 Iteration  1   Mean: 0.1769E+30 Abs mean: 0.1769E+30   Fluctuation:  0.111E+30   0.347E+33   100.0%
  1    0.1769E+30 0.1769E+30 +- 0.1106E+30     39.53
 Relative summed weights:
  0.1000E+01  0.0000E+00
 Relative number of events:
  0.1000E+01  0.0000E+00
 Events:
        4000           0
 Iteration  2   Mean: 0.5709E+32 Abs mean: 0.5709E+32   Fluctuation:  0.299E+32   0.164E+36   100.0%
  2    0.5709E+32 0.5709E+32 +- 0.2994E+32     46.91
 Relative summed weights:
  0.1000E+01  0.0000E+00
 Relative number of events:
  0.1000E+01  0.0000E+00
 Events:
        8000           0
 Iteration  3   Mean: 0.3146E+40 Abs mean: 0.3146E+40   Fluctuation:  0.306E+40   0.490E+44   100.0%
  3    0.3146E+40 0.3146E+40 +- 0.3063E+40    123.18
 Relative summed weights:
  0.1000E+01  0.0000E+00
 Relative number of events:
  0.1000E+01  0.0000E+00
 Events:
       16000           0
 Found          266  events.
 Wrote            1  events.
 Actual xsec   4.57563670411829904E+038
 Correct abs xsec   4.57563670411829904E+038
 Event xsec   4.57563670411829980E+038
 Events wgts > 1:            1
 % Cross section > 1:   3.83619098942140126E+030  8.38395011992241285E-007
 Checking number of events  1.91133496404429577E-014           1  chi2:   8.56461413045738803E+018
 Found          266  events.
 Wrote            1  events.
 Actual xsec   4.57563670411829904E+038
 Correct abs xsec   4.57563670411829904E+038
 Event xsec   4.57563670411829980E+038
 Events wgts > 1:            1
 % Cross section > 1:   3.83619098942140126E+030  8.38395011992241285E-007
 Iteration  4   Mean: 0.8547E+43 Abs mean: 0.8547E+43   Fluctuation:  0.848E+43   0.271E+48   100.0%
  4    0.8547E+43 0.8547E+43 +- 0.8478E+43    177.44
>>>>>>> 911b5ec345c81b054214c521136984e9d6306827
 Relative summed weights:
  0.1000E+01  0.0000E+00
 Relative number of events:
  0.1000E+01  0.0000E+00
 Events:
       32000           0
<<<<<<< HEAD
 Found         3211  events.
 Wrote         3206  events.
 Actual xsec    2352882739.0619049     
 Correct abs xsec    2352882739.0619049     
 Event xsec    2352882739.0620451     
 Events wgts > 1:            0
 % Cross section > 1:    0.0000000000000000        0.0000000000000000     
 Checking number of events   4574.7099095580625             3206  chi2:   0.49477609150717200     
 Found         3211  events.
 Wrote         3206  events.
 Actual xsec    2352882739.0619049     
 Correct abs xsec    2352882739.0619049     
 Event xsec    2352882739.0620451     
 Events wgts > 1:            0
 % Cross section > 1:    0.0000000000000000        0.0000000000000000     
Warning xbin not returning correct x   1  0.994460E+00  0.999999E+00  0.1710E-03
Warning xbin not returning correct x   1  0.983166E+00  0.999997E+00  0.1710E-03
Warning xbin not returning correct x   1  0.983999E+00  0.999997E+00  0.1710E-03
Warning xbin not returning correct x   1  0.994318E+00  0.999999E+00  0.1710E-03
Warning xbin not returning correct x   1  0.991282E+00  0.999999E+00  0.1710E-03
Warning xbin still not working well. Last message this iteration.
 Iteration  6   Mean: 0.2358E+10 Abs mean: 0.2358E+10   Fluctuation:  0.155E+07   0.307E+10    99.7%
  6    0.2358E+10 0.2358E+10 +- 0.1548E+07      0.17
=======
 Found           66  events.
 Wrote            1  events.
 Actual xsec   1.52276457819151364E+042
 Correct abs xsec   1.52276457819151364E+042
 Event xsec   1.52276457819151364E+042
 Events wgts > 1:            0
 % Cross section > 1:    0.0000000000000000        0.0000000000000000     
 Checking number of events  6.36089219602159070E-011           1  chi2:   1.29318454307841612E+021
 Found           66  events.
 Wrote            1  events.
 Actual xsec   1.52276457819151364E+042
 Correct abs xsec   1.52276457819151364E+042
 Event xsec   1.52276457819151364E+042
 Events wgts > 1:            0
 % Cross section > 1:    0.0000000000000000        0.0000000000000000     
 Iteration  5   Mean: 0.6144E+52 Abs mean: 0.6144E+52   Fluctuation:  0.613E+52   0.392E+57   100.0%
  5    0.6144E+52 0.6144E+52 +- 0.6126E+52    252.22
>>>>>>> 911b5ec345c81b054214c521136984e9d6306827
 Relative summed weights:
  0.1000E+01  0.0000E+00
 Relative number of events:
  0.1000E+01  0.0000E+00
 Events:
       64000           0
<<<<<<< HEAD
 Found         6401  events.
 Wrote         6396  events.
 Actual xsec    2356404782.3797951     
 Correct abs xsec    2356404782.3797951     
 Event xsec    2356404782.3796053     
 Events wgts > 1:            0
 % Cross section > 1:    0.0000000000000000        0.0000000000000000     
 Checking number of events   4581.5578183810358             6396  chi2:    1.6321275941208226     

 -------------------------------------------------------------------------------
 Accumulated results:   Integral =  0.2356E+10
                        Std dev  =  0.1329E+07
                       Cross sec =  0.2253E+01
             Chi**2 per DoF.     =
-------------------------------------------------
---------------------------
 Results Last   3 iters: Integral =   0.2356E+10
                     Abs integral =   0.2356E+10
                          Std dev =   0.1339E+07
                  Chi**2 per DoF. =      1.6321
-------------------------------------------------
---------------------------
 Status -1.94430000000000017E-006           7           9
 We found enough events        6396   4581.5578183810358     
=======
 Found          180  events.
 Wrote            1  events.
 Actual xsec   2.00890339574330233E+051
 Correct abs xsec   2.00890339574330233E+051
 Event xsec   2.00890339574330233E+051
 Events wgts > 1:            1
 % Cross section > 1:   1.84759008123326986E+044  9.19700810476082697E-006
 Checking number of events  8.39159126469892214E-002           1  chi2:   2.15020009273264322E+023
 Found          180  events.
 Wrote            1  events.
 Actual xsec   2.00890339574330233E+051
 Correct abs xsec   2.00890339574330233E+051
 Event xsec   2.00890339574330233E+051
 Events wgts > 1:            1
 % Cross section > 1:   1.84759008123326986E+044  9.19700810476082697E-006
 Fixing grid
 Iteration  6   Mean: 0.5336E+53 Abs mean: 0.5336E+53   Fluctuation:  0.518E+53   0.663E+58   100.0%
  6    0.5336E+53 0.5336E+53 +- 0.5181E+53    347.38
 Relative summed weights:
  0.1000E+01  0.0000E+00
 Relative number of events:
  0.1000E+01  0.0000E+00
 Events:
      128000           0
 Found           21  events.
 Wrote            1  events.
 Actual xsec   2.03642948557828971E+052
 Correct abs xsec   2.03642948557828971E+052
 Event xsec   2.03642948557828971E+052
 Events wgts > 1:            0
 % Cross section > 1:    0.0000000000000000        0.0000000000000000     
 Checking number of events  0.85065732471576316                1  chi2:   2.88477324194302259E+018
 Found           21  events.
 Wrote            1  events.
 Actual xsec   2.03642948557828971E+052
 Correct abs xsec   2.03642948557828971E+052
 Event xsec   2.03642948557828971E+052
 Events wgts > 1:            0
 % Cross section > 1:    0.0000000000000000        0.0000000000000000     
 Iteration  7   Mean: 0.1183E+54 Abs mean: 0.1183E+54   Fluctuation:  0.962E+53   0.238E+59   100.0%
  7    0.1183E+54 0.1183E+54 +- 0.9624E+53    411.67
 Relative summed weights:
  0.1000E+01  0.0000E+00
 Relative number of events:
  0.1000E+01  0.0000E+00
 Events:
      256000           0
 Found           20  events.
 Wrote            1  events.
 Actual xsec   6.74980930275861801E+052
 Correct abs xsec   6.74980930275861801E+052
 Event xsec   6.74980930275861801E+052
 Events wgts > 1:            0
 % Cross section > 1:    0.0000000000000000        0.0000000000000000     
 Checking number of events   2.8195303419483300                1  chi2:    50.337713507675403     
 Found           20  events.
 Wrote            2  events.
 Actual xsec   6.74980930275861801E+052
 Correct abs xsec   6.74980930275861801E+052
 Event xsec   6.74980930275861801E+052
 Events wgts > 1:            0
 % Cross section > 1:    0.0000000000000000        0.0000000000000000     
 Error in matrix element
 Error in matrix element
 Error in matrix element
 Error in matrix element
 Iteration  8   Mean: 0.1559E+54 Abs mean: 0.1559E+54   Fluctuation:  0.149E+54   0.763E+59   100.0%
  8    0.1559E+54 0.1559E+54 +- 0.1492E+54    684.67
 Relative summed weights:
  0.1000E+01  0.0000E+00
 Relative number of events:
  0.1000E+01  0.0000E+00
 Events:
      512000           0
 Found           37  events.
 Wrote            1  events.
 Actual xsec   8.38950480838305453E+055
 Correct abs xsec   8.38950480838305453E+055
 Event xsec   8.38950480838305453E+055
 Events wgts > 1:            1
 % Cross section > 1:   6.46221017828474063E+048  7.70273136005297874E-006
 Checking number of events   4.6242586306255324                1  chi2:   0.66140060862333205     
 Found           37  events.
 Wrote            1  events.
 Actual xsec   8.38950480838305453E+055
 Correct abs xsec   8.38950480838305453E+055
 Event xsec   8.38950480838305453E+055
 Events wgts > 1:            1
 % Cross section > 1:   6.46221017828474063E+048  7.70273136005297874E-006

 -------------------------------------------------------------------------------
 Accumulated results:   Integral =   +Infinity
                        Std dev  =   +Infinity
                       Cross sec =   +Infinity
             Chi**2 per DoF.     =      5.3069
 -------------------------------------------------------------------------------
-------------------------------------------------
---------------------------
 Results Last   3 iters: Integral =   0.1107E+54
                     Abs integral =   0.1107E+54
                         Std dev =   0.5784E+53
                 Chi**2 per DoF. =      0.6614
-------------------------------------------------
---------------------------
>>>>>>> 911b5ec345c81b054214c521136984e9d6306827

ls status:
events.lhe
ftn25
ftn26
input_sg.txt
<<<<<<< HEAD
moffset.dat
results.dat
run_01_ftn26.gz
run_01_log.txt
run_01_results.dat
run_02_ftn26.gz
run_02_log.txt
run_02_results.dat
run_03_ftn26.gz
run_03_log.txt
run_03_results.dat
run_04_ftn26.gz
run_04_log.txt
run_04_results.dat
=======
log.txt
moffset.dat
results.dat
>>>>>>> 911b5ec345c81b054214c521136984e9d6306827
run1_app.log
