 Process in group number            0
 No PDF is used, alpha_s(MZ) from param_card is used
 Value of alpha_s from param_card:   0.11800000071525575     
 The default order of alpha_s running is fixed to            2
 *****************************************************
 *               MadGraph/MadEvent                   *
 *        --------------------------------           *
 *          http://madgraph.hep.uiuc.edu             *
 *          http://madgraph.phys.ucl.ac.be           *
 *          http://madgraph.roma2.infn.it            *
 *        --------------------------------           *
 *                                                   *
 *          PARAMETER AND COUPLING VALUES            *
 *                                                   *
 *****************************************************

  External Params
  ---------------------------------
  
 aEWM1 =    132.50700378417969     
 mdl_Gf =   1.16639000000000003E-005
 aS =   0.11800000071525575     
 mdl_ymb =    4.6999998092651367     
 mdl_ymt =    173.00000000000000     
 mdl_yme =   5.10999991092830896E-004
 mdl_ymm =   0.10565999895334244     
 mdl_ymtau =    1.7769999504089355     
 mdl_MZ =    91.188003540039063     
 mdl_MT =    173.00000000000000     
 mdl_MB =    4.6999998092651367     
 mdl_MH =    125.00000000000000     
 mdl_Me =   5.10999991092830896E-004
 mdl_MM =   0.10565999895334244     
 mdl_MTA =    1.7769999504089355     
 mdl_WZ =    2.4414041042327881     
 mdl_WW =    2.0476000308990479     
 mdl_WT =    1.4915000200271606     
 mdl_WH =   6.38233916833996773E-003
 mdl_WTau =   2.26999999999999982E-012
  Internal Params
  ---------------------------------
  
 mdl_conjg__CKM3x3 =    1.0000000000000000     
 mdl_CKM3x3 =    1.0000000000000000     
 mdl_conjg__CKM1x1 =    1.0000000000000000     
 mdl_complexi =  (  0.0000000000000000     ,  1.0000000000000000     )
 mdl_MZ__exp__2 =    8315.2519896181766     
 mdl_MZ__exp__4 =    69143415.650849044     
 mdl_sqrt__2 =    1.4142135623730951     
 mdl_MH__exp__2 =    15625.000000000000     
 mdl_aEW =   7.54677089845565054E-003
 mdl_MW =    80.419007276179556     
 mdl_sqrt__aEW =   8.68721526063194194E-002
 mdl_ee =   0.30795376284704501     
 mdl_MW__exp__2 =    6467.2167312862202     
 mdl_sw2 =   0.22224645274001076     
 mdl_cw =   0.88190336616887299     
 mdl_sqrt__sw2 =   0.47143022043565552     
 mdl_sw =   0.47143022043565552     
 mdl_g1 =   0.34919218438279087     
 mdl_gw =   0.65323296958447097     
 mdl_vev =    246.21845810181631     
 mdl_vev__exp__2 =    60623.529110035874     
 mdl_lam =   0.12886910601690271     
 mdl_yb =   2.69955531549349904E-002
 mdl_ye =   2.93504850670934038E-006
 mdl_ym =   6.06883028478528356E-004
 mdl_yt =   0.99366614581500645     
 mdl_ytau =   1.02066167158167895E-002
 mdl_muH =    88.388347648318444     
 mdl_I1x33 =  ( 2.69955531549349904E-002,  0.0000000000000000     )
 mdl_I2x33 =  ( 0.99366614581500645     ,  0.0000000000000000     )
 mdl_I3x33 =  ( 0.99366614581500645     ,  0.0000000000000000     )
 mdl_I4x33 =  ( 2.69955531549349904E-002,  0.0000000000000000     )
 mdl_ee__exp__2 =   9.48355200516540348E-002
 mdl_sw__exp__2 =   0.22224645274001076     
 mdl_cw__exp__2 =   0.77775354725998924     
  Internal Params evaluated point by point
  ----------------------------------------
  
 mdl_sqrt__aS =   0.34351128178744839     
 mdl_G__exp__2 =    1.4828317414825511     
  Couplings of sm-lepton_masses
  ---------------------------------
  
         GC_3 =  -0.00000E+00  -0.30795E+00
        GC_50 =  -0.00000E+00  -0.28804E+00
        GC_59 =   0.00000E+00   0.82310E-01
        GC_89 =  -0.00000E+00  -0.20754E-05

 Collider parameters:
 --------------------

<<<<<<< HEAD
 Running at e e   machine @   7.14879999999999960E-002  GeV
=======
 Running at e e   machine @   7.00000000000000067E-002  GeV
>>>>>>> 911b5ec345c81b054214c521136984e9d6306827
 PDF set = none   
 alpha_s(Mz)= 0.1180 running at 2 loops.
 alpha_s(Mz)= 0.1180 running at 2 loops.
 Renormalization scale fixed @    91.188000000000002     
 Factorization scales  fixed @    91.188000000000002        91.188000000000002     


 getting user params
Enter number of events and max and min iterations: 
<<<<<<< HEAD
 Number of events and iterations         2000           9           3
Enter desired fractional accuracy: 
 Desired fractional accuracy:  -1.94430000000000017E-006
=======
 Number of events and iterations         1000           9           3
Enter desired fractional accuracy: 
 Desired fractional accuracy:  -4.17719999999999991E-053
>>>>>>> 911b5ec345c81b054214c521136984e9d6306827
Enter 0 for fixed, 2 for adjustable grid: 
Suppress amplitude (0 no, 1 yes)? 
 Using suppressed amplitude.
Exact helicity sum (0 yes, n = number/event)? 
 Explicitly summing over helicities
Enter Configuration Number: 
Running Configuration Number:    4
 Not subdividing B.W.
 Attempting mappinvarients           1           4
 Completed mapping           4
<<<<<<< HEAD
 about to integrate            2        2000           9           3           2           1
 Using non-zero grid deformation.
  2 dimensions   2000 events  2 invarients  9 iterations  1 config(s),  (0.99)
 Using h-tuple random number sequence.
 Error opening grid
 Using Uniform Grid!
 Using uniform alpha   1.0000000000000000     
 Grid defined OK
 Set CM energy to          0.07
 Mapping Graph           4  to config           4
Setting grid   1    0.19567E-01   1
=======
 about to integrate            2        1000           9           3           2           1
 Keeping grid fixed.
  2 dimensions   1000 events  2 invarients  9 iterations  1 config(s),  (0.99)
 Using h-tuple random number sequence.
 Grid read from file
 Grid defined OK
 Set CM energy to          0.07
 Mapping Graph           4  to config           4
 No modification is setgrid, grid read from file
>>>>>>> 911b5ec345c81b054214c521136984e9d6306827
 Masses: 0.511E-03 0.511E-03 0.511E-03 0.511E-03
   4   1   2
 Got moffset          14
Using random seed offsets     4 :      1
<<<<<<< HEAD
  with seed                   63
 Ranmar initialization seeds       18441       23556
=======
  with seed                   30
 Ranmar initialization seeds        8295       23522
>>>>>>> 911b5ec345c81b054214c521136984e9d6306827
  Particle       3       4
      Et >     0.0     0.0
       E >     0.0     0.0
     Eta <    -1.0    -1.0
   xqcut:      0.0     0.0
d R # 3  >    -0.0     0.4
s min # 3>     0.0     0.0
xqcutij # 3>     0.0     0.0
 alpha_s for scale    91.188000000000002       is   0.11800000071525575     
<<<<<<< HEAD
 Added good helicity            1   6.5969984066285292       in event            1
 Added good helicity            2  8.55191778705945712E-006  in event            1
 Added good helicity            3  8.55191111917975523E-006  in event            1
 Added good helicity            5  8.55191778705946220E-006  in event            1
 Added good helicity            6  7.88370487449345375E-002  in event            1
 Added good helicity            7   1.3241302919961524       in event            1
 Added good helicity            8  8.55191778705944695E-006  in event            1
 Added good helicity            9  8.55191111917975015E-006  in event            1
 Added good helicity           10   1.3241302919961526       in event            1
 Added good helicity           11  7.88371116858944537E-002  in event            1
 Added good helicity           12  8.55191111917976031E-006  in event            1
 Added good helicity           14  8.55191778705945712E-006  in event            1
 Added good helicity           15  8.55191111917975523E-006  in event            1
 Added good helicity           16   6.5969984066285292       in event            1
 Iteration  1   Mean: 0.2304E+10 Abs mean: 0.2304E+10   Fluctuation:  0.637E+08   0.102E+11    89.7%
  1    0.2304E+10 0.2304E+10 +- 0.6374E+08      1.24
 Writing out events   142626.37467005147        1.2373761646226604     
=======
 Added good helicity            1   4.0000000000061249       in event            1
 Added good helicity            6   3.9999999999938747       in event            1
 Added good helicity           11   3.9999999999938747       in event            1
 Added good helicity           16   4.0000000000061249       in event            1
 Added good helicity            2  1.61007722146788743E-005  in event           29
 Added good helicity            3  1.61007748758935576E-005  in event           29
 Added good helicity            5  1.61007722146788947E-005  in event           29
 Added good helicity            7  1.75447225386288590E-002  in event           29
 Added good helicity            8  1.61007722146788980E-005  in event           29
 Added good helicity            9  1.61007748758935610E-005  in event           29
 Added good helicity           10  1.75447225386288590E-002  in event           29
 Added good helicity           12  1.61007748758935576E-005  in event           29
 Added good helicity           14  1.61007722146788947E-005  in event           29
 Added good helicity           15  1.61007748758935373E-005  in event           29
 Iteration  1   Mean: 0.1560E+55 Abs mean: 0.1560E+55   Fluctuation:  0.138E+55   0.137E+58   100.0%
  1    0.1560E+55 0.1560E+55 +- 0.1379E+55     27.95
 Writing out events  1.73342366609109340E+050   27.954046997933236     
 Relative summed weights:
  0.1000E+01  0.0000E+00
 Relative number of events:
  0.1000E+01  0.0000E+00
 Events:
        1000           0
 Iteration  2   Mean: 0.2828E+52 Abs mean: 0.2828E+52   Fluctuation:  0.202E+52   0.393E+55   100.0%
  2    0.2828E+52 0.2828E+52 +- 0.2024E+52     32.00
>>>>>>> 911b5ec345c81b054214c521136984e9d6306827
 Relative summed weights:
  0.1000E+01  0.0000E+00
 Relative number of events:
  0.1000E+01  0.0000E+00
 Events:
        2000           0
<<<<<<< HEAD
Warning xbin not returning correct x   1  0.987052E+00  0.999975E+00  0.1996E-02
 Iteration  2   Mean: 0.2347E+10 Abs mean: 0.2347E+10   Fluctuation:  0.257E+08   0.643E+10    98.3%
  2    0.2347E+10 0.2347E+10 +- 0.2574E+08      0.69
=======
 Error in matrix element
 Iteration  3   Mean: 0.1133E+55 Abs mean: 0.1133E+55   Fluctuation:  0.791E+54   0.286E+58   100.0%
  3    0.1133E+55 0.1133E+55 +- 0.7911E+54     44.18
>>>>>>> 911b5ec345c81b054214c521136984e9d6306827
 Relative summed weights:
  0.1000E+01  0.0000E+00
 Relative number of events:
  0.1000E+01  0.0000E+00
 Events:
        4000           0
<<<<<<< HEAD
Warning xbin not returning correct x   1  0.990662E+00  0.999994E+00  0.6727E-03
Warning xbin not returning correct x   1  0.992509E+00  0.999995E+00  0.6727E-03
 Iteration  3   Mean: 0.2342E+10 Abs mean: 0.2342E+10   Fluctuation:  0.126E+08   0.880E+10    99.2%
  3    0.2342E+10 0.2342E+10 +- 0.1262E+08      0.48
=======
 Found           48  events.
 Wrote            1  events.
 Actual xsec   8.18456264156958337E+053
 Correct abs xsec   8.18456264156958337E+053
 Event xsec   8.18456264156958337E+053
 Events wgts > 1:            1
 % Cross section > 1:   3.20305384314792227E+047  3.91353085487981621E-005
 Checking number of events   34.188555066364465                1  chi2:    81224.577941517564     
 Found           48  events.
 Wrote            2  events.
 Actual xsec   8.18456264156958337E+053
 Correct abs xsec   8.18456264156958337E+053
 Event xsec   8.18456264156958337E+053
 Events wgts > 1:            1
 % Cross section > 1:   1.60152723548444462E+047  1.95676581097962502E-005
 Iteration  4   Mean: 0.1488E+57 Abs mean: 0.1488E+57   Fluctuation:  0.911E+56   0.585E+60   100.0%
  4    0.1488E+57 0.1488E+57 +- 0.9106E+56     54.74
>>>>>>> 911b5ec345c81b054214c521136984e9d6306827
 Relative summed weights:
  0.1000E+01  0.0000E+00
 Relative number of events:
  0.1000E+01  0.0000E+00
 Events:
        8000           0
<<<<<<< HEAD
 Found          790  events.
 Wrote          785  events.
 Actual xsec    2341690113.8791671     
 Correct abs xsec    2341690113.8791671     
 Event xsec    2341690113.8791380     
 Events wgts > 1:            0
 % Cross section > 1:    0.0000000000000000        0.0000000000000000     
 Checking number of events   4552.9480884152654              785  chi2:   0.20034341417206275     
 Found          790  events.
 Wrote          785  events.
 Actual xsec    2341690113.8791671     
 Correct abs xsec    2341690113.8791671     
 Event xsec    2341690113.8791380     
 Events wgts > 1:            0
 % Cross section > 1:    0.0000000000000000        0.0000000000000000     
Warning xbin not returning correct x   1  0.988007E+00  0.999996E+00  0.3081E-03
Warning xbin not returning correct x   1  0.994277E+00  0.999998E+00  0.3081E-03
Warning xbin not returning correct x   1  0.994866E+00  0.999998E+00  0.3081E-03
 Iteration  4   Mean: 0.2368E+10 Abs mean: 0.2368E+10   Fluctuation:  0.594E+07   0.400E+10    99.4%
  4    0.2368E+10 0.2368E+10 +- 0.5938E+07      0.32
=======
 Found           24  events.
 Wrote            2  events.
 Actual xsec   5.98799183223852480E+055
 Correct abs xsec   5.98799183223852480E+055
 Event xsec   5.98799183223852480E+055
 Events wgts > 1:            1
 % Cross section > 1:   9.40960784393612527E+047  1.57141293902174178E-006
 Checking number of events   2501.3039481626765                2  chi2:    437749522.99168527     
 Found           24  events.
 Wrote            3  events.
 Actual xsec   5.98799183223852480E+055
 Correct abs xsec   5.98799183223852480E+055
 Event xsec   5.98799183223852263E+055
 Events wgts > 1:            1
 % Cross section > 1:   6.27307192318000620E+047  1.04760863056069187E-006
 Error in matrix element
 Error in matrix element
 Iteration  5   Mean: 0.6272E+56 Abs mean: 0.6272E+56   Fluctuation:  0.366E+56   0.417E+60   100.0%
  5    0.6272E+56 0.6272E+56 +- 0.3656E+56     73.73
 Relative summed weights:
  0.1000E+01  0.0000E+00
 Relative number of events:
  0.1000E+01  0.0000E+00
 Events:
       16000           0
 Found           12  events.
 Wrote            3  events.
 Actual xsec   7.62319003582584092E+055
 Correct abs xsec   7.62319003582584092E+055
 Event xsec   7.62319003582584092E+055
 Events wgts > 1:            0
 % Cross section > 1:    0.0000000000000000        0.0000000000000000     
 Checking number of events   3184.3589417651701                3  chi2:    4506.0774999058149     
 Found           12  events.
 Wrote            3  events.
 Actual xsec   7.62319003582584092E+055
 Correct abs xsec   7.62319003582584092E+055
 Event xsec   7.62319003582584092E+055
 Events wgts > 1:            0
 % Cross section > 1:    0.0000000000000000        0.0000000000000000     
 Error in matrix element
 Error in matrix element
 Error in matrix element
 Iteration  6   Mean: 0.1230E+57 Abs mean: 0.1230E+57   Fluctuation:  0.619E+56   0.125E+61   100.0%
  6    0.1230E+57 0.1230E+57 +- 0.6193E+56     90.08
 Relative summed weights:
  0.1000E+01  0.0000E+00
 Relative number of events:
  0.1000E+01  0.0000E+00
 Events:
       32000           0
 Found           22  events.
 Wrote            2  events.
 Actual xsec   1.11625533537514130E+056
 Correct abs xsec   1.11625533537514130E+056
 Event xsec   1.11625533537514152E+056
 Events wgts > 1:            2
 % Cross section > 1:   2.18596459292131232E+053  0.19583015853506958     
 Checking number of events   4662.8217869290402                2  chi2:   0.99456329003434951     
 Found           22  events.
 Wrote            2  events.
 Actual xsec   1.11625533537514130E+056
 Correct abs xsec   1.11625533537514130E+056
 Event xsec   1.11625533537514152E+056
 Events wgts > 1:            2
 % Cross section > 1:   2.18596459292131232E+053  0.19583015853506958     
 Error in matrix element
 Error in matrix element
 Error in matrix element
 Error in matrix element
 Error in matrix element
 Iteration  7   Mean: 0.1049E+57 Abs mean: 0.1049E+57   Fluctuation:  0.361E+56   0.128E+61   100.0%
  7    0.1049E+57 0.1049E+57 +- 0.3606E+56     86.97
 Relative summed weights:
  0.1000E+01  0.0000E+00
 Relative number of events:
  0.1000E+01  0.0000E+00
 Events:
       64000           0
 Found           41  events.
 Wrote            4  events.
 Actual xsec   1.01454880043296664E+056
 Correct abs xsec   1.01454880043296664E+056
 Event xsec   1.01454880043296664E+056
 Events wgts > 1:            1
 % Cross section > 1:   5.56772909125614931E+053  0.54878869196632807     
 Checking number of events   4237.9732491685882                4  chi2:   0.62608139120314721     
 Found           41  events.
 Wrote            7  events.
 Actual xsec   1.01454880043296664E+056
 Correct abs xsec   1.01454880043296664E+056
 Event xsec   1.01454880043296642E+056
 Events wgts > 1:            1
 % Cross section > 1:   3.18905999527526424E+053  0.31433283385819477     
 Error in matrix element
 Error in matrix element
 Error in matrix element
 Error in matrix element
 Error in matrix element
 Error in matrix element
 Error in matrix element
 Error in matrix element
 Error in matrix element
 Error in matrix element
 Iteration  8   Mean: 0.1707E+57 Abs mean: 0.1707E+57   Fluctuation:  0.570E+56   0.608E+61   100.0%
  8    0.1707E+57 0.1707E+57 +- 0.5700E+56    119.49
 Relative summed weights:
  0.1000E+01  0.0000E+00
 Relative number of events:
  0.1000E+01  0.0000E+00
 Events:
      128000           0
 Found           81  events.
 Wrote            5  events.
 Actual xsec   1.35831272918131336E+056
 Correct abs xsec   1.35831272918131336E+056
 Event xsec   1.35831272918131358E+056
 Events wgts > 1:            1
 % Cross section > 1:   1.85206063140760624E+048  1.36350090197850531E-006
 Checking number of events   5673.9439323361821                5  chi2:   0.57632513023098708     
 Found           81  events.
 Wrote            4  events.
 Actual xsec   1.35831272918131336E+056
 Correct abs xsec   1.35831272918131336E+056
 Event xsec   1.35831272918131358E+056
 Events wgts > 1:            1
 % Cross section > 1:   2.31507578109273099E+048  1.70437612146068939E-006
 Error in matrix element
 Error in matrix element
 Error in matrix element
 Error in matrix element
 Error in matrix element
 Error in matrix element
 Error in matrix element
 Error in matrix element
 Error in matrix element
 Error in matrix element
 Error in matrix element
 Error in matrix element
 Error in matrix element
 Error in matrix element
 Error in matrix element
 Error in matrix element
 Error in matrix element
 Error in matrix element
 Error in matrix element
 Error in matrix element
 Error in matrix element
 Iteration  9   Mean: 0.1342E+57 Abs mean: 0.1342E+57   Fluctuation:  0.297E+56   0.608E+61   100.0%
  9    0.1342E+57 0.1342E+57 +- 0.2972E+56    112.10
 Relative summed weights:
  0.1000E+01  0.0000E+00
 Relative number of events:
  0.1000E+01  0.0000E+00
 Events:
      256000           0
 Found          153  events.
 Wrote            6  events.
 Actual xsec   1.36275458383912940E+056
 Correct abs xsec   1.36275458383912940E+056
 Event xsec   1.36275458383912940E+056
 Events wgts > 1:            0
 % Cross section > 1:    0.0000000000000000        0.0000000000000000     
 Checking number of events   5692.4984476128111                6  chi2:   0.56318990650030187     
 Found          153  events.
 Wrote            5  events.
 Actual xsec   1.36275458383912940E+056
 Correct abs xsec   1.36275458383912940E+056
 Event xsec   1.36275458383912940E+056
 Events wgts > 1:            0
 % Cross section > 1:    0.0000000000000000        0.0000000000000000     

 -------------------------------------------------------------------------------
 Accumulated results:   Integral =   +Infinity
                        Std dev  =   +Infinity
                       Cross sec =   +Infinity
             Chi**2 per DoF.     =      1.0360
 -------------------------------------------------------------------------------
-------------------------------------------------
---------------------------
 Results Last   3 iters: Integral =   0.1363E+57
                     Abs integral =   0.1363E+57
                          Std dev =   0.2217E+56
                  Chi**2 per DoF. =      0.5632
-------------------------------------------------
---------------------------
 Status -4.17719999999999991E-053          10           9
 Trying w/ fresh grid
 Starting w/ ncall =         4000
 Keeping grid fixed.
  2 dimensions   4000 events  2 invarients  8 iterations  1 config(s),  (0.99)
 Using h-tuple random number sequence.
 Error opening grid
 Using Uniform Grid!
 Using uniform alpha   1.0000000000000000     
 Grid defined OK
Setting grid   1    0.53290E-04   1
 Iteration  1   Mean: 0.7594E+29 Abs mean: 0.7594E+29   Fluctuation:  0.701E+29   0.280E+33   100.0%
  1    0.7594E+29 0.7594E+29 +- 0.7012E+29     58.40
 Relative summed weights:
  0.1000E+01  0.0000E+00
 Relative number of events:
  0.1000E+01  0.0000E+00
 Events:
        4000           0
 Iteration  2   Mean: 0.7944E+33 Abs mean: 0.7944E+33   Fluctuation:  0.724E+33   0.578E+37   100.0%
  2    0.7944E+33 0.7944E+33 +- 0.7242E+33     81.54
 Relative summed weights:
  0.1000E+01  0.0000E+00
 Relative number of events:
  0.1000E+01  0.0000E+00
 Events:
        8000           0
 Iteration  3   Mean: 0.1060E+41 Abs mean: 0.1060E+41   Fluctuation:  0.102E+41   0.164E+45   100.0%
  3    0.1060E+41 0.1060E+41 +- 0.1023E+41    122.09
>>>>>>> 911b5ec345c81b054214c521136984e9d6306827
 Relative summed weights:
  0.1000E+01  0.0000E+00
 Relative number of events:
  0.1000E+01  0.0000E+00
 Events:
       16000           0
<<<<<<< HEAD
 Found         1613  events.
 Wrote         1608  events.
 Actual xsec    2362654508.3416457     
 Correct abs xsec    2362654508.3416457     
 Event xsec    2362654508.3415880     
 Events wgts > 1:            0
 % Cross section > 1:    0.0000000000000000        0.0000000000000000     
 Checking number of events   4593.7091605686619             1608  chi2:    1.9456536598200431     
 Found         1613  events.
 Wrote         1608  events.
 Actual xsec    2362654508.3416457     
 Correct abs xsec    2362654508.3416457     
 Event xsec    2362654508.3415880     
 Events wgts > 1:            0
 % Cross section > 1:    0.0000000000000000        0.0000000000000000     
Warning xbin not returning correct x   1  0.990085E+00  0.999998E+00  0.2113E-03
Warning xbin not returning correct x   1  0.983080E+00  0.999996E+00  0.2113E-03
Warning xbin not returning correct x   1  0.983051E+00  0.999996E+00  0.2113E-03
Warning xbin not returning correct x   1  0.984592E+00  0.999997E+00  0.2113E-03
Warning xbin not returning correct x   1  0.984495E+00  0.999997E+00  0.2113E-03
 Iteration  5   Mean: 0.2360E+10 Abs mean: 0.2360E+10   Fluctuation:  0.291E+07   0.329E+10    99.7%
  5    0.2360E+10 0.2360E+10 +- 0.2910E+07      0.22
=======
 Found          150  events.
 Wrote            1  events.
 Actual xsec   3.29943241179523326E+039
 Correct abs xsec   3.29943241179523326E+039
 Event xsec   3.29943241179523326E+039
 Events wgts > 1:            0
 % Cross section > 1:    0.0000000000000000        0.0000000000000000     
 Checking number of events  1.37823890705510474E-013           1  chi2:   1.10703977374347218E+021
 Found          150  events.
 Wrote            1  events.
 Actual xsec   3.29943241179523326E+039
 Correct abs xsec   3.29943241179523326E+039
 Event xsec   3.29943241179523326E+039
 Events wgts > 1:            0
 % Cross section > 1:    0.0000000000000000        0.0000000000000000     
 Iteration  4   Mean: 0.2214E+45 Abs mean: 0.2214E+45   Fluctuation:  0.221E+45   0.707E+49   100.0%
  4    0.2214E+45 0.2214E+45 +- 0.2210E+45    178.50
>>>>>>> 911b5ec345c81b054214c521136984e9d6306827
 Relative summed weights:
  0.1000E+01  0.0000E+00
 Relative number of events:
  0.1000E+01  0.0000E+00
 Events:
       32000           0
<<<<<<< HEAD
 Found         3202  events.
 Wrote         3198  events.
 Actual xsec    2360615804.1046152     
 Correct abs xsec    2360615804.1046152     
 Event xsec    2360615804.1046920     
 Events wgts > 1:            0
 % Cross section > 1:    0.0000000000000000        0.0000000000000000     
 Checking number of events   4589.7453079206034             3198  chi2:    1.9108804088494185     
 Found         3202  events.
 Wrote         3198  events.
 Actual xsec    2360615804.1046152     
 Correct abs xsec    2360615804.1046152     
 Event xsec    2360615804.1046920     
 Events wgts > 1:            0
 % Cross section > 1:    0.0000000000000000        0.0000000000000000     
Warning xbin not returning correct x   1  0.995600E+00  0.999999E+00  0.1824E-03
Warning xbin not returning correct x   1  0.998200E+00  0.100000E+01  0.1824E-03
Warning xbin not returning correct x   1  0.989217E+00  0.999998E+00  0.1824E-03
Warning xbin not returning correct x   1  0.985145E+00  0.999997E+00  0.1824E-03
Warning xbin not returning correct x   1  0.998998E+00  0.100000E+01  0.1824E-03
Warning xbin still not working well. Last message this iteration.
 Iteration  6   Mean: 0.2358E+10 Abs mean: 0.2358E+10   Fluctuation:  0.154E+07   0.305E+10    99.7%
  6    0.2358E+10 0.2358E+10 +- 0.1537E+07      0.16
=======
 Found           38  events.
 Wrote            1  events.
 Actual xsec   6.77885709703029557E+043
 Correct abs xsec   6.77885709703029557E+043
 Event xsec   6.77885709703029557E+043
 Events wgts > 1:            1
 % Cross section > 1:   1.11316648806607683E+036  1.64211528895296595E-006
 Checking number of events  2.83166418657149515E-009           1  chi2:   4.38045725742683023E+021
 Found           38  events.
 Wrote            1  events.
 Actual xsec   6.77885709703029557E+043
 Correct abs xsec   6.77885709703029557E+043
 Event xsec   6.77885709703029557E+043
 Events wgts > 1:            1
 % Cross section > 1:   1.11316648806607683E+036  1.64211528895296595E-006
 Iteration  5   Mean: 0.2540E+47 Abs mean: 0.2540E+47   Fluctuation:  0.156E+47   0.933E+51   100.0%
  5    0.2540E+47 0.2540E+47 +- 0.1564E+47    155.81
 Relative summed weights:
  0.1000E+01  0.0000E+00
 Relative number of events:
  0.1000E+01  0.0000E+00
 Events:
       64000           0
 Found           85  events.
 Wrote            1  events.
 Actual xsec   1.42490659748096430E+046
 Correct abs xsec   1.42490659748096430E+046
 Event xsec   1.42490659748096430E+046
 Events wgts > 1:            0
 % Cross section > 1:    0.0000000000000000        0.0000000000000000     
 Checking number of events  5.95211983899748348E-007           1  chi2:    969362048430.42871     
 Found           85  events.
 Wrote            2  events.
 Actual xsec   1.42490659748096430E+046
 Correct abs xsec   1.42490659748096430E+046
 Event xsec   1.42490659748096430E+046
 Events wgts > 1:            0
 % Cross section > 1:    0.0000000000000000        0.0000000000000000     
 Fixing grid
 Iteration  6   Mean: 0.5911E+52 Abs mean: 0.5911E+52   Fluctuation:  0.455E+52   0.575E+57   100.0%
  6    0.5911E+52 0.5911E+52 +- 0.4548E+52    275.24
>>>>>>> 911b5ec345c81b054214c521136984e9d6306827
 Relative summed weights:
  0.1000E+01  0.0000E+00
 Relative number of events:
  0.1000E+01  0.0000E+00
 Events:
<<<<<<< HEAD
       64000           0
 Found         6397  events.
 Wrote         6392  events.
 Actual xsec    2358535166.6652703     
 Correct abs xsec    2358535166.6652703     
 Event xsec    2358535166.6651373     
 Events wgts > 1:            0
 % Cross section > 1:    0.0000000000000000        0.0000000000000000     
 Checking number of events   4585.6999245472853             6392  chi2:    1.5722297748612695     

 -------------------------------------------------------------------------------
 Accumulated results:   Integral =  0.2358E+10
                        Std dev  =  0.1316E+07
                       Cross sec =  0.1153E+01
             Chi**2 per DoF.     =
-------------------------------------------------
---------------------------
 Results Last   3 iters: Integral =   0.2359E+10
                     Abs integral =   0.2359E+10
                          Std dev =   0.1325E+07
                  Chi**2 per DoF. =      1.5722
-------------------------------------------------
---------------------------
 Status -1.94430000000000017E-006           7           9
 We found enough events        6392   4585.6999245472853     
=======
      128000           0
 Found          420  events.
 Wrote            2  events.
 Actual xsec   1.87377267568373386E+051
 Correct abs xsec   1.87377267568373386E+051
 Event xsec   1.87377267568373386E+051
 Events wgts > 1:            0
 % Cross section > 1:    0.0000000000000000        0.0000000000000000     
 Checking number of events  7.82712322086609319E-002           2  chi2:    35960323187264.016     
 Found          420  events.
 Wrote            2  events.
 Actual xsec   1.87377267568373386E+051
 Correct abs xsec   1.87377267568373386E+051
 Event xsec   1.87377267568373386E+051
 Events wgts > 1:            0
 % Cross section > 1:    0.0000000000000000        0.0000000000000000     
 Iteration  7   Mean: 0.1623E+54 Abs mean: 0.1623E+54   Fluctuation:  0.130E+54   0.320E+59   100.0%
  7    0.1623E+54 0.1623E+54 +- 0.1297E+54    404.34
 Relative summed weights:
  0.1000E+01  0.0000E+00
 Relative number of events:
  0.1000E+01  0.0000E+00
 Events:
      256000           0
 Found           40  events.
 Wrote            2  events.
 Actual xsec   4.48194788160878942E+052
 Correct abs xsec   4.48194788160878942E+052
 Event xsec   4.48194788160878942E+052
 Events wgts > 1:            0
 % Cross section > 1:    0.0000000000000000        0.0000000000000000     
 Checking number of events   1.8721992691056235                2  chi2:    4105294880660.0259     
 Found           40  events.
 Wrote            2  events.
 Actual xsec   4.48194788160878942E+052
 Correct abs xsec   4.48194788160878942E+052
 Event xsec   4.48194788160878942E+052
 Events wgts > 1:            0
 % Cross section > 1:    0.0000000000000000        0.0000000000000000     
 Iteration  8   Mean: 0.7465E+56 Abs mean: 0.7465E+56   Fluctuation:  0.730E+56   0.373E+62   100.0%
  8    0.7465E+56 0.7465E+56 +- 0.7295E+56    699.23
 Relative summed weights:
  0.1000E+01  0.0000E+00
 Relative number of events:
  0.1000E+01  0.0000E+00
 Events:
      512000           0
 Found           32  events.
 Wrote            1  events.
 Actual xsec   1.22326261405409230E+056
 Correct abs xsec   1.22326261405409230E+056
 Event xsec   1.22326261405409230E+056
 Events wgts > 1:            1
 % Cross section > 1:   2.32808345078446873E+049  1.90317551115930806E-005
 Checking number of events   761.55675742649976                1  chi2:    8040542.5693969140     
 Found           32  events.
 Wrote            1  events.
 Actual xsec   1.22326261405409230E+056
 Correct abs xsec   1.22326261405409230E+056
 Event xsec   1.22326261405409230E+056
 Events wgts > 1:            1
 % Cross section > 1:   2.32808345078446873E+049  1.90317551115930806E-005

 -------------------------------------------------------------------------------
 Accumulated results:   Integral =   +Infinity
                        Std dev  =   +Infinity
                       Cross sec =   +Infinity
             Chi**2 per DoF.     =     15.9596
 -------------------------------------------------------------------------------
-------------------------------------------------
---------------------------
 Results Last   3 iters: Integral =   0.1823E+56
                     Abs integral =   0.1823E+56
                         Std dev =   0.8789E+55
                 Chi**2 per DoF. =8040542.5694
-------------------------------------------------
---------------------------
>>>>>>> 911b5ec345c81b054214c521136984e9d6306827

ls status:
events.lhe
ftn25
ftn26
input_sg.txt
<<<<<<< HEAD
moffset.dat
results.dat
run_01_ftn26.gz
run_01_log.txt
run_01_results.dat
run_02_ftn26.gz
run_02_log.txt
run_02_results.dat
run_03_ftn26.gz
run_03_log.txt
run_03_results.dat
run_04_ftn26.gz
run_04_log.txt
run_04_results.dat
=======
log.txt
moffset.dat
results.dat
>>>>>>> 911b5ec345c81b054214c521136984e9d6306827
run1_app.log
