 Process in group number            0
 No PDF is used, alpha_s(MZ) from param_card is used
 Value of alpha_s from param_card:   0.11800000071525575     
 The default order of alpha_s running is fixed to            2
 *****************************************************
 *               MadGraph/MadEvent                   *
 *        --------------------------------           *
 *          http://madgraph.hep.uiuc.edu             *
 *          http://madgraph.phys.ucl.ac.be           *
 *          http://madgraph.roma2.infn.it            *
 *        --------------------------------           *
 *                                                   *
 *          PARAMETER AND COUPLING VALUES            *
 *                                                   *
 *****************************************************

  External Params
  ---------------------------------
  
 aEWM1 =    132.50700378417969     
 mdl_Gf =   1.16639000000000003E-005
 aS =   0.11800000071525575     
 mdl_ymb =    4.6999998092651367     
 mdl_ymt =    173.00000000000000     
 mdl_yme =   5.10999991092830896E-004
 mdl_ymm =   0.10565999895334244     
 mdl_ymtau =    1.7769999504089355     
 mdl_MZ =    91.188003540039063     
 mdl_MT =    173.00000000000000     
 mdl_MB =    4.6999998092651367     
 mdl_MH =    125.00000000000000     
 mdl_Me =   5.10999991092830896E-004
 mdl_MM =   0.10565999895334244     
 mdl_MTA =    1.7769999504089355     
 mdl_WZ =    2.4414041042327881     
 mdl_WW =    2.0476000308990479     
 mdl_WT =    1.4915000200271606     
 mdl_WH =   6.38233916833996773E-003
 mdl_WTau =   2.26999999999999982E-012
  Internal Params
  ---------------------------------
  
 mdl_conjg__CKM3x3 =    1.0000000000000000     
 mdl_CKM3x3 =    1.0000000000000000     
 mdl_conjg__CKM1x1 =    1.0000000000000000     
 mdl_complexi =  (  0.0000000000000000     ,  1.0000000000000000     )
 mdl_MZ__exp__2 =    8315.2519896181766     
 mdl_MZ__exp__4 =    69143415.650849044     
 mdl_sqrt__2 =    1.4142135623730951     
 mdl_MH__exp__2 =    15625.000000000000     
 mdl_aEW =   7.54677089845565054E-003
 mdl_MW =    80.419007276179556     
 mdl_sqrt__aEW =   8.68721526063194194E-002
 mdl_ee =   0.30795376284704501     
 mdl_MW__exp__2 =    6467.2167312862202     
 mdl_sw2 =   0.22224645274001076     
 mdl_cw =   0.88190336616887299     
 mdl_sqrt__sw2 =   0.47143022043565552     
 mdl_sw =   0.47143022043565552     
 mdl_g1 =   0.34919218438279087     
 mdl_gw =   0.65323296958447097     
 mdl_vev =    246.21845810181631     
 mdl_vev__exp__2 =    60623.529110035874     
 mdl_lam =   0.12886910601690271     
 mdl_yb =   2.69955531549349904E-002
 mdl_ye =   2.93504850670934038E-006
 mdl_ym =   6.06883028478528356E-004
 mdl_yt =   0.99366614581500645     
 mdl_ytau =   1.02066167158167895E-002
 mdl_muH =    88.388347648318444     
 mdl_I1x33 =  ( 2.69955531549349904E-002,  0.0000000000000000     )
 mdl_I2x33 =  ( 0.99366614581500645     ,  0.0000000000000000     )
 mdl_I3x33 =  ( 0.99366614581500645     ,  0.0000000000000000     )
 mdl_I4x33 =  ( 2.69955531549349904E-002,  0.0000000000000000     )
 mdl_ee__exp__2 =   9.48355200516540348E-002
 mdl_sw__exp__2 =   0.22224645274001076     
 mdl_cw__exp__2 =   0.77775354725998924     
  Internal Params evaluated point by point
  ----------------------------------------
  
 mdl_sqrt__aS =   0.34351128178744839     
 mdl_G__exp__2 =    1.4828317414825511     
  Couplings of sm-lepton_masses
  ---------------------------------
  
         GC_3 =  -0.00000E+00  -0.30795E+00
        GC_50 =  -0.00000E+00  -0.28804E+00
        GC_59 =   0.00000E+00   0.82310E-01
        GC_89 =  -0.00000E+00  -0.20754E-05

 Collider parameters:
 --------------------

<<<<<<< HEAD
 Running at e e   machine @   7.14879999999999960E-002  GeV
=======
 Running at e e   machine @   7.00000000000000067E-002  GeV
>>>>>>> 911b5ec345c81b054214c521136984e9d6306827
 PDF set = none   
 alpha_s(Mz)= 0.1180 running at 2 loops.
 alpha_s(Mz)= 0.1180 running at 2 loops.
 Renormalization scale fixed @    91.188000000000002     
 Factorization scales  fixed @    91.188000000000002        91.188000000000002     


 getting user params
Enter number of events and max and min iterations: 
<<<<<<< HEAD
 Number of events and iterations         2000           9           3
Enter desired fractional accuracy: 
 Desired fractional accuracy:  -1.94430000000000017E-006
=======
 Number of events and iterations         1000           9           3
Enter desired fractional accuracy: 
 Desired fractional accuracy:  -4.17719999999999991E-053
>>>>>>> 911b5ec345c81b054214c521136984e9d6306827
Enter 0 for fixed, 2 for adjustable grid: 
Suppress amplitude (0 no, 1 yes)? 
 Using suppressed amplitude.
Exact helicity sum (0 yes, n = number/event)? 
 Explicitly summing over helicities
Enter Configuration Number: 
Running Configuration Number:    4
 Not subdividing B.W.
 Attempting mappinvarients           1           4
 Completed mapping           4
<<<<<<< HEAD
 about to integrate            2        2000           9           3           2           1
 Using non-zero grid deformation.
  2 dimensions   2000 events  2 invarients  9 iterations  1 config(s),  (0.99)
 Using h-tuple random number sequence.
 Error opening grid
 Using Uniform Grid!
 Using uniform alpha   1.0000000000000000     
 Grid defined OK
 Set CM energy to          0.07
 Mapping Graph           4  to config           4
Setting grid   1    0.19567E-01   1
=======
 about to integrate            2        1000           9           3           2           1
 Keeping grid fixed.
  2 dimensions   1000 events  2 invarients  9 iterations  1 config(s),  (0.99)
 Using h-tuple random number sequence.
 Grid read from file
 Grid defined OK
 Set CM energy to          0.07
 Mapping Graph           4  to config           4
 No modification is setgrid, grid read from file
>>>>>>> 911b5ec345c81b054214c521136984e9d6306827
 Masses: 0.511E-03 0.511E-03 0.511E-03 0.511E-03
   4   1   2
 Got moffset          11
Using random seed offsets     4 :      1
<<<<<<< HEAD
  with seed                   63
 Ranmar initialization seeds       18441       14085
=======
  with seed                   30
 Ranmar initialization seeds        8295       14051
>>>>>>> 911b5ec345c81b054214c521136984e9d6306827
  Particle       3       4
      Et >     0.0     0.0
       E >     0.0     0.0
     Eta <    -1.0    -1.0
   xqcut:      0.0     0.0
d R # 3  >    -0.0     0.4
s min # 3>     0.0     0.0
xqcutij # 3>     0.0     0.0
 alpha_s for scale    91.188000000000002       is   0.11800000071525575     
<<<<<<< HEAD
 Added good helicity            1   4.8854591650902677       in event            1
 Added good helicity            2  1.47176131104525001E-005  in event            1
 Added good helicity            3  1.47176138958160023E-005  in event            1
 Added good helicity            5  1.47176131104525001E-005  in event            1
 Added good helicity            6   3.1138545453571127       in event            1
 Added good helicity            7  6.27344062282844846E-004  in event            1
 Added good helicity            8  1.47176131104525035E-005  in event            1
 Added good helicity            9  1.47176138958159990E-005  in event            1
 Added good helicity           10  6.27344062282844629E-004  in event            1
 Added good helicity           11   3.1138546917334442       in event            1
 Added good helicity           12  1.47176138958159939E-005  in event            1
 Added good helicity           14  1.47176131104525085E-005  in event            1
 Added good helicity           15  1.47176138958159939E-005  in event            1
 Added good helicity           16   4.8854591650902668       in event            1
 Iteration  1   Mean: 0.2350E+10 Abs mean: 0.2350E+10   Fluctuation:  0.642E+08   0.102E+11    89.3%
  1    0.2350E+10 0.2350E+10 +- 0.6418E+08      1.22
 Writing out events   146164.00255329304        1.2212172596533517     
=======
 Added good helicity            1   4.0000000000020632       in event            1
 Added good helicity            6   3.9999999999979368       in event            1
 Added good helicity           11   3.9999999999979368       in event            1
 Added good helicity           16   4.0000000000020632       in event            1
 Added good helicity            2  9.49112535316148135E-006  in event           59
 Added good helicity            3  9.49112556620436391E-006  in event           59
 Added good helicity            5  9.49112535316148135E-006  in event           59
 Added good helicity            7  3.50294659589758711E-005  in event           59
 Added good helicity            8  9.49112535316149152E-006  in event           59
 Added good helicity            9  9.49112556620436730E-006  in event           59
 Added good helicity           10  3.50294659589758711E-005  in event           59
 Added good helicity           12  9.49112556620435713E-006  in event           59
 Added good helicity           14  9.49112535316149152E-006  in event           59
 Added good helicity           15  9.49112556620435713E-006  in event           59
 Iteration  1   Mean: 0.2395E+54 Abs mean: 0.2395E+54   Fluctuation:  0.169E+54   0.128E+57   100.0%
  1    0.2395E+54 0.2395E+54 +- 0.1686E+54     22.26
 Writing out events  2.66147902697627453E+049   22.259559195675539     
 Relative summed weights:
  0.1000E+01  0.0000E+00
 Relative number of events:
  0.1000E+01  0.0000E+00
 Events:
        1000           0
 Iteration  2   Mean: 0.1156E+57 Abs mean: 0.1156E+57   Fluctuation:  0.114E+57   0.227E+60   100.0%
  2    0.1156E+57 0.1156E+57 +- 0.1136E+57     43.94
>>>>>>> 911b5ec345c81b054214c521136984e9d6306827
 Relative summed weights:
  0.1000E+01  0.0000E+00
 Relative number of events:
  0.1000E+01  0.0000E+00
 Events:
        2000           0
<<<<<<< HEAD
Warning xbin not returning correct x   1  0.983351E+00  0.999965E+00  0.2169E-02
Warning xbin not returning correct x   1  0.998619E+00  0.999997E+00  0.2169E-02
 Iteration  2   Mean: 0.2389E+10 Abs mean: 0.2389E+10   Fluctuation:  0.259E+08   0.760E+10    98.7%
  2    0.2389E+10 0.2389E+10 +- 0.2593E+08      0.69
=======
 Iteration  3   Mean: 0.2142E+57 Abs mean: 0.2142E+57   Fluctuation:  0.213E+57   0.850E+60   100.0%
  3    0.2142E+57 0.2142E+57 +- 0.2125E+57     62.75
>>>>>>> 911b5ec345c81b054214c521136984e9d6306827
 Relative summed weights:
  0.1000E+01  0.0000E+00
 Relative number of events:
  0.1000E+01  0.0000E+00
 Events:
        4000           0
<<<<<<< HEAD
 Iteration  3   Mean: 0.2364E+10 Abs mean: 0.2364E+10   Fluctuation:  0.130E+08   0.113E+11    99.4%
  3    0.2364E+10 0.2364E+10 +- 0.1300E+08      0.49
=======
 Found            7  events.
 Wrote            1  events.
 Actual xsec   8.29968362982603837E+055
 Correct abs xsec   8.29968362982603837E+055
 Event xsec   8.29968362982603728E+055
 Events wgts > 1:            1
 % Cross section > 1:   1.57034762192495674E+048  1.89205720598999701E-006
 Checking number of events   3466.9438458509326                1  chi2:    120453.45587870762     
 Found            7  events.
 Wrote            1  events.
 Actual xsec   8.29968362982603837E+055
 Correct abs xsec   8.29968362982603837E+055
 Event xsec   8.29968362982603728E+055
 Events wgts > 1:            1
 % Cross section > 1:   1.57034762192495674E+048  1.89205720598999701E-006
 Error in matrix element
 Iteration  4   Mean: 0.6151E+56 Abs mean: 0.6151E+56   Fluctuation:  0.599E+56   0.479E+60   100.0%
  4    0.6151E+56 0.6151E+56 +- 0.5989E+56     87.08
>>>>>>> 911b5ec345c81b054214c521136984e9d6306827
 Relative summed weights:
  0.1000E+01  0.0000E+00
 Relative number of events:
  0.1000E+01  0.0000E+00
 Events:
        8000           0
<<<<<<< HEAD
 Found          809  events.
 Wrote          804  events.
 Actual xsec    2368567903.5767159     
 Correct abs xsec    2368567903.5767159     
 Event xsec    2368567903.5767212     
 Events wgts > 1:            0
 % Cross section > 1:    0.0000000000000000        0.0000000000000000     
 Checking number of events   4605.2065749242092              804  chi2:   0.42640853339310264     
 Found          809  events.
 Wrote          804  events.
 Actual xsec    2368567903.5767159     
 Correct abs xsec    2368567903.5767159     
 Event xsec    2368567903.5767212     
 Events wgts > 1:            0
 % Cross section > 1:    0.0000000000000000        0.0000000000000000     
Warning xbin not returning correct x   1  0.983555E+00  0.999995E+00  0.3130E-03
Warning xbin not returning correct x   1  0.981409E+00  0.999994E+00  0.3130E-03
 Iteration  4   Mean: 0.2353E+10 Abs mean: 0.2353E+10   Fluctuation:  0.594E+07   0.455E+10    99.4%
  4    0.2353E+10 0.2353E+10 +- 0.5944E+07      0.32
=======
 Found            8  events.
 Wrote            1  events.
 Actual xsec   1.29467537856350477E+056
 Correct abs xsec   1.29467537856350477E+056
 Event xsec   1.29467537856350477E+056
 Events wgts > 1:            1
 % Cross section > 1:   2.30128071215968466E+048  1.77749631317855877E-006
 Checking number of events   5408.1179913354717                1  chi2:   0.73086737668828117     
 Found            8  events.
 Wrote            1  events.
 Actual xsec   1.29467537856350477E+056
 Correct abs xsec   1.29467537856350477E+056
 Event xsec   1.29467537856350477E+056
 Events wgts > 1:            1
 % Cross section > 1:   2.30128071215968466E+048  1.77749631317855877E-006
 Error in matrix element
 Error in matrix element
 Error in matrix element
 Error in matrix element
 Iteration  5   Mean: 0.1306E+57 Abs mean: 0.1306E+57   Fluctuation:  0.118E+57   0.188E+61   100.0%
  5    0.1306E+57 0.1306E+57 +- 0.1177E+57    113.99
 Relative summed weights:
  0.1000E+01  0.0000E+00
 Relative number of events:
  0.1000E+01  0.0000E+00
 Events:
       16000           0
 Found           18  events.
 Wrote            1  events.
 Actual xsec   1.34247626331144363E+056
 Correct abs xsec   1.34247626331144363E+056
 Event xsec   1.34247626331144363E+056
 Events wgts > 1:            1
 % Cross section > 1:   2.02546481678494293E+049  1.50875279670777427E-005
 Checking number of events   5607.7918471045623                1  chi2:   0.80893007478832724     
 Found           18  events.
 Wrote            1  events.
 Actual xsec   1.34247626331144363E+056
 Correct abs xsec   1.34247626331144363E+056
 Event xsec   1.34247626331144363E+056
 Events wgts > 1:            1
 % Cross section > 1:   2.02546481678494293E+049  1.50875279670777427E-005
 Error in matrix element
 Error in matrix element
 Error in matrix element
 Error in matrix element
 Error in matrix element
 Error in matrix element
 Iteration  6   Mean: 0.1246E+57 Abs mean: 0.1246E+57   Fluctuation:  0.513E+56   0.112E+61   100.0%
  6    0.1246E+57 0.1246E+57 +- 0.5129E+56     73.63
 Relative summed weights:
  0.1000E+01  0.0000E+00
 Relative number of events:
  0.1000E+01  0.0000E+00
 Events:
       32000           0
 Found           29  events.
 Wrote            3  events.
 Actual xsec   1.17391303785574411E+056
 Correct abs xsec   1.17391303785574411E+056
 Event xsec   1.17391303785574389E+056
 Events wgts > 1:            1
 % Cross section > 1:   1.03146981791263842E+048  8.78659478726558412E-007
 Checking number of events   4903.6695417310139                3  chi2:   0.45164871062880002     
 Found           29  events.
 Wrote            3  events.
 Actual xsec   1.17391303785574411E+056
 Correct abs xsec   1.17391303785574411E+056
 Event xsec   1.17391303785574389E+056
 Events wgts > 1:            1
 % Cross section > 1:   1.03146981791263842E+048  8.78659478726558412E-007
 Error in matrix element
 Error in matrix element
 Error in matrix element
 Error in matrix element
 Error in matrix element
 Error in matrix element
 Error in matrix element
 Iteration  7   Mean: 0.1047E+57 Abs mean: 0.1047E+57   Fluctuation:  0.348E+56   0.131E+61   100.0%
  7    0.1047E+57 0.1047E+57 +- 0.3478E+56     84.05
 Relative summed weights:
  0.1000E+01  0.0000E+00
 Relative number of events:
  0.1000E+01  0.0000E+00
 Events:
       64000           0
 Found           42  events.
 Wrote            7  events.
 Actual xsec   1.13929995008080231E+056
 Correct abs xsec   1.13929995008080231E+056
 Event xsec   1.13929995008080253E+056
 Events wgts > 1:            0
 % Cross section > 1:    0.0000000000000000        0.0000000000000000     
 Checking number of events   4759.0837514775276                7  chi2:   6.69869681253838223E-002
 Found           42  events.
 Wrote            4  events.
 Actual xsec   1.13929995008080231E+056
 Correct abs xsec   1.13929995008080231E+056
 Event xsec   1.13929995008080231E+056
 Events wgts > 1:            0
 % Cross section > 1:    0.0000000000000000        0.0000000000000000     
 Error in matrix element
 Error in matrix element
 Error in matrix element
 Error in matrix element
 Error in matrix element
 Error in matrix element
 Error in matrix element
 Error in matrix element
 Error in matrix element
 Error in matrix element
 Error in matrix element
 Error in matrix element
 Error in matrix element
 Iteration  8   Mean: 0.1021E+57 Abs mean: 0.1021E+57   Fluctuation:  0.247E+56   0.120E+61   100.0%
  8    0.1021E+57 0.1021E+57 +- 0.2473E+56     86.65
 Relative summed weights:
  0.1000E+01  0.0000E+00
 Relative number of events:
  0.1000E+01  0.0000E+00
 Events:
      128000           0
 Found           76  events.
 Wrote           10  events.
 Actual xsec   1.07000587053217654E+056
 Correct abs xsec   1.07000587053217654E+056
 Event xsec   1.07000587053217654E+056
 Events wgts > 1:            2
 % Cross section > 1:   3.53994243620919961E+047  3.30833926588512939E-007
 Checking number of events   4469.6285223870082               10  chi2:   8.06367105773812404E-002
 Found           76  events.
 Wrote           11  events.
 Actual xsec   1.07000587053217654E+056
 Correct abs xsec   1.07000587053217654E+056
 Event xsec   1.07000587053217632E+056
 Events wgts > 1:            2
 % Cross section > 1:   3.21812950726115554E+047  3.00758116930759662E-007
 Error in matrix element
 Error in matrix element
 Error in matrix element
 Error in matrix element
 Error in matrix element
 Error in matrix element
 Error in matrix element
 Error in matrix element
 Error in matrix element
 Error in matrix element
 Error in matrix element
 Error in matrix element
 Error in matrix element
 Error in matrix element
 Error in matrix element
 Error in matrix element
 Error in matrix element
 Error in matrix element
 Error in matrix element
 Error in matrix element
 Error in matrix element
 Error in matrix element
 Error in matrix element
 Error in matrix element
 Error in matrix element
 Error in matrix element
 Error in matrix element
 Error in matrix element
 Error in matrix element
 Error in matrix element
 Error in matrix element
 Error in matrix element
 Error in matrix element
 Iteration  9   Mean: 0.1209E+57 Abs mean: 0.1209E+57   Fluctuation:  0.199E+56   0.188E+61   100.0%
  9    0.1209E+57 0.1209E+57 +- 0.1993E+56     83.36
 Relative summed weights:
  0.1000E+01  0.0000E+00
 Relative number of events:
  0.1000E+01  0.0000E+00
 Events:
      256000           0
 Found          174  events.
 Wrote           18  events.
 Actual xsec   1.13510774768243177E+056
 Correct abs xsec   1.13510774768243177E+056
 Event xsec   1.13510774768243133E+056
 Events wgts > 1:            2
 % Cross section > 1:   7.46448787665432238E+053  0.65760170273656338     
 Checking number of events   4741.5720836190540               18  chi2:   0.20771752443154268     
 Found          174  events.
 Wrote           16  events.
 Actual xsec   1.13510774768243177E+056
 Correct abs xsec   1.13510774768243177E+056
 Event xsec   1.13510774768243155E+056
 Events wgts > 1:            2
 % Cross section > 1:   8.39065172765714433E+053  0.73919429629376410     

 -------------------------------------------------------------------------------
 Accumulated results:   Integral =   +Infinity
                        Std dev  =   +Infinity
                       Cross sec =   +Infinity
             Chi**2 per DoF.     =      0.4459
 -------------------------------------------------------------------------------
-------------------------------------------------
---------------------------
 Results Last   3 iters: Integral =   0.1135E+57
                     Abs integral =   0.1135E+57
                          Std dev =   0.1431E+56
                  Chi**2 per DoF. =      0.2077
-------------------------------------------------
---------------------------
 Status -4.17719999999999991E-053          10           9
 Trying w/ fresh grid
 Starting w/ ncall =         4000
 Keeping grid fixed.
  2 dimensions   4000 events  2 invarients  8 iterations  1 config(s),  (0.99)
 Using h-tuple random number sequence.
 Error opening grid
 Using Uniform Grid!
 Using uniform alpha   1.0000000000000000     
 Grid defined OK
Setting grid   1    0.53290E-04   1
 Iteration  1   Mean: 0.8857E+27 Abs mean: 0.8857E+27   Fluctuation:  0.766E+27   0.305E+31   100.0%
  1    0.8857E+27 0.8857E+27 +- 0.7659E+27     54.69
 Relative summed weights:
  0.1000E+01  0.0000E+00
 Relative number of events:
  0.1000E+01  0.0000E+00
 Events:
        4000           0
 Iteration  2   Mean: 0.4416E+36 Abs mean: 0.4416E+36   Fluctuation:  0.337E+36   0.249E+40   100.0%
  2    0.4416E+36 0.4416E+36 +- 0.3370E+36     68.26
 Relative summed weights:
  0.1000E+01  0.0000E+00
 Relative number of events:
  0.1000E+01  0.0000E+00
 Events:
        8000           0
 Iteration  3   Mean: 0.7103E+39 Abs mean: 0.7103E+39   Fluctuation:  0.672E+39   0.107E+44   100.0%
  3    0.7103E+39 0.7103E+39 +- 0.6715E+39    119.59
>>>>>>> 911b5ec345c81b054214c521136984e9d6306827
 Relative summed weights:
  0.1000E+01  0.0000E+00
 Relative number of events:
  0.1000E+01  0.0000E+00
 Events:
       16000           0
<<<<<<< HEAD
 Found         1576  events.
 Wrote         1571  events.
 Actual xsec    2356320625.4512911     
 Correct abs xsec    2356320625.4512911     
 Event xsec    2356320625.4512067     
 Events wgts > 1:            0
 % Cross section > 1:    0.0000000000000000        0.0000000000000000     
 Checking number of events   4581.3941920649459             1571  chi2:    1.1510861649206789     
 Found         1576  events.
 Wrote         1571  events.
 Actual xsec    2356320625.4512911     
 Correct abs xsec    2356320625.4512911     
 Event xsec    2356320625.4512067     
 Events wgts > 1:            0
 % Cross section > 1:    0.0000000000000000        0.0000000000000000     
Warning xbin not returning correct x   1  0.987011E+00  0.999997E+00  0.2007E-03
Warning xbin not returning correct x   1  0.988245E+00  0.999998E+00  0.2007E-03
Warning xbin not returning correct x   1  0.987215E+00  0.999997E+00  0.2007E-03
Warning xbin not returning correct x   1  0.989978E+00  0.999998E+00  0.2007E-03
Warning xbin not returning correct x   1  0.991162E+00  0.999998E+00  0.2007E-03
Warning xbin still not working well. Last message this iteration.
 Iteration  5   Mean: 0.2361E+10 Abs mean: 0.2361E+10   Fluctuation:  0.293E+07   0.330E+10    99.6%
  5    0.2361E+10 0.2361E+10 +- 0.2932E+07      0.22
=======
 Found           32  events.
 Wrote            1  events.
 Actual xsec   1.90605037847756921E+038
 Correct abs xsec   1.90605037847756921E+038
 Event xsec   1.90605037847756921E+038
 Events wgts > 1:            1
 % Cross section > 1:   2.10210928225609257E+031  1.10286134406117994E-005
 Checking number of events  7.96195364097650258E-015           1  chi2:   3.09649447551545796E+022
 Found           32  events.
 Wrote            1  events.
 Actual xsec   1.90605037847756921E+038
 Correct abs xsec   1.90605037847756921E+038
 Event xsec   1.90605037847756921E+038
 Events wgts > 1:            1
 % Cross section > 1:   2.10210928225609257E+031  1.10286134406117994E-005
 Iteration  4   Mean: 0.2597E+42 Abs mean: 0.2597E+42   Fluctuation:  0.177E+42   0.522E+46   100.0%
  4    0.2597E+42 0.2597E+42 +- 0.1768E+42    121.78
 Relative summed weights:
  0.1000E+01  0.0000E+00
 Relative number of events:
  0.1000E+01  0.0000E+00
 Events:
       32000           0
 Found          101  events.
 Wrote            1  events.
 Actual xsec   1.12370541691939265E+041
 Correct abs xsec   1.12370541691939265E+041
 Event xsec   1.12370541691939265E+041
 Events wgts > 1:            0
 % Cross section > 1:    0.0000000000000000        0.0000000000000000     
 Checking number of events  4.69394226755568689E-012           1  chi2:    55595333806.902786     
 Found          101  events.
 Wrote            2  events.
 Actual xsec   1.12370541691939265E+041
 Correct abs xsec   1.12370541691939265E+041
 Event xsec   1.12370541691939265E+041
 Events wgts > 1:            0
 % Cross section > 1:    0.0000000000000000        0.0000000000000000     
 Iteration  5   Mean: 0.3291E+47 Abs mean: 0.3291E+47   Fluctuation:  0.273E+47   0.172E+52   100.0%
  5    0.3291E+47 0.3291E+47 +- 0.2728E+47    209.71
>>>>>>> 911b5ec345c81b054214c521136984e9d6306827
 Relative summed weights:
  0.1000E+01  0.0000E+00
 Relative number of events:
  0.1000E+01  0.0000E+00
 Events:
<<<<<<< HEAD
       32000           0
 Found         3230  events.
 Wrote         3225  events.
 Actual xsec    2359814405.6018596     
 Correct abs xsec    2359814405.6018596     
 Event xsec    2359814405.6019311     
 Events wgts > 1:         3225
 % Cross section > 1:   3.75439412891864777E-007  1.59097008646363994E-014
 Checking number of events   4588.1871488116958             3225  chi2:   0.84848265421999203     
 Found         3230  events.
 Wrote         3225  events.
 Actual xsec    2359814405.6018596     
 Correct abs xsec    2359814405.6018596     
 Event xsec    2359814405.6019311     
 Events wgts > 1:         3225
 % Cross section > 1:   3.75439412891864777E-007  1.59097008646363994E-014
Warning xbin not returning correct x   1  0.981354E+00  0.999997E+00  0.1709E-03
Warning xbin not returning correct x   1  0.992885E+00  0.999999E+00  0.1709E-03
Warning xbin not returning correct x   1  0.985794E+00  0.999998E+00  0.1709E-03
Warning xbin not returning correct x   1  0.983931E+00  0.999997E+00  0.1709E-03
Warning xbin not returning correct x   1  0.993344E+00  0.999999E+00  0.1709E-03
Warning xbin still not working well. Last message this iteration.
 Iteration  6   Mean: 0.2357E+10 Abs mean: 0.2357E+10   Fluctuation:  0.153E+07   0.303E+10    99.7%
  6    0.2357E+10 0.2357E+10 +- 0.1534E+07      0.16
=======
       64000           0
 Found          440  events.
 Wrote            1  events.
 Actual xsec   1.01211472255827851E+046
 Correct abs xsec   1.01211472255827851E+046
 Event xsec   1.01211472255827838E+046
 Events wgts > 1:            0
 % Cross section > 1:    0.0000000000000000        0.0000000000000000     
 Checking number of events  4.22780561907044068E-007           1  chi2:    113586596860042.22     
 Found          440  events.
 Wrote            1  events.
 Actual xsec   1.01211472255827851E+046
 Correct abs xsec   1.01211472255827851E+046
 Event xsec   1.01211472255827838E+046
 Events wgts > 1:            0
 % Cross section > 1:    0.0000000000000000        0.0000000000000000     
 Fixing grid
 Iteration  6   Mean: 0.1527E+55 Abs mean: 0.1527E+55   Fluctuation:  0.144E+55   0.185E+60   100.0%
  6    0.1527E+55 0.1527E+55 +- 0.1444E+55    338.27
>>>>>>> 911b5ec345c81b054214c521136984e9d6306827
 Relative summed weights:
  0.1000E+01  0.0000E+00
 Relative number of events:
  0.1000E+01  0.0000E+00
 Events:
<<<<<<< HEAD
       64000           0
 Found         6370  events.
 Wrote         6365  events.
 Actual xsec    2357897692.4798517     
 Correct abs xsec    2357897692.4798517     
 Event xsec    2357897692.4798522     
 Events wgts > 1:            0
 % Cross section > 1:    0.0000000000000000        0.0000000000000000     
 Checking number of events   4584.4604834885758             6365  chi2:    1.0883488118243261     

 -------------------------------------------------------------------------------
 Accumulated results:   Integral =  0.2358E+10
                        Std dev  =  0.1316E+07
                       Cross sec =  0.7829E+00
             Chi**2 per DoF.     =
-------------------------------------------------
---------------------------
 Results Last   3 iters: Integral =   0.2358E+10
                     Abs integral =   0.2358E+10
                          Std dev =   0.1325E+07
                  Chi**2 per DoF. =      1.0883
-------------------------------------------------
---------------------------
 Status -1.94430000000000017E-006           7           9
 We found enough events        6365   4584.4604834885758     
=======
      128000           0
 Found          525  events.
 Wrote            1  events.
 Actual xsec   3.61104413659396493E+053
 Correct abs xsec   3.61104413659396493E+053
 Event xsec   3.61104413659396493E+053
 Events wgts > 1:            0
 % Cross section > 1:    0.0000000000000000        0.0000000000000000     
 Checking number of events   15.084053567380311                1  chi2:   2.08616988293087671E+024
 Found          525  events.
 Wrote            1  events.
 Actual xsec   3.61104413659396493E+053
 Correct abs xsec   3.61104413659396493E+053
 Event xsec   3.61104413659396493E+053
 Events wgts > 1:            0
 % Cross section > 1:    0.0000000000000000        0.0000000000000000     
 Iteration  7   Mean: 0.6627E+53 Abs mean: 0.6627E+53   Fluctuation:  0.512E+53   0.126E+59   100.0%
  7    0.6627E+53 0.6627E+53 +- 0.5120E+53    390.88
 Relative summed weights:
  0.1000E+01  0.0000E+00
 Relative number of events:
  0.1000E+01  0.0000E+00
 Events:
      256000           0
 Found           20  events.
 Wrote            2  events.
 Actual xsec   4.28211160314061154E+053
 Correct abs xsec   4.28211160314061154E+053
 Event xsec   4.28211160314061154E+053
 Events wgts > 1:            0
 % Cross section > 1:    0.0000000000000000        0.0000000000000000     
 Checking number of events   17.887236588638963                2  chi2:    123194840134989.45     
 Found           20  events.
 Wrote            1  events.
 Actual xsec   4.28211160314061154E+053
 Correct abs xsec   4.28211160314061154E+053
 Event xsec   4.28211160314061154E+053
 Events wgts > 1:            0
 % Cross section > 1:    0.0000000000000000        0.0000000000000000     
 Error in matrix element
 Iteration  8   Mean: 0.1580E+56 Abs mean: 0.1580E+56   Fluctuation:  0.158E+56   0.808E+61   100.0%
  8    0.1580E+56 0.1580E+56 +- 0.1578E+56    714.91
 Relative summed weights:
  0.1000E+01  0.0000E+00
 Relative number of events:
  0.1000E+01  0.0000E+00
 Events:
      512000           0
 Found           53  events.
 Wrote            1  events.
 Actual xsec   1.13156708767327053E+056
 Correct abs xsec   1.13156708767327053E+056
 Event xsec   1.13156708767327053E+056
 Events wgts > 1:            1
 % Cross section > 1:   2.34046020321192425E+049  2.06833534547596403E-005
 Checking number of events   194.15675613105554                1  chi2:    4007.2969841507356     
 Found           53  events.
 Wrote            1  events.
 Actual xsec   1.13156708767327053E+056
 Correct abs xsec   1.13156708767327053E+056
 Event xsec   1.13156708767327053E+056
 Events wgts > 1:            1
 % Cross section > 1:   2.34046020321192425E+049  2.06833534547596403E-005

 -------------------------------------------------------------------------------
 Accumulated results:   Integral =   +Infinity
                        Std dev  =   +Infinity
                       Cross sec =   +Infinity
             Chi**2 per DoF.     =     13.8935
 -------------------------------------------------------------------------------
-------------------------------------------------
---------------------------
 Results Last   3 iters: Integral =   0.4648E+55
                     Abs integral =   0.4648E+55
                         Std dev =   0.2386E+55
                 Chi**2 per DoF. =   4007.2970
-------------------------------------------------
---------------------------
>>>>>>> 911b5ec345c81b054214c521136984e9d6306827

ls status:
events.lhe
ftn25
ftn26
input_sg.txt
<<<<<<< HEAD
moffset.dat
results.dat
run_01_ftn26.gz
run_01_log.txt
run_01_results.dat
run_02_ftn26.gz
run_02_log.txt
run_02_results.dat
run_03_ftn26.gz
run_03_log.txt
run_03_results.dat
run_04_ftn26.gz
run_04_log.txt
run_04_results.dat
=======
log.txt
moffset.dat
results.dat
>>>>>>> 911b5ec345c81b054214c521136984e9d6306827
run1_app.log
