 Process in group number            0
 No PDF is used, alpha_s(MZ) from param_card is used
 Value of alpha_s from param_card:   0.11800000071525575     
 The default order of alpha_s running is fixed to            2
<<<<<<< HEAD
=======
 Warning: pt or E min of a gamma should in general be >0
 Warning: pt or E min of a gamma should in general be >0
 Warning: pt or E min of a gamma should in general be >0
>>>>>>> 911b5ec345c81b054214c521136984e9d6306827
 *****************************************************
 *               MadGraph/MadEvent                   *
 *        --------------------------------           *
 *          http://madgraph.hep.uiuc.edu             *
 *          http://madgraph.phys.ucl.ac.be           *
 *          http://madgraph.roma2.infn.it            *
 *        --------------------------------           *
 *                                                   *
 *          PARAMETER AND COUPLING VALUES            *
 *                                                   *
 *****************************************************

  External Params
  ---------------------------------
  
 aEWM1 =    132.50700378417969     
 mdl_Gf =   1.16639000000000003E-005
 aS =   0.11800000071525575     
 mdl_ymb =    4.6999998092651367     
 mdl_ymt =    173.00000000000000     
 mdl_yme =   5.10999991092830896E-004
 mdl_ymm =   0.10565999895334244     
 mdl_ymtau =    1.7769999504089355     
 mdl_MZ =    91.188003540039063     
 mdl_MT =    173.00000000000000     
 mdl_MB =    4.6999998092651367     
 mdl_MH =    125.00000000000000     
 mdl_Me =   5.10999991092830896E-004
 mdl_MM =   0.10565999895334244     
 mdl_MTA =    1.7769999504089355     
 mdl_WZ =    2.4414041042327881     
 mdl_WW =    2.0476000308990479     
 mdl_WT =    1.4915000200271606     
 mdl_WH =   6.38233916833996773E-003
 mdl_WTau =   2.26999999999999982E-012
  Internal Params
  ---------------------------------
  
 mdl_conjg__CKM3x3 =    1.0000000000000000     
 mdl_CKM3x3 =    1.0000000000000000     
 mdl_conjg__CKM1x1 =    1.0000000000000000     
 mdl_complexi =  (  0.0000000000000000     ,  1.0000000000000000     )
 mdl_MZ__exp__2 =    8315.2519896181766     
 mdl_MZ__exp__4 =    69143415.650849044     
 mdl_sqrt__2 =    1.4142135623730951     
 mdl_MH__exp__2 =    15625.000000000000     
 mdl_aEW =   7.54677089845565054E-003
 mdl_MW =    80.419007276179556     
 mdl_sqrt__aEW =   8.68721526063194194E-002
 mdl_ee =   0.30795376284704501     
 mdl_MW__exp__2 =    6467.2167312862202     
 mdl_sw2 =   0.22224645274001076     
 mdl_cw =   0.88190336616887299     
 mdl_sqrt__sw2 =   0.47143022043565552     
 mdl_sw =   0.47143022043565552     
 mdl_g1 =   0.34919218438279087     
 mdl_gw =   0.65323296958447097     
 mdl_vev =    246.21845810181631     
 mdl_vev__exp__2 =    60623.529110035874     
 mdl_lam =   0.12886910601690271     
 mdl_yb =   2.69955531549349904E-002
 mdl_ye =   2.93504850670934038E-006
 mdl_ym =   6.06883028478528356E-004
 mdl_yt =   0.99366614581500645     
 mdl_ytau =   1.02066167158167895E-002
 mdl_muH =    88.388347648318444     
 mdl_I1x33 =  ( 2.69955531549349904E-002,  0.0000000000000000     )
 mdl_I2x33 =  ( 0.99366614581500645     ,  0.0000000000000000     )
 mdl_I3x33 =  ( 0.99366614581500645     ,  0.0000000000000000     )
 mdl_I4x33 =  ( 2.69955531549349904E-002,  0.0000000000000000     )
 mdl_ee__exp__2 =   9.48355200516540348E-002
 mdl_sw__exp__2 =   0.22224645274001076     
 mdl_cw__exp__2 =   0.77775354725998924     
  Internal Params evaluated point by point
  ----------------------------------------
  
 mdl_sqrt__aS =   0.34351128178744839     
 mdl_G__exp__2 =    1.4828317414825511     
  Couplings of sm-lepton_masses
  ---------------------------------
  
         GC_3 =  -0.00000E+00  -0.30795E+00

 Collider parameters:
 --------------------

<<<<<<< HEAD
 Running at e e   machine @   7.14879999999999960E-002  GeV
=======
 Running at e e   machine @   7.00000000000000067E-002  GeV
>>>>>>> 911b5ec345c81b054214c521136984e9d6306827
 PDF set = none   
 alpha_s(Mz)= 0.1180 running at 2 loops.
 alpha_s(Mz)= 0.1180 running at 2 loops.
 Renormalization scale fixed @    91.188000000000002     
 Factorization scales  fixed @    91.188000000000002        91.188000000000002     


 getting user params
Enter number of events and max and min iterations: 
<<<<<<< HEAD
 Number of events and iterations         2000           9           3
Enter desired fractional accuracy: 
 Desired fractional accuracy:  -1.03289999999999995E-004
=======
 Number of events and iterations         1000           9           3
Enter desired fractional accuracy: 
 Desired fractional accuracy:  -4.27509999999999978E-004
>>>>>>> 911b5ec345c81b054214c521136984e9d6306827
Enter 0 for fixed, 2 for adjustable grid: 
Suppress amplitude (0 no, 1 yes)? 
 Using suppressed amplitude.
Exact helicity sum (0 yes, n = number/event)? 
 Explicitly summing over helicities
Enter Configuration Number: 
Running Configuration Number:    1
 Not subdividing B.W.
 Attempting mappinvarients           1           5
 Completed mapping           5
<<<<<<< HEAD
 about to integrate            5        2000           9           3           5           1
 Using non-zero grid deformation.
  5 dimensions   2000 events  5 invarients  9 iterations  1 config(s),  (0.99)
 Using h-tuple random number sequence.
 Error opening grid
 Using Uniform Grid!
 Using uniform alpha   1.0000000000000000     
 Grid defined OK
 Set CM energy to          0.07
 Mapping Graph           1  to config           1
Setting grid   1    0.17611E-04   1
Setting grid   2    0.17611E-04   1
=======
 about to integrate            5        1000           9           3           5           1
 Keeping grid fixed.
  5 dimensions   1000 events  5 invarients  9 iterations  1 config(s),  (0.99)
 Using h-tuple random number sequence.
 Grid read from file
 Grid defined OK
 Set CM energy to          0.07
 Mapping Graph           1  to config           1
 Warning: No cutoff for shat integral found
          Minimum set to    204.08163265306121     
 No modification is setgrid, grid read from file
 Warning: No cutoff for shat integral found
          Minimum set to    204.08163265306121     
 No modification is setgrid, grid read from file
>>>>>>> 911b5ec345c81b054214c521136984e9d6306827
 Masses: 0.511E-03 0.511E-03 0.000E+00 0.000E+00 0.000E+00
   1   1   2   3   4   5
 Got moffset          26
Using random seed offsets     1 :      1
<<<<<<< HEAD
  with seed                  114
 Ranmar initialization seeds       20445        1331
=======
  with seed                   48
 Ranmar initialization seeds       30234        1262
>>>>>>> 911b5ec345c81b054214c521136984e9d6306827
  Particle       3       4       5
      Et >     0.0     0.0     0.0
       E >     0.0     0.0     0.0
     Eta <    -1.0    -1.0    -1.0
   xqcut:      0.0     0.0     0.0
d R # 3  >    -0.0     0.0     0.0
d R # 4  >    -0.0    -0.0     0.0
s min # 3>     0.0     0.0     0.0
s min # 4>     0.0     0.0     0.0
xqcutij # 3>     0.0     0.0     0.0
xqcutij # 4>     0.0     0.0     0.0
 alpha_s for scale    91.188000000000002       is   0.11800000071525575     
<<<<<<< HEAD
 Added good helicity            1  0.11459975058029033       in event            1
 Added good helicity            2  5.19214265656142791E-003  in event            1
 Added good helicity            3  0.53511741055114814       in event            1
 Added good helicity            4  1.98843503334511135E-005  in event            1
 Added good helicity            5  9.26231502533219914E-004  in event            1
 Added good helicity            6  2.54370046963087349E-005  in event            1
 Added good helicity           10  1.48401097040368731E-006  in event            1
 Added good helicity           11  2.44642641539067930E-002  in event            1
 Added good helicity           12  6.94746878211094875E-004  in event            1
 Added good helicity           13   13.632473398214543       in event            1
 Added good helicity           14  0.62775124780846392       in event            1
 Added good helicity           15   1.0587337492372864       in event            1
 Added good helicity           18   1.0587337492372861       in event            1
 Added good helicity           19  0.62775124780846392       in event            1
 Added good helicity           20   13.632473398214543       in event            1
 Added good helicity           21  6.94746878211094875E-004  in event            1
 Added good helicity           22  2.44642641539067930E-002  in event            1
 Added good helicity           23  1.48401097040368943E-006  in event            1
 Added good helicity           27  2.54370046963087349E-005  in event            1
 Added good helicity           28  9.26231502533219914E-004  in event            1
 Added good helicity           29  1.98843503334511135E-005  in event            1
 Added good helicity           30  0.53511741055114825       in event            1
 Added good helicity           31  5.19214265656142791E-003  in event            1
 Added good helicity           32  0.11459975058029033       in event            1
 Added good helicity            7  8.49968555099972970E-006  in event            2
 Added good helicity           26  8.49968555099972970E-006  in event            2
 Iteration  1   Mean: 0.3785E+08 Abs mean: 0.3785E+08   Fluctuation:  0.448E+07   0.662E+10    99.0%
  1    0.3785E+08 0.3785E+08 +- 0.4478E+07      5.29
 Writing out events   2125.1330767215823        5.2906888122921343     
 Relative summed weights:
  0.1357E+00  0.0000E+00
  0.1857E+00  0.0000E+00
  0.1507E+00  0.0000E+00
  0.1927E+00  0.0000E+00
  0.2170E+00  0.0000E+00
  0.1182E+00  0.0000E+00
 Relative number of events:
  0.1650E+00  0.0000E+00
  0.1695E+00  0.0000E+00
  0.1610E+00  0.0000E+00
  0.1590E+00  0.0000E+00
  0.1780E+00  0.0000E+00
  0.1675E+00  0.0000E+00
 Events:
         330           0
         339           0
         322           0
         318           0
         356           0
         335           0
 Iteration  2   Mean: 0.3259E+08 Abs mean: 0.3259E+08   Fluctuation:  0.965E+06   0.129E+10    97.3%
  2    0.3259E+08 0.3259E+08 +- 0.9646E+06      1.87
 Relative summed weights:
  0.1636E+00  0.0000E+00
  0.1599E+00  0.0000E+00
  0.1670E+00  0.0000E+00
  0.1595E+00  0.0000E+00
  0.1960E+00  0.0000E+00
  0.1541E+00  0.0000E+00
 Relative number of events:
  0.1727E+00  0.0000E+00
  0.1630E+00  0.0000E+00
  0.1600E+00  0.0000E+00
  0.1668E+00  0.0000E+00
  0.1730E+00  0.0000E+00
  0.1645E+00  0.0000E+00
 Events:
         691           0
         652           0
         640           0
         667           0
         692           0
         658           0
 Iteration  3   Mean: 0.4228E+08 Abs mean: 0.4228E+08   Fluctuation:  0.226E+07   0.116E+11    97.9%
  3    0.4228E+08 0.4228E+08 +- 0.2261E+07      4.78
 Relative summed weights:
  0.1394E+00  0.0000E+00
  0.1451E+00  0.0000E+00
  0.2125E+00  0.0000E+00
  0.1641E+00  0.0000E+00
  0.1610E+00  0.0000E+00
  0.1779E+00  0.0000E+00
 Relative number of events:
  0.1614E+00  0.0000E+00
  0.1629E+00  0.0000E+00
  0.1666E+00  0.0000E+00
  0.1655E+00  0.0000E+00
  0.1705E+00  0.0000E+00
  0.1731E+00  0.0000E+00
 Events:
        1291           0
        1303           0
        1333           0
        1324           0
        1364           0
        1385           0
 Found          855  events.
 Wrote           25  events.
 Actual xsec    35000752.149051793     
 Correct abs xsec    35000752.149051793     
 Event xsec    35000752.149051793     
 Events wgts > 1:            0
 % Cross section > 1:    0.0000000000000000        0.0000000000000000     
 Checking number of events   3615.2276894755596               25  chi2:    8.5045211368095401     
 Found          855  events.
 Wrote           26  events.
 Actual xsec    35000752.149051793     
 Correct abs xsec    35000752.149051793     
 Event xsec    35000752.149051793     
 Events wgts > 1:            0
 % Cross section > 1:    0.0000000000000000        0.0000000000000000     
 Iteration  4   Mean: 0.3874E+08 Abs mean: 0.3874E+08   Fluctuation:  0.559E+06   0.237E+10    96.9%
  4    0.3874E+08 0.3874E+08 +- 0.5594E+06      1.83
 Relative summed weights:
  0.1641E+00  0.0000E+00
  0.1699E+00  0.0000E+00
  0.1738E+00  0.0000E+00
  0.1648E+00  0.0000E+00
  0.1600E+00  0.0000E+00
  0.1674E+00  0.0000E+00
 Relative number of events:
  0.1679E+00  0.0000E+00
  0.1638E+00  0.0000E+00
  0.1685E+00  0.0000E+00
  0.1648E+00  0.0000E+00
  0.1694E+00  0.0000E+00
  0.1656E+00  0.0000E+00
 Events:
        2687           0
        2621           0
        2696           0
        2637           0
        2710           0
        2649           0
 Found         1401  events.
 Wrote          575  events.
 Actual xsec    37819020.088997088     
 Correct abs xsec    37819020.088997088     
 Event xsec    37819020.088996992     
 Events wgts > 1:           14
 % Cross section > 1:    368822.38470499864       0.97522988125306620     
 Checking number of events   3906.3265849925092              575  chi2:    17.978239351846721     
 Found         1401  events.
 Wrote          576  events.
 Actual xsec    37819020.088997088     
 Correct abs xsec    37819020.088997088     
 Event xsec    37819020.088996463     
 Events wgts > 1:           14
 % Cross section > 1:    368188.30188839184       0.97355325712290763     
 Iteration  5   Mean: 0.4102E+08 Abs mean: 0.4102E+08   Fluctuation:  0.635E+06   0.103E+11    97.3%
  5    0.4102E+08 0.4102E+08 +- 0.6350E+06      2.77
 Relative summed weights:
  0.1721E+00  0.0000E+00
  0.1621E+00  0.0000E+00
  0.1612E+00  0.0000E+00
  0.1667E+00  0.0000E+00
  0.1602E+00  0.0000E+00
  0.1776E+00  0.0000E+00
 Relative number of events:
  0.1670E+00  0.0000E+00
  0.1694E+00  0.0000E+00
  0.1663E+00  0.0000E+00
  0.1697E+00  0.0000E+00
  0.1634E+00  0.0000E+00
  0.1641E+00  0.0000E+00
 Events:
        5344           0
        5420           0
        5323           0
        5431           0
        5230           0
        5252           0
 Found         3195  events.
 Wrote          420  events.
 Actual xsec    39893660.869276263     
 Correct abs xsec    39893660.869276263     
 Event xsec    39893660.869276620     
 Events wgts > 1:            7
 % Cross section > 1:    399461.68504720245        1.0013161899484653     
 Checking number of events   4120.6162311875451              420  chi2:    4.2701298360523996     
 Found         3195  events.
 Wrote          431  events.
 Actual xsec    39893660.869276263     
 Correct abs xsec    39893660.869276263     
 Event xsec    39893660.869276330     
 Events wgts > 1:            7
 % Cross section > 1:    389366.11221564439       0.97600998186534071     
 Iteration  6   Mean: 0.4045E+08 Abs mean: 0.4045E+08   Fluctuation:  0.319E+06   0.537E+10    97.0%
  6    0.4045E+08 0.4045E+08 +- 0.3185E+06      1.99
 Relative summed weights:
  0.1660E+00  0.0000E+00
  0.1652E+00  0.0000E+00
  0.1656E+00  0.0000E+00
  0.1705E+00  0.0000E+00
  0.1703E+00  0.0000E+00
  0.1623E+00  0.0000E+00
 Relative number of events:
  0.1639E+00  0.0000E+00
  0.1662E+00  0.0000E+00
  0.1678E+00  0.0000E+00
  0.1684E+00  0.0000E+00
  0.1680E+00  0.0000E+00
  0.1657E+00  0.0000E+00
 Events:
       10488           0
       10639           0
       10739           0
       10777           0
       10752           0
       10605           0
 Found         6048  events.
 Wrote         1508  events.
 Actual xsec    40214754.535563894     
 Correct abs xsec    40214754.535563894     
 Event xsec    40214754.535564221     
 Events wgts > 1:           28
 % Cross section > 1:    400374.89594108990       0.99559204218694253     
 Checking number of events   4153.7819959783947             1508  chi2:    4.5550694403685243     
 Found         6048  events.
 Wrote         1549  events.
 Actual xsec    40214754.535563894     
 Correct abs xsec    40214754.535563894     
 Event xsec    40214754.535564959     
 Events wgts > 1:           28
 % Cross section > 1:    389880.23845120502       0.96949550719352107     
 Iteration  7   Mean: 0.4028E+08 Abs mean: 0.4028E+08   Fluctuation:  0.195E+06   0.516E+10    96.9%
  7    0.4028E+08 0.4028E+08 +- 0.1952E+06      1.73
 Relative summed weights:
  0.1690E+00  0.0000E+00
  0.1691E+00  0.0000E+00
  0.1645E+00  0.0000E+00
  0.1661E+00  0.0000E+00
  0.1648E+00  0.0000E+00
  0.1664E+00  0.0000E+00
 Relative number of events:
  0.1669E+00  0.0000E+00
  0.1672E+00  0.0000E+00
  0.1661E+00  0.0000E+00
  0.1658E+00  0.0000E+00
  0.1668E+00  0.0000E+00
  0.1673E+00  0.0000E+00
 Events:
       21365           0
       21407           0
       21257           0
       21217           0
       21345           0
       21409           0
 Found        12569  events.
 Wrote         4210  events.
 Actual xsec    40372999.668957248     
 Correct abs xsec    40372999.668957248     
 Event xsec    40372999.668958411     
 Events wgts > 1:           72
 % Cross section > 1:    403189.38170834549       0.99866094918467430     
 Checking number of events   4170.1271358065942             4210  chi2:   0.65635754178840644     

 -------------------------------------------------------------------------------
 Accumulated results:   Integral =  0.4014E+08
                        Std dev  =  0.1525E+06
                       Cross sec =  0.8488E+01
             Chi**2 per DoF.     =
-------------------------------------------------
---------------------------
 Results Last   3 iters: Integral =   0.4037E+08
                     Abs integral =   0.4037E+08
                          Std dev =   0.1610E+06
                  Chi**2 per DoF. =      0.6564
-------------------------------------------------
---------------------------
 Status -1.03289999999999995E-004           8           9
 We found enough events        4210   4170.1271358065942     
=======
 Added good helicity            1   1.1760106312357572       in event            1
 Added good helicity            2   1.1923443257949491       in event            1
 Added good helicity           13   6.0700169731949325       in event            1
 Added good helicity           14   7.5616219858994773       in event            1
 Added good helicity           15  2.78250411969526058E-006  in event            1
 Added good helicity           18  2.78250411969526058E-006  in event            1
 Added good helicity           19   7.5616219858994773       in event            1
 Added good helicity           20   6.0700169731949334       in event            1
 Added good helicity           31   1.1923443257949491       in event            1
 Added good helicity           32   1.1760106312357579       in event            1
 Added good helicity            3  3.74832479196784757E-003  in event            2
 Added good helicity            4  3.88333589181674460E-004  in event            2
 Added good helicity            5  1.30874291499531855E-003  in event            2
 Added good helicity            7  6.25943471918492572E-004  in event            2
 Added good helicity           10   6.5863707825773901       in event            2
 Added good helicity           11  1.34005322032323959E-002  in event            2
 Added good helicity           12   7.6446367971183005       in event            2
 Added good helicity           21   7.6446367971183005       in event            2
 Added good helicity           22  1.34005322032324480E-002  in event            2
 Added good helicity           23   6.5863707825773901       in event            2
 Added good helicity           26  6.25943471918492681E-004  in event            2
 Added good helicity           28  1.30874291499531855E-003  in event            2
 Added good helicity           29  3.88333589181674460E-004  in event            2
 Added good helicity           30  3.74832479196784757E-003  in event            2
 Added good helicity            6  2.23089339523097210E-004  in event            3
 Added good helicity           27  2.23089339523097210E-004  in event            3
 Iteration  1   Mean: 0.1096E+09 Abs mean: 0.1096E+09   Fluctuation:  0.923E+07   0.813E+10    99.6%
  1    0.1096E+09 0.1096E+09 +- 0.9230E+07      2.66
 Writing out events   12230.317791408626        2.6622049712192259     
 Relative summed weights:
  0.2203E+00  0.0000E+00
  0.1530E+00  0.0000E+00
  0.1264E+00  0.0000E+00
  0.1420E+00  0.0000E+00
  0.1770E+00  0.0000E+00
  0.1812E+00  0.0000E+00
 Relative number of events:
  0.1800E+00  0.0000E+00
  0.1700E+00  0.0000E+00
  0.1550E+00  0.0000E+00
  0.1670E+00  0.0000E+00
  0.1680E+00  0.0000E+00
  0.1600E+00  0.0000E+00
 Events:
         180           0
         170           0
         155           0
         167           0
         168           0
         160           0
 Iteration  2   Mean: 0.1432E+09 Abs mean: 0.1432E+09   Fluctuation:  0.161E+08   0.216E+11    99.6%
  2    0.1432E+09 0.1432E+09 +- 0.1607E+08      5.02
 Relative summed weights:
  0.1319E+00  0.0000E+00
  0.1996E+00  0.0000E+00
  0.1471E+00  0.0000E+00
  0.2095E+00  0.0000E+00
  0.1178E+00  0.0000E+00
  0.1941E+00  0.0000E+00
 Relative number of events:
  0.1720E+00  0.0000E+00
  0.1620E+00  0.0000E+00
  0.1680E+00  0.0000E+00
  0.1700E+00  0.0000E+00
  0.1700E+00  0.0000E+00
  0.1580E+00  0.0000E+00
 Events:
         344           0
         324           0
         336           0
         340           0
         340           0
         316           0
 Iteration  3   Mean: 0.1129E+09 Abs mean: 0.1129E+09   Fluctuation:  0.647E+07   0.220E+11    99.5%
  3    0.1129E+09 0.1129E+09 +- 0.6473E+07      3.63
 Relative summed weights:
  0.1833E+00  0.0000E+00
  0.2030E+00  0.0000E+00
  0.1359E+00  0.0000E+00
  0.1695E+00  0.0000E+00
  0.1526E+00  0.0000E+00
  0.1557E+00  0.0000E+00
 Relative number of events:
  0.1765E+00  0.0000E+00
  0.1675E+00  0.0000E+00
  0.1515E+00  0.0000E+00
  0.1620E+00  0.0000E+00
  0.1730E+00  0.0000E+00
  0.1695E+00  0.0000E+00
 Events:
         706           0
         670           0
         606           0
         648           0
         692           0
         678           0
 Found          282  events.
 Wrote           20  events.
 Actual xsec    116606075.61668679     
 Correct abs xsec    116606075.61668679     
 Event xsec    116606075.61668685     
 Events wgts > 1:            1
 % Cross section > 1:   0.33698229026049376       2.88992051639091518E-007
 Checking number of events   49850.263386889768               20  chi2:    1.8181397053675015     
 Found          282  events.
 Wrote           29  events.
 Actual xsec    116606075.61668679     
 Correct abs xsec    116606075.61668679     
 Event xsec    116606075.61668682     
 Events wgts > 1:            1
 % Cross section > 1:   0.23240157961845398       1.99304863309537817E-007
 Iteration  4   Mean: 0.1243E+09 Abs mean: 0.1243E+09   Fluctuation:  0.899E+07   0.564E+11    99.4%
  4    0.1243E+09 0.1243E+09 +- 0.8993E+07      6.47
 Relative summed weights:
  0.1373E+00  0.0000E+00
  0.2118E+00  0.0000E+00
  0.1475E+00  0.0000E+00
  0.2045E+00  0.0000E+00
  0.1437E+00  0.0000E+00
  0.1552E+00  0.0000E+00
 Relative number of events:
  0.1605E+00  0.0000E+00
  0.1720E+00  0.0000E+00
  0.1689E+00  0.0000E+00
  0.1703E+00  0.0000E+00
  0.1621E+00  0.0000E+00
  0.1663E+00  0.0000E+00
 Events:
        1284           0
        1376           0
        1351           0
        1362           0
        1297           0
        1330           0
 Found          684  events.
 Wrote           20  events.
 Actual xsec    120881196.76913078     
 Correct abs xsec    120881196.76913078     
 Event xsec    120881196.76913083     
 Events wgts > 1:            0
 % Cross section > 1:    0.0000000000000000        0.0000000000000000     
 Checking number of events   51677.920430771097               20  chi2:    1.7972149022958508     
 Found          684  events.
 Wrote           17  events.
 Actual xsec    120881196.76913078     
 Correct abs xsec    120881196.76913078     
 Event xsec    120881196.76913081     
 Events wgts > 1:            0
 % Cross section > 1:    0.0000000000000000        0.0000000000000000     
 Iteration  5   Mean: 0.1280E+09 Abs mean: 0.1280E+09   Fluctuation:  0.105E+08   0.147E+12    99.3%
  5    0.1280E+09 0.1280E+09 +- 0.1046E+08     10.33
 Relative summed weights:
  0.1413E+00  0.0000E+00
  0.1491E+00  0.0000E+00
  0.1666E+00  0.0000E+00
  0.2186E+00  0.0000E+00
  0.1504E+00  0.0000E+00
  0.1740E+00  0.0000E+00
 Relative number of events:
  0.1681E+00  0.0000E+00
  0.1661E+00  0.0000E+00
  0.1683E+00  0.0000E+00
  0.1636E+00  0.0000E+00
  0.1718E+00  0.0000E+00
  0.1622E+00  0.0000E+00
 Events:
        2689           0
        2657           0
        2692           0
        2618           0
        2749           0
        2595           0
 Found         1351  events.
 Wrote           12  events.
 Actual xsec    119795574.53180683     
 Correct abs xsec    119795574.53180683     
 Event xsec    119795574.53180689     
 Events wgts > 1:            1
 % Cross section > 1:   0.72885521687567234       6.08415811455667875E-007
 Checking number of events   51213.806068092730               12  chi2:    1.0037404675169468     
 Found         1351  events.
 Wrote           17  events.
 Actual xsec    119795574.53180683     
 Correct abs xsec    119795574.53180683     
 Event xsec    119795574.53180683     
 Events wgts > 1:            1
 % Cross section > 1:   0.51448603812605143       4.29469986797759925E-007
 Iteration  6   Mean: 0.1149E+09 Abs mean: 0.1149E+09   Fluctuation:  0.209E+07   0.252E+11    99.4%
  6    0.1149E+09 0.1149E+09 +- 0.2085E+07      3.25
 Relative summed weights:
  0.1695E+00  0.0000E+00
  0.1704E+00  0.0000E+00
  0.1551E+00  0.0000E+00
  0.1679E+00  0.0000E+00
  0.1642E+00  0.0000E+00
  0.1730E+00  0.0000E+00
 Relative number of events:
  0.1695E+00  0.0000E+00
  0.1674E+00  0.0000E+00
  0.1668E+00  0.0000E+00
  0.1685E+00  0.0000E+00
  0.1639E+00  0.0000E+00
  0.1638E+00  0.0000E+00
 Events:
        5425           0
        5357           0
        5339           0
        5392           0
        5245           0
        5242           0
 Found         2587  events.
 Wrote          246  events.
 Actual xsec    116020196.37404987     
 Correct abs xsec    116020196.37404987     
 Event xsec    116020196.37404957     
 Events wgts > 1:            5
 % Cross section > 1:    912120.02197969402       0.78617348572572254     
 Checking number of events   49599.794151870061              246  chi2:    1.2275935037771100     
 Found         2587  events.
 Wrote          275  events.
 Actual xsec    116020196.37404987     
 Correct abs xsec    116020196.37404987     
 Event xsec    116020196.37405002     
 Events wgts > 1:            5
 % Cross section > 1:    816609.83468023641       0.70385145017982897     
 Iteration  7   Mean: 0.1283E+09 Abs mean: 0.1283E+09   Fluctuation:  0.561E+07   0.217E+12    99.4%
  7    0.1283E+09 0.1283E+09 +- 0.5610E+07     11.06
 Relative summed weights:
  0.1510E+00  0.0000E+00
  0.1731E+00  0.0000E+00
  0.1737E+00  0.0000E+00
  0.1625E+00  0.0000E+00
  0.1738E+00  0.0000E+00
  0.1659E+00  0.0000E+00
 Relative number of events:
  0.1647E+00  0.0000E+00
  0.1652E+00  0.0000E+00
  0.1690E+00  0.0000E+00
  0.1673E+00  0.0000E+00
  0.1670E+00  0.0000E+00
  0.1668E+00  0.0000E+00
 Events:
       10539           0
       10575           0
       10816           0
       10709           0
       10686           0
       10675           0
 Found         5705  events.
 Wrote           33  events.
 Actual xsec    117331471.36476821     
 Correct abs xsec    117331471.36476821     
 Event xsec    117331471.36476816     
 Events wgts > 1:            1
 % Cross section > 1:    115403.31004883070       9.83566546183137352E-002
 Checking number of events   50160.377323152054               33  chi2:    3.1270331122678856     
 Found         5705  events.
 Wrote           38  events.
 Actual xsec    117331471.36476821     
 Correct abs xsec    117331471.36476821     
 Event xsec    117331471.36476809     
 Events wgts > 1:            1
 % Cross section > 1:    100231.63563236315       8.54260450896044687E-002
 Iteration  8   Mean: 0.1269E+09 Abs mean: 0.1269E+09   Fluctuation:  0.496E+07   0.508E+12    99.4%
  8    0.1269E+09 0.1269E+09 +- 0.4959E+07     13.98
 Relative summed weights:
  0.1581E+00  0.0000E+00
  0.2087E+00  0.0000E+00
  0.1501E+00  0.0000E+00
  0.1635E+00  0.0000E+00
  0.1577E+00  0.0000E+00
  0.1618E+00  0.0000E+00
 Relative number of events:
  0.1653E+00  0.0000E+00
  0.1668E+00  0.0000E+00
  0.1668E+00  0.0000E+00
  0.1643E+00  0.0000E+00
  0.1691E+00  0.0000E+00
  0.1678E+00  0.0000E+00
 Events:
       21154           0
       21348           0
       21351           0
       21029           0
       21641           0
       21477           0
 Found        10426  events.
 Wrote           35  events.
 Actual xsec    118445277.02099687     
 Correct abs xsec    118445277.02099687     
 Event xsec    118445277.02099705     
 Events wgts > 1:            0
 % Cross section > 1:    0.0000000000000000        0.0000000000000000     
 Checking number of events   50636.540379246369               35  chi2:    4.4664917598354217     
 Found        10426  events.
 Wrote           31  events.
 Actual xsec    118445277.02099687     
 Correct abs xsec    118445277.02099687     
 Event xsec    118445277.02099693     
 Events wgts > 1:            0
 % Cross section > 1:    0.0000000000000000        0.0000000000000000     
 Iteration  9   Mean: 0.1236E+09 Abs mean: 0.1236E+09   Fluctuation:  0.237E+07   0.408E+12    99.4%
  9    0.1236E+09 0.1236E+09 +- 0.2369E+07      9.70
 Relative summed weights:
  0.1711E+00  0.0000E+00
  0.1607E+00  0.0000E+00
  0.1748E+00  0.0000E+00
  0.1620E+00  0.0000E+00
  0.1650E+00  0.0000E+00
  0.1664E+00  0.0000E+00
 Relative number of events:
  0.1661E+00  0.0000E+00
  0.1668E+00  0.0000E+00
  0.1675E+00  0.0000E+00
  0.1664E+00  0.0000E+00
  0.1671E+00  0.0000E+00
  0.1661E+00  0.0000E+00
 Events:
       42530           0
       42688           0
       42881           0
       42594           0
       42785           0
       42522           0
 Found        20984  events.
 Wrote          106  events.
 Actual xsec    124821070.44073446     
 Correct abs xsec    124821070.44073446     
 Event xsec    124821070.44073436     
 Events wgts > 1:            2
 % Cross section > 1:    515223.27857708372       0.41276947614522680     
 Checking number of events   53362.255824118387              106  chi2:   0.41480284963223801     
 Found        20984  events.
 Wrote          109  events.
 Actual xsec    124821070.44073446     
 Correct abs xsec    124821070.44073446     
 Event xsec    124821070.44073452     
 Events wgts > 1:            2
 % Cross section > 1:    501099.74944590055       0.40145445610789282     

 -------------------------------------------------------------------------------
 Accumulated results:   Integral =  0.1205E+09
                        Std dev  =  0.1364E+07
                       Cross sec =  0.1205E+09
             Chi**2 per DoF.     =      2.3053
 -------------------------------------------------------------------------------
-------------------------------------------------
---------------------------
 Results Last   3 iters: Integral =   0.1248E+09
                     Abs integral =   0.1248E+09
                          Std dev =   0.1998E+07
                  Chi**2 per DoF. =      0.4148
-------------------------------------------------
---------------------------
 Status -4.27509999999999978E-004          10           9
 Trying w/ fresh grid
 Starting w/ ncall =         4000
 Keeping grid fixed.
  5 dimensions   4000 events  5 invarients  8 iterations  1 config(s),  (0.99)
 Using h-tuple random number sequence.
 Error opening grid
 Using Uniform Grid!
 Using uniform alpha   1.0000000000000000     
 Grid defined OK
 Warning: No cutoff for shat integral found
          Minimum set to    204.08163265306121     
Setting grid   1    0.20408E+03   1
 Warning: No cutoff for shat integral found
          Minimum set to    204.08163265306121     
Setting grid   2    0.20408E+03   1
Warning xbin not returning correct x   2  0.999971E+00  0.991672E+00  0.2837E+03
Warning xbin not returning correct x   2  0.999952E+00  0.986469E+00  0.2837E+03
Warning xbin not returning correct x   2  0.999988E+00  0.996721E+00  0.2837E+03
Warning xbin not returning correct x   2  0.999994E+00  0.998397E+00  0.2837E+03
Warning xbin not returning correct x   2  0.999984E+00  0.995529E+00  0.2837E+03
Warning xbin still not working well. Last message this iteration.
 Iteration  1   Mean: 0.1004E+09 Abs mean: 0.1004E+09   Fluctuation:  0.752E+08   0.298E+12    99.2%
  1    0.1004E+09 0.1004E+09 +- 0.7522E+08     47.37
 Relative summed weights:
  0.3295E-01  0.0000E+00
  0.2308E-01  0.0000E+00
  0.2694E-01  0.0000E+00
  0.8740E+00  0.0000E+00
  0.2985E-01  0.0000E+00
  0.1314E-01  0.0000E+00
 Relative number of events:
  0.1635E+00  0.0000E+00
  0.1643E+00  0.0000E+00
  0.1640E+00  0.0000E+00
  0.1685E+00  0.0000E+00
  0.1673E+00  0.0000E+00
  0.1725E+00  0.0000E+00
 Events:
         654           0
         657           0
         656           0
         674           0
         669           0
         690           0
Warning xbin not returning correct x   1  0.991326E+00  0.999870E+00  0.1524E-01
Warning xbin not returning correct x   1  0.989558E+00  0.999843E+00  0.1524E-01
Warning xbin not returning correct x   1  0.985511E+00  0.999783E+00  0.1524E-01
Warning xbin not returning correct x   1  0.988677E+00  0.999830E+00  0.1524E-01
Warning xbin not returning correct x   1  0.995028E+00  0.999925E+00  0.1524E-01
Warning xbin still not working well. Last message this iteration.
 Iteration  2   Mean: 0.2534E+07 Abs mean: 0.2534E+07   Fluctuation:  0.171E+06   0.531E+09    97.8%
  2    0.2534E+07 0.2534E+07 +- 0.1710E+06      6.03
 Relative summed weights:
  0.1981E+00  0.0000E+00
  0.1532E+00  0.0000E+00
  0.1523E+00  0.0000E+00
  0.1983E+00  0.0000E+00
  0.1680E+00  0.0000E+00
  0.1302E+00  0.0000E+00
 Relative number of events:
  0.1643E+00  0.0000E+00
  0.1725E+00  0.0000E+00
  0.1685E+00  0.0000E+00
  0.1698E+00  0.0000E+00
  0.1619E+00  0.0000E+00
  0.1631E+00  0.0000E+00
 Events:
        1314           0
        1380           0
        1348           0
        1358           0
        1295           0
        1305           0
 Iteration  3   Mean: 0.3229E+08 Abs mean: 0.3229E+08   Fluctuation:  0.581E+07   0.540E+11   100.0%
  3    0.3229E+08 0.3229E+08 +- 0.5805E+07     22.74
 Relative summed weights:
  0.8947E-01  0.0000E+00
  0.1703E+00  0.0000E+00
  0.9253E-01  0.0000E+00
  0.2489E+00  0.0000E+00
  0.2074E+00  0.0000E+00
  0.1914E+00  0.0000E+00
 Relative number of events:
  0.1626E+00  0.0000E+00
  0.1686E+00  0.0000E+00
  0.1663E+00  0.0000E+00
  0.1686E+00  0.0000E+00
  0.1639E+00  0.0000E+00
  0.1700E+00  0.0000E+00
 Events:
        2602           0
        2697           0
        2661           0
        2697           0
        2623           0
        2720           0
 Found         1872  events.
 Wrote            6  events.
 Actual xsec    6873559.5538795209     
 Correct abs xsec    6873559.5538795209     
 Event xsec    6873559.5538795199     
 Events wgts > 1:            1
 % Cross section > 1:   6.17099397350102663E-002  8.97787227291577586E-007
 Checking number of events   2938.5154448790340                6  chi2:    332.41529442183383     
 Found         1872  events.
 Wrote            8  events.
 Actual xsec    6873559.5538795209     
 Correct abs xsec    6873559.5538795209     
 Event xsec    6873559.5538795199     
 Events wgts > 1:            1
 % Cross section > 1:   4.62824548594653606E-002  6.73340421315517402E-007
 Iteration  4   Mean: 0.5214E+08 Abs mean: 0.5214E+08   Fluctuation:  0.109E+08   0.265E+12    99.9%
  4    0.5214E+08 0.5214E+08 +- 0.1085E+08     37.23
 Relative summed weights:
  0.1102E+00  0.0000E+00
  0.1209E+00  0.0000E+00
  0.1413E+00  0.0000E+00
  0.9812E-01  0.0000E+00
  0.1862E+00  0.0000E+00
  0.3433E+00  0.0000E+00
 Relative number of events:
  0.1664E+00  0.0000E+00
  0.1664E+00  0.0000E+00
  0.1664E+00  0.0000E+00
  0.1686E+00  0.0000E+00
  0.1665E+00  0.0000E+00
  0.1656E+00  0.0000E+00
 Events:
        5325           0
        5326           0
        5326           0
        5396           0
        5327           0
        5300           0
 Found         1374  events.
 Wrote            4  events.
 Actual xsec    10082806.813121354     
 Correct abs xsec    10082806.813121354     
 Event xsec    10082806.813121352     
 Events wgts > 1:            1
 % Cross section > 1:   6.68581211939454079E-002  6.63090371888698458E-007
 Checking number of events   4310.5007406775103                4  chi2:    989.44040160597319     
 Found         1374  events.
 Wrote            6  events.
 Actual xsec    10082806.813121354     
 Correct abs xsec    10082806.813121354     
 Event xsec    10082806.813121356     
 Events wgts > 1:            1
 % Cross section > 1:   4.45720807183533907E-002  4.42060247156070610E-007
 Iteration  5   Mean: 0.7310E+08 Abs mean: 0.7310E+08   Fluctuation:  0.543E+07   0.156E+12    98.6%
  5    0.7310E+08 0.7310E+08 +- 0.5435E+07     18.81
 Relative summed weights:
  0.1551E+00  0.0000E+00
  0.1399E+00  0.0000E+00
  0.1893E+00  0.0000E+00
  0.2119E+00  0.0000E+00
  0.1586E+00  0.0000E+00
  0.1451E+00  0.0000E+00
 Relative number of events:
  0.1665E+00  0.0000E+00
  0.1673E+00  0.0000E+00
  0.1665E+00  0.0000E+00
  0.1668E+00  0.0000E+00
  0.1678E+00  0.0000E+00
  0.1651E+00  0.0000E+00
 Events:
       10659           0
       10707           0
       10654           0
       10677           0
       10738           0
       10565           0
 Found         3878  events.
 Wrote           45  events.
 Actual xsec    65669358.715312742     
 Correct abs xsec    65669358.715312742     
 Event xsec    65669358.715312779     
 Events wgts > 1:            2
 % Cross section > 1:    459802.24400371942       0.70017775869722743     
 Checking number of events   28074.307544383348               45  chi2:    18.239012575063111     
 Found         3878  events.
 Wrote           52  events.
 Actual xsec    65669358.715312742     
 Correct abs xsec    65669358.715312742     
 Event xsec    65669358.715312779     
 Events wgts > 1:            2
 % Cross section > 1:    398281.18681110116       0.60649471017025480     
 Fixing grid
 Iteration  6   Mean: 0.1148E+09 Abs mean: 0.1148E+09   Fluctuation:  0.158E+08   0.174E+13    99.6%
  6    0.1148E+09 0.1148E+09 +- 0.1584E+08     49.39
 Relative summed weights:
  0.1813E+00  0.0000E+00
  0.1435E+00  0.0000E+00
  0.1065E+00  0.0000E+00
  0.3155E+00  0.0000E+00
  0.1228E+00  0.0000E+00
  0.1305E+00  0.0000E+00
 Relative number of events:
  0.1644E+00  0.0000E+00
  0.1674E+00  0.0000E+00
  0.1660E+00  0.0000E+00
  0.1656E+00  0.0000E+00
  0.1686E+00  0.0000E+00
  0.1681E+00  0.0000E+00
 Events:
       21047           0
       21422           0
       21251           0
       21191           0
       21577           0
       21512           0
 Found         9449  events.
 Wrote           10  events.
 Actual xsec    79740804.416293338     
 Correct abs xsec    79740804.416293338     
 Event xsec    79740804.416293353     
 Events wgts > 1:            1
 % Cross section > 1:    1.4118527583777905       1.77055244013729588E-006
 Checking number of events   34089.991296009561               10  chi2:    6.4236412866572703     
 Found         9449  events.
 Wrote            7  events.
 Actual xsec    79740804.416293338     
 Correct abs xsec    79740804.416293338     
 Event xsec    79740804.416293338     
 Events wgts > 1:            1
 % Cross section > 1:    2.0169324949383736       2.52936060741099840E-006
 Iteration  7   Mean: 0.1155E+09 Abs mean: 0.1155E+09   Fluctuation:  0.152E+08   0.368E+13    99.6%
  7    0.1155E+09 0.1155E+09 +- 0.1518E+08     66.50
 Relative summed weights:
  0.2917E+00  0.0000E+00
  0.1379E+00  0.0000E+00
  0.1586E+00  0.0000E+00
  0.1372E+00  0.0000E+00
  0.1355E+00  0.0000E+00
  0.1390E+00  0.0000E+00
 Relative number of events:
  0.1666E+00  0.0000E+00
  0.1668E+00  0.0000E+00
  0.1665E+00  0.0000E+00
  0.1655E+00  0.0000E+00
  0.1669E+00  0.0000E+00
  0.1677E+00  0.0000E+00
 Events:
       42656           0
       42705           0
       42620           0
       42367           0
       42730           0
       42922           0
 Found        13014  events.
 Wrote            9  events.
 Actual xsec    89030417.139377579     
 Correct abs xsec    89030417.139377579     
 Event xsec    89030417.139377564     
 Events wgts > 1:            0
 % Cross section > 1:    0.0000000000000000        0.0000000000000000     
 Checking number of events   38061.393631255305                9  chi2:    7.1303737374177292     
 Found        13014  events.
 Wrote            7  events.
 Actual xsec    89030417.139377579     
 Correct abs xsec    89030417.139377579     
 Event xsec    89030417.139377579     
 Events wgts > 1:            0
 % Cross section > 1:    0.0000000000000000        0.0000000000000000     
 Iteration  8   Mean: 0.2244E+09 Abs mean: 0.2244E+09   Fluctuation:  0.126E+09   0.643E+14    99.6%
  8    0.2244E+09 0.2244E+09 +- 0.1257E+09    400.80
 Relative summed weights:
  0.6570E+00  0.0000E+00
  0.6515E-01  0.0000E+00
  0.7787E-01  0.0000E+00
  0.6358E-01  0.0000E+00
  0.6899E-01  0.0000E+00
  0.6739E-01  0.0000E+00
 Relative number of events:
  0.1670E+00  0.0000E+00
  0.1679E+00  0.0000E+00
  0.1659E+00  0.0000E+00
  0.1657E+00  0.0000E+00
  0.1666E+00  0.0000E+00
  0.1670E+00  0.0000E+00
 Events:
       85491           0
       85956           0
       84929           0
       84814           0
       85288           0
       85522           0
 Found        26146  events.
 Wrote            1  events.
 Actual xsec    123578417.79601738     
 Correct abs xsec    123578417.79601738     
 Event xsec    123578417.79601738     
 Events wgts > 1:            0
 % Cross section > 1:    0.0000000000000000        0.0000000000000000     
 Checking number of events   50533.595548256097                1  chi2:   0.39669854804495230     
 Found        26146  events.
 Wrote            2  events.
 Actual xsec    123578417.79601738     
 Correct abs xsec    123578417.79601738     
 Event xsec    123578417.79601738     
 Events wgts > 1:            0
 % Cross section > 1:    0.0000000000000000        0.0000000000000000     

 -------------------------------------------------------------------------------
 Accumulated results:   Integral =  0.5191E+08
                        Std dev  =  0.2174E+07
                       Cross sec =  0.5191E+08
             Chi**2 per DoF.     =     61.9937
 -------------------------------------------------------------------------------
-------------------------------------------------
---------------------------
 Results Last   3 iters: Integral =   0.1182E+09
                     Abs integral =   0.1182E+09
                         Std dev =   0.1109E+08
                 Chi**2 per DoF. =      0.3967
-------------------------------------------------
---------------------------
>>>>>>> 911b5ec345c81b054214c521136984e9d6306827

ls status:
events.lhe
ftn25
ftn26
input_sg.txt
<<<<<<< HEAD
=======
log.txt
>>>>>>> 911b5ec345c81b054214c521136984e9d6306827
moffset.dat
results.dat
run_01_ftn26.gz
run_01_log.txt
run_01_results.dat
run_02_ftn26.gz
run_02_log.txt
run_02_results.dat
<<<<<<< HEAD
run_03_ftn26.gz
run_03_log.txt
run_03_results.dat
run_08_ftn26.gz
run_08_log.txt
run_08_results.dat
run_09_log.txt
run_09_results.dat
run_10_ftn26.gz
run_10_log.txt
run_10_results.dat
run_11_ftn26.gz
run_11_log.txt
run_11_results.dat
=======
>>>>>>> 911b5ec345c81b054214c521136984e9d6306827
run1_app.log
