 Process in group number            1
 No PDF is used, alpha_s(MZ) from param_card is used
 Value of alpha_s from param_card:   0.11800000071525575     
 The default order of alpha_s running is fixed to            2
 Warning: pt or E min of a gamma should in general be >0
 *****************************************************
 *               MadGraph/MadEvent                   *
 *        --------------------------------           *
 *          http://madgraph.hep.uiuc.edu             *
 *          http://madgraph.phys.ucl.ac.be           *
 *          http://madgraph.roma2.infn.it            *
 *        --------------------------------           *
 *                                                   *
 *          PARAMETER AND COUPLING VALUES            *
 *                                                   *
 *****************************************************

  External Params
  ---------------------------------
  
 mdl_MB =    4.6999998092651367     
 mdl_MT =    173.00000000000000     
 mdl_MTA =    1.7769999504089355     
 mdl_MZ =    91.188003540039063     
 mdl_MH =    125.00000000000000     
 aEWM1 =    132.50700378417969     
 mdl_Gf =   1.16639000000000003E-005
 aS =   0.11800000071525575     
 mdl_ymb =    4.6999998092651367     
 mdl_ymt =    173.00000000000000     
 mdl_ymtau =    1.7769999504089355     
 mdl_WT =    1.4915000200271606     
 mdl_WZ =    2.4414041042327881     
 mdl_WW =    2.0476000308990479     
 mdl_WH =   6.38233916833996773E-003
  Internal Params
  ---------------------------------
  
 mdl_conjg__CKM3x3 =    1.0000000000000000     
 mdl_CKM3x3 =    1.0000000000000000     
 mdl_conjg__CKM1x1 =    1.0000000000000000     
 mdl_complexi =  (  0.0000000000000000     ,  1.0000000000000000     )
 mdl_MZ__exp__2 =    8315.2519896181766     
 mdl_MZ__exp__4 =    69143415.650849044     
 mdl_sqrt__2 =    1.4142135623730951     
 mdl_MH__exp__2 =    15625.000000000000     
 mdl_aEW =   7.54677089845565054E-003
 mdl_MW =    80.419007276179556     
 mdl_sqrt__aEW =   8.68721526063194194E-002
 mdl_ee =   0.30795376284704501     
 mdl_MW__exp__2 =    6467.2167312862202     
 mdl_sw2 =   0.22224645274001076     
 mdl_cw =   0.88190336616887299     
 mdl_sqrt__sw2 =   0.47143022043565552     
 mdl_sw =   0.47143022043565552     
 mdl_g1 =   0.34919218438279087     
 mdl_gw =   0.65323296958447097     
 mdl_vev =    246.21845810181631     
 mdl_vev__exp__2 =    60623.529110035874     
 mdl_lam =   0.12886910601690271     
 mdl_yb =   2.69955531549349904E-002
 mdl_yt =   0.99366614581500645     
 mdl_ytau =   1.02066167158167895E-002
 mdl_muH =    88.388347648318444     
 mdl_I1x33 =  ( 2.69955531549349904E-002,  0.0000000000000000     )
 mdl_I2x33 =  ( 0.99366614581500645     ,  0.0000000000000000     )
 mdl_I3x33 =  ( 0.99366614581500645     ,  0.0000000000000000     )
 mdl_I4x33 =  ( 2.69955531549349904E-002,  0.0000000000000000     )
 mdl_ee__exp__2 =   9.48355200516540348E-002
 mdl_sw__exp__2 =   0.22224645274001076     
 mdl_cw__exp__2 =   0.77775354725998924     
  Internal Params evaluated point by point
  ----------------------------------------
  
 mdl_sqrt__aS =   0.34351128178744839     
 mdl_G__exp__2 =    1.4828317414825511     
  Couplings of sm
  ---------------------------------
  
         GC_3 =  -0.00000E+00  -0.30795E+00
        GC_50 =  -0.00000E+00  -0.28804E+00
        GC_59 =   0.00000E+00   0.82310E-01

 Collider parameters:
 --------------------

 Running at e e   machine @    10.000000000000000       GeV
 PDF set = none   
 alpha_s(Mz)= 0.1180 running at 2 loops.
 alpha_s(Mz)= 0.1180 running at 2 loops.
 Renormalization scale set on event-by-event basis
 Factorization   scale set on event-by-event basis


 getting user params
Enter number of events and max and min iterations: 
 Number of events and iterations         1000           9           3
Enter desired fractional accuracy: 
 Desired fractional accuracy:  -1.10059999999999990E-009
Enter 0 for fixed, 2 for adjustable grid: 
Suppress amplitude (0 no, 1 yes)? 
 Using suppressed amplitude.
Exact helicity sum (0 yes, n = number/event)? 
 Explicitly summing over helicities
Enter Configuration Number: 
Running Configuration Number:    5
 Not subdividing B.W.
 Attempting mappinvarients           1           5
 Completed mapping           5
 about to integrate            5        1000           9           3           5           1
 Keeping grid fixed.
  5 dimensions   1000 events  5 invarients  9 iterations  1 config(s),  (0.99)
 Using h-tuple random number sequence.
 Grid read from file
 Grid defined OK
 Set CM energy to         10.00
 Mapping Graph           5  to config           5
 Warning: No cutoff for shat integral found
          Minimum set to   1.00000000000000002E-002
 No modification is setgrid, grid read from file
 Warning: No cutoff for shat integral found
          Minimum set to   1.00000000000000002E-002
 No modification is setgrid, grid read from file
 Masses: 0.000E+00 0.000E+00 0.000E+00 0.000E+00 0.000E+00
   5   1   2   3   4   5
 Got moffset          15
Using random seed offsets     5 :      1
  with seed                   48
 Ranmar initialization seeds       30238       26697
  Particle       3       4       5
      Et >     0.0    -1.0    -1.0
       E >     0.0     0.0     0.0
     Eta <    -1.0    -1.0    -1.0
   xqcut:      0.0     0.0     0.0
d R # 3  >    -0.0     0.4     0.4
d R # 4  >    -0.0    -0.0     0.0
s min # 3>     0.0     0.0     0.0
s min # 4>     0.0     0.0     0.0
xqcutij # 3>     0.0     0.0     0.0
xqcutij # 4>     0.0     0.0     0.0
 alpha_s for scale    2.2360679775016647       is   0.28377211166407995     
 Added good helicity            1   6.8691603803611585       in event            1
 Added good helicity            5   1.1308396199165580       in event            1
 Added good helicity           10   6.8691603798689709       in event            1
 Added good helicity           14   1.1308396198527471       in event            1
 Added good helicity           19   1.1308396198529072       in event            1
 Added good helicity           23   6.8691603798699443       in event            1
 Added good helicity           28   1.1308396199165582       in event            1
 Added good helicity           32   6.8691603803611585       in event            1
 Iteration  1   Mean: 0.1079E+15 Abs mean: 0.1079E+15   Fluctuation:  0.999E+14   0.999E+17    98.9%
  1    0.1079E+15 0.1079E+15 +- 0.9990E+14     29.28
 Writing out events   12119000115.779974        29.281772247356258     
 Relative summed weights:
  0.1000E+01  0.0000E+00
 Relative number of events:
  0.1000E+01  0.0000E+00
 Events:
        1000           0
 Iteration  2   Mean: 0.3043E+14 Abs mean: 0.3043E+14   Fluctuation:  0.179E+14   0.260E+17    99.5%
  2    0.3043E+14 0.3043E+14 +- 0.1787E+14     26.27
 Relative summed weights:
  0.1000E+01  0.0000E+00
 Relative number of events:
  0.1000E+01  0.0000E+00
 Events:
        2000           0
 Iteration  3   Mean: 0.6676E+14 Abs mean: 0.6676E+14   Fluctuation:  0.255E+14   0.701E+17    98.8%
  3    0.6676E+14 0.6676E+14 +- 0.2549E+14     24.15
 Relative summed weights:
  0.1000E+01  0.0000E+00
 Relative number of events:
  0.1000E+01  0.0000E+00
 Events:
        4000           0
 Found           63  events.
 Wrote            5  events.
 Actual xsec    61506044192144.266     
 Correct abs xsec    61506044192144.266     
 Event xsec    61506044192144.266     
 Events wgts > 1:            0
 % Cross section > 1:    0.0000000000000000        0.0000000000000000     
 Checking number of events   67693.552237873970                5  chi2:    1.6402113225545893     
 Found           63  events.
 Wrote            3  events.
 Actual xsec    61506044192144.266     
 Correct abs xsec    61506044192144.266     
 Event xsec    61506044192144.273     
 Events wgts > 1:            0
 % Cross section > 1:    0.0000000000000000        0.0000000000000000     
 Iteration  4   Mean: 0.8121E+14 Abs mean: 0.8121E+14   Fluctuation:  0.682E+14   0.545E+18    99.0%
  4    0.8121E+14 0.8121E+14 +- 0.6822E+14     75.14
 Relative summed weights:
  0.1000E+01  0.0000E+00
 Relative number of events:
  0.1000E+01  0.0000E+00
 Events:
        8000           0
 Found           64  events.
 Wrote            1  events.
 Actual xsec    59163517321863.656     
 Correct abs xsec    59163517321863.656     
 Event xsec    59163517321863.648     
 Events wgts > 1:            1
 % Cross section > 1:    825933.75781250000       1.39601868719066053E-006
 Checking number of events   65115.367164443131                1  chi2:    1.3885321792068428     
 Found           64  events.
 Wrote            1  events.
 Actual xsec    59163517321863.656     
 Correct abs xsec    59163517321863.656     
 Event xsec    59163517321863.648     
 Events wgts > 1:            1
 % Cross section > 1:    825933.75781250000       1.39601868719066053E-006
 Iteration  5   Mean: 0.5435E+14 Abs mean: 0.5435E+14   Fluctuation:  0.247E+14   0.354E+18    99.1%
  5    0.5435E+14 0.5435E+14 +- 0.2467E+14     57.42
 Relative summed weights:
  0.1000E+01  0.0000E+00
 Relative number of events:
  0.1000E+01  0.0000E+00
 Events:
       16000           0
 Found          114  events.
 Wrote            1  events.
 Actual xsec    63730291021962.039     
 Correct abs xsec    63730291021962.039     
 Event xsec    63730291021962.039     
 Events wgts > 1:            0
 % Cross section > 1:    0.0000000000000000        0.0000000000000000     
 Checking number of events   70141.558298771415                1  chi2:   0.11209055623729150     
 Found          114  events.
 Wrote            3  events.
 Actual xsec    63730291021962.039     
 Correct abs xsec    63730291021962.039     
 Event xsec    63730291021962.031     
 Events wgts > 1:            0
 % Cross section > 1:    0.0000000000000000        0.0000000000000000     
 Iteration  6   Mean: 0.4225E+14 Abs mean: 0.4225E+14   Fluctuation:  0.143E+14   0.381E+18    99.1%
  6    0.4225E+14 0.4225E+14 +- 0.1425E+14     60.35
 Relative summed weights:
  0.1000E+01  0.0000E+00
 Relative number of events:
  0.1000E+01  0.0000E+00
 Events:
       32000           0
 Found          322  events.
 Wrote            4  events.
 Actual xsec    49814199875288.844     
 Correct abs xsec    49814199875288.844     
 Event xsec    49814199875288.852     
 Events wgts > 1:            1
 % Cross section > 1:    240654.65625000000       4.83104530138966872E-007
 Checking number of events   54825.508382742897                4  chi2:   0.26381723239618393     
 Found          322  events.
 Wrote            5  events.
 Actual xsec    49814199875288.844     
 Correct abs xsec    49814199875288.844     
 Event xsec    49814199875288.844     
 Events wgts > 1:            1
 % Cross section > 1:    192523.72656250000       3.86483627247829325E-007
 Iteration  7   Mean: 0.1874E+15 Abs mean: 0.1874E+15   Fluctuation:  0.134E+15   0.849E+19    99.0%
  7    0.1874E+15 0.1874E+15 +- 0.1338E+15    180.58
 Relative summed weights:
  0.1000E+01  0.0000E+00
 Relative number of events:
  0.1000E+01  0.0000E+00
 Events:
       64000           0
 Found          729  events.
 Wrote            1  events.
 Actual xsec    64272911725225.008     
 Correct abs xsec    64272911725225.008     
 Event xsec    64272911725225.016     
 Events wgts > 1:            0
 % Cross section > 1:    0.0000000000000000        0.0000000000000000     
 Checking number of events   70738.766644782634                1  chi2:    1.6989741452529790     
 Found          729  events.
 Wrote            1  events.
 Actual xsec    64272911725225.008     
 Correct abs xsec    64272911725225.008     
 Event xsec    64272911725225.016     
 Events wgts > 1:            0
 % Cross section > 1:    0.0000000000000000        0.0000000000000000     
 Iteration  8   Mean: 0.8507E+16 Abs mean: 0.8507E+16   Fluctuation:  0.842E+16   0.108E+22    99.0%
  8    0.8507E+16 0.8507E+16 +- 0.8423E+16    354.22
 Relative summed weights:
  0.1000E+01  0.0000E+00
 Relative number of events:
  0.1000E+01  0.0000E+00
 Events:
      128000           0
 Found          595  events.
 Wrote            1  events.
 Actual xsec    800123726496414.50     
 Correct abs xsec    800123726496414.50     
 Event xsec    800123726496414.50     
 Events wgts > 1:            1
 % Cross section > 1:    8857009.1250000000       1.10695494105431818E-006
 Checking number of events   880616.17338195373                1  chi2:    1424.9305490148904     
 Found          595  events.
 Wrote            1  events.
 Actual xsec    800123726496414.50     
 Correct abs xsec    800123726496414.50     
 Event xsec    800123726496414.50     
 Events wgts > 1:            1
 % Cross section > 1:    8857009.1250000000       1.10695494105431818E-006
 Iteration  9   Mean: 0.1646E+15 Abs mean: 0.1646E+15   Fluctuation:  0.744E+14   0.176E+20    99.0%
  9    0.1646E+15 0.1646E+15 +- 0.7444E+14    228.89
 Relative summed weights:
  0.1000E+01  0.0000E+00
 Relative number of events:
  0.1000E+01  0.0000E+00
 Events:
      256000           0
 Found           97  events.
 Wrote            4  events.
 Actual xsec    1251753954881359.8     
 Correct abs xsec    1251753954881359.8     
 Event xsec    1251753954881359.8     
 Events wgts > 1:            1
 % Cross section > 1:    4134767.5625000000       3.30317914824714065E-007
 Checking number of events   1377680.4027424245                4  chi2:    138.66671499806063     
 Found           97  events.
 Wrote            2  events.
 Actual xsec    1251753954881359.8     
 Correct abs xsec    1251753954881359.8     
 Event xsec    1251753954881360.0     
 Events wgts > 1:            1
 % Cross section > 1:    8269535.1250000000       6.60635829649428130E-007

 -------------------------------------------------------------------------------
 Accumulated results:   Integral =  0.3330E+15
                        Std dev  =  0.5724E+14
                       Cross sec =  0.3330E+15
             Chi**2 per DoF.     =     79.3020
 -------------------------------------------------------------------------------
-------------------------------------------------
---------------------------
 Results Last   3 iters: Integral =   0.1252E+16
                     Abs integral =   0.1252E+16
                          Std dev =   0.4462E+15
                  Chi**2 per DoF. =    138.6667
-------------------------------------------------
---------------------------
 Status -1.10059999999999990E-009          10           9
 Trying w/ fresh grid
 Starting w/ ncall =         4000
 Keeping grid fixed.
  5 dimensions   4000 events  5 invarients  8 iterations  1 config(s),  (0.99)
 Using h-tuple random number sequence.
 Error opening grid
 Using Uniform Grid!
 Using uniform alpha   1.0000000000000000     
 Grid defined OK
 Warning: No cutoff for shat integral found
          Minimum set to   1.00000000000000002E-002
Setting grid   1    0.10000E-01   1
 Warning: No cutoff for shat integral found
          Minimum set to   1.00000000000000002E-002
Setting grid   2    0.10000E-01   1
 Iteration  1   Mean: 0.1642E+06 Abs mean: 0.1642E+06   Fluctuation:  0.112E+06   0.406E+09    98.8%
  1    0.1642E+06 0.1642E+06 +- 0.1118E+06     43.07
 Relative summed weights:
  0.1000E+01  0.0000E+00
 Relative number of events:
  0.1000E+01  0.0000E+00
 Events:
        4000           0
 Iteration  2   Mean: 0.2422E+06 Abs mean: 0.2422E+06   Fluctuation:  0.170E+06   0.134E+10    99.0%
  2    0.2422E+06 0.2422E+06 +- 0.1700E+06     62.80
 Relative summed weights:
  0.1000E+01  0.0000E+00
 Relative number of events:
  0.1000E+01  0.0000E+00
 Events:
        8000           0
 Iteration  3   Mean: 0.9133E+06 Abs mean: 0.9133E+06   Fluctuation:  0.380E+06   0.560E+10    99.1%
  3    0.9133E+06 0.9133E+06 +- 0.3804E+06     52.69
 Relative summed weights:
  0.1000E+01  0.0000E+00
 Relative number of events:
  0.1000E+01  0.0000E+00
 Events:
       16000           0
 Found          509  events.
 Wrote            3  events.
 Actual xsec    614028.85802552744     
 Correct abs xsec    614028.85802552744     
 Event xsec    614028.85802552756     
 Events wgts > 1:            0
 % Cross section > 1:    0.0000000000000000        0.0000000000000000     
 Checking number of events  6.75800161142895415E-004           3  chi2:    10.799968176277233     
 Found          509  events.
 Wrote            3  events.
 Actual xsec    614028.85802552744     
 Correct abs xsec    614028.85802552744     
 Event xsec    614028.85802552756     
 Events wgts > 1:            0
 % Cross section > 1:    0.0000000000000000        0.0000000000000000     
 Iteration  4   Mean: 0.2725E+08 Abs mean: 0.2725E+08   Fluctuation:  0.176E+08   0.559E+12    99.2%
  4    0.2725E+08 0.2725E+08 +- 0.1762E+08    115.65
 Relative summed weights:
  0.1000E+01  0.0000E+00
 Relative number of events:
  0.1000E+01  0.0000E+00
 Events:
       32000           0
 Found         1757  events.
 Wrote            1  events.
 Actual xsec    6967619.6340478035     
 Correct abs xsec    6967619.6340478035     
 Event xsec    6967619.6340478035     
 Events wgts > 1:            1
 % Cross section > 1:   0.35742925293743610       5.12986172768144349E-006
 Checking number of events  7.66856216923301158E-003           1  chi2:    909.63725364113361     
 Found         1757  events.
 Wrote            3  events.
 Actual xsec    6967619.6340478035     
 Correct abs xsec    6967619.6340478035     
 Event xsec    6967619.6340478025     
 Events wgts > 1:            1
 % Cross section > 1:   0.11914308881387115       1.70995397383159931E-006
 Iteration  5   Mean: 0.2153E+10 Abs mean: 0.2153E+10   Fluctuation:  0.134E+10   0.825E+14    99.2%
  5    0.2153E+10 0.2153E+10 +- 0.1345E+10    158.02
 Relative summed weights:
  0.1000E+01  0.0000E+00
 Relative number of events:
  0.1000E+01  0.0000E+00
 Events:
       64000           0
 Found         2311  events.
 Wrote            2  events.
 Actual xsec    521392212.50041538     
 Correct abs xsec    521392212.50041538     
 Event xsec    521392212.50041538     
 Events wgts > 1:            0
 % Cross section > 1:    0.0000000000000000        0.0000000000000000     
 Checking number of events  0.57384426907795716                2  chi2:    936379.73943128949     
 Found         2311  events.
 Wrote            1  events.
 Actual xsec    521392212.50041538     
 Correct abs xsec    521392212.50041538     
 Event xsec    521392212.50041538     
 Events wgts > 1:            0
 % Cross section > 1:    0.0000000000000000        0.0000000000000000     
 Fixing grid
 Iteration  6   Mean: 0.9531E+10 Abs mean: 0.9531E+10   Fluctuation:  0.268E+10   0.222E+15    99.0%
  6    0.9531E+10 0.9531E+10 +- 0.2683E+10    100.72
 Relative summed weights:
  0.1000E+01  0.0000E+00
 Relative number of events:
  0.1000E+01  0.0000E+00
 Events:
      128000           0
 Found         2154  events.
 Wrote            7  events.
 Actual xsec    7160991071.1002350     
 Correct abs xsec    7160991071.1002350     
 Event xsec    7160991071.1002369     
 Events wgts > 1:            0
 % Cross section > 1:    0.0000000000000000        0.0000000000000000     
 Checking number of events   7.8813867728529177                7  chi2:    81972.010630934528     
 Found         2154  events.
 Wrote            8  events.
 Actual xsec    7160991071.1002350     
 Correct abs xsec    7160991071.1002350     
 Event xsec    7160991071.1002359     
 Events wgts > 1:            0
 % Cross section > 1:    0.0000000000000000        0.0000000000000000     
 Iteration  7   Mean: 0.1134E+11 Abs mean: 0.1134E+11   Fluctuation:  0.638E+10   0.162E+16    99.0%
  7    0.1134E+11 0.1134E+11 +- 0.6378E+10    284.65
 Relative summed weights:
  0.1000E+01  0.0000E+00
 Relative number of events:
  0.1000E+01  0.0000E+00
 Events:
      256000           0
 Found         1656  events.
 Wrote            3  events.
 Actual xsec    8810909144.5362816     
 Correct abs xsec    8810909144.5362816     
 Event xsec    8810909144.5362816     
 Events wgts > 1:            1
 % Cross section > 1:    137.94242095947266       1.56558669141438037E-006
 Checking number of events   9.6972866044766306                3  chi2:    12.366772034603180     
 Found         1656  events.
 Wrote            3  events.
 Actual xsec    8810909144.5362816     
 Correct abs xsec    8810909144.5362816     
 Event xsec    8810909144.5362816     
 Events wgts > 1:            1
 % Cross section > 1:    137.94242095947266       1.56558669141438037E-006
 Iteration  8   Mean: 0.7041E+11 Abs mean: 0.7041E+11   Fluctuation:  0.474E+11   0.238E+17    99.0%
  8    0.7041E+11 0.7041E+11 +- 0.4741E+11    481.80
 Relative summed weights:
  0.1000E+01  0.0000E+00
 Relative number of events:
  0.1000E+01  0.0000E+00
 Events:
      512000           0
 Found         2981  events.
 Wrote            2  events.
 Actual xsec    78454173719321.672     
 Correct abs xsec    78454173719321.672     
 Event xsec    78454173719321.672     
 Events wgts > 1:            1
 % Cross section > 1:    8474195.8437500000       1.08014595553161463E-005
 Checking number of events   19.056012992463156                2  chi2:    5.2744268115837842     
 Found         2981  events.
 Wrote            1  events.
 Actual xsec    78454173719321.672     
 Correct abs xsec    78454173719321.672     
 Event xsec    78454173719321.672     
 Events wgts > 1:            1
 % Cross section > 1:    16948389.859375000       2.16029167804503367E-005

 -------------------------------------------------------------------------------
 Accumulated results:   Integral =  0.9638E+10
                        Std dev  =  0.1681E+10
                       Cross sec =  0.9638E+10
             Chi**2 per DoF.     =     14.5230
 -------------------------------------------------------------------------------
-------------------------------------------------
---------------------------
 Results Last   3 iters: Integral =   0.1731E+11
                     Abs integral =   0.1731E+11
                         Std dev =   0.4083E+10
                 Chi**2 per DoF. =      5.2744
-------------------------------------------------
---------------------------

ls status:
events.lhe
ftn25
ftn26
input_sg.txt
log.txt
moffset.dat
results.dat
run1_app.log
