 No PDF is used, alpha_s(MZ) from param_card is used
 Value of alpha_s from param_card:   0.11800000071525575     
 The default order of alpha_s running is fixed to            2
 Results.dat xsec =    6425200000000.0000       abs xsec =    6425200000000.0000     
 Found            1  subprocesses
 SubProcess/Channel     kept   read   xsec 
P1_ll_all/G1/       0      25 0.000E+00
P1_ll_all/G2.2/       0      81 0.000E+00
P1_ll_all/G5/      62     143 0.643E+13
P1_ll_all/G6/      62     148 0.643E+13
P1_ll_all/G7/      62     162 0.643E+13
P1_ll_all/G8.2/      62     169 0.643E+13
P1_ll_all/G9/      62     182 0.643E+13
P1_ll_all/G10/      62     190 0.643E+13
P1_ll_all/G11/      62     193 0.643E+13
P1_ll_all/G12/      62     243 0.643E+13
P1_ll_all/G13/      62     254 0.643E+13
P1_ll_all/G14.2/      62     277 0.643E+13
P1_ll_all/G15/      62     302 0.643E+13
P1_ll_all/G16/      62     371 0.643E+13
 Iteration            1  too large truncation   0.99879611650485567               62
 Iteration            2  too large truncation   0.99843495145630956               62
 Iteration            3  too large truncation   0.99796543689320394               62
 Iteration            4  too large truncation   0.99735506796116447               62
 Iteration            5  too large truncation   0.99656158834951558               62
 Iteration            6  too large truncation   0.99553006485436746               62
 Iteration            7  too large truncation   0.99418908431067876               62
 Iteration            8  too large truncation   0.99244580960388273               62
 Iteration            9  too large truncation   0.99017955248504796               62
 Iteration           10  too large truncation   0.98723341823056165               62
 Iteration           11  too large truncation   0.98340344369973254               62
 Iteration           12  too large truncation   0.97842447680965028               62
 Iteration           13  too large truncation   0.97195181985254786               62
 Iteration           14  too large truncation   0.96353736580831162               62
 Iteration           15  too large truncation   0.95259857555080407               62
 Iteration           16  too large truncation   0.93837814821604604               62
 Iteration           17  too large truncation   0.91989159268085907               62
 Iteration           18  too large truncation   0.89585907048511759               62
 Iteration           19  too large truncation   0.86461679163065253               62
 Iteration           20  too large truncation   0.82400182911985043               62
 Unable to get        50000  events. Writing           62
 Unweighting selected           62  events.
Truncated 82.40% of cross section
