 Process in group number            1
 No PDF is used, alpha_s(MZ) from param_card is used
 Value of alpha_s from param_card:   0.11800000071525575     
 The default order of alpha_s running is fixed to            2
 *****************************************************
 *               MadGraph/MadEvent                   *
 *        --------------------------------           *
 *          http://madgraph.hep.uiuc.edu             *
 *          http://madgraph.phys.ucl.ac.be           *
 *          http://madgraph.roma2.infn.it            *
 *        --------------------------------           *
 *                                                   *
 *          PARAMETER AND COUPLING VALUES            *
 *                                                   *
 *****************************************************

  External Params
  ---------------------------------
  
 mdl_MB =    4.6999998092651367     
 mdl_MT =    173.00000000000000     
 mdl_MTA =    1.7769999504089355     
 mdl_MZ =    91.188003540039063     
 mdl_MH =    125.00000000000000     
 aEWM1 =    132.50700378417969     
 mdl_Gf =   1.16639000000000003E-005
 aS =   0.11800000071525575     
 mdl_ymb =    4.6999998092651367     
 mdl_ymt =    173.00000000000000     
 mdl_ymtau =    1.7769999504089355     
 mdl_WT =    1.4915000200271606     
 mdl_WZ =    2.4414041042327881     
 mdl_WW =    2.0476000308990479     
 mdl_WH =   6.38233916833996773E-003
  Internal Params
  ---------------------------------
  
 mdl_conjg__CKM3x3 =    1.0000000000000000     
 mdl_CKM3x3 =    1.0000000000000000     
 mdl_conjg__CKM1x1 =    1.0000000000000000     
 mdl_complexi =  (  0.0000000000000000     ,  1.0000000000000000     )
 mdl_MZ__exp__2 =    8315.2519896181766     
 mdl_MZ__exp__4 =    69143415.650849044     
 mdl_sqrt__2 =    1.4142135623730951     
 mdl_MH__exp__2 =    15625.000000000000     
 mdl_aEW =   7.54677089845565054E-003
 mdl_MW =    80.419007276179556     
 mdl_sqrt__aEW =   8.68721526063194194E-002
 mdl_ee =   0.30795376284704501     
 mdl_MW__exp__2 =    6467.2167312862202     
 mdl_sw2 =   0.22224645274001076     
 mdl_cw =   0.88190336616887299     
 mdl_sqrt__sw2 =   0.47143022043565552     
 mdl_sw =   0.47143022043565552     
 mdl_g1 =   0.34919218438279087     
 mdl_gw =   0.65323296958447097     
 mdl_vev =    246.21845810181631     
 mdl_vev__exp__2 =    60623.529110035874     
 mdl_lam =   0.12886910601690271     
 mdl_yb =   2.69955531549349904E-002
 mdl_yt =   0.99366614581500645     
 mdl_ytau =   1.02066167158167895E-002
 mdl_muH =    88.388347648318444     
 mdl_I1x33 =  ( 2.69955531549349904E-002,  0.0000000000000000     )
 mdl_I2x33 =  ( 0.99366614581500645     ,  0.0000000000000000     )
 mdl_I3x33 =  ( 0.99366614581500645     ,  0.0000000000000000     )
 mdl_I4x33 =  ( 2.69955531549349904E-002,  0.0000000000000000     )
 mdl_ee__exp__2 =   9.48355200516540348E-002
 mdl_sw__exp__2 =   0.22224645274001076     
 mdl_cw__exp__2 =   0.77775354725998924     
  Internal Params evaluated point by point
  ----------------------------------------
  
 mdl_sqrt__aS =   0.34351128178744839     
 mdl_G__exp__2 =    1.4828317414825511     
  Couplings of sm
  ---------------------------------
  
         GC_3 =  -0.00000E+00  -0.30795E+00
        GC_50 =  -0.00000E+00  -0.28804E+00
        GC_59 =   0.00000E+00   0.82310E-01

 Collider parameters:
 --------------------

 Running at e e   machine @    13000.000000000000       GeV
 PDF set = none   
 alpha_s(Mz)= 0.1180 running at 2 loops.
 alpha_s(Mz)= 0.1180 running at 2 loops.
 Renormalization scale set on event-by-event basis
 Factorization   scale set on event-by-event basis


 getting user params
Enter number of events and max and min iterations: 
 Number of events and iterations         2000           9           3
Enter desired fractional accuracy: 
 Desired fractional accuracy:   -249730.00000000000     
Enter 0 for fixed, 2 for adjustable grid: 
Suppress amplitude (0 no, 1 yes)? 
 Using suppressed amplitude.
Exact helicity sum (0 yes, n = number/event)? 
 Explicitly summing over helicities
Enter Configuration Number: 
Running Configuration Number:   15
 Not subdividing B.W.
 Attempting mappinvarients           1           5
 Completed mapping           5
 about to integrate            5        2000           9           3           5           1
 Using non-zero grid deformation.
  5 dimensions   2000 events  5 invarients  9 iterations  1 config(s),  (0.99)
 Using h-tuple random number sequence.
 Error opening grid
 Using Uniform Grid!
 Using uniform alpha   1.0000000000000000     
 Grid defined OK
 Set CM energy to      13000.00
 Mapping Graph          15  to config          15
Setting grid   1    0.75740E-07   1
Setting grid   2    0.59172E-06   1
 Masses: 0.000E+00 0.000E+00 0.000E+00 0.000E+00 0.000E+00
  15   1   2   3   4   5
 Got moffset           4
Using random seed offsets    15 :      1
  with seed                   36
 Ranmar initialization seeds       15620       22039
  Particle       3       4       5
      Et >    10.0    10.0    10.0
       E >     0.0     0.0     0.0
     Eta <     2.5     2.5     2.5
   xqcut:      0.0     0.0     0.0
d R # 3  >    -0.0     0.4     0.4
d R # 4  >    -0.0    -0.0     0.4
s min # 3>     0.0     0.0     0.0
s min # 4>     0.0     0.0     0.0
xqcutij # 3>     0.0     0.0     0.0
xqcutij # 4>     0.0     0.0     0.0
 alpha_s for scale    79.340427688359625       is   0.12053089787992866     
 Added good helicity            1   7.8472589191006712       in event            1
 Added good helicity            5  1.81126800156726463E-002  in event            1
 Added good helicity           10   7.0477628983578251       in event            1
 Added good helicity           11  3.40169690334938223E-005  in event            1
 Added good helicity           14  6.02208862259886388E-002  in event            1
 Added good helicity           15  8.45307374067040679E-002  in event            1
 Added good helicity           18  8.45377121501013074E-002  in event            1
 Added good helicity           19  7.61924961009018409E-002  in event            1
 Added good helicity           22  3.40141624797777638E-005  in event            1
 Added good helicity           23   8.9143334710834132       in event            1
 Added good helicity           28  1.81089547419338547E-002  in event            1
 Added good helicity           32   7.8488732136852715       in event            1
 Iteration  1   Mean: 0.3402E-02 Abs mean: 0.3402E-02   Fluctuation:  0.304E-03   0.241E+00    12.3%
  1    0.3402E-02 0.3402E-02 +- 0.3040E-03      4.00
 Writing out events  1.53924003894767697E-006   3.9968602600416046     
 Relative summed weights:
  0.1000E+01  0.0000E+00
 Relative number of events:
  0.1000E+01  0.0000E+00
 Events:
        2000           0
 Iteration  2   Mean: 0.3767E-02 Abs mean: 0.3767E-02   Fluctuation:  0.327E-03   0.100E+01    35.1%
  2    0.3767E-02 0.3767E-02 +- 0.3272E-03      5.49
 Relative summed weights:
  0.1000E+01  0.0000E+00
 Relative number of events:
  0.1000E+01  0.0000E+00
 Events:
        4000           0
 Iteration  3   Mean: 0.3745E-02 Abs mean: 0.3745E-02   Fluctuation:  0.998E-04   0.416E+00    32.0%
  3    0.3745E-02 0.3745E-02 +- 0.9979E-04      2.38
 Relative summed weights:
  0.1000E+01  0.0000E+00
 Relative number of events:
  0.1000E+01  0.0000E+00
 Events:
        8000           0
 Found         2101  events.
 Wrote          150  events.
 Actual xsec   3.72061107516419038E-003
 Correct abs xsec   3.72061107516419038E-003
 Event xsec   3.72061107516418388E-003
 Events wgts > 1:            2
 % Cross section > 1:   2.59857082047967910E-005  0.69842581446517060     
 Checking number of events   929.14820380075321              150  chi2:   0.58931470663555208     
 Found         2101  events.
 Wrote          135  events.
 Actual xsec   3.72061107516419038E-003
 Correct abs xsec   3.72061107516419038E-003
 Event xsec   3.72061107516420122E-003
 Events wgts > 1:            2
 % Cross section > 1:   2.88506202076449390E-005  0.77542692920064693     
 Iteration  4   Mean: 0.3642E-02 Abs mean: 0.3642E-02   Fluctuation:  0.447E-04   0.674E-01    25.5%
  4    0.3642E-02 0.3642E-02 +- 0.4473E-04      1.55
 Relative summed weights:
  0.1000E+01  0.0000E+00
 Relative number of events:
  0.1000E+01  0.0000E+00
 Events:
       16000           0
 Found         5285  events.
 Wrote         1812  events.
 Actual xsec   3.66184355014202842E-003
 Correct abs xsec   3.66184355014202842E-003
 Event xsec   3.66184355014215505E-003
 Events wgts > 1:           63
 % Cross section > 1:   3.58001660123443636E-005  0.97765416578091058     
 Checking number of events   914.47218977696878             1812  chi2:   0.49228854627330132     

 -------------------------------------------------------------------------------
 Accumulated results:   Integral =  0.3658E-02
                        Std dev  =  0.4016E-04
                       Cross sec =  0.5487E+00
             Chi**2 per DoF.     =
-------------------------------------------------
---------------------------
 Results Last   3 iters: Integral =   0.3662E-02
                     Abs integral =   0.3662E-02
                          Std dev =   0.4051E-04
                  Chi**2 per DoF. =      0.4923
-------------------------------------------------
---------------------------
 Status  -249730.00000000000                5           9
 We found enough events        1812   914.47218977696878     

ls status:
events.lhe
ftn25
ftn26
input_sg.txt
moffset.dat
results.dat
run1_app.log
