 Process in group number            1
 No PDF is used, alpha_s(MZ) from param_card is used
 Value of alpha_s from param_card:   0.11800000071525575     
 The default order of alpha_s running is fixed to            2
 Warning: pt or E min of a gamma should in general be >0
 *****************************************************
 *               MadGraph/MadEvent                   *
 *        --------------------------------           *
 *          http://madgraph.hep.uiuc.edu             *
 *          http://madgraph.phys.ucl.ac.be           *
 *          http://madgraph.roma2.infn.it            *
 *        --------------------------------           *
 *                                                   *
 *          PARAMETER AND COUPLING VALUES            *
 *                                                   *
 *****************************************************

  External Params
  ---------------------------------
  
 mdl_MB =    4.6999998092651367     
 mdl_MT =    173.00000000000000     
 mdl_MTA =    1.7769999504089355     
 mdl_MZ =    91.188003540039063     
 mdl_MH =    125.00000000000000     
 aEWM1 =    132.50700378417969     
 mdl_Gf =   1.16639000000000003E-005
 aS =   0.11800000071525575     
 mdl_ymb =    4.6999998092651367     
 mdl_ymt =    173.00000000000000     
 mdl_ymtau =    1.7769999504089355     
 mdl_WT =    1.4915000200271606     
 mdl_WZ =    2.4414041042327881     
 mdl_WW =    2.0476000308990479     
 mdl_WH =   6.38233916833996773E-003
  Internal Params
  ---------------------------------
  
 mdl_conjg__CKM3x3 =    1.0000000000000000     
 mdl_CKM3x3 =    1.0000000000000000     
 mdl_conjg__CKM1x1 =    1.0000000000000000     
 mdl_complexi =  (  0.0000000000000000     ,  1.0000000000000000     )
 mdl_MZ__exp__2 =    8315.2519896181766     
 mdl_MZ__exp__4 =    69143415.650849044     
 mdl_sqrt__2 =    1.4142135623730951     
 mdl_MH__exp__2 =    15625.000000000000     
 mdl_aEW =   7.54677089845565054E-003
 mdl_MW =    80.419007276179556     
 mdl_sqrt__aEW =   8.68721526063194194E-002
 mdl_ee =   0.30795376284704501     
 mdl_MW__exp__2 =    6467.2167312862202     
 mdl_sw2 =   0.22224645274001076     
 mdl_cw =   0.88190336616887299     
 mdl_sqrt__sw2 =   0.47143022043565552     
 mdl_sw =   0.47143022043565552     
 mdl_g1 =   0.34919218438279087     
 mdl_gw =   0.65323296958447097     
 mdl_vev =    246.21845810181631     
 mdl_vev__exp__2 =    60623.529110035874     
 mdl_lam =   0.12886910601690271     
 mdl_yb =   2.69955531549349904E-002
 mdl_yt =   0.99366614581500645     
 mdl_ytau =   1.02066167158167895E-002
 mdl_muH =    88.388347648318444     
 mdl_I1x33 =  ( 2.69955531549349904E-002,  0.0000000000000000     )
 mdl_I2x33 =  ( 0.99366614581500645     ,  0.0000000000000000     )
 mdl_I3x33 =  ( 0.99366614581500645     ,  0.0000000000000000     )
 mdl_I4x33 =  ( 2.69955531549349904E-002,  0.0000000000000000     )
 mdl_ee__exp__2 =   9.48355200516540348E-002
 mdl_sw__exp__2 =   0.22224645274001076     
 mdl_cw__exp__2 =   0.77775354725998924     
  Internal Params evaluated point by point
  ----------------------------------------
  
 mdl_sqrt__aS =   0.34351128178744839     
 mdl_G__exp__2 =    1.4828317414825511     
  Couplings of sm
  ---------------------------------
  
         GC_3 =  -0.00000E+00  -0.30795E+00
        GC_50 =  -0.00000E+00  -0.28804E+00
        GC_59 =   0.00000E+00   0.82310E-01

 Collider parameters:
 --------------------

 Running at e e   machine @    10.000000000000000       GeV
 PDF set = none   
 alpha_s(Mz)= 0.1180 running at 2 loops.
 alpha_s(Mz)= 0.1180 running at 2 loops.
 Renormalization scale set on event-by-event basis
 Factorization   scale set on event-by-event basis


 getting user params
Enter number of events and max and min iterations: 
 Number of events and iterations         1000           5           3
Enter desired fractional accuracy: 
 Desired fractional accuracy:   0.10000000000000001     
Enter 0 for fixed, 2 for adjustable grid: 
Suppress amplitude (0 no, 1 yes)? 
 Using suppressed amplitude.
Exact helicity sum (0 yes, n = number/event)? 
 Explicitly summing over helicities
Enter Configuration Number: 
Running Configuration Number:    9
 Not subdividing B.W.
 Attempting mappinvarients           1           5
 Completed mapping           5
 about to integrate            5        1000           5           3           5           1
 Using non-zero grid deformation.
  5 dimensions   1000 events  5 invarients  5 iterations  1 config(s),  (0.99)
 Using h-tuple random number sequence.
 Error opening grid
 Using Uniform Grid!
 Using uniform alpha   1.0000000000000000     
 Grid defined OK
 Set CM energy to         10.00
 Mapping Graph           9  to config           9
 Warning: No cutoff for shat integral found
          Minimum set to   1.00000000000000002E-002
Setting grid   1    0.10000E-01   1
 Warning: No cutoff for shat integral found
          Minimum set to   1.00000000000000002E-002
Setting grid   2    0.10000E-01   1
 Masses: 0.000E+00 0.000E+00 0.000E+00 0.000E+00 0.000E+00
   9   1   2   3   4   5
Using random seed offsets     9 :      1
  with seed                   42
 Ranmar initialization seeds       22928        9417
  Particle       3       4       5
      Et >     0.0    -1.0    -1.0
       E >     0.0     0.0     0.0
     Eta <    -1.0    -1.0    -1.0
   xqcut:      0.0     0.0     0.0
d R # 3  >    -0.0     0.4     0.4
d R # 4  >    -0.0    -0.0     0.0
s min # 3>     0.0     0.0     0.0
s min # 4>     0.0     0.0     0.0
xqcutij # 3>     0.0     0.0     0.0
xqcutij # 4>     0.0     0.0     0.0
 alpha_s for scale    2.1582637127456645       is   0.28815121608317085     
 Added good helicity            1   11.741834691604897       in event            1
 Added good helicity            5  5.49027345732784611E-002  in event            1
 Added good helicity           10  3.14810303990573602E-004  in event            1
 Added good helicity           11  2.44783652365985066E-002  in event            1
 Added good helicity           14  4.89812338203065439E-002  in event            1
 Added good helicity           15   4.1293107010800405       in event            1
 Added good helicity           18   4.1294112110466026       in event            1
 Added good helicity           19  4.90862640023893779E-002  in event            1
 Added good helicity           22  2.44777694326095870E-002  in event            1
 Added good helicity           23  3.15520360613989422E-004  in event            1
 Added good helicity           28  5.49020333322983792E-002  in event            1
 Added good helicity           32   11.741984665206372       in event            1
 Iteration  1   Mean: 0.1178E+06 Abs mean: 0.1178E+06   Fluctuation:  0.107E+06   0.107E+09    99.0%
  1    0.1178E+06 0.1178E+06 +- 0.1073E+06     28.81
 Writing out events   23.786644107662166        28.810483273146193     
 Relative summed weights:
  0.1000E+01  0.0000E+00
 Relative number of events:
  0.1000E+01  0.0000E+00
 Events:
        1000           0
 Iteration  2   Mean: 0.9991E+05 Abs mean: 0.9991E+05   Fluctuation:  0.900E+05   0.180E+09    98.6%
  2    0.9991E+05 0.9991E+05 +- 0.9005E+05     40.31
 Relative summed weights:
  0.1000E+01  0.0000E+00
 Relative number of events:
  0.1000E+01  0.0000E+00
 Events:
        2000           0
 Iteration  3   Mean: 0.3619E+06 Abs mean: 0.3619E+06   Fluctuation:  0.323E+06   0.129E+10    96.6%
  3    0.3619E+06 0.3619E+06 +- 0.3231E+06     56.47
 Relative summed weights:
  0.1000E+01  0.0000E+00
 Relative number of events:
  0.1000E+01  0.0000E+00
 Events:
        4000           0
 Accuracy:    0.436   0.100   0.521   0.702
 Found          106  events.
 Wrote            1  events.
 Actual xsec    194776.97875799405     
 Correct abs xsec    194776.97875799405     
 Event xsec    194776.97875799402     
 Events wgts > 1:            1
 % Cross section > 1:   2.96121606370434165E-002  1.52031111817561624E-005
 Iteration  4   Mean: 0.5247E+08 Abs mean: 0.5247E+08   Fluctuation:  0.522E+08   0.417E+12    96.7%
  4    0.5247E+08 0.5247E+08 +- 0.5218E+08     88.95
 Relative summed weights:
  0.1000E+01  0.0000E+00
 Relative number of events:
  0.1000E+01  0.0000E+00
 Events:
        8000           0
 Accuracy:    1.084   0.100   0.461   5.527
 Found          313  events.
 Wrote            1  events.
 Actual xsec    15335960.080493595     
 Correct abs xsec    15335960.080493595     
 Event xsec    15335960.080493594     
 Events wgts > 1:            0
 % Cross section > 1:    0.0000000000000000        0.0000000000000000     
 Iteration  5   Mean: 0.6176E+06 Abs mean: 0.6176E+06   Fluctuation:  0.676E+05   0.686E+09    97.1%
  5    0.6176E+06 0.6176E+06 +- 0.6759E+05     13.84
 Relative summed weights:
  0.1000E+01  0.0000E+00
 Relative number of events:
  0.1000E+01  0.0000E+00
 Events:
       16000           0
 Accuracy:    2.312   0.100   0.106 471.374
 Found           20  events.
 Wrote           13  events.
 Actual xsec    1225109.9438031232     
 Correct abs xsec    1225109.9438031232     
 Event xsec    1225109.9438031227     
 Events wgts > 1:            1
 % Cross section > 1:   3.01102500816341490E-002  2.45775901452261147E-006

 -------------------------------------------------------------------------------
 Accumulated results:   Integral =  0.1194E+07
                        Std dev  =  0.1272E+06
                       Cross sec =  0.1194E+07
             Chi**2 per DoF.     =    471.3737
 -------------------------------------------------------------------------------
-------------------------------------------------
---------------------------
 Results Last   3 iters: Integral =   0.1225E+07
                     Abs integral =   0.1225E+07
                          Std dev =   0.1323E+06
                  Chi**2 per DoF. =     44.4481
-------------------------------------------------
---------------------------
 Status  0.10000000000000001                6           5

ls status:
events.lhe
input_app.txt
multijob.dat
results.dat
run_01_log.txt
run_01_results.dat
run_02_log.txt
run_02_results.dat
run1_app.log
