 Process in group number            0
 No PDF is used, alpha_s(MZ) from param_card is used
 Value of alpha_s from param_card:   0.11800000071525575     
 The default order of alpha_s running is fixed to            2
 *****************************************************
 *               MadGraph/MadEvent                   *
 *        --------------------------------           *
 *          http://madgraph.hep.uiuc.edu             *
 *          http://madgraph.phys.ucl.ac.be           *
 *          http://madgraph.roma2.infn.it            *
 *        --------------------------------           *
 *                                                   *
 *          PARAMETER AND COUPLING VALUES            *
 *                                                   *
 *****************************************************

  External Params
  ---------------------------------
  
 aEWM1 =    132.50700378417969     
 mdl_Gf =   1.16639000000000003E-005
 aS =   0.11800000071525575     
 mdl_ymb =    4.6999998092651367     
 mdl_ymt =    173.00000000000000     
 mdl_yme =   5.10999991092830896E-004
 mdl_ymm =   0.10565999895334244     
 mdl_ymtau =    1.7769999504089355     
 mdl_MZ =    91.188003540039063     
 mdl_MT =    173.00000000000000     
 mdl_MB =    4.6999998092651367     
 mdl_MH =    125.00000000000000     
 mdl_Me =   5.10999991092830896E-004
 mdl_MM =   0.10565999895334244     
 mdl_MTA =    1.7769999504089355     
 mdl_WZ =    2.4414041042327881     
 mdl_WW =    2.0476000308990479     
 mdl_WT =    1.4915000200271606     
 mdl_WH =   6.38233916833996773E-003
 mdl_WTau =   2.26999999999999982E-012
  Internal Params
  ---------------------------------
  
 mdl_conjg__CKM3x3 =    1.0000000000000000     
 mdl_CKM3x3 =    1.0000000000000000     
 mdl_conjg__CKM1x1 =    1.0000000000000000     
 mdl_complexi =  (  0.0000000000000000     ,  1.0000000000000000     )
 mdl_MZ__exp__2 =    8315.2519896181766     
 mdl_MZ__exp__4 =    69143415.650849044     
 mdl_sqrt__2 =    1.4142135623730951     
 mdl_MH__exp__2 =    15625.000000000000     
 mdl_aEW =   7.54677089845565054E-003
 mdl_MW =    80.419007276179556     
 mdl_sqrt__aEW =   8.68721526063194194E-002
 mdl_ee =   0.30795376284704501     
 mdl_MW__exp__2 =    6467.2167312862202     
 mdl_sw2 =   0.22224645274001076     
 mdl_cw =   0.88190336616887299     
 mdl_sqrt__sw2 =   0.47143022043565552     
 mdl_sw =   0.47143022043565552     
 mdl_g1 =   0.34919218438279087     
 mdl_gw =   0.65323296958447097     
 mdl_vev =    246.21845810181631     
 mdl_vev__exp__2 =    60623.529110035874     
 mdl_lam =   0.12886910601690271     
 mdl_yb =   2.69955531549349904E-002
 mdl_ye =   2.93504850670934038E-006
 mdl_ym =   6.06883028478528356E-004
 mdl_yt =   0.99366614581500645     
 mdl_ytau =   1.02066167158167895E-002
 mdl_muH =    88.388347648318444     
 mdl_I1x33 =  ( 2.69955531549349904E-002,  0.0000000000000000     )
 mdl_I2x33 =  ( 0.99366614581500645     ,  0.0000000000000000     )
 mdl_I3x33 =  ( 0.99366614581500645     ,  0.0000000000000000     )
 mdl_I4x33 =  ( 2.69955531549349904E-002,  0.0000000000000000     )
 mdl_ee__exp__2 =   9.48355200516540348E-002
 mdl_sw__exp__2 =   0.22224645274001076     
 mdl_cw__exp__2 =   0.77775354725998924     
  Internal Params evaluated point by point
  ----------------------------------------
  
 mdl_sqrt__aS =   0.34351128178744839     
 mdl_G__exp__2 =    1.4828317414825511     
  Couplings of sm-lepton_masses
  ---------------------------------
  
         GC_3 =  -0.00000E+00  -0.30795E+00

 Collider parameters:
 --------------------

<<<<<<< HEAD
 Running at e e   machine @   7.14879999999999960E-002  GeV
=======
 Running at e e   machine @   7.00000000000000067E-002  GeV
>>>>>>> 911b5ec345c81b054214c521136984e9d6306827
 PDF set = none   
 alpha_s(Mz)= 0.1180 running at 2 loops.
 alpha_s(Mz)= 0.1180 running at 2 loops.
 Renormalization scale fixed @    91.188000000000002     
 Factorization scales  fixed @    91.188000000000002        91.188000000000002     


 getting user params
Enter number of events and max and min iterations: 
 Number of events and iterations         2000           9           3
Enter desired fractional accuracy: 
<<<<<<< HEAD
 Desired fractional accuracy:  -3.19030000000000027E-005
=======
 Desired fractional accuracy:  -3.13399999999999974E-004
>>>>>>> 911b5ec345c81b054214c521136984e9d6306827
Enter 0 for fixed, 2 for adjustable grid: 
Suppress amplitude (0 no, 1 yes)? 
 Using suppressed amplitude.
Exact helicity sum (0 yes, n = number/event)? 
 Explicitly summing over helicities
Enter Configuration Number: 
Running Configuration Number:    1
 Not subdividing B.W.
 Attempting mappinvarients           1           4
 Completed mapping           4
 about to integrate            2        2000           9           3           2           1
 Using non-zero grid deformation.
  2 dimensions   2000 events  2 invarients  9 iterations  1 config(s),  (0.99)
 Using h-tuple random number sequence.
 Error opening grid
 Using Uniform Grid!
 Using uniform alpha   1.0000000000000000     
 Grid defined OK
 Set CM energy to          0.07
 Mapping Graph           1  to config           1
<<<<<<< HEAD
Setting grid   1    0.17611E-02   1
=======
Setting grid   1    0.38601E-01   1
>>>>>>> 911b5ec345c81b054214c521136984e9d6306827
 Masses: 0.511E-03 0.511E-03 0.000E+00 0.000E+00
   1   1   2
 Got moffset           9
Using random seed offsets     1 :      1
<<<<<<< HEAD
  with seed                  117
 Ranmar initialization seeds       24102        7827
=======
  with seed                   63
 Ranmar initialization seeds       18438        7771
>>>>>>> 911b5ec345c81b054214c521136984e9d6306827
  Particle       3       4
      Et >     0.0     0.0
       E >     0.0     0.0
     Eta <    -1.0    -1.0
   xqcut:      0.0     0.0
d R # 3  >    -0.0     0.0
s min # 3>     0.0     0.0
xqcutij # 3>     0.0     0.0
 alpha_s for scale    91.188000000000002       is   0.11800000071525575     
<<<<<<< HEAD
 Added good helicity            1  0.18184943977067428       in event            1
 Added good helicity            2  3.54154270293649826E-006  in event            1
 Added good helicity            3  3.54154270293649826E-006  in event            1
 Added good helicity            6  3.84071868532711100E-005  in event            1
 Added good helicity            7   7.8181050694822218       in event            1
 Added good helicity           10   7.8181050694822218       in event            1
 Added good helicity           11  3.84071868532711100E-005  in event            1
 Added good helicity           14  3.54154270293649826E-006  in event            1
 Added good helicity           15  3.54154270293649826E-006  in event            1
 Added good helicity           16  0.18184943977067428       in event            1
 Iteration  1   Mean: 0.1451E+09 Abs mean: 0.1451E+09   Fluctuation:  0.167E+07   0.178E+09    90.0%
  1    0.1451E+09 0.1451E+09 +- 0.1671E+07      0.52
 Writing out events   8957.9387897420074       0.51501878322183536     
 Relative summed weights:
  0.5159E+00  0.0000E+00
  0.4841E+00  0.0000E+00
 Relative number of events:
  0.5185E+00  0.0000E+00
  0.4815E+00  0.0000E+00
 Events:
        1037           0
         963           0
 Iteration  2   Mean: 0.1457E+09 Abs mean: 0.1457E+09   Fluctuation:  0.480E+06   0.240E+09    99.6%
  2    0.1457E+09 0.1457E+09 +- 0.4805E+06      0.21
 Relative summed weights:
  0.4914E+00  0.0000E+00
  0.5086E+00  0.0000E+00
 Relative number of events:
  0.4930E+00  0.0000E+00
  0.5070E+00  0.0000E+00
 Events:
        1972           0
        2028           0
Warning xbin not returning correct x   1  0.998333E+00  0.100000E+01  0.8125E-04
 Iteration  3   Mean: 0.1448E+09 Abs mean: 0.1448E+09   Fluctuation:  0.264E+06   0.185E+09    99.6%
  3    0.1448E+09 0.1448E+09 +- 0.2644E+06      0.16
 Relative summed weights:
  0.5110E+00  0.0000E+00
  0.4890E+00  0.0000E+00
 Relative number of events:
  0.5105E+00  0.0000E+00
  0.4895E+00  0.0000E+00
 Events:
        4084           0
        3916           0
 Found          802  events.
 Wrote          797  events.
 Actual xsec    144995278.28907531     
 Correct abs xsec    144995278.28907531     
 Event xsec    144995278.28907529     
 Events wgts > 1:            0
 % Cross section > 1:    0.0000000000000000        0.0000000000000000     
 Checking number of events   4625.7843632563699              797  chi2:    1.3024414599973639     
 Found          802  events.
 Wrote          797  events.
 Actual xsec    144995278.28907531     
 Correct abs xsec    144995278.28907531     
 Event xsec    144995278.28907529     
 Events wgts > 1:            0
 % Cross section > 1:    0.0000000000000000        0.0000000000000000     
 Iteration  4   Mean: 0.1449E+09 Abs mean: 0.1449E+09   Fluctuation:  0.140E+06   0.172E+09    99.8%
  4    0.1449E+09 0.1449E+09 +- 0.1397E+06      0.12
 Relative summed weights:
  0.4985E+00  0.0000E+00
  0.5015E+00  0.0000E+00
 Relative number of events:
  0.4988E+00  0.0000E+00
  0.5012E+00  0.0000E+00
 Events:
        7981           0
        8019           0
 Found         1585  events.
 Wrote         1581  events.
 Actual xsec    144961073.12461969     
 Correct abs xsec    144961073.12461969     
 Event xsec    144961073.12462369     
 Events wgts > 1:            0
 % Cross section > 1:    0.0000000000000000        0.0000000000000000     
 Checking number of events   4624.6931158947427             1581  chi2:    1.3104021583194958     
 Found         1585  events.
 Wrote         1581  events.
 Actual xsec    144961073.12461969     
 Correct abs xsec    144961073.12461969     
 Event xsec    144961073.12462369     
 Events wgts > 1:            0
 % Cross section > 1:    0.0000000000000000        0.0000000000000000     
 Iteration  5   Mean: 0.1451E+09 Abs mean: 0.1451E+09   Fluctuation:  0.830E+05   0.194E+09    99.8%
  5    0.1451E+09 0.1451E+09 +- 0.8304E+05      0.10
 Relative summed weights:
  0.5000E+00  0.0000E+00
  0.5000E+00  0.0000E+00
 Relative number of events:
  0.5002E+00  0.0000E+00
  0.4998E+00  0.0000E+00
 Events:
       16007           0
       15993           0
 Found         3211  events.
 Wrote         3206  events.
 Actual xsec    145018256.55630967     
 Correct abs xsec    145018256.55630967     
 Event xsec    145018256.55630663     
 Events wgts > 1:            0
 % Cross section > 1:    0.0000000000000000        0.0000000000000000     
 Checking number of events   4626.5174389159474             3206  chi2:   0.67012892327668627     
 Found         3211  events.
 Wrote         3206  events.
 Actual xsec    145018256.55630967     
 Correct abs xsec    145018256.55630967     
 Event xsec    145018256.55630663     
 Events wgts > 1:            0
 % Cross section > 1:    0.0000000000000000        0.0000000000000000     
 Iteration  6   Mean: 0.1449E+09 Abs mean: 0.1449E+09   Fluctuation:  0.547E+05   0.211E+09    99.8%
  6    0.1449E+09 0.1449E+09 +- 0.5474E+05      0.10
 Relative summed weights:
  0.5010E+00  0.0000E+00
  0.4990E+00  0.0000E+00
 Relative number of events:
  0.5008E+00  0.0000E+00
  0.4992E+00  0.0000E+00
 Events:
       32050           0
       31950           0
 Found         6371  events.
 Wrote         6368  events.
 Actual xsec    144962775.62549061     
 Correct abs xsec    144962775.62549061     
 Event xsec    144962775.62550032     
 Events wgts > 1:            0
 % Cross section > 1:    0.0000000000000000        0.0000000000000000     
 Checking number of events   4624.7474307800276             6368  chi2:    1.0713483224340921     

 -------------------------------------------------------------------------------
 Accumulated results:   Integral =  0.1450E+09
                        Std dev  =  0.4268E+05
                       Cross sec =  0.9573E+00
             Chi**2 per DoF.     =
-------------------------------------------------
---------------------------
 Results Last   3 iters: Integral =   0.1450E+09
                     Abs integral =   0.1450E+09
                          Std dev =   0.4344E+05
                  Chi**2 per DoF. =      1.0713
-------------------------------------------------
---------------------------
 Status -3.19030000000000027E-005           7           9
 We found enough events        6368   4624.7474307800276     
=======
 Added good helicity            1  8.75534567017246038E-003  in event            1
 Added good helicity            2  1.04420028597118332E-004  in event            1
 Added good helicity            3  1.04420028597118373E-004  in event            1
 Added good helicity            6  3.01435554626326707E-002  in event            1
 Added good helicity            7   7.9608922587851323       in event            1
 Added good helicity           10   7.9608922587851323       in event            1
 Added good helicity           11  3.01435554626326707E-002  in event            1
 Added good helicity           14  1.04420028597118373E-004  in event            1
 Added good helicity           15  1.04420028597118332E-004  in event            1
 Added good helicity           16  8.75534567017246038E-003  in event            1
 Iteration  1   Mean: 0.1487E+08 Abs mean: 0.1487E+08   Fluctuation:  0.335E+06   0.160E+08    16.1%
  1    0.1487E+08 0.1487E+08 +- 0.3354E+06      1.01
 Writing out events   5143.4464136005545        1.0086341474238019     
 Relative summed weights:
  0.4744E+00  0.0000E+00
  0.5256E+00  0.0000E+00
 Relative number of events:
  0.4750E+00  0.0000E+00
  0.5250E+00  0.0000E+00
 Events:
         950           0
        1050           0
 Iteration  2   Mean: 0.1467E+08 Abs mean: 0.1467E+08   Fluctuation:  0.155E+06   0.259E+09    79.9%
  2    0.1467E+08 0.1467E+08 +- 0.1546E+06      0.67
 Relative summed weights:
  0.5037E+00  0.0000E+00
  0.4963E+00  0.0000E+00
 Relative number of events:
  0.5022E+00  0.0000E+00
  0.4978E+00  0.0000E+00
 Events:
        2009           0
        1991           0
Warning xbin not returning correct x   1  0.995879E+00  0.999998E+00  0.3981E-03
Warning xbin not returning correct x   1  0.994752E+00  0.999998E+00  0.3981E-03
Warning xbin not returning correct x   1  0.968049E+00  0.999988E+00  0.3981E-03
 Iteration  3   Mean: 0.1465E+08 Abs mean: 0.1465E+08   Fluctuation:  0.642E+05   0.216E+08    92.8%
  3    0.1465E+08 0.1465E+08 +- 0.6417E+05      0.39
 Relative summed weights:
  0.5006E+00  0.0000E+00
  0.4994E+00  0.0000E+00
 Relative number of events:
  0.4996E+00  0.0000E+00
  0.5004E+00  0.0000E+00
 Events:
        3997           0
        4003           0
 Found          869  events.
 Wrote          864  events.
 Actual xsec    14663521.340999642     
 Correct abs xsec    14663521.340999642     
 Event xsec    14663521.340999978     
 Events wgts > 1:            0
 % Cross section > 1:    0.0000000000000000        0.0000000000000000     
 Checking number of events   4595.5475882692872              864  chi2:   0.20397730781782028     
 Found          869  events.
 Wrote          864  events.
 Actual xsec    14663521.340999642     
 Correct abs xsec    14663521.340999642     
 Event xsec    14663521.340999978     
 Events wgts > 1:            0
 % Cross section > 1:    0.0000000000000000        0.0000000000000000     
Warning xbin not returning correct x   1  0.964052E+00  0.999992E+00  0.2184E-03
Warning xbin not returning correct x   1  0.994432E+00  0.999999E+00  0.2184E-03
Warning xbin not returning correct x   1  0.996675E+00  0.999999E+00  0.2184E-03
Warning xbin not returning correct x   1  0.971139E+00  0.999994E+00  0.2184E-03
Warning xbin not returning correct x   1  0.964738E+00  0.999993E+00  0.2184E-03
Warning xbin still not working well. Last message this iteration.
 Iteration  4   Mean: 0.1471E+08 Abs mean: 0.1471E+08   Fluctuation:  0.332E+05   0.225E+08    96.3%
  4    0.1471E+08 0.1471E+08 +- 0.3323E+05      0.29
 Relative summed weights:
  0.4963E+00  0.0000E+00
  0.5037E+00  0.0000E+00
 Relative number of events:
  0.4963E+00  0.0000E+00
  0.5037E+00  0.0000E+00
 Events:
        7941           0
        8059           0
 Found         1670  events.
 Wrote         1666  events.
 Actual xsec    14694903.276486099     
 Correct abs xsec    14694903.276486099     
 Event xsec    14694903.276486447     
 Events wgts > 1:            0
 % Cross section > 1:    0.0000000000000000        0.0000000000000000     
 Checking number of events   4605.3826868507431             1666  chi2:   0.27749043167954901     
 Found         1670  events.
 Wrote         1666  events.
 Actual xsec    14694903.276486099     
 Correct abs xsec    14694903.276486099     
 Event xsec    14694903.276486447     
 Events wgts > 1:            0
 % Cross section > 1:    0.0000000000000000        0.0000000000000000     
Warning xbin not returning correct x   1  0.987443E+00  0.999998E+00  0.1950E-03
Warning xbin not returning correct x   1  0.971724E+00  0.999995E+00  0.1950E-03
Warning xbin not returning correct x   1  0.985115E+00  0.999997E+00  0.1950E-03
Warning xbin not returning correct x   1  0.965345E+00  0.999994E+00  0.1950E-03
Warning xbin not returning correct x   1  0.993839E+00  0.999999E+00  0.1950E-03
Warning xbin still not working well. Last message this iteration.
 Iteration  5   Mean: 0.1470E+08 Abs mean: 0.1470E+08   Fluctuation:  0.569E+05   0.424E+09    95.6%
  5    0.1470E+08 0.1470E+08 +- 0.5688E+05      0.69
 Relative summed weights:
  0.5017E+00  0.0000E+00
  0.4983E+00  0.0000E+00
 Relative number of events:
  0.5014E+00  0.0000E+00
  0.4986E+00  0.0000E+00
 Events:
       16046           0
       15954           0
 Found         3324  events.
 Wrote         3319  events.
 Actual xsec    14697376.167835237     
 Correct abs xsec    14697376.167835237     
 Event xsec    14697376.167834094     
 Events wgts > 1:           16
 % Cross section > 1:    140172.86327104058       0.95372712564719930     
 Checking number of events   4606.1576909995629             3319  chi2:   0.27691147393961790     
 Found         3324  events.
 Wrote         3319  events.
 Actual xsec    14697376.167835237     
 Correct abs xsec    14697376.167835237     
 Event xsec    14697376.167834094     
 Events wgts > 1:           16
 % Cross section > 1:    140172.86327104058       0.95372712564719930     
Warning xbin not returning correct x   1  0.992482E+00  0.999998E+00  0.2119E-03
Warning xbin not returning correct x   1  0.977261E+00  0.999995E+00  0.2119E-03
Warning xbin not returning correct x   1  0.986058E+00  0.999997E+00  0.2119E-03
Warning xbin not returning correct x   1  0.965365E+00  0.999993E+00  0.2119E-03
Warning xbin not returning correct x   1  0.995921E+00  0.999999E+00  0.2119E-03
Warning xbin still not working well. Last message this iteration.
 Iteration  6   Mean: 0.1472E+08 Abs mean: 0.1472E+08   Fluctuation:  0.304E+05   0.182E+09    93.9%
  6    0.1472E+08 0.1472E+08 +- 0.3045E+05      0.52
 Relative summed weights:
  0.5003E+00  0.0000E+00
  0.4997E+00  0.0000E+00
 Relative number of events:
  0.5004E+00  0.0000E+00
  0.4996E+00  0.0000E+00
 Events:
       32028           0
       31972           0
 Found         6782  events.
 Wrote         6778  events.
 Actual xsec    14712014.654663827     
 Correct abs xsec    14712014.654663827     
 Event xsec    14712014.654661758     
 Events wgts > 1:           71
 % Cross section > 1:    45987.021710638634       0.31258140227631465     
 Checking number of events   4610.7453927716433             6778  chi2:   4.72380020907383694E-002

 -------------------------------------------------------------------------------
 Accumulated results:   Integral =  0.1471E+08
                        Std dev  =  0.1966E+05
                       Cross sec =  0.2239E+00
             Chi**2 per DoF.     =
-------------------------------------------------
---------------------------
 Results Last   3 iters: Integral =   0.1471E+08
                     Abs integral =   0.1471E+08
                          Std dev =   0.2088E+05
                  Chi**2 per DoF. =      0.0472
-------------------------------------------------
---------------------------
 Status -3.13399999999999974E-004           7           9
 We found enough events        6778   4610.7453927716433     
>>>>>>> 911b5ec345c81b054214c521136984e9d6306827

ls status:
events.lhe
ftn25
ftn26
input_sg.txt
moffset.dat
results.dat
run_01_ftn26.gz
run_01_log.txt
run_01_results.dat
run_02_ftn26.gz
run_02_log.txt
run_02_results.dat
run_03_ftn26.gz
run_03_log.txt
run_03_results.dat
run_04_ftn26.gz
run_04_log.txt
run_04_results.dat
<<<<<<< HEAD
run_05_ftn26.gz
run_05_log.txt
run_05_results.dat
run_06_ftn26.gz
run_06_log.txt
run_06_results.dat
run_07_ftn26.gz
run_07_log.txt
run_07_results.dat
run_08_ftn26.gz
run_08_log.txt
run_08_results.dat
run_09_ftn26.gz
run_09_log.txt
run_09_results.dat
run_10_ftn26.gz
run_10_log.txt
run_10_results.dat
=======
>>>>>>> 911b5ec345c81b054214c521136984e9d6306827
run1_app.log
