 Process in group number            1
 No PDF is used, alpha_s(MZ) from param_card is used
 Value of alpha_s from param_card:   0.11800000071525575     
 The default order of alpha_s running is fixed to            2
 *****************************************************
 *               MadGraph/MadEvent                   *
 *        --------------------------------           *
 *          http://madgraph.hep.uiuc.edu             *
 *          http://madgraph.phys.ucl.ac.be           *
 *          http://madgraph.roma2.infn.it            *
 *        --------------------------------           *
 *                                                   *
 *          PARAMETER AND COUPLING VALUES            *
 *                                                   *
 *****************************************************

  External Params
  ---------------------------------
  
 mdl_MB =    4.6999998092651367     
 mdl_MT =    173.00000000000000     
 mdl_Me =   5.10999991092830896E-004
 mdl_MM =   0.10565999895334244     
 mdl_MTA =    1.7769999504089355     
 mdl_MZ =    91.188003540039063     
 mdl_MH =    125.00000000000000     
 aEWM1 =    132.50700378417969     
 mdl_Gf =   1.16639000000000003E-005
 aS =   0.11800000071525575     
 mdl_ymb =    4.6999998092651367     
 mdl_ymt =    173.00000000000000     
 mdl_yme =   5.10999991092830896E-004
 mdl_ymm =   0.10565999895334244     
 mdl_ymtau =    1.7769999504089355     
 mdl_WT =    1.4915000200271606     
 mdl_WTau =   2.26999999999999982E-012
 mdl_WZ =    2.4414041042327881     
 mdl_WW =    2.0476000308990479     
 mdl_WH =   6.38233916833996773E-003
  Internal Params
  ---------------------------------
  
 mdl_conjg__CKM3x3 =    1.0000000000000000     
 mdl_CKM3x3 =    1.0000000000000000     
 mdl_conjg__CKM1x1 =    1.0000000000000000     
 mdl_complexi =  (  0.0000000000000000     ,  1.0000000000000000     )
 mdl_MZ__exp__2 =    8315.2519896181766     
 mdl_MZ__exp__4 =    69143415.650849044     
 mdl_sqrt__2 =    1.4142135623730951     
 mdl_MH__exp__2 =    15625.000000000000     
 mdl_aEW =   7.54677089845565054E-003
 mdl_MW =    80.419007276179556     
 mdl_sqrt__aEW =   8.68721526063194194E-002
 mdl_ee =   0.30795376284704501     
 mdl_MW__exp__2 =    6467.2167312862202     
 mdl_sw2 =   0.22224645274001076     
 mdl_cw =   0.88190336616887299     
 mdl_sqrt__sw2 =   0.47143022043565552     
 mdl_sw =   0.47143022043565552     
 mdl_g1 =   0.34919218438279087     
 mdl_gw =   0.65323296958447097     
 mdl_vev =    246.21845810181631     
 mdl_vev__exp__2 =    60623.529110035874     
 mdl_lam =   0.12886910601690271     
 mdl_yb =   2.69955531549349904E-002
 mdl_ye =   2.93504850670934038E-006
 mdl_ym =   6.06883028478528356E-004
 mdl_yt =   0.99366614581500645     
 mdl_ytau =   1.02066167158167895E-002
 mdl_muH =    88.388347648318444     
 mdl_I1x33 =  ( 2.69955531549349904E-002,  0.0000000000000000     )
 mdl_I2x33 =  ( 0.99366614581500645     ,  0.0000000000000000     )
 mdl_I3x33 =  ( 0.99366614581500645     ,  0.0000000000000000     )
 mdl_I4x33 =  ( 2.69955531549349904E-002,  0.0000000000000000     )
 mdl_ee__exp__2 =   9.48355200516540348E-002
 mdl_sw__exp__2 =   0.22224645274001076     
 mdl_cw__exp__2 =   0.77775354725998924     
  Internal Params evaluated point by point
  ----------------------------------------
  
 mdl_sqrt__aS =   0.34351128178744839     
 mdl_G__exp__2 =    1.4828317414825511     
  Couplings of sm-lepton_masses
  ---------------------------------
  
         GC_3 =  -0.00000E+00  -0.30795E+00
        GC_50 =  -0.00000E+00  -0.28804E+00
        GC_59 =   0.00000E+00   0.82310E-01
        GC_89 =  -0.00000E+00  -0.20754E-05

 Collider parameters:
 --------------------

 Running at e e   machine @    10.000000000000000       GeV
 PDF set = none   
 alpha_s(Mz)= 0.1180 running at 2 loops.
 alpha_s(Mz)= 0.1180 running at 2 loops.
 Renormalization scale set on event-by-event basis
 Factorization   scale set on event-by-event basis


 getting user params
Enter number of events and max and min iterations: 
 Number of events and iterations         2000           9           3
Enter desired fractional accuracy: 
 Desired fractional accuracy:  -2.28079999999999993E-003
Enter 0 for fixed, 2 for adjustable grid: 
Suppress amplitude (0 no, 1 yes)? 
 Using suppressed amplitude.
Exact helicity sum (0 yes, n = number/event)? 
 Explicitly summing over helicities
Enter Configuration Number: 
Running Configuration Number:   13
 Not subdividing B.W.
 Attempting mappinvarients           1           5
 Completed mapping           5
 about to integrate            5        2000           9           3           5           1
 Keeping grid fixed.
  5 dimensions   2000 events  5 invarients  9 iterations  1 config(s),  (0.99)
 Using h-tuple random number sequence.
 Error opening grid
 Using Uniform Grid!
 Using uniform alpha   1.0000000000000000     
 Grid defined OK
 Set CM energy to         10.00
 Mapping Graph          13  to config          13
Setting grid   1    0.10000E-05   1
Setting grid   2    0.10000E-05   1
 Masses: 0.511E-03 0.511E-03 0.000E+00 0.511E-03 0.511E-03
  13   1   2   3   4   5
 Got moffset           2
Using random seed offsets    13 :      1
  with seed                   48
 Ranmar initialization seeds       30246       15737
  Particle       3       4       5
      Et >     0.0     0.0     0.0
       E >     0.0     0.0     0.0
     Eta <     5.0     5.0     5.0
   xqcut:      0.0     0.0     0.0
d R # 3  >    -0.0     0.4     0.4
d R # 4  >    -0.0    -0.0     0.0
s min # 3>     0.0     0.0     0.0
s min # 4>     0.0     0.0     0.0
xqcutij # 3>     0.0     0.0     0.0
xqcutij # 4>     0.0     0.0     0.0
 alpha_s for scale    2.2521132971926967       is   0.28290499256199630     
 Added good helicity            1   8.8700606215266156       in event            1
 Added good helicity            5  1.84000680237225256E-003  in event            1
 Added good helicity           10  1.98006229198212091E-002  in event            1
 Added good helicity           11  5.63095105977566221E-002  in event            1
 Added good helicity           13  8.44610919192250898E-006  in event            1
 Added good helicity           14   1.2892628840495841       in event            1
 Added good helicity           15   5.7626927105465704       in event            1
 Added good helicity           18   5.7625302609104754       in event            1
 Added good helicity           19   1.2895347088291964       in event            1
 Added good helicity           20  8.44566610126383048E-006  in event            1
 Added good helicity           22  5.63110979996351221E-002  in event            1
 Added good helicity           23  1.98010687223523982E-002  in event            1
 Added good helicity           28  1.84001963978341725E-003  in event            1
 Added good helicity           32   8.8699987375361236       in event            1
 Added good helicity            3  1.80785023746868609E-006  in event            2
 Added good helicity           30  1.80792772353763041E-006  in event            2
 Added good helicity            2  6.80436585737263493E-006  in event            3
 Added good helicity           31  6.80440188995788922E-006  in event            3
 Added good helicity           12  8.55075556202120705E-006  in event           32
 Added good helicity           21  8.55080898806275533E-006  in event           32
 Iteration  1   Mean: 0.2104E+06 Abs mean: 0.2104E+06   Fluctuation:  0.145E+06   0.283E+09    49.5%
  1    0.2104E+06 0.2104E+06 +- 0.1446E+06     30.74
 Writing out events   23.602249576814991        30.735966745300455     
 Relative summed weights:
  0.1000E+01  0.0000E+00
 Relative number of events:
  0.1000E+01  0.0000E+00
 Events:
        2000           0
 Iteration  2   Mean: 0.2367E+06 Abs mean: 0.2367E+06   Fluctuation:  0.139E+06   0.526E+09    50.4%
  2    0.2367E+06 0.2367E+06 +- 0.1389E+06     37.10
 Relative summed weights:
  0.1000E+01  0.0000E+00
 Relative number of events:
  0.1000E+01  0.0000E+00
 Events:
        4000           0
 Iteration  3   Mean: 0.9150E+06 Abs mean: 0.9150E+06   Fluctuation:  0.813E+06   0.650E+10    50.4%
  3    0.9150E+06 0.9150E+06 +- 0.8130E+06     79.47
 Relative summed weights:
  0.1000E+01  0.0000E+00
 Relative number of events:
  0.1000E+01  0.0000E+00
 Events:
        8000           0
 Found          117  events.
 Wrote            1  events.
 Actual xsec    364453.62503248383     
 Correct abs xsec    364453.62503248383     
 Event xsec    364453.62503248383     
 Events wgts > 1:            1
 % Cross section > 1:   6.81428809184581041E-003  1.86972707192539294E-006
 Checking number of events   831.24582797408914                1  chi2:    1.2193983818742478     
 Found          117  events.
 Wrote            1  events.
 Actual xsec    364453.62503248383     
 Correct abs xsec    364453.62503248383     
 Event xsec    364453.62503248383     
 Events wgts > 1:            1
 % Cross section > 1:   6.81428809184581041E-003  1.86972707192539294E-006
 Iteration  4   Mean: 0.5543E+06 Abs mean: 0.5543E+06   Fluctuation:  0.365E+06   0.564E+10    50.0%
  4    0.5543E+06 0.5543E+06 +- 0.3653E+06     83.36
 Relative summed weights:
  0.1000E+01  0.0000E+00
 Relative number of events:
  0.1000E+01  0.0000E+00
 Events:
       16000           0
 Found          115  events.
 Wrote            1  events.
 Actual xsec    482308.94551646075     
 Correct abs xsec    482308.94551646075     
 Event xsec    482308.94551646075     
 Events wgts > 1:            0
 % Cross section > 1:    0.0000000000000000        0.0000000000000000     
 Checking number of events   1100.0502429339435                1  chi2:    1.7246047059865561     
 Found          115  events.
 Wrote            2  events.
 Actual xsec    482308.94551646075     
 Correct abs xsec    482308.94551646075     
 Event xsec    482308.94551646075     
 Events wgts > 1:            0
 % Cross section > 1:    0.0000000000000000        0.0000000000000000     
 Iteration  5   Mean: 0.2443E+06 Abs mean: 0.2443E+06   Fluctuation:  0.995E+05   0.271E+10    50.0%
  5    0.2443E+06 0.2443E+06 +- 0.9950E+05     72.85
 Relative summed weights:
  0.1000E+01  0.0000E+00
 Relative number of events:
  0.1000E+01  0.0000E+00
 Events:
       32000           0
 Found          257  events.
 Wrote            4  events.
 Actual xsec    407167.88857591979     
 Correct abs xsec    407167.88857591979     
 Event xsec    407167.88857591979     
 Events wgts > 1:            0
 % Cross section > 1:    0.0000000000000000        0.0000000000000000     
 Checking number of events   928.66852026395782                4  chi2:    1.6156737375426160     
 Found          257  events.
 Wrote            3  events.
 Actual xsec    407167.88857591979     
 Correct abs xsec    407167.88857591979     
 Event xsec    407167.88857591979     
 Events wgts > 1:            0
 % Cross section > 1:    0.0000000000000000        0.0000000000000000     
 Iteration  6   Mean: 0.6195E+06 Abs mean: 0.6195E+06   Fluctuation:  0.449E+06   0.286E+11    50.1%
  6    0.6195E+06 0.6195E+06 +- 0.4487E+06    183.21
 Relative summed weights:
  0.1000E+01  0.0000E+00
 Relative number of events:
  0.1000E+01  0.0000E+00
 Events:
       64000           0
 Found          936  events.
 Wrote            1  events.
 Actual xsec    383901.86294607830     
 Correct abs xsec    383901.86294607830     
 Event xsec    383901.86294607830     
 Events wgts > 1:            0
 % Cross section > 1:    0.0000000000000000        0.0000000000000000     
 Checking number of events   875.60336900741538                1  chi2:    1.2308184618995635     
 Found          936  events.
 Wrote            2  events.
 Actual xsec    383901.86294607830     
 Correct abs xsec    383901.86294607830     
 Event xsec    383901.86294607830     
 Events wgts > 1:            0
 % Cross section > 1:    0.0000000000000000        0.0000000000000000     
 Iteration  7   Mean: 0.4251E+06 Abs mean: 0.4251E+06   Fluctuation:  0.221E+06   0.261E+11    50.0%
  7    0.4251E+06 0.4251E+06 +- 0.2213E+06    186.24
 Relative summed weights:
  0.1000E+01  0.0000E+00
 Relative number of events:
  0.1000E+01  0.0000E+00
 Events:
      128000           0
 Found         1045  events.
 Wrote            2  events.
 Actual xsec    363231.89970735618     
 Correct abs xsec    363231.89970735618     
 Event xsec    363231.89970735618     
 Events wgts > 1:            1
 % Cross section > 1:   6.61921047139912844E-004  1.82230979072377896E-007
 Checking number of events   828.45931685253800                2  chi2:   0.91649472157000089     
 Found         1045  events.
 Wrote            2  events.
 Actual xsec    363231.89970735618     
 Correct abs xsec    363231.89970735618     
 Event xsec    363231.89970735618     
 Events wgts > 1:            1
 % Cross section > 1:   6.61921047139912844E-004  1.82230979072377896E-007
 Iteration  8   Mean: 0.6257E+06 Abs mean: 0.6257E+06   Fluctuation:  0.194E+06   0.339E+11    50.3%
  8    0.6257E+06 0.6257E+06 +- 0.1945E+06    157.27
 Relative summed weights:
  0.1000E+01  0.0000E+00
 Relative number of events:
  0.1000E+01  0.0000E+00
 Events:
      256000           0
 Found         2693  events.
 Wrote            4  events.
 Actual xsec    578561.55528022419     
 Correct abs xsec    578561.55528022419     
 Event xsec    578561.55528022419     
 Events wgts > 1:            1
 % Cross section > 1:   3.30722513608634472E-002  5.71628914141124054E-006
 Checking number of events   1319.5831952831352                4  chi2:   0.27411559919215467     
 Found         2693  events.
 Wrote            4  events.
 Actual xsec    578561.55528022419     
 Correct abs xsec    578561.55528022419     
 Event xsec    578561.55528022419     
 Events wgts > 1:            1
 % Cross section > 1:   3.30722513608634472E-002  5.71628914141124054E-006
 Iteration  9   Mean: 0.5381E+06 Abs mean: 0.5381E+06   Fluctuation:  0.123E+06   0.411E+11    50.2%
  9    0.5381E+06 0.5381E+06 +- 0.1230E+06    163.58
 Relative summed weights:
  0.1000E+01  0.0000E+00
 Relative number of events:
  0.1000E+01  0.0000E+00
 Events:
      512000           0
 Found         4196  events.
 Wrote           10  events.
 Actual xsec    552842.89245490811     
 Correct abs xsec    552842.89245490811     
 Event xsec    552842.89245490800     
 Events wgts > 1:            0
 % Cross section > 1:    0.0000000000000000        0.0000000000000000     
 Checking number of events   1260.9240691111545               10  chi2:   0.24412434234118766     
 Found         4196  events.
 Wrote            5  events.
 Actual xsec    552842.89245490811     
 Correct abs xsec    552842.89245490811     
 Event xsec    552842.89245490811     
 Events wgts > 1:            0
 % Cross section > 1:    0.0000000000000000        0.0000000000000000     

 -------------------------------------------------------------------------------
 Accumulated results:   Integral =  0.4942E+06
                        Std dev  =  0.7010E+05
                       Cross sec =  0.4942E+06
             Chi**2 per DoF.     =      0.6324
 -------------------------------------------------------------------------------
-------------------------------------------------
---------------------------
 Results Last   3 iters: Integral =   0.5528E+06
                     Abs integral =   0.5528E+06
                          Std dev =   0.9598E+05
                  Chi**2 per DoF. =      0.2441
-------------------------------------------------
---------------------------
 Status -2.28079999999999993E-003          10           9
 Trying w/ fresh grid
 Starting w/ ncall =         8000
 Keeping grid fixed.
  5 dimensions   8000 events  5 invarients  8 iterations  1 config(s),  (0.99)
 Using h-tuple random number sequence.
 Error opening grid
 Using Uniform Grid!
 Using uniform alpha   1.0000000000000000     
 Grid defined OK
Setting grid   1    0.10000E-05   1
Setting grid   2    0.10000E-05   1
 Iteration  1   Mean: 0.9691E+05 Abs mean: 0.9691E+05   Fluctuation:  0.415E+05   0.319E+09    50.1%
  1    0.9691E+05 0.9691E+05 +- 0.4150E+05     38.30
 Relative summed weights:
  0.1000E+01  0.0000E+00
 Relative number of events:
  0.1000E+01  0.0000E+00
 Events:
        8000           0
 Iteration  2   Mean: 0.4259E+06 Abs mean: 0.4259E+06   Fluctuation:  0.158E+06   0.219E+10    59.2%
  2    0.4259E+06 0.4259E+06 +- 0.1582E+06     46.98
 Relative summed weights:
  0.1000E+01  0.0000E+00
 Relative number of events:
  0.1000E+01  0.0000E+00
 Events:
       16000           0
 Iteration  3   Mean: 0.5244E+06 Abs mean: 0.5244E+06   Fluctuation:  0.551E+05   0.780E+09    47.4%
  3    0.5244E+06 0.5244E+06 +- 0.5514E+05     18.81
 Relative summed weights:
  0.1000E+01  0.0000E+00
 Relative number of events:
  0.1000E+01  0.0000E+00
 Events:
       32000           0
 Found         2202  events.
 Wrote           26  events.
 Actual xsec    494854.91427594831     
 Correct abs xsec    494854.91427594831     
 Event xsec    494854.91427594854     
 Events wgts > 1:            2
 % Cross section > 1:    2478.6830939721403       0.50089087174143720     
 Checking number of events   1128.6650884805829               26  chi2:    46.213877335387849     
 Found         2202  events.
 Wrote           25  events.
 Actual xsec    494854.91427594831     
 Correct abs xsec    494854.91427594831     
 Event xsec    494854.91427594837     
 Events wgts > 1:            2
 % Cross section > 1:    2577.3140365012259       0.52082215658548070     
 Iteration  4   Mean: 0.6303E+06 Abs mean: 0.6303E+06   Fluctuation:  0.434E+05   0.195E+10    37.9%
  4    0.6303E+06 0.6303E+06 +- 0.4336E+05     17.40
 Relative summed weights:
  0.1000E+01  0.0000E+00
 Relative number of events:
  0.1000E+01  0.0000E+00
 Events:
       64000           0
 Found         9177  events.
 Wrote           20  events.
 Actual xsec    594526.45326375496     
 Correct abs xsec    594526.45326375496     
 Event xsec    594526.45326375507     
 Events wgts > 1:            0
 % Cross section > 1:    0.0000000000000000        0.0000000000000000     
 Checking number of events   1355.9959346039723               20  chi2:    1.7179620059413501     
 Found         9177  events.
 Wrote           16  events.
 Actual xsec    594526.45326375496     
 Correct abs xsec    594526.45326375496     
 Event xsec    594526.45326375507     
 Events wgts > 1:            0
 % Cross section > 1:    0.0000000000000000        0.0000000000000000     
 Iteration  5   Mean: 0.6562E+06 Abs mean: 0.6562E+06   Fluctuation:  0.730E+04   0.285E+09    33.6%
  5    0.6562E+06 0.6562E+06 +- 0.7303E+04      3.98
 Relative summed weights:
  0.1000E+01  0.0000E+00
 Relative number of events:
  0.1000E+01  0.0000E+00
 Events:
      128000           0
 Found        29083  events.
 Wrote          901  events.
 Actual xsec    654140.23668503889     
 Correct abs xsec    654140.23668503889     
 Event xsec    654140.23668504541     
 Events wgts > 1:           14
 % Cross section > 1:    6425.6238186203727       0.98230065332522487     
 Checking number of events   1491.9630518312367              901  chi2:    2.9604632457224662     
 Found        29083  events.
 Wrote          902  events.
 Actual xsec    654140.23668503889     
 Correct abs xsec    654140.23668503889     
 Event xsec    654140.23668504297     
 Events wgts > 1:           14
 % Cross section > 1:    6418.5699669974219       0.98122231396810566     
 Fixing grid
 Iteration  6   Mean: 0.6556E+06 Abs mean: 0.6556E+06   Fluctuation:  0.213E+04   0.617E+08    30.7%
  6    0.6556E+06 0.6556E+06 +- 0.2133E+04      1.65
 Relative summed weights:
  0.1000E+01  0.0000E+00
 Relative number of events:
  0.1000E+01  0.0000E+00
 Events:
      256000           0
 Found        75643  events.
 Wrote        21195  events.
 Actual xsec    655590.69135078078     
 Correct abs xsec    655590.69135078078     
 Event xsec    655590.69135066355     
 Events wgts > 1:          334
 % Cross section > 1:    6563.8310832846819        1.0012087068780249     
 Checking number of events   1495.2712488328607            21195  chi2:   0.17343810328085926     

 -------------------------------------------------------------------------------
 Accumulated results:   Integral =  0.6554E+06
                        Std dev  =  0.2043E+04
                       Cross sec =  0.1758E+01
             Chi**2 per DoF.     =
-------------------------------------------------
---------------------------
 Results Last   3 iters: Integral =   0.6556E+06
                     Abs integral =   0.6556E+06
                         Std dev =   0.2045E+04
                 Chi**2 per DoF. =      0.1734
-------------------------------------------------
---------------------------

ls status:
events.lhe
ftn25
input_sg.txt
moffset.dat
results.dat
run1_app.log
