

          ********************************************************
                  STDHEP version 5.04.01 -  Aug. 29, 2005          
          ********************************************************



 STDXROPEN: successfully opened input stream     1
          title:                                                  PYTHIA file
          date:                                     Mon Jun 30 12:51:05 2014

                                                                                
                            64 events
                             8 blocks per event

 Using GETJET for jet finding (ijetalg=1)

 Reading pythia input card
 Generating up to           64  events

 Event number:            1



                            Event listing (standard)

    I  particle/jet  K(I,1)   K(I,2) K(I,3)     K(I,4)      K(I,5)       P(I,1)       P(I,2)       P(I,3)       P(I,4)       P(I,5)

    1  !e+!              21       -11    0           0           0      0.00000      0.00000      5.00000      5.00000      0.00051
    2  !e-!              21        11    0           0           0      0.00000      0.00000     -5.00000      5.00000      0.00051
    3  !e+!              21       -11    1           0           0      0.00000      0.00000      5.00000      5.00000      0.00000
    4  !e-!              21        11    2           0           0     -0.00000      0.00000     -5.00000      5.00000      0.00000
    5  !e+!              21       -11    3           0           0      0.00000      0.00000      5.00000      5.00000      0.00000
    6  !e-!              21        11    4           0           0      0.00000      0.00000     -5.00000      5.00000      0.00000
    7  !gamma!           21        22    5           0           0     -0.00003      0.00007      0.29834      0.29834      0.00000
    8  !e+!              21       -11    5           0           0     -0.00155      0.00096      4.70166      4.70166      0.00051
    9  !e-!              21        11    6           0           0      0.00158     -0.00102     -5.00000      5.00000      0.00051
   10  gamma              1        22    7           0           0     -0.00003      0.00007      0.29834      0.29834      0.00000
   11  e+                 1       -11    8           0           0     -0.00155      0.00096      4.70166      4.70166      0.00051
   12  e-                 1        11    9           0           0      0.00158     -0.00102     -5.00000      5.00000      0.00051
   13  gamma              1        22    1           0           0     -0.00000     -0.00000      0.00000      0.00000      0.00000
   14  gamma              1        22    2           0           0      0.00000     -0.00000     -0.00000      0.00000      0.00000
                   sum charge:  0.00   sum momentum and inv. mass:     -0.00000     -0.00000     -0.00000     10.00000     10.00000

 Jet momenta (ktclus):
 Jet Pts:
 Jet momenta (getjet):
 Jet Pts:

 Event number:            2



                            Event listing (standard)

    I  particle/jet  K(I,1)   K(I,2) K(I,3)     K(I,4)      K(I,5)       P(I,1)       P(I,2)       P(I,3)       P(I,4)       P(I,5)

    1  !e+!              21       -11    0           0           0      0.00000      0.00000      5.00000      5.00000      0.00051
    2  !e-!              21        11    0           0           0      0.00000      0.00000     -5.00000      5.00000      0.00051
    3  !e+!              21       -11    1           0           0     -0.00000     -0.00000      5.00000      5.00000      0.00000
    4  !e-!              21        11    2           0           0     -0.00000     -0.00000     -5.00000      5.00000      0.00000
    5  !e+!              21       -11    3           0           0      0.00000      0.00000      5.00000      5.00000      0.00000
    6  !e-!              21        11    4           0           0      0.00000      0.00000     -5.00000      5.00000      0.00000
    7  !gamma!           21        22    5           0           0     -0.00035     -0.00044      2.35229      2.35229      0.00000
    8  !e+!              21       -11    5           0           0      0.00097     -0.00090      2.64771      2.64771      0.00051
    9  !e-!              21        11    6           0           0     -0.00063      0.00134     -5.00000      5.00000      0.00051
   10  gamma              1        22    7           0           0     -0.00035     -0.00044      2.35229      2.35229      0.00000
   11  e+                 1       -11    8           0           0      0.00097     -0.00090      2.64771      2.64771      0.00051
   12  e-                 1        11    9           0           0     -0.00063      0.00134     -5.00000      5.00000      0.00051
   13  gamma              1        22    1           0           0      0.00000      0.00000      0.00000      0.00000      0.00000
   14  gamma              1        22    2           0           0      0.00000      0.00000     -0.00000      0.00000      0.00000
                   sum charge:  0.00   sum momentum and inv. mass:     -0.00000     -0.00000     -0.00000     10.00000     10.00000

 Jet momenta (ktclus):
 Jet Pts:
 Jet momenta (getjet):
 Jet Pts:

 Event number:            3



                            Event listing (standard)

    I  particle/jet  K(I,1)   K(I,2) K(I,3)     K(I,4)      K(I,5)       P(I,1)       P(I,2)       P(I,3)       P(I,4)       P(I,5)

    1  !e+!              21       -11    0           0           0      0.00000      0.00000      5.00000      5.00000      0.00051
    2  !e-!              21        11    0           0           0      0.00000      0.00000     -5.00000      5.00000      0.00051
    3  !e+!              21       -11    1           0           0     -0.00000     -0.00000      5.00000      5.00000      0.00000
    4  !e-!              21        11    2           0           0     -0.00000      0.00000     -5.00000      5.00000      0.00000
    5  !e+!              21       -11    3           0           0      0.00000      0.00000      5.00000      5.00000      0.00000
    6  !e-!              21        11    4           0           0      0.00000      0.00000     -5.00000      5.00000      0.00000
    7  !gamma!           21        22    5           0           0     -0.00000      0.00002      0.17946      0.17946      0.00000
    8  !e+!              21       -11    5           0           0     -0.00037     -0.00145      4.82054      4.82054      0.00051
    9  !e-!              21        11    6           0           0      0.00038      0.00142     -5.00000      5.00000      0.00051
   10  gamma              1        22    7           0           0     -0.00000      0.00002      0.17946      0.17946      0.00000
   11  (e+)              11       -11    8          15          16     -0.00037     -0.00145      4.82054      4.82054      0.00051
   12  (e-)              11        11    9          17          17      0.00038      0.00142     -5.00000      5.00000      0.00051
   13  gamma              1        22    1           0           0      0.00000      0.00000      0.00000      0.00000      0.00000
   14  gamma              1        22    2           0           0      0.00000     -0.00000     -0.00000      0.00000      0.00000
   15  e+                 1       -11   11           0           0     -0.00048     -0.00094      4.82009      4.82009      0.00051
   16  gamma              1        22   11           0           0      0.00011     -0.00050      0.00030      0.00059      0.00000
   17  e-                 1        11   12           0           0      0.00038      0.00142     -4.99985      4.99985      0.00051
                   sum charge:  0.00   sum momentum and inv. mass:     -0.00000      0.00000     -0.00000     10.00000     10.00000

 Jet momenta (ktclus):
 Jet Pts:
 Jet momenta (getjet):
 Jet Pts:

 Event number:            4



                            Event listing (standard)

    I  particle/jet  K(I,1)   K(I,2) K(I,3)     K(I,4)      K(I,5)       P(I,1)       P(I,2)       P(I,3)       P(I,4)       P(I,5)

    1  !e+!              21       -11    0           0           0      0.00000      0.00000      5.00000      5.00000      0.00051
    2  !e-!              21        11    0           0           0      0.00000      0.00000     -5.00000      5.00000      0.00051
    3  !e+!              21       -11    1           0           0     -0.00000      0.00000      5.00000      5.00000      0.00000
    4  !e-!              21        11    2           0           0     -0.00000     -0.00000     -5.00000      5.00000      0.00000
    5  !e+!              21       -11    3           0           0      0.00000      0.00000      5.00000      5.00000      0.00000
    6  !e-!              21        11    4           0           0      0.00000      0.00000     -5.00000      5.00000      0.00000
    7  !gamma!           21        22    5           0           0      0.00001      0.00025      0.00247      0.00248      0.00000
    8  !e+!              21       -11    5           0           0     -0.19250      0.10794      4.99265      4.99752      0.00051
    9  !e-!              21        11    6           0           0      0.19249     -0.10819     -4.99512      4.99999      0.00051
   10  gamma              1        22    7           0           0      0.00001      0.00025      0.00247      0.00248      0.00000
   11  e+                 1       -11    8           0           0     -0.19250      0.10794      4.99265      4.99752      0.00051
   12  e-                 1        11    9           0           0      0.19249     -0.10819     -4.99512      4.99999      0.00051
   13  gamma              1        22    1           0           0      0.00000     -0.00000      0.00000      0.00000      0.00000
   14  gamma              1        22    2           0           0      0.00000      0.00000     -0.00000      0.00000      0.00000
                   sum charge:  0.00   sum momentum and inv. mass:     -0.00000     -0.00000      0.00000     10.00000     10.00000

 Jet momenta (ktclus):
 Jet Pts:
 Jet momenta (getjet):
 Jet Pts:

 Event number:            5



                            Event listing (standard)

    I  particle/jet  K(I,1)   K(I,2) K(I,3)     K(I,4)      K(I,5)       P(I,1)       P(I,2)       P(I,3)       P(I,4)       P(I,5)

    1  !e+!              21       -11    0           0           0      0.00000      0.00000      5.00000      5.00000      0.00051
    2  !e-!              21        11    0           0           0      0.00000      0.00000     -5.00000      5.00000      0.00051
    3  !e+!              21       -11    1           0           0     -0.00000      0.00000      5.00000      5.00000      0.00000
    4  !e-!              21        11    2           0           0      0.00000     -0.00000     -5.00000      5.00000      0.00000
    5  !e+!              21       -11    3           0           0      0.00000      0.00000      5.00000      5.00000      0.00000
    6  !e-!              21        11    4           0           0      0.00000      0.00000     -5.00000      5.00000      0.00000
    7  !gamma!           21        22    5           0           0      0.03046      0.00696      4.86921      4.86931      0.00000
    8  !e+!              21       -11    5           0           0     -0.22423     -0.21411     -0.06332      0.31644      0.00051
    9  !e-!              21        11    6           0           0      0.19376      0.20715     -4.80589      4.81425      0.00051
   10  gamma              1        22    7           0           0      0.03046      0.00696      4.86921      4.86931      0.00000
   11  e+                 1       -11    8           0           0     -0.22423     -0.21411     -0.06332      0.31644      0.00051
   12  e-                 1        11    9           0           0      0.19376      0.20715     -4.80589      4.81425      0.00051
   13  gamma              1        22    1           0           0      0.00000     -0.00000      0.00000      0.00000      0.00000
   14  gamma              1        22    2           0           0     -0.00000      0.00000     -0.00000      0.00000      0.00000
                   sum charge:  0.00   sum momentum and inv. mass:     -0.00000      0.00000      0.00000     10.00000     10.00000

 Jet momenta (ktclus):
 Jet Pts:
 Jet momenta (getjet):
 Jet Pts:

 Event number:            6



                            Event listing (standard)

    I  particle/jet  K(I,1)   K(I,2) K(I,3)     K(I,4)      K(I,5)       P(I,1)       P(I,2)       P(I,3)       P(I,4)       P(I,5)

    1  !e+!              21       -11    0           0           0      0.00000      0.00000      5.00000      5.00000      0.00051
    2  !e-!              21        11    0           0           0      0.00000      0.00000     -5.00000      5.00000      0.00051
    3  !e+!              21       -11    1           0           0      0.00000     -0.00000      5.00000      5.00000      0.00000
    4  !e-!              21        11    2           0           0      0.00000      0.00000     -5.00000      5.00000      0.00000
    5  !e+!              21       -11    3           0           0      0.00000      0.00000      5.00000      5.00000      0.00000
    6  !e-!              21        11    4           0           0      0.00000      0.00000     -5.00000      5.00000      0.00000
    7  !gamma!           21        22    5           0           0      0.00016      0.00029      0.51731      0.51731      0.00000
    8  !e+!              21       -11    5           0           0     -0.00095      0.00400      4.48269      4.48269      0.00051
    9  !e-!              21        11    6           0           0      0.00079     -0.00429     -5.00000      5.00000      0.00051
   10  gamma              1        22    7           0           0      0.00016      0.00029      0.51731      0.51731      0.00000
   11  e+                 1       -11    8           0           0     -0.00095      0.00400      4.48269      4.48269      0.00051
   12  e-                 1        11    9           0           0      0.00079     -0.00429     -5.00000      5.00000      0.00051
   13  gamma              1        22    1           0           0     -0.00000      0.00000      0.00000      0.00000      0.00000
   14  gamma              1        22    2           0           0     -0.00000     -0.00000     -0.00000      0.00000      0.00000
                   sum charge:  0.00   sum momentum and inv. mass:      0.00000      0.00000     -0.00000     10.00000     10.00000

 Jet momenta (ktclus):
 Jet Pts:
 Jet momenta (getjet):
 Jet Pts:

 Event number:            7



                            Event listing (standard)

    I  particle/jet  K(I,1)   K(I,2) K(I,3)     K(I,4)      K(I,5)       P(I,1)       P(I,2)       P(I,3)       P(I,4)       P(I,5)

    1  !e+!              21       -11    0           0           0      0.00000      0.00000      5.00000      5.00000      0.00051
    2  !e-!              21        11    0           0           0      0.00000      0.00000     -5.00000      5.00000      0.00051
    3  !e+!              21       -11    1           0           0     -0.00000      0.00000      5.00000      5.00000      0.00000
    4  !e-!              21        11    2           0           0      0.00000      0.00000     -5.00000      5.00000      0.00000
    5  !e+!              21       -11    3           0           0      0.00000      0.00000      5.00000      5.00000      0.00000
    6  !e-!              21        11    4           0           0      0.00000      0.00000     -5.00000      5.00000      0.00000
    7  !gamma!           21        22    5           0           0      0.00232      0.00338      4.41049      4.41050      0.00000
    8  !e+!              21       -11    5           0           0     -0.00489     -0.00384      0.58949      0.58952      0.00051
    9  !e-!              21        11    6           0           0      0.00256      0.00045     -4.99998      4.99998      0.00051
   10  gamma              1        22    7           0           0      0.00232      0.00338      4.41049      4.41050      0.00000
   11  e+                 1       -11    8           0           0     -0.00489     -0.00384      0.58949      0.58952      0.00051
   12  e-                 1        11    9           0           0      0.00256      0.00045     -4.99998      4.99998      0.00051
   13  gamma              1        22    1           0           0      0.00000     -0.00000      0.00000      0.00000      0.00000
   14  gamma              1        22    2           0           0     -0.00000     -0.00000     -0.00000      0.00000      0.00000
                   sum charge:  0.00   sum momentum and inv. mass:      0.00000      0.00000     -0.00000     10.00000     10.00000

 Jet momenta (ktclus):
 Jet Pts:
 Jet momenta (getjet):
 Jet Pts:

 Event number:            8



                            Event listing (standard)

    I  particle/jet  K(I,1)   K(I,2) K(I,3)     K(I,4)      K(I,5)       P(I,1)       P(I,2)       P(I,3)       P(I,4)       P(I,5)

    1  !e+!              21       -11    0           0           0      0.00000      0.00000      5.00000      5.00000      0.00051
    2  !e-!              21        11    0           0           0      0.00000      0.00000     -5.00000      5.00000      0.00051
    3  !e+!              21       -11    1           0           0     -0.00000      0.00000      5.00000      5.00000      0.00000
    4  !e-!              21        11    2           0           0      0.00000      0.00000     -5.00000      5.00000      0.00000
    5  !e+!              21       -11    3           0           0      0.00000      0.00000      5.00000      5.00000      0.00000
    6  !e-!              21        11    4           0           0      0.00000      0.00000     -5.00000      5.00000      0.00000
    7  !gamma!           21        22    5           0           0     -0.00003      0.00010      0.20225      0.20225      0.00000
    8  !e+!              21       -11    5           0           0     -0.00013      0.00046      4.79775      4.79775      0.00051
    9  !e-!              21        11    6           0           0      0.00016     -0.00055     -5.00000      5.00000      0.00051
   10  gamma              1        22    7           0           0     -0.00003      0.00010      0.20225      0.20225      0.00000
   11  e+                 1       -11    8           0           0     -0.00013      0.00046      4.79775      4.79775      0.00051
   12  e-                 1        11    9           0           0      0.00016     -0.00055     -5.00000      5.00000      0.00051
   13  gamma              1        22    1           0           0      0.00000     -0.00000      0.00000      0.00000      0.00000
   14  gamma              1        22    2           0           0     -0.00000     -0.00000     -0.00000      0.00000      0.00000
                   sum charge:  0.00   sum momentum and inv. mass:      0.00000     -0.00000     -0.00000     10.00000     10.00000

 Jet momenta (ktclus):
 Jet Pts:
 Jet momenta (getjet):
 Jet Pts:

 Event number:            9



                            Event listing (standard)

    I  particle/jet  K(I,1)   K(I,2) K(I,3)     K(I,4)      K(I,5)       P(I,1)       P(I,2)       P(I,3)       P(I,4)       P(I,5)

    1  !e+!              21       -11    0           0           0      0.00000      0.00000      5.00000      5.00000      0.00051
    2  !e-!              21        11    0           0           0      0.00000      0.00000     -5.00000      5.00000      0.00051
    3  !e+!              21       -11    1           0           0     -0.00000      0.00000      5.00000      5.00000      0.00000
    4  !e-!              21        11    2           0           0      0.00000      0.00000     -5.00000      5.00000      0.00000
    5  !e+!              21       -11    3           0           0      0.00000      0.00000      5.00000      5.00000      0.00000
    6  !e-!              21        11    4           0           0      0.00000      0.00000     -5.00000      5.00000      0.00000
    7  !gamma!           21        22    5           0           0      0.00013     -0.00003      1.58988      1.58988      0.00000
    8  !e+!              21       -11    5           0           0     -0.00197     -0.00107      3.41012      3.41012      0.00051
    9  !e-!              21        11    6           0           0      0.00184      0.00110     -5.00000      5.00000      0.00051
   10  gamma              1        22    7           0           0      0.00013     -0.00003      1.58988      1.58988      0.00000
   11  e+                 1       -11    8           0           0     -0.00197     -0.00107      3.41012      3.41012      0.00051
   12  e-                 1        11    9           0           0      0.00184      0.00110     -5.00000      5.00000      0.00051
   13  gamma              1        22    1           0           0      0.00000     -0.00000      0.00000      0.00000      0.00000
   14  gamma              1        22    2           0           0     -0.00000     -0.00000     -0.00000      0.00000      0.00000
                   sum charge:  0.00   sum momentum and inv. mass:      0.00000      0.00000     -0.00000     10.00000     10.00000

 Jet momenta (ktclus):
 Jet Pts:
 Jet momenta (getjet):
 Jet Pts:

 Event number:           10



                            Event listing (standard)

    I  particle/jet  K(I,1)   K(I,2) K(I,3)     K(I,4)      K(I,5)       P(I,1)       P(I,2)       P(I,3)       P(I,4)       P(I,5)

    1  !e+!              21       -11    0           0           0      0.00000      0.00000      5.00000      5.00000      0.00051
    2  !e-!              21        11    0           0           0      0.00000      0.00000     -5.00000      5.00000      0.00051
    3  !e+!              21       -11    1           0           0      0.00000     -0.00000      5.00000      5.00000      0.00000
    4  !e-!              21        11    2           0           0     -0.00000      0.00000     -5.00000      5.00000      0.00000
    5  !e+!              21       -11    3           0           0      0.00000      0.00000      5.00000      5.00000      0.00000
    6  !e-!              21        11    4           0           0      0.00000      0.00000     -5.00000      5.00000      0.00000
    7  !gamma!           21        22    5           0           0      0.00011     -0.00012      0.92169      0.92169      0.00000
    8  !e+!              21       -11    5           0           0     -0.00092      0.00034      4.07831      4.07831      0.00051
    9  !e-!              21        11    6           0           0      0.00080     -0.00022     -5.00000      5.00000      0.00051
   10  gamma              1        22    7           0           0      0.00011     -0.00012      0.92169      0.92169      0.00000
   11  e+                 1       -11    8           0           0     -0.00092      0.00034      4.07831      4.07831      0.00051
   12  e-                 1        11    9           0           0      0.00080     -0.00022     -5.00000      5.00000      0.00051
   13  gamma              1        22    1           0           0     -0.00000      0.00000      0.00000      0.00000      0.00000
   14  gamma              1        22    2           0           0      0.00000     -0.00000     -0.00000      0.00000      0.00000
                   sum charge:  0.00   sum momentum and inv. mass:     -0.00000      0.00000     -0.00000     10.00000     10.00000

 Jet momenta (ktclus):
 Jet Pts:
 Jet momenta (getjet):
 Jet Pts:

          STDXEND:      26333 words i/o with     9579 efficiency 
 Done. Wrote           62  lhe events.
