 Process in group number            1
 No PDF is used, alpha_s(MZ) from param_card is used
 Value of alpha_s from param_card:   0.11800000071525575     
 The default order of alpha_s running is fixed to            2
 Warning: pt or E min of a gamma should in general be >0
 *****************************************************
 *               MadGraph/MadEvent                   *
 *        --------------------------------           *
 *          http://madgraph.hep.uiuc.edu             *
 *          http://madgraph.phys.ucl.ac.be           *
 *          http://madgraph.roma2.infn.it            *
 *        --------------------------------           *
 *                                                   *
 *          PARAMETER AND COUPLING VALUES            *
 *                                                   *
 *****************************************************

  External Params
  ---------------------------------
  
 mdl_MB =    4.6999998092651367     
 mdl_MT =    173.00000000000000     
 mdl_MTA =    1.7769999504089355     
 mdl_MZ =    91.188003540039063     
 mdl_MH =    125.00000000000000     
 aEWM1 =    132.50700378417969     
 mdl_Gf =   1.16639000000000003E-005
 aS =   0.11800000071525575     
 mdl_ymb =    4.6999998092651367     
 mdl_ymt =    173.00000000000000     
 mdl_ymtau =    1.7769999504089355     
 mdl_WT =    1.4915000200271606     
 mdl_WZ =    2.4414041042327881     
 mdl_WW =    2.0476000308990479     
 mdl_WH =   6.38233916833996773E-003
  Internal Params
  ---------------------------------
  
 mdl_conjg__CKM3x3 =    1.0000000000000000     
 mdl_CKM3x3 =    1.0000000000000000     
 mdl_conjg__CKM1x1 =    1.0000000000000000     
 mdl_complexi =  (  0.0000000000000000     ,  1.0000000000000000     )
 mdl_MZ__exp__2 =    8315.2519896181766     
 mdl_MZ__exp__4 =    69143415.650849044     
 mdl_sqrt__2 =    1.4142135623730951     
 mdl_MH__exp__2 =    15625.000000000000     
 mdl_aEW =   7.54677089845565054E-003
 mdl_MW =    80.419007276179556     
 mdl_sqrt__aEW =   8.68721526063194194E-002
 mdl_ee =   0.30795376284704501     
 mdl_MW__exp__2 =    6467.2167312862202     
 mdl_sw2 =   0.22224645274001076     
 mdl_cw =   0.88190336616887299     
 mdl_sqrt__sw2 =   0.47143022043565552     
 mdl_sw =   0.47143022043565552     
 mdl_g1 =   0.34919218438279087     
 mdl_gw =   0.65323296958447097     
 mdl_vev =    246.21845810181631     
 mdl_vev__exp__2 =    60623.529110035874     
 mdl_lam =   0.12886910601690271     
 mdl_yb =   2.69955531549349904E-002
 mdl_yt =   0.99366614581500645     
 mdl_ytau =   1.02066167158167895E-002
 mdl_muH =    88.388347648318444     
 mdl_I1x33 =  ( 2.69955531549349904E-002,  0.0000000000000000     )
 mdl_I2x33 =  ( 0.99366614581500645     ,  0.0000000000000000     )
 mdl_I3x33 =  ( 0.99366614581500645     ,  0.0000000000000000     )
 mdl_I4x33 =  ( 2.69955531549349904E-002,  0.0000000000000000     )
 mdl_ee__exp__2 =   9.48355200516540348E-002
 mdl_sw__exp__2 =   0.22224645274001076     
 mdl_cw__exp__2 =   0.77775354725998924     
  Internal Params evaluated point by point
  ----------------------------------------
  
 mdl_sqrt__aS =   0.34351128178744839     
 mdl_G__exp__2 =    1.4828317414825511     
  Couplings of sm
  ---------------------------------
  
         GC_3 =  -0.00000E+00  -0.30795E+00
        GC_50 =  -0.00000E+00  -0.28804E+00
        GC_59 =   0.00000E+00   0.82310E-01

 Collider parameters:
 --------------------

 Running at e e   machine @    10.000000000000000       GeV
 PDF set = none   
 alpha_s(Mz)= 0.1180 running at 2 loops.
 alpha_s(Mz)= 0.1180 running at 2 loops.
 Renormalization scale set on event-by-event basis
 Factorization   scale set on event-by-event basis


 getting user params
Enter number of events and max and min iterations: 
 Number of events and iterations         1000           9           3
Enter desired fractional accuracy: 
 Desired fractional accuracy:  -1.10059999999999990E-009
Enter 0 for fixed, 2 for adjustable grid: 
Suppress amplitude (0 no, 1 yes)? 
 Using suppressed amplitude.
Exact helicity sum (0 yes, n = number/event)? 
 Explicitly summing over helicities
Enter Configuration Number: 
Running Configuration Number:    5
 Not subdividing B.W.
 Attempting mappinvarients           1           5
 Completed mapping           5
 about to integrate            5        1000           9           3           5           1
 Keeping grid fixed.
  5 dimensions   1000 events  5 invarients  9 iterations  1 config(s),  (0.99)
 Using h-tuple random number sequence.
 Grid read from file
 Grid defined OK
 Set CM energy to         10.00
 Mapping Graph           5  to config           5
 Warning: No cutoff for shat integral found
          Minimum set to   1.00000000000000002E-002
 No modification is setgrid, grid read from file
 Warning: No cutoff for shat integral found
          Minimum set to   1.00000000000000002E-002
 No modification is setgrid, grid read from file
 Masses: 0.000E+00 0.000E+00 0.000E+00 0.000E+00 0.000E+00
   5   1   2   3   4   5
 Got moffset          18
Using random seed offsets     5 :      1
  with seed                   48
 Ranmar initialization seeds       30238        6087
  Particle       3       4       5
      Et >     0.0    -1.0    -1.0
       E >     0.0     0.0     0.0
     Eta <    -1.0    -1.0    -1.0
   xqcut:      0.0     0.0     0.0
d R # 3  >    -0.0     0.4     0.4
d R # 4  >    -0.0    -0.0     0.0
s min # 3>     0.0     0.0     0.0
s min # 4>     0.0     0.0     0.0
xqcutij # 3>     0.0     0.0     0.0
xqcutij # 4>     0.0     0.0     0.0
 alpha_s for scale    2.2360680321311959       is   0.28377210869183733     
 Added good helicity            1   4.0900239156971150       in event            1
 Added good helicity            5   3.9099760931284231       in event            1
 Added good helicity           10   4.0900235159422698       in event            1
 Added good helicity           14   3.9099764752325186       in event            1
 Added good helicity           19   3.9099764752330417       in event            1
 Added good helicity           23   4.0900235159417342       in event            1
 Added good helicity           28   3.9099760931276060       in event            1
 Added good helicity           32   4.0900239156972908       in event            1
 Added good helicity           11   2.3841302624018015       in event           31
 Added good helicity           15   2.2954307518352892       in event           31
 Added good helicity           18   2.2954307524105708       in event           31
 Added good helicity           22   2.3841302618042914       in event           31
 Iteration  1   Mean: 0.2209E+14 Abs mean: 0.2209E+14   Fluctuation:  0.787E+13   0.651E+16    99.3%
  1    0.2209E+14 0.2209E+14 +- 0.7866E+13     11.26
 Writing out events   2472162432.2517381        11.257587000513631     
 Relative summed weights:
  0.1000E+01  0.0000E+00
 Relative number of events:
  0.1000E+01  0.0000E+00
 Events:
        1000           0
 Iteration  2   Mean: 0.2654E+14 Abs mean: 0.2654E+14   Fluctuation:  0.893E+13   0.122E+17    99.5%
  2    0.2654E+14 0.2654E+14 +- 0.8926E+13     15.04
 Relative summed weights:
  0.1000E+01  0.0000E+00
 Relative number of events:
  0.1000E+01  0.0000E+00
 Events:
        2000           0
 Iteration  3   Mean: 0.5070E+14 Abs mean: 0.5070E+14   Fluctuation:  0.204E+14   0.645E+17    99.5%
  3    0.5070E+14 0.5070E+14 +- 0.2040E+14     25.45
 Relative summed weights:
  0.1000E+01  0.0000E+00
 Relative number of events:
  0.1000E+01  0.0000E+00
 Events:
        4000           0
 Found          117  events.
 Wrote            3  events.
 Actual xsec    31524137067894.500     
 Correct abs xsec    31524137067894.500     
 Event xsec    31524137067894.504     
 Events wgts > 1:            0
 % Cross section > 1:    0.0000000000000000        0.0000000000000000     
 Checking number of events   34695.465256924683                3  chi2:    1.3160153093655811     
 Found          117  events.
 Wrote            4  events.
 Actual xsec    31524137067894.500     
 Correct abs xsec    31524137067894.500     
 Event xsec    31524137067894.500     
 Events wgts > 1:            0
 % Cross section > 1:    0.0000000000000000        0.0000000000000000     
 Iteration  4   Mean: 0.1671E+15 Abs mean: 0.1671E+15   Fluctuation:  0.962E+14   0.690E+18    99.5%
  4    0.1671E+15 0.1671E+15 +- 0.9617E+14     51.47
 Relative summed weights:
  0.1000E+01  0.0000E+00
 Relative number of events:
  0.1000E+01  0.0000E+00
 Events:
        8000           0
 Found          149  events.
 Wrote            2  events.
 Actual xsec    58346500443123.508     
 Correct abs xsec    58346500443123.508     
 Event xsec    58346500443123.516     
 Events wgts > 1:            1
 % Cross section > 1:    1217545.7304687500       2.08675022704338550E-006
 Checking number of events   64216.158387701726                2  chi2:    7.0564454581480645     
 Found          149  events.
 Wrote            2  events.
 Actual xsec    58346500443123.508     
 Correct abs xsec    58346500443123.508     
 Event xsec    58346500443123.516     
 Events wgts > 1:            1
 % Cross section > 1:    1217545.7304687500       2.08675022704338550E-006
 Iteration  5   Mean: 0.1901E+15 Abs mean: 0.1901E+15   Fluctuation:  0.881E+14   0.104E+19    99.6%
  5    0.1901E+15 0.1901E+15 +- 0.8810E+14     58.61
 Relative summed weights:
  0.1000E+01  0.0000E+00
 Relative number of events:
  0.1000E+01  0.0000E+00
 Events:
       16000           0
 Found          154  events.
 Wrote            2  events.
 Actual xsec    122959027073878.81     
 Correct abs xsec    122959027073878.81     
 Event xsec    122959027073878.81     
 Events wgts > 1:            0
 % Cross section > 1:    0.0000000000000000        0.0000000000000000     
 Checking number of events   135328.70519751101                2  chi2:    6.6682585556485172     
 Found          154  events.
 Wrote            3  events.
 Actual xsec    122959027073878.81     
 Correct abs xsec    122959027073878.81     
 Event xsec    122959027073878.83     
 Events wgts > 1:            0
 % Cross section > 1:    0.0000000000000000        0.0000000000000000     
 Iteration  6   Mean: 0.1750E+15 Abs mean: 0.1750E+15   Fluctuation:  0.679E+14   0.186E+19    99.6%
  6    0.1750E+15 0.1750E+15 +- 0.6792E+14     69.41
 Relative summed weights:
  0.1000E+01  0.0000E+00
 Relative number of events:
  0.1000E+01  0.0000E+00
 Events:
       32000           0
 Found          235  events.
 Wrote            2  events.
 Actual xsec    178280933413223.69     
 Correct abs xsec    178280933413223.69     
 Event xsec    178280933413223.69     
 Events wgts > 1:            1
 % Cross section > 1:    114991.43750000000       6.45001320659849693E-008
 Checking number of events   196215.99531459398                2  chi2:   1.69458819326081915E-002
 Found          235  events.
 Wrote            3  events.
 Actual xsec    178280933413223.69     
 Correct abs xsec    178280933413223.69     
 Event xsec    178280933413223.69     
 Events wgts > 1:            1
 % Cross section > 1:    76660.960937500000       4.30000895046995588E-008
 Iteration  7   Mean: 0.5337E+16 Abs mean: 0.5337E+16   Fluctuation:  0.405E+16   0.244E+21    99.5%
  7    0.5337E+16 0.5337E+16 +- 0.4047E+16    191.80
 Relative summed weights:
  0.1000E+01  0.0000E+00
 Relative number of events:
  0.1000E+01  0.0000E+00
 Events:
       64000           0
 Found          586  events.
 Wrote            1  events.
 Actual xsec    869139459398390.50     
 Correct abs xsec    869139459398390.50     
 Event xsec    869139459398390.50     
 Events wgts > 1:            0
 % Cross section > 1:    0.0000000000000000        0.0000000000000000     
 Checking number of events   956574.88901386852                1  chi2:    82.531458060946164     
 Found          586  events.
 Wrote            1  events.
 Actual xsec    869139459398390.50     
 Correct abs xsec    869139459398390.50     
 Event xsec    869139459398390.50     
 Events wgts > 1:            0
 % Cross section > 1:    0.0000000000000000        0.0000000000000000     
 Iteration  8   Mean: 0.2653E+15 Abs mean: 0.2653E+15   Fluctuation:  0.593E+14   0.439E+19    99.5%
  8    0.2653E+15 0.2653E+15 +- 0.5934E+14     80.01
 Relative summed weights:
  0.1000E+01  0.0000E+00
 Relative number of events:
  0.1000E+01  0.0000E+00
 Events:
      128000           0
 Found          163  events.
 Wrote            6  events.
 Actual xsec    555153204519596.63     
 Correct abs xsec    555153204519596.63     
 Event xsec    555153204519596.50     
 Events wgts > 1:            1
 % Cross section > 1:    6968180777426.3750        1.2551815824347643     
 Checking number of events   611001.61689426797                6  chi2:    28.284948926253076     
 Found          163  events.
 Wrote            9  events.
 Actual xsec    555153204519596.63     
 Correct abs xsec    555153204519596.63     
 Event xsec    555153204519596.50     
 Events wgts > 1:            1
 % Cross section > 1:    4664971807267.7813       0.84030349987885400     
 Iteration  9   Mean: 0.5217E+15 Abs mean: 0.5217E+15   Fluctuation:  0.162E+15   0.311E+20    99.5%
  9    0.5217E+15 0.5217E+15 +- 0.1621E+15    157.25
 Relative summed weights:
  0.1000E+01  0.0000E+00
 Relative number of events:
  0.1000E+01  0.0000E+00
 Events:
      256000           0
 Found         1713  events.
 Wrote            5  events.
 Actual xsec    623044654723556.38     
 Correct abs xsec    623044654723556.38     
 Event xsec    623044654723556.38     
 Events wgts > 1:            0
 % Cross section > 1:    0.0000000000000000        0.0000000000000000     
 Checking number of events   685722.94698874606                5  chi2:    19.041444369727735     
 Found         1713  events.
 Wrote            2  events.
 Actual xsec    623044654723556.38     
 Correct abs xsec    623044654723556.38     
 Event xsec    623044654723556.38     
 Events wgts > 1:            0
 % Cross section > 1:    0.0000000000000000        0.0000000000000000     

 -------------------------------------------------------------------------------
 Accumulated results:   Integral =  0.3357E+15
                        Std dev  =  0.4032E+14
                       Cross sec =  0.3357E+15
             Chi**2 per DoF.     =     51.5405
 -------------------------------------------------------------------------------
-------------------------------------------------
---------------------------
 Results Last   3 iters: Integral =   0.6230E+15
                     Abs integral =   0.6230E+15
                          Std dev =   0.1100E+15
                  Chi**2 per DoF. =     19.0414
-------------------------------------------------
---------------------------
 Status -1.10059999999999990E-009          10           9
 Trying w/ fresh grid
 Starting w/ ncall =         4000
 Keeping grid fixed.
  5 dimensions   4000 events  5 invarients  8 iterations  1 config(s),  (0.99)
 Using h-tuple random number sequence.
 Error opening grid
 Using Uniform Grid!
 Using uniform alpha   1.0000000000000000     
 Grid defined OK
 Warning: No cutoff for shat integral found
          Minimum set to   1.00000000000000002E-002
Setting grid   1    0.10000E-01   1
 Warning: No cutoff for shat integral found
          Minimum set to   1.00000000000000002E-002
Setting grid   2    0.10000E-01   1
 Iteration  1   Mean: 0.1675E+05 Abs mean: 0.1675E+05   Fluctuation:  0.595E+04   0.214E+08    98.1%
  1    0.1675E+05 0.1675E+05 +- 0.5952E+04     22.47
 Relative summed weights:
  0.1000E+01  0.0000E+00
 Relative number of events:
  0.1000E+01  0.0000E+00
 Events:
        4000           0
 Iteration  2   Mean: 0.1314E+06 Abs mean: 0.1314E+06   Fluctuation:  0.533E+05   0.326E+09    98.9%
  2    0.1314E+06 0.1314E+06 +- 0.5332E+05     36.29
 Relative summed weights:
  0.1000E+01  0.0000E+00
 Relative number of events:
  0.1000E+01  0.0000E+00
 Events:
        8000           0
 Iteration  3   Mean: 0.1318E+08 Abs mean: 0.1318E+08   Fluctuation:  0.123E+08   0.197E+12    98.2%
  3    0.1318E+08 0.1318E+08 +- 0.1233E+08    118.34
 Relative summed weights:
  0.1000E+01  0.0000E+00
 Relative number of events:
  0.1000E+01  0.0000E+00
 Events:
       16000           0
 Found          559  events.
 Wrote            1  events.
 Actual xsec    1055980.5746352468     
 Correct abs xsec    1055980.5746352468     
 Event xsec    1055980.5746352468     
 Events wgts > 1:            0
 % Cross section > 1:    0.0000000000000000        0.0000000000000000     
 Checking number of events  1.16221222044355244E-003           1  chi2:    15394.829077665458     
 Found          559  events.
 Wrote            1  events.
 Actual xsec    1055980.5746352468     
 Correct abs xsec    1055980.5746352468     
 Event xsec    1055980.5746352468     
 Events wgts > 1:            0
 % Cross section > 1:    0.0000000000000000        0.0000000000000000     
 Iteration  4   Mean: 0.3362E+09 Abs mean: 0.3362E+09   Fluctuation:  0.226E+09   0.621E+13    98.8%
  4    0.3362E+09 0.3362E+09 +- 0.2260E+09    120.23
 Relative summed weights:
  0.1000E+01  0.0000E+00
 Relative number of events:
  0.1000E+01  0.0000E+00
 Events:
       32000           0
 Found          327  events.
 Wrote            2  events.
 Actual xsec    80601437.273303449     
 Correct abs xsec    80601437.273303449     
 Event xsec    80601437.273303449     
 Events wgts > 1:            0
 % Cross section > 1:    0.0000000000000000        0.0000000000000000     
 Checking number of events  8.87099418629977710E-002           2  chi2:    1138658.9154277393     
 Found          327  events.
 Wrote            1  events.
 Actual xsec    80601437.273303449     
 Correct abs xsec    80601437.273303449     
 Event xsec    80601437.273303449     
 Events wgts > 1:            0
 % Cross section > 1:    0.0000000000000000        0.0000000000000000     
 Iteration  5   Mean: 0.8140E+09 Abs mean: 0.8140E+09   Fluctuation:  0.465E+09   0.287E+14    99.1%
  5    0.8140E+09 0.8140E+09 +- 0.4651E+09    144.56
 Relative summed weights:
  0.1000E+01  0.0000E+00
 Relative number of events:
  0.1000E+01  0.0000E+00
 Events:
       64000           0
 Found          620  events.
 Wrote            1  events.
 Actual xsec    506686867.25081027     
 Correct abs xsec    506686867.25081027     
 Event xsec    506686867.25081027     
 Events wgts > 1:            1
 % Cross section > 1:    19.822529554367065       3.91218538225007982E-006
 Checking number of events  0.55765956609624168                1  chi2:    801.56656528119288     
 Found          620  events.
 Wrote            1  events.
 Actual xsec    506686867.25081027     
 Correct abs xsec    506686867.25081027     
 Event xsec    506686867.25081027     
 Events wgts > 1:            1
 % Cross section > 1:    19.822529554367065       3.91218538225007982E-006
 Fixing grid
 Iteration  6   Mean: 0.1508E+12 Abs mean: 0.1508E+12   Fluctuation:  0.137E+12   0.175E+17    99.2%
  6    0.1508E+12 0.1508E+12 +- 0.1370E+12    325.01
 Relative summed weights:
  0.1000E+01  0.0000E+00
 Relative number of events:
  0.1000E+01  0.0000E+00
 Events:
      128000           0
 Found         5197  events.
 Wrote            1  events.
 Actual xsec    28666484786.322670     
 Correct abs xsec    28666484786.322670     
 Event xsec    28666484786.322670     
 Events wgts > 1:            1
 % Cross section > 1:    4749.0865974426270       1.65666862639136944E-005
 Checking number of events   31.550333155826728                1  chi2:    9653.0256477015719     
 Found         5197  events.
 Wrote            1  events.
 Actual xsec    28666484786.322670     
 Correct abs xsec    28666484786.322670     
 Event xsec    28666484786.322670     
 Events wgts > 1:            1
 % Cross section > 1:    4749.0865974426270       1.65666862639136944E-005
 Iteration  7   Mean: 0.9713E+11 Abs mean: 0.9713E+11   Fluctuation:  0.560E+11   0.123E+17    99.2%
  7    0.9713E+11 0.9713E+11 +- 0.5595E+11    291.47
 Relative summed weights:
  0.1000E+01  0.0000E+00
 Relative number of events:
  0.1000E+01  0.0000E+00
 Events:
      256000           0
 Found          463  events.
 Wrote            1  events.
 Actual xsec    65579201146.282982     
 Correct abs xsec    65579201146.282982     
 Event xsec    65579201146.282982     
 Events wgts > 1:            0
 % Cross section > 1:    0.0000000000000000        0.0000000000000000     
 Checking number of events   72.176468781599041                1  chi2:    9693.5763621611204     
 Found          463  events.
 Wrote            1  events.
 Actual xsec    65579201146.282982     
 Correct abs xsec    65579201146.282982     
 Event xsec    65579201146.282982     
 Events wgts > 1:            0
 % Cross section > 1:    0.0000000000000000        0.0000000000000000     
 Iteration  8   Mean: 0.5117E+11 Abs mean: 0.5117E+11   Fluctuation:  0.188E+11   0.722E+16    99.2%
  8    0.5117E+11 0.5117E+11 +- 0.1879E+11    262.78
 Relative summed weights:
  0.1000E+01  0.0000E+00
 Relative number of events:
  0.1000E+01  0.0000E+00
 Events:
      512000           0
 Found         1204  events.
 Wrote            3  events.
 Actual xsec    259938061732023.75     
 Correct abs xsec    259938061732023.75     
 Event xsec    259938061732023.72     
 Events wgts > 1:            1
 % Cross section > 1:    5195519.5000000000       1.99875288189083418E-006
 Checking number of events   80.830329842727750                3  chi2:   0.95123607700631851     
 Found         1204  events.
 Wrote            5  events.
 Actual xsec    259938061732023.75     
 Correct abs xsec    259938061732023.75     
 Event xsec    259938061732023.72     
 Events wgts > 1:            1
 % Cross section > 1:    3117311.7187500000       1.19925173634775736E-006

 -------------------------------------------------------------------------------
 Accumulated results:   Integral =  0.2677E+11
                        Std dev  =  0.4728E+10
                       Cross sec =  0.2677E+11
             Chi**2 per DoF.     =     10.4531
 -------------------------------------------------------------------------------
-------------------------------------------------
---------------------------
 Results Last   3 iters: Integral =   0.7344E+11
                     Abs integral =   0.7344E+11
                         Std dev =   0.2153E+11
                 Chi**2 per DoF. =      0.9512
-------------------------------------------------
---------------------------

ls status:
events.lhe
ftn25
ftn26
input_sg.txt
log.txt
moffset.dat
results.dat
run1_app.log
