1                                                                              
 ******************************************************************************
 ******************************************************************************
 **                                                                          **
 **                                                                          **
 **              *......*                  Welcome to the Lund Monte Carlo!  **
 **         *:::!!:::::::::::*                                               **
 **      *::::::!!::::::::::::::*          PPP  Y   Y TTTTT H   H III   A    **
 **    *::::::::!!::::::::::::::::*        P  P  Y Y    T   H   H  I   A A   **
 **   *:::::::::!!:::::::::::::::::*       PPP    Y     T   HHHHH  I  AAAAA  **
 **   *:::::::::!!:::::::::::::::::*       P      Y     T   H   H  I  A   A  **
 **    *::::::::!!::::::::::::::::*!       P      Y     T   H   H III A   A  **
 **      *::::::!!::::::::::::::* !!                                         **
 **      !! *:::!!:::::::::::*    !!       This is PYTHIA version 6.426      **
 **      !!     !* -><- *         !!       Last date of change: 16 Nov 2011  **
 **      !!     !!                !!                                         **
 **      !!     !!                !!       Now is  0 Jan 2000 at  0:00:00    **
 **      !!                       !!                                         **
 **      !!        lh             !!       Disclaimer: this program comes    **
 **      !!                       !!       without any guarantees. Beware    **
 **      !!                 hh    !!       of errors and use common sense    **
 **      !!    ll                 !!       when interpreting results.        **
 **      !!                       !!                                         **
 **      !!                                Copyright T. Sjostrand (2011)     **
 **                                                                          **
 ** An archive of program versions and documentation is found on the web:    **
 ** http://www.thep.lu.se/~torbjorn/Pythia.html                              **
 **                                                                          **
 ** When you cite this program, the official reference is to the 6.4 manual: **
 ** T. Sjostrand, S. Mrenna and P. Skands, JHEP05 (2006) 026                 **
 ** (LU TP 06-13, FERMILAB-PUB-06-052-CD-T) [hep-ph/0603175].                **
 **                                                                          **
 ** Also remember that the program, to a large extent, represents original   **
 ** physics research. Other publications of special relevance to your        **
 ** studies may therefore deserve separate mention.                          **
 **                                                                          **
 ** Main author: Torbjorn Sjostrand; Department of Theoretical Physics,      **
 **   Lund University, Solvegatan 14A, S-223 62 Lund, Sweden;                **
 **   phone: + 46 - 46 - 222 48 16; e-mail: torbjorn@thep.lu.se              **
 ** Author: Stephen Mrenna; Computing Division, GDS Group,                   **
 **   Fermi National Accelerator Laboratory, MS 234, Batavia, IL 60510, USA; **
 **   phone: + 1 - 630 - 840 - 2556; e-mail: mrenna@fnal.gov                 **
 ** Author: Peter Skands; CERN/PH-TH, CH-1211 Geneva, Switzerland            **
 **   phone: + 41 - 22 - 767 24 47; e-mail: peter.skands@cern.ch             **
 **                                                                          **
 **                                                                          **
 ******************************************************************************
 ******************************************************************************
     MSTU(11)       changed from              6 to              6
     MDCY(C15,1)    changed from              1 to              0
     MSEL           changed from              1 to              0

 Reading pythia input card
     mstp(61)       changed from              2 to              1
     mstp(71)       changed from              1 to              1
     mstj(1)        changed from              1 to              1
     mstp(81)       changed from              1 to             20
     mstu(21)       changed from              2 to              1
 Set LHAPATH to /home/local1/project/Dark-Photons/madgraph/madgraph_binaries/pythia-pgs/src/PDFsets                                                 
 Opened file unweighted_events.lhe                                                           
 Running as inclusive sample (highest mult.)

 Initiating pythia with external process
1****************** PYINIT: initialization of PYTHIA routines *****************
 Reading parameter sminputs           1   132.50700000000001     
 Reading parameter sminputs           2  1.16639000000000003E-005
 Reading parameter sminputs           3  0.11799999999999999     
 Reading model: sm      
     IMSS(21)       changed from              0 to             24
 Initializing PYR with random seed           66
 Found parameter  ickkw            0
     MSTP(98)       changed from              0 to              1
 ****************** PYSLHA v1.14: SUSY/BSM SPECTRUM INTERFACE *****************
 * (PYSLHA:) Last Change 10 Jun 2010 - P.Z. Skands
 * (PYSLHA:) Ignoring MASS  entry for KF =        5 (SLHA read-in not allowed)
 * (PYSLHA:) Reading  MASS  entry for KF =        6, pole mass =     173.000
 * (PYSLHA:) Ignoring MASS  entry for KF =       15 (SLHA read-in not allowed)
 * (PYSLHA:) Reading  MASS  entry for KF =       23, pole mass =      91.188
 * (PYSLHA:) Reading  MASS  entry for KF =       25, pole mass =     125.000
 * (PYSLHA:) Ignoring MASS  entry for KF =        1 (SLHA read-in not allowed)
 * (PYSLHA:) Ignoring MASS  entry for KF =        2 (SLHA read-in not allowed)
 * (PYSLHA:) Ignoring MASS  entry for KF =        3 (SLHA read-in not allowed)
 * (PYSLHA:) Ignoring MASS  entry for KF =        4 (SLHA read-in not allowed)
 * (PYSLHA:) Ignoring MASS  entry for KF =       11 (SLHA read-in not allowed)
 * (PYSLHA:) Ignoring MASS  entry for KF =       12 (SLHA read-in not allowed)
 * (PYSLHA:) Ignoring MASS  entry for KF =       13 (SLHA read-in not allowed)
 * (PYSLHA:) Ignoring MASS  entry for KF =       14 (SLHA read-in not allowed)
 * (PYSLHA:) Ignoring MASS  entry for KF =       16 (SLHA read-in not allowed)
 * (PYSLHA:) Ignoring MASS  entry for KF =       21 (SLHA read-in not allowed)
 * (PYSLHA:) Ignoring MASS  entry for KF =       22 (SLHA read-in not allowed)
 * (PYSLHA:) Reading  MASS  entry for KF =       24, pole mass =      80.419

 ==============================================================================
 I                                                                            I
 I         PYTHIA will be initialized for e+ on e- user configuration         I
 I            with   6500.000 GeV on   6500.000 GeV beam energies             I
 I                                                                            I
 I           corresponding to  13000.000 GeV center-of-mass energy            I
 I                                                                            I
 ==============================================================================

 ******** PYMAXI: summary of differential cross-section maximum search ********

           ==========================================================
           I                                      I                 I
           I  ISUB  Subprocess name               I  Maximum value  I
           I                                      I                 I
           ==========================================================
           I                                      I                 I
           I    4   User process 2                I    3.8819D-13   I
           I    6   User process 1                I    3.3086D-12   I
           I                                      I                 I
           ==========================================================



          ********************************************************
                  STDHEP version 5.04.01 -  Aug. 29, 2005          
          ********************************************************


 STDXWOPEN WARNING: I/O is initialized for stdhep only
 ********************** PYINIT: initialization completed **********************
 Initialisation done

 Generating all events
 stdhep initialized



 ***************************************************************************
 *                         *****TAUOLA LIBRARY: VERSION 2.5 ******         *
 *                         ***********JUNE     1994***************         *
 *                         **AUTHORS: S.JADACH, Z.WAS*************         *
 *                         **R. DECKER, M. JEZABEK, J.H.KUEHN*****         *
 *                         **AVAILABLE FROM: WASM AT CERNVM ******         *
 *                         ***** PUBLISHED IN COMP. PHYS. COMM.***         *
 *                         *******CERN-TH-5856 SEPTEMBER 1990*****         *
 *                         *******CERN-TH-6195 SEPTEMBER 1991*****         *
 *                         *******CERN-TH-6793 NOVEMBER  1992*****         *
 *                         **5 or more pi dec.: precision limited          *
 *                         ******DEXAY ROUTINE: INITIALIZATION****         *
 *                   0     JAK1   = DECAY MODE FERMION1 (TAU+)             *
 *                   0     JAK2   = DECAY MODE FERMION2 (TAU-)             *
 ***************************************************************************


 ***************************************************************************

 _______________________________________________________________________________
 TAUOLA VERSION 2.1 PARAMETER SET           0
 _______________________________________________________________________________
 Printing end run statistics.
 GENP bank used for input.
 Mult. taus in event have same chirality.
 Taus polarized in W/Z rest frame.
 Helicity:    1.0000000    
 Lifetime:    295.60001     fs
 _______________________________________________________________________________
 STANDARD MODEL PARAMETERS
 Gfermi =               1.16639203E-05
 Gv =                    1.0000000    
 Ga =                   -1.0000000    
 Cos(Cabibbo_angle) =   0.97500002    
 Sin(Cabibbo_angle) =   0.22220472    
 Gamma_e =              4.04914356E-13
 1/alpha =               137.03598956100001     
 1/(alpha*pi) =         2.32281962719069982E-003
 xk0 =                  0.10000000149011612     
 _______________________________________________________________________________
 KAON/A1 DECAY PARAMETERS
 bra1  =  0.50000000    
 brk0  =  0.50000000    
 brk0b =  0.50000000    
 brks  =  0.66670001    
 _______________________________________________________________________________
 MASSES
 e     =  5.10998943E-04      nu_e  =   0.0000000    
 mu    =  0.10565837          nu_mu =   0.0000000    
 tau   =   1.7769901          nu_tau=  9.99999978E-03
 pi    =  0.13957018    
 pi0   =  0.13497660    
 rho   =  0.77579999          rho wid.=  0.15030000    
 A1    =   1.2300000          A1 wid. =  0.59899998    
 K     =  0.49367699    
 K0    =  0.49764800    
 K*    =  0.89165998          K* wid. =  5.07999994E-02
 _______________________________________________________________________________
 TAU BRANCHING RATIOS
 nchan =           22
 Tau --> e nu nu            1.0000000    
 Tau --> mu nu nu          0.97979999    
 Tau --> pi nu             0.64955997    
 Tau --> Rho (--> 2pi) nu   1.3990200    
 Tau --> A1 (--> 3pi) nu    1.0005500    
 Tau --> K nu              3.71199995E-02
 Tau --> K* nu             8.02399963E-02
 Tau --> 3pi pi0 nu        0.31222999    
 Tau --> pi 3pi0 nu         0.0000000    
 Tau --> 3pi 2pi0 nu        0.0000000    
 Tau --> 5pi nu             0.0000000    
 Tau --> 5pi pi0 nu         0.0000000    
 Tau --> 3pi 3pi0 nu        0.0000000    
 Tau --> 2K pi nu           0.0000000    
 Tau --> pi K0 K0bar nu     0.0000000    
 Tau --> K K0 pi0 nu        0.0000000    
 Tau --> K 2pi0 nu          0.0000000    
 Tau --> K 2pi nu           0.0000000    
 Tau --> pi K0bar pi0 nu    0.0000000    
 Tau --> eta pi pi0 nu      0.0000000    
 Tau --> pi pi0 gam nu      0.0000000    
 Tau --> K K0 nu            0.0000000    
 _______________________________________________________________________________
 Starting event loop

 Event number:            1

          Event listing of user process at input (simplified)

   I IST     ID Mothers   Colours    p_x      p_y      p_z       E        m
   1 -1     -11   0   0    0    0    0.000    0.000 6500.000 6500.000    0.000
   2 -1      11   0   0    0    0   -0.000   -0.000-6500.000 6500.000    0.000
   3  1      22   1   2    0    0-2280.604-6039.063 -760.638 6500.000    0.000
   4  1      22   1   2    0    0 2280.604 6039.063  760.638 6500.000    0.000



                            Event listing (standard)

    I  particle/jet  K(I,1)   K(I,2) K(I,3)     K(I,4)      K(I,5)       P(I,1)       P(I,2)       P(I,3)       P(I,4)       P(I,5)

    1  !e+!              21       -11    0           0           0      0.00000      0.00000   6500.00000   6500.00000      0.00051
    2  !e-!              21        11    0           0           0      0.00000      0.00000  -6500.00000   6500.00000      0.00051
 ==================================================================================================================================
    3  !e+!              21       -11    1           0           0     -0.00000      0.00000   6500.00000   6500.00000      0.00000
    4  !e-!              21        11    2           0           0     -0.00000      0.00000  -6500.00000   6500.00000      0.00000
    5  !e+!              21       -11    3           0           0      0.00000      0.00000   6500.00000   6500.00000      0.00000
    6  !e-!              21        11    4           0           0      0.00000      0.00000  -6500.00000   6500.00000      0.00000
    7  !gamma!           21        22    0           0           0  -2280.60386  -6039.06256   -760.63753   6500.00000      0.00000
    8  !gamma!           21        22    0           0           0   2280.60386   6039.06256    760.63753   6500.00000      0.00000
 ==================================================================================================================================
    9  gamma              1        22    7           0           0  -2280.60386  -6039.06256   -760.63753   6500.00000      0.00000
   10  gamma              1        22    8           0           0   2280.60386   6039.06256    760.63753   6500.00000      0.00000
   11  gamma              1        22    1           0           0      0.00000     -0.00000      0.00000      0.00000      0.00000
   12  gamma              1        22    2           0           0      0.00000     -0.00000     -0.00000      0.00000      0.00000
 ==================================================================================================================================
                   sum charge:  0.00   sum momentum and inv. mass:      0.00000      0.00000      0.00000  13000.00000  13000.00000
 SCALUP:    80.622579999999999     
 PS SCALE:    80.622579999999999     

 Event number:            2

          Event listing of user process at input (simplified)

   I IST     ID Mothers   Colours    p_x      p_y      p_z       E        m
   1 -1     -11   0   0    0    0    0.000    0.000 6500.000 6500.000    0.000
   2 -1      11   0   0    0    0   -0.000   -0.000-6500.000 6500.000    0.000
   3  1      22   1   2    0    0-4759.796 1379.711 4206.036 6500.000    0.000
   4  1      22   1   2    0    0 4759.796-1379.711-4206.036 6500.000    0.000



                            Event listing (standard)

    I  particle/jet  K(I,1)   K(I,2) K(I,3)     K(I,4)      K(I,5)       P(I,1)       P(I,2)       P(I,3)       P(I,4)       P(I,5)

    1  !e+!              21       -11    0           0           0      0.00000      0.00000   6500.00000   6500.00000      0.00051
    2  !e-!              21        11    0           0           0      0.00000      0.00000  -6500.00000   6500.00000      0.00051
 ==================================================================================================================================
    3  !e+!              21       -11    1           0           0     -0.00000      0.00000   6500.00000   6500.00000      0.00000
    4  !e-!              21        11    2           0           0     -0.00000      0.00000  -6500.00000   6500.00000      0.00000
    5  !e+!              21       -11    3           0           0      0.00000      0.00000   6500.00000   6500.00000      0.00000
    6  !e-!              21        11    4           0           0      0.00000      0.00000  -6500.00000   6500.00000      0.00000
    7  !gamma!           21        22    0           0           0  -4759.79622   1379.71123   4206.03577   6500.00000      0.00000
    8  !gamma!           21        22    0           0           0   4759.79622  -1379.71123  -4206.03577   6500.00000      0.00000
 ==================================================================================================================================
    9  gamma              1        22    7           0           0  -4759.79622   1379.71123   4206.03577   6500.00000      0.00000
   10  gamma              1        22    8           0           0   4759.79622  -1379.71123  -4206.03577   6500.00000      0.00000
   11  gamma              1        22    1           0           0      0.00000     -0.00000      0.00000      0.00000      0.00000
   12  gamma              1        22    2           0           0      0.00000     -0.00000     -0.00000      0.00000      0.00000
 ==================================================================================================================================
                   sum charge:  0.00   sum momentum and inv. mass:      0.00000      0.00000      0.00000  13000.00000  13000.00000
 SCALUP:    80.622579999999999     
 PS SCALE:    80.622579999999999     

 Event number:            3

          Event listing of user process at input (simplified)

   I IST     ID Mothers   Colours    p_x      p_y      p_z       E        m
   1 -1     -11   0   0    0    0    0.000    0.000 6500.000 6500.000    0.000
   2 -1      11   0   0    0    0   -0.000   -0.000-6500.000 6500.000    0.000
   3  1      22   1   2    0    0   95.193    9.846   -9.169   96.139    0.000
   4  1      22   1   2    0    0-1546.210-4823.492-4015.464 6463.806    0.000
   5  1      22   1   2    0    0 1451.017 4813.646 4024.633 6440.055    0.000



                            Event listing (standard)

    I  particle/jet  K(I,1)   K(I,2) K(I,3)     K(I,4)      K(I,5)       P(I,1)       P(I,2)       P(I,3)       P(I,4)       P(I,5)

    1  !e+!              21       -11    0           0           0      0.00000      0.00000   6500.00000   6500.00000      0.00051
    2  !e-!              21        11    0           0           0      0.00000      0.00000  -6500.00000   6500.00000      0.00051
 ==================================================================================================================================
    3  !e+!              21       -11    1           0           0     -0.00000      0.00000   6500.00000   6500.00000      0.00000
    4  !e-!              21        11    2           0           0      0.00000      0.00000  -6500.00000   6500.00000      0.00000
    5  !e+!              21       -11    3           0           0      0.00000      0.00000   6500.00000   6500.00000      0.00000
    6  !e-!              21        11    4           0           0      0.00000      0.00000  -6500.00000   6500.00000      0.00000
    7  !gamma!           21        22    0           0           0     95.19292      9.84551     -9.16883     96.13893      0.00000
    8  !gamma!           21        22    0           0           0  -1546.21017  -4823.49168  -4015.46390   6463.80602      0.00000
    9  !gamma!           21        22    0           0           0   1451.01725   4813.64617   4024.63273   6440.05505      0.00000
 ==================================================================================================================================
   10  gamma              1        22    7           0           0     95.19292      9.84551     -9.16883     96.13893      0.00000
   11  gamma              1        22    8           0           0  -1546.21017  -4823.49168  -4015.46390   6463.80602      0.00000
   12  gamma              1        22    9           0           0   1451.01725   4813.64617   4024.63273   6440.05505      0.00000
   13  gamma              1        22    1           0           0      0.00000     -0.00000      0.00000      0.00000      0.00000
   14  gamma              1        22    2           0           0     -0.00000     -0.00000     -0.00000      0.00000      0.00000
 ==================================================================================================================================
                   sum charge:  0.00   sum momentum and inv. mass:      0.00000      0.00000     -0.00000  13000.00000  13000.00000
 SCALUP:    80.322800000000001     
 PS SCALE:    80.322800000000001     

 Event number:            4

          Event listing of user process at input (simplified)

   I IST     ID Mothers   Colours    p_x      p_y      p_z       E        m
   1 -1     -11   0   0    0    0    0.000    0.000 6500.000 6500.000    0.000
   2 -1      11   0   0    0    0   -0.000   -0.000-6500.000 6500.000    0.000
   3  1      22   1   2    0    0 -914.544 -899.709 6372.137 6500.000    0.000
   4  1      22   1   2    0    0  914.544  899.709-6372.137 6500.000    0.000



                            Event listing (standard)

    I  particle/jet  K(I,1)   K(I,2) K(I,3)     K(I,4)      K(I,5)       P(I,1)       P(I,2)       P(I,3)       P(I,4)       P(I,5)

    1  !e+!              21       -11    0           0           0      0.00000      0.00000   6500.00000   6500.00000      0.00051
    2  !e-!              21        11    0           0           0      0.00000      0.00000  -6500.00000   6500.00000      0.00051
 ==================================================================================================================================
    3  !e+!              21       -11    1           0           0     -0.00000     -0.00000   6500.00000   6500.00000      0.00000
    4  !e-!              21        11    2           0           0     -0.00000     -0.00000  -6500.00000   6500.00000      0.00000
    5  !e+!              21       -11    3           0           0      0.00000      0.00000   6500.00000   6500.00000      0.00000
    6  !e-!              21        11    4           0           0      0.00000      0.00000  -6500.00000   6500.00000      0.00000
    7  !gamma!           21        22    0           0           0   -914.54416   -899.70944   6372.13715   6500.00000      0.00000
    8  !gamma!           21        22    0           0           0    914.54416    899.70944  -6372.13715   6500.00000      0.00000
 ==================================================================================================================================
    9  gamma              1        22    7           0           0   -914.54416   -899.70944   6372.13715   6500.00000      0.00000
   10  gamma              1        22    8           0           0    914.54416    899.70944  -6372.13715   6500.00000      0.00000
   11  gamma              1        22    1           0           0      0.00000      0.00000      0.00000      0.00000      0.00000
   12  gamma              1        22    2           0           0      0.00000      0.00000     -0.00000      0.00000      0.00000
 ==================================================================================================================================
                   sum charge:  0.00   sum momentum and inv. mass:      0.00000      0.00000      0.00000  13000.00000  13000.00000
 SCALUP:    80.622579999999999     
 PS SCALE:    80.622579999999999     

 Event number:            5

          Event listing of user process at input (simplified)

   I IST     ID Mothers   Colours    p_x      p_y      p_z       E        m
   1 -1     -11   0   0    0    0    0.000    0.000 6500.000 6500.000    0.000
   2 -1      11   0   0    0    0   -0.000   -0.000-6500.000 6500.000    0.000
   3  1      22   1   2    0    0-3245.040-3114.968 4692.195 6500.000    0.000
   4  1      22   1   2    0    0 3245.040 3114.968-4692.195 6500.000    0.000



                            Event listing (standard)

    I  particle/jet  K(I,1)   K(I,2) K(I,3)     K(I,4)      K(I,5)       P(I,1)       P(I,2)       P(I,3)       P(I,4)       P(I,5)

    1  !e+!              21       -11    0           0           0      0.00000      0.00000   6500.00000   6500.00000      0.00051
    2  !e-!              21        11    0           0           0      0.00000      0.00000  -6500.00000   6500.00000      0.00051
 ==================================================================================================================================
    3  !e+!              21       -11    1           0           0      0.00000      0.00000   6500.00000   6500.00000      0.00000
    4  !e-!              21        11    2           0           0     -0.00000      0.00000  -6500.00000   6500.00000      0.00000
    5  !e+!              21       -11    3           0           0      0.00000      0.00000   6500.00000   6500.00000      0.00000
    6  !e-!              21        11    4           0           0      0.00000      0.00000  -6500.00000   6500.00000      0.00000
    7  !gamma!           21        22    0           0           0  -3245.03952  -3114.96839   4692.19463   6500.00000      0.00000
    8  !gamma!           21        22    0           0           0   3245.03952   3114.96839  -4692.19463   6500.00000      0.00000
 ==================================================================================================================================
    9  gamma              1        22    7           0           0  -3245.03952  -3114.96839   4692.19463   6500.00000      0.00000
   10  gamma              1        22    8           0           0   3245.03952   3114.96839  -4692.19463   6500.00000      0.00000
   11  gamma              1        22    1           0           0     -0.00000     -0.00000      0.00000      0.00000      0.00000
   12  gamma              1        22    2           0           0      0.00000     -0.00000     -0.00000      0.00000      0.00000
 ==================================================================================================================================
                   sum charge:  0.00   sum momentum and inv. mass:      0.00000      0.00000      0.00000  13000.00000  13000.00000
 SCALUP:    80.622579999999999     
 PS SCALE:    80.622579999999999     

 Event number:            6

          Event listing of user process at input (simplified)

   I IST     ID Mothers   Colours    p_x      p_y      p_z       E        m
   1 -1     -11   0   0    0    0    0.000    0.000 6500.000 6500.000    0.000
   2 -1      11   0   0    0    0   -0.000   -0.000-6500.000 6500.000    0.000
   3  1      22   1   2    0    0  623.612  912.279 6129.840 6228.650    0.000
   4  1      22   1   2    0    0-1561.925 -549.800-4956.902 5226.162    0.000
   5  1      22   1   2    0    0  938.313 -362.479-1172.938 1545.188    0.000



                            Event listing (standard)

    I  particle/jet  K(I,1)   K(I,2) K(I,3)     K(I,4)      K(I,5)       P(I,1)       P(I,2)       P(I,3)       P(I,4)       P(I,5)

    1  !e+!              21       -11    0           0           0      0.00000      0.00000   6500.00000   6500.00000      0.00051
    2  !e-!              21        11    0           0           0      0.00000      0.00000  -6500.00000   6500.00000      0.00051
 ==================================================================================================================================
    3  !e+!              21       -11    1           0           0     -0.00000      0.00000   6500.00000   6500.00000      0.00000
    4  !e-!              21        11    2           0           0     -0.00000      0.00000  -6500.00000   6500.00000      0.00000
    5  !e+!              21       -11    3           0           0      0.00000      0.00000   6500.00000   6500.00000      0.00000
    6  !e-!              21        11    4           0           0      0.00000      0.00000  -6500.00000   6500.00000      0.00000
    7  !gamma!           21        22    0           0           0    623.61198    912.27851   6129.83997   6228.65010      0.00000
    8  !gamma!           21        22    0           0           0  -1561.92517   -549.79987  -4956.90246   5226.16228      0.00000
    9  !gamma!           21        22    0           0           0    938.31319   -362.47864  -1172.93751   1545.18762      0.00000
 ==================================================================================================================================
   10  gamma              1        22    7           0           0    623.61198    912.27851   6129.83997   6228.65010      0.00000
   11  gamma              1        22    8           0           0  -1561.92517   -549.79987  -4956.90246   5226.16228      0.00000
   12  gamma              1        22    9           0           0    938.31319   -362.47864  -1172.93751   1545.18762      0.00000
   13  gamma              1        22    1           0           0      0.00000     -0.00000      0.00000      0.00000      0.00000
   14  gamma              1        22    2           0           0      0.00000     -0.00000     -0.00000      0.00000      0.00000
 ==================================================================================================================================
                   sum charge:  0.00   sum momentum and inv. mass:      0.00000      0.00000      0.00000  13000.00000  13000.00000
 SCALUP:    75.332980000000006     
 PS SCALE:    75.332980000000006     

 Event number:            7

          Event listing of user process at input (simplified)

   I IST     ID Mothers   Colours    p_x      p_y      p_z       E        m
   1 -1     -11   0   0    0    0    0.000    0.000 6500.000 6500.000    0.000
   2 -1      11   0   0    0    0   -0.000   -0.000-6500.000 6500.000    0.000
   3  1      22   1   2    0    0-2777.443 -455.807-5859.015 6500.000    0.000
   4  1      22   1   2    0    0 2777.443  455.807 5859.015 6500.000    0.000



                            Event listing (standard)

    I  particle/jet  K(I,1)   K(I,2) K(I,3)     K(I,4)      K(I,5)       P(I,1)       P(I,2)       P(I,3)       P(I,4)       P(I,5)

    1  !e+!              21       -11    0           0           0      0.00000      0.00000   6500.00000   6500.00000      0.00051
    2  !e-!              21        11    0           0           0      0.00000      0.00000  -6500.00000   6500.00000      0.00051
 ==================================================================================================================================
    3  !e+!              21       -11    1           0           0      0.00000     -0.00000   6500.00000   6500.00000      0.00000
    4  !e-!              21        11    2           0           0      0.00000     -0.00000  -6500.00000   6500.00000      0.00000
    5  !e+!              21       -11    3           0           0      0.00000      0.00000   6500.00000   6500.00000      0.00000
    6  !e-!              21        11    4           0           0      0.00000      0.00000  -6500.00000   6500.00000      0.00000
    7  !gamma!           21        22    0           0           0  -2777.44289   -455.80655  -5859.01454   6500.00000      0.00000
    8  !gamma!           21        22    0           0           0   2777.44289    455.80655   5859.01454   6500.00000      0.00000
 ==================================================================================================================================
    9  gamma              1        22    7           0           0  -2777.44289   -455.80655  -5859.01454   6500.00000      0.00000
   10  gamma              1        22    8           0           0   2777.44289    455.80655   5859.01454   6500.00000      0.00000
   11  gamma              1        22    1           0           0     -0.00000      0.00000      0.00000      0.00000      0.00000
   12  gamma              1        22    2           0           0     -0.00000      0.00000     -0.00000      0.00000      0.00000
 ==================================================================================================================================
                   sum charge:  0.00   sum momentum and inv. mass:      0.00000      0.00000      0.00000  13000.00000  13000.00000
 SCALUP:    80.622579999999999     
 PS SCALE:    80.622579999999999     

 Event number:            8

          Event listing of user process at input (simplified)

   I IST     ID Mothers   Colours    p_x      p_y      p_z       E        m
   1 -1     -11   0   0    0    0    0.000    0.000 6500.000 6500.000    0.000
   2 -1      11   0   0    0    0   -0.000   -0.000-6500.000 6500.000    0.000
   3  1      22   1   2    0    0 1453.560 2480.848 5814.289 6486.402    0.000
   4  1      22   1   2    0    0-1466.793-2487.216-5820.712 6497.570    0.000
   5  1      22   1   2    0    0   13.232    6.368    6.423   16.028    0.000



                            Event listing (standard)

    I  particle/jet  K(I,1)   K(I,2) K(I,3)     K(I,4)      K(I,5)       P(I,1)       P(I,2)       P(I,3)       P(I,4)       P(I,5)

    1  !e+!              21       -11    0           0           0      0.00000      0.00000   6500.00000   6500.00000      0.00051
    2  !e-!              21        11    0           0           0      0.00000      0.00000  -6500.00000   6500.00000      0.00051
 ==================================================================================================================================
    3  !e+!              21       -11    1           0           0     -0.00000      0.00000   6500.00000   6500.00000      0.00000
    4  !e-!              21        11    2           0           0     -0.00000     -0.00000  -6500.00000   6500.00000      0.00000
    5  !e+!              21       -11    3           0           0      0.00000      0.00000   6500.00000   6500.00000      0.00000
    6  !e-!              21        11    4           0           0      0.00000      0.00000  -6500.00000   6500.00000      0.00000
    7  !gamma!           21        22    0           0           0   1453.56032   2480.84802   5814.28938   6486.40159      0.00000
    8  !gamma!           21        22    0           0           0  -1466.79259  -2487.21648  -5820.71232   6497.57018      0.00000
    9  !gamma!           21        22    0           0           0     13.23227      6.36846      6.42293     16.02824      0.00000
 ==================================================================================================================================
   10  gamma              1        22    7           0           0   1453.56032   2480.84802   5814.28938   6486.40159      0.00000
   11  gamma              1        22    8           0           0  -1466.79259  -2487.21648  -5820.71232   6497.57018      0.00000
   12  gamma              1        22    9           0           0     13.23227      6.36846      6.42293     16.02824      0.00000
   13  gamma              1        22    1           0           0      0.00000     -0.00000      0.00000      0.00000      0.00000
   14  gamma              1        22    2           0           0      0.00000      0.00000     -0.00000      0.00000      0.00000
 ==================================================================================================================================
                   sum charge:  0.00   sum momentum and inv. mass:     -0.00000      0.00000     -0.00000  13000.00000  13000.00000
 SCALUP:    80.572829999999996     
 PS SCALE:    80.572829999999996     

 Event number:            9

          Event listing of user process at input (simplified)

   I IST     ID Mothers   Colours    p_x      p_y      p_z       E        m
   1 -1     -11   0   0    0    0    0.000    0.000 6500.000 6500.000    0.000
   2 -1      11   0   0    0    0   -0.000   -0.000-6500.000 6500.000    0.000
   3  1      22   1   2    0    0 1513.348-2839.868 5647.560 6500.000    0.000
   4  1      22   1   2    0    0-1513.348 2839.868-5647.560 6500.000    0.000



                            Event listing (standard)

    I  particle/jet  K(I,1)   K(I,2) K(I,3)     K(I,4)      K(I,5)       P(I,1)       P(I,2)       P(I,3)       P(I,4)       P(I,5)

    1  !e+!              21       -11    0           0           0      0.00000      0.00000   6500.00000   6500.00000      0.00051
    2  !e-!              21        11    0           0           0      0.00000      0.00000  -6500.00000   6500.00000      0.00051
 ==================================================================================================================================
    3  !e+!              21       -11    1           0           0     -0.00000     -0.00000   6500.00000   6500.00000      0.00000
    4  !e-!              21        11    2           0           0     -0.00000      0.00000  -6500.00000   6500.00000      0.00000
    5  !e+!              21       -11    3           0           0      0.00000      0.00000   6500.00000   6500.00000      0.00000
    6  !e-!              21        11    4           0           0      0.00000      0.00000  -6500.00000   6500.00000      0.00000
    7  !gamma!           21        22    0           0           0   1513.34758  -2839.86763   5647.55973   6500.00000      0.00000
    8  !gamma!           21        22    0           0           0  -1513.34758   2839.86763  -5647.55973   6500.00000      0.00000
 ==================================================================================================================================
    9  gamma              1        22    7           0           0   1513.34758  -2839.86763   5647.55973   6500.00000      0.00000
   10  gamma              1        22    8           0           0  -1513.34758   2839.86763  -5647.55973   6500.00000      0.00000
   11  gamma              1        22    1           0           0      0.00000      0.00000      0.00000      0.00000      0.00000
   12  gamma              1        22    2           0           0      0.00000     -0.00000     -0.00000      0.00000      0.00000
 ==================================================================================================================================
                   sum charge:  0.00   sum momentum and inv. mass:      0.00000      0.00000      0.00000  13000.00000  13000.00000
 SCALUP:    80.622579999999999     
 PS SCALE:    80.622579999999999     

 Event number:           10

          Event listing of user process at input (simplified)

   I IST     ID Mothers   Colours    p_x      p_y      p_z       E        m
   1 -1     -11   0   0    0    0    0.000    0.000 6500.000 6500.000    0.000
   2 -1      11   0   0    0    0   -0.000   -0.000-6500.000 6500.000    0.000
   3  1      22   1   2    0    0 1877.180  955.523-6149.242 6500.000    0.000
   4  1      22   1   2    0    0-1877.180 -955.523 6149.242 6500.000    0.000



                            Event listing (standard)

    I  particle/jet  K(I,1)   K(I,2) K(I,3)     K(I,4)      K(I,5)       P(I,1)       P(I,2)       P(I,3)       P(I,4)       P(I,5)

    1  !e+!              21       -11    0           0           0      0.00000      0.00000   6500.00000   6500.00000      0.00051
    2  !e-!              21        11    0           0           0      0.00000      0.00000  -6500.00000   6500.00000      0.00051
 ==================================================================================================================================
    3  !e+!              21       -11    1           0           0      0.00000     -0.00000   6500.00000   6500.00000      0.00000
    4  !e-!              21        11    2           0           0      0.00000      0.00000  -6500.00000   6500.00000      0.00000
    5  !e+!              21       -11    3           0           0      0.00000      0.00000   6500.00000   6500.00000      0.00000
    6  !e-!              21        11    4           0           0      0.00000      0.00000  -6500.00000   6500.00000      0.00000
    7  !gamma!           21        22    0           0           0   1877.17969    955.52259  -6149.24166   6500.00000      0.00000
    8  !gamma!           21        22    0           0           0  -1877.17969   -955.52259   6149.24166   6500.00000      0.00000
 ==================================================================================================================================
    9  gamma              1        22    7           0           0   1877.17969    955.52259  -6149.24166   6500.00000      0.00000
   10  gamma              1        22    8           0           0  -1877.17969   -955.52259   6149.24166   6500.00000      0.00000
   11  gamma              1        22    1           0           0     -0.00000      0.00000      0.00000      0.00000      0.00000
   12  gamma              1        22    2           0           0     -0.00000     -0.00000     -0.00000      0.00000      0.00000
 ==================================================================================================================================
                   sum charge:  0.00   sum momentum and inv. mass:      0.00000      0.00000      0.00000  13000.00000  13000.00000
 SCALUP:    80.622579999999999     
 PS SCALE:    80.622579999999999     
1********* PYSTAT:  Statistics on Number of Events and Cross-sections *********

 ==============================================================================
 I                                  I                            I            I
 I            Subprocess            I      Number of points      I    Sigma   I
 I                                  I                            I            I
 I----------------------------------I----------------------------I    (mb)    I
 I                                  I                            I            I
 I N:o Type                         I    Generated         Tried I            I
 I                                  I                            I            I
 ==============================================================================
 I                                  I                            I            I
 I   0 All included subprocesses    I        10000         10000 I  3.697D-12 I
 I   4 User process 2               I         1031          1031 I  3.882D-13 I
 I   6 User process 1               I         8969          8969 I  3.309D-12 I
 I                                  I                            I            I
 ==============================================================================

 ********* Total number of errors, excluding junctions =        0 *************
 ********* Total number of errors, including junctions =        0 *************
 ********* Total number of warnings =                           0 *************
 ********* Fraction of events that fail fragmentation cuts =  0.00000 *********

  Failed to read LHEF event information,
  assume end of file has been reached.
1********* PYSTAT:  Statistics on Number of Events and Cross-sections *********

 ==============================================================================
 I                                  I                            I            I
 I            Subprocess            I      Number of points      I    Sigma   I
 I                                  I                            I            I
 I----------------------------------I----------------------------I    (mb)    I
 I                                  I                            I            I
 I N:o Type                         I    Generated         Tried I            I
 I                                  I                            I            I
 ==============================================================================
 I                                  I                            I            I
 I   0 All included subprocesses    I        10000         10000 I  3.697D-12 I
 I   4 User process 2               I         1031          1031 I  3.882D-13 I
 I   6 User process 1               I         8969          8969 I  3.309D-12 I
 I                                  I                            I            I
 ==============================================================================

 ********* Total number of errors, excluding junctions =        0 *************
 ********* Total number of errors, including junctions =        0 *************
 ********* Total number of warnings =                           0 *************
 ********* Fraction of events that fail fragmentation cuts =  0.00000 *********

 Cross section (pb):   3.69674527359952366E-003
