 Process in group number            0
 No PDF is used, alpha_s(MZ) from param_card is used
 Value of alpha_s from param_card:   0.11800000071525575     
 The default order of alpha_s running is fixed to            2
<<<<<<< HEAD
=======
 Warning: pt or E min of a gamma should in general be >0
 Warning: pt or E min of a gamma should in general be >0
 Warning: pt or E min of a gamma should in general be >0
>>>>>>> 911b5ec345c81b054214c521136984e9d6306827
 *****************************************************
 *               MadGraph/MadEvent                   *
 *        --------------------------------           *
 *          http://madgraph.hep.uiuc.edu             *
 *          http://madgraph.phys.ucl.ac.be           *
 *          http://madgraph.roma2.infn.it            *
 *        --------------------------------           *
 *                                                   *
 *          PARAMETER AND COUPLING VALUES            *
 *                                                   *
 *****************************************************

  External Params
  ---------------------------------
  
 aEWM1 =    132.50700378417969     
 mdl_Gf =   1.16639000000000003E-005
 aS =   0.11800000071525575     
 mdl_ymb =    4.6999998092651367     
 mdl_ymt =    173.00000000000000     
 mdl_yme =   5.10999991092830896E-004
 mdl_ymm =   0.10565999895334244     
 mdl_ymtau =    1.7769999504089355     
 mdl_MZ =    91.188003540039063     
 mdl_MT =    173.00000000000000     
 mdl_MB =    4.6999998092651367     
 mdl_MH =    125.00000000000000     
 mdl_Me =   5.10999991092830896E-004
 mdl_MM =   0.10565999895334244     
 mdl_MTA =    1.7769999504089355     
 mdl_WZ =    2.4414041042327881     
 mdl_WW =    2.0476000308990479     
 mdl_WT =    1.4915000200271606     
 mdl_WH =   6.38233916833996773E-003
 mdl_WTau =   2.26999999999999982E-012
  Internal Params
  ---------------------------------
  
 mdl_conjg__CKM3x3 =    1.0000000000000000     
 mdl_CKM3x3 =    1.0000000000000000     
 mdl_conjg__CKM1x1 =    1.0000000000000000     
 mdl_complexi =  (  0.0000000000000000     ,  1.0000000000000000     )
 mdl_MZ__exp__2 =    8315.2519896181766     
 mdl_MZ__exp__4 =    69143415.650849044     
 mdl_sqrt__2 =    1.4142135623730951     
 mdl_MH__exp__2 =    15625.000000000000     
 mdl_aEW =   7.54677089845565054E-003
 mdl_MW =    80.419007276179556     
 mdl_sqrt__aEW =   8.68721526063194194E-002
 mdl_ee =   0.30795376284704501     
 mdl_MW__exp__2 =    6467.2167312862202     
 mdl_sw2 =   0.22224645274001076     
 mdl_cw =   0.88190336616887299     
 mdl_sqrt__sw2 =   0.47143022043565552     
 mdl_sw =   0.47143022043565552     
 mdl_g1 =   0.34919218438279087     
 mdl_gw =   0.65323296958447097     
 mdl_vev =    246.21845810181631     
 mdl_vev__exp__2 =    60623.529110035874     
 mdl_lam =   0.12886910601690271     
 mdl_yb =   2.69955531549349904E-002
 mdl_ye =   2.93504850670934038E-006
 mdl_ym =   6.06883028478528356E-004
 mdl_yt =   0.99366614581500645     
 mdl_ytau =   1.02066167158167895E-002
 mdl_muH =    88.388347648318444     
 mdl_I1x33 =  ( 2.69955531549349904E-002,  0.0000000000000000     )
 mdl_I2x33 =  ( 0.99366614581500645     ,  0.0000000000000000     )
 mdl_I3x33 =  ( 0.99366614581500645     ,  0.0000000000000000     )
 mdl_I4x33 =  ( 2.69955531549349904E-002,  0.0000000000000000     )
 mdl_ee__exp__2 =   9.48355200516540348E-002
 mdl_sw__exp__2 =   0.22224645274001076     
 mdl_cw__exp__2 =   0.77775354725998924     
  Internal Params evaluated point by point
  ----------------------------------------
  
 mdl_sqrt__aS =   0.34351128178744839     
 mdl_G__exp__2 =    1.4828317414825511     
  Couplings of sm-lepton_masses
  ---------------------------------
  
         GC_3 =  -0.00000E+00  -0.30795E+00

 Collider parameters:
 --------------------

<<<<<<< HEAD
 Running at e e   machine @   7.14879999999999960E-002  GeV
=======
 Running at e e   machine @   7.00000000000000067E-002  GeV
>>>>>>> 911b5ec345c81b054214c521136984e9d6306827
 PDF set = none   
 alpha_s(Mz)= 0.1180 running at 2 loops.
 alpha_s(Mz)= 0.1180 running at 2 loops.
 Renormalization scale fixed @    91.188000000000002     
 Factorization scales  fixed @    91.188000000000002        91.188000000000002     


 getting user params
Enter number of events and max and min iterations: 
<<<<<<< HEAD
 Number of events and iterations         2000           9           3
Enter desired fractional accuracy: 
 Desired fractional accuracy:  -1.03289999999999995E-004
=======
 Number of events and iterations         1000           9           3
Enter desired fractional accuracy: 
 Desired fractional accuracy:  -4.27509999999999978E-004
>>>>>>> 911b5ec345c81b054214c521136984e9d6306827
Enter 0 for fixed, 2 for adjustable grid: 
Suppress amplitude (0 no, 1 yes)? 
 Using suppressed amplitude.
Exact helicity sum (0 yes, n = number/event)? 
 Explicitly summing over helicities
Enter Configuration Number: 
Running Configuration Number:    1
 Not subdividing B.W.
 Attempting mappinvarients           1           5
 Completed mapping           5
<<<<<<< HEAD
 about to integrate            5        2000           9           3           5           1
 Using non-zero grid deformation.
  5 dimensions   2000 events  5 invarients  9 iterations  1 config(s),  (0.99)
 Using h-tuple random number sequence.
 Error opening grid
 Using Uniform Grid!
 Using uniform alpha   1.0000000000000000     
 Grid defined OK
 Set CM energy to          0.07
 Mapping Graph           1  to config           1
Setting grid   1    0.17611E-04   1
Setting grid   2    0.17611E-04   1
=======
 about to integrate            5        1000           9           3           5           1
 Keeping grid fixed.
  5 dimensions   1000 events  5 invarients  9 iterations  1 config(s),  (0.99)
 Using h-tuple random number sequence.
 Grid read from file
 Grid defined OK
 Set CM energy to          0.07
 Mapping Graph           1  to config           1
 Warning: No cutoff for shat integral found
          Minimum set to    204.08163265306121     
 No modification is setgrid, grid read from file
 Warning: No cutoff for shat integral found
          Minimum set to    204.08163265306121     
 No modification is setgrid, grid read from file
>>>>>>> 911b5ec345c81b054214c521136984e9d6306827
 Masses: 0.511E-03 0.511E-03 0.000E+00 0.000E+00 0.000E+00
   1   1   2   3   4   5
 Got moffset           3
Using random seed offsets     1 :      1
<<<<<<< HEAD
  with seed                  114
 Ranmar initialization seeds       20445       18963
=======
  with seed                   48
 Ranmar initialization seeds       30234       18894
>>>>>>> 911b5ec345c81b054214c521136984e9d6306827
  Particle       3       4       5
      Et >     0.0     0.0     0.0
       E >     0.0     0.0     0.0
     Eta <    -1.0    -1.0    -1.0
   xqcut:      0.0     0.0     0.0
d R # 3  >    -0.0     0.0     0.0
d R # 4  >    -0.0    -0.0     0.0
s min # 3>     0.0     0.0     0.0
s min # 4>     0.0     0.0     0.0
xqcutij # 3>     0.0     0.0     0.0
xqcutij # 4>     0.0     0.0     0.0
 alpha_s for scale    91.188000000000002       is   0.11800000071525575     
<<<<<<< HEAD
 Added good helicity            1   2.1253384813512533       in event            1
 Added good helicity            2  4.59676129009463128E-005  in event            1
 Added good helicity            3   2.2361961010880078       in event            1
 Added good helicity           13   7.2691406002913421       in event            1
 Added good helicity           14  5.57963479611966391E-005  in event            1
 Added good helicity           15   4.3692222281869517       in event            1
 Added good helicity           18   4.3692222281869535       in event            1
 Added good helicity           19  5.57963479611966391E-005  in event            1
 Added good helicity           20   7.2691406002913439       in event            1
 Added good helicity           30   2.2361961010880069       in event            1
 Added good helicity           31  4.59676129009463128E-005  in event            1
 Added good helicity           32   2.1253384813512528       in event            1
 Added good helicity            5  7.74226325143542119E-005  in event            2
 Added good helicity            6  2.02909314225390076E-006  in event            2
 Added good helicity           11  3.11723885150766184E-004  in event            2
 Added good helicity           22  3.11723885150766184E-004  in event            2
 Added good helicity           27  2.02909314225390076E-006  in event            2
 Added good helicity           28  7.74226325143541848E-005  in event            2
 Added good helicity            4  1.65966461663111470E-004  in event            3
 Added good helicity            7  6.84361564841754182E-004  in event            3
 Added good helicity           10   12.058637703657396       in event            3
 Added good helicity           12   2.6017587968918137       in event            3
 Added good helicity           21   2.6017587968918137       in event            3
 Added good helicity           23   12.058637703657396       in event            3
 Added good helicity           26  6.84361564841754182E-004  in event            3
 Added good helicity           29  1.65966461663111470E-004  in event            3
 Iteration  1   Mean: 0.3747E+08 Abs mean: 0.3747E+08   Fluctuation:  0.571E+07   0.103E+11    99.4%
  1    0.3747E+08 0.3747E+08 +- 0.5711E+07      6.82
 Writing out events   2094.9263449581194        6.8173092555053696     
 Relative summed weights:
  0.1359E+00  0.0000E+00
  0.1429E+00  0.0000E+00
  0.1355E+00  0.0000E+00
  0.1588E+00  0.0000E+00
  0.1119E+00  0.0000E+00
  0.3150E+00  0.0000E+00
 Relative number of events:
  0.1560E+00  0.0000E+00
  0.1785E+00  0.0000E+00
  0.1855E+00  0.0000E+00
  0.1650E+00  0.0000E+00
  0.1555E+00  0.0000E+00
  0.1595E+00  0.0000E+00
 Events:
         312           0
         357           0
         371           0
         330           0
         311           0
         319           0
 Iteration  2   Mean: 0.4354E+08 Abs mean: 0.4354E+08   Fluctuation:  0.667E+07   0.258E+11    97.4%
  2    0.4354E+08 0.4354E+08 +- 0.6673E+07      9.69
 Relative summed weights:
  0.3074E+00  0.0000E+00
  0.1338E+00  0.0000E+00
  0.1236E+00  0.0000E+00
  0.1486E+00  0.0000E+00
  0.1516E+00  0.0000E+00
  0.1350E+00  0.0000E+00
 Relative number of events:
  0.1720E+00  0.0000E+00
  0.1532E+00  0.0000E+00
  0.1650E+00  0.0000E+00
  0.1570E+00  0.0000E+00
  0.1782E+00  0.0000E+00
  0.1745E+00  0.0000E+00
 Events:
         688           0
         613           0
         660           0
         628           0
         713           0
         698           0
 Iteration  3   Mean: 0.4013E+08 Abs mean: 0.4013E+08   Fluctuation:  0.116E+07   0.355E+10    97.6%
  3    0.4013E+08 0.4013E+08 +- 0.1159E+07      2.58
 Relative summed weights:
  0.1694E+00  0.0000E+00
  0.1550E+00  0.0000E+00
  0.1670E+00  0.0000E+00
  0.1753E+00  0.0000E+00
  0.1540E+00  0.0000E+00
  0.1793E+00  0.0000E+00
 Relative number of events:
  0.1700E+00  0.0000E+00
  0.1603E+00  0.0000E+00
  0.1648E+00  0.0000E+00
  0.1679E+00  0.0000E+00
  0.1648E+00  0.0000E+00
  0.1724E+00  0.0000E+00
 Events:
        1360           0
        1282           0
        1318           0
        1343           0
        1318           0
        1379           0
 Found          675  events.
 Wrote          142  events.
 Actual xsec    40155467.335112974     
 Correct abs xsec    40155467.335112974     
 Event xsec    40155467.335112981     
 Events wgts > 1:            3
 % Cross section > 1:    401961.98437793972        1.0010143351673901     
 Checking number of events   4147.6582210438191              142  chi2:   0.23955940968767331     
 Found          675  events.
 Wrote          164  events.
 Actual xsec    40155467.335112974     
 Correct abs xsec    40155467.335112974     
 Event xsec    40155467.335112974     
 Events wgts > 1:            3
 % Cross section > 1:    348508.24003287056       0.86789735784777189     
 Iteration  4   Mean: 0.3927E+08 Abs mean: 0.3927E+08   Fluctuation:  0.696E+06   0.387E+10    97.4%
  4    0.3927E+08 0.3927E+08 +- 0.6956E+06      2.24
 Relative summed weights:
  0.1716E+00  0.0000E+00
  0.1547E+00  0.0000E+00
  0.1747E+00  0.0000E+00
  0.1613E+00  0.0000E+00
  0.1717E+00  0.0000E+00
  0.1660E+00  0.0000E+00
 Relative number of events:
  0.1676E+00  0.0000E+00
  0.1641E+00  0.0000E+00
  0.1711E+00  0.0000E+00
  0.1672E+00  0.0000E+00
  0.1606E+00  0.0000E+00
  0.1694E+00  0.0000E+00
 Events:
        2682           0
        2625           0
        2737           0
        2675           0
        2570           0
        2711           0
 Found         1486  events.
 Wrote          306  events.
 Actual xsec    39543635.752550937     
 Correct abs xsec    39543635.752550937     
 Event xsec    39543635.752551086     
 Events wgts > 1:            7
 % Cross section > 1:    387211.25143917248       0.97919992451425586     
 Checking number of events   4084.4621368809862              306  chi2:   0.38584035992721966     
 Found         1486  events.
 Wrote          311  events.
 Actual xsec    39543635.752550937     
 Correct abs xsec    39543635.752550937     
 Event xsec    39543635.752550915     
 Events wgts > 1:            7
 % Cross section > 1:    381045.97733118589       0.96360885912369609     
 Iteration  5   Mean: 0.4133E+08 Abs mean: 0.4133E+08   Fluctuation:  0.532E+06   0.459E+10    97.1%
  5    0.4133E+08 0.4133E+08 +- 0.5321E+06      2.30
 Relative summed weights:
  0.1591E+00  0.0000E+00
  0.1653E+00  0.0000E+00
  0.1770E+00  0.0000E+00
  0.1679E+00  0.0000E+00
  0.1639E+00  0.0000E+00
  0.1668E+00  0.0000E+00
 Relative number of events:
  0.1637E+00  0.0000E+00
  0.1674E+00  0.0000E+00
  0.1693E+00  0.0000E+00
  0.1657E+00  0.0000E+00
  0.1678E+00  0.0000E+00
  0.1661E+00  0.0000E+00
 Events:
        5238           0
        5356           0
        5417           0
        5302           0
        5371           0
        5316           0
 Found         3204  events.
 Wrote          629  events.
 Actual xsec    40562289.735828869     
 Correct abs xsec    40562289.735828869     
 Event xsec    40562289.735828526     
 Events wgts > 1:           12
 % Cross section > 1:    363422.83852585050       0.89596233568846184     
 Checking number of events   4189.6789068137641              629  chi2:    2.8406900389858039     
 Found         3204  events.
 Wrote          610  events.
 Actual xsec    40562289.735828869     
 Correct abs xsec    40562289.735828869     
 Event xsec    40562289.735828109     
 Events wgts > 1:           12
 % Cross section > 1:    374638.01596379373       0.92361160675029941     
 Iteration  6   Mean: 0.4013E+08 Abs mean: 0.4013E+08   Fluctuation:  0.288E+06   0.550E+10    96.9%
  6    0.4013E+08 0.4013E+08 +- 0.2883E+06      1.82
 Relative summed weights:
  0.1711E+00  0.0000E+00
  0.1628E+00  0.0000E+00
  0.1687E+00  0.0000E+00
  0.1646E+00  0.0000E+00
  0.1683E+00  0.0000E+00
  0.1645E+00  0.0000E+00
 Relative number of events:
  0.1668E+00  0.0000E+00
  0.1662E+00  0.0000E+00
  0.1671E+00  0.0000E+00
  0.1656E+00  0.0000E+00
  0.1667E+00  0.0000E+00
  0.1676E+00  0.0000E+00
 Events:
       10673           0
       10634           0
       10696           0
       10601           0
       10667           0
       10729           0
 Found         6119  events.
 Wrote         1980  events.
 Actual xsec    40289435.427121155     
 Correct abs xsec    40289435.427121155     
 Event xsec    40289435.427122809     
 Events wgts > 1:           36
 % Cross section > 1:    401717.91233006824       0.99708002376134608     
 Checking number of events   4161.4957852673442             1980  chi2:    3.1388839741062911     
 Found         6119  events.
 Wrote         2010  events.
 Actual xsec    40289435.427121155     
 Correct abs xsec    40289435.427121155     
 Event xsec    40289435.427124552     
 Events wgts > 1:           36
 % Cross section > 1:    395781.02189987729       0.98234442280970935     
 Iteration  7   Mean: 0.4001E+08 Abs mean: 0.4001E+08   Fluctuation:  0.191E+06   0.348E+10    96.8%
  7    0.4001E+08 0.4001E+08 +- 0.1907E+06      1.71
 Relative summed weights:
  0.1679E+00  0.0000E+00
  0.1671E+00  0.0000E+00
  0.1661E+00  0.0000E+00
  0.1650E+00  0.0000E+00
  0.1647E+00  0.0000E+00
  0.1693E+00  0.0000E+00
 Relative number of events:
  0.1661E+00  0.0000E+00
  0.1664E+00  0.0000E+00
  0.1678E+00  0.0000E+00
  0.1658E+00  0.0000E+00
  0.1662E+00  0.0000E+00
  0.1678E+00  0.0000E+00
 Events:
       21263           0
       21299           0
       21472           0
       21217           0
       21273           0
       21476           0
 Found        12714  events.
 Wrote         4326  events.
 Actual xsec    40161294.845534608     
 Correct abs xsec    40161294.845534608     
 Event xsec    40161294.845537253     
 Events wgts > 1:           78
 % Cross section > 1:    399302.34208438761       0.99424668357962154     
 Checking number of events   4148.2601445952696             4326  chi2:    2.7214523784378821     

 -------------------------------------------------------------------------------
 Accumulated results:   Integral =  0.4012E+08
                        Std dev  =  0.1476E+06
                       Cross sec =  0.1290E+01
             Chi**2 per DoF.     =
-------------------------------------------------
---------------------------
 Results Last   3 iters: Integral =   0.4016E+08
                     Abs integral =   0.4016E+08
                          Std dev =   0.1524E+06
                  Chi**2 per DoF. =      2.7215
-------------------------------------------------
---------------------------
 Status -1.03289999999999995E-004           8           9
 We found enough events        4326   4148.2601445952696     
=======
 Added good helicity            1  3.46967530876540319E-003  in event            1
 Added good helicity            2  3.43484102904202584E-003  in event            1
 Added good helicity            3  7.23154640594967637E-004  in event            1
 Added good helicity            4  7.18099697035308742E-004  in event            1
 Added good helicity            5  7.23126249246670329E-004  in event            1
 Added good helicity            6  7.13536898231069785E-004  in event            1
 Added good helicity           11   6.1477965856794361       in event            1
 Added good helicity           12   6.1847826120795846       in event            1
 Added good helicity           13   1.8349911677878199       in event            1
 Added good helicity           14   1.8226471957709611       in event            1
 Added good helicity           19   1.8226471957709611       in event            1
 Added good helicity           20   1.8349911677878199       in event            1
 Added good helicity           21   6.1847826120795846       in event            1
 Added good helicity           22   6.1477965856794361       in event            1
 Added good helicity           27  7.13536898231069785E-004  in event            1
 Added good helicity           28  7.23126249246670329E-004  in event            1
 Added good helicity           29  7.18099697035308742E-004  in event            1
 Added good helicity           30  7.23154640594967637E-004  in event            1
 Added good helicity           31  3.43484102904202714E-003  in event            1
 Added good helicity           32  3.46967530876540319E-003  in event            1
 Added good helicity            7  2.35697960374419377E-005  in event            2
 Added good helicity           10   7.9617730667098900       in event            2
 Added good helicity           15  1.53564396615158598E-003  in event            2
 Added good helicity           18  1.53564396615158598E-003  in event            2
 Added good helicity           23   7.9617730667098900       in event            2
 Added good helicity           26  2.35697960374419309E-005  in event            2
 Iteration  1   Mean: 0.1232E+09 Abs mean: 0.1232E+09   Fluctuation:  0.900E+07   0.547E+10    99.6%
  1    0.1232E+09 0.1232E+09 +- 0.8998E+07      2.31
 Writing out events   13741.910767781086        2.3099691504337634     
 Relative summed weights:
  0.1860E+00  0.0000E+00
  0.1753E+00  0.0000E+00
  0.1686E+00  0.0000E+00
  0.1762E+00  0.0000E+00
  0.1521E+00  0.0000E+00
  0.1417E+00  0.0000E+00
 Relative number of events:
  0.1790E+00  0.0000E+00
  0.1780E+00  0.0000E+00
  0.1580E+00  0.0000E+00
  0.1430E+00  0.0000E+00
  0.1790E+00  0.0000E+00
  0.1630E+00  0.0000E+00
 Events:
         179           0
         178           0
         158           0
         143           0
         179           0
         163           0
 Iteration  2   Mean: 0.1143E+09 Abs mean: 0.1143E+09   Fluctuation:  0.440E+07   0.464E+10    99.4%
  2    0.1143E+09 0.1143E+09 +- 0.4405E+07      1.72
 Relative summed weights:
  0.1827E+00  0.0000E+00
  0.1560E+00  0.0000E+00
  0.1753E+00  0.0000E+00
  0.1462E+00  0.0000E+00
  0.1619E+00  0.0000E+00
  0.1780E+00  0.0000E+00
 Relative number of events:
  0.1700E+00  0.0000E+00
  0.1695E+00  0.0000E+00
  0.1565E+00  0.0000E+00
  0.1715E+00  0.0000E+00
  0.1635E+00  0.0000E+00
  0.1690E+00  0.0000E+00
 Events:
         340           0
         339           0
         313           0
         343           0
         327           0
         338           0
 Iteration  3   Mean: 0.1199E+09 Abs mean: 0.1199E+09   Fluctuation:  0.565E+07   0.130E+11    99.2%
  3    0.1199E+09 0.1199E+09 +- 0.5648E+07      2.98
 Relative summed weights:
  0.1480E+00  0.0000E+00
  0.1944E+00  0.0000E+00
  0.1505E+00  0.0000E+00
  0.1958E+00  0.0000E+00
  0.1657E+00  0.0000E+00
  0.1456E+00  0.0000E+00
 Relative number of events:
  0.1690E+00  0.0000E+00
  0.1650E+00  0.0000E+00
  0.1668E+00  0.0000E+00
  0.1623E+00  0.0000E+00
  0.1688E+00  0.0000E+00
  0.1683E+00  0.0000E+00
 Events:
         676           0
         660           0
         667           0
         649           0
         675           0
         673           0
 Found          385  events.
 Wrote           62  events.
 Actual xsec    117514061.45548126     
 Correct abs xsec    117514061.45548126     
 Event xsec    117514061.45548128     
 Events wgts > 1:            1
 % Cross section > 1:    749585.01725667133       0.63786836057967600     
 Checking number of events   50238.436412832794               62  chi2:   0.55345777571218435     
 Found          385  events.
 Wrote           51  events.
 Actual xsec    117514061.45548126     
 Correct abs xsec    117514061.45548126     
 Event xsec    117514061.45548128     
 Events wgts > 1:            1
 % Cross section > 1:    910008.23273265921       0.77438241982420497     
 Iteration  4   Mean: 0.1183E+09 Abs mean: 0.1183E+09   Fluctuation:  0.315E+07   0.128E+11    99.3%
  4    0.1183E+09 0.1183E+09 +- 0.3146E+07      2.38
 Relative summed weights:
  0.1703E+00  0.0000E+00
  0.1750E+00  0.0000E+00
  0.1519E+00  0.0000E+00
  0.1642E+00  0.0000E+00
  0.1826E+00  0.0000E+00
  0.1560E+00  0.0000E+00
 Relative number of events:
  0.1713E+00  0.0000E+00
  0.1729E+00  0.0000E+00
  0.1590E+00  0.0000E+00
  0.1673E+00  0.0000E+00
  0.1644E+00  0.0000E+00
  0.1653E+00  0.0000E+00
 Events:
        1370           0
        1383           0
        1272           0
        1338           0
        1315           0
        1322           0
 Found          742  events.
 Wrote          122  events.
 Actual xsec    117551453.07132070     
 Correct abs xsec    117551453.07132070     
 Event xsec    117551453.07132080     
 Events wgts > 1:            2
 % Cross section > 1:    831096.89159426210       0.70700690623536488     
 Checking number of events   50254.421702520311              122  chi2:   0.38910091097932831     
 Found          742  events.
 Wrote          132  events.
 Actual xsec    117551453.07132070     
 Correct abs xsec    117551453.07132070     
 Event xsec    117551453.07132098     
 Events wgts > 1:            2
 % Cross section > 1:    768546.64813105541       0.65379595747298991     
 Iteration  5   Mean: 0.1221E+09 Abs mean: 0.1221E+09   Fluctuation:  0.442E+07   0.567E+11    99.3%
  5    0.1221E+09 0.1221E+09 +- 0.4421E+07      4.58
 Relative summed weights:
  0.1593E+00  0.0000E+00
  0.1584E+00  0.0000E+00
  0.1630E+00  0.0000E+00
  0.1864E+00  0.0000E+00
  0.1630E+00  0.0000E+00
  0.1699E+00  0.0000E+00
 Relative number of events:
  0.1666E+00  0.0000E+00
  0.1651E+00  0.0000E+00
  0.1683E+00  0.0000E+00
  0.1683E+00  0.0000E+00
  0.1660E+00  0.0000E+00
  0.1657E+00  0.0000E+00
 Events:
        2665           0
        2642           0
        2693           0
        2693           0
        2656           0
        2651           0
 Found         1478  events.
 Wrote           33  events.
 Actual xsec    119711759.19481201     
 Correct abs xsec    119711759.19481201     
 Event xsec    119711759.19481200     
 Events wgts > 1:            0
 % Cross section > 1:    0.0000000000000000        0.0000000000000000     
 Checking number of events   51177.974173374081               33  chi2:   0.24736722812783368     
 Found         1478  events.
 Wrote           40  events.
 Actual xsec    119711759.19481201     
 Correct abs xsec    119711759.19481201     
 Event xsec    119711759.19481201     
 Events wgts > 1:            0
 % Cross section > 1:    0.0000000000000000        0.0000000000000000     
 Iteration  6   Mean: 0.1250E+09 Abs mean: 0.1250E+09   Fluctuation:  0.293E+07   0.404E+11    99.3%
  6    0.1250E+09 0.1250E+09 +- 0.2933E+07      4.20
 Relative summed weights:
  0.1513E+00  0.0000E+00
  0.1694E+00  0.0000E+00
  0.1765E+00  0.0000E+00
  0.1548E+00  0.0000E+00
  0.1657E+00  0.0000E+00
  0.1823E+00  0.0000E+00
 Relative number of events:
  0.1647E+00  0.0000E+00
  0.1650E+00  0.0000E+00
  0.1660E+00  0.0000E+00
  0.1667E+00  0.0000E+00
  0.1665E+00  0.0000E+00
  0.1711E+00  0.0000E+00
 Events:
        5270           0
        5281           0
        5311           0
        5335           0
        5328           0
        5475           0
 Found         2865  events.
 Wrote          139  events.
 Actual xsec    122081663.18554845     
 Correct abs xsec    122081663.18554845     
 Event xsec    122081663.18554807     
 Events wgts > 1:            3
 % Cross section > 1:    770837.84485154203       0.63141165080620665     
 Checking number of events   52191.131828453814              139  chi2:    1.1978121103176762     
 Found         2865  events.
 Wrote          126  events.
 Actual xsec    122081663.18554845     
 Correct abs xsec    122081663.18554845     
 Event xsec    122081663.18554810     
 Events wgts > 1:            3
 % Cross section > 1:    849815.11605455796       0.69610381598664051     
 Iteration  7   Mean: 0.1242E+09 Abs mean: 0.1242E+09   Fluctuation:  0.290E+07   0.113E+12    99.3%
  7    0.1242E+09 0.1242E+09 +- 0.2900E+07      5.91
 Relative summed weights:
  0.1690E+00  0.0000E+00
  0.1627E+00  0.0000E+00
  0.1652E+00  0.0000E+00
  0.1759E+00  0.0000E+00
  0.1526E+00  0.0000E+00
  0.1746E+00  0.0000E+00
 Relative number of events:
  0.1655E+00  0.0000E+00
  0.1678E+00  0.0000E+00
  0.1664E+00  0.0000E+00
  0.1667E+00  0.0000E+00
  0.1658E+00  0.0000E+00
  0.1679E+00  0.0000E+00
 Events:
       10589           0
       10736           0
       10647           0
       10671           0
       10611           0
       10746           0
 Found         5554  events.
 Wrote          130  events.
 Actual xsec    124152368.29682077     
 Correct abs xsec    124152368.29682077     
 Event xsec    124152368.29682085     
 Events wgts > 1:            3
 % Cross section > 1:    1086316.1685059229       0.87498626357958886     
 Checking number of events   53076.378970573845              130  chi2:   0.14357604269310942     
 Found         5554  events.
 Wrote          134  events.
 Actual xsec    124152368.29682077     
 Correct abs xsec    124152368.29682077     
 Event xsec    124152368.29682031     
 Events wgts > 1:            3
 % Cross section > 1:    1054164.1572541511       0.84908904414443576     
 Iteration  8   Mean: 0.1276E+09 Abs mean: 0.1276E+09   Fluctuation:  0.334E+07   0.277E+12    99.3%
  8    0.1276E+09 0.1276E+09 +- 0.3336E+07      9.35
 Relative summed weights:
  0.1785E+00  0.0000E+00
  0.1614E+00  0.0000E+00
  0.1638E+00  0.0000E+00
  0.1645E+00  0.0000E+00
  0.1618E+00  0.0000E+00
  0.1701E+00  0.0000E+00
 Relative number of events:
  0.1673E+00  0.0000E+00
  0.1671E+00  0.0000E+00
  0.1668E+00  0.0000E+00
  0.1668E+00  0.0000E+00
  0.1664E+00  0.0000E+00
  0.1657E+00  0.0000E+00
 Events:
       21415           0
       21384           0
       21348           0
       21346           0
       21300           0
       21207           0
 Found        11410  events.
 Wrote           69  events.
 Actual xsec    125438043.55187599     
 Correct abs xsec    125438043.55187599     
 Event xsec    125438043.55187599     
 Events wgts > 1:            1
 % Cross section > 1:    485855.82444716990       0.38732732964400868     
 Checking number of events   53626.017998862502               69  chi2:   0.31624236493250663     
 Found        11410  events.
 Wrote           70  events.
 Actual xsec    125438043.55187599     
 Correct abs xsec    125438043.55187599     
 Event xsec    125438043.55187578     
 Events wgts > 1:            1
 % Cross section > 1:    478941.52797550824       0.38181520885841830     
 Iteration  9   Mean: 0.1213E+09 Abs mean: 0.1213E+09   Fluctuation:  0.108E+07   0.156E+12    99.3%
  9    0.1213E+09 0.1213E+09 +- 0.1079E+07      4.50
 Relative summed weights:
  0.1669E+00  0.0000E+00
  0.1659E+00  0.0000E+00
  0.1647E+00  0.0000E+00
  0.1704E+00  0.0000E+00
  0.1677E+00  0.0000E+00
  0.1645E+00  0.0000E+00
 Relative number of events:
  0.1669E+00  0.0000E+00
  0.1657E+00  0.0000E+00
  0.1664E+00  0.0000E+00
  0.1670E+00  0.0000E+00
  0.1666E+00  0.0000E+00
  0.1675E+00  0.0000E+00
 Events:
       42718           0
       42416           0
       42604           0
       42749           0
       42640           0
       42873           0
 Found        22113  events.
 Wrote         1135  events.
 Actual xsec    122178068.38082562     
 Correct abs xsec    122178068.38082562     
 Event xsec    122178068.38082592     
 Events wgts > 1:           16
 % Cross section > 1:    1215059.3844948765       0.99449876773920454     
 Checking number of events   52232.346013486756             1135  chi2:    1.9150589525915445     
 Found        22113  events.
 Wrote         1119  events.
 Actual xsec    122178068.38082562     
 Correct abs xsec    122178068.38082562     
 Event xsec    122178068.38082701     
 Events wgts > 1:           16
 % Cross section > 1:    1232257.6629180654        1.0085751716724960     

 -------------------------------------------------------------------------------
 Accumulated results:   Integral =  0.1219E+09
                        Std dev  =  0.8362E+06
                       Cross sec =  0.1219E+09
             Chi**2 per DoF.     =      1.1619
 -------------------------------------------------------------------------------
-------------------------------------------------
---------------------------
 Results Last   3 iters: Integral =   0.1222E+09
                     Abs integral =   0.1222E+09
                          Std dev =   0.9678E+06
                  Chi**2 per DoF. =      1.9151
-------------------------------------------------
---------------------------
 Status -4.27509999999999978E-004          10           9
 Trying w/ fresh grid
 Starting w/ ncall =         4000
 Keeping grid fixed.
  5 dimensions   4000 events  5 invarients  8 iterations  1 config(s),  (0.99)
 Using h-tuple random number sequence.
 Error opening grid
 Using Uniform Grid!
 Using uniform alpha   1.0000000000000000     
 Grid defined OK
 Warning: No cutoff for shat integral found
          Minimum set to    204.08163265306121     
Setting grid   1    0.20408E+03   1
 Warning: No cutoff for shat integral found
          Minimum set to    204.08163265306121     
Setting grid   2    0.20408E+03   1
Warning xbin not returning correct x   2  0.999991E+00  0.997374E+00  0.2837E+03
Warning xbin not returning correct x   2  0.999992E+00  0.997809E+00  0.2837E+03
Warning xbin not returning correct x   2  0.999988E+00  0.996537E+00  0.2837E+03
Warning xbin not returning correct x   2  0.999979E+00  0.994134E+00  0.2837E+03
Warning xbin not returning correct x   2  0.999994E+00  0.998203E+00  0.2837E+03
Warning xbin still not working well. Last message this iteration.
 Iteration  1   Mean: 0.2189E+08 Abs mean: 0.2189E+08   Fluctuation:  0.515E+07   0.126E+11    99.3%
  1    0.2189E+08 0.2189E+08 +- 0.5150E+07     14.88
 Relative summed weights:
  0.1410E+00  0.0000E+00
  0.9968E-01  0.0000E+00
  0.2737E+00  0.0000E+00
  0.1167E+00  0.0000E+00
  0.2473E+00  0.0000E+00
  0.1215E+00  0.0000E+00
 Relative number of events:
  0.1560E+00  0.0000E+00
  0.1640E+00  0.0000E+00
  0.1730E+00  0.0000E+00
  0.1608E+00  0.0000E+00
  0.1757E+00  0.0000E+00
  0.1705E+00  0.0000E+00
 Events:
         624           0
         656           0
         692           0
         643           0
         703           0
         682           0
Warning xbin not returning correct x   1  0.991107E+00  0.999868E+00  0.1510E-01
Warning xbin not returning correct x   1  0.995432E+00  0.999932E+00  0.1510E-01
Warning xbin not returning correct x   1  0.990279E+00  0.999855E+00  0.1510E-01
Warning xbin not returning correct x   1  0.989140E+00  0.999838E+00  0.1510E-01
Warning xbin not returning correct x   1  0.988730E+00  0.999832E+00  0.1510E-01
Warning xbin still not working well. Last message this iteration.
 Iteration  2   Mean: 0.2582E+07 Abs mean: 0.2582E+07   Fluctuation:  0.150E+06   0.712E+09    96.2%
  2    0.2582E+07 0.2582E+07 +- 0.1501E+06      5.20
 Relative summed weights:
  0.1423E+00  0.0000E+00
  0.1800E+00  0.0000E+00
  0.1701E+00  0.0000E+00
  0.1817E+00  0.0000E+00
  0.1765E+00  0.0000E+00
  0.1495E+00  0.0000E+00
 Relative number of events:
  0.1670E+00  0.0000E+00
  0.1638E+00  0.0000E+00
  0.1737E+00  0.0000E+00
  0.1663E+00  0.0000E+00
  0.1624E+00  0.0000E+00
  0.1669E+00  0.0000E+00
 Events:
        1336           0
        1310           0
        1390           0
        1330           0
        1299           0
        1335           0
 Iteration  3   Mean: 0.1256E+09 Abs mean: 0.1256E+09   Fluctuation:  0.569E+08   0.630E+12   100.0%
  3    0.1256E+09 0.1256E+09 +- 0.5692E+08     57.31
 Relative summed weights:
  0.5231E-01  0.0000E+00
  0.5467E-01  0.0000E+00
  0.6726E-01  0.0000E+00
  0.7681E+00  0.0000E+00
  0.2985E-01  0.0000E+00
  0.2777E-01  0.0000E+00
 Relative number of events:
  0.1653E+00  0.0000E+00
  0.1642E+00  0.0000E+00
  0.1724E+00  0.0000E+00
  0.1689E+00  0.0000E+00
  0.1644E+00  0.0000E+00
  0.1648E+00  0.0000E+00
 Events:
        2645           0
        2627           0
        2758           0
        2702           0
        2631           0
        2637           0
 Found         2029  events.
 Wrote            5  events.
 Actual xsec    5555576.9986419855     
 Correct abs xsec    5555576.9986419855     
 Event xsec    5555576.9986419864     
 Events wgts > 1:            1
 % Cross section > 1:   7.01089403592050076E-002  1.26195605562379116E-006
 Checking number of events   2375.0647226894353                5  chi2:    203.64251645774780     
 Found         2029  events.
 Wrote            5  events.
 Actual xsec    5555576.9986419855     
 Correct abs xsec    5555576.9986419855     
 Event xsec    5555576.9986419864     
 Events wgts > 1:            1
 % Cross section > 1:   7.01089403592050076E-002  1.26195605562379116E-006
 Iteration  4   Mean: 0.7148E+08 Abs mean: 0.7148E+08   Fluctuation:  0.206E+08   0.629E+12    99.9%
  4    0.7148E+08 0.7148E+08 +- 0.2060E+08     51.56
 Relative summed weights:
  0.1749E+00  0.0000E+00
  0.1297E+00  0.0000E+00
  0.8519E-01  0.0000E+00
  0.1507E+00  0.0000E+00
  0.3636E+00  0.0000E+00
  0.9592E-01  0.0000E+00
 Relative number of events:
  0.1697E+00  0.0000E+00
  0.1632E+00  0.0000E+00
  0.1661E+00  0.0000E+00
  0.1669E+00  0.0000E+00
  0.1664E+00  0.0000E+00
  0.1677E+00  0.0000E+00
 Events:
        5431           0
        5221           0
        5314           0
        5341           0
        5326           0
        5367           0
 Found          557  events.
 Wrote            6  events.
 Actual xsec    7147811.9629830336     
 Correct abs xsec    7147811.9629830336     
 Event xsec    7147811.9629830346     
 Events wgts > 1:            1
 % Cross section > 1:   5.57487776968628168E-002  7.79941861727387699E-007
 Checking number of events   3055.7610922948766                6  chi2:    470.01805711200609     
 Found          557  events.
 Wrote            2  events.
 Actual xsec    7147811.9629830336     
 Correct abs xsec    7147811.9629830336     
 Event xsec    7147811.9629830346     
 Events wgts > 1:            1
 % Cross section > 1:   0.16724633099511266       2.33982555586583801E-006
 Iteration  5   Mean: 0.1097E+09 Abs mean: 0.1097E+09   Fluctuation:  0.333E+08   0.210E+13    97.8%
  5    0.1097E+09 0.1097E+09 +- 0.3330E+08     76.78
 Relative summed weights:
  0.4177E+00  0.0000E+00
  0.1157E+00  0.0000E+00
  0.1028E+00  0.0000E+00
  0.1273E+00  0.0000E+00
  0.9740E-01  0.0000E+00
  0.1391E+00  0.0000E+00
 Relative number of events:
  0.1659E+00  0.0000E+00
  0.1690E+00  0.0000E+00
  0.1670E+00  0.0000E+00
  0.1678E+00  0.0000E+00
  0.1650E+00  0.0000E+00
  0.1652E+00  0.0000E+00
 Events:
       10619           0
       10818           0
       10690           0
       10738           0
       10560           0
       10575           0
 Found         3677  events.
 Wrote            4  events.
 Actual xsec    95931922.907695323     
 Correct abs xsec    95931922.907695323     
 Event xsec    95931922.907695323     
 Events wgts > 1:            1
 % Cross section > 1:   0.55327222123742104       5.76734213667095660E-007
 Checking number of events   41011.856362268823                4  chi2:   0.92657043600711386     
 Found         3677  events.
 Wrote            3  events.
 Actual xsec    95931922.907695323     
 Correct abs xsec    95931922.907695323     
 Event xsec    95931922.907695323     
 Events wgts > 1:            1
 % Cross section > 1:   0.73769629374146461       7.68978950261706126E-007
 Fixing grid
 Iteration  6   Mean: 0.9564E+08 Abs mean: 0.9564E+08   Fluctuation:  0.660E+07   0.744E+12    99.6%
  6    0.9564E+08 0.9564E+08 +- 0.6599E+07     24.68
 Relative summed weights:
  0.1616E+00  0.0000E+00
  0.2060E+00  0.0000E+00
  0.1461E+00  0.0000E+00
  0.1753E+00  0.0000E+00
  0.1668E+00  0.0000E+00
  0.1444E+00  0.0000E+00
 Relative number of events:
  0.1694E+00  0.0000E+00
  0.1649E+00  0.0000E+00
  0.1661E+00  0.0000E+00
  0.1674E+00  0.0000E+00
  0.1665E+00  0.0000E+00
  0.1658E+00  0.0000E+00
 Events:
       21677           0
       21108           0
       21264           0
       21422           0
       21311           0
       21218           0
 Found         6719  events.
 Wrote           19  events.
 Actual xsec    95050960.843400210     
 Correct abs xsec    95050960.843400210     
 Event xsec    95050960.843400180     
 Events wgts > 1:            1
 % Cross section > 1:   0.16434350609779358       1.72900415355669389E-007
 Checking number of events   40635.236270162022               19  chi2:   0.75581786528804940     
 Found         6719  events.
 Wrote           10  events.
 Actual xsec    95050960.843400210     
 Correct abs xsec    95050960.843400210     
 Event xsec    95050960.843400210     
 Events wgts > 1:            1
 % Cross section > 1:   0.31225266121327877       3.28510788783846163E-007
 Iteration  7   Mean: 0.1239E+09 Abs mean: 0.1239E+09   Fluctuation:  0.166E+08   0.390E+13    99.6%
  7    0.1239E+09 0.1239E+09 +- 0.1657E+08     67.66
 Relative summed weights:
  0.1599E+00  0.0000E+00
  0.1908E+00  0.0000E+00
  0.1208E+00  0.0000E+00
  0.2647E+00  0.0000E+00
  0.1300E+00  0.0000E+00
  0.1339E+00  0.0000E+00
 Relative number of events:
  0.1677E+00  0.0000E+00
  0.1661E+00  0.0000E+00
  0.1671E+00  0.0000E+00
  0.1650E+00  0.0000E+00
  0.1664E+00  0.0000E+00
  0.1677E+00  0.0000E+00
 Events:
       42937           0
       42520           0
       42775           0
       42242           0
       42586           0
       42940           0
 Found        15449  events.
 Wrote            7  events.
 Actual xsec    101906582.81047459     
 Correct abs xsec    101906582.81047459     
 Event xsec    101906582.81047457     
 Events wgts > 1:            1
 % Cross section > 1:   0.30554356239736080       2.99827110252150648E-007
 Checking number of events   43566.083217305990                7  chi2:    1.3600196985745145     
 Found        15449  events.
 Wrote           11  events.
 Actual xsec    101906582.81047459     
 Correct abs xsec    101906582.81047459     
 Event xsec    101906582.81047462     
 Events wgts > 1:            1
 % Cross section > 1:   0.19443681277334690       1.90799070492786116E-007
 Iteration  8   Mean: 0.1114E+09 Abs mean: 0.1114E+09   Fluctuation:  0.803E+07   0.237E+13    99.6%
  8    0.1114E+09 0.1114E+09 +- 0.8028E+07     51.56
 Relative summed weights:
  0.1675E+00  0.0000E+00
  0.1458E+00  0.0000E+00
  0.1643E+00  0.0000E+00
  0.1299E+00  0.0000E+00
  0.1708E+00  0.0000E+00
  0.2217E+00  0.0000E+00
 Relative number of events:
  0.1664E+00  0.0000E+00
  0.1665E+00  0.0000E+00
  0.1668E+00  0.0000E+00
  0.1664E+00  0.0000E+00
  0.1664E+00  0.0000E+00
  0.1675E+00  0.0000E+00
 Events:
       85178           0
       85264           0
       85422           0
       85191           0
       85194           0
       85751           0
 Found        24402  events.
 Wrote           30  events.
 Actual xsec    121126122.19519715     
 Correct abs xsec    121126122.19519715     
 Event xsec    121126122.19519711     
 Events wgts > 1:            2
 % Cross section > 1:    295233.92040830199       0.24374091654030394     
 Checking number of events   45190.971267158711               30  chi2:    2.0179580342905727     
 Found        24402  events.
 Wrote           26  events.
 Actual xsec    121126122.19519715     
 Correct abs xsec    121126122.19519715     
 Event xsec    121126122.19519721     
 Events wgts > 1:            2
 % Cross section > 1:    340526.83074522018       0.28113409772704046     

 -------------------------------------------------------------------------------
 Accumulated results:   Integral =  0.6534E+08
                        Std dev  =  0.2309E+07
                       Cross sec =  0.6534E+08
             Chi**2 per DoF.     =     68.0280
 -------------------------------------------------------------------------------
-------------------------------------------------
---------------------------
 Results Last   3 iters: Integral =   0.1057E+09
                     Abs integral =   0.1057E+09
                         Std dev =   0.4936E+07
                 Chi**2 per DoF. =      2.0180
-------------------------------------------------
---------------------------
>>>>>>> 911b5ec345c81b054214c521136984e9d6306827

ls status:
events.lhe
ftn25
ftn26
input_sg.txt
<<<<<<< HEAD
=======
log.txt
>>>>>>> 911b5ec345c81b054214c521136984e9d6306827
moffset.dat
results.dat
run_01_ftn26.gz
run_01_log.txt
run_01_results.dat
run_02_ftn26.gz
run_02_log.txt
run_02_results.dat
<<<<<<< HEAD
run_03_ftn26.gz
run_03_log.txt
run_03_results.dat
run_04_ftn26.gz
run_04_log.txt
run_04_results.dat
run_08_ftn26.gz
run_08_log.txt
run_08_results.dat
run_09_ftn26.gz
run_09_log.txt
run_09_results.dat
run_10_ftn26.gz
run_10_log.txt
run_10_results.dat
run_11_ftn26.gz
run_11_log.txt
run_11_results.dat
=======
>>>>>>> 911b5ec345c81b054214c521136984e9d6306827
run1_app.log
