 Process in group number            1
 No PDF is used, alpha_s(MZ) from param_card is used
 Value of alpha_s from param_card:   0.11800000071525575     
 The default order of alpha_s running is fixed to            2
 *****************************************************
 *               MadGraph/MadEvent                   *
 *        --------------------------------           *
 *          http://madgraph.hep.uiuc.edu             *
 *          http://madgraph.phys.ucl.ac.be           *
 *          http://madgraph.roma2.infn.it            *
 *        --------------------------------           *
 *                                                   *
 *          PARAMETER AND COUPLING VALUES            *
 *                                                   *
 *****************************************************

  External Params
  ---------------------------------
  
 aEWM1 =    132.50700378417969     
 mdl_Gf =   1.16639000000000003E-005
 aS =   0.11800000071525575     
 mdl_ymb =    4.6999998092651367     
 mdl_ymt =    173.00000000000000     
 mdl_ymtau =    1.7769999504089355     
 mdl_MZ =    91.188003540039063     
 mdl_MT =    173.00000000000000     
 mdl_MB =    4.6999998092651367     
 mdl_MH =    125.00000000000000     
 mdl_MTA =    1.7769999504089355     
 mdl_WZ =    2.4414041042327881     
 mdl_WW =    2.0476000308990479     
 mdl_WT =    1.4915000200271606     
 mdl_WH =   6.38233916833996773E-003
  Internal Params
  ---------------------------------
  
 mdl_conjg__CKM3x3 =    1.0000000000000000     
 mdl_CKM3x3 =    1.0000000000000000     
 mdl_conjg__CKM1x1 =    1.0000000000000000     
 mdl_complexi =  (  0.0000000000000000     ,  1.0000000000000000     )
 mdl_MZ__exp__2 =    8315.2519896181766     
 mdl_MZ__exp__4 =    69143415.650849044     
 mdl_sqrt__2 =    1.4142135623730951     
 mdl_MH__exp__2 =    15625.000000000000     
 mdl_aEW =   7.54677089845565054E-003
 mdl_MW =    80.419007276179556     
 mdl_sqrt__aEW =   8.68721526063194194E-002
 mdl_ee =   0.30795376284704501     
 mdl_MW__exp__2 =    6467.2167312862202     
 mdl_sw2 =   0.22224645274001076     
 mdl_cw =   0.88190336616887299     
 mdl_sqrt__sw2 =   0.47143022043565552     
 mdl_sw =   0.47143022043565552     
 mdl_g1 =   0.34919218438279087     
 mdl_gw =   0.65323296958447097     
 mdl_vev =    246.21845810181631     
 mdl_vev__exp__2 =    60623.529110035874     
 mdl_lam =   0.12886910601690271     
 mdl_yb =   2.69955531549349904E-002
 mdl_yt =   0.99366614581500645     
 mdl_ytau =   1.02066167158167895E-002
 mdl_muH =    88.388347648318444     
 mdl_I1x33 =  ( 2.69955531549349904E-002,  0.0000000000000000     )
 mdl_I2x33 =  ( 0.99366614581500645     ,  0.0000000000000000     )
 mdl_I3x33 =  ( 0.99366614581500645     ,  0.0000000000000000     )
 mdl_I4x33 =  ( 2.69955531549349904E-002,  0.0000000000000000     )
 mdl_ee__exp__2 =   9.48355200516540348E-002
 mdl_sw__exp__2 =   0.22224645274001076     
 mdl_cw__exp__2 =   0.77775354725998924     
  Internal Params evaluated point by point
  ----------------------------------------
  
 mdl_sqrt__aS =   0.34351128178744839     
 mdl_G__exp__2 =    1.4828317414825511     
  Couplings of sm
  ---------------------------------
  
         GC_3 =  -0.00000E+00  -0.30795E+00

 Collider parameters:
 --------------------

 Running at e e   machine @    13000.000000000000       GeV
 PDF set = none   
 alpha_s(Mz)= 0.1180 running at 2 loops.
 alpha_s(Mz)= 0.1180 running at 2 loops.
 Renormalization scale set on event-by-event basis
 Factorization   scale set on event-by-event basis


 getting user params
Enter number of events and max and min iterations: 
 Number of events and iterations         2000           9           3
Enter desired fractional accuracy: 
 Desired fractional accuracy:   -298740.00000000000     
Enter 0 for fixed, 2 for adjustable grid: 
Suppress amplitude (0 no, 1 yes)? 
 Using suppressed amplitude.
Exact helicity sum (0 yes, n = number/event)? 
 Explicitly summing over helicities
Enter Configuration Number: 
Running Configuration Number:    1
 Not subdividing B.W.
 Attempting mappinvarients           1           4
 Completed mapping           4
 about to integrate            2        2000           9           3           2           1
 Using non-zero grid deformation.
  2 dimensions   2000 events  2 invarients  9 iterations  1 config(s),  (0.99)
 Using h-tuple random number sequence.
 Error opening grid
 Using Uniform Grid!
 Using uniform alpha   1.0000000000000000     
 Grid defined OK
 Set CM energy to      13000.00
 Mapping Graph           1  to config           1
Setting grid   1    0.59172E-06   1
 Masses: 0.000E+00 0.000E+00 0.000E+00 0.000E+00
   1   1   2
 Got moffset           7
Using random seed offsets     1 :      2
  with seed                   72
 Ranmar initialization seeds       29409        1467
  Particle       3       4
      Et >    10.0    10.0
       E >     0.0     0.0
     Eta <     2.5     2.5
   xqcut:      0.0     0.0
d R # 3  >    -0.0     0.4
s min # 3>     0.0     0.0
xqcutij # 3>     0.0     0.0
 alpha_s for scale    80.622577482985491       is   0.12023373007294476     
 Added good helicity            6   4.0716060199745545       in event            1
 Added good helicity            7   3.9283939800254459       in event            1
 Added good helicity           10   3.9283939800254459       in event            1
 Added good helicity           11   4.0716060199745545       in event            1
 Iteration  1   Mean: 0.3376E-02 Abs mean: 0.3376E-02   Fluctuation:  0.746E-04   0.452E-02    33.7%
  1    0.3376E-02 0.3376E-02 +- 0.7456E-04      0.99
 Writing out events  5.55893306423703150E-007  0.98771145615345901     
 Relative summed weights:
  0.4907E+00  0.0000E+00
  0.5093E+00  0.0000E+00
 Relative number of events:
  0.4935E+00  0.0000E+00
  0.5065E+00  0.0000E+00
 Events:
         987           0
        1013           0
 Iteration  2   Mean: 0.3314E-02 Abs mean: 0.3314E-02   Fluctuation:  0.145E-04   0.558E-02    99.9%
  2    0.3314E-02 0.3314E-02 +- 0.1454E-04      0.28
 Relative summed weights:
  0.5019E+00  0.0000E+00
  0.4981E+00  0.0000E+00
 Relative number of events:
  0.5038E+00  0.0000E+00
  0.4963E+00  0.0000E+00
 Events:
        2015           0
        1985           0
 Iteration  3   Mean: 0.3314E-02 Abs mean: 0.3314E-02   Fluctuation:  0.680E-05   0.460E-02    99.9%
  3    0.3314E-02 0.3314E-02 +- 0.6796E-05      0.18
 Relative summed weights:
  0.4971E+00  0.0000E+00
  0.5029E+00  0.0000E+00
 Relative number of events:
  0.4975E+00  0.0000E+00
  0.5025E+00  0.0000E+00
 Events:
        3980           0
        4020           0
 Found          816  events.
 Wrote          811  events.
 Actual xsec   3.31426833976362608E-003
 Correct abs xsec   3.31426833976362608E-003
 Event xsec   3.31426833976368245E-003
 Events wgts > 1:            0
 % Cross section > 1:    0.0000000000000000        0.0000000000000000     
 Checking number of events   990.10452382098561              811  chi2:   0.34383964648493814     
 Found          816  events.
 Wrote          811  events.
 Actual xsec   3.31426833976362608E-003
 Correct abs xsec   3.31426833976362608E-003
 Event xsec   3.31426833976368245E-003
 Events wgts > 1:            0
 % Cross section > 1:    0.0000000000000000        0.0000000000000000     
 Iteration  4   Mean: 0.3309E-02 Abs mean: 0.3309E-02   Fluctuation:  0.353E-05   0.412E-02    99.9%
  4    0.3309E-02 0.3309E-02 +- 0.3532E-05      0.14
 Relative summed weights:
  0.5058E+00  0.0000E+00
  0.4942E+00  0.0000E+00
 Relative number of events:
  0.5057E+00  0.0000E+00
  0.4943E+00  0.0000E+00
 Events:
        8091           0
        7909           0
 Found         1589  events.
 Wrote         1584  events.
 Actual xsec   3.30995198628931996E-003
 Correct abs xsec   3.30995198628931996E-003
 Event xsec   3.30995198628940323E-003
 Events wgts > 1:            0
 % Cross section > 1:    0.0000000000000000        0.0000000000000000     
 Checking number of events   988.81505638407145             1584  chi2:   0.26439465831014103     

 -------------------------------------------------------------------------------
 Accumulated results:   Integral =  0.3310E-02
                        Std dev  =  0.3061E-05
                       Cross sec =  0.4471E+00
             Chi**2 per DoF.     =
-------------------------------------------------
---------------------------
 Results Last   3 iters: Integral =   0.3310E-02
                     Abs integral =   0.3310E-02
                          Std dev =   0.3064E-05
                  Chi**2 per DoF. =      0.2644
-------------------------------------------------
---------------------------
 Status  -298740.00000000000                5           9
 We found enough events        1584   988.81505638407145     

ls status:
events.lhe
ftn25
ftn26
input_sg.txt
moffset.dat
results.dat
run_01_ftn26.gz
run_01_log.txt
run_01_results.dat
run_02_ftn26.gz
run_02_log.txt
run_02_results.dat
run_03_ftn26.gz
run_03_log.txt
run_03_results.dat
run_04_ftn26.gz
run_04_log.txt
run_04_results.dat
run_05_ftn26.gz
run_05_log.txt
run_05_results.dat
run1_app.log
