 Process in group number            1
 No PDF is used, alpha_s(MZ) from param_card is used
 Value of alpha_s from param_card:   0.11800000071525575     
 The default order of alpha_s running is fixed to            2
 *****************************************************
 *               MadGraph/MadEvent                   *
 *        --------------------------------           *
 *          http://madgraph.hep.uiuc.edu             *
 *          http://madgraph.phys.ucl.ac.be           *
 *          http://madgraph.roma2.infn.it            *
 *        --------------------------------           *
 *                                                   *
 *          PARAMETER AND COUPLING VALUES            *
 *                                                   *
 *****************************************************

  External Params
  ---------------------------------
  
 mdl_MB =    4.6999998092651367     
 mdl_MT =    173.00000000000000     
 mdl_MTA =    1.7769999504089355     
 mdl_MZ =    91.188003540039063     
 mdl_MH =    125.00000000000000     
 aEWM1 =    132.50700378417969     
 mdl_Gf =   1.16639000000000003E-005
 aS =   0.11800000071525575     
 mdl_ymb =    4.6999998092651367     
 mdl_ymt =    173.00000000000000     
 mdl_ymtau =    1.7769999504089355     
 mdl_WT =    1.4915000200271606     
 mdl_WZ =    2.4414041042327881     
 mdl_WW =    2.0476000308990479     
 mdl_WH =   6.38233916833996773E-003
  Internal Params
  ---------------------------------
  
 mdl_conjg__CKM3x3 =    1.0000000000000000     
 mdl_CKM3x3 =    1.0000000000000000     
 mdl_conjg__CKM1x1 =    1.0000000000000000     
 mdl_complexi =  (  0.0000000000000000     ,  1.0000000000000000     )
 mdl_MZ__exp__2 =    8315.2519896181766     
 mdl_MZ__exp__4 =    69143415.650849044     
 mdl_sqrt__2 =    1.4142135623730951     
 mdl_MH__exp__2 =    15625.000000000000     
 mdl_aEW =   7.54677089845565054E-003
 mdl_MW =    80.419007276179556     
 mdl_sqrt__aEW =   8.68721526063194194E-002
 mdl_ee =   0.30795376284704501     
 mdl_MW__exp__2 =    6467.2167312862202     
 mdl_sw2 =   0.22224645274001076     
 mdl_cw =   0.88190336616887299     
 mdl_sqrt__sw2 =   0.47143022043565552     
 mdl_sw =   0.47143022043565552     
 mdl_g1 =   0.34919218438279087     
 mdl_gw =   0.65323296958447097     
 mdl_vev =    246.21845810181631     
 mdl_vev__exp__2 =    60623.529110035874     
 mdl_lam =   0.12886910601690271     
 mdl_yb =   2.69955531549349904E-002
 mdl_yt =   0.99366614581500645     
 mdl_ytau =   1.02066167158167895E-002
 mdl_muH =    88.388347648318444     
 mdl_I1x33 =  ( 2.69955531549349904E-002,  0.0000000000000000     )
 mdl_I2x33 =  ( 0.99366614581500645     ,  0.0000000000000000     )
 mdl_I3x33 =  ( 0.99366614581500645     ,  0.0000000000000000     )
 mdl_I4x33 =  ( 2.69955531549349904E-002,  0.0000000000000000     )
 mdl_ee__exp__2 =   9.48355200516540348E-002
 mdl_sw__exp__2 =   0.22224645274001076     
 mdl_cw__exp__2 =   0.77775354725998924     
  Internal Params evaluated point by point
  ----------------------------------------
  
 mdl_sqrt__aS =   0.34351128178744839     
 mdl_G__exp__2 =    1.4828317414825511     
  Couplings of sm
  ---------------------------------
  
         GC_3 =  -0.00000E+00  -0.30795E+00
        GC_50 =  -0.00000E+00  -0.28804E+00
        GC_59 =   0.00000E+00   0.82310E-01

 Collider parameters:
 --------------------

 Running at e e   machine @    13000.000000000000       GeV
 PDF set = none   
 alpha_s(Mz)= 0.1180 running at 2 loops.
 alpha_s(Mz)= 0.1180 running at 2 loops.
 Renormalization scale set on event-by-event basis
 Factorization   scale set on event-by-event basis


 getting user params
Enter number of events and max and min iterations: 
 Number of events and iterations         2000           9           3
Enter desired fractional accuracy: 
 Desired fractional accuracy:   -249730.00000000000     
Enter 0 for fixed, 2 for adjustable grid: 
Suppress amplitude (0 no, 1 yes)? 
 Using suppressed amplitude.
Exact helicity sum (0 yes, n = number/event)? 
 Explicitly summing over helicities
Enter Configuration Number: 
Running Configuration Number:   11
 Not subdividing B.W.
 Attempting mappinvarients           1           5
 Completed mapping           5
 about to integrate            5        2000           9           3           5           1
 Using non-zero grid deformation.
  5 dimensions   2000 events  5 invarients  9 iterations  1 config(s),  (0.99)
 Using h-tuple random number sequence.
 Error opening grid
 Using Uniform Grid!
 Using uniform alpha   1.0000000000000000     
 Grid defined OK
 Set CM energy to      13000.00
 Mapping Graph          11  to config          11
Setting grid   1    0.75740E-07   1
Setting grid   2    0.59172E-06   1
 Masses: 0.000E+00 0.000E+00 0.000E+00 0.000E+00 0.000E+00
  11   1   2   3   4   5
 Got moffset           4
Using random seed offsets    11 :      1
  with seed                   36
 Ranmar initialization seeds       15616       22039
  Particle       3       4       5
      Et >    10.0    10.0    10.0
       E >     0.0     0.0     0.0
     Eta <     2.5     2.5     2.5
   xqcut:      0.0     0.0     0.0
d R # 3  >    -0.0     0.4     0.4
d R # 4  >    -0.0    -0.0     0.4
s min # 3>     0.0     0.0     0.0
s min # 4>     0.0     0.0     0.0
xqcutij # 3>     0.0     0.0     0.0
xqcutij # 4>     0.0     0.0     0.0
 alpha_s for scale    73.371452111199531       is   0.12200256888322618     
 Added good helicity            1   2.2844978404978975       in event            1
 Added good helicity            5   1.0748654189276619       in event            1
 Added good helicity           10   6.3002840373870868       in event            1
 Added good helicity           11  6.03147057982827697E-006  in event            1
 Added good helicity           14   4.8611034624837730       in event            1
 Added good helicity           15  7.91689210128643139E-006  in event            1
 Added good helicity           18  7.91687079158470514E-006  in event            1
 Added good helicity           19   6.1495911135799561       in event            1
 Added good helicity           22  6.03148681463142283E-006  in event            1
 Added good helicity           23   7.9702673875253494       in event            1
 Added good helicity           28   1.0748657890672739       in event            1
 Added good helicity           32   2.2844970538107123       in event            1
 Iteration  1   Mean: 0.4260E-02 Abs mean: 0.4260E-02   Fluctuation:  0.515E-03   0.503E+00    12.4%
  1    0.4260E-02 0.4260E-02 +- 0.5146E-03      5.40
 Writing out events  1.90509911246844007E-006   5.4016555512244588     
 Relative summed weights:
  0.1000E+01  0.0000E+00
 Relative number of events:
  0.1000E+01  0.0000E+00
 Events:
        2000           0
 Iteration  2   Mean: 0.3317E-02 Abs mean: 0.3317E-02   Fluctuation:  0.104E-03   0.103E+00    29.8%
  2    0.3317E-02 0.3317E-02 +- 0.1043E-03      1.99
 Relative summed weights:
  0.1000E+01  0.0000E+00
 Relative number of events:
  0.1000E+01  0.0000E+00
 Events:
        4000           0
 Iteration  3   Mean: 0.3529E-02 Abs mean: 0.3529E-02   Fluctuation:  0.618E-04   0.806E-01    26.8%
  3    0.3529E-02 0.3529E-02 +- 0.6177E-04      1.57
 Relative summed weights:
  0.1000E+01  0.0000E+00
 Relative number of events:
  0.1000E+01  0.0000E+00
 Events:
        8000           0
 Found         2778  events.
 Wrote         1024  events.
 Actual xsec   3.49158706910882065E-003
 Correct abs xsec   3.49158706910882065E-003
 Event xsec   3.49158706910880330E-003
 Events wgts > 1:           32
 % Cross section > 1:   3.43783679115722558E-005  0.98460577471284516     
 Checking number of events   871.95403876854573             1024  chi2:    2.7010759637404371     

 -------------------------------------------------------------------------------
 Accumulated results:   Integral =  0.3492E-02
                        Std dev  =  0.5298E-04
                       Cross sec =  0.3114E+01
             Chi**2 per DoF.     =
-------------------------------------------------
---------------------------
 Results Last   3 iters: Integral =   0.3492E-02
                     Abs integral =   0.3492E-02
                          Std dev =   0.5298E-04
                  Chi**2 per DoF. =      2.7011
-------------------------------------------------
---------------------------
 Status  -249730.00000000000                4           9
 We found enough events        1024   871.95403876854573     

ls status:
events.lhe
ftn25
ftn26
input_sg.txt
moffset.dat
results.dat
run_01_ftn26.gz
run_01_log.txt
run_01_results.dat
run1_app.log
