 Process in group number            0
 No PDF is used, alpha_s(MZ) from param_card is used
 Value of alpha_s from param_card:   0.11800000071525575     
 The default order of alpha_s running is fixed to            2
<<<<<<< HEAD
=======
 Warning: pt or E min of a gamma should in general be >0
 Warning: pt or E min of a gamma should in general be >0
 Warning: pt or E min of a gamma should in general be >0
>>>>>>> 911b5ec345c81b054214c521136984e9d6306827
 *****************************************************
 *               MadGraph/MadEvent                   *
 *        --------------------------------           *
 *          http://madgraph.hep.uiuc.edu             *
 *          http://madgraph.phys.ucl.ac.be           *
 *          http://madgraph.roma2.infn.it            *
 *        --------------------------------           *
 *                                                   *
 *          PARAMETER AND COUPLING VALUES            *
 *                                                   *
 *****************************************************

  External Params
  ---------------------------------
  
 aEWM1 =    132.50700378417969     
 mdl_Gf =   1.16639000000000003E-005
 aS =   0.11800000071525575     
 mdl_ymb =    4.6999998092651367     
 mdl_ymt =    173.00000000000000     
 mdl_yme =   5.10999991092830896E-004
 mdl_ymm =   0.10565999895334244     
 mdl_ymtau =    1.7769999504089355     
 mdl_MZ =    91.188003540039063     
 mdl_MT =    173.00000000000000     
 mdl_MB =    4.6999998092651367     
 mdl_MH =    125.00000000000000     
 mdl_Me =   5.10999991092830896E-004
 mdl_MM =   0.10565999895334244     
 mdl_MTA =    1.7769999504089355     
 mdl_WZ =    2.4414041042327881     
 mdl_WW =    2.0476000308990479     
 mdl_WT =    1.4915000200271606     
 mdl_WH =   6.38233916833996773E-003
 mdl_WTau =   2.26999999999999982E-012
  Internal Params
  ---------------------------------
  
 mdl_conjg__CKM3x3 =    1.0000000000000000     
 mdl_CKM3x3 =    1.0000000000000000     
 mdl_conjg__CKM1x1 =    1.0000000000000000     
 mdl_complexi =  (  0.0000000000000000     ,  1.0000000000000000     )
 mdl_MZ__exp__2 =    8315.2519896181766     
 mdl_MZ__exp__4 =    69143415.650849044     
 mdl_sqrt__2 =    1.4142135623730951     
 mdl_MH__exp__2 =    15625.000000000000     
 mdl_aEW =   7.54677089845565054E-003
 mdl_MW =    80.419007276179556     
 mdl_sqrt__aEW =   8.68721526063194194E-002
 mdl_ee =   0.30795376284704501     
 mdl_MW__exp__2 =    6467.2167312862202     
 mdl_sw2 =   0.22224645274001076     
 mdl_cw =   0.88190336616887299     
 mdl_sqrt__sw2 =   0.47143022043565552     
 mdl_sw =   0.47143022043565552     
 mdl_g1 =   0.34919218438279087     
 mdl_gw =   0.65323296958447097     
 mdl_vev =    246.21845810181631     
 mdl_vev__exp__2 =    60623.529110035874     
 mdl_lam =   0.12886910601690271     
 mdl_yb =   2.69955531549349904E-002
 mdl_ye =   2.93504850670934038E-006
 mdl_ym =   6.06883028478528356E-004
 mdl_yt =   0.99366614581500645     
 mdl_ytau =   1.02066167158167895E-002
 mdl_muH =    88.388347648318444     
 mdl_I1x33 =  ( 2.69955531549349904E-002,  0.0000000000000000     )
 mdl_I2x33 =  ( 0.99366614581500645     ,  0.0000000000000000     )
 mdl_I3x33 =  ( 0.99366614581500645     ,  0.0000000000000000     )
 mdl_I4x33 =  ( 2.69955531549349904E-002,  0.0000000000000000     )
 mdl_ee__exp__2 =   9.48355200516540348E-002
 mdl_sw__exp__2 =   0.22224645274001076     
 mdl_cw__exp__2 =   0.77775354725998924     
  Internal Params evaluated point by point
  ----------------------------------------
  
 mdl_sqrt__aS =   0.34351128178744839     
 mdl_G__exp__2 =    1.4828317414825511     
  Couplings of sm-lepton_masses
  ---------------------------------
  
         GC_3 =  -0.00000E+00  -0.30795E+00

 Collider parameters:
 --------------------

<<<<<<< HEAD
 Running at e e   machine @   7.14879999999999960E-002  GeV
=======
 Running at e e   machine @   7.00000000000000067E-002  GeV
>>>>>>> 911b5ec345c81b054214c521136984e9d6306827
 PDF set = none   
 alpha_s(Mz)= 0.1180 running at 2 loops.
 alpha_s(Mz)= 0.1180 running at 2 loops.
 Renormalization scale fixed @    91.188000000000002     
 Factorization scales  fixed @    91.188000000000002        91.188000000000002     


 getting user params
Enter number of events and max and min iterations: 
<<<<<<< HEAD
 Number of events and iterations         2000           9           3
Enter desired fractional accuracy: 
 Desired fractional accuracy:  -1.03289999999999995E-004
=======
 Number of events and iterations         1000           9           3
Enter desired fractional accuracy: 
 Desired fractional accuracy:  -4.27509999999999978E-004
>>>>>>> 911b5ec345c81b054214c521136984e9d6306827
Enter 0 for fixed, 2 for adjustable grid: 
Suppress amplitude (0 no, 1 yes)? 
 Using suppressed amplitude.
Exact helicity sum (0 yes, n = number/event)? 
 Explicitly summing over helicities
Enter Configuration Number: 
Running Configuration Number:    1
 Not subdividing B.W.
 Attempting mappinvarients           1           5
 Completed mapping           5
<<<<<<< HEAD
 about to integrate            5        2000           9           3           5           1
 Using non-zero grid deformation.
  5 dimensions   2000 events  5 invarients  9 iterations  1 config(s),  (0.99)
 Using h-tuple random number sequence.
 Error opening grid
 Using Uniform Grid!
 Using uniform alpha   1.0000000000000000     
 Grid defined OK
 Set CM energy to          0.07
 Mapping Graph           1  to config           1
Setting grid   1    0.17611E-04   1
Setting grid   2    0.17611E-04   1
=======
 about to integrate            5        1000           9           3           5           1
 Keeping grid fixed.
  5 dimensions   1000 events  5 invarients  9 iterations  1 config(s),  (0.99)
 Using h-tuple random number sequence.
 Grid read from file
 Grid defined OK
 Set CM energy to          0.07
 Mapping Graph           1  to config           1
 Warning: No cutoff for shat integral found
          Minimum set to    204.08163265306121     
 No modification is setgrid, grid read from file
 Warning: No cutoff for shat integral found
          Minimum set to    204.08163265306121     
 No modification is setgrid, grid read from file
>>>>>>> 911b5ec345c81b054214c521136984e9d6306827
 Masses: 0.511E-03 0.511E-03 0.000E+00 0.000E+00 0.000E+00
   1   1   2   3   4   5
 Got moffset          14
Using random seed offsets     1 :      1
<<<<<<< HEAD
  with seed                  114
 Ranmar initialization seeds       20445       23609
=======
  with seed                   48
 Ranmar initialization seeds       30234       23540
>>>>>>> 911b5ec345c81b054214c521136984e9d6306827
  Particle       3       4       5
      Et >     0.0     0.0     0.0
       E >     0.0     0.0     0.0
     Eta <    -1.0    -1.0    -1.0
   xqcut:      0.0     0.0     0.0
d R # 3  >    -0.0     0.0     0.0
d R # 4  >    -0.0    -0.0     0.0
s min # 3>     0.0     0.0     0.0
s min # 4>     0.0     0.0     0.0
xqcutij # 3>     0.0     0.0     0.0
xqcutij # 4>     0.0     0.0     0.0
 alpha_s for scale    91.188000000000002       is   0.11800000071525575     
<<<<<<< HEAD
 Added good helicity            1  1.74749412737430776E-002  in event            1
 Added good helicity            2  5.88674997317646491E-003  in event            1
 Added good helicity            3  2.86085114232652359E-003  in event            1
 Added good helicity            4  7.70598464036266169E-004  in event            1
 Added good helicity            5  3.26464045261108411E-003  in event            1
 Added good helicity            6  3.62433618699671022E-005  in event            1
 Added good helicity            7  1.08881816214180313E-004  in event            1
 Added good helicity           10  6.13109397452823376E-002  in event            1
 Added good helicity           11   3.3482918794433356       in event            1
 Added good helicity           12   5.1638952868083603       in event            1
 Added good helicity           13   2.7518838729655939       in event            1
 Added good helicity           14  9.40701638288944132E-003  in event            1
 Added good helicity           15   4.6348080981249264       in event            1
 Added good helicity           18   4.6348080981249264       in event            1
 Added good helicity           19  9.40701638288943959E-003  in event            1
 Added good helicity           20   2.7518838729655939       in event            1
 Added good helicity           21   5.1638952868083603       in event            1
 Added good helicity           22   3.3482918794433343       in event            1
 Added good helicity           23  6.13109397452823376E-002  in event            1
 Added good helicity           26  1.08881816214180258E-004  in event            1
 Added good helicity           27  3.62433618699671293E-005  in event            1
 Added good helicity           28  3.26464045261108411E-003  in event            1
 Added good helicity           29  7.70598464036266495E-004  in event            1
 Added good helicity           30  2.86085114232652359E-003  in event            1
 Added good helicity           31  5.88674997317646491E-003  in event            1
 Added good helicity           32  1.74749412737430776E-002  in event            1
 Iteration  1   Mean: 0.1534E+09 Abs mean: 0.1534E+09   Fluctuation:  0.122E+09   0.244E+12    99.0%
  1    0.1534E+09 0.1534E+09 +- 0.1220E+09     35.55
 Writing out events   8609.9303977360560        35.552806309110849     
 Relative summed weights:
  0.3249E-01  0.0000E+00
  0.3403E-01  0.0000E+00
  0.8262E+00  0.0000E+00
  0.3276E-01  0.0000E+00
  0.3336E-01  0.0000E+00
  0.4115E-01  0.0000E+00
 Relative number of events:
  0.1560E+00  0.0000E+00
  0.1625E+00  0.0000E+00
  0.1780E+00  0.0000E+00
  0.1700E+00  0.0000E+00
  0.1665E+00  0.0000E+00
  0.1670E+00  0.0000E+00
 Events:
         312           0
         325           0
         356           0
         340           0
         333           0
         334           0
 Iteration  2   Mean: 0.4307E+08 Abs mean: 0.4307E+08   Fluctuation:  0.489E+07   0.178E+11    98.2%
  2    0.4307E+08 0.4307E+08 +- 0.4887E+07      7.18
 Relative summed weights:
  0.1442E+00  0.0000E+00
  0.1375E+00  0.0000E+00
  0.1308E+00  0.0000E+00
  0.1699E+00  0.0000E+00
  0.1572E+00  0.0000E+00
  0.2604E+00  0.0000E+00
 Relative number of events:
  0.1713E+00  0.0000E+00
  0.1620E+00  0.0000E+00
  0.1585E+00  0.0000E+00
  0.1620E+00  0.0000E+00
  0.1797E+00  0.0000E+00
  0.1665E+00  0.0000E+00
 Events:
         685           0
         648           0
         634           0
         648           0
         719           0
         666           0
 Iteration  3   Mean: 0.3814E+08 Abs mean: 0.3814E+08   Fluctuation:  0.929E+06   0.318E+10    97.5%
  3    0.3814E+08 0.3814E+08 +- 0.9289E+06      2.18
 Relative summed weights:
  0.1676E+00  0.0000E+00
  0.1703E+00  0.0000E+00
  0.1550E+00  0.0000E+00
  0.1553E+00  0.0000E+00
  0.1800E+00  0.0000E+00
  0.1719E+00  0.0000E+00
 Relative number of events:
  0.1678E+00  0.0000E+00
  0.1693E+00  0.0000E+00
  0.1663E+00  0.0000E+00
  0.1600E+00  0.0000E+00
  0.1680E+00  0.0000E+00
  0.1688E+00  0.0000E+00
 Events:
        1342           0
        1354           0
        1330           0
        1280           0
        1344           0
        1350           0
 Found          686  events.
 Wrote          216  events.
 Actual xsec    38456037.064458914     
 Correct abs xsec    38456037.064458914     
 Event xsec    38456037.064458981     
 Events wgts > 1:            6
 % Cross section > 1:    370081.52997846378       0.96234962889739006     
 Checking number of events   3972.1240683879610              216  chi2:   0.94916455782976750     
 Found          686  events.
 Wrote          214  events.
 Actual xsec    38456037.064458914     
 Correct abs xsec    38456037.064458914     
 Event xsec    38456037.064458780     
 Events wgts > 1:            6
 % Cross section > 1:    373506.64297085564       0.97125619664032403     
 Iteration  4   Mean: 0.4084E+08 Abs mean: 0.4084E+08   Fluctuation:  0.824E+06   0.543E+10    96.9%
  4    0.4084E+08 0.4084E+08 +- 0.8238E+06      2.55
 Relative summed weights:
  0.1731E+00  0.0000E+00
  0.1707E+00  0.0000E+00
  0.1572E+00  0.0000E+00
  0.1780E+00  0.0000E+00
  0.1665E+00  0.0000E+00
  0.1545E+00  0.0000E+00
 Relative number of events:
  0.1623E+00  0.0000E+00
  0.1678E+00  0.0000E+00
  0.1698E+00  0.0000E+00
  0.1693E+00  0.0000E+00
  0.1687E+00  0.0000E+00
  0.1622E+00  0.0000E+00
 Events:
        2596           0
        2685           0
        2717           0
        2708           0
        2699           0
        2595           0
 Found         1625  events.
 Wrote          261  events.
 Actual xsec    39803135.540974148     
 Correct abs xsec    39803135.540974148     
 Event xsec    39803135.540974163     
 Events wgts > 1:            3
 % Cross section > 1:    371847.15951183363       0.93421574571442134     
 Checking number of events   4111.2658700272195              261  chi2:    2.6320234697012959     
 Found         1625  events.
 Wrote          249  events.
 Actual xsec    39803135.540974148     
 Correct abs xsec    39803135.540974148     
 Event xsec    39803135.540974014     
 Events wgts > 1:            3
 % Cross section > 1:    389592.10065705958       0.97879751271355742     
 Iteration  5   Mean: 0.4029E+08 Abs mean: 0.4029E+08   Fluctuation:  0.522E+06   0.666E+10    96.6%
  5    0.4029E+08 0.4029E+08 +- 0.5216E+06      2.32
 Relative summed weights:
  0.1727E+00  0.0000E+00
  0.1629E+00  0.0000E+00
  0.1703E+00  0.0000E+00
  0.1669E+00  0.0000E+00
  0.1647E+00  0.0000E+00
  0.1625E+00  0.0000E+00
 Relative number of events:
  0.1663E+00  0.0000E+00
  0.1667E+00  0.0000E+00
  0.1700E+00  0.0000E+00
  0.1661E+00  0.0000E+00
  0.1628E+00  0.0000E+00
  0.1681E+00  0.0000E+00
 Events:
        5321           0
        5335           0
        5441           0
        5314           0
        5210           0
        5379           0
 Found         3048  events.
 Wrote          579  events.
 Actual xsec    40064697.975174449     
 Correct abs xsec    40064697.975174449     
 Event xsec    40064697.975174598     
 Events wgts > 1:            9
 % Cross section > 1:    391120.67454724194       0.97622269557502506     
 Checking number of events   4138.2826538557683              579  chi2:    2.6957916666200972     
 Found         3048  events.
 Wrote          588  events.
 Actual xsec    40064697.975174449     
 Correct abs xsec    40064697.975174449     
 Event xsec    40064697.975174710     
 Events wgts > 1:            9
 % Cross section > 1:    385191.68966176291       0.96142416922857943     
 Iteration  6   Mean: 0.4075E+08 Abs mean: 0.4075E+08   Fluctuation:  0.291E+06   0.348E+10    96.7%
  6    0.4075E+08 0.4075E+08 +- 0.2907E+06      1.80
 Relative summed weights:
  0.1688E+00  0.0000E+00
  0.1602E+00  0.0000E+00
  0.1679E+00  0.0000E+00
  0.1679E+00  0.0000E+00
  0.1663E+00  0.0000E+00
  0.1689E+00  0.0000E+00
 Relative number of events:
  0.1665E+00  0.0000E+00
  0.1659E+00  0.0000E+00
  0.1670E+00  0.0000E+00
  0.1665E+00  0.0000E+00
  0.1670E+00  0.0000E+00
  0.1671E+00  0.0000E+00
 Events:
       10653           0
       10619           0
       10686           0
       10656           0
       10690           0
       10696           0
 Found         6409  events.
 Wrote         1890  events.
 Actual xsec    40657308.926936604     
 Correct abs xsec    40657308.926936604     
 Event xsec    40657308.926937051     
 Events wgts > 1:           39
 % Cross section > 1:    397899.29124058317       0.97866607934043415     
 Checking number of events   4199.4934390632816             1890  chi2:   0.32138815675122129     
 Found         6409  events.
 Wrote         1932  events.
 Actual xsec    40657308.926936604     
 Correct abs xsec    40657308.926936604     
 Event xsec    40657308.926934637     
 Events wgts > 1:           39
 % Cross section > 1:    389332.13842175948       0.95759446135854531     
 Iteration  7   Mean: 0.4035E+08 Abs mean: 0.4035E+08   Fluctuation:  0.180E+06   0.388E+10    96.8%
  7    0.4035E+08 0.4035E+08 +- 0.1796E+06      1.59
 Relative summed weights:
  0.1680E+00  0.0000E+00
  0.1687E+00  0.0000E+00
  0.1663E+00  0.0000E+00
  0.1651E+00  0.0000E+00
  0.1644E+00  0.0000E+00
  0.1675E+00  0.0000E+00
 Relative number of events:
  0.1670E+00  0.0000E+00
  0.1677E+00  0.0000E+00
  0.1658E+00  0.0000E+00
  0.1657E+00  0.0000E+00
  0.1673E+00  0.0000E+00
  0.1666E+00  0.0000E+00
 Events:
       21373           0
       21463           0
       21220           0
       21206           0
       21413           0
       21325           0
 Found        12591  events.
 Wrote         5300  events.
 Actual xsec    40447027.039548174     
 Correct abs xsec    40447027.039548174     
 Event xsec    40447027.039548926     
 Events wgts > 1:           99
 % Cross section > 1:    398025.48726375116       0.98406611411652967     
 Checking number of events   4177.7734229149310             5300  chi2:   0.72229814280901605     

 -------------------------------------------------------------------------------
 Accumulated results:   Integral =  0.4042E+08
                        Std dev  =  0.1426E+06
                       Cross sec =  0.3309E+01
             Chi**2 per DoF.     =
-------------------------------------------------
---------------------------
 Results Last   3 iters: Integral =   0.4045E+08
                     Abs integral =   0.4045E+08
                          Std dev =   0.1466E+06
                  Chi**2 per DoF. =      0.7223
-------------------------------------------------
---------------------------
 Status -1.03289999999999995E-004           8           9
 We found enough events        5300   4177.7734229149310     
=======
 Added good helicity            1  3.44840222373280023E-003  in event            1
 Added good helicity            2  3.43970163486137384E-003  in event            1
 Added good helicity            3  7.03145827284922822E-004  in event            1
 Added good helicity            4  7.04260465882623884E-004  in event            1
 Added good helicity            5  7.08142935946068407E-004  in event            1
 Added good helicity            6  7.05118031708988863E-004  in event            1
 Added good helicity           11   1.7532933077629738       in event            1
 Added good helicity           12   1.7467518505955286       in event            1
 Added good helicity           13   6.2491977705186406       in event            1
 Added good helicity           14   6.2410482999837367       in event            1
 Added good helicity           19   6.2410482999837358       in event            1
 Added good helicity           20   6.2491977705186406       in event            1
 Added good helicity           21   1.7467518505955286       in event            1
 Added good helicity           22   1.7532933077629738       in event            1
 Added good helicity           27  7.05118031708989188E-004  in event            1
 Added good helicity           28  7.08142935946068407E-004  in event            1
 Added good helicity           29  7.04260465882623884E-004  in event            1
 Added good helicity           30  7.03145827284922822E-004  in event            1
 Added good helicity           31  3.43970163486137558E-003  in event            1
 Added good helicity           32  3.44840222373280023E-003  in event            1
 Added good helicity            7  1.57212336578137999E-004  in event            2
 Added good helicity           10  8.54566993974521655E-002  in event            2
 Added good helicity           15   6.3722593201121835       in event            2
 Added good helicity           18   6.3722593201121853       in event            2
 Added good helicity           23  8.54566993974521655E-002  in event            2
 Added good helicity           26  1.57212336578138053E-004  in event            2
 Iteration  1   Mean: 0.9450E+08 Abs mean: 0.9450E+08   Fluctuation:  0.444E+07   0.279E+10    99.5%
  1    0.9450E+08 0.9450E+08 +- 0.4436E+07      1.48
 Writing out events   10552.072900423480        1.4846237690473862     
 Relative summed weights:
  0.1604E+00  0.0000E+00
  0.1669E+00  0.0000E+00
  0.1782E+00  0.0000E+00
  0.1742E+00  0.0000E+00
  0.1651E+00  0.0000E+00
  0.1551E+00  0.0000E+00
 Relative number of events:
  0.1550E+00  0.0000E+00
  0.1610E+00  0.0000E+00
  0.1580E+00  0.0000E+00
  0.1880E+00  0.0000E+00
  0.1670E+00  0.0000E+00
  0.1710E+00  0.0000E+00
 Events:
         155           0
         161           0
         158           0
         188           0
         167           0
         171           0
 Iteration  2   Mean: 0.1175E+09 Abs mean: 0.1175E+09   Fluctuation:  0.893E+07   0.122E+11    99.6%
  2    0.1175E+09 0.1175E+09 +- 0.8928E+07      3.40
 Relative summed weights:
  0.1117E+00  0.0000E+00
  0.1629E+00  0.0000E+00
  0.2256E+00  0.0000E+00
  0.1725E+00  0.0000E+00
  0.1355E+00  0.0000E+00
  0.1918E+00  0.0000E+00
 Relative number of events:
  0.1535E+00  0.0000E+00
  0.1735E+00  0.0000E+00
  0.1785E+00  0.0000E+00
  0.1680E+00  0.0000E+00
  0.1665E+00  0.0000E+00
  0.1600E+00  0.0000E+00
 Events:
         307           0
         347           0
         357           0
         336           0
         333           0
         320           0
 Iteration  3   Mean: 0.1169E+09 Abs mean: 0.1169E+09   Fluctuation:  0.707E+07   0.240E+11    99.6%
  3    0.1169E+09 0.1169E+09 +- 0.7074E+07      3.83
 Relative summed weights:
  0.1976E+00  0.0000E+00
  0.1410E+00  0.0000E+00
  0.2113E+00  0.0000E+00
  0.1513E+00  0.0000E+00
  0.1464E+00  0.0000E+00
  0.1524E+00  0.0000E+00
 Relative number of events:
  0.1735E+00  0.0000E+00
  0.1655E+00  0.0000E+00
  0.1727E+00  0.0000E+00
  0.1730E+00  0.0000E+00
  0.1618E+00  0.0000E+00
  0.1535E+00  0.0000E+00
 Events:
         694           0
         662           0
         691           0
         692           0
         647           0
         614           0
 Found          359  events.
 Wrote           21  events.
 Actual xsec    105722492.98117338     
 Correct abs xsec    105722492.98117338     
 Event xsec    105722492.98117334     
 Events wgts > 1:            0
 % Cross section > 1:    0.0000000000000000        0.0000000000000000     
 Checking number of events   45197.422974381429               21  chi2:    5.3207014645677013     
 Found          359  events.
 Wrote           23  events.
 Actual xsec    105722492.98117338     
 Correct abs xsec    105722492.98117338     
 Event xsec    105722492.98117332     
 Events wgts > 1:            0
 % Cross section > 1:    0.0000000000000000        0.0000000000000000     
 Iteration  4   Mean: 0.1122E+09 Abs mean: 0.1122E+09   Fluctuation:  0.321E+07   0.104E+11    99.5%
  4    0.1122E+09 0.1122E+09 +- 0.3209E+07      2.56
 Relative summed weights:
  0.1811E+00  0.0000E+00
  0.1936E+00  0.0000E+00
  0.1503E+00  0.0000E+00
  0.1574E+00  0.0000E+00
  0.1660E+00  0.0000E+00
  0.1516E+00  0.0000E+00
 Relative number of events:
  0.1722E+00  0.0000E+00
  0.1727E+00  0.0000E+00
  0.1656E+00  0.0000E+00
  0.1624E+00  0.0000E+00
  0.1634E+00  0.0000E+00
  0.1636E+00  0.0000E+00
 Events:
        1378           0
        1382           0
        1325           0
        1299           0
        1307           0
        1309           0
 Found          704  events.
 Wrote          160  events.
 Actual xsec    113542087.92825387     
 Correct abs xsec    113542087.92825387     
 Event xsec    113542087.92825431     
 Events wgts > 1:            5
 % Cross section > 1:    1121715.2175285788       0.98792900324096156     
 Checking number of events   48540.378010207809              160  chi2:   0.29437547667041047     
 Found          704  events.
 Wrote          164  events.
 Actual xsec    113542087.92825387     
 Correct abs xsec    113542087.92825387     
 Event xsec    113542087.92825438     
 Events wgts > 1:            5
 % Cross section > 1:    1094620.0675674626       0.96406547346490346     
 Iteration  5   Mean: 0.1154E+09 Abs mean: 0.1154E+09   Fluctuation:  0.423E+07   0.417E+11    99.5%
  5    0.1154E+09 0.1154E+09 +- 0.4226E+07      4.63
 Relative summed weights:
  0.1636E+00  0.0000E+00
  0.1489E+00  0.0000E+00
  0.1742E+00  0.0000E+00
  0.1786E+00  0.0000E+00
  0.1598E+00  0.0000E+00
  0.1748E+00  0.0000E+00
 Relative number of events:
  0.1648E+00  0.0000E+00
  0.1653E+00  0.0000E+00
  0.1690E+00  0.0000E+00
  0.1706E+00  0.0000E+00
  0.1641E+00  0.0000E+00
  0.1663E+00  0.0000E+00
 Events:
        2636           0
        2644           0
        2704           0
        2730           0
        2626           0
        2660           0
 Found         1425  events.
 Wrote           68  events.
 Actual xsec    113854468.80034108     
 Correct abs xsec    113854468.80034108     
 Event xsec    113854468.80034123     
 Events wgts > 1:            3
 % Cross section > 1:    1196757.0288156378        1.0511287272476835     
 Checking number of events   48673.923956833816               68  chi2:   0.28853114155543436     
 Found         1425  events.
 Wrote           74  events.
 Actual xsec    113854468.80034108     
 Correct abs xsec    113854468.80034108     
 Event xsec    113854468.80034098     
 Events wgts > 1:            3
 % Cross section > 1:    1100660.7314363420       0.96672598189052861     
 Iteration  6   Mean: 0.1219E+09 Abs mean: 0.1219E+09   Fluctuation:  0.356E+07   0.548E+11    99.6%
  6    0.1219E+09 0.1219E+09 +- 0.3556E+07      5.22
 Relative summed weights:
  0.1475E+00  0.0000E+00
  0.1559E+00  0.0000E+00
  0.1686E+00  0.0000E+00
  0.1672E+00  0.0000E+00
  0.1744E+00  0.0000E+00
  0.1864E+00  0.0000E+00
 Relative number of events:
  0.1654E+00  0.0000E+00
  0.1632E+00  0.0000E+00
  0.1683E+00  0.0000E+00
  0.1683E+00  0.0000E+00
  0.1720E+00  0.0000E+00
  0.1628E+00  0.0000E+00
 Events:
        5292           0
        5222           0
        5384           0
        5387           0
        5505           0
        5210           0
 Found         2817  events.
 Wrote          108  events.
 Actual xsec    116595738.80406627     
 Correct abs xsec    116595738.80406627     
 Event xsec    116595738.80406636     
 Events wgts > 1:            3
 % Cross section > 1:    1107606.1792964477       0.94995425275166157     
 Checking number of events   49845.844296126372              108  chi2:    2.0787949594802755     
 Found         2817  events.
 Wrote          112  events.
 Actual xsec    116595738.80406627     
 Correct abs xsec    116595738.80406627     
 Event xsec    116595738.80406606     
 Events wgts > 1:            3
 % Cross section > 1:    1068411.2949834890       0.91633820064291238     
 Iteration  7   Mean: 0.1209E+09 Abs mean: 0.1209E+09   Fluctuation:  0.333E+07   0.142E+12    99.5%
  7    0.1209E+09 0.1209E+09 +- 0.3326E+07      6.96
 Relative summed weights:
  0.1794E+00  0.0000E+00
  0.1640E+00  0.0000E+00
  0.1658E+00  0.0000E+00
  0.1658E+00  0.0000E+00
  0.1642E+00  0.0000E+00
  0.1608E+00  0.0000E+00
 Relative number of events:
  0.1658E+00  0.0000E+00
  0.1664E+00  0.0000E+00
  0.1664E+00  0.0000E+00
  0.1668E+00  0.0000E+00
  0.1670E+00  0.0000E+00
  0.1677E+00  0.0000E+00
 Events:
       10609           0
       10651           0
       10652           0
       10672           0
       10686           0
       10730           0
 Found         5200  events.
 Wrote           70  events.
 Actual xsec    120002656.18207847     
 Correct abs xsec    120002656.18207847     
 Event xsec    120002656.18207854     
 Events wgts > 1:            2
 % Cross section > 1:    968708.37218648335       0.80723910870495585     
 Checking number of events   51302.335544400361               70  chi2:   0.77555143740689125     
 Found         5200  events.
 Wrote           78  events.
 Actual xsec    120002656.18207847     
 Correct abs xsec    120002656.18207847     
 Event xsec    120002656.18207851     
 Events wgts > 1:            2
 % Cross section > 1:    870074.03430885659       0.72504564648027814     
 Iteration  8   Mean: 0.1196E+09 Abs mean: 0.1196E+09   Fluctuation:  0.230E+07   0.123E+12    99.5%
  8    0.1196E+09 0.1196E+09 +- 0.2300E+07      6.88
 Relative summed weights:
  0.1791E+00  0.0000E+00
  0.1692E+00  0.0000E+00
  0.1611E+00  0.0000E+00
  0.1738E+00  0.0000E+00
  0.1596E+00  0.0000E+00
  0.1573E+00  0.0000E+00
 Relative number of events:
  0.1663E+00  0.0000E+00
  0.1664E+00  0.0000E+00
  0.1671E+00  0.0000E+00
  0.1668E+00  0.0000E+00
  0.1665E+00  0.0000E+00
  0.1669E+00  0.0000E+00
 Events:
       21281           0
       21301           0
       21390           0
       21348           0
       21312           0
       21368           0
 Found        10591  events.
 Wrote          221  events.
 Actual xsec    120428755.19466408     
 Correct abs xsec    120428755.19466408     
 Event xsec    120428755.19466357     
 Events wgts > 1:            5
 % Cross section > 1:    1117547.6763623713       0.92797411594593326     
 Checking number of events   51484.497133270837              221  chi2:   0.16943410912209983     
 Found        10591  events.
 Wrote          211  events.
 Actual xsec    120428755.19466408     
 Correct abs xsec    120428755.19466408     
 Event xsec    120428755.19466427     
 Events wgts > 1:            5
 % Cross section > 1:    1169997.4584851393       0.97152665623249546     
 Iteration  9   Mean: 0.1253E+09 Abs mean: 0.1253E+09   Fluctuation:  0.629E+07   0.156E+13    99.5%
  9    0.1253E+09 0.1253E+09 +- 0.6291E+07     25.40
 Relative summed weights:
  0.1614E+00  0.0000E+00
  0.1571E+00  0.0000E+00
  0.2045E+00  0.0000E+00
  0.1530E+00  0.0000E+00
  0.1612E+00  0.0000E+00
  0.1628E+00  0.0000E+00
 Relative number of events:
  0.1656E+00  0.0000E+00
  0.1680E+00  0.0000E+00
  0.1662E+00  0.0000E+00
  0.1675E+00  0.0000E+00
  0.1659E+00  0.0000E+00
  0.1668E+00  0.0000E+00
 Events:
       42382           0
       43001           0
       42558           0
       42876           0
       42481           0
       42702           0
 Found        21415  events.
 Wrote           17  events.
 Actual xsec    120477255.11025141     
 Correct abs xsec    120477255.11025141     
 Event xsec    120477255.11025143     
 Events wgts > 1:            0
 % Cross section > 1:    0.0000000000000000        0.0000000000000000     
 Checking number of events   51505.231332183575               17  chi2:   0.38745228900628187     
 Found        21415  events.
 Wrote           17  events.
 Actual xsec    120477255.11025141     
 Correct abs xsec    120477255.11025141     
 Event xsec    120477255.11025143     
 Events wgts > 1:            0
 % Cross section > 1:    0.0000000000000000        0.0000000000000000     

 -------------------------------------------------------------------------------
 Accumulated results:   Integral =  0.1175E+09
                        Std dev  =  0.1277E+07
                       Cross sec =  0.1175E+09
             Chi**2 per DoF.     =      3.1825
 -------------------------------------------------------------------------------
-------------------------------------------------
---------------------------
 Results Last   3 iters: Integral =   0.1205E+09
                     Abs integral =   0.1205E+09
                          Std dev =   0.1812E+07
                  Chi**2 per DoF. =      0.3875
-------------------------------------------------
---------------------------
 Status -4.27509999999999978E-004          10           9
 Trying w/ fresh grid
 Starting w/ ncall =         4000
 Keeping grid fixed.
  5 dimensions   4000 events  5 invarients  8 iterations  1 config(s),  (0.99)
 Using h-tuple random number sequence.
 Error opening grid
 Using Uniform Grid!
 Using uniform alpha   1.0000000000000000     
 Grid defined OK
 Warning: No cutoff for shat integral found
          Minimum set to    204.08163265306121     
Setting grid   1    0.20408E+03   1
 Warning: No cutoff for shat integral found
          Minimum set to    204.08163265306121     
Setting grid   2    0.20408E+03   1
Warning xbin not returning correct x   2  0.999977E+00  0.993339E+00  0.2837E+03
Warning xbin not returning correct x   2  0.999986E+00  0.995914E+00  0.2837E+03
Warning xbin not returning correct x   2  0.999992E+00  0.997800E+00  0.2837E+03
Warning xbin not returning correct x   2  0.999984E+00  0.995575E+00  0.2837E+03
Warning xbin not returning correct x   2  0.999968E+00  0.990885E+00  0.2837E+03
Warning xbin still not working well. Last message this iteration.
 Iteration  1   Mean: 0.6580E+08 Abs mean: 0.6580E+08   Fluctuation:  0.181E+08   0.509E+11    99.2%
  1    0.6580E+08 0.6580E+08 +- 0.1809E+08     17.39
 Relative summed weights:
  0.1474E+00  0.0000E+00
  0.3824E-01  0.0000E+00
  0.5359E-01  0.0000E+00
  0.2854E+00  0.0000E+00
  0.4685E-01  0.0000E+00
  0.4286E+00  0.0000E+00
 Relative number of events:
  0.1770E+00  0.0000E+00
  0.1620E+00  0.0000E+00
  0.1760E+00  0.0000E+00
  0.1653E+00  0.0000E+00
  0.1477E+00  0.0000E+00
  0.1720E+00  0.0000E+00
 Events:
         708           0
         648           0
         704           0
         661           0
         591           0
         688           0
Warning xbin not returning correct x   1  0.985889E+00  0.999784E+00  0.1553E-01
Warning xbin not returning correct x   1  0.998939E+00  0.999984E+00  0.1553E-01
Warning xbin not returning correct x   1  0.990568E+00  0.999856E+00  0.1553E-01
Warning xbin not returning correct x   1  0.985066E+00  0.999772E+00  0.1553E-01
Warning xbin not returning correct x   1  0.984891E+00  0.999769E+00  0.1553E-01
Warning xbin still not working well. Last message this iteration.
 Iteration  2   Mean: 0.2569E+07 Abs mean: 0.2569E+07   Fluctuation:  0.134E+06   0.531E+09    93.2%
  2    0.2569E+07 0.2569E+07 +- 0.1344E+06      4.68
 Relative summed weights:
  0.1589E+00  0.0000E+00
  0.1640E+00  0.0000E+00
  0.1774E+00  0.0000E+00
  0.1760E+00  0.0000E+00
  0.1694E+00  0.0000E+00
  0.1544E+00  0.0000E+00
 Relative number of events:
  0.1613E+00  0.0000E+00
  0.1671E+00  0.0000E+00
  0.1729E+00  0.0000E+00
  0.1761E+00  0.0000E+00
  0.1584E+00  0.0000E+00
  0.1643E+00  0.0000E+00
 Events:
        1290           0
        1337           0
        1383           0
        1409           0
        1267           0
        1314           0
 Iteration  3   Mean: 0.2993E+08 Abs mean: 0.2993E+08   Fluctuation:  0.568E+07   0.591E+11    99.9%
  3    0.2993E+08 0.2993E+08 +- 0.5676E+07     23.99
 Relative summed weights:
  0.8917E-01  0.0000E+00
  0.2910E+00  0.0000E+00
  0.1204E+00  0.0000E+00
  0.2678E+00  0.0000E+00
  0.7772E-01  0.0000E+00
  0.1540E+00  0.0000E+00
 Relative number of events:
  0.1606E+00  0.0000E+00
  0.1661E+00  0.0000E+00
  0.1666E+00  0.0000E+00
  0.1689E+00  0.0000E+00
  0.1698E+00  0.0000E+00
  0.1681E+00  0.0000E+00
 Events:
        2570           0
        2657           0
        2665           0
        2702           0
        2716           0
        2690           0
 Found         2077  events.
 Wrote            7  events.
 Actual xsec    6498610.1743810931     
 Correct abs xsec    6498610.1743810931     
 Event xsec    6498610.1743810941     
 Events wgts > 1:            1
 % Cross section > 1:   9.51051249867305160E-002  1.46346868691486055E-006
 Checking number of events   2778.2208356496608                7  chi2:    441.51097469074523     
 Found         2077  events.
 Wrote            8  events.
 Actual xsec    6498610.1743810931     
 Correct abs xsec    6498610.1743810931     
 Event xsec    6498610.1743810941     
 Events wgts > 1:            1
 % Cross section > 1:   8.32169844070449471E-002  1.28053510172227327E-006
 Iteration  4   Mean: 0.5630E+08 Abs mean: 0.5630E+08   Fluctuation:  0.806E+07   0.192E+12    99.8%
  4    0.5630E+08 0.5630E+08 +- 0.8062E+07     25.62
 Relative summed weights:
  0.2582E+00  0.0000E+00
  0.1707E+00  0.0000E+00
  0.1700E+00  0.0000E+00
  0.1380E+00  0.0000E+00
  0.1103E+00  0.0000E+00
  0.1528E+00  0.0000E+00
 Relative number of events:
  0.1696E+00  0.0000E+00
  0.1674E+00  0.0000E+00
  0.1671E+00  0.0000E+00
  0.1665E+00  0.0000E+00
  0.1655E+00  0.0000E+00
  0.1639E+00  0.0000E+00
 Events:
        5427           0
        5358           0
        5346           0
        5327           0
        5297           0
        5245           0
 Found         1385  events.
 Wrote            5  events.
 Actual xsec    10218460.177166214     
 Correct abs xsec    10218460.177166214     
 Event xsec    10218460.177166214     
 Events wgts > 1:            1
 % Cross section > 1:   2.39712498150765896E-002  2.34587691290727330E-007
 Checking number of events   4368.4939103403276                5  chi2:    1642.6893942178658     
 Found         1385  events.
 Wrote           12  events.
 Actual xsec    10218460.177166214     
 Correct abs xsec    10218460.177166214     
 Event xsec    10218460.177166212     
 Events wgts > 1:            1
 % Cross section > 1:   9.98802075628191233E-003  9.77448713711364207E-008
 Iteration  5   Mean: 0.8497E+08 Abs mean: 0.8497E+08   Fluctuation:  0.138E+08   0.705E+12    99.2%
  5    0.8497E+08 0.8497E+08 +- 0.1382E+08     41.15
 Relative summed weights:
  0.1402E+00  0.0000E+00
  0.2585E+00  0.0000E+00
  0.1314E+00  0.0000E+00
  0.1188E+00  0.0000E+00
  0.2011E+00  0.0000E+00
  0.1501E+00  0.0000E+00
 Relative number of events:
  0.1696E+00  0.0000E+00
  0.1696E+00  0.0000E+00
  0.1653E+00  0.0000E+00
  0.1668E+00  0.0000E+00
  0.1652E+00  0.0000E+00
  0.1634E+00  0.0000E+00
 Events:
       10855           0
       10853           0
       10582           0
       10678           0
       10572           0
       10460           0
 Found         3413  events.
 Wrote           10  events.
 Actual xsec    59361979.072828561     
 Correct abs xsec    59361979.072828561     
 Event xsec    59361979.072828554     
 Events wgts > 1:            1
 % Cross section > 1:    1.4200271312147379       2.39214923995807212E-006
 Checking number of events   25377.839673424936               10  chi2:    15.231283218145641     
 Found         3413  events.
 Wrote           11  events.
 Actual xsec    59361979.072828561     
 Correct abs xsec    59361979.072828561     
 Event xsec    59361979.072828546     
 Events wgts > 1:            1
 % Cross section > 1:    1.2909337580204010       2.17468113122814236E-006
 Fixing grid
 Iteration  6   Mean: 0.1101E+09 Abs mean: 0.1101E+09   Fluctuation:  0.176E+08   0.186E+13    99.1%
  6    0.1101E+09 0.1101E+09 +- 0.1759E+08     57.15
 Relative summed weights:
  0.1432E+00  0.0000E+00
  0.1161E+00  0.0000E+00
  0.1154E+00  0.0000E+00
  0.2488E+00  0.0000E+00
  0.2246E+00  0.0000E+00
  0.1520E+00  0.0000E+00
 Relative number of events:
  0.1670E+00  0.0000E+00
  0.1677E+00  0.0000E+00
  0.1665E+00  0.0000E+00
  0.1660E+00  0.0000E+00
  0.1656E+00  0.0000E+00
  0.1672E+00  0.0000E+00
 Events:
       21376           0
       21467           0
       21316           0
       21245           0
       21194           0
       21402           0
 Found         7597  events.
 Wrote           12  events.
 Actual xsec    81693142.968766496     
 Correct abs xsec    81693142.968766496     
 Event xsec    81693142.968766466     
 Events wgts > 1:            0
 % Cross section > 1:    0.0000000000000000        0.0000000000000000     
 Checking number of events   34924.635550577361               12  chi2:    6.2947890345223882     
 Found         7597  events.
 Wrote            7  events.
 Actual xsec    81693142.968766496     
 Correct abs xsec    81693142.968766496     
 Event xsec    81693142.968766510     
 Events wgts > 1:            0
 % Cross section > 1:    0.0000000000000000        0.0000000000000000     
 Iteration  7   Mean: 0.1125E+09 Abs mean: 0.1125E+09   Fluctuation:  0.172E+08   0.392E+13    99.1%
  7    0.1125E+09 0.1125E+09 +- 0.1715E+08     77.12
 Relative summed weights:
  0.1311E+00  0.0000E+00
  0.1761E+00  0.0000E+00
  0.1404E+00  0.0000E+00
  0.3124E+00  0.0000E+00
  0.1109E+00  0.0000E+00
  0.1291E+00  0.0000E+00
 Relative number of events:
  0.1667E+00  0.0000E+00
  0.1666E+00  0.0000E+00
  0.1665E+00  0.0000E+00
  0.1677E+00  0.0000E+00
  0.1657E+00  0.0000E+00
  0.1668E+00  0.0000E+00
 Events:
       42685           0
       42643           0
       42625           0
       42939           0
       42410           0
       42698           0
 Found        12133  events.
 Wrote            7  events.
 Actual xsec    103068478.02194606     
 Correct abs xsec    103068478.02194606     
 Event xsec    103068478.02194607     
 Events wgts > 1:            0
 % Cross section > 1:    0.0000000000000000        0.0000000000000000     
 Checking number of events   44062.805039162158                7  chi2:    1.0902626030238547     
 Found        12133  events.
 Wrote            4  events.
 Actual xsec    103068478.02194606     
 Correct abs xsec    103068478.02194606     
 Event xsec    103068478.02194606     
 Events wgts > 1:            0
 % Cross section > 1:    0.0000000000000000        0.0000000000000000     
 Iteration  8   Mean: 0.1028E+09 Abs mean: 0.1028E+09   Fluctuation:  0.493E+07   0.125E+13    99.1%
  8    0.1028E+09 0.1028E+09 +- 0.4931E+07     34.33
 Relative summed weights:
  0.1642E+00  0.0000E+00
  0.1679E+00  0.0000E+00
  0.1963E+00  0.0000E+00
  0.1601E+00  0.0000E+00
  0.1608E+00  0.0000E+00
  0.1507E+00  0.0000E+00
 Relative number of events:
  0.1663E+00  0.0000E+00
  0.1674E+00  0.0000E+00
  0.1673E+00  0.0000E+00
  0.1667E+00  0.0000E+00
  0.1665E+00  0.0000E+00
  0.1658E+00  0.0000E+00
 Events:
       85120           0
       85689           0
       85682           0
       85360           0
       85238           0
       84911           0
 Found        24018  events.
 Wrote           60  events.
 Actual xsec    113493350.36149019     
 Correct abs xsec    113493350.36149019     
 Event xsec    113493350.36149012     
 Events wgts > 1:            1
 % Cross section > 1:    483592.32215270051       0.42609749435751093     
 Checking number of events   44524.147658669666               60  chi2:   0.21584987789685983     
 Found        24018  events.
 Wrote           45  events.
 Actual xsec    113493350.36149019     
 Correct abs xsec    113493350.36149019     
 Event xsec    113493350.36149015     
 Events wgts > 1:            1
 % Cross section > 1:    643875.25076683238       0.56732420773200487     

 -------------------------------------------------------------------------------
 Accumulated results:   Integral =  0.6181E+08
                        Std dev  =  0.1945E+07
                       Cross sec =  0.6181E+08
             Chi**2 per DoF.     =     84.6651
 -------------------------------------------------------------------------------
-------------------------------------------------
---------------------------
 Results Last   3 iters: Integral =   0.1041E+09
                     Abs integral =   0.1041E+09
                         Std dev =   0.4582E+07
                 Chi**2 per DoF. =      0.2158
-------------------------------------------------
---------------------------
>>>>>>> 911b5ec345c81b054214c521136984e9d6306827

ls status:
events.lhe
ftn25
ftn26
input_sg.txt
<<<<<<< HEAD
=======
log.txt
>>>>>>> 911b5ec345c81b054214c521136984e9d6306827
moffset.dat
results.dat
run_01_ftn26.gz
run_01_log.txt
run_01_results.dat
run_02_ftn26.gz
run_02_log.txt
run_02_results.dat
<<<<<<< HEAD
run_03_ftn26.gz
run_03_log.txt
run_03_results.dat
run_08_ftn26.gz
run_08_log.txt
run_08_results.dat
run_09_ftn26.gz
run_09_log.txt
run_09_results.dat
run_10_ftn26.gz
run_10_log.txt
run_10_results.dat
run_11_ftn26.gz
run_11_log.txt
run_11_results.dat
=======
>>>>>>> 911b5ec345c81b054214c521136984e9d6306827
run1_app.log
