 Process in group number            0
 No PDF is used, alpha_s(MZ) from param_card is used
 Value of alpha_s from param_card:   0.11800000071525575     
 The default order of alpha_s running is fixed to            2
<<<<<<< HEAD
=======
 Warning: pt or E min of a gamma should in general be >0
 Warning: pt or E min of a gamma should in general be >0
 Warning: pt or E min of a gamma should in general be >0
>>>>>>> 911b5ec345c81b054214c521136984e9d6306827
 *****************************************************
 *               MadGraph/MadEvent                   *
 *        --------------------------------           *
 *          http://madgraph.hep.uiuc.edu             *
 *          http://madgraph.phys.ucl.ac.be           *
 *          http://madgraph.roma2.infn.it            *
 *        --------------------------------           *
 *                                                   *
 *          PARAMETER AND COUPLING VALUES            *
 *                                                   *
 *****************************************************

  External Params
  ---------------------------------
  
 aEWM1 =    132.50700378417969     
 mdl_Gf =   1.16639000000000003E-005
 aS =   0.11800000071525575     
 mdl_ymb =    4.6999998092651367     
 mdl_ymt =    173.00000000000000     
 mdl_yme =   5.10999991092830896E-004
 mdl_ymm =   0.10565999895334244     
 mdl_ymtau =    1.7769999504089355     
 mdl_MZ =    91.188003540039063     
 mdl_MT =    173.00000000000000     
 mdl_MB =    4.6999998092651367     
 mdl_MH =    125.00000000000000     
 mdl_Me =   5.10999991092830896E-004
 mdl_MM =   0.10565999895334244     
 mdl_MTA =    1.7769999504089355     
 mdl_WZ =    2.4414041042327881     
 mdl_WW =    2.0476000308990479     
 mdl_WT =    1.4915000200271606     
 mdl_WH =   6.38233916833996773E-003
 mdl_WTau =   2.26999999999999982E-012
  Internal Params
  ---------------------------------
  
 mdl_conjg__CKM3x3 =    1.0000000000000000     
 mdl_CKM3x3 =    1.0000000000000000     
 mdl_conjg__CKM1x1 =    1.0000000000000000     
 mdl_complexi =  (  0.0000000000000000     ,  1.0000000000000000     )
 mdl_MZ__exp__2 =    8315.2519896181766     
 mdl_MZ__exp__4 =    69143415.650849044     
 mdl_sqrt__2 =    1.4142135623730951     
 mdl_MH__exp__2 =    15625.000000000000     
 mdl_aEW =   7.54677089845565054E-003
 mdl_MW =    80.419007276179556     
 mdl_sqrt__aEW =   8.68721526063194194E-002
 mdl_ee =   0.30795376284704501     
 mdl_MW__exp__2 =    6467.2167312862202     
 mdl_sw2 =   0.22224645274001076     
 mdl_cw =   0.88190336616887299     
 mdl_sqrt__sw2 =   0.47143022043565552     
 mdl_sw =   0.47143022043565552     
 mdl_g1 =   0.34919218438279087     
 mdl_gw =   0.65323296958447097     
 mdl_vev =    246.21845810181631     
 mdl_vev__exp__2 =    60623.529110035874     
 mdl_lam =   0.12886910601690271     
 mdl_yb =   2.69955531549349904E-002
 mdl_ye =   2.93504850670934038E-006
 mdl_ym =   6.06883028478528356E-004
 mdl_yt =   0.99366614581500645     
 mdl_ytau =   1.02066167158167895E-002
 mdl_muH =    88.388347648318444     
 mdl_I1x33 =  ( 2.69955531549349904E-002,  0.0000000000000000     )
 mdl_I2x33 =  ( 0.99366614581500645     ,  0.0000000000000000     )
 mdl_I3x33 =  ( 0.99366614581500645     ,  0.0000000000000000     )
 mdl_I4x33 =  ( 2.69955531549349904E-002,  0.0000000000000000     )
 mdl_ee__exp__2 =   9.48355200516540348E-002
 mdl_sw__exp__2 =   0.22224645274001076     
 mdl_cw__exp__2 =   0.77775354725998924     
  Internal Params evaluated point by point
  ----------------------------------------
  
 mdl_sqrt__aS =   0.34351128178744839     
 mdl_G__exp__2 =    1.4828317414825511     
  Couplings of sm-lepton_masses
  ---------------------------------
  
         GC_3 =  -0.00000E+00  -0.30795E+00

 Collider parameters:
 --------------------

<<<<<<< HEAD
 Running at e e   machine @   7.14879999999999960E-002  GeV
=======
 Running at e e   machine @   7.00000000000000067E-002  GeV
>>>>>>> 911b5ec345c81b054214c521136984e9d6306827
 PDF set = none   
 alpha_s(Mz)= 0.1180 running at 2 loops.
 alpha_s(Mz)= 0.1180 running at 2 loops.
 Renormalization scale fixed @    91.188000000000002     
 Factorization scales  fixed @    91.188000000000002        91.188000000000002     


 getting user params
Enter number of events and max and min iterations: 
<<<<<<< HEAD
 Number of events and iterations         2000           9           3
Enter desired fractional accuracy: 
 Desired fractional accuracy:  -1.03289999999999995E-004
=======
 Number of events and iterations         1000           9           3
Enter desired fractional accuracy: 
 Desired fractional accuracy:  -4.27509999999999978E-004
>>>>>>> 911b5ec345c81b054214c521136984e9d6306827
Enter 0 for fixed, 2 for adjustable grid: 
Suppress amplitude (0 no, 1 yes)? 
 Using suppressed amplitude.
Exact helicity sum (0 yes, n = number/event)? 
 Explicitly summing over helicities
Enter Configuration Number: 
Running Configuration Number:    1
 Not subdividing B.W.
 Attempting mappinvarients           1           5
 Completed mapping           5
<<<<<<< HEAD
 about to integrate            5        2000           9           3           5           1
 Using non-zero grid deformation.
  5 dimensions   2000 events  5 invarients  9 iterations  1 config(s),  (0.99)
 Using h-tuple random number sequence.
 Error opening grid
 Using Uniform Grid!
 Using uniform alpha   1.0000000000000000     
 Grid defined OK
 Set CM energy to          0.07
 Mapping Graph           1  to config           1
Setting grid   1    0.17611E-04   1
Setting grid   2    0.17611E-04   1
=======
 about to integrate            5        1000           9           3           5           1
 Keeping grid fixed.
  5 dimensions   1000 events  5 invarients  9 iterations  1 config(s),  (0.99)
 Using h-tuple random number sequence.
 Grid read from file
 Grid defined OK
 Set CM energy to          0.07
 Mapping Graph           1  to config           1
 Warning: No cutoff for shat integral found
          Minimum set to    204.08163265306121     
 No modification is setgrid, grid read from file
 Warning: No cutoff for shat integral found
          Minimum set to    204.08163265306121     
 No modification is setgrid, grid read from file
>>>>>>> 911b5ec345c81b054214c521136984e9d6306827
 Masses: 0.511E-03 0.511E-03 0.000E+00 0.000E+00 0.000E+00
   1   1   2   3   4   5
 Got moffset          23
Using random seed offsets     1 :      1
<<<<<<< HEAD
  with seed                  114
 Ranmar initialization seeds       20445       21941
=======
  with seed                   48
 Ranmar initialization seeds       30234       21872
>>>>>>> 911b5ec345c81b054214c521136984e9d6306827
  Particle       3       4       5
      Et >     0.0     0.0     0.0
       E >     0.0     0.0     0.0
     Eta <    -1.0    -1.0    -1.0
   xqcut:      0.0     0.0     0.0
d R # 3  >    -0.0     0.0     0.0
d R # 4  >    -0.0    -0.0     0.0
s min # 3>     0.0     0.0     0.0
s min # 4>     0.0     0.0     0.0
xqcutij # 3>     0.0     0.0     0.0
xqcutij # 4>     0.0     0.0     0.0
 alpha_s for scale    91.188000000000002       is   0.11800000071525575     
<<<<<<< HEAD
 Added good helicity            1  0.13598946874511927       in event            1
 Added good helicity            2  2.26094773911607278E-004  in event            1
 Added good helicity            3  1.58714643766526102E-002  in event            1
 Added good helicity            4  2.40415248070221355E-005  in event            1
 Added good helicity            5  0.25624209690584110       in event            1
 Added good helicity            6  1.08998010960441846E-005  in event            1
 Added good helicity            7  5.19852307490103122E-006  in event            1
 Added good helicity           10   7.6674569978709064       in event            1
 Added good helicity           11  4.10286924636802774E-004  in event            1
 Added good helicity           12  0.95060424504084784       in event            1
 Added good helicity           13  1.44736361693079112E-002  in event            1
 Added good helicity           14   6.9586011022474690       in event            1
 Added good helicity           15  8.44667412367142070E-005  in event            1
 Added good helicity           18  8.44667412367142070E-005  in event            1
 Added good helicity           19   6.9586011022474690       in event            1
 Added good helicity           20  1.44736361693079095E-002  in event            1
 Added good helicity           21  0.95060424504084784       in event            1
 Added good helicity           22  4.10286924636802774E-004  in event            1
 Added good helicity           23   7.6674569978709064       in event            1
 Added good helicity           26  5.19852307490103122E-006  in event            1
 Added good helicity           27  1.08998010960441846E-005  in event            1
 Added good helicity           28  0.25624209690584127       in event            1
 Added good helicity           29  2.40415248070221355E-005  in event            1
 Added good helicity           30  1.58714643766526102E-002  in event            1
 Added good helicity           31  2.26094773911607278E-004  in event            1
 Added good helicity           32  0.13598946874511927       in event            1
 Iteration  1   Mean: 0.3276E+08 Abs mean: 0.3276E+08   Fluctuation:  0.209E+07   0.198E+10    99.4%
  1    0.3276E+08 0.3276E+08 +- 0.2091E+07      2.85
 Writing out events   1830.9311249039717        2.8541771929017408     
 Relative summed weights:
  0.1437E+00  0.0000E+00
  0.1589E+00  0.0000E+00
  0.1804E+00  0.0000E+00
  0.1535E+00  0.0000E+00
  0.1860E+00  0.0000E+00
  0.1775E+00  0.0000E+00
 Relative number of events:
  0.1595E+00  0.0000E+00
  0.1650E+00  0.0000E+00
  0.1780E+00  0.0000E+00
  0.1560E+00  0.0000E+00
  0.1690E+00  0.0000E+00
  0.1725E+00  0.0000E+00
 Events:
         319           0
         330           0
         356           0
         312           0
         338           0
         345           0
 Iteration  2   Mean: 0.4241E+08 Abs mean: 0.4241E+08   Fluctuation:  0.362E+07   0.942E+10    97.6%
  2    0.4241E+08 0.4241E+08 +- 0.3623E+07      5.40
 Relative summed weights:
  0.1386E+00  0.0000E+00
  0.2049E+00  0.0000E+00
  0.1467E+00  0.0000E+00
  0.1307E+00  0.0000E+00
  0.1749E+00  0.0000E+00
  0.2041E+00  0.0000E+00
 Relative number of events:
  0.1750E+00  0.0000E+00
  0.1710E+00  0.0000E+00
  0.1593E+00  0.0000E+00
  0.1537E+00  0.0000E+00
  0.1718E+00  0.0000E+00
  0.1693E+00  0.0000E+00
 Events:
         700           0
         684           0
         637           0
         615           0
         687           0
         677           0
 Iteration  3   Mean: 0.3866E+08 Abs mean: 0.3866E+08   Fluctuation:  0.127E+07   0.655E+10    98.3%
  3    0.3866E+08 0.3866E+08 +- 0.1273E+07      2.94
 Relative summed weights:
  0.1406E+00  0.0000E+00
  0.1560E+00  0.0000E+00
  0.1912E+00  0.0000E+00
  0.1726E+00  0.0000E+00
  0.1777E+00  0.0000E+00
  0.1619E+00  0.0000E+00
 Relative number of events:
  0.1639E+00  0.0000E+00
  0.1575E+00  0.0000E+00
  0.1679E+00  0.0000E+00
  0.1746E+00  0.0000E+00
  0.1674E+00  0.0000E+00
  0.1688E+00  0.0000E+00
 Events:
        1311           0
        1260           0
        1343           0
        1397           0
        1339           0
        1350           0
 Found          692  events.
 Wrote           69  events.
 Actual xsec    37947193.186679989     
 Correct abs xsec    37947193.186679989     
 Event xsec    37947193.186680093     
 Events wgts > 1:            2
 % Cross section > 1:    377553.96120471705       0.99494568504013337     
 Checking number of events   3919.5655842521760               69  chi2:    3.9940489718484011     
 Found          692  events.
 Wrote          103  events.
 Actual xsec    37947193.186679989     
 Correct abs xsec    37947193.186679989     
 Event xsec    37947193.186679974     
 Events wgts > 1:            2
 % Cross section > 1:    253757.91202518769       0.66871325838734363     
 Iteration  4   Mean: 0.3996E+08 Abs mean: 0.3996E+08   Fluctuation:  0.745E+06   0.508E+10    96.3%
  4    0.3996E+08 0.3996E+08 +- 0.7450E+06      2.36
 Relative summed weights:
  0.1619E+00  0.0000E+00
  0.1745E+00  0.0000E+00
  0.1699E+00  0.0000E+00
  0.1677E+00  0.0000E+00
  0.1653E+00  0.0000E+00
  0.1607E+00  0.0000E+00
 Relative number of events:
  0.1674E+00  0.0000E+00
  0.1697E+00  0.0000E+00
  0.1648E+00  0.0000E+00
  0.1705E+00  0.0000E+00
  0.1653E+00  0.0000E+00
  0.1624E+00  0.0000E+00
 Events:
        2678           0
        2715           0
        2637           0
        2728           0
        2644           0
        2598           0
 Found         1565  events.
 Wrote          275  events.
 Actual xsec    39738410.597341411     
 Correct abs xsec    39738410.597341411     
 Event xsec    39738410.597341649     
 Events wgts > 1:            6
 % Cross section > 1:    335024.56185892748       0.84307489107614020     
 Checking number of events   4104.5804305993943              275  chi2:   0.66978018494913361     
 Found         1565  events.
 Wrote          261  events.
 Actual xsec    39738410.597341411     
 Correct abs xsec    39738410.597341411     
 Event xsec    39738410.597341485     
 Events wgts > 1:            6
 % Cross section > 1:    352835.66722745169       0.88789577117877116     
 Iteration  5   Mean: 0.3960E+08 Abs mean: 0.3960E+08   Fluctuation:  0.419E+06   0.368E+10    97.5%
  5    0.3960E+08 0.3960E+08 +- 0.4192E+06      1.89
 Relative summed weights:
  0.1632E+00  0.0000E+00
  0.1670E+00  0.0000E+00
  0.1682E+00  0.0000E+00
  0.1675E+00  0.0000E+00
  0.1572E+00  0.0000E+00
  0.1768E+00  0.0000E+00
 Relative number of events:
  0.1685E+00  0.0000E+00
  0.1652E+00  0.0000E+00
  0.1677E+00  0.0000E+00
  0.1653E+00  0.0000E+00
  0.1659E+00  0.0000E+00
  0.1675E+00  0.0000E+00
 Events:
        5392           0
        5285           0
        5365           0
        5291           0
        5308           0
        5359           0
 Found         3112  events.
 Wrote          848  events.
 Actual xsec    39615427.147194691     
 Correct abs xsec    39615427.147194691     
 Event xsec    39615427.147194289     
 Events wgts > 1:           17
 % Cross section > 1:    373829.24344856187       0.94364562083243331     
 Checking number of events   4091.8774700337394              848  chi2:   0.38375398311454478     
 Found         3112  events.
 Wrote          860  events.
 Actual xsec    39615427.147194691     
 Correct abs xsec    39615427.147194691     
 Event xsec    39615427.147195347     
 Events wgts > 1:           17
 % Cross section > 1:    368661.56366138870       0.93060100624836706     
 Iteration  6   Mean: 0.4044E+08 Abs mean: 0.4044E+08   Fluctuation:  0.296E+06   0.392E+10    97.1%
  6    0.4044E+08 0.4044E+08 +- 0.2956E+06      1.85
 Relative summed weights:
  0.1681E+00  0.0000E+00
  0.1700E+00  0.0000E+00
  0.1634E+00  0.0000E+00
  0.1711E+00  0.0000E+00
  0.1631E+00  0.0000E+00
  0.1643E+00  0.0000E+00
 Relative number of events:
  0.1681E+00  0.0000E+00
  0.1682E+00  0.0000E+00
  0.1655E+00  0.0000E+00
  0.1672E+00  0.0000E+00
  0.1651E+00  0.0000E+00
  0.1659E+00  0.0000E+00
 Events:
       10757           0
       10762           0
       10594           0
       10702           0
       10565           0
       10620           0
 Found         6321  events.
 Wrote         1847  events.
 Actual xsec    40148286.156217910     
 Correct abs xsec    40148286.156217910     
 Event xsec    40148286.156220362     
 Events wgts > 1:           38
 % Cross section > 1:    406629.38981732354        1.0128187993756306     
 Checking number of events   4146.9164770757479             1847  chi2:    1.3546072869999020     
 Found         6321  events.
 Wrote         1900  events.
 Actual xsec    40148286.156217910     
 Correct abs xsec    40148286.156217910     
 Event xsec    40148286.156219848     
 Events wgts > 1:           38
 % Cross section > 1:    395398.27915899747       0.98484472692177838     
 Iteration  7   Mean: 0.4027E+08 Abs mean: 0.4027E+08   Fluctuation:  0.182E+06   0.329E+10    97.0%
  7    0.4027E+08 0.4027E+08 +- 0.1824E+06      1.62
 Relative summed weights:
  0.1670E+00  0.0000E+00
  0.1670E+00  0.0000E+00
  0.1685E+00  0.0000E+00
  0.1655E+00  0.0000E+00
  0.1679E+00  0.0000E+00
  0.1642E+00  0.0000E+00
 Relative number of events:
  0.1667E+00  0.0000E+00
  0.1669E+00  0.0000E+00
  0.1667E+00  0.0000E+00
  0.1654E+00  0.0000E+00
  0.1668E+00  0.0000E+00
  0.1676E+00  0.0000E+00
 Events:
       21336           0
       21362           0
       21334           0
       21169           0
       21349           0
       21450           0
 Found        12771  events.
 Wrote         5030  events.
 Actual xsec    40231974.497562833     
 Correct abs xsec    40231974.497562833     
 Event xsec    40231974.497567438     
 Events wgts > 1:           91
 % Cross section > 1:    403804.03383379878        1.0036893264043358     
 Checking number of events   4155.5606458532648             5030  chi2:    1.3830978185297085     

 -------------------------------------------------------------------------------
 Accumulated results:   Integral =  0.4019E+08
                        Std dev  =  0.1416E+06
                       Cross sec =  0.2171E+01
             Chi**2 per DoF.     =
-------------------------------------------------
---------------------------
 Results Last   3 iters: Integral =   0.4023E+08
                     Abs integral =   0.4023E+08
                          Std dev =   0.1456E+06
                  Chi**2 per DoF. =      1.3831
-------------------------------------------------
---------------------------
 Status -1.03289999999999995E-004           8           9
 We found enough events        5030   4155.5606458532648     
=======
 Added good helicity            1   2.5221140823231720       in event            1
 Added good helicity            2  3.74099984071337846E-006  in event            1
 Added good helicity            3   2.8941667239989788       in event            1
 Added good helicity           10   3.8152091660040512       in event            1
 Added good helicity           11  5.79820916058351677E-006  in event            1
 Added good helicity           12   6.7684973303556495       in event            1
 Added good helicity           14  1.89019090648216436E-006  in event            1
 Added good helicity           19  1.89019090648216436E-006  in event            1
 Added good helicity           21   6.7684973303556495       in event            1
 Added good helicity           22  5.79820916058351592E-006  in event            1
 Added good helicity           23   3.8152091660040512       in event            1
 Added good helicity           30   2.8941667239989788       in event            1
 Added good helicity           31  3.74099984071337846E-006  in event            1
 Added good helicity           32   2.5221140823231725       in event            1
 Added good helicity            4  2.20154461130069093E-006  in event            2
 Added good helicity            5  1.18821514023163215E-006  in event            2
 Added good helicity            7  2.11081621896953672E-006  in event            2
 Added good helicity           13  1.38137177364444216E-005  in event            2
 Added good helicity           15  1.28193602519345377E-005  in event            2
 Added good helicity           18  1.28193602519345377E-005  in event            2
 Added good helicity           20  1.38137177364444182E-005  in event            2
 Added good helicity           26  2.11081621896953672E-006  in event            2
 Added good helicity           28  1.18821514023163194E-006  in event            2
 Added good helicity           29  2.20154461130069093E-006  in event            2
 Added good helicity            6  1.84203881620512513E-005  in event            4
 Added good helicity           27  1.84203881620512445E-005  in event            4
 Iteration  1   Mean: 0.1304E+09 Abs mean: 0.1304E+09   Fluctuation:  0.221E+08   0.212E+11    99.6%
  1    0.1304E+09 0.1304E+09 +- 0.2210E+08      5.36
 Writing out events   14541.307295680019        5.3608516140486575     
 Relative summed weights:
  0.1912E+00  0.0000E+00
  0.1209E+00  0.0000E+00
  0.1689E+00  0.0000E+00
  0.1125E+00  0.0000E+00
  0.2854E+00  0.0000E+00
  0.1211E+00  0.0000E+00
 Relative number of events:
  0.1990E+00  0.0000E+00
  0.1670E+00  0.0000E+00
  0.1410E+00  0.0000E+00
  0.1570E+00  0.0000E+00
  0.1650E+00  0.0000E+00
  0.1710E+00  0.0000E+00
 Events:
         199           0
         167           0
         141           0
         157           0
         165           0
         171           0
 Iteration  2   Mean: 0.1089E+09 Abs mean: 0.1089E+09   Fluctuation:  0.381E+07   0.317E+10    99.4%
  2    0.1089E+09 0.1089E+09 +- 0.3808E+07      1.56
 Relative summed weights:
  0.1514E+00  0.0000E+00
  0.1836E+00  0.0000E+00
  0.1579E+00  0.0000E+00
  0.1565E+00  0.0000E+00
  0.2016E+00  0.0000E+00
  0.1489E+00  0.0000E+00
 Relative number of events:
  0.1670E+00  0.0000E+00
  0.1695E+00  0.0000E+00
  0.1585E+00  0.0000E+00
  0.1515E+00  0.0000E+00
  0.1745E+00  0.0000E+00
  0.1790E+00  0.0000E+00
 Events:
         334           0
         339           0
         317           0
         303           0
         349           0
         358           0
 Iteration  3   Mean: 0.1132E+09 Abs mean: 0.1132E+09   Fluctuation:  0.511E+07   0.101E+11    99.3%
  3    0.1132E+09 0.1132E+09 +- 0.5113E+07      2.86
 Relative summed weights:
  0.1768E+00  0.0000E+00
  0.1704E+00  0.0000E+00
  0.1488E+00  0.0000E+00
  0.1861E+00  0.0000E+00
  0.1537E+00  0.0000E+00
  0.1641E+00  0.0000E+00
 Relative number of events:
  0.1650E+00  0.0000E+00
  0.1745E+00  0.0000E+00
  0.1668E+00  0.0000E+00
  0.1668E+00  0.0000E+00
  0.1618E+00  0.0000E+00
  0.1653E+00  0.0000E+00
 Events:
         660           0
         698           0
         667           0
         667           0
         647           0
         661           0
 Found          374  events.
 Wrote           54  events.
 Actual xsec    111015602.58584516     
 Correct abs xsec    111015602.58584516     
 Event xsec    111015602.58584513     
 Events wgts > 1:            2
 % Cross section > 1:    265253.03820359637       0.23893311572892101     
 Checking number of events   47460.280261474662               54  chi2:   0.63851327398151048     
 Found          374  events.
 Wrote           48  events.
 Actual xsec    111015602.58584516     
 Correct abs xsec    111015602.58584516     
 Event xsec    111015602.58584511     
 Events wgts > 1:            2
 % Cross section > 1:    298320.56965005537       0.26871949771147963     
 Iteration  4   Mean: 0.1288E+09 Abs mean: 0.1288E+09   Fluctuation:  0.132E+08   0.993E+11    99.3%
  4    0.1288E+09 0.1288E+09 +- 0.1315E+08      9.13
 Relative summed weights:
  0.1573E+00  0.0000E+00
  0.1636E+00  0.0000E+00
  0.2340E+00  0.0000E+00
  0.1533E+00  0.0000E+00
  0.1345E+00  0.0000E+00
  0.1572E+00  0.0000E+00
 Relative number of events:
  0.1649E+00  0.0000E+00
  0.1727E+00  0.0000E+00
  0.1571E+00  0.0000E+00
  0.1666E+00  0.0000E+00
  0.1709E+00  0.0000E+00
  0.1678E+00  0.0000E+00
 Events:
        1319           0
        1382           0
        1257           0
        1333           0
        1367           0
        1342           0
 Found          721  events.
 Wrote           16  events.
 Actual xsec    111750226.99246758     
 Correct abs xsec    111750226.99246758     
 Event xsec    111750226.99246763     
 Events wgts > 1:            0
 % Cross section > 1:    0.0000000000000000        0.0000000000000000     
 Checking number of events   47774.339541549816               16  chi2:    1.1703449182203762     
 Found          721  events.
 Wrote           11  events.
 Actual xsec    111750226.99246758     
 Correct abs xsec    111750226.99246758     
 Event xsec    111750226.99246758     
 Events wgts > 1:            0
 % Cross section > 1:    0.0000000000000000        0.0000000000000000     
 Iteration  5   Mean: 0.1217E+09 Abs mean: 0.1217E+09   Fluctuation:  0.358E+07   0.322E+11    99.3%
  5    0.1217E+09 0.1217E+09 +- 0.3578E+07      3.72
 Relative summed weights:
  0.1673E+00  0.0000E+00
  0.1766E+00  0.0000E+00
  0.1675E+00  0.0000E+00
  0.1602E+00  0.0000E+00
  0.1553E+00  0.0000E+00
  0.1731E+00  0.0000E+00
 Relative number of events:
  0.1659E+00  0.0000E+00
  0.1692E+00  0.0000E+00
  0.1682E+00  0.0000E+00
  0.1620E+00  0.0000E+00
  0.1658E+00  0.0000E+00
  0.1690E+00  0.0000E+00
 Events:
        2654           0
        2707           0
        2691           0
        2592           0
        2652           0
        2704           0
 Found         1347  events.
 Wrote          107  events.
 Actual xsec    119704955.61918604     
 Correct abs xsec    119704955.61918604     
 Event xsec    119704955.61918569     
 Events wgts > 1:            3
 % Cross section > 1:    1086561.8052393042       0.90769993574531316     
 Checking number of events   51175.065576758221              107  chi2:    1.1917898727676364     
 Found         1347  events.
 Wrote          119  events.
 Actual xsec    119704955.61918604     
 Correct abs xsec    119704955.61918604     
 Event xsec    119704955.61918603     
 Events wgts > 1:            3
 % Cross section > 1:    977887.63517512032       0.81691491393726967     
 Iteration  6   Mean: 0.1202E+09 Abs mean: 0.1202E+09   Fluctuation:  0.274E+07   0.452E+11    99.4%
  6    0.1202E+09 0.1202E+09 +- 0.2737E+07      4.07
 Relative summed weights:
  0.1612E+00  0.0000E+00
  0.1655E+00  0.0000E+00
  0.1782E+00  0.0000E+00
  0.1577E+00  0.0000E+00
  0.1752E+00  0.0000E+00
  0.1622E+00  0.0000E+00
 Relative number of events:
  0.1684E+00  0.0000E+00
  0.1643E+00  0.0000E+00
  0.1662E+00  0.0000E+00
  0.1664E+00  0.0000E+00
  0.1661E+00  0.0000E+00
  0.1686E+00  0.0000E+00
 Events:
        5389           0
        5258           0
        5319           0
        5324           0
        5315           0
        5395           0
 Found         2842  events.
 Wrote           81  events.
 Actual xsec    121007289.80191527     
 Correct abs xsec    121007289.80191527     
 Event xsec    121007289.80191496     
 Events wgts > 1:            2
 % Cross section > 1:    142542.41221706732       0.11779654965449161     
 Checking number of events   51731.826463216799               81  chi2:   0.23580858999211493     
 Found         2842  events.
 Wrote           91  events.
 Actual xsec    121007289.80191527     
 Correct abs xsec    121007289.80191527     
 Event xsec    121007289.80191493     
 Events wgts > 1:            2
 % Cross section > 1:    126894.83699977142       0.10486544836058571     
 Iteration  7   Mean: 0.1165E+09 Abs mean: 0.1165E+09   Fluctuation:  0.134E+07   0.251E+11    99.3%
  7    0.1165E+09 0.1165E+09 +- 0.1340E+07      2.91
 Relative summed weights:
  0.1704E+00  0.0000E+00
  0.1623E+00  0.0000E+00
  0.1719E+00  0.0000E+00
  0.1674E+00  0.0000E+00
  0.1613E+00  0.0000E+00
  0.1666E+00  0.0000E+00
 Relative number of events:
  0.1674E+00  0.0000E+00
  0.1656E+00  0.0000E+00
  0.1669E+00  0.0000E+00
  0.1678E+00  0.0000E+00
  0.1654E+00  0.0000E+00
  0.1670E+00  0.0000E+00
 Events:
       10715           0
       10596           0
       10680           0
       10736           0
       10583           0
       10690           0
 Found         5612  events.
 Wrote          744  events.
 Actual xsec    117739487.85934170     
 Correct abs xsec    117739487.85934170     
 Event xsec    117739487.85933982     
 Events wgts > 1:           15
 % Cross section > 1:    1118270.5158077537       0.94978374387335640     
 Checking number of events   50334.808454747166              744  chi2:    1.4428634065978081     
 Found         5612  events.
 Wrote          749  events.
 Actual xsec    117739487.85934170     
 Correct abs xsec    117739487.85934170     
 Event xsec    117739487.85934186     
 Events wgts > 1:           15
 % Cross section > 1:    1110875.8589487092       0.94350321981680718     
 Iteration  8   Mean: 0.1281E+09 Abs mean: 0.1281E+09   Fluctuation:  0.389E+07   0.333E+12    99.4%
  8    0.1281E+09 0.1281E+09 +- 0.3894E+07     10.87
 Relative summed weights:
  0.1716E+00  0.0000E+00
  0.1636E+00  0.0000E+00
  0.1648E+00  0.0000E+00
  0.1557E+00  0.0000E+00
  0.1559E+00  0.0000E+00
  0.1884E+00  0.0000E+00
 Relative number of events:
  0.1657E+00  0.0000E+00
  0.1671E+00  0.0000E+00
  0.1660E+00  0.0000E+00
  0.1664E+00  0.0000E+00
  0.1665E+00  0.0000E+00
  0.1684E+00  0.0000E+00
 Events:
       21211           0
       21388           0
       21250           0
       21294           0
       21308           0
       21549           0
 Found        11690  events.
 Wrote           81  events.
 Actual xsec    118370777.16064791     
 Correct abs xsec    118370777.16064791     
 Event xsec    118370777.16064775     
 Events wgts > 1:            2
 % Cross section > 1:    1315973.6935397903        1.1117386614382088     
 Checking number of events   50604.690943948590               81  chi2:    4.3330017956858713     
 Found        11690  events.
 Wrote           91  events.
 Actual xsec    118370777.16064791     
 Correct abs xsec    118370777.16064791     
 Event xsec    118370777.16064790     
 Events wgts > 1:            2
 % Cross section > 1:    1172793.9914169128       0.99078000461654947     
 Iteration  9   Mean: 0.1245E+09 Abs mean: 0.1245E+09   Fluctuation:  0.257E+07   0.373E+12    99.3%
  9    0.1245E+09 0.1245E+09 +- 0.2571E+07     10.45
 Relative summed weights:
  0.1686E+00  0.0000E+00
  0.1547E+00  0.0000E+00
  0.1761E+00  0.0000E+00
  0.1735E+00  0.0000E+00
  0.1603E+00  0.0000E+00
  0.1667E+00  0.0000E+00
 Relative number of events:
  0.1669E+00  0.0000E+00
  0.1670E+00  0.0000E+00
  0.1672E+00  0.0000E+00
  0.1661E+00  0.0000E+00
  0.1666E+00  0.0000E+00
  0.1662E+00  0.0000E+00
 Events:
       42737           0
       42745           0
       42807           0
       42534           0
       42642           0
       42535           0
 Found        21284  events.
 Wrote          129  events.
 Actual xsec    119362744.69578104     
 Correct abs xsec    119362744.69578104     
 Event xsec    119362744.69578142     
 Events wgts > 1:            2
 % Cross section > 1:    755486.71012095397       0.63293342662859753     
 Checking number of events   51028.766984893351              129  chi2:    6.8236227619283820     
 Found        21284  events.
 Wrote          134  events.
 Actual xsec    119362744.69578104     
 Correct abs xsec    119362744.69578104     
 Event xsec    119362744.69578078     
 Events wgts > 1:            2
 % Cross section > 1:    727468.71320054925       0.60946044350324302     

 -------------------------------------------------------------------------------
 Accumulated results:   Integral =  0.1190E+09
                        Std dev  =  0.9554E+06
                       Cross sec =  0.1190E+09
             Chi**2 per DoF.     =      2.9501
 -------------------------------------------------------------------------------
-------------------------------------------------
---------------------------
 Results Last   3 iters: Integral =   0.1194E+09
                     Abs integral =   0.1194E+09
                          Std dev =   0.1139E+07
                  Chi**2 per DoF. =      6.8236
-------------------------------------------------
---------------------------
 Status -4.27509999999999978E-004          10           9
 Trying w/ fresh grid
 Starting w/ ncall =         4000
 Keeping grid fixed.
  5 dimensions   4000 events  5 invarients  8 iterations  1 config(s),  (0.99)
 Using h-tuple random number sequence.
 Error opening grid
 Using Uniform Grid!
 Using uniform alpha   1.0000000000000000     
 Grid defined OK
 Warning: No cutoff for shat integral found
          Minimum set to    204.08163265306121     
Setting grid   1    0.20408E+03   1
 Warning: No cutoff for shat integral found
          Minimum set to    204.08163265306121     
Setting grid   2    0.20408E+03   1
Warning xbin not returning correct x   2  0.999996E+00  0.998755E+00  0.2837E+03
Warning xbin not returning correct x   2  0.999977E+00  0.993443E+00  0.2837E+03
Warning xbin not returning correct x   2  0.999977E+00  0.993422E+00  0.2837E+03
Warning xbin not returning correct x   2  0.999987E+00  0.996235E+00  0.2837E+03
Warning xbin not returning correct x   2  0.999967E+00  0.990575E+00  0.2837E+03
Warning xbin still not working well. Last message this iteration.
 Iteration  1   Mean: 0.5991E+08 Abs mean: 0.5991E+08   Fluctuation:  0.271E+08   0.770E+11    99.2%
  1    0.5991E+08 0.5991E+08 +- 0.2709E+08     28.60
 Relative summed weights:
  0.7520E-01  0.0000E+00
  0.4116E-01  0.0000E+00
  0.3590E+00  0.0000E+00
  0.7323E-01  0.0000E+00
  0.4194E+00  0.0000E+00
  0.3201E-01  0.0000E+00
 Relative number of events:
  0.1598E+00  0.0000E+00
  0.1755E+00  0.0000E+00
  0.1625E+00  0.0000E+00
  0.1708E+00  0.0000E+00
  0.1688E+00  0.0000E+00
  0.1628E+00  0.0000E+00
 Events:
         639           0
         702           0
         650           0
         683           0
         675           0
         651           0
Warning xbin not returning correct x   1  0.988660E+00  0.999828E+00  0.1540E-01
Warning xbin not returning correct x   1  0.985723E+00  0.999784E+00  0.1540E-01
Warning xbin not returning correct x   1  0.985790E+00  0.999785E+00  0.1540E-01
Warning xbin not returning correct x   1  0.985204E+00  0.999776E+00  0.1540E-01
Warning xbin not returning correct x   1  0.986277E+00  0.999792E+00  0.1540E-01
Warning xbin still not working well. Last message this iteration.
 Iteration  2   Mean: 0.2660E+07 Abs mean: 0.2660E+07   Fluctuation:  0.164E+06   0.672E+09    86.3%
  2    0.2660E+07 0.2660E+07 +- 0.1638E+06      5.51
 Relative summed weights:
  0.1546E+00  0.0000E+00
  0.1406E+00  0.0000E+00
  0.1897E+00  0.0000E+00
  0.2009E+00  0.0000E+00
  0.1654E+00  0.0000E+00
  0.1488E+00  0.0000E+00
 Relative number of events:
  0.1601E+00  0.0000E+00
  0.1689E+00  0.0000E+00
  0.1729E+00  0.0000E+00
  0.1715E+00  0.0000E+00
  0.1655E+00  0.0000E+00
  0.1611E+00  0.0000E+00
 Events:
        1281           0
        1351           0
        1383           0
        1372           0
        1324           0
        1289           0
 Iteration  3   Mean: 0.2787E+08 Abs mean: 0.2787E+08   Fluctuation:  0.605E+07   0.803E+11   100.0%
  3    0.2787E+08 0.2787E+08 +- 0.6051E+07     27.46
 Relative summed weights:
  0.2368E+00  0.0000E+00
  0.2207E+00  0.0000E+00
  0.3101E+00  0.0000E+00
  0.6687E-01  0.0000E+00
  0.1026E+00  0.0000E+00
  0.6296E-01  0.0000E+00
 Relative number of events:
  0.1681E+00  0.0000E+00
  0.1658E+00  0.0000E+00
  0.1701E+00  0.0000E+00
  0.1619E+00  0.0000E+00
  0.1638E+00  0.0000E+00
  0.1703E+00  0.0000E+00
 Events:
        2690           0
        2652           0
        2722           0
        2591           0
        2620           0
        2725           0
 Found         2012  events.
 Wrote            8  events.
 Actual xsec    5473086.5711236084     
 Correct abs xsec    5473086.5711236084     
 Event xsec    5473086.5711236075     
 Events wgts > 1:            0
 % Cross section > 1:    0.0000000000000000        0.0000000000000000     
 Checking number of events   2339.7992400210537                8  chi2:    156.26571358238658     
 Found         2012  events.
 Wrote            4  events.
 Actual xsec    5473086.5711236084     
 Correct abs xsec    5473086.5711236084     
 Event xsec    5473086.5711236084     
 Events wgts > 1:            0
 % Cross section > 1:    0.0000000000000000        0.0000000000000000     
 Iteration  4   Mean: 0.4197E+08 Abs mean: 0.4197E+08   Fluctuation:  0.434E+07   0.775E+11    99.9%
  4    0.4197E+08 0.4197E+08 +- 0.4339E+07     18.50
 Relative summed weights:
  0.1932E+00  0.0000E+00
  0.1814E+00  0.0000E+00
  0.1462E+00  0.0000E+00
  0.1555E+00  0.0000E+00
  0.2240E+00  0.0000E+00
  0.9967E-01  0.0000E+00
 Relative number of events:
  0.1672E+00  0.0000E+00
  0.1633E+00  0.0000E+00
  0.1653E+00  0.0000E+00
  0.1692E+00  0.0000E+00
  0.1679E+00  0.0000E+00
  0.1671E+00  0.0000E+00
 Events:
        5351           0
        5225           0
        5290           0
        5413           0
        5373           0
        5348           0
 Found         1533  events.
 Wrote           22  events.
 Actual xsec    13794599.669679325     
 Correct abs xsec    13794599.669679325     
 Event xsec    13794599.669679321     
 Events wgts > 1:            0
 % Cross section > 1:    0.0000000000000000        0.0000000000000000     
 Checking number of events   5897.3293047846082               22  chi2:    2332.8671923322518     
 Found         1533  events.
 Wrote           19  events.
 Actual xsec    13794599.669679325     
 Correct abs xsec    13794599.669679325     
 Event xsec    13794599.669679333     
 Events wgts > 1:            0
 % Cross section > 1:    0.0000000000000000        0.0000000000000000     
 Iteration  5   Mean: 0.8974E+08 Abs mean: 0.8974E+08   Fluctuation:  0.129E+08   0.621E+12    99.9%
  5    0.8974E+08 0.8974E+08 +- 0.1295E+08     36.50
 Relative summed weights:
  0.1121E+00  0.0000E+00
  0.2201E+00  0.0000E+00
  0.1789E+00  0.0000E+00
  0.1190E+00  0.0000E+00
  0.1466E+00  0.0000E+00
  0.2233E+00  0.0000E+00
 Relative number of events:
  0.1688E+00  0.0000E+00
  0.1661E+00  0.0000E+00
  0.1661E+00  0.0000E+00
  0.1673E+00  0.0000E+00
  0.1669E+00  0.0000E+00
  0.1648E+00  0.0000E+00
 Events:
       10803           0
       10632           0
       10629           0
       10708           0
       10682           0
       10546           0
 Found         4522  events.
 Wrote            9  events.
 Actual xsec    54224351.490511797     
 Correct abs xsec    54224351.490511797     
 Event xsec    54224351.490511812     
 Events wgts > 1:            1
 % Cross section > 1:    1.6482388013973832       3.03966530920299201E-006
 Checking number of events   23181.452505708698                9  chi2:    17.233219916303508     
 Found         4522  events.
 Wrote           13  events.
 Actual xsec    54224351.490511797     
 Correct abs xsec    54224351.490511797     
 Event xsec    54224351.490511812     
 Events wgts > 1:            1
 % Cross section > 1:    1.1410884116776288       2.10438369535373150E-006
 Fixing grid
 Iteration  6   Mean: 0.1748E+09 Abs mean: 0.1748E+09   Fluctuation:  0.478E+08   0.486E+13    99.6%
  6    0.1748E+09 0.1748E+09 +- 0.4776E+08     97.74
 Relative summed weights:
  0.1473E+00  0.0000E+00
  0.1064E+00  0.0000E+00
  0.2958E+00  0.0000E+00
  0.8330E-01  0.0000E+00
  0.2702E+00  0.0000E+00
  0.9692E-01  0.0000E+00
 Relative number of events:
  0.1672E+00  0.0000E+00
  0.1657E+00  0.0000E+00
  0.1664E+00  0.0000E+00
  0.1674E+00  0.0000E+00
  0.1667E+00  0.0000E+00
  0.1666E+00  0.0000E+00
 Events:
       21402           0
       21205           0
       21304           0
       21428           0
       21335           0
       21326           0
 Found         7014  events.
 Wrote            5  events.
 Actual xsec    68258349.399078324     
 Correct abs xsec    68258349.399078324     
 Event xsec    68258349.399078324     
 Events wgts > 1:            0
 % Cross section > 1:    0.0000000000000000        0.0000000000000000     
 Checking number of events   29181.126951599974                5  chi2:    22.214540909927134     
 Found         7014  events.
 Wrote            4  events.
 Actual xsec    68258349.399078324     
 Correct abs xsec    68258349.399078324     
 Event xsec    68258349.399078324     
 Events wgts > 1:            0
 % Cross section > 1:    0.0000000000000000        0.0000000000000000     
 Iteration  7   Mean: 0.1249E+09 Abs mean: 0.1249E+09   Fluctuation:  0.143E+08   0.270E+13    99.6%
  7    0.1249E+09 0.1249E+09 +- 0.1428E+08     57.83
 Relative summed weights:
  0.2250E+00  0.0000E+00
  0.1683E+00  0.0000E+00
  0.1636E+00  0.0000E+00
  0.1136E+00  0.0000E+00
  0.1986E+00  0.0000E+00
  0.1309E+00  0.0000E+00
 Relative number of events:
  0.1667E+00  0.0000E+00
  0.1655E+00  0.0000E+00
  0.1667E+00  0.0000E+00
  0.1674E+00  0.0000E+00
  0.1659E+00  0.0000E+00
  0.1678E+00  0.0000E+00
 Events:
       42675           0
       42376           0
       42685           0
       42853           0
       42463           0
       42948           0
 Found         8115  events.
 Wrote            9  events.
 Actual xsec    117510588.30803213     
 Correct abs xsec    117510588.30803213     
 Event xsec    117510588.30803214     
 Events wgts > 1:            1
 % Cross section > 1:   0.33629300259053707       2.86181022010550736E-007
 Checking number of events   50236.951607566814                9  chi2:    3.1545348509315234     
 Found         8115  events.
 Wrote           10  events.
 Actual xsec    117510588.30803213     
 Correct abs xsec    117510588.30803213     
 Event xsec    117510588.30803211     
 Events wgts > 1:            1
 % Cross section > 1:   0.30266370251774788       2.57562919968004378E-007
 Iteration  8   Mean: 0.1129E+09 Abs mean: 0.1129E+09   Fluctuation:  0.137E+08   0.597E+13    99.6%
  8    0.1129E+09 0.1129E+09 +- 0.1375E+08     87.14
 Relative summed weights:
  0.1235E+00  0.0000E+00
  0.1254E+00  0.0000E+00
  0.1726E+00  0.0000E+00
  0.2000E+00  0.0000E+00
  0.1442E+00  0.0000E+00
  0.2343E+00  0.0000E+00
 Relative number of events:
  0.1671E+00  0.0000E+00
  0.1660E+00  0.0000E+00
  0.1669E+00  0.0000E+00
  0.1664E+00  0.0000E+00
  0.1662E+00  0.0000E+00
  0.1675E+00  0.0000E+00
 Events:
       85553           0
       84968           0
       85440           0
       85184           0
       85102           0
       85753           0
 Found        21426  events.
 Wrote            9  events.
 Actual xsec    124222689.00208542     
 Correct abs xsec    124222689.00208542     
 Event xsec    124222689.00208545     
 Events wgts > 1:            1
 % Cross section > 1:   0.80756315030157566       6.50093116474091375E-007
 Checking number of events   53010.801054851581                9  chi2:   0.89577830916575252     
 Found        21426  events.
 Wrote           13  events.
 Actual xsec    124222689.00208542     
 Correct abs xsec    124222689.00208542     
 Event xsec    124222689.00208545     
 Events wgts > 1:            1
 % Cross section > 1:   0.55908218026161194       4.50064464674586186E-007

 -------------------------------------------------------------------------------
 Accumulated results:   Integral =  0.4984E+08
                        Std dev  =  0.2054E+07
                       Cross sec =  0.4984E+08
             Chi**2 per DoF.     =     91.3305
 -------------------------------------------------------------------------------
-------------------------------------------------
---------------------------
 Results Last   3 iters: Integral =   0.1240E+09
                     Abs integral =   0.1240E+09
                         Std dev =   0.9885E+07
                 Chi**2 per DoF. =      0.8958
-------------------------------------------------
---------------------------
>>>>>>> 911b5ec345c81b054214c521136984e9d6306827

ls status:
events.lhe
ftn25
ftn26
input_sg.txt
<<<<<<< HEAD
=======
log.txt
>>>>>>> 911b5ec345c81b054214c521136984e9d6306827
moffset.dat
results.dat
run_01_ftn26.gz
run_01_log.txt
run_01_results.dat
run_02_ftn26.gz
run_02_log.txt
run_02_results.dat
<<<<<<< HEAD
run_03_ftn26.gz
run_03_log.txt
run_03_results.dat
run_08_ftn26.gz
run_08_log.txt
run_08_results.dat
run_09_log.txt
run_09_results.dat
run_10_ftn26.gz
run_10_log.txt
run_10_results.dat
run_11_ftn26.gz
run_11_log.txt
run_11_results.dat
=======
>>>>>>> 911b5ec345c81b054214c521136984e9d6306827
run1_app.log
