 Process in group number            1
 No PDF is used, alpha_s(MZ) from param_card is used
 Value of alpha_s from param_card:   0.11800000071525575     
 The default order of alpha_s running is fixed to            2
 *****************************************************
 *               MadGraph/MadEvent                   *
 *        --------------------------------           *
 *          http://madgraph.hep.uiuc.edu             *
 *          http://madgraph.phys.ucl.ac.be           *
 *          http://madgraph.roma2.infn.it            *
 *        --------------------------------           *
 *                                                   *
 *          PARAMETER AND COUPLING VALUES            *
 *                                                   *
 *****************************************************

  External Params
  ---------------------------------
  
 mdl_MB =    4.6999998092651367     
 mdl_MT =    173.00000000000000     
 mdl_Me =   5.10999991092830896E-004
 mdl_MM =   0.10565999895334244     
 mdl_MTA =    1.7769999504089355     
 mdl_MZ =    91.188003540039063     
 mdl_MH =    125.00000000000000     
 aEWM1 =    132.50700378417969     
 mdl_Gf =   1.16639000000000003E-005
 aS =   0.11800000071525575     
 mdl_ymb =    4.6999998092651367     
 mdl_ymt =    173.00000000000000     
 mdl_yme =   5.10999991092830896E-004
 mdl_ymm =   0.10565999895334244     
 mdl_ymtau =    1.7769999504089355     
 mdl_WT =    1.4915000200271606     
 mdl_WTau =   2.26999999999999982E-012
 mdl_WZ =    2.4414041042327881     
 mdl_WW =    2.0476000308990479     
 mdl_WH =   6.38233916833996773E-003
  Internal Params
  ---------------------------------
  
 mdl_conjg__CKM3x3 =    1.0000000000000000     
 mdl_CKM3x3 =    1.0000000000000000     
 mdl_conjg__CKM1x1 =    1.0000000000000000     
 mdl_complexi =  (  0.0000000000000000     ,  1.0000000000000000     )
 mdl_MZ__exp__2 =    8315.2519896181766     
 mdl_MZ__exp__4 =    69143415.650849044     
 mdl_sqrt__2 =    1.4142135623730951     
 mdl_MH__exp__2 =    15625.000000000000     
 mdl_aEW =   7.54677089845565054E-003
 mdl_MW =    80.419007276179556     
 mdl_sqrt__aEW =   8.68721526063194194E-002
 mdl_ee =   0.30795376284704501     
 mdl_MW__exp__2 =    6467.2167312862202     
 mdl_sw2 =   0.22224645274001076     
 mdl_cw =   0.88190336616887299     
 mdl_sqrt__sw2 =   0.47143022043565552     
 mdl_sw =   0.47143022043565552     
 mdl_g1 =   0.34919218438279087     
 mdl_gw =   0.65323296958447097     
 mdl_vev =    246.21845810181631     
 mdl_vev__exp__2 =    60623.529110035874     
 mdl_lam =   0.12886910601690271     
 mdl_yb =   2.69955531549349904E-002
 mdl_ye =   2.93504850670934038E-006
 mdl_ym =   6.06883028478528356E-004
 mdl_yt =   0.99366614581500645     
 mdl_ytau =   1.02066167158167895E-002
 mdl_muH =    88.388347648318444     
 mdl_I1x33 =  ( 2.69955531549349904E-002,  0.0000000000000000     )
 mdl_I2x33 =  ( 0.99366614581500645     ,  0.0000000000000000     )
 mdl_I3x33 =  ( 0.99366614581500645     ,  0.0000000000000000     )
 mdl_I4x33 =  ( 2.69955531549349904E-002,  0.0000000000000000     )
 mdl_ee__exp__2 =   9.48355200516540348E-002
 mdl_sw__exp__2 =   0.22224645274001076     
 mdl_cw__exp__2 =   0.77775354725998924     
  Internal Params evaluated point by point
  ----------------------------------------
  
 mdl_sqrt__aS =   0.34351128178744839     
 mdl_G__exp__2 =    1.4828317414825511     
  Couplings of sm-lepton_masses
  ---------------------------------
  
         GC_3 =  -0.00000E+00  -0.30795E+00
        GC_50 =  -0.00000E+00  -0.28804E+00
        GC_59 =   0.00000E+00   0.82310E-01
        GC_89 =  -0.00000E+00  -0.20754E-05

 Collider parameters:
 --------------------

 Running at e e   machine @    10.000000000000000       GeV
 PDF set = none   
 alpha_s(Mz)= 0.1180 running at 2 loops.
 alpha_s(Mz)= 0.1180 running at 2 loops.
 Renormalization scale set on event-by-event basis
 Factorization   scale set on event-by-event basis


 getting user params
Enter number of events and max and min iterations: 
 Number of events and iterations         1000           5           3
Enter desired fractional accuracy: 
 Desired fractional accuracy:   0.10000000000000001     
Enter 0 for fixed, 2 for adjustable grid: 
Suppress amplitude (0 no, 1 yes)? 
 Using suppressed amplitude.
Exact helicity sum (0 yes, n = number/event)? 
 Explicitly summing over helicities
Enter Configuration Number: 
Running Configuration Number:   23
 Not subdividing B.W.
 Attempting mappinvarients           1           5
 Completed mapping           5
 about to integrate            5        1000           5           3           5           1
 Using non-zero grid deformation.
  5 dimensions   1000 events  5 invarients  5 iterations  1 config(s),  (0.99)
 Using h-tuple random number sequence.
 Error opening grid
 Using Uniform Grid!
 Using uniform alpha   1.0000000000000000     
 Grid defined OK
 Set CM energy to         10.00
 Mapping Graph          23  to config          23
Setting grid   1    0.26112E-08   1
Setting grid   2    0.10000E-05   1
 Masses: 0.511E-03 0.511E-03 0.000E+00 0.511E-03 0.511E-03
  23   1   2   3   4   5
Using random seed offsets    23 :      1
  with seed                   45
 Ranmar initialization seeds       26599        9420
  Particle       3       4       5
      Et >     0.0     0.0     0.0
       E >     0.0     0.0     0.0
     Eta <     5.0     5.0     5.0
   xqcut:      0.0     0.0     0.0
d R # 3  >    -0.0     0.4     0.4
d R # 4  >    -0.0    -0.0     0.0
s min # 3>     0.0     0.0     0.0
s min # 4>     0.0     0.0     0.0
xqcutij # 3>     0.0     0.0     0.0
xqcutij # 4>     0.0     0.0     0.0
 alpha_s for scale    2.2720550032953013       is   0.28184367743389599     
 Added good helicity            1   14.943503520402389       in event            1
 Added good helicity            2  6.92286736320728378E-003  in event            1
 Added good helicity            5  1.57315857842681393E-002  in event            1
 Added good helicity           10  0.50744051519389921       in event            1
 Added good helicity           11  1.88512704950224205E-003  in event            1
 Added good helicity           13  2.38384609367198370E-004  in event            1
 Added good helicity           14  0.52426274332544054       in event            1
 Added good helicity           19  0.52427471603104714       in event            1
 Added good helicity           20  2.38384671456027647E-004  in event            1
 Added good helicity           22  1.88512488259093259E-003  in event            1
 Added good helicity           23  0.50745102493051308       in event            1
 Added good helicity           28  1.57315775558142384E-002  in event            1
 Added good helicity           31  6.92286716803956932E-003  in event            1
 Added good helicity           32   14.943511336184240       in event            1
 Added good helicity           15  0.70087984909598511       in event            2
 Added good helicity           18  0.70094099700672186       in event            2
 Added good helicity            3  1.37143138077699669E-006  in event            6
 Added good helicity           12  1.37435851585540808E-006  in event            6
 Added good helicity           21  1.37435671888979968E-006  in event            6
 Added good helicity           30  1.37142827775912817E-006  in event            6
 Iteration  1   Mean: 0.4063E-24 Abs mean: 0.4063E-24   Fluctuation:  0.221E-24   0.217E-21    30.9%
  1    0.4063E-24 0.4063E-24 +- 0.2206E-24     17.17
 Writing out events  2.62845417543051027E-028   17.172326356267426     
 Relative summed weights:
  0.1000E+01  0.0000E+00
 Relative number of events:
  0.1000E+01  0.0000E+00
 Events:
        1000           0
 Iteration  2   Mean: 0.4592E-24 Abs mean: 0.4592E-24   Fluctuation:  0.495E-25   0.470E-22    60.2%
  2    0.4592E-24 0.4592E-24 +- 0.4953E-25      4.82
 Relative summed weights:
  0.1000E+01  0.0000E+00
 Relative number of events:
  0.1000E+01  0.0000E+00
 Events:
        2000           0
 Iteration  3   Mean: 0.6827E-24 Abs mean: 0.6827E-24   Fluctuation:  0.777E-25   0.227E-21    58.6%
  3    0.6827E-24 0.6827E-24 +- 0.7775E-25      7.20
 Relative summed weights:
  0.1000E+01  0.0000E+00
 Relative number of events:
  0.1000E+01  0.0000E+00
 Events:
        4000           0
 Accuracy:    0.142   0.100   0.078   3.350
 Found          560  events.
 Wrote           18  events.
 Actual xsec   5.61642984322903278E-025
 Correct abs xsec   5.61642984322903278E-025
 Event xsec   5.61642984322903462E-025
 Events wgts > 1:            0
 % Cross section > 1:    0.0000000000000000        0.0000000000000000     
 Iteration  4   Mean: 0.6247E-24 Abs mean: 0.6247E-24   Fluctuation:  0.243E-25   0.828E-22    48.4%
  4    0.6247E-24 0.6247E-24 +- 0.2428E-25      3.48
 Relative summed weights:
  0.1000E+01  0.0000E+00
 Relative number of events:
  0.1000E+01  0.0000E+00
 Events:
        8000           0
 Accuracy:    0.053   0.100   0.035   2.351
 Finished due to accuracy   5.32803391807973453E-002  0.10000000000000001     

 -------------------------------------------------------------------------------
 Accumulated results:   Integral =  0.6120E-24
                        Std dev  =  0.2127E-25
                       Cross sec =  0.6120E-24
             Chi**2 per DoF.     =      2.3508
 -------------------------------------------------------------------------------
 Found         1126  events.
 Wrote           84  events.
 Actual xsec   6.12832820212023371E-025
 Correct abs xsec   6.12832820212023371E-025
 Event xsec   6.12832820212022636E-025
 Events wgts > 1:            1
 % Cross section > 1:   4.05926225347891720E-027  0.66237677219613145     
-------------------------------------------------
---------------------------
 Results Last   3 iters: Integral =   0.6128E-24
                     Abs integral =   0.6128E-24
                          Std dev =   0.2134E-25
                  Chi**2 per DoF. =      5.3325
-------------------------------------------------
---------------------------
 Status  0.10000000000000001                5           5

ls status:
events.lhe
input_app.txt
log.txt
multijob.dat
results.dat
run_01_log.txt
run_01_results.dat
run1_app.log
