 Process in group number            0
 No PDF is used, alpha_s(MZ) from param_card is used
 Value of alpha_s from param_card:   0.11800000071525575     
 The default order of alpha_s running is fixed to            2
 *****************************************************
 *               MadGraph/MadEvent                   *
 *        --------------------------------           *
 *          http://madgraph.hep.uiuc.edu             *
 *          http://madgraph.phys.ucl.ac.be           *
 *          http://madgraph.roma2.infn.it            *
 *        --------------------------------           *
 *                                                   *
 *          PARAMETER AND COUPLING VALUES            *
 *                                                   *
 *****************************************************

  External Params
  ---------------------------------
  
 aEWM1 =    132.50700378417969     
 mdl_Gf =   1.16639000000000003E-005
 aS =   0.11800000071525575     
 mdl_ymb =    4.6999998092651367     
 mdl_ymt =    173.00000000000000     
 mdl_yme =   5.10999991092830896E-004
 mdl_ymm =   0.10565999895334244     
 mdl_ymtau =    1.7769999504089355     
 mdl_MZ =    91.188003540039063     
 mdl_MT =    173.00000000000000     
 mdl_MB =    4.6999998092651367     
 mdl_MH =    125.00000000000000     
 mdl_Me =   5.10999991092830896E-004
 mdl_MM =   0.10565999895334244     
 mdl_MTA =    1.7769999504089355     
 mdl_WZ =    2.4414041042327881     
 mdl_WW =    2.0476000308990479     
 mdl_WT =    1.4915000200271606     
 mdl_WH =   6.38233916833996773E-003
 mdl_WTau =   2.26999999999999982E-012
  Internal Params
  ---------------------------------
  
 mdl_conjg__CKM3x3 =    1.0000000000000000     
 mdl_CKM3x3 =    1.0000000000000000     
 mdl_conjg__CKM1x1 =    1.0000000000000000     
 mdl_complexi =  (  0.0000000000000000     ,  1.0000000000000000     )
 mdl_MZ__exp__2 =    8315.2519896181766     
 mdl_MZ__exp__4 =    69143415.650849044     
 mdl_sqrt__2 =    1.4142135623730951     
 mdl_MH__exp__2 =    15625.000000000000     
 mdl_aEW =   7.54677089845565054E-003
 mdl_MW =    80.419007276179556     
 mdl_sqrt__aEW =   8.68721526063194194E-002
 mdl_ee =   0.30795376284704501     
 mdl_MW__exp__2 =    6467.2167312862202     
 mdl_sw2 =   0.22224645274001076     
 mdl_cw =   0.88190336616887299     
 mdl_sqrt__sw2 =   0.47143022043565552     
 mdl_sw =   0.47143022043565552     
 mdl_g1 =   0.34919218438279087     
 mdl_gw =   0.65323296958447097     
 mdl_vev =    246.21845810181631     
 mdl_vev__exp__2 =    60623.529110035874     
 mdl_lam =   0.12886910601690271     
 mdl_yb =   2.69955531549349904E-002
 mdl_ye =   2.93504850670934038E-006
 mdl_ym =   6.06883028478528356E-004
 mdl_yt =   0.99366614581500645     
 mdl_ytau =   1.02066167158167895E-002
 mdl_muH =    88.388347648318444     
 mdl_I1x33 =  ( 2.69955531549349904E-002,  0.0000000000000000     )
 mdl_I2x33 =  ( 0.99366614581500645     ,  0.0000000000000000     )
 mdl_I3x33 =  ( 0.99366614581500645     ,  0.0000000000000000     )
 mdl_I4x33 =  ( 2.69955531549349904E-002,  0.0000000000000000     )
 mdl_ee__exp__2 =   9.48355200516540348E-002
 mdl_sw__exp__2 =   0.22224645274001076     
 mdl_cw__exp__2 =   0.77775354725998924     
  Internal Params evaluated point by point
  ----------------------------------------
  
 mdl_sqrt__aS =   0.34351128178744839     
 mdl_G__exp__2 =    1.4828317414825511     
  Couplings of sm-lepton_masses
  ---------------------------------
  
         GC_3 =  -0.00000E+00  -0.30795E+00

 Collider parameters:
 --------------------

<<<<<<< HEAD
 Running at e e   machine @   7.14879999999999960E-002  GeV
=======
 Running at e e   machine @   7.00000000000000067E-002  GeV
>>>>>>> 911b5ec345c81b054214c521136984e9d6306827
 PDF set = none   
 alpha_s(Mz)= 0.1180 running at 2 loops.
 alpha_s(Mz)= 0.1180 running at 2 loops.
 Renormalization scale fixed @    91.188000000000002     
 Factorization scales  fixed @    91.188000000000002        91.188000000000002     


 getting user params
Enter number of events and max and min iterations: 
 Number of events and iterations         2000           9           3
Enter desired fractional accuracy: 
<<<<<<< HEAD
 Desired fractional accuracy:  -3.19030000000000027E-005
=======
 Desired fractional accuracy:  -3.13399999999999974E-004
>>>>>>> 911b5ec345c81b054214c521136984e9d6306827
Enter 0 for fixed, 2 for adjustable grid: 
Suppress amplitude (0 no, 1 yes)? 
 Using suppressed amplitude.
Exact helicity sum (0 yes, n = number/event)? 
 Explicitly summing over helicities
Enter Configuration Number: 
Running Configuration Number:    1
 Not subdividing B.W.
 Attempting mappinvarients           1           4
 Completed mapping           4
 about to integrate            2        2000           9           3           2           1
 Using non-zero grid deformation.
  2 dimensions   2000 events  2 invarients  9 iterations  1 config(s),  (0.99)
 Using h-tuple random number sequence.
 Error opening grid
 Using Uniform Grid!
 Using uniform alpha   1.0000000000000000     
 Grid defined OK
 Set CM energy to          0.07
 Mapping Graph           1  to config           1
<<<<<<< HEAD
Setting grid   1    0.17611E-02   1
=======
Setting grid   1    0.38601E-01   1
>>>>>>> 911b5ec345c81b054214c521136984e9d6306827
 Masses: 0.511E-03 0.511E-03 0.000E+00 0.000E+00
   1   1   2
 Got moffset          16
Using random seed offsets     1 :      1
<<<<<<< HEAD
  with seed                  117
 Ranmar initialization seeds       24102       29926
=======
  with seed                   63
 Ranmar initialization seeds       18438       29870
>>>>>>> 911b5ec345c81b054214c521136984e9d6306827
  Particle       3       4
      Et >     0.0     0.0
       E >     0.0     0.0
     Eta <    -1.0    -1.0
   xqcut:      0.0     0.0
d R # 3  >    -0.0     0.0
s min # 3>     0.0     0.0
xqcutij # 3>     0.0     0.0
 alpha_s for scale    91.188000000000002       is   0.11800000071525575     
<<<<<<< HEAD
 Added good helicity            1  3.72564680114345148E-003  in event            1
 Added good helicity            2  3.93153086985243696E-004  in event            1
 Added good helicity            3  3.93153086985243859E-004  in event            1
 Added good helicity            6  0.49324329118741578       in event            1
 Added good helicity            7   7.5022447558277401       in event            1
 Added good helicity           10   7.5022447558277401       in event            1
 Added good helicity           11  0.49324329118741578       in event            1
 Added good helicity           14  3.93153086985243859E-004  in event            1
 Added good helicity           15  3.93153086985243696E-004  in event            1
 Added good helicity           16  3.72564680114345148E-003  in event            1
 Iteration  1   Mean: 0.1468E+09 Abs mean: 0.1468E+09   Fluctuation:  0.162E+07   0.180E+09    90.9%
  1    0.1468E+09 0.1468E+09 +- 0.1617E+07      0.49
 Writing out events   8973.5803920092840       0.49272947118947197     
 Relative summed weights:
  0.5020E+00  0.0000E+00
  0.4980E+00  0.0000E+00
 Relative number of events:
  0.5030E+00  0.0000E+00
  0.4970E+00  0.0000E+00
 Events:
        1006           0
         994           0
Warning xbin not returning correct x   1  0.998796E+00  0.100000E+01  0.1251E-03
 Iteration  2   Mean: 0.1451E+09 Abs mean: 0.1451E+09   Fluctuation:  0.483E+06   0.237E+09    99.7%
  2    0.1451E+09 0.1451E+09 +- 0.4834E+06      0.21
 Relative summed weights:
  0.5065E+00  0.0000E+00
  0.4935E+00  0.0000E+00
 Relative number of events:
  0.5058E+00  0.0000E+00
  0.4943E+00  0.0000E+00
 Events:
        2023           0
        1977           0
 Iteration  3   Mean: 0.1450E+09 Abs mean: 0.1450E+09   Fluctuation:  0.261E+06   0.191E+09    99.6%
  3    0.1450E+09 0.1450E+09 +- 0.2609E+06      0.16
 Relative summed weights:
  0.4965E+00  0.0000E+00
  0.5035E+00  0.0000E+00
 Relative number of events:
  0.4965E+00  0.0000E+00
  0.5035E+00  0.0000E+00
 Events:
        3972           0
        4028           0
 Found          803  events.
 Wrote          798  events.
 Actual xsec    145049672.96847218     
 Correct abs xsec    145049672.96847218     
 Event xsec    145049672.96847391     
 Events wgts > 1:            0
 % Cross section > 1:    0.0000000000000000        0.0000000000000000     
 Checking number of events   4627.5197167131682              798  chi2:   0.60705941948796283     
 Found          803  events.
 Wrote          798  events.
 Actual xsec    145049672.96847218     
 Correct abs xsec    145049672.96847218     
 Event xsec    145049672.96847391     
 Events wgts > 1:            0
 % Cross section > 1:    0.0000000000000000        0.0000000000000000     
 Iteration  4   Mean: 0.1451E+09 Abs mean: 0.1451E+09   Fluctuation:  0.134E+06   0.180E+09    99.9%
  4    0.1451E+09 0.1451E+09 +- 0.1336E+06      0.12
 Relative summed weights:
  0.5039E+00  0.0000E+00
  0.4961E+00  0.0000E+00
 Relative number of events:
  0.5048E+00  0.0000E+00
  0.4952E+00  0.0000E+00
 Events:
        8077           0
        7923           0
 Found         1596  events.
 Wrote         1592  events.
 Actual xsec    145056549.55639634     
 Correct abs xsec    145056549.55639634     
 Event xsec    145056549.55639896     
 Events wgts > 1:            0
 % Cross section > 1:    0.0000000000000000        0.0000000000000000     
 Checking number of events   4627.7391004977126             1592  chi2:   4.96511917868769290E-002
 Found         1596  events.
 Wrote         1592  events.
 Actual xsec    145056549.55639634     
 Correct abs xsec    145056549.55639634     
 Event xsec    145056549.55639896     
 Events wgts > 1:            0
 % Cross section > 1:    0.0000000000000000        0.0000000000000000     
 Iteration  5   Mean: 0.1450E+09 Abs mean: 0.1450E+09   Fluctuation:  0.852E+05   0.177E+09    99.8%
  5    0.1450E+09 0.1450E+09 +- 0.8519E+05      0.11
 Relative summed weights:
  0.4959E+00  0.0000E+00
  0.5041E+00  0.0000E+00
 Relative number of events:
  0.4961E+00  0.0000E+00
  0.5039E+00  0.0000E+00
 Events:
       15876           0
       16124           0
 Found         3213  events.
 Wrote         3208  events.
 Actual xsec    144992436.37869507     
 Correct abs xsec    144992436.37869507     
 Event xsec    144992436.37869090     
 Events wgts > 1:            0
 % Cross section > 1:    0.0000000000000000        0.0000000000000000     
 Checking number of events   4625.6936977895093             3208  chi2:   0.24010815108493527     
 Found         3213  events.
 Wrote         3208  events.
 Actual xsec    144992436.37869507     
 Correct abs xsec    144992436.37869507     
 Event xsec    144992436.37869090     
 Events wgts > 1:            0
 % Cross section > 1:    0.0000000000000000        0.0000000000000000     
Warning xbin not returning correct x   1  0.998583E+00  0.100000E+01  0.8170E-04
 Iteration  6   Mean: 0.1450E+09 Abs mean: 0.1450E+09   Fluctuation:  0.571E+05   0.205E+09    99.8%
  6    0.1450E+09 0.1450E+09 +- 0.5706E+05      0.10
 Relative summed weights:
  0.5037E+00  0.0000E+00
  0.4963E+00  0.0000E+00
 Relative number of events:
  0.5036E+00  0.0000E+00
  0.4964E+00  0.0000E+00
 Events:
       32231           0
       31769           0
 Found         6364  events.
 Wrote         6359  events.
 Actual xsec    144983614.02142429     
 Correct abs xsec    144983614.02142429     
 Event xsec    144983614.02141526     
 Events wgts > 1:            0
 % Cross section > 1:    0.0000000000000000        0.0000000000000000     
 Checking number of events   4625.4122381254992             6359  chi2:   0.25349805636972539     

 -------------------------------------------------------------------------------
 Accumulated results:   Integral =  0.1450E+09
                        Std dev  =  0.4384E+05
                       Cross sec =  0.3662E+00
             Chi**2 per DoF.     =
-------------------------------------------------
---------------------------
 Results Last   3 iters: Integral =   0.1450E+09
                     Abs integral =   0.1450E+09
                          Std dev =   0.4468E+05
                  Chi**2 per DoF. =      0.2535
-------------------------------------------------
---------------------------
 Status -3.19030000000000027E-005           7           9
 We found enough events        6359   4625.4122381254992     
=======
 Added good helicity            1  9.07826745323501647E-003  in event            1
 Added good helicity            2  9.97086733893277259E-005  in event            1
 Added good helicity            3  9.97086733893278343E-005  in event            1
 Added good helicity            6  2.74766873117988190E-002  in event            1
 Added good helicity            7   7.9632456278624035       in event            1
 Added good helicity           10   7.9632456278624035       in event            1
 Added good helicity           11  2.74766873117988190E-002  in event            1
 Added good helicity           14  9.97086733893278343E-005  in event            1
 Added good helicity           15  9.97086733893277259E-005  in event            1
 Added good helicity           16  9.07826745323501647E-003  in event            1
 Iteration  1   Mean: 0.1478E+08 Abs mean: 0.1478E+08   Fluctuation:  0.335E+06   0.161E+08    16.1%
  1    0.1478E+08 0.1478E+08 +- 0.3347E+06      1.01
 Writing out events   5096.4652637776007        1.0128271960216124     
 Relative summed weights:
  0.5177E+00  0.0000E+00
  0.4823E+00  0.0000E+00
 Relative number of events:
  0.5205E+00  0.0000E+00
  0.4795E+00  0.0000E+00
 Events:
        1041           0
         959           0
Warning xbin not returning correct x   1  0.966834E+00  0.999837E+00  0.5103E-02
Warning xbin not returning correct x   1  0.992550E+00  0.999963E+00  0.5103E-02
 Iteration  2   Mean: 0.1473E+08 Abs mean: 0.1473E+08   Fluctuation:  0.140E+06   0.208E+08    80.6%
  2    0.1473E+08 0.1473E+08 +- 0.1403E+06      0.60
 Relative summed weights:
  0.4915E+00  0.0000E+00
  0.5085E+00  0.0000E+00
 Relative number of events:
  0.4915E+00  0.0000E+00
  0.5085E+00  0.0000E+00
 Events:
        1966           0
        2034           0
Warning xbin not returning correct x   1  0.995234E+00  0.999994E+00  0.1376E-02
Warning xbin not returning correct x   1  0.983690E+00  0.999978E+00  0.1376E-02
Warning xbin not returning correct x   1  0.993274E+00  0.999991E+00  0.1376E-02
Warning xbin not returning correct x   1  0.968735E+00  0.999959E+00  0.1376E-02
 Iteration  3   Mean: 0.1466E+08 Abs mean: 0.1466E+08   Fluctuation:  0.669E+05   0.997E+08    94.7%
  3    0.1466E+08 0.1466E+08 +- 0.6691E+05      0.41
 Relative summed weights:
  0.4953E+00  0.0000E+00
  0.5047E+00  0.0000E+00
 Relative number of events:
  0.4975E+00  0.0000E+00
  0.5025E+00  0.0000E+00
 Events:
        3980           0
        4020           0
 Found          842  events.
 Wrote          837  events.
 Actual xsec    14672585.946501490     
 Correct abs xsec    14672585.946501490     
 Event xsec    14672585.946501680     
 Events wgts > 1:            0
 % Cross section > 1:    0.0000000000000000        0.0000000000000000     
 Checking number of events   4598.3884356335666              837  chi2:   0.16506340887104659     
 Found          842  events.
 Wrote          837  events.
 Actual xsec    14672585.946501490     
 Correct abs xsec    14672585.946501490     
 Event xsec    14672585.946501680     
 Events wgts > 1:            0
 % Cross section > 1:    0.0000000000000000        0.0000000000000000     
Warning xbin not returning correct x   1  0.981346E+00  0.999993E+00  0.4084E-03
Warning xbin not returning correct x   1  0.971654E+00  0.999989E+00  0.4084E-03
Warning xbin not returning correct x   1  0.973144E+00  0.999989E+00  0.4084E-03
Warning xbin not returning correct x   1  0.987538E+00  0.999995E+00  0.4084E-03
Warning xbin not returning correct x   1  0.978956E+00  0.999992E+00  0.4084E-03
Warning xbin still not working well. Last message this iteration.
 Iteration  4   Mean: 0.1472E+08 Abs mean: 0.1472E+08   Fluctuation:  0.340E+05   0.291E+08    96.0%
  4    0.1472E+08 0.1472E+08 +- 0.3398E+05      0.29
 Relative summed weights:
  0.5034E+00  0.0000E+00
  0.4966E+00  0.0000E+00
 Relative number of events:
  0.5031E+00  0.0000E+00
  0.4969E+00  0.0000E+00
 Events:
        8049           0
        7951           0
 Found         1674  events.
 Wrote         1669  events.
 Actual xsec    14710861.592815258     
 Correct abs xsec    14710861.592815258     
 Event xsec    14710861.592815273     
 Events wgts > 1:            0
 % Cross section > 1:    0.0000000000000000        0.0000000000000000     
 Checking number of events   4610.3840231883014             1669  chi2:   0.42724562478907041     
 Found         1674  events.
 Wrote         1669  events.
 Actual xsec    14710861.592815258     
 Correct abs xsec    14710861.592815258     
 Event xsec    14710861.592815273     
 Events wgts > 1:            0
 % Cross section > 1:    0.0000000000000000        0.0000000000000000     
Warning xbin not returning correct x   1  0.974993E+00  0.999996E+00  0.1871E-03
Warning xbin not returning correct x   1  0.974472E+00  0.999995E+00  0.1871E-03
Warning xbin not returning correct x   1  0.980703E+00  0.999997E+00  0.1871E-03
Warning xbin not returning correct x   1  0.974432E+00  0.999995E+00  0.1871E-03
Warning xbin not returning correct x   1  0.977797E+00  0.999996E+00  0.1871E-03
Warning xbin still not working well. Last message this iteration.
 Iteration  5   Mean: 0.1469E+08 Abs mean: 0.1469E+08   Fluctuation:  0.455E+05   0.231E+09    95.4%
  5    0.1469E+08 0.1469E+08 +- 0.4553E+05      0.55
 Relative summed weights:
  0.4997E+00  0.0000E+00
  0.5003E+00  0.0000E+00
 Relative number of events:
  0.4991E+00  0.0000E+00
  0.5009E+00  0.0000E+00
 Events:
       15972           0
       16028           0
 Found         3331  events.
 Wrote         3327  events.
 Actual xsec    14705412.718023799     
 Correct abs xsec    14705412.718023799     
 Event xsec    14705412.718023254     
 Events wgts > 1:           31
 % Cross section > 1:    86441.585238597487       0.58782155180624696     
 Checking number of events   4608.6763458286587             3327  chi2:   0.45627874006554647     
 Found         3331  events.
 Wrote         3327  events.
 Actual xsec    14705412.718023799     
 Correct abs xsec    14705412.718023799     
 Event xsec    14705412.718023254     
 Events wgts > 1:           31
 % Cross section > 1:    86441.585238597487       0.58782155180624696     
Warning xbin not returning correct x   1  0.980040E+00  0.999997E+00  0.1540E-03
Warning xbin not returning correct x   1  0.985898E+00  0.999998E+00  0.1540E-03
Warning xbin not returning correct x   1  0.989823E+00  0.999998E+00  0.1540E-03
Warning xbin not returning correct x   1  0.961862E+00  0.999994E+00  0.1540E-03
Warning xbin not returning correct x   1  0.961964E+00  0.999994E+00  0.1540E-03
Warning xbin still not working well. Last message this iteration.
 Iteration  6   Mean: 0.1470E+08 Abs mean: 0.1470E+08   Fluctuation:  0.204E+05   0.125E+09    94.6%
  6    0.1470E+08 0.1470E+08 +- 0.2036E+05      0.35
 Relative summed weights:
  0.5072E+00  0.0000E+00
  0.4928E+00  0.0000E+00
 Relative number of events:
  0.5067E+00  0.0000E+00
  0.4933E+00  0.0000E+00
 Events:
       32428           0
       31572           0
 Found         6725  events.
 Wrote         6721  events.
 Actual xsec    14703255.150027420     
 Correct abs xsec    14703255.150027420     
 Event xsec    14703255.150026891     
 Events wgts > 1:            0
 % Cross section > 1:    0.0000000000000000        0.0000000000000000     
 Checking number of events   4608.0001640185928             6721  chi2:   0.24400700591557556     

 -------------------------------------------------------------------------------
 Accumulated results:   Integral =  0.1470E+08
                        Std dev  =  0.1573E+05
                       Cross sec =  0.2135E+00
             Chi**2 per DoF.     =
-------------------------------------------------
---------------------------
 Results Last   3 iters: Integral =   0.1470E+08
                     Abs integral =   0.1470E+08
                          Std dev =   0.1631E+05
                  Chi**2 per DoF. =      0.2440
-------------------------------------------------
---------------------------
 Status -3.13399999999999974E-004           7           9
 We found enough events        6721   4608.0001640185928     
>>>>>>> 911b5ec345c81b054214c521136984e9d6306827

ls status:
events.lhe
ftn25
ftn26
input_sg.txt
moffset.dat
results.dat
run_01_ftn26.gz
run_01_log.txt
run_01_results.dat
run_02_ftn26.gz
run_02_log.txt
run_02_results.dat
run_03_ftn26.gz
run_03_log.txt
run_03_results.dat
run_04_ftn26.gz
run_04_log.txt
run_04_results.dat
<<<<<<< HEAD
run_05_ftn26.gz
run_05_log.txt
run_05_results.dat
run_06_ftn26.gz
run_06_log.txt
run_06_results.dat
run_08_ftn26.gz
run_08_log.txt
run_08_results.dat
run_09_ftn26.gz
run_09_log.txt
run_09_results.dat
run_10_ftn26.gz
run_10_log.txt
run_10_results.dat
=======
>>>>>>> 911b5ec345c81b054214c521136984e9d6306827
run1_app.log
