 Process in group number            0
 No PDF is used, alpha_s(MZ) from param_card is used
 Value of alpha_s from param_card:   0.11800000071525575     
 The default order of alpha_s running is fixed to            2
 *****************************************************
 *               MadGraph/MadEvent                   *
 *        --------------------------------           *
 *          http://madgraph.hep.uiuc.edu             *
 *          http://madgraph.phys.ucl.ac.be           *
 *          http://madgraph.roma2.infn.it            *
 *        --------------------------------           *
 *                                                   *
 *          PARAMETER AND COUPLING VALUES            *
 *                                                   *
 *****************************************************

  External Params
  ---------------------------------
  
 aEWM1 =    132.50700378417969     
 mdl_Gf =   1.16639000000000003E-005
 aS =   0.11800000071525575     
 mdl_ymb =    4.6999998092651367     
 mdl_ymt =    173.00000000000000     
 mdl_yme =   5.10999991092830896E-004
 mdl_ymm =   0.10565999895334244     
 mdl_ymtau =    1.7769999504089355     
 mdl_MZ =    91.188003540039063     
 mdl_MT =    173.00000000000000     
 mdl_MB =    4.6999998092651367     
 mdl_MH =    125.00000000000000     
 mdl_Me =   5.10999991092830896E-004
 mdl_MM =   0.10565999895334244     
 mdl_MTA =    1.7769999504089355     
 mdl_WZ =    2.4414041042327881     
 mdl_WW =    2.0476000308990479     
 mdl_WT =    1.4915000200271606     
 mdl_WH =   6.38233916833996773E-003
 mdl_WTau =   2.26999999999999982E-012
  Internal Params
  ---------------------------------
  
 mdl_conjg__CKM3x3 =    1.0000000000000000     
 mdl_CKM3x3 =    1.0000000000000000     
 mdl_conjg__CKM1x1 =    1.0000000000000000     
 mdl_complexi =  (  0.0000000000000000     ,  1.0000000000000000     )
 mdl_MZ__exp__2 =    8315.2519896181766     
 mdl_MZ__exp__4 =    69143415.650849044     
 mdl_sqrt__2 =    1.4142135623730951     
 mdl_MH__exp__2 =    15625.000000000000     
 mdl_aEW =   7.54677089845565054E-003
 mdl_MW =    80.419007276179556     
 mdl_sqrt__aEW =   8.68721526063194194E-002
 mdl_ee =   0.30795376284704501     
 mdl_MW__exp__2 =    6467.2167312862202     
 mdl_sw2 =   0.22224645274001076     
 mdl_cw =   0.88190336616887299     
 mdl_sqrt__sw2 =   0.47143022043565552     
 mdl_sw =   0.47143022043565552     
 mdl_g1 =   0.34919218438279087     
 mdl_gw =   0.65323296958447097     
 mdl_vev =    246.21845810181631     
 mdl_vev__exp__2 =    60623.529110035874     
 mdl_lam =   0.12886910601690271     
 mdl_yb =   2.69955531549349904E-002
 mdl_ye =   2.93504850670934038E-006
 mdl_ym =   6.06883028478528356E-004
 mdl_yt =   0.99366614581500645     
 mdl_ytau =   1.02066167158167895E-002
 mdl_muH =    88.388347648318444     
 mdl_I1x33 =  ( 2.69955531549349904E-002,  0.0000000000000000     )
 mdl_I2x33 =  ( 0.99366614581500645     ,  0.0000000000000000     )
 mdl_I3x33 =  ( 0.99366614581500645     ,  0.0000000000000000     )
 mdl_I4x33 =  ( 2.69955531549349904E-002,  0.0000000000000000     )
 mdl_ee__exp__2 =   9.48355200516540348E-002
 mdl_sw__exp__2 =   0.22224645274001076     
 mdl_cw__exp__2 =   0.77775354725998924     
  Internal Params evaluated point by point
  ----------------------------------------
  
 mdl_sqrt__aS =   0.34351128178744839     
 mdl_G__exp__2 =    1.4828317414825511     
  Couplings of sm-lepton_masses
  ---------------------------------
  
         GC_3 =  -0.00000E+00  -0.30795E+00
        GC_50 =  -0.00000E+00  -0.28804E+00
        GC_59 =   0.00000E+00   0.82310E-01
        GC_89 =  -0.00000E+00  -0.20754E-05

 Collider parameters:
 --------------------

<<<<<<< HEAD
 Running at e e   machine @   7.14879999999999960E-002  GeV
=======
 Running at e e   machine @   7.00000000000000067E-002  GeV
>>>>>>> 911b5ec345c81b054214c521136984e9d6306827
 PDF set = none   
 alpha_s(Mz)= 0.1180 running at 2 loops.
 alpha_s(Mz)= 0.1180 running at 2 loops.
 Renormalization scale fixed @    91.188000000000002     
 Factorization scales  fixed @    91.188000000000002        91.188000000000002     


 getting user params
Enter number of events and max and min iterations: 
<<<<<<< HEAD
 Number of events and iterations         2000           9           3
Enter desired fractional accuracy: 
 Desired fractional accuracy:  -1.94430000000000017E-006
=======
 Number of events and iterations         1000           9           3
Enter desired fractional accuracy: 
 Desired fractional accuracy:  -4.17719999999999991E-053
>>>>>>> 911b5ec345c81b054214c521136984e9d6306827
Enter 0 for fixed, 2 for adjustable grid: 
Suppress amplitude (0 no, 1 yes)? 
 Using suppressed amplitude.
Exact helicity sum (0 yes, n = number/event)? 
 Explicitly summing over helicities
Enter Configuration Number: 
Running Configuration Number:    4
 Not subdividing B.W.
 Attempting mappinvarients           1           4
 Completed mapping           4
<<<<<<< HEAD
 about to integrate            2        2000           9           3           2           1
 Using non-zero grid deformation.
  2 dimensions   2000 events  2 invarients  9 iterations  1 config(s),  (0.99)
 Using h-tuple random number sequence.
 Error opening grid
 Using Uniform Grid!
 Using uniform alpha   1.0000000000000000     
 Grid defined OK
 Set CM energy to          0.07
 Mapping Graph           4  to config           4
Setting grid   1    0.19567E-01   1
=======
 about to integrate            2        1000           9           3           2           1
 Keeping grid fixed.
  2 dimensions   1000 events  2 invarients  9 iterations  1 config(s),  (0.99)
 Using h-tuple random number sequence.
 Grid read from file
 Grid defined OK
 Set CM energy to          0.07
 Mapping Graph           4  to config           4
 No modification is setgrid, grid read from file
>>>>>>> 911b5ec345c81b054214c521136984e9d6306827
 Masses: 0.511E-03 0.511E-03 0.511E-03 0.511E-03
   4   1   2
 Got moffset           6
Using random seed offsets     4 :      1
<<<<<<< HEAD
  with seed                   63
 Ranmar initialization seeds       18441       28381
=======
  with seed                   30
 Ranmar initialization seeds        8295       28347
>>>>>>> 911b5ec345c81b054214c521136984e9d6306827
  Particle       3       4
      Et >     0.0     0.0
       E >     0.0     0.0
     Eta <    -1.0    -1.0
   xqcut:      0.0     0.0
d R # 3  >    -0.0     0.4
s min # 3>     0.0     0.0
xqcutij # 3>     0.0     0.0
 alpha_s for scale    91.188000000000002       is   0.11800000071525575     
<<<<<<< HEAD
 Added good helicity            1   6.1147050671786678       in event            1
 Added good helicity            2  1.40578217829744986E-005  in event            1
 Added good helicity            3  1.40578247263781439E-005  in event            1
 Added good helicity            5  1.40578217829744834E-005  in event            1
 Added good helicity            6   1.8583627831065501       in event            1
 Added good helicity            7  2.68757819800048980E-002  in event            1
 Added good helicity            8  1.40578217829744681E-005  in event            1
 Added good helicity            9  1.40578247263781439E-005  in event            1
 Added good helicity           10  2.68757819800048911E-002  in event            1
 Added good helicity           11   1.8583630373100055       in event            1
 Added good helicity           12  1.40578247263781558E-005  in event            1
 Added good helicity           14  1.40578217829744749E-005  in event            1
 Added good helicity           15  1.40578247263781659E-005  in event            1
 Added good helicity           16   6.1147050671786669       in event            1
 Iteration  1   Mean: 0.2335E+10 Abs mean: 0.2335E+10   Fluctuation:  0.631E+08   0.102E+11    89.7%
  1    0.2335E+10 0.2335E+10 +- 0.6310E+08      1.21
 Writing out events   144551.33244704944        1.2086685426817332     
=======
 Added good helicity            1   4.0000000000010374       in event            1
 Added good helicity            6   3.9999999999989631       in event            1
 Added good helicity           11   3.9999999999989631       in event            1
 Added good helicity           16   4.0000000000010374       in event            1
 Iteration  1   Mean: 0.3285E+53 Abs mean: 0.3285E+53   Fluctuation:  0.296E+53   0.296E+56   100.0%
  1    0.3285E+53 0.3285E+53 +- 0.2964E+53     28.53
 Writing out events  3.64996081178130554E+048   28.529515651465129     
 Relative summed weights:
  0.1000E+01  0.0000E+00
 Relative number of events:
  0.1000E+01  0.0000E+00
 Events:
        1000           0
 Iteration  2   Mean: 0.1109E+54 Abs mean: 0.1109E+54   Fluctuation:  0.680E+53   0.119E+57   100.0%
  2    0.1109E+54 0.1109E+54 +- 0.6799E+53     27.42
>>>>>>> 911b5ec345c81b054214c521136984e9d6306827
 Relative summed weights:
  0.1000E+01  0.0000E+00
 Relative number of events:
  0.1000E+01  0.0000E+00
 Events:
        2000           0
<<<<<<< HEAD
Warning xbin not returning correct x   1  0.985224E+00  0.999969E+00  0.2132E-02
 Iteration  2   Mean: 0.2353E+10 Abs mean: 0.2353E+10   Fluctuation:  0.257E+08   0.717E+10    98.7%
  2    0.2353E+10 0.2353E+10 +- 0.2574E+08      0.69
=======
 Iteration  3   Mean: 0.5345E+56 Abs mean: 0.5345E+56   Fluctuation:  0.534E+56   0.214E+60   100.0%
  3    0.5345E+56 0.5345E+56 +- 0.5343E+56     63.22
>>>>>>> 911b5ec345c81b054214c521136984e9d6306827
 Relative summed weights:
  0.1000E+01  0.0000E+00
 Relative number of events:
  0.1000E+01  0.0000E+00
 Events:
        4000           0
<<<<<<< HEAD
Warning xbin not returning correct x   1  0.986958E+00  0.999991E+00  0.7194E-03
Warning xbin not returning correct x   1  0.990900E+00  0.999994E+00  0.7194E-03
 Iteration  3   Mean: 0.2367E+10 Abs mean: 0.2367E+10   Fluctuation:  0.127E+08   0.942E+10    99.5%
  3    0.2367E+10 0.2367E+10 +- 0.1271E+08      0.48
=======
 Found           16  events.
 Wrote            1  events.
 Actual xsec   1.10095062221676099E+055
 Correct abs xsec   1.10095062221676099E+055
 Event xsec   1.10095062221676112E+055
 Events wgts > 1:            0
 % Cross section > 1:    0.0000000000000000        0.0000000000000000     
 Checking number of events   459.88909391238536                1  chi2:    81437.390409088184     
 Found           16  events.
 Wrote            1  events.
 Actual xsec   1.10095062221676099E+055
 Correct abs xsec   1.10095062221676099E+055
 Event xsec   1.10095062221676112E+055
 Events wgts > 1:            0
 % Cross section > 1:    0.0000000000000000        0.0000000000000000     
 Iteration  4   Mean: 0.1106E+57 Abs mean: 0.1106E+57   Fluctuation:  0.784E+56   0.591E+60   100.0%
  4    0.1106E+57 0.1106E+57 +- 0.7838E+56     63.39
>>>>>>> 911b5ec345c81b054214c521136984e9d6306827
 Relative summed weights:
  0.1000E+01  0.0000E+00
 Relative number of events:
  0.1000E+01  0.0000E+00
 Events:
        8000           0
<<<<<<< HEAD
 Found          814  events.
 Wrote          809  events.
 Actual xsec    2363610690.3343024     
 Correct abs xsec    2363610690.3343024     
 Event xsec    2363610690.3343501     
 Events wgts > 1:            0
 % Cross section > 1:    0.0000000000000000        0.0000000000000000     
 Checking number of events   4595.5682652169844              809  chi2:   0.22953096525799799     
 Found          814  events.
 Wrote          809  events.
 Actual xsec    2363610690.3343024     
 Correct abs xsec    2363610690.3343024     
 Event xsec    2363610690.3343501     
 Events wgts > 1:            0
 % Cross section > 1:    0.0000000000000000        0.0000000000000000     
Warning xbin not returning correct x   1  0.988034E+00  0.999996E+00  0.3139E-03
 Iteration  4   Mean: 0.2369E+10 Abs mean: 0.2369E+10   Fluctuation:  0.587E+07   0.418E+10    99.5%
  4    0.2369E+10 0.2369E+10 +- 0.5871E+07      0.31
=======
 Found           11  events.
 Wrote            3  events.
 Actual xsec   4.84779176068169171E+055
 Correct abs xsec   4.84779176068169171E+055
 Event xsec   4.84779176068169117E+055
 Events wgts > 1:            1
 % Cross section > 1:   5.70032281253644117E+048  1.17585966847199490E-005
 Checking number of events   2025.0195742719561                3  chi2:    253026.20617380366     
 Found           11  events.
 Wrote            1  events.
 Actual xsec   4.84779176068169171E+055
 Correct abs xsec   4.84779176068169171E+055
 Event xsec   4.84779176068169171E+055
 Events wgts > 1:            1
 % Cross section > 1:   1.71009644168328760E+049  3.52757817601227861E-005
 Error in matrix element
 Iteration  5   Mean: 0.8999E+56 Abs mean: 0.8999E+56   Fluctuation:  0.689E+56   0.109E+61   100.0%
  5    0.8999E+56 0.8999E+56 +- 0.6891E+56     96.86
 Relative summed weights:
  0.1000E+01  0.0000E+00
 Relative number of events:
  0.1000E+01  0.0000E+00
 Events:
       16000           0
 Found           14  events.
 Wrote            1  events.
 Actual xsec   9.09409876940759287E+055
 Correct abs xsec   9.09409876940759287E+055
 Event xsec   9.09409876940759287E+055
 Events wgts > 1:            0
 % Cross section > 1:    0.0000000000000000        0.0000000000000000     
 Checking number of events   3798.7869379569397                1  chi2:   0.27761487170968130     
 Found           14  events.
 Wrote            1  events.
 Actual xsec   9.09409876940759287E+055
 Correct abs xsec   9.09409876940759287E+055
 Event xsec   9.09409876940759287E+055
 Events wgts > 1:            0
 % Cross section > 1:    0.0000000000000000        0.0000000000000000     
 Error in matrix element
 Error in matrix element
 Iteration  6   Mean: 0.6329E+56 Abs mean: 0.6329E+56   Fluctuation:  0.457E+56   0.144E+61   100.0%
  6    0.6329E+56 0.6329E+56 +- 0.4567E+56    129.09
 Relative summed weights:
  0.1000E+01  0.0000E+00
 Relative number of events:
  0.1000E+01  0.0000E+00
 Events:
       32000           0
 Found           28  events.
 Wrote            2  events.
 Actual xsec   8.81677033338251772E+055
 Correct abs xsec   8.81677033338251772E+055
 Event xsec   8.81677033338251881E+055
 Events wgts > 1:            0
 % Cross section > 1:    0.0000000000000000        0.0000000000000000     
 Checking number of events   3682.9413036605451                2  chi2:   0.18957227643524613     
 Found           28  events.
 Wrote            1  events.
 Actual xsec   8.81677033338251772E+055
 Correct abs xsec   8.81677033338251772E+055
 Event xsec   8.81677033338251881E+055
 Events wgts > 1:            0
 % Cross section > 1:    0.0000000000000000        0.0000000000000000     
 Error in matrix element
 Error in matrix element
 Error in matrix element
 Error in matrix element
 Error in matrix element
 Error in matrix element
 Error in matrix element
 Error in matrix element
 Error in matrix element
 Iteration  7   Mean: 0.4003E+56 Abs mean: 0.4003E+56   Fluctuation:  0.201E+56   0.980E+60   100.0%
  7    0.4003E+56 0.4003E+56 +- 0.2011E+56    127.07
 Relative summed weights:
  0.1000E+01  0.0000E+00
 Relative number of events:
  0.1000E+01  0.0000E+00
 Events:
       64000           0
 Found           46  events.
 Wrote            2  events.
 Actual xsec   5.71420799606220840E+055
 Correct abs xsec   5.71420799606220840E+055
 Event xsec   5.71420799606220840E+055
 Events wgts > 1:            1
 % Cross section > 1:   1.97498831157801123E+048  3.45627655300440734E-006
 Checking number of events   2386.9389641151056                2  chi2:   0.48499967489289109     
 Found           46  events.
 Wrote            3  events.
 Actual xsec   5.71420799606220840E+055
 Correct abs xsec   5.71420799606220840E+055
 Event xsec   5.71420799606220949E+055
 Events wgts > 1:            1
 % Cross section > 1:   1.31665889071889443E+048  2.30418439725371214E-006
 Error in matrix element
 Error in matrix element
 Error in matrix element
 Error in matrix element
 Error in matrix element
 Error in matrix element
 Error in matrix element
 Error in matrix element
 Iteration  8   Mean: 0.9843E+56 Abs mean: 0.9843E+56   Fluctuation:  0.282E+56   0.154E+61   100.0%
  8    0.9843E+56 0.9843E+56 +- 0.2819E+56    102.46
 Relative summed weights:
  0.1000E+01  0.0000E+00
 Relative number of events:
  0.1000E+01  0.0000E+00
 Events:
      128000           0
 Found           94  events.
 Wrote            7  events.
 Actual xsec   8.18923171075856835E+055
 Correct abs xsec   8.18923171075856835E+055
 Event xsec   8.18923171075856726E+055
 Events wgts > 1:            1
 % Cross section > 1:   1.01871995316963498E+054   1.2439750017468625     
 Checking number of events   3420.8058702180692                7  chi2:    2.4229563679096517     
 Found           94  events.
 Wrote            8  events.
 Actual xsec   8.18923171075856835E+055
 Correct abs xsec   8.18923171075856835E+055
 Event xsec   8.18923171075856617E+055
 Events wgts > 1:            1
 % Cross section > 1:   8.92768185655067652E+053   1.0901733119630714     
 Error in matrix element
 Error in matrix element
 Error in matrix element
 Error in matrix element
 Error in matrix element
 Error in matrix element
 Error in matrix element
 Error in matrix element
 Error in matrix element
 Error in matrix element
 Error in matrix element
 Error in matrix element
 Error in matrix element
 Error in matrix element
 Error in matrix element
 Error in matrix element
 Error in matrix element
 Error in matrix element
 Iteration  9   Mean: 0.1047E+57 Abs mean: 0.1047E+57   Fluctuation:  0.211E+56   0.154E+61   100.0%
  9    0.1047E+57 0.1047E+57 +- 0.2108E+56    101.89
 Relative summed weights:
  0.1000E+01  0.0000E+00
 Relative number of events:
  0.1000E+01  0.0000E+00
 Events:
      256000           0
 Found          151  events.
 Wrote           19  events.
 Actual xsec   9.65437282235728809E+055
 Correct abs xsec   9.65437282235728809E+055
 Event xsec   9.65437282235729027E+055
 Events wgts > 1:            3
 % Cross section > 1:   3.02339915430783027E+053  0.31316370415138084     
 Checking number of events   4032.8246153550863               19  chi2:    4.0278552558589551     
 Found          151  events.
 Wrote           17  events.
 Actual xsec   9.65437282235728809E+055
 Correct abs xsec   9.65437282235728809E+055
 Event xsec   9.65437282235729245E+055
 Events wgts > 1:            3
 % Cross section > 1:   3.37784867880956232E+053  0.34987758821445625     

 -------------------------------------------------------------------------------
 Accumulated results:   Integral =   +Infinity
                        Std dev  =   +Infinity
                       Cross sec =   +Infinity
             Chi**2 per DoF.     =      0.8290
 -------------------------------------------------------------------------------
-------------------------------------------------
---------------------------
 Results Last   3 iters: Integral =   0.9654E+56
                     Abs integral =   0.9654E+56
                          Std dev =   0.1511E+56
                  Chi**2 per DoF. =      4.0279
-------------------------------------------------
---------------------------
 Status -4.17719999999999991E-053          10           9
 Trying w/ fresh grid
 Starting w/ ncall =         4000
 Keeping grid fixed.
  2 dimensions   4000 events  2 invarients  8 iterations  1 config(s),  (0.99)
 Using h-tuple random number sequence.
 Error opening grid
 Using Uniform Grid!
 Using uniform alpha   1.0000000000000000     
 Grid defined OK
Setting grid   1    0.53290E-04   1
 Iteration  1   Mean: 0.4204E+29 Abs mean: 0.4204E+29   Fluctuation:  0.416E+29   0.167E+33   100.0%
  1    0.4204E+29 0.4204E+29 +- 0.4165E+29     62.65
 Relative summed weights:
  0.1000E+01  0.0000E+00
 Relative number of events:
  0.1000E+01  0.0000E+00
 Events:
        4000           0
 Iteration  2   Mean: 0.9881E+32 Abs mean: 0.9881E+32   Fluctuation:  0.866E+32   0.691E+36   100.0%
  2    0.9881E+32 0.9881E+32 +- 0.8657E+32     78.37
 Relative summed weights:
  0.1000E+01  0.0000E+00
 Relative number of events:
  0.1000E+01  0.0000E+00
 Events:
        8000           0
 Iteration  3   Mean: 0.8004E+37 Abs mean: 0.8004E+37   Fluctuation:  0.529E+37   0.796E+41   100.0%
  3    0.8004E+37 0.8004E+37 +- 0.5294E+37     83.66
>>>>>>> 911b5ec345c81b054214c521136984e9d6306827
 Relative summed weights:
  0.1000E+01  0.0000E+00
 Relative number of events:
  0.1000E+01  0.0000E+00
 Events:
       16000           0
<<<<<<< HEAD
 Found         1578  events.
 Wrote         1574  events.
 Actual xsec    2367779761.6744924     
 Correct abs xsec    2367779761.6744924     
 Event xsec    2367779761.6744499     
 Events wgts > 1:            0
 % Cross section > 1:    0.0000000000000000        0.0000000000000000     
 Checking number of events   4603.6741906237157             1574  chi2:   0.17276900816664123     
 Found         1578  events.
 Wrote         1574  events.
 Actual xsec    2367779761.6744924     
 Correct abs xsec    2367779761.6744924     
 Event xsec    2367779761.6744499     
 Events wgts > 1:            0
 % Cross section > 1:    0.0000000000000000        0.0000000000000000     
Warning xbin not returning correct x   1  0.993116E+00  0.999999E+00  0.2021E-03
Warning xbin not returning correct x   1  0.990811E+00  0.999998E+00  0.2021E-03
Warning xbin not returning correct x   1  0.984275E+00  0.999997E+00  0.2021E-03
Warning xbin not returning correct x   1  0.989185E+00  0.999998E+00  0.2021E-03
Warning xbin not returning correct x   1  0.985787E+00  0.999997E+00  0.2021E-03
Warning xbin still not working well. Last message this iteration.
 Iteration  5   Mean: 0.2356E+10 Abs mean: 0.2356E+10   Fluctuation:  0.296E+07   0.305E+10    99.5%
  5    0.2356E+10 0.2356E+10 +- 0.2957E+07      0.22
=======
 Found          251  events.
 Wrote            1  events.
 Actual xsec   3.97104513663173645E+036
 Correct abs xsec   3.97104513663173645E+036
 Event xsec   3.97104513663173586E+036
 Events wgts > 1:            0
 % Cross section > 1:    0.0000000000000000        0.0000000000000000     
 Checking number of events  1.65878497447380902E-016           1  chi2:    4546030298463105.0     
 Found          251  events.
 Wrote            2  events.
 Actual xsec   3.97104513663173645E+036
 Correct abs xsec   3.97104513663173645E+036
 Event xsec   3.97104513663173586E+036
 Events wgts > 1:            0
 % Cross section > 1:    0.0000000000000000        0.0000000000000000     
 Iteration  4   Mean: 0.1047E+42 Abs mean: 0.1047E+42   Fluctuation:  0.649E+41   0.167E+46   100.0%
  4    0.1047E+42 0.1047E+42 +- 0.6486E+41    110.82
>>>>>>> 911b5ec345c81b054214c521136984e9d6306827
 Relative summed weights:
  0.1000E+01  0.0000E+00
 Relative number of events:
  0.1000E+01  0.0000E+00
 Events:
       32000           0
<<<<<<< HEAD
 Found         3172  events.
 Wrote         3167  events.
 Actual xsec    2358950767.9275422     
 Correct abs xsec    2358950767.9275422     
 Event xsec    2358950767.9274721     
 Events wgts > 1:            0
 % Cross section > 1:    0.0000000000000000        0.0000000000000000     
 Checking number of events   4586.5079780815204             3167  chi2:    2.0693213564443491     
 Found         3172  events.
 Wrote         3167  events.
 Actual xsec    2358950767.9275422     
 Correct abs xsec    2358950767.9275422     
 Event xsec    2358950767.9274721     
 Events wgts > 1:            0
 % Cross section > 1:    0.0000000000000000        0.0000000000000000     
Warning xbin not returning correct x   1  0.987562E+00  0.999998E+00  0.1730E-03
Warning xbin not returning correct x   1  0.997915E+00  0.100000E+01  0.1730E-03
Warning xbin not returning correct x   1  0.988683E+00  0.999998E+00  0.1730E-03
Warning xbin not returning correct x   1  0.995848E+00  0.999999E+00  0.1730E-03
Warning xbin not returning correct x   1  0.986610E+00  0.999998E+00  0.1730E-03
Warning xbin still not working well. Last message this iteration.
 Iteration  6   Mean: 0.2356E+10 Abs mean: 0.2356E+10   Fluctuation:  0.154E+07   0.285E+10    99.7%
  6    0.2356E+10 0.2356E+10 +- 0.1543E+07      0.17
=======
 Found          252  events.
 Wrote            2  events.
 Actual xsec   4.40405955513266066E+040
 Correct abs xsec   4.40405955513266066E+040
 Event xsec   4.40405955513266066E+040
 Events wgts > 1:            0
 % Cross section > 1:    0.0000000000000000        0.0000000000000000     
 Checking number of events  1.83966375737001487E-012           2  chi2:   1.29399530730523808E+017
 Found          252  events.
 Wrote            2  events.
 Actual xsec   4.40405955513266066E+040
 Correct abs xsec   4.40405955513266066E+040
 Event xsec   4.40405955513266066E+040
 Events wgts > 1:            0
 % Cross section > 1:    0.0000000000000000        0.0000000000000000     
 Iteration  5   Mean: 0.5436E+49 Abs mean: 0.5436E+49   Fluctuation:  0.436E+49   0.267E+54   100.0%
  5    0.5436E+49 0.5436E+49 +- 0.4363E+49    203.02
>>>>>>> 911b5ec345c81b054214c521136984e9d6306827
 Relative summed weights:
  0.1000E+01  0.0000E+00
 Relative number of events:
  0.1000E+01  0.0000E+00
 Events:
       64000           0
<<<<<<< HEAD
 Found         6379  events.
 Wrote         6374  events.
 Actual xsec    2356641234.4381475     
 Correct abs xsec    2356641234.4381475     
 Event xsec    2356641234.4383044     
 Events wgts > 1:            0
 % Cross section > 1:    0.0000000000000000        0.0000000000000000     
 Checking number of events   4582.0175521180909             6374  chi2:    2.2035340460892798     

 -------------------------------------------------------------------------------
 Accumulated results:   Integral =  0.2357E+10
                        Std dev  =  0.1323E+07
                       Cross sec =  0.1058E+01
             Chi**2 per DoF.     =
-------------------------------------------------
---------------------------
 Results Last   3 iters: Integral =   0.2357E+10
                     Abs integral =   0.2357E+10
                          Std dev =   0.1333E+07
                  Chi**2 per DoF. =      2.2035
-------------------------------------------------
---------------------------
 Status -1.94430000000000017E-006           7           9
 We found enough events        6374   4582.0175521180909     
=======
 Found          483  events.
 Wrote            1  events.
 Actual xsec   1.30984764306968464E+048
 Correct abs xsec   1.30984764306968464E+048
 Event xsec   1.30984764306968464E+048
 Events wgts > 1:            1
 % Cross section > 1:   6.07079467457990292E+040  4.63473344148082200E-006
 Checking number of events  5.47149557463068629E-005           1  chi2:   3.06125587835705497E+022
 Found          483  events.
 Wrote            1  events.
 Actual xsec   1.30984764306968464E+048
 Correct abs xsec   1.30984764306968464E+048
 Event xsec   1.30984764306968464E+048
 Events wgts > 1:            1
 % Cross section > 1:   6.07079467457990292E+040  4.63473344148082200E-006
 Fixing grid
 Iteration  6   Mean: 0.4947E+52 Abs mean: 0.4947E+52   Fluctuation:  0.335E+52   0.395E+57   100.0%
  6    0.4947E+52 0.4947E+52 +- 0.3353E+52    242.50
 Relative summed weights:
  0.1000E+01  0.0000E+00
 Relative number of events:
  0.1000E+01  0.0000E+00
 Events:
      128000           0
 Found           88  events.
 Wrote            1  events.
 Actual xsec   1.70119426373007509E+051
 Correct abs xsec   1.70119426373007509E+051
 Event xsec   1.70119426373007509E+051
 Events wgts > 1:            1
 % Cross section > 1:   1.64055180158968416E+043  9.64353005748194285E-007
 Checking number of events  7.10622867845326911E-002           1  chi2:   3.43973200338621366E+020
 Found           88  events.
 Wrote            1  events.
 Actual xsec   1.70119426373007509E+051
 Correct abs xsec   1.70119426373007509E+051
 Event xsec   1.70119426373007509E+051
 Events wgts > 1:            1
 % Cross section > 1:   1.64055180158968416E+043  9.64353005748194285E-007
 Error in matrix element
 Iteration  7   Mean: 0.1013E+56 Abs mean: 0.1013E+56   Fluctuation:  0.101E+56   0.259E+61   100.0%
  7    0.1013E+56 0.1013E+56 +- 0.1012E+56    505.58
 Relative summed weights:
  0.1000E+01  0.0000E+00
 Relative number of events:
  0.1000E+01  0.0000E+00
 Events:
      256000           0
 Found           49  events.
 Wrote            1  events.
 Actual xsec   2.14658204663559667E+054
 Correct abs xsec   2.14658204663559667E+054
 Event xsec   2.14658204663559667E+054
 Events wgts > 1:            1
 % Cross section > 1:   2.12280200092365092E+046  9.88921902263546263E-007
 Checking number of events   89.667025252062146                1  chi2:    121050115875.09073     
 Found           49  events.
 Wrote            1  events.
 Actual xsec   2.14658204663559667E+054
 Correct abs xsec   2.14658204663559667E+054
 Event xsec   2.14658204663559667E+054
 Events wgts > 1:            1
 % Cross section > 1:   2.12280200092365092E+046  9.88921902263546263E-007
 Iteration  8   Mean: 0.1922E+56 Abs mean: 0.1922E+56   Fluctuation:  0.185E+56   0.945E+61   100.0%
  8    0.1922E+56 0.1922E+56 +- 0.1846E+56    687.04
 Relative summed weights:
  0.1000E+01  0.0000E+00
 Relative number of events:
  0.1000E+01  0.0000E+00
 Events:
      512000           0
 Found           21  events.
 Wrote            1  events.
 Actual xsec   9.76867370518158584E+055
 Correct abs xsec   9.76867370518158584E+055
 Event xsec   9.76867370518158475E+055
 Events wgts > 1:            0
 % Cross section > 1:    0.0000000000000000        0.0000000000000000     
 Checking number of events   303.82058359451037                1  chi2:    2349190.5328296428     
 Found           21  events.
 Wrote            1  events.
 Actual xsec   9.76867370518158584E+055
 Correct abs xsec   9.76867370518158584E+055
 Event xsec   9.76867370518158475E+055
 Events wgts > 1:            0
 % Cross section > 1:    0.0000000000000000        0.0000000000000000     

 -------------------------------------------------------------------------------
 Accumulated results:   Integral =   +Infinity
                        Std dev  =   +Infinity
                       Cross sec =   +Infinity
             Chi**2 per DoF.     =     10.8412
 -------------------------------------------------------------------------------
-------------------------------------------------
---------------------------
 Results Last   3 iters: Integral =   0.7273E+55
                     Abs integral =   0.7273E+55
                         Std dev =   0.3523E+55
                 Chi**2 per DoF. =2349190.5328
-------------------------------------------------
---------------------------
>>>>>>> 911b5ec345c81b054214c521136984e9d6306827

ls status:
events.lhe
ftn25
ftn26
input_sg.txt
<<<<<<< HEAD
moffset.dat
results.dat
run_01_ftn26.gz
run_01_log.txt
run_01_results.dat
run_02_ftn26.gz
run_02_log.txt
run_02_results.dat
run_03_ftn26.gz
run_03_log.txt
run_03_results.dat
run_04_ftn26.gz
run_04_log.txt
run_04_results.dat
=======
log.txt
moffset.dat
results.dat
>>>>>>> 911b5ec345c81b054214c521136984e9d6306827
run1_app.log
