 Process in group number            0
 No PDF is used, alpha_s(MZ) from param_card is used
 Value of alpha_s from param_card:   0.11800000071525575     
 The default order of alpha_s running is fixed to            2
 *****************************************************
 *               MadGraph/MadEvent                   *
 *        --------------------------------           *
 *          http://madgraph.hep.uiuc.edu             *
 *          http://madgraph.phys.ucl.ac.be           *
 *          http://madgraph.roma2.infn.it            *
 *        --------------------------------           *
 *                                                   *
 *          PARAMETER AND COUPLING VALUES            *
 *                                                   *
 *****************************************************

  External Params
  ---------------------------------
  
 aEWM1 =    132.50700378417969     
 mdl_Gf =   1.16639000000000003E-005
 aS =   0.11800000071525575     
 mdl_ymb =    4.6999998092651367     
 mdl_ymt =    173.00000000000000     
 mdl_yme =   5.10999991092830896E-004
 mdl_ymm =   0.10565999895334244     
 mdl_ymtau =    1.7769999504089355     
 mdl_MZ =    91.188003540039063     
 mdl_MT =    173.00000000000000     
 mdl_MB =    4.6999998092651367     
 mdl_MH =    125.00000000000000     
 mdl_Me =   5.10999991092830896E-004
 mdl_MM =   0.10565999895334244     
 mdl_MTA =    1.7769999504089355     
 mdl_WZ =    2.4414041042327881     
 mdl_WW =    2.0476000308990479     
 mdl_WT =    1.4915000200271606     
 mdl_WH =   6.38233916833996773E-003
 mdl_WTau =   2.26999999999999982E-012
  Internal Params
  ---------------------------------
  
 mdl_conjg__CKM3x3 =    1.0000000000000000     
 mdl_CKM3x3 =    1.0000000000000000     
 mdl_conjg__CKM1x1 =    1.0000000000000000     
 mdl_complexi =  (  0.0000000000000000     ,  1.0000000000000000     )
 mdl_MZ__exp__2 =    8315.2519896181766     
 mdl_MZ__exp__4 =    69143415.650849044     
 mdl_sqrt__2 =    1.4142135623730951     
 mdl_MH__exp__2 =    15625.000000000000     
 mdl_aEW =   7.54677089845565054E-003
 mdl_MW =    80.419007276179556     
 mdl_sqrt__aEW =   8.68721526063194194E-002
 mdl_ee =   0.30795376284704501     
 mdl_MW__exp__2 =    6467.2167312862202     
 mdl_sw2 =   0.22224645274001076     
 mdl_cw =   0.88190336616887299     
 mdl_sqrt__sw2 =   0.47143022043565552     
 mdl_sw =   0.47143022043565552     
 mdl_g1 =   0.34919218438279087     
 mdl_gw =   0.65323296958447097     
 mdl_vev =    246.21845810181631     
 mdl_vev__exp__2 =    60623.529110035874     
 mdl_lam =   0.12886910601690271     
 mdl_yb =   2.69955531549349904E-002
 mdl_ye =   2.93504850670934038E-006
 mdl_ym =   6.06883028478528356E-004
 mdl_yt =   0.99366614581500645     
 mdl_ytau =   1.02066167158167895E-002
 mdl_muH =    88.388347648318444     
 mdl_I1x33 =  ( 2.69955531549349904E-002,  0.0000000000000000     )
 mdl_I2x33 =  ( 0.99366614581500645     ,  0.0000000000000000     )
 mdl_I3x33 =  ( 0.99366614581500645     ,  0.0000000000000000     )
 mdl_I4x33 =  ( 2.69955531549349904E-002,  0.0000000000000000     )
 mdl_ee__exp__2 =   9.48355200516540348E-002
 mdl_sw__exp__2 =   0.22224645274001076     
 mdl_cw__exp__2 =   0.77775354725998924     
  Internal Params evaluated point by point
  ----------------------------------------
  
 mdl_sqrt__aS =   0.34351128178744839     
 mdl_G__exp__2 =    1.4828317414825511     
  Couplings of sm-lepton_masses
  ---------------------------------
  
         GC_3 =  -0.00000E+00  -0.30795E+00

 Collider parameters:
 --------------------

<<<<<<< HEAD
 Running at e e   machine @   7.14879999999999960E-002  GeV
=======
 Running at e e   machine @   7.00000000000000067E-002  GeV
>>>>>>> 911b5ec345c81b054214c521136984e9d6306827
 PDF set = none   
 alpha_s(Mz)= 0.1180 running at 2 loops.
 alpha_s(Mz)= 0.1180 running at 2 loops.
 Renormalization scale fixed @    91.188000000000002     
 Factorization scales  fixed @    91.188000000000002        91.188000000000002     


 getting user params
Enter number of events and max and min iterations: 
 Number of events and iterations         2000           9           3
Enter desired fractional accuracy: 
<<<<<<< HEAD
 Desired fractional accuracy:  -3.19030000000000027E-005
=======
 Desired fractional accuracy:  -3.13399999999999974E-004
>>>>>>> 911b5ec345c81b054214c521136984e9d6306827
Enter 0 for fixed, 2 for adjustable grid: 
Suppress amplitude (0 no, 1 yes)? 
 Using suppressed amplitude.
Exact helicity sum (0 yes, n = number/event)? 
 Explicitly summing over helicities
Enter Configuration Number: 
Running Configuration Number:    1
 Not subdividing B.W.
 Attempting mappinvarients           1           4
 Completed mapping           4
 about to integrate            2        2000           9           3           2           1
 Using non-zero grid deformation.
  2 dimensions   2000 events  2 invarients  9 iterations  1 config(s),  (0.99)
 Using h-tuple random number sequence.
 Error opening grid
 Using Uniform Grid!
 Using uniform alpha   1.0000000000000000     
 Grid defined OK
 Set CM energy to          0.07
 Mapping Graph           1  to config           1
<<<<<<< HEAD
Setting grid   1    0.17611E-02   1
=======
Setting grid   1    0.38601E-01   1
>>>>>>> 911b5ec345c81b054214c521136984e9d6306827
 Masses: 0.511E-03 0.511E-03 0.000E+00 0.000E+00
   1   1   2
 Got moffset          17
Using random seed offsets     1 :      1
<<<<<<< HEAD
  with seed                  117
 Ranmar initialization seeds       24102        3002
=======
  with seed                   63
 Ranmar initialization seeds       18438        2946
>>>>>>> 911b5ec345c81b054214c521136984e9d6306827
  Particle       3       4
      Et >     0.0     0.0
       E >     0.0     0.0
     Eta <    -1.0    -1.0
   xqcut:      0.0     0.0
d R # 3  >    -0.0     0.0
s min # 3>     0.0     0.0
xqcutij # 3>     0.0     0.0
 alpha_s for scale    91.188000000000002       is   0.11800000071525575     
<<<<<<< HEAD
 Added good helicity            1  3.32281496981006678E-003  in event            1
 Added good helicity            2  6.31833627268374009E-004  in event            1
 Added good helicity            3  6.31833627268373792E-004  in event            1
 Added good helicity            6   6.5323418361223240       in event            1
 Added good helicity            7   1.4630716816446516       in event            1
 Added good helicity           10   1.4630716816446516       in event            1
 Added good helicity           11   6.5323418361223240       in event            1
 Added good helicity           14  6.31833627268373792E-004  in event            1
 Added good helicity           15  6.31833627268374009E-004  in event            1
 Added good helicity           16  3.32281496981006678E-003  in event            1
 Iteration  1   Mean: 0.1418E+09 Abs mean: 0.1418E+09   Fluctuation:  0.170E+07   0.176E+09    89.2%
  1    0.1418E+09 0.1418E+09 +- 0.1705E+07      0.54
 Writing out events   8837.4719622550965       0.53756914911455278     
 Relative summed weights:
  0.4934E+00  0.0000E+00
  0.5066E+00  0.0000E+00
 Relative number of events:
  0.4915E+00  0.0000E+00
  0.5085E+00  0.0000E+00
 Events:
         983           0
        1017           0
 Iteration  2   Mean: 0.1450E+09 Abs mean: 0.1450E+09   Fluctuation:  0.501E+06   0.221E+09    99.4%
  2    0.1450E+09 0.1450E+09 +- 0.5007E+06      0.22
 Relative summed weights:
  0.5184E+00  0.0000E+00
  0.4816E+00  0.0000E+00
 Relative number of events:
  0.5175E+00  0.0000E+00
  0.4825E+00  0.0000E+00
 Events:
        2070           0
        1930           0
 Iteration  3   Mean: 0.1450E+09 Abs mean: 0.1450E+09   Fluctuation:  0.256E+06   0.187E+09    99.7%
  3    0.1450E+09 0.1450E+09 +- 0.2562E+06      0.16
 Relative summed weights:
  0.5080E+00  0.0000E+00
  0.4920E+00  0.0000E+00
 Relative number of events:
  0.5078E+00  0.0000E+00
  0.4923E+00  0.0000E+00
 Events:
        4062           0
        3938           0
 Found          803  events.
 Wrote          798  events.
 Actual xsec    144929231.91311803     
 Correct abs xsec    144929231.91311803     
 Event xsec    144929231.91312024     
 Events wgts > 1:            0
 % Cross section > 1:    0.0000000000000000        0.0000000000000000     
 Checking number of events   4623.6772857242049              798  chi2:    1.6773199107897250     
 Found          803  events.
 Wrote          798  events.
 Actual xsec    144929231.91311803     
 Correct abs xsec    144929231.91311803     
 Event xsec    144929231.91312024     
 Events wgts > 1:            0
 % Cross section > 1:    0.0000000000000000        0.0000000000000000     
 Iteration  4   Mean: 0.1450E+09 Abs mean: 0.1450E+09   Fluctuation:  0.139E+06   0.178E+09    99.8%
  4    0.1450E+09 0.1450E+09 +- 0.1387E+06      0.12
 Relative summed weights:
  0.5024E+00  0.0000E+00
  0.4976E+00  0.0000E+00
 Relative number of events:
  0.5021E+00  0.0000E+00
  0.4979E+00  0.0000E+00
 Events:
        8034           0
        7966           0
 Found         1606  events.
 Wrote         1602  events.
 Actual xsec    145015307.76556709     
 Correct abs xsec    145015307.76556709     
 Event xsec    145015307.76556507     
 Events wgts > 1:            0
 % Cross section > 1:    0.0000000000000000        0.0000000000000000     
 Checking number of events   4626.4233636448871             1602  chi2:   2.43524339288406118E-002
 Found         1606  events.
 Wrote         1602  events.
 Actual xsec    145015307.76556709     
 Correct abs xsec    145015307.76556709     
 Event xsec    145015307.76556507     
 Events wgts > 1:            0
 % Cross section > 1:    0.0000000000000000        0.0000000000000000     
 Iteration  5   Mean: 0.1449E+09 Abs mean: 0.1449E+09   Fluctuation:  0.868E+05   0.178E+09    99.8%
  5    0.1449E+09 0.1449E+09 +- 0.8678E+05      0.11
 Relative summed weights:
  0.5005E+00  0.0000E+00
  0.4995E+00  0.0000E+00
 Relative number of events:
  0.5007E+00  0.0000E+00
  0.4993E+00  0.0000E+00
 Events:
       16021           0
       15979           0
 Found         3204  events.
 Wrote         3199  events.
 Actual xsec    144951262.40371826     
 Correct abs xsec    144951262.40371826     
 Event xsec    144951262.40371779     
 Events wgts > 1:            0
 % Cross section > 1:    0.0000000000000000        0.0000000000000000     
 Checking number of events   4624.3801244658243             3199  chi2:   0.21897230028224721     
 Found         3204  events.
 Wrote         3199  events.
 Actual xsec    144951262.40371826     
 Correct abs xsec    144951262.40371826     
 Event xsec    144951262.40371779     
 Events wgts > 1:            0
 % Cross section > 1:    0.0000000000000000        0.0000000000000000     
 Iteration  6   Mean: 0.1449E+09 Abs mean: 0.1449E+09   Fluctuation:  0.567E+05   0.212E+09    99.8%
  6    0.1449E+09 0.1449E+09 +- 0.5668E+05      0.10
 Relative summed weights:
  0.5018E+00  0.0000E+00
  0.4982E+00  0.0000E+00
 Relative number of events:
  0.5020E+00  0.0000E+00
  0.4980E+00  0.0000E+00
 Events:
       32129           0
       31871           0
 Found         6367  events.
 Wrote         6362  events.
 Actual xsec    144892338.59842271     
 Correct abs xsec    144892338.59842271     
 Event xsec    144892338.59841469     
 Events wgts > 1:            0
 % Cross section > 1:    0.0000000000000000        0.0000000000000000     
 Checking number of events   4622.5002783054797             6362  chi2:   0.70785994113204131     

 -------------------------------------------------------------------------------
 Accumulated results:   Integral =  0.1449E+09
                        Std dev  =  0.4404E+05
                       Cross sec =  0.9322E+00
             Chi**2 per DoF.     =
-------------------------------------------------
---------------------------
 Results Last   3 iters: Integral =   0.1449E+09
                     Abs integral =   0.1449E+09
                          Std dev =   0.4490E+05
                  Chi**2 per DoF. =      0.7079
-------------------------------------------------
---------------------------
 Status -3.19030000000000027E-005           7           9
 We found enough events        6362   4622.5002783054797     
=======
 Added good helicity            1  9.03493682397600931E-003  in event            1
 Added good helicity            2  1.00315704609257311E-004  in event            1
 Added good helicity            3  1.00315704609257284E-004  in event            1
 Added good helicity            6  2.78132930808872060E-002  in event            1
 Added good helicity            7   7.9629511386602543       in event            1
 Added good helicity           10   7.9629511386602543       in event            1
 Added good helicity           11  2.78132930808872060E-002  in event            1
 Added good helicity           14  1.00315704609257284E-004  in event            1
 Added good helicity           15  1.00315704609257311E-004  in event            1
 Added good helicity           16  9.03493682397600931E-003  in event            1
 Iteration  1   Mean: 0.1513E+08 Abs mean: 0.1513E+08   Fluctuation:  0.342E+06   0.164E+08    16.5%
  1    0.1513E+08 0.1513E+08 +- 0.3422E+06      1.01
 Writing out events   5110.8623409089205        1.0112166824551985     
 Relative summed weights:
  0.5115E+00  0.0000E+00
  0.4885E+00  0.0000E+00
 Relative number of events:
  0.5115E+00  0.0000E+00
  0.4885E+00  0.0000E+00
 Events:
        1023           0
         977           0
Warning xbin not returning correct x   1  0.993728E+00  0.999969E+00  0.5090E-02
Warning xbin not returning correct x   1  0.968006E+00  0.999843E+00  0.5090E-02
 Iteration  2   Mean: 0.1460E+08 Abs mean: 0.1460E+08   Fluctuation:  0.167E+06   0.261E+09    79.3%
  2    0.1460E+08 0.1460E+08 +- 0.1674E+06      0.72
 Relative summed weights:
  0.4981E+00  0.0000E+00
  0.5019E+00  0.0000E+00
 Relative number of events:
  0.4988E+00  0.0000E+00
  0.5012E+00  0.0000E+00
 Events:
        1995           0
        2005           0
Warning xbin not returning correct x   1  0.969033E+00  0.999988E+00  0.4050E-03
Warning xbin not returning correct x   1  0.966309E+00  0.999987E+00  0.4050E-03
Warning xbin not returning correct x   1  0.970682E+00  0.999989E+00  0.4050E-03
Warning xbin not returning correct x   1  0.994122E+00  0.999998E+00  0.4050E-03
 Iteration  3   Mean: 0.1467E+08 Abs mean: 0.1467E+08   Fluctuation:  0.641E+05   0.207E+08    92.8%
  3    0.1467E+08 0.1467E+08 +- 0.6411E+05      0.39
 Relative summed weights:
  0.5064E+00  0.0000E+00
  0.4936E+00  0.0000E+00
 Relative number of events:
  0.5062E+00  0.0000E+00
  0.4938E+00  0.0000E+00
 Events:
        4050           0
        3950           0
 Found          856  events.
 Wrote          851  events.
 Actual xsec    14672970.286464691     
 Correct abs xsec    14672970.286464691     
 Event xsec    14672970.286464697     
 Events wgts > 1:            0
 % Cross section > 1:    0.0000000000000000        0.0000000000000000     
 Checking number of events   4598.5088877780336              851  chi2:    1.0010182590694319     
 Found          856  events.
 Wrote          851  events.
 Actual xsec    14672970.286464691     
 Correct abs xsec    14672970.286464691     
 Event xsec    14672970.286464697     
 Events wgts > 1:            0
 % Cross section > 1:    0.0000000000000000        0.0000000000000000     
Warning xbin not returning correct x   1  0.972717E+00  0.999994E+00  0.2194E-03
Warning xbin not returning correct x   1  0.975611E+00  0.999995E+00  0.2194E-03
Warning xbin not returning correct x   1  0.988708E+00  0.999998E+00  0.2194E-03
Warning xbin not returning correct x   1  0.985258E+00  0.999997E+00  0.2194E-03
Warning xbin not returning correct x   1  0.968712E+00  0.999993E+00  0.2194E-03
Warning xbin still not working well. Last message this iteration.
 Iteration  4   Mean: 0.1464E+08 Abs mean: 0.1464E+08   Fluctuation:  0.345E+05   0.220E+08    95.9%
  4    0.1464E+08 0.1464E+08 +- 0.3448E+05      0.30
 Relative summed weights:
  0.5010E+00  0.0000E+00
  0.4990E+00  0.0000E+00
 Relative number of events:
  0.5005E+00  0.0000E+00
  0.4995E+00  0.0000E+00
 Events:
        8008           0
        7992           0
 Found         1670  events.
 Wrote         1665  events.
 Actual xsec    14647770.240427246     
 Correct abs xsec    14647770.240427246     
 Event xsec    14647770.240427678     
 Events wgts > 1:            0
 % Cross section > 1:    0.0000000000000000        0.0000000000000000     
 Checking number of events   4590.6111933498987             1665  chi2:   7.83350576959884748E-002
 Found         1670  events.
 Wrote         1665  events.
 Actual xsec    14647770.240427246     
 Correct abs xsec    14647770.240427246     
 Event xsec    14647770.240427678     
 Events wgts > 1:            0
 % Cross section > 1:    0.0000000000000000        0.0000000000000000     
Warning xbin not returning correct x   1  0.973492E+00  0.999995E+00  0.1940E-03
Warning xbin not returning correct x   1  0.978761E+00  0.999996E+00  0.1940E-03
Warning xbin not returning correct x   1  0.964888E+00  0.999993E+00  0.1940E-03
Warning xbin not returning correct x   1  0.987348E+00  0.999998E+00  0.1940E-03
Warning xbin not returning correct x   1  0.993092E+00  0.999999E+00  0.1940E-03
Warning xbin still not working well. Last message this iteration.
 Iteration  5   Mean: 0.1474E+08 Abs mean: 0.1474E+08   Fluctuation:  0.635E+05   0.530E+09    95.7%
  5    0.1474E+08 0.1474E+08 +- 0.6351E+05      0.77
 Relative summed weights:
  0.5085E+00  0.0000E+00
  0.4915E+00  0.0000E+00
 Relative number of events:
  0.5068E+00  0.0000E+00
  0.4932E+00  0.0000E+00
 Events:
       16218           0
       15782           0
 Found         3341  events.
 Wrote         1003  events.
 Actual xsec    14666727.056464855     
 Correct abs xsec    14666727.056464855     
 Event xsec    14666727.056464650     
 Events wgts > 1:           16
 % Cross section > 1:    9543.6913111208232       6.50703546495347979E-002
 Checking number of events   4596.5522594960848             1003  chi2:   0.92002082004105112     
 Found         3341  events.
 Wrote         1044  events.
 Actual xsec    14666727.056464855     
 Correct abs xsec    14666727.056464855     
 Event xsec    14666727.056465212     
 Events wgts > 1:           16
 % Cross section > 1:    9169.1254853788432       6.25165072621776119E-002
Warning xbin not returning correct x   1  0.966697E+00  0.999993E+00  0.2110E-03
Warning xbin not returning correct x   1  0.962454E+00  0.999992E+00  0.2110E-03
Warning xbin not returning correct x   1  0.978123E+00  0.999996E+00  0.2110E-03
Warning xbin not returning correct x   1  0.976939E+00  0.999995E+00  0.2110E-03
Warning xbin not returning correct x   1  0.975211E+00  0.999995E+00  0.2110E-03
Warning xbin still not working well. Last message this iteration.
 Iteration  6   Mean: 0.1465E+08 Abs mean: 0.1465E+08   Fluctuation:  0.242E+05   0.650E+08    92.8%
  6    0.1465E+08 0.1465E+08 +- 0.2423E+05      0.42
 Relative summed weights:
  0.4987E+00  0.0000E+00
  0.5013E+00  0.0000E+00
 Relative number of events:
  0.4992E+00  0.0000E+00
  0.5008E+00  0.0000E+00
 Events:
       31947           0
       32053           0
 Found         6825  events.
 Wrote         6820  events.
 Actual xsec    14659408.510497235     
 Correct abs xsec    14659408.510497235     
 Event xsec    14659408.510498058     
 Events wgts > 1:            0
 % Cross section > 1:    0.0000000000000000        0.0000000000000000     
 Checking number of events   4594.2586271898326             6820  chi2:   0.96882206136706750     

 -------------------------------------------------------------------------------
 Accumulated results:   Integral =  0.1466E+08
                        Std dev  =  0.1802E+05
                       Cross sec =  0.8249E+00
             Chi**2 per DoF.     =
-------------------------------------------------
---------------------------
 Results Last   3 iters: Integral =   0.1466E+08
                     Abs integral =   0.1466E+08
                          Std dev =   0.1892E+05
                  Chi**2 per DoF. =      0.9688
-------------------------------------------------
---------------------------
 Status -3.13399999999999974E-004           7           9
 We found enough events        6820   4594.2586271898326     
>>>>>>> 911b5ec345c81b054214c521136984e9d6306827

ls status:
events.lhe
ftn25
ftn26
input_sg.txt
moffset.dat
results.dat
run_01_ftn26.gz
run_01_log.txt
run_01_results.dat
run_02_ftn26.gz
run_02_log.txt
run_02_results.dat
run_03_ftn26.gz
run_03_log.txt
run_03_results.dat
run_04_ftn26.gz
run_04_log.txt
run_04_results.dat
<<<<<<< HEAD
run_05_ftn26.gz
run_05_log.txt
run_05_results.dat
run_06_ftn26.gz
run_06_log.txt
run_06_results.dat
run_08_ftn26.gz
run_08_log.txt
run_08_results.dat
run_09_ftn26.gz
run_09_log.txt
run_09_results.dat
run_10_ftn26.gz
run_10_log.txt
run_10_results.dat
=======
>>>>>>> 911b5ec345c81b054214c521136984e9d6306827
run1_app.log
