 Process in group number            1
 No PDF is used, alpha_s(MZ) from param_card is used
 Value of alpha_s from param_card:   0.11800000071525575     
 The default order of alpha_s running is fixed to            2
 Warning: pt or E min of a gamma should in general be >0
 *****************************************************
 *               MadGraph/MadEvent                   *
 *        --------------------------------           *
 *          http://madgraph.hep.uiuc.edu             *
 *          http://madgraph.phys.ucl.ac.be           *
 *          http://madgraph.roma2.infn.it            *
 *        --------------------------------           *
 *                                                   *
 *          PARAMETER AND COUPLING VALUES            *
 *                                                   *
 *****************************************************

  External Params
  ---------------------------------
  
 mdl_MB =    4.6999998092651367     
 mdl_MT =    173.00000000000000     
 mdl_MTA =    1.7769999504089355     
 mdl_MZ =    91.188003540039063     
 mdl_MH =    125.00000000000000     
 aEWM1 =    132.50700378417969     
 mdl_Gf =   1.16639000000000003E-005
 aS =   0.11800000071525575     
 mdl_ymb =    4.6999998092651367     
 mdl_ymt =    173.00000000000000     
 mdl_ymtau =    1.7769999504089355     
 mdl_WT =    1.4915000200271606     
 mdl_WZ =    2.4414041042327881     
 mdl_WW =    2.0476000308990479     
 mdl_WH =   6.38233916833996773E-003
  Internal Params
  ---------------------------------
  
 mdl_conjg__CKM3x3 =    1.0000000000000000     
 mdl_CKM3x3 =    1.0000000000000000     
 mdl_conjg__CKM1x1 =    1.0000000000000000     
 mdl_complexi =  (  0.0000000000000000     ,  1.0000000000000000     )
 mdl_MZ__exp__2 =    8315.2519896181766     
 mdl_MZ__exp__4 =    69143415.650849044     
 mdl_sqrt__2 =    1.4142135623730951     
 mdl_MH__exp__2 =    15625.000000000000     
 mdl_aEW =   7.54677089845565054E-003
 mdl_MW =    80.419007276179556     
 mdl_sqrt__aEW =   8.68721526063194194E-002
 mdl_ee =   0.30795376284704501     
 mdl_MW__exp__2 =    6467.2167312862202     
 mdl_sw2 =   0.22224645274001076     
 mdl_cw =   0.88190336616887299     
 mdl_sqrt__sw2 =   0.47143022043565552     
 mdl_sw =   0.47143022043565552     
 mdl_g1 =   0.34919218438279087     
 mdl_gw =   0.65323296958447097     
 mdl_vev =    246.21845810181631     
 mdl_vev__exp__2 =    60623.529110035874     
 mdl_lam =   0.12886910601690271     
 mdl_yb =   2.69955531549349904E-002
 mdl_yt =   0.99366614581500645     
 mdl_ytau =   1.02066167158167895E-002
 mdl_muH =    88.388347648318444     
 mdl_I1x33 =  ( 2.69955531549349904E-002,  0.0000000000000000     )
 mdl_I2x33 =  ( 0.99366614581500645     ,  0.0000000000000000     )
 mdl_I3x33 =  ( 0.99366614581500645     ,  0.0000000000000000     )
 mdl_I4x33 =  ( 2.69955531549349904E-002,  0.0000000000000000     )
 mdl_ee__exp__2 =   9.48355200516540348E-002
 mdl_sw__exp__2 =   0.22224645274001076     
 mdl_cw__exp__2 =   0.77775354725998924     
  Internal Params evaluated point by point
  ----------------------------------------
  
 mdl_sqrt__aS =   0.34351128178744839     
 mdl_G__exp__2 =    1.4828317414825511     
  Couplings of sm
  ---------------------------------
  
         GC_3 =  -0.00000E+00  -0.30795E+00
        GC_50 =  -0.00000E+00  -0.28804E+00
        GC_59 =   0.00000E+00   0.82310E-01

 Collider parameters:
 --------------------

 Running at e e   machine @    10.000000000000000       GeV
 PDF set = none   
 alpha_s(Mz)= 0.1180 running at 2 loops.
 alpha_s(Mz)= 0.1180 running at 2 loops.
 Renormalization scale set on event-by-event basis
 Factorization   scale set on event-by-event basis


 getting user params
Enter number of events and max and min iterations: 
 Number of events and iterations         1000           9           3
Enter desired fractional accuracy: 
 Desired fractional accuracy:  -1.10059999999999990E-009
Enter 0 for fixed, 2 for adjustable grid: 
Suppress amplitude (0 no, 1 yes)? 
 Using suppressed amplitude.
Exact helicity sum (0 yes, n = number/event)? 
 Explicitly summing over helicities
Enter Configuration Number: 
Running Configuration Number:    5
 Not subdividing B.W.
 Attempting mappinvarients           1           5
 Completed mapping           5
 about to integrate            5        1000           9           3           5           1
 Keeping grid fixed.
  5 dimensions   1000 events  5 invarients  9 iterations  1 config(s),  (0.99)
 Using h-tuple random number sequence.
 Grid read from file
 Grid defined OK
 Set CM energy to         10.00
 Mapping Graph           5  to config           5
 Warning: No cutoff for shat integral found
          Minimum set to   1.00000000000000002E-002
 No modification is setgrid, grid read from file
 Warning: No cutoff for shat integral found
          Minimum set to   1.00000000000000002E-002
 No modification is setgrid, grid read from file
 Masses: 0.000E+00 0.000E+00 0.000E+00 0.000E+00 0.000E+00
   5   1   2   3   4   5
 Got moffset          24
Using random seed offsets     5 :      1
  with seed                   48
 Ranmar initialization seeds       30238       25029
  Particle       3       4       5
      Et >     0.0    -1.0    -1.0
       E >     0.0     0.0     0.0
     Eta <    -1.0    -1.0    -1.0
   xqcut:      0.0     0.0     0.0
d R # 3  >    -0.0     0.4     0.4
d R # 4  >    -0.0    -0.0     0.0
s min # 3>     0.0     0.0     0.0
s min # 4>     0.0     0.0     0.0
xqcutij # 3>     0.0     0.0     0.0
xqcutij # 4>     0.0     0.0     0.0
 alpha_s for scale    2.2360679800943206       is   0.28377211152302073     
 Added good helicity            1   5.7218216529020269       in event            1
 Added good helicity            5   2.2781784617125034       in event            1
 Added good helicity           10   5.7218214901966657       in event            1
 Added good helicity           14   2.2781783950427745       in event            1
 Added good helicity           19   2.2781783951259440       in event            1
 Added good helicity           23   5.7218214904055573       in event            1
 Added good helicity           28   2.2781784617125034       in event            1
 Added good helicity           32   5.7218216529020269       in event            1
 Iteration  1   Mean: 0.1329E+14 Abs mean: 0.1329E+14   Fluctuation:  0.349E+13   0.211E+16    98.9%
  1    0.1329E+14 0.1329E+14 +- 0.3489E+13      8.30
 Writing out events   1492485559.9254634        8.3045458005097341     
 Relative summed weights:
  0.1000E+01  0.0000E+00
 Relative number of events:
  0.1000E+01  0.0000E+00
 Events:
        1000           0
 Iteration  2   Mean: 0.3909E+15 Abs mean: 0.3909E+15   Fluctuation:  0.356E+15   0.710E+18    98.3%
  2    0.3909E+15 0.3909E+15 +- 0.3557E+15     40.70
 Relative summed weights:
  0.1000E+01  0.0000E+00
 Relative number of events:
  0.1000E+01  0.0000E+00
 Events:
        2000           0
 Iteration  3   Mean: 0.1327E+15 Abs mean: 0.1327E+15   Fluctuation:  0.900E+14   0.354E+18    98.6%
  3    0.1327E+15 0.1327E+15 +- 0.8997E+14     42.89
 Relative summed weights:
  0.1000E+01  0.0000E+00
 Relative number of events:
  0.1000E+01  0.0000E+00
 Events:
        4000           0
 Found           21  events.
 Wrote            2  events.
 Actual xsec    53303408588982.375     
 Correct abs xsec    53303408588982.375     
 Event xsec    53303408588982.383     
 Events wgts > 1:            1
 % Cross section > 1:    1068866.2812500000       2.00524940063763701E-006
 Checking number of events   58665.731493034000                2  chi2:    66.609464794971672     
 Found           21  events.
 Wrote            1  events.
 Actual xsec    53303408588982.375     
 Correct abs xsec    53303408588982.375     
 Event xsec    53303408588982.375     
 Events wgts > 1:            1
 % Cross section > 1:    2137732.5156250000       4.01049871333530717E-006
 Iteration  4   Mean: 0.5510E+14 Abs mean: 0.5510E+14   Fluctuation:  0.193E+14   0.114E+18    98.8%
  4    0.5510E+14 0.5510E+14 +- 0.1931E+14     31.34
 Relative summed weights:
  0.1000E+01  0.0000E+00
 Relative number of events:
  0.1000E+01  0.0000E+00
 Events:
        8000           0
 Found           66  events.
 Wrote            6  events.
 Actual xsec    104909436537432.28     
 Correct abs xsec    104909436537432.28     
 Event xsec    104909436537432.28     
 Events wgts > 1:            0
 % Cross section > 1:    0.0000000000000000        0.0000000000000000     
 Checking number of events   115463.32585309797                6  chi2:    3.6994803802995730     
 Found           66  events.
 Wrote            2  events.
 Actual xsec    104909436537432.28     
 Correct abs xsec    104909436537432.28     
 Event xsec    104909436537432.28     
 Events wgts > 1:            0
 % Cross section > 1:    0.0000000000000000        0.0000000000000000     
 Iteration  5   Mean: 0.1522E+15 Abs mean: 0.1522E+15   Fluctuation:  0.694E+14   0.815E+18    98.9%
  5    0.1522E+15 0.1522E+15 +- 0.6936E+14     57.63
 Relative summed weights:
  0.1000E+01  0.0000E+00
 Relative number of events:
  0.1000E+01  0.0000E+00
 Events:
       16000           0
 Found          188  events.
 Wrote            2  events.
 Actual xsec    97149347287559.484     
 Correct abs xsec    97149347287559.484     
 Event xsec    97149347287559.484     
 Events wgts > 1:            1
 % Cross section > 1:    7765858.7343750000       7.99373228045296485E-006
 Checking number of events   106922.57162468796                2  chi2:    2.7655344427707966     
 Found          188  events.
 Wrote            4  events.
 Actual xsec    97149347287559.484     
 Correct abs xsec    97149347287559.484     
 Event xsec    97149347287559.500     
 Events wgts > 1:            1
 % Cross section > 1:    3882929.5234375000       3.99686630106132545E-006
 Iteration  6   Mean: 0.1459E+15 Abs mean: 0.1459E+15   Fluctuation:  0.633E+14   0.188E+19    98.8%
  6    0.1459E+15 0.1459E+15 +- 0.6328E+14     77.59
 Relative summed weights:
  0.1000E+01  0.0000E+00
 Relative number of events:
  0.1000E+01  0.0000E+00
 Events:
       32000           0
 Found          247  events.
 Wrote            1  events.
 Actual xsec    107097351964897.31     
 Correct abs xsec    107097351964897.31     
 Event xsec    107097351964897.31     
 Events wgts > 1:            0
 % Cross section > 1:    0.0000000000000000        0.0000000000000000     
 Checking number of events   117871.34557256597                1  chi2:    4.0270766086061771     
 Found          247  events.
 Wrote            2  events.
 Actual xsec    107097351964897.31     
 Correct abs xsec    107097351964897.31     
 Event xsec    107097351964897.31     
 Events wgts > 1:            0
 % Cross section > 1:    0.0000000000000000        0.0000000000000000     
 Iteration  7   Mean: 0.1011E+16 Abs mean: 0.1011E+16   Fluctuation:  0.785E+15   0.499E+20    98.8%
  7    0.1011E+16 0.1011E+16 +- 0.7854E+15    196.49
 Relative summed weights:
  0.1000E+01  0.0000E+00
 Relative number of events:
  0.1000E+01  0.0000E+00
 Events:
       64000           0
 Found          500  events.
 Wrote            1  events.
 Actual xsec    270135443755412.28     
 Correct abs xsec    270135443755412.28     
 Event xsec    270135443755412.28     
 Events wgts > 1:            1
 % Cross section > 1:    4163499.1562500000       1.54126355963112384E-006
 Checking number of events   297311.06939720671                1  chi2:    3.8179213729575765     
 Found          500  events.
 Wrote            1  events.
 Actual xsec    270135443755412.28     
 Correct abs xsec    270135443755412.28     
 Event xsec    270135443755412.28     
 Events wgts > 1:            1
 % Cross section > 1:    4163499.1562500000       1.54126355963112384E-006
 Iteration  8   Mean: 0.3315E+15 Abs mean: 0.3315E+15   Fluctuation:  0.109E+15   0.885E+19    98.9%
  8    0.3315E+15 0.3315E+15 +- 0.1091E+15    117.72
 Relative summed weights:
  0.1000E+01  0.0000E+00
 Relative number of events:
  0.1000E+01  0.0000E+00
 Events:
      128000           0
 Found          331  events.
 Wrote            5  events.
 Actual xsec    340141345643120.56     
 Correct abs xsec    340141345643120.56     
 Event xsec    340141345643120.63     
 Events wgts > 1:            2
 % Cross section > 1:    1180769856322.9297       0.34714093756829084     
 Checking number of events   374359.56501481845                5  chi2:    5.0804277841779637     
 Found          331  events.
 Wrote            3  events.
 Actual xsec    340141345643120.56     
 Correct abs xsec    340141345643120.56     
 Event xsec    340141345643120.56     
 Events wgts > 1:            2
 % Cross section > 1:    1963405903430.5938       0.57723235607194234     
 Iteration  9   Mean: 0.1757E+17 Abs mean: 0.1757E+17   Fluctuation:  0.170E+17   0.436E+22    98.8%
  9    0.1757E+17 0.1757E+17 +- 0.1703E+17    490.42
 Relative summed weights:
  0.1000E+01  0.0000E+00
 Relative number of events:
  0.1000E+01  0.0000E+00
 Events:
      256000           0
 Found         1340  events.
 Wrote            1  events.
 Actual xsec    1960514175953886.0     
 Correct abs xsec    1960514175953886.0     
 Event xsec    1960514175953886.0     
 Events wgts > 1:            0
 % Cross section > 1:    0.0000000000000000        0.0000000000000000     
 Checking number of events   2157741.9020548468                1  chi2:    112.67004664786209     
 Found         1340  events.
 Wrote            1  events.
 Actual xsec    1960514175953886.0     
 Correct abs xsec    1960514175953886.0     
 Event xsec    1960514175953886.0     
 Events wgts > 1:            0
 % Cross section > 1:    0.0000000000000000        0.0000000000000000     

 -------------------------------------------------------------------------------
 Accumulated results:   Integral =  0.5477E+15
                        Std dev  =  0.7896E+14
                       Cross sec =  0.5477E+15
             Chi**2 per DoF.     =    132.2947
 -------------------------------------------------------------------------------
-------------------------------------------------
---------------------------
 Results Last   3 iters: Integral =   0.1961E+16
                     Abs integral =   0.1961E+16
                          Std dev =   0.5669E+15
                  Chi**2 per DoF. =    112.6700
-------------------------------------------------
---------------------------
 Status -1.10059999999999990E-009          10           9
 Trying w/ fresh grid
 Starting w/ ncall =         4000
 Keeping grid fixed.
  5 dimensions   4000 events  5 invarients  8 iterations  1 config(s),  (0.99)
 Using h-tuple random number sequence.
 Error opening grid
 Using Uniform Grid!
 Using uniform alpha   1.0000000000000000     
 Grid defined OK
 Warning: No cutoff for shat integral found
          Minimum set to   1.00000000000000002E-002
Setting grid   1    0.10000E-01   1
 Warning: No cutoff for shat integral found
          Minimum set to   1.00000000000000002E-002
Setting grid   2    0.10000E-01   1
 Iteration  1   Mean: 0.2488E+05 Abs mean: 0.2488E+05   Fluctuation:  0.922E+04   0.258E+08    98.5%
  1    0.2488E+05 0.2488E+05 +- 0.9216E+04     23.43
 Relative summed weights:
  0.1000E+01  0.0000E+00
 Relative number of events:
  0.1000E+01  0.0000E+00
 Events:
        4000           0
 Iteration  2   Mean: 0.3248E+06 Abs mean: 0.3248E+06   Fluctuation:  0.207E+06   0.153E+10    98.7%
  2    0.3248E+06 0.3248E+06 +- 0.2068E+06     56.95
 Relative summed weights:
  0.1000E+01  0.0000E+00
 Relative number of events:
  0.1000E+01  0.0000E+00
 Events:
        8000           0
 Iteration  3   Mean: 0.6749E+06 Abs mean: 0.6749E+06   Fluctuation:  0.236E+06   0.308E+10    98.9%
  3    0.6749E+06 0.6749E+06 +- 0.2356E+06     44.15
 Relative summed weights:
  0.1000E+01  0.0000E+00
 Relative number of events:
  0.1000E+01  0.0000E+00
 Events:
       16000           0
 Found          322  events.
 Wrote            3  events.
 Actual xsec    363185.03317400179     
 Correct abs xsec    363185.03317400179     
 Event xsec    363185.03317400179     
 Events wgts > 1:            0
 % Cross section > 1:    0.0000000000000000        0.0000000000000000     
 Checking number of events  3.99721447511306349E-004           3  chi2:    674.63550456591884     
 Found          322  events.
 Wrote            3  events.
 Actual xsec    363185.03317400179     
 Correct abs xsec    363185.03317400179     
 Event xsec    363185.03317400179     
 Events wgts > 1:            0
 % Cross section > 1:    0.0000000000000000        0.0000000000000000     
 Iteration  4   Mean: 0.7683E+07 Abs mean: 0.7683E+07   Fluctuation:  0.316E+07   0.884E+11    99.0%
  4    0.7683E+07 0.7683E+07 +- 0.3159E+07     73.56
 Relative summed weights:
  0.1000E+01  0.0000E+00
 Relative number of events:
  0.1000E+01  0.0000E+00
 Events:
       32000           0
 Found         1257  events.
 Wrote            2  events.
 Actual xsec    3120858.3523391234     
 Correct abs xsec    3120858.3523391234     
 Event xsec    3120858.3523391234     
 Events wgts > 1:            1
 % Cross section > 1:   0.20099444407969713       6.44035779224165128E-006
 Checking number of events  3.43481670258443880E-003           2  chi2:    146.33406523100277     
 Found         1257  events.
 Wrote            3  events.
 Actual xsec    3120858.3523391234     
 Correct abs xsec    3120858.3523391234     
 Event xsec    3120858.3523391234     
 Events wgts > 1:            1
 % Cross section > 1:   0.13399629888590425       4.29357195226346342E-006
 Iteration  5   Mean: 0.6001E+09 Abs mean: 0.6001E+09   Fluctuation:  0.240E+09   0.964E+13    99.3%
  5    0.6001E+09 0.6001E+09 +- 0.2400E+09    101.19
 Relative summed weights:
  0.1000E+01  0.0000E+00
 Relative number of events:
  0.1000E+01  0.0000E+00
 Events:
       64000           0
 Found         2574  events.
 Wrote            3  events.
 Actual xsec    186603502.08459827     
 Correct abs xsec    186603502.08459827     
 Event xsec    186603502.08459827     
 Events wgts > 1:            0
 % Cross section > 1:    0.0000000000000000        0.0000000000000000     
 Checking number of events  0.20537581439430885                3  chi2:    313086.15407255030     
 Found         2574  events.
 Wrote            4  events.
 Actual xsec    186603502.08459827     
 Correct abs xsec    186603502.08459827     
 Event xsec    186603502.08459827     
 Events wgts > 1:            0
 % Cross section > 1:    0.0000000000000000        0.0000000000000000     
 Fixing grid
 Iteration  6   Mean: 0.7436E+10 Abs mean: 0.7436E+10   Fluctuation:  0.240E+10   0.181E+15    99.1%
  6    0.7436E+10 0.7436E+10 +- 0.2404E+10    115.69
 Relative summed weights:
  0.1000E+01  0.0000E+00
 Relative number of events:
  0.1000E+01  0.0000E+00
 Events:
      128000           0
 Found         3005  events.
 Wrote            7  events.
 Actual xsec    3447929538.7279258     
 Correct abs xsec    3447929538.7279258     
 Event xsec    3447929538.7279258     
 Events wgts > 1:            0
 % Cross section > 1:    0.0000000000000000        0.0000000000000000     
 Checking number of events   3.7947912503239549                7  chi2:    592896.54441234353     
 Found         3005  events.
 Wrote            8  events.
 Actual xsec    3447929538.7279258     
 Correct abs xsec    3447929538.7279258     
 Event xsec    3447929538.7279253     
 Events wgts > 1:            0
 % Cross section > 1:    0.0000000000000000        0.0000000000000000     
 Iteration  7   Mean: 0.4084E+10 Abs mean: 0.4084E+10   Fluctuation:  0.108E+10   0.244E+15    99.1%
  7    0.4084E+10 0.4084E+10 +- 0.1075E+10    133.22
 Relative summed weights:
  0.1000E+01  0.0000E+00
 Relative number of events:
  0.1000E+01  0.0000E+00
 Events:
      256000           0
 Found         1387  events.
 Wrote            5  events.
 Actual xsec    4423882530.3264961     
 Correct abs xsec    4423882530.3264961     
 Event xsec    4423882530.3264961     
 Events wgts > 1:            0
 % Cross section > 1:    0.0000000000000000        0.0000000000000000     
 Checking number of events   4.8689251128773412                5  chi2:    127.70800241255189     
 Found         1387  events.
 Wrote            5  events.
 Actual xsec    4423882530.3264961     
 Correct abs xsec    4423882530.3264961     
 Event xsec    4423882530.3264961     
 Events wgts > 1:            0
 % Cross section > 1:    0.0000000000000000        0.0000000000000000     
 Iteration  8   Mean: 0.1238E+11 Abs mean: 0.1238E+11   Fluctuation:  0.613E+10   0.296E+16    99.2%
  8    0.1238E+11 0.1238E+11 +- 0.6134E+10    354.48
 Relative summed weights:
  0.1000E+01  0.0000E+00
 Relative number of events:
  0.1000E+01  0.0000E+00
 Events:
      512000           0
 Found         3947  events.
 Wrote            2  events.
 Actual xsec    956168646049293.13     
 Correct abs xsec    956168646049293.13     
 Event xsec    956168646049293.13     
 Events wgts > 1:            0
 % Cross section > 1:    0.0000000000000000        0.0000000000000000     
 Checking number of events   7.0778056769692599                2  chi2:    2.9409595624497524     
 Found         3947  events.
 Wrote            2  events.
 Actual xsec    956168646049293.13     
 Correct abs xsec    956168646049293.13     
 Event xsec    956168646049293.13     
 Events wgts > 1:            0
 % Cross section > 1:    0.0000000000000000        0.0000000000000000     

 -------------------------------------------------------------------------------
 Accumulated results:   Integral =  0.3167E+10
                        Std dev  =  0.4152E+09
                       Cross sec =  0.3167E+10
             Chi**2 per DoF.     =     11.5754
 -------------------------------------------------------------------------------
-------------------------------------------------
---------------------------
 Results Last   3 iters: Integral =   0.6431E+10
                     Abs integral =   0.6431E+10
                         Std dev =   0.1214E+10
                 Chi**2 per DoF. =      2.9410
-------------------------------------------------
---------------------------

ls status:
events.lhe
ftn25
ftn26
input_sg.txt
log.txt
moffset.dat
results.dat
run1_app.log
