#************************************************************
#*               MadGraph5_aMC@NLO/MadEvent                 *
#*                                                          *
#*                *                       *                 *
#*                  *        * *        *                   *
#*                    * * * * 5 * * * *                     *
#*                  *        * *        *                   *
#*                *                       *                 *
#*                                                          *
#*                                                          *
#*         VERSION 5.2.1.2                                  *
#*                                                          *
#*    The MadGraph5_aMC@NLO Development Team - Find us at   *
#*    https://server06.fynu.ucl.ac.be/projects/madgraph     *
#*                                                          *
#************************************************************
#*                                                          *
#*               Command File for MadEvent                  *
#*                                                          *
#*     run as ./bin/madevent.py filename                    *
#*                                                          *
#************************************************************
generate_events 
Traceback (most recent call last):
  File "/media/sf_darkphotons/madgraph/e+e-2e+e-/bin/internal/extended_cmd.py", line 879, in onecmd
  File "/media/sf_darkphotons/madgraph/e+e-2e+e-/bin/internal/extended_cmd.py", line 872, in onecmd_orig
  File "/media/sf_darkphotons/madgraph/e+e-2e+e-/bin/internal/madevent_interface.py", line 2081, in do_generate_events
  File "/media/sf_darkphotons/madgraph/e+e-2e+e-/bin/internal/madevent_interface.py", line 3635, in set_run_name
  File "/media/sf_darkphotons/madgraph/e+e-2e+e-/bin/internal/banner.py", line 539, in __init__
IOError: [Errno 2] No such file or directory: '/nfs/cms/mc1/een7/MMAPS-madgraph/e+e-2e+e-/Cards/run_card.dat'
                              Run Options    
                              -----------    
               stdout_level 	:	None

                         MadEvent Options    
                         ----------------    
     automatic_html_opening 	:	True
          cluster_temp_path 	:	None
              cluster_queue 	:	madgraph
             cluster_memory 	:	None
               cluster_time 	:	None
                    nb_core 	:	24 (user set)
                   run_mode 	:	2

                      Configuration Options    
                      ---------------------    
                text_editor 	:	None
      cluster_status_update 	:	(600, 30)
               pythia8_path 	:	None (user set)
                  hwpp_path 	:	None (user set)
            pythia-pgs_path 	:	None (user set)
                    td_path 	:	None (user set)
               delphes_path 	:	None (user set)
                thepeg_path 	:	None (user set)
               cluster_type 	:	condor
        exrootanalysis_path 	:	None (user set)
                 eps_viewer 	:	None
                web_browser 	:	None
               syscalc_path 	:	None (user set)
           madanalysis_path 	:	None (user set)
                     lhapdf 	:	lhapdf-config
                 hepmc_path 	:	None (user set)
         cluster_retry_wait 	:	300
           fortran_compiler 	:	None
                auto_update 	:	7 (user set)
           cluster_nb_retry 	:	1
                    timeout 	:	60
               cpp_compiler 	:	None
######################################################################
## PARAM_CARD AUTOMATICALY GENERATED BY MG5 FOLLOWING UFO MODEL   ####
######################################################################
##                                                                  ##
##  Width set on Auto will be computed following the information    ##
##        present in the decay.py files of the model.               ##
##        See  arXiv:1402.1178 for more details.                    ##
##                                                                  ##
######################################################################

###################################
## INFORMATION FOR MASS
###################################
Block mass 
    5 4.700000e+00 # MB 
    6 1.730000e+02 # MT 
   11 5.110000e-04 # Me 
   13 1.056600e-01 # MM 
   15 1.777000e+00 # MTA 
   23 9.118800e+01 # MZ 
   25 1.250000e+02 # MH 
## Dependent parameters, given by model restrictions.
## Those values should be edited following the 
## analytical expression. MG5 ignores those values 
## but they are important for interfacing the output of MG5
## to external program such as Pythia.
  1 0.000000 # d : 0.0 
  2 0.000000 # u : 0.0 
  3 0.000000 # s : 0.0 
  4 0.000000 # c : 0.0 
  12 0.000000 # ve : 0.0 
  14 0.000000 # vm : 0.0 
  16 0.000000 # vt : 0.0 
  21 0.000000 # g : 0.0 
  22 0.000000 # a : 0.0 
  24 80.419002 # w+ : cmath.sqrt(MZ__exp__2/2. + cmath.sqrt(MZ__exp__4/4. - (aEW*cmath.pi*MZ__exp__2)/(Gf*sqrt__2))) 

###################################
## INFORMATION FOR SMINPUTS
###################################
Block sminputs 
    1 1.325070e+02 # aEWM1 
    2 1.166390e-05 # Gf 
    3 1.180000e-01 # aS 

###################################
## INFORMATION FOR YUKAWA
###################################
Block yukawa 
    5 4.700000e+00 # ymb 
    6 1.730000e+02 # ymt 
   11 5.110000e-04 # yme 
   13 1.056600e-01 # ymm 
   15 1.777000e+00 # ymtau 

###################################
## INFORMATION FOR DECAY
###################################
DECAY   6 1.491500e+00 # WT 
DECAY  15 2.270000e-12 # WTau 
DECAY  23 2.441404e+00 # WZ 
DECAY  24 2.047600e+00 # WW 
DECAY  25 6.382339e-03 # WH 
## Dependent parameters, given by model restrictions.
## Those values should be edited following the 
## analytical expression. MG5 ignores those values 
## but they are important for interfacing the output of MG5
## to external program such as Pythia.
DECAY  1 0.000000 # d : 0.0 
DECAY  2 0.000000 # u : 0.0 
DECAY  3 0.000000 # s : 0.0 
DECAY  4 0.000000 # c : 0.0 
DECAY  5 0.000000 # b : 0.0 
DECAY  11 0.000000 # e- : 0.0 
DECAY  12 0.000000 # ve : 0.0 
DECAY  13 0.000000 # mu- : 0.0 
DECAY  14 0.000000 # vm : 0.0 
DECAY  16 0.000000 # vt : 0.0 
DECAY  21 0.000000 # g : 0.0 
DECAY  22 0.000000 # a : 0.0 
