This is pdfTeXk, Version 3.141592-1.40.3 (Web2C 7.5.6)
 %&-line parsing enabled.
entering extended mode
(./main.tex
LaTeX2e <2005/12/01>
Babel <v3.8h> and hyphenation patterns for english, usenglishmax, dumylang, noh
yphenation, arabic, basque, bulgarian, coptic, welsh, czech, slovak, german, ng
erman, danish, esperanto, spanish, catalan, galician, estonian, farsi, finnish,
 french, greek, monogreek, ancientgreek, croatian, hungarian, interlingua, ibyc
us, indonesian, icelandic, italian, latin, mongolian, dutch, norsk, polish, por
tuguese, pinyin, romanian, russian, slovenian, uppersorbian, serbian, swedish, 
turkish, ukenglish, ukrainian, loaded.
(/usr/share/texmf/tex/latex/base/article.cls
Document Class: article 2005/09/16 v1.4f Standard LaTeX document class
(/usr/share/texmf/tex/latex/base/size11.clo)) (./jheppub.sty
(/usr/share/texmf/tex/latex/amsmath/amsmath.sty
For additional information on amsmath, use the `?' option.
(/usr/share/texmf/tex/latex/amsmath/amstext.sty
(/usr/share/texmf/tex/latex/amsmath/amsgen.sty))
(/usr/share/texmf/tex/latex/amsmath/amsbsy.sty)
(/usr/share/texmf/tex/latex/amsmath/amsopn.sty))
(/usr/share/texmf/tex/latex/amsfonts/amssymb.sty
(/usr/share/texmf/tex/latex/amsfonts/amsfonts.sty))
(/usr/share/texmf/tex/latex/graphics/epsfig.sty
(/usr/share/texmf/tex/latex/graphics/graphicx.sty
(/usr/share/texmf/tex/latex/graphics/keyval.sty)
(/usr/share/texmf/tex/latex/graphics/graphics.sty
(/usr/share/texmf/tex/latex/graphics/trig.sty)
(/usr/share/texmf/tex/latex/config/graphics.cfg)
(/usr/share/texmf/tex/latex/pdftex-def/pdftex.def))))
(/usr/share/texmf/tex/latex/natbib/natbib.sty)
(/usr/share/texmf/tex/latex/graphics/color.sty
(/usr/share/texmf/tex/latex/config/color.cfg))
(/usr/share/texmf/tex/latex/hyperref/hyperref.sty
(/usr/share/texmf/tex/latex/hyperref/pd1enc.def)
(/usr/share/texmf/tex/latex/config/hyperref.cfg)
(/usr/share/texmf/tex/latex/oberdiek/kvoptions.sty)
Implicit mode ON; LaTeX internals redefined
(/usr/share/texmf/tex/latex/ltxmisc/url.sty))
*hyperref using default driver hpdftex*
(/usr/share/texmf/tex/latex/hyperref/hpdftex.def)
(/usr/share/texmf/tex/latex/psnfss/ot1phv.fd))
(/usr/share/texmf/tex/latex/base/fontenc.sty
(/usr/share/texmf/tex/latex/base/t1enc.def))
(/usr/share/texmf/tex/latex/colortbl/colortbl.sty
(/usr/share/texmf/tex/latex/tools/array.sty))
No file main.aux.
(/usr/share/texmf/tex/latex/hyperref/nameref.sty
(/usr/share/texmf/tex/latex/oberdiek/refcount.sty))
(/usr/share/texmf/tex/latex/base/t1cmss.fd)
<logo.png, id=7, 325.215pt x 92.59593pt> <use logo.png>

Package JHEP Warning: E-mails are missing.
(JHEP)                Plese use \emailAdd macro to provide e-mails..

(/usr/share/texmf/tex/latex/amsfonts/umsa.fd)
(/usr/share/texmf/tex/latex/amsfonts/umsb.fd)
Underfull \hbox (badness 10000) in paragraph at lines 38--38


Underfull \hbox (badness 10000) in paragraph at lines 38--38


Underfull \hbox (badness 10000) in paragraph at lines 38--38


Underfull \hbox (badness 10000) in paragraph at lines 38--38

[0{/usr/share/texmf/fonts/map/pdftex/updmap/pdftex.map} <./logo.png (PNG copy)>
] [1] (/usr/share/texmf/tex/latex/base/t1cmtt.fd)
Underfull \hbox (badness 10000) in paragraph at lines 50--69

(/usr/share/texmf/tex/latex/base/omscmr.fd) [2]
Overfull \hbox (4.45885pt too wide) in paragraph at lines 85--86
[]\T1/cmr/m/n/10.95 Samples stored in the di-rec-tory: []/-media/-sf_darkphoton
s/-madanalysis/-madanalysis5/-

Underfull \hbox (badness 10000) in paragraph at lines 96--96
[]|\T1/cmr/m/n/10.95 Cross sec-tion

Underfull \hbox (badness 10000) in paragraph at lines 96--97
[]|\T1/cmr/m/n/10.95 Negative wgts

Underfull \hbox (badness 10000) in paragraph at lines 98--98
[]|\T1/cmr/m/n/10.95 /-media/-sf_darkphotons/-

Underfull \hbox (badness 10000) in paragraph at lines 98--98
\T1/cmr/m/n/10.95 madgraph/-e+e-2e+e-

Underfull \hbox (badness 10000) in paragraph at lines 98--98
\T1/cmr/m/n/10.95 y/-Events/-run_02/-

Underfull \hbox (badness 10000) in paragraph at lines 98--98
[]|\T1/cmr/m/n/10.95 444717500 @
[3]
Underfull \hbox (badness 10000) in paragraph at lines 118--118
[]|\T1/cmr/m/n/10.95 Entries /-

Overfull \hbox (17.62485pt too wide) in paragraph at lines 118--118
[]|\T1/cmr/m/n/10.95 %Underflow| 

Overfull \hbox (11.27718pt too wide) in paragraph at lines 118--119
[]|\T1/cmr/m/n/10.95 %Overflow| 

Overfull \hbox (29.7246pt too wide) in paragraph at lines 116--123
 [] 
<selection_0.png, id=42, 698.61pt x 473.77pt> <use selection_0.png> [4 <./selec
tion_0.png (PNG copy)>] (./main.aux) )
(see the transcript file for additional information) </home/local1/.texlive2007
/texmf-var/fonts/pk/ljfour/jknappen/ec/ecrm1000.600pk> </home/local1/.texlive20
07/texmf-var/fonts/pk/ljfour/jknappen/ec/ecbx1000.600pk> </home/local1/.texlive
2007/texmf-var/fonts/pk/ljfour/jknappen/ec/ectt1095.600pk> </home/local1/.texli
ve2007/texmf-var/fonts/pk/ljfour/jknappen/ec/ecbx1200.600pk> </home/local1/.tex
live2007/texmf-var/fonts/pk/ljfour/jknappen/ec/ecti1095.600pk> </home/local1/.t
exlive2007/texmf-var/fonts/pk/ljfour/jknappen/ec/ecbx1095.600pk> </home/local1/
.texlive2007/texmf-var/fonts/pk/ljfour/jknappen/ec/eccc1095.600pk> </home/local
1/.texlive2007/texmf-var/fonts/pk/ljfour/jknappen/ec/ecrm1095.600pk> </home/loc
al1/.texlive2007/texmf-var/fonts/pk/ljfour/jknappen/ec/ecsx1095.600pk> </home/l
ocal1/.texlive2007/texmf-var/fonts/pk/ljfour/jknappen/ec/ecsx1728.600pk></usr/s
hare/texmf/fonts/type1/bluesky/cm/cmr8.pfb></usr/share/texmf/fonts/type1/bluesk
y/cm/cmsy10.pfb></usr/share/texmf/fonts/type1/bluesky/cm/cmsy8.pfb>
Output written on main.pdf (5 pages, 145870 bytes).
Transcript written on main.log.
This is pdfTeXk, Version 3.141592-1.40.3 (Web2C 7.5.6)
 %&-line parsing enabled.
entering extended mode
(./main.tex
LaTeX2e <2005/12/01>
Babel <v3.8h> and hyphenation patterns for english, usenglishmax, dumylang, noh
yphenation, arabic, basque, bulgarian, coptic, welsh, czech, slovak, german, ng
erman, danish, esperanto, spanish, catalan, galician, estonian, farsi, finnish,
 french, greek, monogreek, ancientgreek, croatian, hungarian, interlingua, ibyc
us, indonesian, icelandic, italian, latin, mongolian, dutch, norsk, polish, por
tuguese, pinyin, romanian, russian, slovenian, uppersorbian, serbian, swedish, 
turkish, ukenglish, ukrainian, loaded.
(/usr/share/texmf/tex/latex/base/article.cls
Document Class: article 2005/09/16 v1.4f Standard LaTeX document class
(/usr/share/texmf/tex/latex/base/size11.clo)) (./jheppub.sty
(/usr/share/texmf/tex/latex/amsmath/amsmath.sty
For additional information on amsmath, use the `?' option.
(/usr/share/texmf/tex/latex/amsmath/amstext.sty
(/usr/share/texmf/tex/latex/amsmath/amsgen.sty))
(/usr/share/texmf/tex/latex/amsmath/amsbsy.sty)
(/usr/share/texmf/tex/latex/amsmath/amsopn.sty))
(/usr/share/texmf/tex/latex/amsfonts/amssymb.sty
(/usr/share/texmf/tex/latex/amsfonts/amsfonts.sty))
(/usr/share/texmf/tex/latex/graphics/epsfig.sty
(/usr/share/texmf/tex/latex/graphics/graphicx.sty
(/usr/share/texmf/tex/latex/graphics/keyval.sty)
(/usr/share/texmf/tex/latex/graphics/graphics.sty
(/usr/share/texmf/tex/latex/graphics/trig.sty)
(/usr/share/texmf/tex/latex/config/graphics.cfg)
(/usr/share/texmf/tex/latex/pdftex-def/pdftex.def))))
(/usr/share/texmf/tex/latex/natbib/natbib.sty)
(/usr/share/texmf/tex/latex/graphics/color.sty
(/usr/share/texmf/tex/latex/config/color.cfg))
(/usr/share/texmf/tex/latex/hyperref/hyperref.sty
(/usr/share/texmf/tex/latex/hyperref/pd1enc.def)
(/usr/share/texmf/tex/latex/config/hyperref.cfg)
(/usr/share/texmf/tex/latex/oberdiek/kvoptions.sty)
Implicit mode ON; LaTeX internals redefined
(/usr/share/texmf/tex/latex/ltxmisc/url.sty))
*hyperref using default driver hpdftex*
(/usr/share/texmf/tex/latex/hyperref/hpdftex.def)
(/usr/share/texmf/tex/latex/psnfss/ot1phv.fd))
(/usr/share/texmf/tex/latex/base/fontenc.sty
(/usr/share/texmf/tex/latex/base/t1enc.def))
(/usr/share/texmf/tex/latex/colortbl/colortbl.sty
(/usr/share/texmf/tex/latex/tools/array.sty)) (./main.aux)
(/usr/share/texmf/tex/latex/hyperref/nameref.sty
(/usr/share/texmf/tex/latex/oberdiek/refcount.sty)) (./main.out) (./main.out)
(/usr/share/texmf/tex/latex/base/t1cmss.fd)
<logo.png, id=35, 325.215pt x 92.59593pt> <use logo.png>

Package JHEP Warning: E-mails are missing.
(JHEP)                Plese use \emailAdd macro to provide e-mails..

(/usr/share/texmf/tex/latex/amsfonts/umsa.fd)
(/usr/share/texmf/tex/latex/amsfonts/umsb.fd)
Underfull \hbox (badness 10000) in paragraph at lines 38--38


Underfull \hbox (badness 10000) in paragraph at lines 38--38


Underfull \hbox (badness 10000) in paragraph at lines 38--38


Underfull \hbox (badness 10000) in paragraph at lines 38--38

[0{/usr/share/texmf/fonts/map/pdftex/updmap/pdftex.map} <./logo.png (PNG copy)>
] (./main.toc) [1] (/usr/share/texmf/tex/latex/base/t1cmtt.fd)
Underfull \hbox (badness 10000) in paragraph at lines 50--69

(/usr/share/texmf/tex/latex/base/omscmr.fd) [2]
Overfull \hbox (4.45885pt too wide) in paragraph at lines 85--86
[]\T1/cmr/m/n/10.95 Samples stored in the di-rec-tory: []/-media/-sf_darkphoton
s/-madanalysis/-madanalysis5/-

Underfull \hbox (badness 10000) in paragraph at lines 96--96
[]|\T1/cmr/m/n/10.95 Cross sec-tion

Underfull \hbox (badness 10000) in paragraph at lines 96--97
[]|\T1/cmr/m/n/10.95 Negative wgts

Underfull \hbox (badness 10000) in paragraph at lines 98--98
[]|\T1/cmr/m/n/10.95 /-media/-sf_darkphotons/-

Underfull \hbox (badness 10000) in paragraph at lines 98--98
\T1/cmr/m/n/10.95 madgraph/-e+e-2e+e-

Underfull \hbox (badness 10000) in paragraph at lines 98--98
\T1/cmr/m/n/10.95 y/-Events/-run_02/-

Underfull \hbox (badness 10000) in paragraph at lines 98--98
[]|\T1/cmr/m/n/10.95 444717500 @
[3]
Underfull \hbox (badness 10000) in paragraph at lines 118--118
[]|\T1/cmr/m/n/10.95 Entries /-

Overfull \hbox (17.62485pt too wide) in paragraph at lines 118--118
[]|\T1/cmr/m/n/10.95 %Underflow| 

Overfull \hbox (11.27718pt too wide) in paragraph at lines 118--119
[]|\T1/cmr/m/n/10.95 %Overflow| 

Overfull \hbox (29.7246pt too wide) in paragraph at lines 116--123
 [] 
<selection_0.png, id=72, 698.61pt x 473.77pt> <use selection_0.png> [4 <./selec
tion_0.png (PNG copy)>] (./main.aux) )
(see the transcript file for additional information) </home/local1/.texlive2007
/texmf-var/fonts/pk/ljfour/jknappen/ec/ecrm1000.600pk> </home/local1/.texlive20
07/texmf-var/fonts/pk/ljfour/jknappen/ec/ecbx1000.600pk> </home/local1/.texlive
2007/texmf-var/fonts/pk/ljfour/jknappen/ec/ectt1095.600pk> </home/local1/.texli
ve2007/texmf-var/fonts/pk/ljfour/jknappen/ec/ecbx1200.600pk> </home/local1/.tex
live2007/texmf-var/fonts/pk/ljfour/jknappen/ec/ecti1095.600pk> </home/local1/.t
exlive2007/texmf-var/fonts/pk/ljfour/jknappen/ec/ecbx1095.600pk> </home/local1/
.texlive2007/texmf-var/fonts/pk/ljfour/jknappen/ec/eccc1095.600pk> </home/local
1/.texlive2007/texmf-var/fonts/pk/ljfour/jknappen/ec/ecrm1095.600pk> </home/loc
al1/.texlive2007/texmf-var/fonts/pk/ljfour/jknappen/ec/ecsx1095.600pk> </home/l
ocal1/.texlive2007/texmf-var/fonts/pk/ljfour/jknappen/ec/ecsx1728.600pk></usr/s
hare/texmf/fonts/type1/bluesky/cm/cmr8.pfb></usr/share/texmf/fonts/type1/bluesk
y/cm/cmsy10.pfb></usr/share/texmf/fonts/type1/bluesky/cm/cmsy8.pfb>
Output written on main.pdf (5 pages, 149477 bytes).
Transcript written on main.log.
