 Process in group number            0
 No PDF is used, alpha_s(MZ) from param_card is used
 Value of alpha_s from param_card:   0.11800000071525575     
 The default order of alpha_s running is fixed to            2
<<<<<<< HEAD
=======
 Warning: pt or E min of a gamma should in general be >0
 Warning: pt or E min of a gamma should in general be >0
 Warning: pt or E min of a gamma should in general be >0
>>>>>>> 911b5ec345c81b054214c521136984e9d6306827
 *****************************************************
 *               MadGraph/MadEvent                   *
 *        --------------------------------           *
 *          http://madgraph.hep.uiuc.edu             *
 *          http://madgraph.phys.ucl.ac.be           *
 *          http://madgraph.roma2.infn.it            *
 *        --------------------------------           *
 *                                                   *
 *          PARAMETER AND COUPLING VALUES            *
 *                                                   *
 *****************************************************

  External Params
  ---------------------------------
  
 aEWM1 =    132.50700378417969     
 mdl_Gf =   1.16639000000000003E-005
 aS =   0.11800000071525575     
 mdl_ymb =    4.6999998092651367     
 mdl_ymt =    173.00000000000000     
 mdl_yme =   5.10999991092830896E-004
 mdl_ymm =   0.10565999895334244     
 mdl_ymtau =    1.7769999504089355     
 mdl_MZ =    91.188003540039063     
 mdl_MT =    173.00000000000000     
 mdl_MB =    4.6999998092651367     
 mdl_MH =    125.00000000000000     
 mdl_Me =   5.10999991092830896E-004
 mdl_MM =   0.10565999895334244     
 mdl_MTA =    1.7769999504089355     
 mdl_WZ =    2.4414041042327881     
 mdl_WW =    2.0476000308990479     
 mdl_WT =    1.4915000200271606     
 mdl_WH =   6.38233916833996773E-003
 mdl_WTau =   2.26999999999999982E-012
  Internal Params
  ---------------------------------
  
 mdl_conjg__CKM3x3 =    1.0000000000000000     
 mdl_CKM3x3 =    1.0000000000000000     
 mdl_conjg__CKM1x1 =    1.0000000000000000     
 mdl_complexi =  (  0.0000000000000000     ,  1.0000000000000000     )
 mdl_MZ__exp__2 =    8315.2519896181766     
 mdl_MZ__exp__4 =    69143415.650849044     
 mdl_sqrt__2 =    1.4142135623730951     
 mdl_MH__exp__2 =    15625.000000000000     
 mdl_aEW =   7.54677089845565054E-003
 mdl_MW =    80.419007276179556     
 mdl_sqrt__aEW =   8.68721526063194194E-002
 mdl_ee =   0.30795376284704501     
 mdl_MW__exp__2 =    6467.2167312862202     
 mdl_sw2 =   0.22224645274001076     
 mdl_cw =   0.88190336616887299     
 mdl_sqrt__sw2 =   0.47143022043565552     
 mdl_sw =   0.47143022043565552     
 mdl_g1 =   0.34919218438279087     
 mdl_gw =   0.65323296958447097     
 mdl_vev =    246.21845810181631     
 mdl_vev__exp__2 =    60623.529110035874     
 mdl_lam =   0.12886910601690271     
 mdl_yb =   2.69955531549349904E-002
 mdl_ye =   2.93504850670934038E-006
 mdl_ym =   6.06883028478528356E-004
 mdl_yt =   0.99366614581500645     
 mdl_ytau =   1.02066167158167895E-002
 mdl_muH =    88.388347648318444     
 mdl_I1x33 =  ( 2.69955531549349904E-002,  0.0000000000000000     )
 mdl_I2x33 =  ( 0.99366614581500645     ,  0.0000000000000000     )
 mdl_I3x33 =  ( 0.99366614581500645     ,  0.0000000000000000     )
 mdl_I4x33 =  ( 2.69955531549349904E-002,  0.0000000000000000     )
 mdl_ee__exp__2 =   9.48355200516540348E-002
 mdl_sw__exp__2 =   0.22224645274001076     
 mdl_cw__exp__2 =   0.77775354725998924     
  Internal Params evaluated point by point
  ----------------------------------------
  
 mdl_sqrt__aS =   0.34351128178744839     
 mdl_G__exp__2 =    1.4828317414825511     
  Couplings of sm-lepton_masses
  ---------------------------------
  
         GC_3 =  -0.00000E+00  -0.30795E+00

 Collider parameters:
 --------------------

<<<<<<< HEAD
 Running at e e   machine @   7.14879999999999960E-002  GeV
=======
 Running at e e   machine @   7.00000000000000067E-002  GeV
>>>>>>> 911b5ec345c81b054214c521136984e9d6306827
 PDF set = none   
 alpha_s(Mz)= 0.1180 running at 2 loops.
 alpha_s(Mz)= 0.1180 running at 2 loops.
 Renormalization scale fixed @    91.188000000000002     
 Factorization scales  fixed @    91.188000000000002        91.188000000000002     


 getting user params
Enter number of events and max and min iterations: 
<<<<<<< HEAD
 Number of events and iterations         2000           9           3
Enter desired fractional accuracy: 
 Desired fractional accuracy:  -1.03289999999999995E-004
=======
 Number of events and iterations         1000           9           3
Enter desired fractional accuracy: 
 Desired fractional accuracy:  -4.27509999999999978E-004
>>>>>>> 911b5ec345c81b054214c521136984e9d6306827
Enter 0 for fixed, 2 for adjustable grid: 
Suppress amplitude (0 no, 1 yes)? 
 Using suppressed amplitude.
Exact helicity sum (0 yes, n = number/event)? 
 Explicitly summing over helicities
Enter Configuration Number: 
Running Configuration Number:    1
 Not subdividing B.W.
 Attempting mappinvarients           1           5
 Completed mapping           5
<<<<<<< HEAD
 about to integrate            5        2000           9           3           5           1
 Using non-zero grid deformation.
  5 dimensions   2000 events  5 invarients  9 iterations  1 config(s),  (0.99)
 Using h-tuple random number sequence.
 Error opening grid
 Using Uniform Grid!
 Using uniform alpha   1.0000000000000000     
 Grid defined OK
 Set CM energy to          0.07
 Mapping Graph           1  to config           1
Setting grid   1    0.17611E-04   1
Setting grid   2    0.17611E-04   1
=======
 about to integrate            5        1000           9           3           5           1
 Keeping grid fixed.
  5 dimensions   1000 events  5 invarients  9 iterations  1 config(s),  (0.99)
 Using h-tuple random number sequence.
 Grid read from file
 Grid defined OK
 Set CM energy to          0.07
 Mapping Graph           1  to config           1
 Warning: No cutoff for shat integral found
          Minimum set to    204.08163265306121     
 No modification is setgrid, grid read from file
 Warning: No cutoff for shat integral found
          Minimum set to    204.08163265306121     
 No modification is setgrid, grid read from file
>>>>>>> 911b5ec345c81b054214c521136984e9d6306827
 Masses: 0.511E-03 0.511E-03 0.000E+00 0.000E+00 0.000E+00
   1   1   2   3   4   5
 Got moffset           8
Using random seed offsets     1 :      1
<<<<<<< HEAD
  with seed                  114
 Ranmar initialization seeds       20445        4667
=======
  with seed                   48
 Ranmar initialization seeds       30234        4598
>>>>>>> 911b5ec345c81b054214c521136984e9d6306827
  Particle       3       4       5
      Et >     0.0     0.0     0.0
       E >     0.0     0.0     0.0
     Eta <    -1.0    -1.0    -1.0
   xqcut:      0.0     0.0     0.0
d R # 3  >    -0.0     0.0     0.0
d R # 4  >    -0.0    -0.0     0.0
s min # 3>     0.0     0.0     0.0
s min # 4>     0.0     0.0     0.0
xqcutij # 3>     0.0     0.0     0.0
xqcutij # 4>     0.0     0.0     0.0
 alpha_s for scale    91.188000000000002       is   0.11800000071525575     
<<<<<<< HEAD
 Added good helicity            1  2.23098516014629822E-002  in event            1
 Added good helicity            2  1.39142803498994502E-004  in event            1
 Added good helicity            3  1.31448592174478150E-002  in event            1
 Added good helicity            4  1.17121871348870023E-005  in event            1
 Added good helicity            5  2.44598666817194034E-003  in event            1
 Added good helicity            6  1.18992682317522010E-005  in event            1
 Added good helicity            7  1.04203978830984641E-004  in event            1
 Added good helicity           10   13.371646069926751       in event            1
 Added good helicity           11  6.26099541005217548E-003  in event            1
 Added good helicity           12   2.0188460469833727       in event            1
 Added good helicity           13  1.63030056930441015E-003  in event            1
 Added good helicity           14  0.54400765448880528       in event            1
 Added good helicity           15  1.94412768386790884E-002  in event            1
 Added good helicity           18  1.94412768386790884E-002  in event            1
 Added good helicity           19  0.54400765448880528       in event            1
 Added good helicity           20  1.63030056930440993E-003  in event            1
 Added good helicity           21   2.0188460469833727       in event            1
 Added good helicity           22  6.26099541005217808E-003  in event            1
 Added good helicity           23   13.371646069926751       in event            1
 Added good helicity           26  1.04203978830984601E-004  in event            1
 Added good helicity           27  1.18992682317522061E-005  in event            1
 Added good helicity           28  2.44598666817194034E-003  in event            1
 Added good helicity           29  1.17121871348870057E-005  in event            1
 Added good helicity           30  1.31448592174478202E-002  in event            1
 Added good helicity           31  1.39142803498994448E-004  in event            1
 Added good helicity           32  2.23098516014629822E-002  in event            1
 Iteration  1   Mean: 0.3722E+08 Abs mean: 0.3722E+08   Fluctuation:  0.758E+07   0.147E+11    99.1%
  1    0.3722E+08 0.3722E+08 +- 0.7584E+07      9.11
 Writing out events   2087.6889873985988        9.1112172138141450     
 Relative summed weights:
  0.1242E+00  0.0000E+00
  0.1231E+00  0.0000E+00
  0.1344E+00  0.0000E+00
  0.3248E+00  0.0000E+00
  0.1636E+00  0.0000E+00
  0.1299E+00  0.0000E+00
 Relative number of events:
  0.1545E+00  0.0000E+00
  0.1590E+00  0.0000E+00
  0.1660E+00  0.0000E+00
  0.1685E+00  0.0000E+00
  0.1915E+00  0.0000E+00
  0.1605E+00  0.0000E+00
 Events:
         309           0
         318           0
         332           0
         337           0
         383           0
         321           0
 Iteration  2   Mean: 0.3612E+08 Abs mean: 0.3612E+08   Fluctuation:  0.162E+07   0.333E+10    97.6%
  2    0.3612E+08 0.3612E+08 +- 0.1624E+07      2.84
 Relative summed weights:
  0.1622E+00  0.0000E+00
  0.1661E+00  0.0000E+00
  0.1463E+00  0.0000E+00
  0.1955E+00  0.0000E+00
  0.1577E+00  0.0000E+00
  0.1722E+00  0.0000E+00
 Relative number of events:
  0.1735E+00  0.0000E+00
  0.1665E+00  0.0000E+00
  0.1640E+00  0.0000E+00
  0.1683E+00  0.0000E+00
  0.1690E+00  0.0000E+00
  0.1588E+00  0.0000E+00
 Events:
         694           0
         666           0
         656           0
         673           0
         676           0
         635           0
 Iteration  3   Mean: 0.3859E+08 Abs mean: 0.3859E+08   Fluctuation:  0.118E+07   0.388E+10    98.0%
  3    0.3859E+08 0.3859E+08 +- 0.1177E+07      2.73
 Relative summed weights:
  0.1449E+00  0.0000E+00
  0.1865E+00  0.0000E+00
  0.1508E+00  0.0000E+00
  0.1684E+00  0.0000E+00
  0.1641E+00  0.0000E+00
  0.1854E+00  0.0000E+00
 Relative number of events:
  0.1619E+00  0.0000E+00
  0.1701E+00  0.0000E+00
  0.1623E+00  0.0000E+00
  0.1745E+00  0.0000E+00
  0.1616E+00  0.0000E+00
  0.1696E+00  0.0000E+00
 Events:
        1295           0
        1361           0
        1298           0
        1396           0
        1293           0
        1357           0
 Found          774  events.
 Wrote           73  events.
 Actual xsec    37801401.646652348     
 Correct abs xsec    37801401.646652348     
 Event xsec    37801401.646652333     
 Events wgts > 1:            3
 % Cross section > 1:    47268.926637186611       0.12504543370912999     
 Checking number of events   3904.5067760827210               73  chi2:   0.76307894891355887     
 Found          774  events.
 Wrote           91  events.
 Actual xsec    37801401.646652348     
 Correct abs xsec    37801401.646652348     
 Event xsec    37801401.646652311     
 Events wgts > 1:            3
 % Cross section > 1:    37928.410372847458       0.10033598946246056     
 Iteration  4   Mean: 0.4103E+08 Abs mean: 0.4103E+08   Fluctuation:  0.998E+06   0.879E+10    97.1%
  4    0.4103E+08 0.4103E+08 +- 0.9980E+06      3.08
 Relative summed weights:
  0.1841E+00  0.0000E+00
  0.1589E+00  0.0000E+00
  0.1644E+00  0.0000E+00
  0.1723E+00  0.0000E+00
  0.1622E+00  0.0000E+00
  0.1581E+00  0.0000E+00
 Relative number of events:
  0.1724E+00  0.0000E+00
  0.1638E+00  0.0000E+00
  0.1672E+00  0.0000E+00
  0.1653E+00  0.0000E+00
  0.1703E+00  0.0000E+00
  0.1610E+00  0.0000E+00
 Events:
        2759           0
        2621           0
        2675           0
        2644           0
        2725           0
        2576           0
 Found         1568  events.
 Wrote          151  events.
 Actual xsec    39480825.643970877     
 Correct abs xsec    39480825.643970877     
 Event xsec    39480825.643970914     
 Events wgts > 1:            3
 % Cross section > 1:    363451.81229315768       0.92057804355634121     
 Checking number of events   4077.9744807657517              151  chi2:    3.6364589405033239     
 Found         1568  events.
 Wrote          161  events.
 Actual xsec    39480825.643970877     
 Correct abs xsec    39480825.643970877     
 Event xsec    39480825.643970817     
 Events wgts > 1:            3
 % Cross section > 1:    341072.18641537265       0.86389324653715382     
 Iteration  5   Mean: 0.3954E+08 Abs mean: 0.3954E+08   Fluctuation:  0.429E+06   0.447E+10    96.9%
  5    0.3954E+08 0.3954E+08 +- 0.4286E+06      1.94
 Relative summed weights:
  0.1662E+00  0.0000E+00
  0.1692E+00  0.0000E+00
  0.1614E+00  0.0000E+00
  0.1579E+00  0.0000E+00
  0.1759E+00  0.0000E+00
  0.1694E+00  0.0000E+00
 Relative number of events:
  0.1654E+00  0.0000E+00
  0.1714E+00  0.0000E+00
  0.1632E+00  0.0000E+00
  0.1656E+00  0.0000E+00
  0.1644E+00  0.0000E+00
  0.1701E+00  0.0000E+00
 Events:
        5293           0
        5484           0
        5221           0
        5299           0
        5260           0
        5443           0
 Found         2998  events.
 Wrote          835  events.
 Actual xsec    39675990.773193955     
 Correct abs xsec    39675990.773193955     
 Event xsec    39675990.773194678     
 Events wgts > 1:           12
 % Cross section > 1:    374524.10258974275       0.94395652204550196     
 Checking number of events   4098.1330869632038              835  chi2:    1.3957982474959545     
 Found         2998  events.
 Wrote          825  events.
 Actual xsec    39675990.773193955     
 Correct abs xsec    39675990.773193955     
 Event xsec    39675990.773194045     
 Events wgts > 1:           12
 % Cross section > 1:    379020.42155459838       0.95528911608345457     
 Iteration  6   Mean: 0.3978E+08 Abs mean: 0.3978E+08   Fluctuation:  0.278E+06   0.461E+10    96.8%
  6    0.3978E+08 0.3978E+08 +- 0.2782E+06      1.77
 Relative summed weights:
  0.1677E+00  0.0000E+00
  0.1655E+00  0.0000E+00
  0.1668E+00  0.0000E+00
  0.1695E+00  0.0000E+00
  0.1665E+00  0.0000E+00
  0.1640E+00  0.0000E+00
 Relative number of events:
  0.1694E+00  0.0000E+00
  0.1634E+00  0.0000E+00
  0.1667E+00  0.0000E+00
  0.1680E+00  0.0000E+00
  0.1679E+00  0.0000E+00
  0.1647E+00  0.0000E+00
 Events:
       10840           0
       10456           0
       10667           0
       10753           0
       10744           0
       10540           0
 Found         6334  events.
 Wrote         2040  events.
 Actual xsec    39783095.606655754     
 Correct abs xsec    39783095.606655754     
 Event xsec    39783095.606658168     
 Events wgts > 1:           37
 % Cross section > 1:    383323.96263815579       0.96353477976711799     
 Checking number of events   4109.1959452114725             2040  chi2:   0.93809649239745418     
 Found         6334  events.
 Wrote         2084  events.
 Actual xsec    39783095.606655754     
 Correct abs xsec    39783095.606655754     
 Event xsec    39783095.606658138     
 Events wgts > 1:           37
 % Cross section > 1:    375307.10039219732       0.94338335081542923     
 Iteration  7   Mean: 0.4031E+08 Abs mean: 0.4031E+08   Fluctuation:  0.197E+06   0.466E+10    96.8%
  7    0.4031E+08 0.4031E+08 +- 0.1967E+06      1.75
 Relative summed weights:
  0.1682E+00  0.0000E+00
  0.1705E+00  0.0000E+00
  0.1650E+00  0.0000E+00
  0.1657E+00  0.0000E+00
  0.1672E+00  0.0000E+00
  0.1634E+00  0.0000E+00
 Relative number of events:
  0.1678E+00  0.0000E+00
  0.1668E+00  0.0000E+00
  0.1673E+00  0.0000E+00
  0.1643E+00  0.0000E+00
  0.1680E+00  0.0000E+00
  0.1658E+00  0.0000E+00
 Events:
       21476           0
       21351           0
       21416           0
       21026           0
       21504           0
       21227           0
 Found        12776  events.
 Wrote         4126  events.
 Actual xsec    40065743.727377310     
 Correct abs xsec    40065743.727377310     
 Event xsec    40065743.727378398     
 Events wgts > 1:           86
 % Cross section > 1:    402658.63189993129        1.0049947771836314     
 Checking number of events   4138.3906696008025             4126  chi2:    2.0475978358303522     
 Found        12776  events.
 Wrote         4146  events.
 Actual xsec    40065743.727377310     
 Correct abs xsec    40065743.727377310     
 Event xsec    40065743.727375537     
 Events wgts > 1:           86
 % Cross section > 1:    400735.66393366538        1.0001952457451990     
 Iteration  8   Mean: 0.4021E+08 Abs mean: 0.4021E+08   Fluctuation:  0.128E+06   0.399E+10    96.8%
  8    0.4021E+08 0.4021E+08 +- 0.1283E+06      1.61
 Relative summed weights:
  0.1656E+00  0.0000E+00
  0.1676E+00  0.0000E+00
  0.1656E+00  0.0000E+00
  0.1671E+00  0.0000E+00
  0.1675E+00  0.0000E+00
  0.1665E+00  0.0000E+00
 Relative number of events:
  0.1670E+00  0.0000E+00
  0.1677E+00  0.0000E+00
  0.1671E+00  0.0000E+00
  0.1657E+00  0.0000E+00
  0.1667E+00  0.0000E+00
  0.1658E+00  0.0000E+00
 Events:
       42760           0
       42936           0
       42769           0
       42418           0
       42681           0
       42436           0
 Found        25445  events.
 Wrote        10133  events.
 Actual xsec    40178864.718332887     
 Correct abs xsec    40178864.718332887     
 Event xsec    40178864.718330018     
 Events wgts > 1:          189
 % Cross section > 1:    396602.33160980535       0.98709193101932324     
 Checking number of events   4150.0749367566041            10133  chi2:    1.2780782421947812     

 -------------------------------------------------------------------------------
 Accumulated results:   Integral =  0.4013E+08
                        Std dev  =  0.9665E+05
                       Cross sec =  0.1726E+01
             Chi**2 per DoF.     =
-------------------------------------------------
---------------------------
 Results Last   3 iters: Integral =   0.4018E+08
                     Abs integral =   0.4018E+08
                          Std dev =   0.1002E+06
                  Chi**2 per DoF. =      1.2781
-------------------------------------------------
---------------------------
 Status -1.03289999999999995E-004           9           9
 We found enough events       10133   4150.0749367566041     
=======
 Added good helicity            1  0.96040345564922858       in event            1
 Added good helicity            2   1.0797434644407495       in event            1
 Added good helicity            3  3.43810991040856032E-005  in event            1
 Added good helicity            5  1.47244393552051647E-006  in event            1
 Added good helicity           10  1.98164248625415644E-006  in event            1
 Added good helicity           11  1.93135999208772082E-006  in event            1
 Added good helicity           13   5.8045838956276086       in event            1
 Added good helicity           14   8.1550748032183566       in event            1
 Added good helicity           15  1.52747460339258879E-004  in event            1
 Added good helicity           18  1.52747460339258879E-004  in event            1
 Added good helicity           19   8.1550748032183549       in event            1
 Added good helicity           20   5.8045838956276068       in event            1
 Added good helicity           22  1.93135999208772082E-006  in event            1
 Added good helicity           23  1.98164248625415898E-006  in event            1
 Added good helicity           28  1.47244393552051583E-006  in event            1
 Added good helicity           30  3.43810991040856032E-005  in event            1
 Added good helicity           31   1.0797434644407491       in event            1
 Added good helicity           32  0.96040345564922858       in event            1
 Added good helicity            4  5.47021745232289581E-004  in event            3
 Added good helicity            7  5.47148525713236954E-004  in event            3
 Added good helicity           12  0.93244939777076719       in event            3
 Added good helicity           21  0.93244939777076719       in event            3
 Added good helicity           26  5.47148525713236954E-004  in event            3
 Added good helicity           29  5.47021745232289581E-004  in event            3
 Added good helicity            6  1.23523499883907769E-005  in event            4
 Added good helicity           27  1.23523499883907803E-005  in event            4
 Iteration  1   Mean: 0.8448E+08 Abs mean: 0.8448E+08   Fluctuation:  0.357E+07   0.151E+10    99.7%
  1    0.8448E+08 0.8448E+08 +- 0.3567E+07      1.34
 Writing out events   9414.3972183527767        1.3352572912701026     
 Relative summed weights:
  0.1683E+00  0.0000E+00
  0.1553E+00  0.0000E+00
  0.1448E+00  0.0000E+00
  0.1686E+00  0.0000E+00
  0.1788E+00  0.0000E+00
  0.1843E+00  0.0000E+00
 Relative number of events:
  0.1750E+00  0.0000E+00
  0.1490E+00  0.0000E+00
  0.1610E+00  0.0000E+00
  0.1590E+00  0.0000E+00
  0.1880E+00  0.0000E+00
  0.1680E+00  0.0000E+00
 Events:
         175           0
         149           0
         161           0
         159           0
         188           0
         168           0
 Iteration  2   Mean: 0.1094E+09 Abs mean: 0.1094E+09   Fluctuation:  0.814E+07   0.734E+10    99.5%
  2    0.1094E+09 0.1094E+09 +- 0.8139E+07      3.33
 Relative summed weights:
  0.2095E+00  0.0000E+00
  0.1235E+00  0.0000E+00
  0.1956E+00  0.0000E+00
  0.1626E+00  0.0000E+00
  0.1412E+00  0.0000E+00
  0.1675E+00  0.0000E+00
 Relative number of events:
  0.1640E+00  0.0000E+00
  0.1560E+00  0.0000E+00
  0.1700E+00  0.0000E+00
  0.1660E+00  0.0000E+00
  0.1760E+00  0.0000E+00
  0.1680E+00  0.0000E+00
 Events:
         328           0
         312           0
         340           0
         332           0
         352           0
         336           0
 Iteration  3   Mean: 0.1107E+09 Abs mean: 0.1107E+09   Fluctuation:  0.102E+08   0.319E+11    99.3%
  3    0.1107E+09 0.1107E+09 +- 0.1024E+08      5.85
 Relative summed weights:
  0.1472E+00  0.0000E+00
  0.1461E+00  0.0000E+00
  0.1361E+00  0.0000E+00
  0.2340E+00  0.0000E+00
  0.1506E+00  0.0000E+00
  0.1860E+00  0.0000E+00
 Relative number of events:
  0.1685E+00  0.0000E+00
  0.1708E+00  0.0000E+00
  0.1730E+00  0.0000E+00
  0.1680E+00  0.0000E+00
  0.1600E+00  0.0000E+00
  0.1598E+00  0.0000E+00
 Events:
         674           0
         683           0
         692           0
         672           0
         640           0
         639           0
 Found          326  events.
 Wrote           15  events.
 Actual xsec    93308495.538900584     
 Correct abs xsec    93308495.538900584     
 Event xsec    93308495.538900599     
 Events wgts > 1:            1
 % Cross section > 1:   0.17782139871269464       1.90573642502423993E-007
 Checking number of events   39890.314927835389               15  chi2:    6.4777707082894782     
 Found          326  events.
 Wrote           18  events.
 Actual xsec    93308495.538900584     
 Correct abs xsec    93308495.538900584     
 Event xsec    93308495.538900599     
 Events wgts > 1:            1
 % Cross section > 1:   0.14818449877202511       1.58811368585668084E-007
 Iteration  4   Mean: 0.1138E+09 Abs mean: 0.1138E+09   Fluctuation:  0.934E+07   0.676E+11    99.2%
  4    0.1138E+09 0.1138E+09 +- 0.9341E+07      7.34
 Relative summed weights:
  0.1411E+00  0.0000E+00
  0.1573E+00  0.0000E+00
  0.2013E+00  0.0000E+00
  0.1680E+00  0.0000E+00
  0.1787E+00  0.0000E+00
  0.1537E+00  0.0000E+00
 Relative number of events:
  0.1679E+00  0.0000E+00
  0.1756E+00  0.0000E+00
  0.1584E+00  0.0000E+00
  0.1654E+00  0.0000E+00
  0.1661E+00  0.0000E+00
  0.1666E+00  0.0000E+00
 Events:
        1343           0
        1405           0
        1267           0
        1323           0
        1329           0
        1333           0
 Found          653  events.
 Wrote           17  events.
 Actual xsec    111248058.78098144     
 Correct abs xsec    111248058.78098144     
 Event xsec    111248058.78098142     
 Events wgts > 1:            1
 % Cross section > 1:   0.49520087614655495       4.45132150235067981E-007
 Checking number of events   47559.657609457368               17  chi2:   6.46601655841633066E-002
 Found          653  events.
 Wrote           15  events.
 Actual xsec    111248058.78098144     
 Correct abs xsec    111248058.78098144     
 Event xsec    111248058.78098147     
 Events wgts > 1:            1
 % Cross section > 1:   0.56122765876352787       5.04483102818395615E-007
 Iteration  5   Mean: 0.1229E+09 Abs mean: 0.1229E+09   Fluctuation:  0.117E+08   0.171E+12    99.4%
  5    0.1229E+09 0.1229E+09 +- 0.1173E+08     12.08
 Relative summed weights:
  0.1515E+00  0.0000E+00
  0.1493E+00  0.0000E+00
  0.1623E+00  0.0000E+00
  0.1356E+00  0.0000E+00
  0.1405E+00  0.0000E+00
  0.2608E+00  0.0000E+00
 Relative number of events:
  0.1675E+00  0.0000E+00
  0.1666E+00  0.0000E+00
  0.1649E+00  0.0000E+00
  0.1673E+00  0.0000E+00
  0.1651E+00  0.0000E+00
  0.1686E+00  0.0000E+00
 Events:
        2680           0
        2665           0
        2638           0
        2677           0
        2642           0
        2698           0
 Found         1276  events.
 Wrote            8  events.
 Actual xsec    115514674.57470958     
 Correct abs xsec    115514674.57470958     
 Event xsec    115514674.57470958     
 Events wgts > 1:            1
 % Cross section > 1:    2.7074446231126785       2.34381011164224648E-006
 Checking number of events   49383.678527434087                8  chi2:   0.32023873186404350     
 Found         1276  events.
 Wrote           12  events.
 Actual xsec    115514674.57470958     
 Correct abs xsec    115514674.57470958     
 Event xsec    115514674.57470956     
 Events wgts > 1:            1
 % Cross section > 1:    1.8049630951136351       1.56254008571548905E-006
 Iteration  6   Mean: 0.1273E+09 Abs mean: 0.1273E+09   Fluctuation:  0.737E+07   0.173E+12    99.4%
  6    0.1273E+09 0.1273E+09 +- 0.7368E+07     10.35
 Relative summed weights:
  0.1995E+00  0.0000E+00
  0.1452E+00  0.0000E+00
  0.1616E+00  0.0000E+00
  0.1764E+00  0.0000E+00
  0.1559E+00  0.0000E+00
  0.1615E+00  0.0000E+00
 Relative number of events:
  0.1672E+00  0.0000E+00
  0.1677E+00  0.0000E+00
  0.1698E+00  0.0000E+00
  0.1645E+00  0.0000E+00
  0.1639E+00  0.0000E+00
  0.1668E+00  0.0000E+00
 Events:
        5350           0
        5366           0
        5434           0
        5265           0
        5246           0
        5339           0
 Found         2446  events.
 Wrote           24  events.
 Actual xsec    122856664.37882936     
 Correct abs xsec    122856664.37882936     
 Event xsec    122856664.37882948     
 Events wgts > 1:            1
 % Cross section > 1:    1.2495664209127426       1.01709290841536682E-006
 Checking number of events   52522.452588593340               24  chi2:   0.64993781551359708     
 Found         2446  events.
 Wrote           31  events.
 Actual xsec    122856664.37882936     
 Correct abs xsec    122856664.37882936     
 Event xsec    122856664.37882942     
 Events wgts > 1:            1
 % Cross section > 1:   0.96740626310929656       7.87426769235971080E-007
 Iteration  7   Mean: 0.1200E+09 Abs mean: 0.1200E+09   Fluctuation:  0.434E+07   0.146E+12    99.5%
  7    0.1200E+09 0.1200E+09 +- 0.4342E+07      9.16
 Relative summed weights:
  0.1661E+00  0.0000E+00
  0.1649E+00  0.0000E+00
  0.1753E+00  0.0000E+00
  0.1765E+00  0.0000E+00
  0.1612E+00  0.0000E+00
  0.1559E+00  0.0000E+00
 Relative number of events:
  0.1672E+00  0.0000E+00
  0.1678E+00  0.0000E+00
  0.1680E+00  0.0000E+00
  0.1666E+00  0.0000E+00
  0.1646E+00  0.0000E+00
  0.1658E+00  0.0000E+00
 Events:
       10698           0
       10737           0
       10754           0
       10665           0
       10535           0
       10611           0
 Found         4693  events.
 Wrote           44  events.
 Actual xsec    122133995.04071462     
 Correct abs xsec    122133995.04071462     
 Event xsec    122133995.04071465     
 Events wgts > 1:            1
 % Cross section > 1:    2971.3074585138820       2.43282589546290175E-003
 Checking number of events   52213.504219855902               44  chi2:   0.37254868855274459     
 Found         4693  events.
 Wrote           55  events.
 Actual xsec    122133995.04071462     
 Correct abs xsec    122133995.04071462     
 Event xsec    122133995.04071453     
 Events wgts > 1:            1
 % Cross section > 1:    2377.0575327454135       1.94627018624339500E-003
 Iteration  8   Mean: 0.1310E+09 Abs mean: 0.1310E+09   Fluctuation:  0.771E+07   0.687E+12    99.5%
  8    0.1310E+09 0.1310E+09 +- 0.7714E+07     21.06
 Relative summed weights:
  0.2115E+00  0.0000E+00
  0.1578E+00  0.0000E+00
  0.2023E+00  0.0000E+00
  0.1489E+00  0.0000E+00
  0.1423E+00  0.0000E+00
  0.1372E+00  0.0000E+00
 Relative number of events:
  0.1664E+00  0.0000E+00
  0.1680E+00  0.0000E+00
  0.1668E+00  0.0000E+00
  0.1666E+00  0.0000E+00
  0.1651E+00  0.0000E+00
  0.1671E+00  0.0000E+00
 Events:
       21296           0
       21504           0
       21350           0
       21327           0
       21132           0
       21391           0
 Found         9781  events.
 Wrote           25  events.
 Actual xsec    123975568.74042328     
 Correct abs xsec    123975568.74042328     
 Event xsec    123975568.74042337     
 Events wgts > 1:            1
 % Cross section > 1:   0.40290281735360622       3.24985657615487990E-007
 Checking number of events   53000.795392218351               25  chi2:   0.94241082860907044     
 Found         9781  events.
 Wrote           24  events.
 Actual xsec    123975568.74042328     
 Correct abs xsec    123975568.74042328     
 Event xsec    123975568.74042335     
 Events wgts > 1:            1
 % Cross section > 1:   0.41969043482095003       3.38526726745401259E-007
 Iteration  9   Mean: 0.1314E+09 Abs mean: 0.1314E+09   Fluctuation:  0.834E+07   0.194E+13    99.5%
  9    0.1314E+09 0.1314E+09 +- 0.8340E+07     32.10
 Relative summed weights:
  0.2113E+00  0.0000E+00
  0.1544E+00  0.0000E+00
  0.1793E+00  0.0000E+00
  0.1545E+00  0.0000E+00
  0.1490E+00  0.0000E+00
  0.1516E+00  0.0000E+00
 Relative number of events:
  0.1668E+00  0.0000E+00
  0.1666E+00  0.0000E+00
  0.1672E+00  0.0000E+00
  0.1668E+00  0.0000E+00
  0.1663E+00  0.0000E+00
  0.1662E+00  0.0000E+00
 Events:
       42706           0
       42657           0
       42802           0
       42710           0
       42582           0
       42543           0
 Found        18236  events.
 Wrote           14  events.
 Actual xsec    124629369.35540867     
 Correct abs xsec    124629369.35540867     
 Event xsec    124629369.35540868     
 Events wgts > 1:            1
 % Cross section > 1:   0.94935168884694576       7.61739944410418908E-007
 Checking number of events   53280.301693130757               14  chi2:    1.2472634127401381     
 Found        18236  events.
 Wrote           12  events.
 Actual xsec    124629369.35540867     
 Correct abs xsec    124629369.35540867     
 Event xsec    124629369.35540865     
 Events wgts > 1:            1
 % Cross section > 1:    1.1075769700109959       8.88696601563064426E-007

 -------------------------------------------------------------------------------
 Accumulated results:   Integral =  0.1144E+09
                        Std dev  =  0.2194E+07
                       Cross sec =  0.1144E+09
             Chi**2 per DoF.     =      7.0909
 -------------------------------------------------------------------------------
-------------------------------------------------
---------------------------
 Results Last   3 iters: Integral =   0.1246E+09
                     Abs integral =   0.1246E+09
                          Std dev =   0.3456E+07
                  Chi**2 per DoF. =      1.2473
-------------------------------------------------
---------------------------
 Status -4.27509999999999978E-004          10           9
 Trying w/ fresh grid
 Starting w/ ncall =         4000
 Keeping grid fixed.
  5 dimensions   4000 events  5 invarients  8 iterations  1 config(s),  (0.99)
 Using h-tuple random number sequence.
 Error opening grid
 Using Uniform Grid!
 Using uniform alpha   1.0000000000000000     
 Grid defined OK
 Warning: No cutoff for shat integral found
          Minimum set to    204.08163265306121     
Setting grid   1    0.20408E+03   1
 Warning: No cutoff for shat integral found
          Minimum set to    204.08163265306121     
Setting grid   2    0.20408E+03   1
Warning xbin not returning correct x   2  0.999995E+00  0.998710E+00  0.2837E+03
Warning xbin not returning correct x   2  0.999984E+00  0.995497E+00  0.2837E+03
Warning xbin not returning correct x   2  0.999988E+00  0.996599E+00  0.2837E+03
Warning xbin not returning correct x   2  0.999982E+00  0.994967E+00  0.2837E+03
Warning xbin not returning correct x   2  0.999971E+00  0.991796E+00  0.2837E+03
Warning xbin still not working well. Last message this iteration.
 Iteration  1   Mean: 0.2510E+08 Abs mean: 0.2510E+08   Fluctuation:  0.688E+07   0.226E+11    99.2%
  1    0.2510E+08 0.2510E+08 +- 0.6880E+07     17.33
 Relative summed weights:
  0.4188E+00  0.0000E+00
  0.8698E-01  0.0000E+00
  0.9253E-01  0.0000E+00
  0.1820E+00  0.0000E+00
  0.1255E+00  0.0000E+00
  0.9415E-01  0.0000E+00
 Relative number of events:
  0.1635E+00  0.0000E+00
  0.1802E+00  0.0000E+00
  0.1650E+00  0.0000E+00
  0.1613E+00  0.0000E+00
  0.1610E+00  0.0000E+00
  0.1690E+00  0.0000E+00
 Events:
         654           0
         721           0
         660           0
         645           0
         644           0
         676           0
Warning xbin not returning correct x   1  0.986394E+00  0.999792E+00  0.1549E-01
Warning xbin not returning correct x   1  0.984921E+00  0.999770E+00  0.1549E-01
Warning xbin not returning correct x   1  0.986082E+00  0.999788E+00  0.1549E-01
Warning xbin not returning correct x   1  0.996278E+00  0.999943E+00  0.1549E-01
Warning xbin not returning correct x   1  0.984866E+00  0.999769E+00  0.1549E-01
Warning xbin still not working well. Last message this iteration.
 Iteration  2   Mean: 0.2723E+07 Abs mean: 0.2723E+07   Fluctuation:  0.135E+06   0.347E+09    93.1%
  2    0.2723E+07 0.2723E+07 +- 0.1355E+06      4.45
 Relative summed weights:
  0.1712E+00  0.0000E+00
  0.1501E+00  0.0000E+00
  0.1524E+00  0.0000E+00
  0.1568E+00  0.0000E+00
  0.1853E+00  0.0000E+00
  0.1842E+00  0.0000E+00
 Relative number of events:
  0.1658E+00  0.0000E+00
  0.1698E+00  0.0000E+00
  0.1630E+00  0.0000E+00
  0.1623E+00  0.0000E+00
  0.1671E+00  0.0000E+00
  0.1721E+00  0.0000E+00
 Events:
        1326           0
        1358           0
        1304           0
        1298           0
        1337           0
        1377           0
 Iteration  3   Mean: 0.3396E+08 Abs mean: 0.3396E+08   Fluctuation:  0.890E+07   0.121E+12    99.9%
  3    0.3396E+08 0.3396E+08 +- 0.8898E+07     33.14
 Relative summed weights:
  0.1584E+00  0.0000E+00
  0.3586E+00  0.0000E+00
  0.7421E-01  0.0000E+00
  0.1033E+00  0.0000E+00
  0.1801E+00  0.0000E+00
  0.1254E+00  0.0000E+00
 Relative number of events:
  0.1679E+00  0.0000E+00
  0.1722E+00  0.0000E+00
  0.1660E+00  0.0000E+00
  0.1636E+00  0.0000E+00
  0.1665E+00  0.0000E+00
  0.1638E+00  0.0000E+00
 Events:
        2686           0
        2756           0
        2656           0
        2617           0
        2664           0
        2621           0
 Found         1965  events.
 Wrote            1  events.
 Actual xsec    4466512.3399494030     
 Correct abs xsec    4466512.3399494030     
 Event xsec    4466512.3399494030     
 Events wgts > 1:            0
 % Cross section > 1:    0.0000000000000000        0.0000000000000000     
 Checking number of events   1909.4786904517691                1  chi2:    92.826670636589796     
 Found         1965  events.
 Wrote            3  events.
 Actual xsec    4466512.3399494030     
 Correct abs xsec    4466512.3399494030     
 Event xsec    4466512.3399494020     
 Events wgts > 1:            0
 % Cross section > 1:    0.0000000000000000        0.0000000000000000     
 Iteration  4   Mean: 0.1553E+09 Abs mean: 0.1553E+09   Fluctuation:  0.792E+08   0.245E+13    99.8%
  4    0.1553E+09 0.1553E+09 +- 0.7924E+08     91.26
 Relative summed weights:
  0.5326E-01  0.0000E+00
  0.7693E-01  0.0000E+00
  0.1852E+00  0.0000E+00
  0.6108E-01  0.0000E+00
  0.5883E+00  0.0000E+00
  0.3523E-01  0.0000E+00
 Relative number of events:
  0.1670E+00  0.0000E+00
  0.1670E+00  0.0000E+00
  0.1646E+00  0.0000E+00
  0.1700E+00  0.0000E+00
  0.1656E+00  0.0000E+00
  0.1658E+00  0.0000E+00
 Events:
        5345           0
        5344           0
        5267           0
        5441           0
        5299           0
        5304           0
 Found         1346  events.
 Wrote            3  events.
 Actual xsec    5188526.2002310986     
 Correct abs xsec    5188526.2002310986     
 Event xsec    5188526.2002310986     
 Events wgts > 1:            0
 % Cross section > 1:    0.0000000000000000        0.0000000000000000     
 Checking number of events   2218.1468358607967                3  chi2:    172.65442754021205     
 Found         1346  events.
 Wrote            4  events.
 Actual xsec    5188526.2002310986     
 Correct abs xsec    5188526.2002310986     
 Event xsec    5188526.2002310986     
 Events wgts > 1:            0
 % Cross section > 1:    0.0000000000000000        0.0000000000000000     
 Iteration  5   Mean: 0.7575E+08 Abs mean: 0.7575E+08   Fluctuation:  0.572E+07   0.198E+12    99.3%
  5    0.7575E+08 0.7575E+08 +- 0.5723E+07     19.11
 Relative summed weights:
  0.1287E+00  0.0000E+00
  0.1505E+00  0.0000E+00
  0.1773E+00  0.0000E+00
  0.1460E+00  0.0000E+00
  0.2201E+00  0.0000E+00
  0.1774E+00  0.0000E+00
 Relative number of events:
  0.1697E+00  0.0000E+00
  0.1667E+00  0.0000E+00
  0.1659E+00  0.0000E+00
  0.1675E+00  0.0000E+00
  0.1663E+00  0.0000E+00
  0.1640E+00  0.0000E+00
 Events:
       10859           0
       10666           0
       10616           0
       10721           0
       10641           0
       10497           0
 Found         1897  events.
 Wrote           23  events.
 Actual xsec    74181349.980801895     
 Correct abs xsec    74181349.980801895     
 Event xsec    74181349.980801925     
 Events wgts > 1:            2
 % Cross section > 1:    143341.25590505870       0.19323085376871046     
 Checking number of events   31713.268930292616               23  chi2:    10.779080056317705     
 Found         1897  events.
 Wrote           26  events.
 Actual xsec    74181349.980801895     
 Correct abs xsec    74181349.980801895     
 Event xsec    74181349.980801940     
 Events wgts > 1:            2
 % Cross section > 1:    126830.15810801601       0.17097310596374901     
 Fixing grid
 Iteration  6   Mean: 0.1164E+09 Abs mean: 0.1164E+09   Fluctuation:  0.156E+08   0.176E+13    99.2%
  6    0.1164E+09 0.1164E+09 +- 0.1565E+08     48.09
 Relative summed weights:
  0.1242E+00  0.0000E+00
  0.1336E+00  0.0000E+00
  0.1801E+00  0.0000E+00
  0.1734E+00  0.0000E+00
  0.2404E+00  0.0000E+00
  0.1482E+00  0.0000E+00
 Relative number of events:
  0.1678E+00  0.0000E+00
  0.1665E+00  0.0000E+00
  0.1677E+00  0.0000E+00
  0.1657E+00  0.0000E+00
  0.1659E+00  0.0000E+00
  0.1665E+00  0.0000E+00
 Events:
       21477           0
       21310           0
       21465           0
       21206           0
       21231           0
       21311           0
 Found         9438  events.
 Wrote            8  events.
 Actual xsec    86654968.423755273     
 Correct abs xsec    86654968.423755273     
 Event xsec    86654968.423755258     
 Events wgts > 1:            1
 % Cross section > 1:    1.8062810488045216       2.08445179966086598E-006
 Checking number of events   37045.865550839611                8  chi2:    4.0008000348859625     
 Found         9438  events.
 Wrote            8  events.
 Actual xsec    86654968.423755273     
 Correct abs xsec    86654968.423755273     
 Event xsec    86654968.423755258     
 Events wgts > 1:            1
 % Cross section > 1:    1.8062810488045216       2.08445179966086598E-006
 Iteration  7   Mean: 0.9982E+08 Abs mean: 0.9982E+08   Fluctuation:  0.702E+07   0.153E+13    99.2%
  7    0.9982E+08 0.9982E+08 +- 0.7019E+07     35.58
 Relative summed weights:
  0.1435E+00  0.0000E+00
  0.2025E+00  0.0000E+00
  0.1652E+00  0.0000E+00
  0.1432E+00  0.0000E+00
  0.1886E+00  0.0000E+00
  0.1571E+00  0.0000E+00
 Relative number of events:
  0.1661E+00  0.0000E+00
  0.1680E+00  0.0000E+00
  0.1674E+00  0.0000E+00
  0.1667E+00  0.0000E+00
  0.1662E+00  0.0000E+00
  0.1657E+00  0.0000E+00
 Events:
       42513           0
       43010           0
       42852           0
       42679           0
       42538           0
       42408           0
 Found        13290  events.
 Wrote           21  events.
 Actual xsec    92195348.452408254     
 Correct abs xsec    92195348.452408254     
 Event xsec    92195348.452408299     
 Events wgts > 1:            1
 % Cross section > 1:   0.87832583021372557       9.52679115549003820E-007
 Checking number of events   39414.433416889049               21  chi2:    5.9179015317509549     
 Found        13290  events.
 Wrote           13  events.
 Actual xsec    92195348.452408254     
 Correct abs xsec    92195348.452408254     
 Event xsec    92195348.452408254     
 Events wgts > 1:            1
 % Cross section > 1:    1.4188340250402689       1.53894317756462393E-006
 Iteration  8   Mean: 0.1061E+09 Abs mean: 0.1061E+09   Fluctuation:  0.764E+07   0.285E+13    99.2%
  8    0.1061E+09 0.1061E+09 +- 0.7641E+07     51.51
 Relative summed weights:
  0.1404E+00  0.0000E+00
  0.1727E+00  0.0000E+00
  0.1434E+00  0.0000E+00
  0.1954E+00  0.0000E+00
  0.1460E+00  0.0000E+00
  0.2021E+00  0.0000E+00
 Relative number of events:
  0.1667E+00  0.0000E+00
  0.1673E+00  0.0000E+00
  0.1656E+00  0.0000E+00
  0.1663E+00  0.0000E+00
  0.1669E+00  0.0000E+00
  0.1672E+00  0.0000E+00
 Events:
       85326           0
       85673           0
       84812           0
       85128           0
       85434           0
       85627           0
 Found        30445  events.
 Wrote           25  events.
 Actual xsec    113917381.97367878     
 Correct abs xsec    113917381.97367878     
 Event xsec    113917381.97367883     
 Events wgts > 1:            1
 % Cross section > 1:   0.39097651094198227       3.43210583115682318E-007
 Checking number of events   44702.013081692297               25  chi2:   0.53710279896694790     
 Found        30445  events.
 Wrote           17  events.
 Actual xsec    113917381.97367878     
 Correct abs xsec    113917381.97367878     
 Event xsec    113917381.97367884     
 Events wgts > 1:            1
 % Cross section > 1:   0.57496545650064945       5.04721445085086349E-007

 -------------------------------------------------------------------------------
 Accumulated results:   Integral =  0.5927E+08
                        Std dev  =  0.1819E+07
                       Cross sec =  0.5927E+08
             Chi**2 per DoF.     =     95.0157
 -------------------------------------------------------------------------------
-------------------------------------------------
---------------------------
 Results Last   3 iters: Integral =   0.1046E+09
                     Abs integral =   0.1046E+09
                         Std dev =   0.4926E+07
                 Chi**2 per DoF. =      0.5371
-------------------------------------------------
---------------------------
>>>>>>> 911b5ec345c81b054214c521136984e9d6306827

ls status:
events.lhe
ftn25
ftn26
input_sg.txt
<<<<<<< HEAD
=======
log.txt
>>>>>>> 911b5ec345c81b054214c521136984e9d6306827
moffset.dat
results.dat
run_01_ftn26.gz
run_01_log.txt
run_01_results.dat
run_02_ftn26.gz
run_02_log.txt
run_02_results.dat
<<<<<<< HEAD
run_03_ftn26.gz
run_03_log.txt
run_03_results.dat
run_04_ftn26.gz
run_04_log.txt
run_04_results.dat
run_08_ftn26.gz
run_08_log.txt
run_08_results.dat
run_09_ftn26.gz
run_09_log.txt
run_09_results.dat
run_10_ftn26.gz
run_10_log.txt
run_10_results.dat
run_11_ftn26.gz
run_11_log.txt
run_11_results.dat
=======
>>>>>>> 911b5ec345c81b054214c521136984e9d6306827
run1_app.log
