 Process in group number            0
 No PDF is used, alpha_s(MZ) from param_card is used
 Value of alpha_s from param_card:   0.11800000071525575     
 The default order of alpha_s running is fixed to            2
 *****************************************************
 *               MadGraph/MadEvent                   *
 *        --------------------------------           *
 *          http://madgraph.hep.uiuc.edu             *
 *          http://madgraph.phys.ucl.ac.be           *
 *          http://madgraph.roma2.infn.it            *
 *        --------------------------------           *
 *                                                   *
 *          PARAMETER AND COUPLING VALUES            *
 *                                                   *
 *****************************************************

  External Params
  ---------------------------------
  
 aEWM1 =    132.50700378417969     
 mdl_Gf =   1.16639000000000003E-005
 aS =   0.11800000071525575     
 mdl_ymb =    4.6999998092651367     
 mdl_ymt =    173.00000000000000     
 mdl_yme =   5.10999991092830896E-004
 mdl_ymm =   0.10565999895334244     
 mdl_ymtau =    1.7769999504089355     
 mdl_MZ =    91.188003540039063     
 mdl_MT =    173.00000000000000     
 mdl_MB =    4.6999998092651367     
 mdl_MH =    125.00000000000000     
 mdl_Me =   5.10999991092830896E-004
 mdl_MM =   0.10565999895334244     
 mdl_MTA =    1.7769999504089355     
 mdl_WZ =    2.4414041042327881     
 mdl_WW =    2.0476000308990479     
 mdl_WT =    1.4915000200271606     
 mdl_WH =   6.38233916833996773E-003
 mdl_WTau =   2.26999999999999982E-012
  Internal Params
  ---------------------------------
  
 mdl_conjg__CKM3x3 =    1.0000000000000000     
 mdl_CKM3x3 =    1.0000000000000000     
 mdl_conjg__CKM1x1 =    1.0000000000000000     
 mdl_complexi =  (  0.0000000000000000     ,  1.0000000000000000     )
 mdl_MZ__exp__2 =    8315.2519896181766     
 mdl_MZ__exp__4 =    69143415.650849044     
 mdl_sqrt__2 =    1.4142135623730951     
 mdl_MH__exp__2 =    15625.000000000000     
 mdl_aEW =   7.54677089845565054E-003
 mdl_MW =    80.419007276179556     
 mdl_sqrt__aEW =   8.68721526063194194E-002
 mdl_ee =   0.30795376284704501     
 mdl_MW__exp__2 =    6467.2167312862202     
 mdl_sw2 =   0.22224645274001076     
 mdl_cw =   0.88190336616887299     
 mdl_sqrt__sw2 =   0.47143022043565552     
 mdl_sw =   0.47143022043565552     
 mdl_g1 =   0.34919218438279087     
 mdl_gw =   0.65323296958447097     
 mdl_vev =    246.21845810181631     
 mdl_vev__exp__2 =    60623.529110035874     
 mdl_lam =   0.12886910601690271     
 mdl_yb =   2.69955531549349904E-002
 mdl_ye =   2.93504850670934038E-006
 mdl_ym =   6.06883028478528356E-004
 mdl_yt =   0.99366614581500645     
 mdl_ytau =   1.02066167158167895E-002
 mdl_muH =    88.388347648318444     
 mdl_I1x33 =  ( 2.69955531549349904E-002,  0.0000000000000000     )
 mdl_I2x33 =  ( 0.99366614581500645     ,  0.0000000000000000     )
 mdl_I3x33 =  ( 0.99366614581500645     ,  0.0000000000000000     )
 mdl_I4x33 =  ( 2.69955531549349904E-002,  0.0000000000000000     )
 mdl_ee__exp__2 =   9.48355200516540348E-002
 mdl_sw__exp__2 =   0.22224645274001076     
 mdl_cw__exp__2 =   0.77775354725998924     
  Internal Params evaluated point by point
  ----------------------------------------
  
 mdl_sqrt__aS =   0.34351128178744839     
 mdl_G__exp__2 =    1.4828317414825511     
  Couplings of sm-lepton_masses
  ---------------------------------
  
         GC_3 =  -0.00000E+00  -0.30795E+00
        GC_50 =  -0.00000E+00  -0.28804E+00
        GC_59 =   0.00000E+00   0.82310E-01
        GC_89 =  -0.00000E+00  -0.20754E-05

 Collider parameters:
 --------------------

<<<<<<< HEAD
 Running at e e   machine @   7.14879999999999960E-002  GeV
=======
 Running at e e   machine @   7.00000000000000067E-002  GeV
>>>>>>> 911b5ec345c81b054214c521136984e9d6306827
 PDF set = none   
 alpha_s(Mz)= 0.1180 running at 2 loops.
 alpha_s(Mz)= 0.1180 running at 2 loops.
 Renormalization scale fixed @    91.188000000000002     
 Factorization scales  fixed @    91.188000000000002        91.188000000000002     


 getting user params
Enter number of events and max and min iterations: 
<<<<<<< HEAD
 Number of events and iterations         2000           9           3
Enter desired fractional accuracy: 
 Desired fractional accuracy:  -5.05519999999999998E-005
=======
 Number of events and iterations         1000           5           3
Enter desired fractional accuracy: 
 Desired fractional accuracy:   0.10000000000000001     
>>>>>>> 911b5ec345c81b054214c521136984e9d6306827
Enter 0 for fixed, 2 for adjustable grid: 
Suppress amplitude (0 no, 1 yes)? 
 Using suppressed amplitude.
Exact helicity sum (0 yes, n = number/event)? 
 Explicitly summing over helicities
Enter Configuration Number: 
Running Configuration Number:    1
 Not subdividing B.W.
 Attempting mappinvarients           1           4
 Completed mapping           4
<<<<<<< HEAD
 about to integrate            2        2000           9           3           2           1
 Using non-zero grid deformation.
  2 dimensions   2000 events  2 invarients  9 iterations  1 config(s),  (0.99)
=======
 about to integrate            2        1000           5           3           2           1
 Using non-zero grid deformation.
  2 dimensions   1000 events  2 invarients  5 iterations  1 config(s),  (0.99)
>>>>>>> 911b5ec345c81b054214c521136984e9d6306827
 Using h-tuple random number sequence.
 Error opening grid
 Using Uniform Grid!
 Using uniform alpha   1.0000000000000000     
 Grid defined OK
 Set CM energy to          0.07
 Mapping Graph           1  to config           1
<<<<<<< HEAD
Setting grid   1    0.25046E-02   1
 Masses: 0.511E-03 0.511E-03 0.511E-03 0.511E-03
   1   1   2
 Got moffset           1
Using random seed offsets     1 :      1
  with seed                   63
 Ranmar initialization seeds       18438       12596
=======
Setting grid   1    0.21316E-03   1
 Masses: 0.511E-03 0.511E-03 0.511E-03 0.511E-03
   1   1   2
Using random seed offsets     1 :      1
  with seed                   24
 Ranmar initialization seeds       31059        9398
>>>>>>> 911b5ec345c81b054214c521136984e9d6306827
  Particle       3       4
      Et >     0.0     0.0
       E >     0.0     0.0
     Eta <    -1.0    -1.0
   xqcut:      0.0     0.0
d R # 3  >    -0.0     0.4
s min # 3>     0.0     0.0
xqcutij # 3>     0.0     0.0
 alpha_s for scale    91.188000000000002       is   0.11800000071525575     
<<<<<<< HEAD
 Added good helicity            1   4.4172283232729033       in event            1
 Added good helicity            2  8.81227987124470256E-006  in event            1
 Added good helicity            3  8.81228006862673705E-006  in event            1
 Added good helicity            5  8.81227987124470425E-006  in event            1
 Added good helicity            6   3.5827066094029645       in event            1
 Added good helicity            7  2.97798003544694876E-005  in event            1
 Added good helicity            8  8.81227987124471611E-006  in event            1
 Added good helicity            9  8.81228006862674044E-006  in event            1
 Added good helicity           10  2.97798003544695012E-005  in event            1
 Added good helicity           11   3.5827066853460199       in event            1
 Added good helicity           12  8.81228006862672858E-006  in event            1
 Added good helicity           14  8.81227987124471272E-006  in event            1
 Added good helicity           15  8.81228006862672519E-006  in event            1
 Added good helicity           16   4.4172283232729042       in event            1
 Iteration  1   Mean: 0.1600E+08 Abs mean: 0.1600E+08   Fluctuation:  0.502E+06   0.100E+09    60.1%
  1    0.1600E+08 0.1600E+08 +- 0.5019E+06      1.40
 Writing out events   1478.0043347181079        1.4031977361722057     
=======
 Added good helicity            1   4.7697155074101900       in event            1
 Added good helicity            2  1.42026958949580969E-005  in event            1
 Added good helicity            3  1.42026965074000567E-005  in event            1
 Added good helicity            5  1.42026958949580969E-005  in event            1
 Added good helicity            6   3.2298736045238159       in event            1
 Added good helicity            7  3.54013225140271958E-004  in event            1
 Added good helicity            8  1.42026958949580884E-005  in event            1
 Added good helicity            9  1.42026965074000534E-005  in event            1
 Added good helicity           10  3.54013225140271904E-004  in event            1
 Added good helicity           11   3.2298737295591562       in event            1
 Added good helicity           12  1.42026965074000652E-005  in event            1
 Added good helicity           14  1.42026958949580901E-005  in event            1
 Added good helicity           15  1.42026965074000652E-005  in event            1
 Added good helicity           16   4.7697155074101891       in event            1
 Iteration  1   Mean: 0.1747E+08 Abs mean: 0.1747E+08   Fluctuation:  0.117E+07   0.246E+09   100.0%
  1    0.1747E+08 0.1747E+08 +- 0.1167E+07      2.11
 Writing out events   3493.6150255696516        2.1134756710501539     
>>>>>>> 911b5ec345c81b054214c521136984e9d6306827
 Relative summed weights:
  0.1000E+01  0.0000E+00
 Relative number of events:
  0.1000E+01  0.0000E+00
 Events:
<<<<<<< HEAD
        2000           0
Warning xbin not returning correct x   1  0.988943E+00  0.999996E+00  0.3877E-03
 Iteration  2   Mean: 0.1559E+08 Abs mean: 0.1559E+08   Fluctuation:  0.165E+06   0.564E+08    98.6%
  2    0.1559E+08 0.1559E+08 +- 0.1647E+06      0.67
=======
        1000           0
 Iteration  2   Mean: 0.1624E+08 Abs mean: 0.1624E+08   Fluctuation:  0.359E+06   0.762E+08   100.0%
  2    0.1624E+08 0.1624E+08 +- 0.3593E+06      0.99
>>>>>>> 911b5ec345c81b054214c521136984e9d6306827
 Relative summed weights:
  0.1000E+01  0.0000E+00
 Relative number of events:
  0.1000E+01  0.0000E+00
 Events:
<<<<<<< HEAD
        4000           0
Warning xbin not returning correct x   1  0.989769E+00  0.999988E+00  0.1225E-02
Warning xbin not returning correct x   1  0.988455E+00  0.999986E+00  0.1225E-02
 Iteration  3   Mean: 0.1530E+08 Abs mean: 0.1530E+08   Fluctuation:  0.776E+05   0.355E+08    98.7%
  3    0.1530E+08 0.1530E+08 +- 0.7760E+05      0.45
=======
        2000           0
 Iteration  3   Mean: 0.1713E+08 Abs mean: 0.1713E+08   Fluctuation:  0.157E+06   0.468E+08   100.0%
  3    0.1713E+08 0.1713E+08 +- 0.1573E+06      0.58
>>>>>>> 911b5ec345c81b054214c521136984e9d6306827
 Relative summed weights:
  0.1000E+01  0.0000E+00
 Relative number of events:
  0.1000E+01  0.0000E+00
 Events:
<<<<<<< HEAD
        8000           0
 Found          795  events.
 Wrote          790  events.
 Actual xsec    15367852.118729770     
 Correct abs xsec    15367852.118729770     
 Event xsec    15367852.118729779     
 Events wgts > 1:            0
 % Cross section > 1:    0.0000000000000000        0.0000000000000000     
 Checking number of events   776.87566030602738              790  chi2:    2.1110846781605295     

 -------------------------------------------------------------------------------
 Accumulated results:   Integral =  0.1537E+08
                        Std dev  =  0.6953E+05
                       Cross sec =  0.2201E+01
             Chi**2 per DoF.     =
-------------------------------------------------
---------------------------
 Results Last   3 iters: Integral =   0.1537E+08
                     Abs integral =   0.1537E+08
                          Std dev =   0.6953E+05
                  Chi**2 per DoF. =      2.1111
-------------------------------------------------
---------------------------
 Status -5.05519999999999998E-005           4           9
 We found enough events         790   776.87566030602738     

ls status:
events.lhe
ftn25
ftn26
input_app.txt
input_sg.txt
log.txt
moffset.dat
multijob.dat
results.dat
run_01_log.txt
run_01_results.dat
run_02_log.txt
run_02_results.dat
run_03_ftn26.gz
run_03_log.txt
run_03_results.dat
run_04_log.txt
run_04_results.dat
=======
        4000           0
 Accuracy:    0.013   0.100   0.008   2.463
 Finished due to accuracy   1.32050300203143470E-002  0.10000000000000001     

 -------------------------------------------------------------------------------
 Accumulated results:   Integral =  0.1701E+08
                        Std dev  =  0.1431E+06
                       Cross sec =  0.1701E+08
             Chi**2 per DoF.     =      2.4630
 -------------------------------------------------------------------------------
 Found          421  events.
 Wrote          418  events.
 Actual xsec    17009956.099015053     
 Correct abs xsec    17009956.099015053     
 Event xsec    17009956.099015217     
 Events wgts > 1:            0
 % Cross section > 1:    0.0000000000000000        0.0000000000000000     
-------------------------------------------------
---------------------------
 Results Last   3 iters: Integral =   0.1701E+08
                     Abs integral =   0.1701E+08
                          Std dev =   0.1431E+06
                  Chi**2 per DoF. =      2.6541
-------------------------------------------------
---------------------------
 Status  0.10000000000000001                4           5

ls status:
events.lhe
input_app.txt
results.dat
>>>>>>> 911b5ec345c81b054214c521136984e9d6306827
run1_app.log
