 Process in group number            0
 No PDF is used, alpha_s(MZ) from param_card is used
 Value of alpha_s from param_card:   0.11800000071525575     
 The default order of alpha_s running is fixed to            2
 *****************************************************
 *               MadGraph/MadEvent                   *
 *        --------------------------------           *
 *          http://madgraph.hep.uiuc.edu             *
 *          http://madgraph.phys.ucl.ac.be           *
 *          http://madgraph.roma2.infn.it            *
 *        --------------------------------           *
 *                                                   *
 *          PARAMETER AND COUPLING VALUES            *
 *                                                   *
 *****************************************************

  External Params
  ---------------------------------
  
 aEWM1 =    132.50700378417969     
 mdl_Gf =   1.16639000000000003E-005
 aS =   0.11800000071525575     
 mdl_ymb =    4.6999998092651367     
 mdl_ymt =    173.00000000000000     
 mdl_yme =   5.10999991092830896E-004
 mdl_ymm =   0.10565999895334244     
 mdl_ymtau =    1.7769999504089355     
 mdl_MZ =    91.188003540039063     
 mdl_MT =    173.00000000000000     
 mdl_MB =    4.6999998092651367     
 mdl_MH =    125.00000000000000     
 mdl_Me =   5.10999991092830896E-004
 mdl_MM =   0.10565999895334244     
 mdl_MTA =    1.7769999504089355     
 mdl_WZ =    2.4414041042327881     
 mdl_WW =    2.0476000308990479     
 mdl_WT =    1.4915000200271606     
 mdl_WH =   6.38233916833996773E-003
 mdl_WTau =   2.26999999999999982E-012
  Internal Params
  ---------------------------------
  
 mdl_conjg__CKM3x3 =    1.0000000000000000     
 mdl_CKM3x3 =    1.0000000000000000     
 mdl_conjg__CKM1x1 =    1.0000000000000000     
 mdl_complexi =  (  0.0000000000000000     ,  1.0000000000000000     )
 mdl_MZ__exp__2 =    8315.2519896181766     
 mdl_MZ__exp__4 =    69143415.650849044     
 mdl_sqrt__2 =    1.4142135623730951     
 mdl_MH__exp__2 =    15625.000000000000     
 mdl_aEW =   7.54677089845565054E-003
 mdl_MW =    80.419007276179556     
 mdl_sqrt__aEW =   8.68721526063194194E-002
 mdl_ee =   0.30795376284704501     
 mdl_MW__exp__2 =    6467.2167312862202     
 mdl_sw2 =   0.22224645274001076     
 mdl_cw =   0.88190336616887299     
 mdl_sqrt__sw2 =   0.47143022043565552     
 mdl_sw =   0.47143022043565552     
 mdl_g1 =   0.34919218438279087     
 mdl_gw =   0.65323296958447097     
 mdl_vev =    246.21845810181631     
 mdl_vev__exp__2 =    60623.529110035874     
 mdl_lam =   0.12886910601690271     
 mdl_yb =   2.69955531549349904E-002
 mdl_ye =   2.93504850670934038E-006
 mdl_ym =   6.06883028478528356E-004
 mdl_yt =   0.99366614581500645     
 mdl_ytau =   1.02066167158167895E-002
 mdl_muH =    88.388347648318444     
 mdl_I1x33 =  ( 2.69955531549349904E-002,  0.0000000000000000     )
 mdl_I2x33 =  ( 0.99366614581500645     ,  0.0000000000000000     )
 mdl_I3x33 =  ( 0.99366614581500645     ,  0.0000000000000000     )
 mdl_I4x33 =  ( 2.69955531549349904E-002,  0.0000000000000000     )
 mdl_ee__exp__2 =   9.48355200516540348E-002
 mdl_sw__exp__2 =   0.22224645274001076     
 mdl_cw__exp__2 =   0.77775354725998924     
  Internal Params evaluated point by point
  ----------------------------------------
  
 mdl_sqrt__aS =   0.34351128178744839     
 mdl_G__exp__2 =    1.4828317414825511     
  Couplings of sm-lepton_masses
  ---------------------------------
  
         GC_3 =  -0.00000E+00  -0.30795E+00

 Collider parameters:
 --------------------

<<<<<<< HEAD
 Running at e e   machine @   7.14879999999999960E-002  GeV
=======
 Running at e e   machine @   7.00000000000000067E-002  GeV
>>>>>>> 911b5ec345c81b054214c521136984e9d6306827
 PDF set = none   
 alpha_s(Mz)= 0.1180 running at 2 loops.
 alpha_s(Mz)= 0.1180 running at 2 loops.
 Renormalization scale fixed @    91.188000000000002     
 Factorization scales  fixed @    91.188000000000002        91.188000000000002     


 getting user params
Enter number of events and max and min iterations: 
 Number of events and iterations         2000           9           3
Enter desired fractional accuracy: 
<<<<<<< HEAD
 Desired fractional accuracy:  -3.19030000000000027E-005
=======
 Desired fractional accuracy:  -3.13399999999999974E-004
>>>>>>> 911b5ec345c81b054214c521136984e9d6306827
Enter 0 for fixed, 2 for adjustable grid: 
Suppress amplitude (0 no, 1 yes)? 
 Using suppressed amplitude.
Exact helicity sum (0 yes, n = number/event)? 
 Explicitly summing over helicities
Enter Configuration Number: 
Running Configuration Number:    1
 Not subdividing B.W.
 Attempting mappinvarients           1           4
 Completed mapping           4
 about to integrate            2        2000           9           3           2           1
 Using non-zero grid deformation.
  2 dimensions   2000 events  2 invarients  9 iterations  1 config(s),  (0.99)
 Using h-tuple random number sequence.
 Error opening grid
 Using Uniform Grid!
 Using uniform alpha   1.0000000000000000     
 Grid defined OK
 Set CM energy to          0.07
 Mapping Graph           1  to config           1
<<<<<<< HEAD
Setting grid   1    0.17611E-02   1
=======
Setting grid   1    0.38601E-01   1
>>>>>>> 911b5ec345c81b054214c521136984e9d6306827
 Masses: 0.511E-03 0.511E-03 0.000E+00 0.000E+00
   1   1   2
 Got moffset          10
Using random seed offsets     1 :      1
<<<<<<< HEAD
  with seed                  117
 Ranmar initialization seeds       24102       10984
=======
  with seed                   63
 Ranmar initialization seeds       18438       10928
>>>>>>> 911b5ec345c81b054214c521136984e9d6306827
  Particle       3       4
      Et >     0.0     0.0
       E >     0.0     0.0
     Eta <    -1.0    -1.0
   xqcut:      0.0     0.0
d R # 3  >    -0.0     0.0
s min # 3>     0.0     0.0
xqcutij # 3>     0.0     0.0
 alpha_s for scale    91.188000000000002       is   0.11800000071525575     
<<<<<<< HEAD
 Added good helicity            1  3.37789326632003664E-003  in event            1
 Added good helicity            2  5.67876997032693855E-004  in event            1
 Added good helicity            3  5.67876997032693638E-004  in event            1
 Added good helicity            6   1.1234450301361429       in event            1
 Added good helicity            7   6.8720413225946526       in event            1
 Added good helicity           10   6.8720413225946526       in event            1
 Added good helicity           11   1.1234450301361429       in event            1
 Added good helicity           14  5.67876997032693638E-004  in event            1
 Added good helicity           15  5.67876997032693855E-004  in event            1
 Added good helicity           16  3.37789326632003664E-003  in event            1
 Iteration  1   Mean: 0.1456E+09 Abs mean: 0.1456E+09   Fluctuation:  0.168E+07   0.178E+09    90.0%
  1    0.1456E+09 0.1456E+09 +- 0.1676E+07      0.52
 Writing out events   8988.4143606409307       0.51507669446581095     
 Relative summed weights:
  0.4927E+00  0.0000E+00
  0.5073E+00  0.0000E+00
 Relative number of events:
  0.4930E+00  0.0000E+00
  0.5070E+00  0.0000E+00
 Events:
         986           0
        1014           0
 Iteration  2   Mean: 0.1438E+09 Abs mean: 0.1438E+09   Fluctuation:  0.525E+06   0.218E+09    99.4%
  2    0.1438E+09 0.1438E+09 +- 0.5250E+06      0.23
 Relative summed weights:
  0.5099E+00  0.0000E+00
  0.4901E+00  0.0000E+00
 Relative number of events:
  0.5095E+00  0.0000E+00
  0.4905E+00  0.0000E+00
 Events:
        2038           0
        1962           0
 Iteration  3   Mean: 0.1449E+09 Abs mean: 0.1449E+09   Fluctuation:  0.249E+06   0.186E+09    99.7%
  3    0.1449E+09 0.1449E+09 +- 0.2487E+06      0.15
 Relative summed weights:
  0.4993E+00  0.0000E+00
  0.5007E+00  0.0000E+00
 Relative number of events:
  0.4996E+00  0.0000E+00
  0.5004E+00  0.0000E+00
 Events:
        3997           0
        4003           0
 Found          826  events.
 Wrote          821  events.
 Actual xsec    144712490.37982452     
 Correct abs xsec    144712490.37982452     
 Event xsec    144712490.37982577     
 Events wgts > 1:            0
 % Cross section > 1:    0.0000000000000000        0.0000000000000000     
 Checking number of events   4616.7625805875423              821  chi2:    1.8942604341375988     
 Found          826  events.
 Wrote          821  events.
 Actual xsec    144712490.37982452     
 Correct abs xsec    144712490.37982452     
 Event xsec    144712490.37982577     
 Events wgts > 1:            0
 % Cross section > 1:    0.0000000000000000        0.0000000000000000     
 Iteration  4   Mean: 0.1448E+09 Abs mean: 0.1448E+09   Fluctuation:  0.147E+06   0.178E+09    99.7%
  4    0.1448E+09 0.1448E+09 +- 0.1473E+06      0.13
 Relative summed weights:
  0.5031E+00  0.0000E+00
  0.4969E+00  0.0000E+00
 Relative number of events:
  0.5032E+00  0.0000E+00
  0.4968E+00  0.0000E+00
 Events:
        8052           0
        7948           0
 Found         1590  events.
 Wrote         1585  events.
 Actual xsec    144801419.75104868     
 Correct abs xsec    144801419.75104868     
 Event xsec    144801419.75104493     
 Events wgts > 1:            0
 % Cross section > 1:    0.0000000000000000        0.0000000000000000     
 Checking number of events   4619.5996943177070             1585  chi2:    1.9220132842595214     
 Found         1590  events.
 Wrote         1585  events.
 Actual xsec    144801419.75104868     
 Correct abs xsec    144801419.75104868     
 Event xsec    144801419.75104493     
 Events wgts > 1:            0
 % Cross section > 1:    0.0000000000000000        0.0000000000000000     
Warning xbin not returning correct x   1  0.998253E+00  0.100000E+01  0.7858E-04
 Iteration  5   Mean: 0.1450E+09 Abs mean: 0.1450E+09   Fluctuation:  0.821E+05   0.181E+09    99.8%
  5    0.1450E+09 0.1450E+09 +- 0.8211E+05      0.10
 Relative summed weights:
  0.5022E+00  0.0000E+00
  0.4978E+00  0.0000E+00
 Relative number of events:
  0.5024E+00  0.0000E+00
  0.4976E+00  0.0000E+00
 Events:
       16076           0
       15924           0
 Found         3214  events.
 Wrote         3210  events.
 Actual xsec    144971511.78676811     
 Correct abs xsec    144971511.78676811     
 Event xsec    144971511.78676862     
 Events wgts > 1:            0
 % Cross section > 1:    0.0000000000000000        0.0000000000000000     
 Checking number of events   4625.0261405332631             3210  chi2:   0.57509256452157542     
 Found         3214  events.
 Wrote         3210  events.
 Actual xsec    144971511.78676811     
 Correct abs xsec    144971511.78676811     
 Event xsec    144971511.78676862     
 Events wgts > 1:            0
 % Cross section > 1:    0.0000000000000000        0.0000000000000000     
 Iteration  6   Mean: 0.1449E+09 Abs mean: 0.1449E+09   Fluctuation:  0.543E+05   0.210E+09    99.8%
  6    0.1449E+09 0.1449E+09 +- 0.5433E+05      0.09
 Relative summed weights:
  0.4952E+00  0.0000E+00
  0.5048E+00  0.0000E+00
 Relative number of events:
  0.4955E+00  0.0000E+00
  0.5045E+00  0.0000E+00
 Events:
       31712           0
       32288           0
 Found         6366  events.
 Wrote         6361  events.
 Actual xsec    144915604.05248332     
 Correct abs xsec    144915604.05248332     
 Event xsec    144915604.05247247     
 Events wgts > 1:            0
 % Cross section > 1:    0.0000000000000000        0.0000000000000000     
 Checking number of events   4623.2425160863759             6361  chi2:    1.1167898632194504     

 -------------------------------------------------------------------------------
 Accumulated results:   Integral =  0.1449E+09
                        Std dev  =  0.4251E+05
                       Cross sec =  0.1356E+01
             Chi**2 per DoF.     =
-------------------------------------------------
---------------------------
 Results Last   3 iters: Integral =   0.1449E+09
                     Abs integral =   0.1449E+09
                          Std dev =   0.4331E+05
                  Chi**2 per DoF. =      1.1168
-------------------------------------------------
---------------------------
 Status -3.19030000000000027E-005           7           9
 We found enough events        6361   4623.2425160863759     
=======
 Added good helicity            1  8.85676015124635743E-003  in event            1
 Added good helicity            2  1.02892543671529119E-004  in event            1
 Added good helicity            3  1.02892543671529051E-004  in event            1
 Added good helicity            6  2.92652421102931222E-002  in event            1
 Added good helicity            7   7.9616722126259614       in event            1
 Added good helicity           10   7.9616722126259614       in event            1
 Added good helicity           11  2.92652421102931222E-002  in event            1
 Added good helicity           14  1.02892543671529051E-004  in event            1
 Added good helicity           15  1.02892543671529119E-004  in event            1
 Added good helicity           16  8.85676015124635743E-003  in event            1
 Iteration  1   Mean: 0.1471E+08 Abs mean: 0.1471E+08   Fluctuation:  0.332E+06   0.159E+08    15.9%
  1    0.1471E+08 0.1471E+08 +- 0.3321E+06      1.01
 Writing out events   5135.4081909832903        1.0094634575677666     
 Relative summed weights:
  0.5254E+00  0.0000E+00
  0.4746E+00  0.0000E+00
 Relative number of events:
  0.5240E+00  0.0000E+00
  0.4760E+00  0.0000E+00
 Events:
        1048           0
         952           0
 Iteration  2   Mean: 0.1474E+08 Abs mean: 0.1474E+08   Fluctuation:  0.155E+06   0.267E+09    80.2%
  2    0.1474E+08 0.1474E+08 +- 0.1553E+06      0.67
 Relative summed weights:
  0.5045E+00  0.0000E+00
  0.4955E+00  0.0000E+00
 Relative number of events:
  0.5022E+00  0.0000E+00
  0.4978E+00  0.0000E+00
 Events:
        2009           0
        1991           0
Warning xbin not returning correct x   1  0.977829E+00  0.999991E+00  0.4058E-03
 Iteration  3   Mean: 0.1470E+08 Abs mean: 0.1470E+08   Fluctuation:  0.644E+05   0.210E+08    92.7%
  3    0.1470E+08 0.1470E+08 +- 0.6440E+05      0.39
 Relative summed weights:
  0.5034E+00  0.0000E+00
  0.4966E+00  0.0000E+00
 Relative number of events:
  0.5040E+00  0.0000E+00
  0.4960E+00  0.0000E+00
 Events:
        4032           0
        3968           0
 Found          852  events.
 Wrote          847  events.
 Actual xsec    14709087.632834740     
 Correct abs xsec    14709087.632834740     
 Event xsec    14709087.632834462     
 Events wgts > 1:            0
 % Cross section > 1:    0.0000000000000000        0.0000000000000000     
 Checking number of events   4609.8280641304073              847  chi2:   2.79425889080045162E-002
 Found          852  events.
 Wrote          847  events.
 Actual xsec    14709087.632834740     
 Correct abs xsec    14709087.632834740     
 Event xsec    14709087.632834462     
 Events wgts > 1:            0
 % Cross section > 1:    0.0000000000000000        0.0000000000000000     
Warning xbin not returning correct x   1  0.988663E+00  0.999998E+00  0.2160E-03
Warning xbin not returning correct x   1  0.961512E+00  0.999992E+00  0.2160E-03
Warning xbin not returning correct x   1  0.975232E+00  0.999995E+00  0.2160E-03
Warning xbin not returning correct x   1  0.974790E+00  0.999995E+00  0.2160E-03
Warning xbin not returning correct x   1  0.984454E+00  0.999997E+00  0.2160E-03
Warning xbin still not working well. Last message this iteration.
 Iteration  4   Mean: 0.1467E+08 Abs mean: 0.1467E+08   Fluctuation:  0.341E+05   0.220E+08    96.1%
  4    0.1467E+08 0.1467E+08 +- 0.3406E+05      0.29
 Relative summed weights:
  0.5036E+00  0.0000E+00
  0.4964E+00  0.0000E+00
 Relative number of events:
  0.5030E+00  0.0000E+00
  0.4970E+00  0.0000E+00
 Events:
        8048           0
        7952           0
 Found         1655  events.
 Wrote         1650  events.
 Actual xsec    14679715.527561940     
 Correct abs xsec    14679715.527561940     
 Event xsec    14679715.527561516     
 Events wgts > 1:            0
 % Cross section > 1:    0.0000000000000000        0.0000000000000000     
 Checking number of events   4600.6228463379121             1650  chi2:   0.18925323193185017     
 Found         1655  events.
 Wrote         1650  events.
 Actual xsec    14679715.527561940     
 Correct abs xsec    14679715.527561940     
 Event xsec    14679715.527561516     
 Events wgts > 1:            0
 % Cross section > 1:    0.0000000000000000        0.0000000000000000     
Warning xbin not returning correct x   1  0.976591E+00  0.999996E+00  0.1907E-03
Warning xbin not returning correct x   1  0.979270E+00  0.999996E+00  0.1907E-03
Warning xbin not returning correct x   1  0.982103E+00  0.999997E+00  0.1907E-03
Warning xbin not returning correct x   1  0.976574E+00  0.999996E+00  0.1907E-03
Warning xbin not returning correct x   1  0.991296E+00  0.999998E+00  0.1907E-03
Warning xbin still not working well. Last message this iteration.
 Iteration  5   Mean: 0.1476E+08 Abs mean: 0.1476E+08   Fluctuation:  0.607E+05   0.461E+09    95.8%
  5    0.1476E+08 0.1476E+08 +- 0.6068E+05      0.74
 Relative summed weights:
  0.5054E+00  0.0000E+00
  0.4946E+00  0.0000E+00
 Relative number of events:
  0.5030E+00  0.0000E+00
  0.4970E+00  0.0000E+00
 Events:
       16095           0
       15905           0
 Found         3320  events.
 Wrote         1029  events.
 Actual xsec    14693411.379145510     
 Correct abs xsec    14693411.379145510     
 Event xsec    14693411.379145365     
 Events wgts > 1:           16
 % Cross section > 1:    1916.4770862535916       1.30431050815992492E-002
 Checking number of events   4604.9151262242030             1029  chi2:   0.81433107647801262     
 Found         3320  events.
 Wrote         1054  events.
 Actual xsec    14693411.379145510     
 Correct abs xsec    14693411.379145510     
 Event xsec    14693411.379145160     
 Events wgts > 1:           16
 % Cross section > 1:    1871.0256382836142       1.27337729136150230E-002
Warning xbin not returning correct x   1  0.984240E+00  0.999997E+00  0.2073E-03
Warning xbin not returning correct x   1  0.969846E+00  0.999994E+00  0.2073E-03
Warning xbin not returning correct x   1  0.981787E+00  0.999996E+00  0.2073E-03
Warning xbin not returning correct x   1  0.968045E+00  0.999994E+00  0.2073E-03
Warning xbin not returning correct x   1  0.975125E+00  0.999995E+00  0.2073E-03
Warning xbin still not working well. Last message this iteration.
 Iteration  6   Mean: 0.1469E+08 Abs mean: 0.1469E+08   Fluctuation:  0.227E+05   0.654E+08    93.3%
  6    0.1469E+08 0.1469E+08 +- 0.2268E+05      0.39
 Relative summed weights:
  0.4995E+00  0.0000E+00
  0.5005E+00  0.0000E+00
 Relative number of events:
  0.4994E+00  0.0000E+00
  0.5006E+00  0.0000E+00
 Events:
       31959           0
       32041           0
 Found         6776  events.
 Wrote         6771  events.
 Actual xsec    14693080.505136032     
 Correct abs xsec    14693080.505136032     
 Event xsec    14693080.505137742     
 Events wgts > 1:            0
 % Cross section > 1:    0.0000000000000000        0.0000000000000000     
 Checking number of events   4604.8114303096318             6771  chi2:   0.80308210232233501     

 -------------------------------------------------------------------------------
 Accumulated results:   Integral =  0.1469E+08
                        Std dev  =  0.1723E+05
                       Cross sec =  0.3478E+00
             Chi**2 per DoF.     =
-------------------------------------------------
---------------------------
 Results Last   3 iters: Integral =   0.1469E+08
                     Abs integral =   0.1469E+08
                          Std dev =   0.1803E+05
                  Chi**2 per DoF. =      0.8031
-------------------------------------------------
---------------------------
 Status -3.13399999999999974E-004           7           9
 We found enough events        6771   4604.8114303096318     
>>>>>>> 911b5ec345c81b054214c521136984e9d6306827

ls status:
events.lhe
ftn25
ftn26
input_sg.txt
moffset.dat
results.dat
run_01_ftn26.gz
run_01_log.txt
run_01_results.dat
run_02_ftn26.gz
run_02_log.txt
run_02_results.dat
run_03_ftn26.gz
run_03_log.txt
run_03_results.dat
run_04_ftn26.gz
run_04_log.txt
run_04_results.dat
<<<<<<< HEAD
run_05_ftn26.gz
run_05_log.txt
run_05_results.dat
run_06_ftn26.gz
run_06_log.txt
run_06_results.dat
run_07_ftn26.gz
run_07_log.txt
run_07_results.dat
run_08_ftn26.gz
run_08_log.txt
run_08_results.dat
run_09_ftn26.gz
run_09_log.txt
run_09_results.dat
run_10_ftn26.gz
run_10_log.txt
run_10_results.dat
=======
>>>>>>> 911b5ec345c81b054214c521136984e9d6306827
run1_app.log
