 Process in group number            0
 No PDF is used, alpha_s(MZ) from param_card is used
 Value of alpha_s from param_card:   0.11800000071525575     
 The default order of alpha_s running is fixed to            2
<<<<<<< HEAD
=======
 Warning: pt or E min of a gamma should in general be >0
 Warning: pt or E min of a gamma should in general be >0
 Warning: pt or E min of a gamma should in general be >0
>>>>>>> 911b5ec345c81b054214c521136984e9d6306827
 *****************************************************
 *               MadGraph/MadEvent                   *
 *        --------------------------------           *
 *          http://madgraph.hep.uiuc.edu             *
 *          http://madgraph.phys.ucl.ac.be           *
 *          http://madgraph.roma2.infn.it            *
 *        --------------------------------           *
 *                                                   *
 *          PARAMETER AND COUPLING VALUES            *
 *                                                   *
 *****************************************************

  External Params
  ---------------------------------
  
 aEWM1 =    132.50700378417969     
 mdl_Gf =   1.16639000000000003E-005
 aS =   0.11800000071525575     
 mdl_ymb =    4.6999998092651367     
 mdl_ymt =    173.00000000000000     
 mdl_yme =   5.10999991092830896E-004
 mdl_ymm =   0.10565999895334244     
 mdl_ymtau =    1.7769999504089355     
 mdl_MZ =    91.188003540039063     
 mdl_MT =    173.00000000000000     
 mdl_MB =    4.6999998092651367     
 mdl_MH =    125.00000000000000     
 mdl_Me =   5.10999991092830896E-004
 mdl_MM =   0.10565999895334244     
 mdl_MTA =    1.7769999504089355     
 mdl_WZ =    2.4414041042327881     
 mdl_WW =    2.0476000308990479     
 mdl_WT =    1.4915000200271606     
 mdl_WH =   6.38233916833996773E-003
 mdl_WTau =   2.26999999999999982E-012
  Internal Params
  ---------------------------------
  
 mdl_conjg__CKM3x3 =    1.0000000000000000     
 mdl_CKM3x3 =    1.0000000000000000     
 mdl_conjg__CKM1x1 =    1.0000000000000000     
 mdl_complexi =  (  0.0000000000000000     ,  1.0000000000000000     )
 mdl_MZ__exp__2 =    8315.2519896181766     
 mdl_MZ__exp__4 =    69143415.650849044     
 mdl_sqrt__2 =    1.4142135623730951     
 mdl_MH__exp__2 =    15625.000000000000     
 mdl_aEW =   7.54677089845565054E-003
 mdl_MW =    80.419007276179556     
 mdl_sqrt__aEW =   8.68721526063194194E-002
 mdl_ee =   0.30795376284704501     
 mdl_MW__exp__2 =    6467.2167312862202     
 mdl_sw2 =   0.22224645274001076     
 mdl_cw =   0.88190336616887299     
 mdl_sqrt__sw2 =   0.47143022043565552     
 mdl_sw =   0.47143022043565552     
 mdl_g1 =   0.34919218438279087     
 mdl_gw =   0.65323296958447097     
 mdl_vev =    246.21845810181631     
 mdl_vev__exp__2 =    60623.529110035874     
 mdl_lam =   0.12886910601690271     
 mdl_yb =   2.69955531549349904E-002
 mdl_ye =   2.93504850670934038E-006
 mdl_ym =   6.06883028478528356E-004
 mdl_yt =   0.99366614581500645     
 mdl_ytau =   1.02066167158167895E-002
 mdl_muH =    88.388347648318444     
 mdl_I1x33 =  ( 2.69955531549349904E-002,  0.0000000000000000     )
 mdl_I2x33 =  ( 0.99366614581500645     ,  0.0000000000000000     )
 mdl_I3x33 =  ( 0.99366614581500645     ,  0.0000000000000000     )
 mdl_I4x33 =  ( 2.69955531549349904E-002,  0.0000000000000000     )
 mdl_ee__exp__2 =   9.48355200516540348E-002
 mdl_sw__exp__2 =   0.22224645274001076     
 mdl_cw__exp__2 =   0.77775354725998924     
  Internal Params evaluated point by point
  ----------------------------------------
  
 mdl_sqrt__aS =   0.34351128178744839     
 mdl_G__exp__2 =    1.4828317414825511     
  Couplings of sm-lepton_masses
  ---------------------------------
  
         GC_3 =  -0.00000E+00  -0.30795E+00

 Collider parameters:
 --------------------

<<<<<<< HEAD
 Running at e e   machine @   7.14879999999999960E-002  GeV
=======
 Running at e e   machine @   7.00000000000000067E-002  GeV
>>>>>>> 911b5ec345c81b054214c521136984e9d6306827
 PDF set = none   
 alpha_s(Mz)= 0.1180 running at 2 loops.
 alpha_s(Mz)= 0.1180 running at 2 loops.
 Renormalization scale fixed @    91.188000000000002     
 Factorization scales  fixed @    91.188000000000002        91.188000000000002     


 getting user params
Enter number of events and max and min iterations: 
<<<<<<< HEAD
 Number of events and iterations         2000           9           3
Enter desired fractional accuracy: 
 Desired fractional accuracy:  -1.03289999999999995E-004
=======
 Number of events and iterations         1000           9           3
Enter desired fractional accuracy: 
 Desired fractional accuracy:  -4.27509999999999978E-004
>>>>>>> 911b5ec345c81b054214c521136984e9d6306827
Enter 0 for fixed, 2 for adjustable grid: 
Suppress amplitude (0 no, 1 yes)? 
 Using suppressed amplitude.
Exact helicity sum (0 yes, n = number/event)? 
 Explicitly summing over helicities
Enter Configuration Number: 
Running Configuration Number:    1
 Not subdividing B.W.
 Attempting mappinvarients           1           5
 Completed mapping           5
<<<<<<< HEAD
 about to integrate            5        2000           9           3           5           1
 Using non-zero grid deformation.
  5 dimensions   2000 events  5 invarients  9 iterations  1 config(s),  (0.99)
 Using h-tuple random number sequence.
 Error opening grid
 Using Uniform Grid!
 Using uniform alpha   1.0000000000000000     
 Grid defined OK
 Set CM energy to          0.07
 Mapping Graph           1  to config           1
Setting grid   1    0.17611E-04   1
Setting grid   2    0.17611E-04   1
=======
 about to integrate            5        1000           9           3           5           1
 Keeping grid fixed.
  5 dimensions   1000 events  5 invarients  9 iterations  1 config(s),  (0.99)
 Using h-tuple random number sequence.
 Grid read from file
 Grid defined OK
 Set CM energy to          0.07
 Mapping Graph           1  to config           1
 Warning: No cutoff for shat integral found
          Minimum set to    204.08163265306121     
 No modification is setgrid, grid read from file
 Warning: No cutoff for shat integral found
          Minimum set to    204.08163265306121     
 No modification is setgrid, grid read from file
>>>>>>> 911b5ec345c81b054214c521136984e9d6306827
 Masses: 0.511E-03 0.511E-03 0.000E+00 0.000E+00 0.000E+00
   1   1   2   3   4   5
 Got moffset          22
Using random seed offsets     1 :      1
<<<<<<< HEAD
  with seed                  114
 Ranmar initialization seeds       20445       18784
=======
  with seed                   48
 Ranmar initialization seeds       30234       18715
>>>>>>> 911b5ec345c81b054214c521136984e9d6306827
  Particle       3       4       5
      Et >     0.0     0.0     0.0
       E >     0.0     0.0     0.0
     Eta <    -1.0    -1.0    -1.0
   xqcut:      0.0     0.0     0.0
d R # 3  >    -0.0     0.0     0.0
d R # 4  >    -0.0    -0.0     0.0
s min # 3>     0.0     0.0     0.0
s min # 4>     0.0     0.0     0.0
xqcutij # 3>     0.0     0.0     0.0
xqcutij # 4>     0.0     0.0     0.0
 alpha_s for scale    91.188000000000002       is   0.11800000071525575     
<<<<<<< HEAD
 Added good helicity            1  2.67297573531537387E-002  in event            1
 Added good helicity            2  1.62713540816832661E-002  in event            1
 Added good helicity            3  2.06758226573912574E-004  in event            1
 Added good helicity            4  1.13430020143834114E-004  in event            1
 Added good helicity            5  4.00000542031158160E-003  in event            1
 Added good helicity            6  3.42770021548355588E-005  in event            1
 Added good helicity           10  5.41298491462955856E-005  in event            1
 Added good helicity           11   8.3439881443707087       in event            1
 Added good helicity           12   7.4473936283585749       in event            1
 Added good helicity           13  4.13020203864405272E-002  in event            1
 Added good helicity           14  3.37202051116723906E-003  in event            1
 Added good helicity           15  0.11653397026811134       in event            1
 Added good helicity           18  0.11653397026811135       in event            1
 Added good helicity           19  3.37202051116723862E-003  in event            1
 Added good helicity           20  4.13020203864405272E-002  in event            1
 Added good helicity           21   7.4473936283585740       in event            1
 Added good helicity           22   8.3439881443707087       in event            1
 Added good helicity           23  5.41298491462956127E-005  in event            1
 Added good helicity           27  3.42770021548355859E-005  in event            1
 Added good helicity           28  4.00000542031158160E-003  in event            1
 Added good helicity           29  1.13430020143834114E-004  in event            1
 Added good helicity           30  2.06758226573912574E-004  in event            1
 Added good helicity           31  1.62713540816832695E-002  in event            1
 Added good helicity           32  2.67297573531537387E-002  in event            1
 Added good helicity            7  2.42155351414879739E-006  in event            3
 Added good helicity           26  2.42155351414879739E-006  in event            3
 Iteration  1   Mean: 0.4020E+08 Abs mean: 0.4020E+08   Fluctuation:  0.621E+07   0.110E+11    99.2%
  1    0.4020E+08 0.4020E+08 +- 0.6213E+07      6.91
 Writing out events   2252.2979524103371        6.9123185924311334     
 Relative summed weights:
  0.9579E-01  0.0000E+00
  0.1519E+00  0.0000E+00
  0.1806E+00  0.0000E+00
  0.2674E+00  0.0000E+00
  0.1406E+00  0.0000E+00
  0.1638E+00  0.0000E+00
 Relative number of events:
  0.1540E+00  0.0000E+00
  0.1740E+00  0.0000E+00
  0.1585E+00  0.0000E+00
  0.1795E+00  0.0000E+00
  0.1590E+00  0.0000E+00
  0.1750E+00  0.0000E+00
 Events:
         308           0
         348           0
         317           0
         359           0
         318           0
         350           0
 Iteration  2   Mean: 0.4543E+08 Abs mean: 0.4543E+08   Fluctuation:  0.630E+07   0.204E+11    97.2%
  2    0.4543E+08 0.4543E+08 +- 0.6303E+07      8.77
 Relative summed weights:
  0.2474E+00  0.0000E+00
  0.1162E+00  0.0000E+00
  0.1271E+00  0.0000E+00
  0.1757E+00  0.0000E+00
  0.1926E+00  0.0000E+00
  0.1410E+00  0.0000E+00
 Relative number of events:
  0.1752E+00  0.0000E+00
  0.1670E+00  0.0000E+00
  0.1578E+00  0.0000E+00
  0.1680E+00  0.0000E+00
  0.1675E+00  0.0000E+00
  0.1645E+00  0.0000E+00
 Events:
         701           0
         668           0
         631           0
         672           0
         670           0
         658           0
 Iteration  3   Mean: 0.3770E+08 Abs mean: 0.3770E+08   Fluctuation:  0.945E+06   0.278E+10    97.8%
  3    0.3770E+08 0.3770E+08 +- 0.9453E+06      2.24
 Relative summed weights:
  0.1588E+00  0.0000E+00
  0.1668E+00  0.0000E+00
  0.1708E+00  0.0000E+00
  0.1637E+00  0.0000E+00
  0.1762E+00  0.0000E+00
  0.1636E+00  0.0000E+00
 Relative number of events:
  0.1639E+00  0.0000E+00
  0.1716E+00  0.0000E+00
  0.1629E+00  0.0000E+00
  0.1689E+00  0.0000E+00
  0.1624E+00  0.0000E+00
  0.1704E+00  0.0000E+00
 Events:
        1311           0
        1373           0
        1303           0
        1351           0
        1299           0
        1363           0
 Found          635  events.
 Wrote          137  events.
 Actual xsec    38000523.332517691     
 Correct abs xsec    38000523.332517691     
 Event xsec    38000523.332517810     
 Events wgts > 1:            4
 % Cross section > 1:    160323.62180868565       0.42189845757069744     
 Checking number of events   3925.0740550157520              137  chi2:   0.80713037431729839     
 Found          635  events.
 Wrote          166  events.
 Actual xsec    38000523.332517691     
 Correct abs xsec    38000523.332517691     
 Event xsec    38000523.332517877     
 Events wgts > 1:            4
 % Cross section > 1:    132412.87334956776       0.34845013104400901     
 Iteration  4   Mean: 0.4074E+08 Abs mean: 0.4074E+08   Fluctuation:  0.917E+06   0.670E+10    97.5%
  4    0.4074E+08 0.4074E+08 +- 0.9170E+06      2.85
 Relative summed weights:
  0.1559E+00  0.0000E+00
  0.1610E+00  0.0000E+00
  0.1639E+00  0.0000E+00
  0.1748E+00  0.0000E+00
  0.1747E+00  0.0000E+00
  0.1697E+00  0.0000E+00
 Relative number of events:
  0.1639E+00  0.0000E+00
  0.1683E+00  0.0000E+00
  0.1696E+00  0.0000E+00
  0.1689E+00  0.0000E+00
  0.1643E+00  0.0000E+00
  0.1650E+00  0.0000E+00
 Events:
        2623           0
        2692           0
        2713           0
        2703           0
        2629           0
        2640           0
 Found         1596  events.
 Wrote          191  events.
 Actual xsec    39467686.770617023     
 Correct abs xsec    39467686.770617023     
 Event xsec    39467686.770617053     
 Events wgts > 1:            3
 % Cross section > 1:    285567.63362910796       0.72354793755408964     
 Checking number of events   4076.6173665370320              191  chi2:    3.1505225765644447     
 Found         1596  events.
 Wrote          176  events.
 Actual xsec    39467686.770617023     
 Correct abs xsec    39467686.770617023     
 Event xsec    39467686.770617142     
 Events wgts > 1:            3
 % Cross section > 1:    309714.79544283357       0.78473004319424589     
 Iteration  5   Mean: 0.3988E+08 Abs mean: 0.3988E+08   Fluctuation:  0.496E+06   0.705E+10    96.9%
  5    0.3988E+08 0.3988E+08 +- 0.4958E+06      2.22
 Relative summed weights:
  0.1671E+00  0.0000E+00
  0.1771E+00  0.0000E+00
  0.1654E+00  0.0000E+00
  0.1679E+00  0.0000E+00
  0.1631E+00  0.0000E+00
  0.1594E+00  0.0000E+00
 Relative number of events:
  0.1676E+00  0.0000E+00
  0.1685E+00  0.0000E+00
  0.1683E+00  0.0000E+00
  0.1670E+00  0.0000E+00
  0.1649E+00  0.0000E+00
  0.1638E+00  0.0000E+00
 Events:
        5362           0
        5392           0
        5385           0
        5345           0
        5276           0
        5240           0
 Found         3048  events.
 Wrote          561  events.
 Actual xsec    39705246.064986698     
 Correct abs xsec    39705246.064986698     
 Event xsec    39705246.064986259     
 Events wgts > 1:            8
 % Cross section > 1:    337280.54408298887       0.84946090884553649     
 Checking number of events   4101.1548660524759              561  chi2:    2.9454575567728352     
 Found         3048  events.
 Wrote          573  events.
 Actual xsec    39705246.064986698     
 Correct abs xsec    39705246.064986698     
 Event xsec    39705246.064986847     
 Events wgts > 1:            8
 % Cross section > 1:    330275.83246005944       0.83181913019626275     
 Iteration  6   Mean: 0.4062E+08 Abs mean: 0.4062E+08   Fluctuation:  0.302E+06   0.407E+10    97.0%
  6    0.4062E+08 0.4062E+08 +- 0.3021E+06      1.88
 Relative summed weights:
  0.1665E+00  0.0000E+00
  0.1649E+00  0.0000E+00
  0.1640E+00  0.0000E+00
  0.1679E+00  0.0000E+00
  0.1696E+00  0.0000E+00
  0.1672E+00  0.0000E+00
 Relative number of events:
  0.1689E+00  0.0000E+00
  0.1667E+00  0.0000E+00
  0.1663E+00  0.0000E+00
  0.1655E+00  0.0000E+00
  0.1664E+00  0.0000E+00
  0.1661E+00  0.0000E+00
 Events:
       10812           0
       10671           0
       10646           0
       10590           0
       10651           0
       10630           0
 Found         6308  events.
 Wrote         1759  events.
 Actual xsec    40449942.493773878     
 Correct abs xsec    40449942.493773878     
 Event xsec    40449942.493772544     
 Events wgts > 1:           38
 % Cross section > 1:    405711.57874200540        1.0029966762115090     
 Checking number of events   4178.0745601819035             1759  chi2:   0.86134013248818653     
 Found         6308  events.
 Wrote         1809  events.
 Actual xsec    40449942.493773878     
 Correct abs xsec    40449942.493773878     
 Event xsec    40449942.493773818     
 Events wgts > 1:           38
 % Cross section > 1:    394607.27578783809       0.97554471393519848     
 Iteration  7   Mean: 0.4046E+08 Abs mean: 0.4046E+08   Fluctuation:  0.190E+06   0.323E+10    96.8%
  7    0.4046E+08 0.4046E+08 +- 0.1901E+06      1.68
 Relative summed weights:
  0.1665E+00  0.0000E+00
  0.1689E+00  0.0000E+00
  0.1640E+00  0.0000E+00
  0.1654E+00  0.0000E+00
  0.1684E+00  0.0000E+00
  0.1668E+00  0.0000E+00
 Relative number of events:
  0.1659E+00  0.0000E+00
  0.1661E+00  0.0000E+00
  0.1662E+00  0.0000E+00
  0.1664E+00  0.0000E+00
  0.1678E+00  0.0000E+00
  0.1676E+00  0.0000E+00
 Events:
       21238           0
       21264           0
       21269           0
       21298           0
       21481           0
       21450           0
 Found        12774  events.
 Wrote         4717  events.
 Actual xsec    40446229.724538647     
 Correct abs xsec    40446229.724538647     
 Event xsec    40446229.724539608     
 Events wgts > 1:           95
 % Cross section > 1:    399770.77329573670       0.98840059016226944     
 Checking number of events   4177.6910682475964             4717  chi2:   0.81292972093955085     

 -------------------------------------------------------------------------------
 Accumulated results:   Integral =  0.4040E+08
                        Std dev  =  0.1490E+06
                       Cross sec =  0.1622E+01
             Chi**2 per DoF.     =
-------------------------------------------------
---------------------------
 Results Last   3 iters: Integral =   0.4045E+08
                     Abs integral =   0.4045E+08
                          Std dev =   0.1530E+06
                  Chi**2 per DoF. =      0.8129
-------------------------------------------------
---------------------------
 Status -1.03289999999999995E-004           8           9
 We found enough events        4717   4177.6910682475964     
=======
 Added good helicity            1  2.02255404684609855E-002  in event            1
 Added good helicity            2  1.73619863667559514E-002  in event            1
 Added good helicity            3  7.98136257395873567E-004  in event            1
 Added good helicity            4  4.54572229621639246E-005  in event            1
 Added good helicity            5  5.75475423787533564E-005  in event            1
 Added good helicity            6  4.70148210096449202E-005  in event            1
 Added good helicity           10  2.02578366602301268E-005  in event            1
 Added good helicity           11   7.4321108889023746       in event            1
 Added good helicity           12   8.5174500733214114       in event            1
 Added good helicity           13  5.33944304329860443E-003  in event            1
 Added good helicity           14  6.54365397251612576E-003  in event            1
 Added good helicity           19  6.54365397251612402E-003  in event            1
 Added good helicity           20  5.33944304329860443E-003  in event            1
 Added good helicity           21   8.5174500733214096       in event            1
 Added good helicity           22   7.4321108889023728       in event            1
 Added good helicity           23  2.02578366602301370E-005  in event            1
 Added good helicity           27  4.70148210096449202E-005  in event            1
 Added good helicity           28  5.75475423787533293E-005  in event            1
 Added good helicity           29  4.54572229621639246E-005  in event            1
 Added good helicity           30  7.98136257395873892E-004  in event            1
 Added good helicity           31  1.73619863667559514E-002  in event            1
 Added good helicity           32  2.02255404684609855E-002  in event            1
 Added good helicity           15  3.91800938327569251E-003  in event            3
 Added good helicity           18  3.91800938327569251E-003  in event            3
 Added good helicity            7  1.22959432996375964E-005  in event            8
 Added good helicity           26  1.22959432996375964E-005  in event            8
 Iteration  1   Mean: 0.1570E+09 Abs mean: 0.1570E+09   Fluctuation:  0.243E+08   0.193E+11    99.4%
  1    0.1570E+09 0.1570E+09 +- 0.2428E+08      4.89
 Writing out events   17552.512624676827        4.8887961160745323     
 Relative summed weights:
  0.1464E+00  0.0000E+00
  0.2794E+00  0.0000E+00
  0.1067E+00  0.0000E+00
  0.1837E+00  0.0000E+00
  0.1681E+00  0.0000E+00
  0.1156E+00  0.0000E+00
 Relative number of events:
  0.1570E+00  0.0000E+00
  0.1660E+00  0.0000E+00
  0.1640E+00  0.0000E+00
  0.1680E+00  0.0000E+00
  0.1720E+00  0.0000E+00
  0.1730E+00  0.0000E+00
 Events:
         157           0
         166           0
         164           0
         168           0
         172           0
         173           0
 Iteration  2   Mean: 0.1161E+09 Abs mean: 0.1161E+09   Fluctuation:  0.751E+07   0.846E+10    99.6%
  2    0.1161E+09 0.1161E+09 +- 0.7512E+07      2.89
 Relative summed weights:
  0.1336E+00  0.0000E+00
  0.1845E+00  0.0000E+00
  0.1791E+00  0.0000E+00
  0.1689E+00  0.0000E+00
  0.1529E+00  0.0000E+00
  0.1810E+00  0.0000E+00
 Relative number of events:
  0.1595E+00  0.0000E+00
  0.1780E+00  0.0000E+00
  0.1640E+00  0.0000E+00
  0.1530E+00  0.0000E+00
  0.1630E+00  0.0000E+00
  0.1825E+00  0.0000E+00
 Events:
         319           0
         356           0
         328           0
         306           0
         326           0
         365           0
 Iteration  3   Mean: 0.1279E+09 Abs mean: 0.1279E+09   Fluctuation:  0.973E+07   0.224E+11    99.5%
  3    0.1279E+09 0.1279E+09 +- 0.9728E+07      4.81
 Relative summed weights:
  0.1351E+00  0.0000E+00
  0.2580E+00  0.0000E+00
  0.2073E+00  0.0000E+00
  0.1375E+00  0.0000E+00
  0.1317E+00  0.0000E+00
  0.1304E+00  0.0000E+00
 Relative number of events:
  0.1675E+00  0.0000E+00
  0.1755E+00  0.0000E+00
  0.1710E+00  0.0000E+00
  0.1670E+00  0.0000E+00
  0.1600E+00  0.0000E+00
  0.1590E+00  0.0000E+00
 Events:
         670           0
         702           0
         684           0
         668           0
         640           0
         636           0
 Found          345  events.
 Wrote           27  events.
 Actual xsec    124360409.31958684     
 Correct abs xsec    124360409.31958684     
 Event xsec    124360409.31958681     
 Events wgts > 1:            2
 % Cross section > 1:    336561.19349771086       0.27063371320433754     
 Checking number of events   53165.318588216571               27  chi2:    1.5786317793333762     
 Found          345  events.
 Wrote           26  events.
 Actual xsec    124360409.31958684     
 Correct abs xsec    124360409.31958684     
 Event xsec    124360409.31958692     
 Events wgts > 1:            2
 % Cross section > 1:    349469.47854661103       0.28101345151456425     
 Iteration  4   Mean: 0.1134E+09 Abs mean: 0.1134E+09   Fluctuation:  0.345E+07   0.115E+11    99.5%
  4    0.1134E+09 0.1134E+09 +- 0.3452E+07      2.72
 Relative summed weights:
  0.1679E+00  0.0000E+00
  0.1723E+00  0.0000E+00
  0.1717E+00  0.0000E+00
  0.1765E+00  0.0000E+00
  0.1659E+00  0.0000E+00
  0.1457E+00  0.0000E+00
 Relative number of events:
  0.1716E+00  0.0000E+00
  0.1640E+00  0.0000E+00
  0.1625E+00  0.0000E+00
  0.1678E+00  0.0000E+00
  0.1711E+00  0.0000E+00
  0.1630E+00  0.0000E+00
 Events:
        1373           0
        1312           0
        1300           0
        1342           0
        1369           0
        1304           0
 Found          670  events.
 Wrote           98  events.
 Actual xsec    115509392.92334184     
 Correct abs xsec    115509392.92334184     
 Event xsec    115509392.92334178     
 Events wgts > 1:            3
 % Cross section > 1:    715301.08288415824       0.61925793632979298     
 Checking number of events   49381.420568657864               98  chi2:   0.99924086555471936     
 Found          670  events.
 Wrote          109  events.
 Actual xsec    115509392.92334184     
 Correct abs xsec    115509392.92334184     
 Event xsec    115509392.92334187     
 Events wgts > 1:            3
 % Cross section > 1:    643516.89400424529       0.55711217738917307     
 Iteration  5   Mean: 0.1285E+09 Abs mean: 0.1285E+09   Fluctuation:  0.136E+08   0.194E+12    99.4%
  5    0.1285E+09 0.1285E+09 +- 0.1363E+08     13.42
 Relative summed weights:
  0.1502E+00  0.0000E+00
  0.1501E+00  0.0000E+00
  0.1783E+00  0.0000E+00
  0.1314E+00  0.0000E+00
  0.2391E+00  0.0000E+00
  0.1510E+00  0.0000E+00
 Relative number of events:
  0.1716E+00  0.0000E+00
  0.1656E+00  0.0000E+00
  0.1664E+00  0.0000E+00
  0.1646E+00  0.0000E+00
  0.1656E+00  0.0000E+00
  0.1662E+00  0.0000E+00
 Events:
        2746           0
        2650           0
        2663           0
        2633           0
        2649           0
        2659           0
 Found         1399  events.
 Wrote           11  events.
 Actual xsec    116270977.41316597     
 Correct abs xsec    116270977.41316597     
 Event xsec    116270977.41316596     
 Events wgts > 1:            1
 % Cross section > 1:    2.7789185661822557       2.39003629969277687E-006
 Checking number of events   49707.005553902585               11  chi2:    1.4636150175613571     
 Found         1399  events.
 Wrote           13  events.
 Actual xsec    116270977.41316597     
 Correct abs xsec    116270977.41316597     
 Event xsec    116270977.41316596     
 Events wgts > 1:            1
 % Cross section > 1:    2.3513926416635513       2.02233841494936205E-006
 Iteration  6   Mean: 0.1154E+09 Abs mean: 0.1154E+09   Fluctuation:  0.304E+07   0.584E+11    99.4%
  6    0.1154E+09 0.1154E+09 +- 0.3044E+07      4.72
 Relative summed weights:
  0.1585E+00  0.0000E+00
  0.1708E+00  0.0000E+00
  0.1771E+00  0.0000E+00
  0.1530E+00  0.0000E+00
  0.1539E+00  0.0000E+00
  0.1867E+00  0.0000E+00
 Relative number of events:
  0.1624E+00  0.0000E+00
  0.1680E+00  0.0000E+00
  0.1672E+00  0.0000E+00
  0.1670E+00  0.0000E+00
  0.1668E+00  0.0000E+00
  0.1686E+00  0.0000E+00
 Events:
        5197           0
        5377           0
        5350           0
        5344           0
        5338           0
        5394           0
 Found         2579  events.
 Wrote           65  events.
 Actual xsec    115036839.34523483     
 Correct abs xsec    115036839.34523483     
 Event xsec    115036839.34523493     
 Events wgts > 1:            2
 % Cross section > 1:    201768.97822691780       0.17539509897467945     
 Checking number of events   49179.399188481337               65  chi2:   0.61091738706964527     
 Found         2579  events.
 Wrote           67  events.
 Actual xsec    115036839.34523483     
 Correct abs xsec    115036839.34523483     
 Event xsec    115036839.34523492     
 Events wgts > 1:            2
 % Cross section > 1:    195756.27281442634       0.17016833383864610     
 Iteration  7   Mean: 0.1262E+09 Abs mean: 0.1262E+09   Fluctuation:  0.463E+07   0.208E+12    99.5%
  7    0.1262E+09 0.1262E+09 +- 0.4634E+07      9.29
 Relative summed weights:
  0.1556E+00  0.0000E+00
  0.1562E+00  0.0000E+00
  0.1647E+00  0.0000E+00
  0.1728E+00  0.0000E+00
  0.1849E+00  0.0000E+00
  0.1659E+00  0.0000E+00
 Relative number of events:
  0.1687E+00  0.0000E+00
  0.1644E+00  0.0000E+00
  0.1675E+00  0.0000E+00
  0.1655E+00  0.0000E+00
  0.1675E+00  0.0000E+00
  0.1663E+00  0.0000E+00
 Events:
       10799           0
       10522           0
       10719           0
       10594           0
       10723           0
       10643           0
 Found         5615  events.
 Wrote           53  events.
 Actual xsec    119472735.56168251     
 Correct abs xsec    119472735.56168251     
 Event xsec    119472735.56168248     
 Events wgts > 1:            1
 % Cross section > 1:    1155121.2365746964       0.96684924066070266     
 Checking number of events   51075.789179974883               53  chi2:    2.1636735908921017     
 Found         5615  events.
 Wrote           62  events.
 Actual xsec    119472735.56168251     
 Correct abs xsec    119472735.56168251     
 Event xsec    119472735.56168263     
 Events wgts > 1:            1
 % Cross section > 1:    988830.16146171885       0.82766177305046762     
 Iteration  8   Mean: 0.1205E+09 Abs mean: 0.1205E+09   Fluctuation:  0.170E+07   0.804E+11    99.5%
  8    0.1205E+09 0.1205E+09 +- 0.1699E+07      5.04
 Relative summed weights:
  0.1624E+00  0.0000E+00
  0.1755E+00  0.0000E+00
  0.1662E+00  0.0000E+00
  0.1634E+00  0.0000E+00
  0.1671E+00  0.0000E+00
  0.1654E+00  0.0000E+00
 Relative number of events:
  0.1656E+00  0.0000E+00
  0.1673E+00  0.0000E+00
  0.1653E+00  0.0000E+00
  0.1681E+00  0.0000E+00
  0.1655E+00  0.0000E+00
  0.1683E+00  0.0000E+00
 Events:
       21191           0
       21413           0
       21155           0
       21515           0
       21184           0
       21542           0
 Found        10389  events.
 Wrote          468  events.
 Actual xsec    120072960.80240673     
 Correct abs xsec    120072960.80240673     
 Event xsec    120072960.80240758     
 Events wgts > 1:            9
 % Cross section > 1:    1149186.2980425532       0.95707334137754596     
 Checking number of events   51332.391472636897              468  chi2:    2.0743292671981184     
 Found        10389  events.
 Wrote          467  events.
 Actual xsec    120072960.80240673     
 Correct abs xsec    120072960.80240673     
 Event xsec    120072960.80240764     
 Events wgts > 1:            9
 % Cross section > 1:    1151623.4809477201       0.95910309302927454     
 Iteration  9   Mean: 0.1310E+09 Abs mean: 0.1310E+09   Fluctuation:  0.963E+07   0.241E+13    99.5%
  9    0.1310E+09 0.1310E+09 +- 0.9631E+07     37.19
 Relative summed weights:
  0.1728E+00  0.0000E+00
  0.1503E+00  0.0000E+00
  0.1572E+00  0.0000E+00
  0.2225E+00  0.0000E+00
  0.1486E+00  0.0000E+00
  0.1486E+00  0.0000E+00
 Relative number of events:
  0.1667E+00  0.0000E+00
  0.1665E+00  0.0000E+00
  0.1651E+00  0.0000E+00
  0.1677E+00  0.0000E+00
  0.1668E+00  0.0000E+00
  0.1671E+00  0.0000E+00
 Events:
       42670           0
       42625           0
       42277           0
       42940           0
       42705           0
       42783           0
 Found        21924  events.
 Wrote            9  events.
 Actual xsec    121533890.76632667     
 Correct abs xsec    121533890.76632667     
 Event xsec    121533890.76632668     
 Events wgts > 1:            0
 % Cross section > 1:    0.0000000000000000        0.0000000000000000     
 Checking number of events   51956.953641512308                9  chi2:    1.1846800632953856     
 Found        21924  events.
 Wrote           11  events.
 Actual xsec    121533890.76632667     
 Correct abs xsec    121533890.76632667     
 Event xsec    121533890.76632667     
 Events wgts > 1:            0
 % Cross section > 1:    0.0000000000000000        0.0000000000000000     

 -------------------------------------------------------------------------------
 Accumulated results:   Integral =  0.1198E+09
                        Std dev  =  0.1262E+07
                       Cross sec =  0.1198E+09
             Chi**2 per DoF.     =      1.8062
 -------------------------------------------------------------------------------
-------------------------------------------------
---------------------------
 Results Last   3 iters: Integral =   0.1215E+09
                     Abs integral =   0.1215E+09
                          Std dev =   0.1575E+07
                  Chi**2 per DoF. =      1.1847
-------------------------------------------------
---------------------------
 Status -4.27509999999999978E-004          10           9
 Trying w/ fresh grid
 Starting w/ ncall =         4000
 Keeping grid fixed.
  5 dimensions   4000 events  5 invarients  8 iterations  1 config(s),  (0.99)
 Using h-tuple random number sequence.
 Error opening grid
 Using Uniform Grid!
 Using uniform alpha   1.0000000000000000     
 Grid defined OK
 Warning: No cutoff for shat integral found
          Minimum set to    204.08163265306121     
Setting grid   1    0.20408E+03   1
 Warning: No cutoff for shat integral found
          Minimum set to    204.08163265306121     
Setting grid   2    0.20408E+03   1
Warning xbin not returning correct x   2  0.999986E+00  0.996133E+00  0.2837E+03
Warning xbin not returning correct x   2  0.999964E+00  0.989675E+00  0.2837E+03
Warning xbin not returning correct x   2  0.999978E+00  0.993837E+00  0.2837E+03
Warning xbin not returning correct x   2  0.999994E+00  0.998278E+00  0.2837E+03
Warning xbin not returning correct x   2  0.999989E+00  0.996793E+00  0.2837E+03
Warning xbin still not working well. Last message this iteration.
 Iteration  1   Mean: 0.3489E+08 Abs mean: 0.3489E+08   Fluctuation:  0.113E+08   0.367E+11    99.0%
  1    0.3489E+08 0.3489E+08 +- 0.1127E+08     20.43
 Relative summed weights:
  0.1054E+00  0.0000E+00
  0.4790E-01  0.0000E+00
  0.1033E+00  0.0000E+00
  0.4528E-01  0.0000E+00
  0.4286E+00  0.0000E+00
  0.2695E+00  0.0000E+00
 Relative number of events:
  0.1613E+00  0.0000E+00
  0.1633E+00  0.0000E+00
  0.1640E+00  0.0000E+00
  0.1710E+00  0.0000E+00
  0.1688E+00  0.0000E+00
  0.1718E+00  0.0000E+00
 Events:
         645           0
         653           0
         656           0
         684           0
         675           0
         687           0
Warning xbin not returning correct x   1  0.986187E+00  0.999791E+00  0.1536E-01
Warning xbin not returning correct x   1  0.986634E+00  0.999798E+00  0.1536E-01
Warning xbin not returning correct x   1  0.985175E+00  0.999776E+00  0.1536E-01
Warning xbin not returning correct x   1  0.984912E+00  0.999772E+00  0.1536E-01
Warning xbin not returning correct x   1  0.989802E+00  0.999846E+00  0.1536E-01
Warning xbin still not working well. Last message this iteration.
 Iteration  2   Mean: 0.2658E+07 Abs mean: 0.2658E+07   Fluctuation:  0.129E+06   0.424E+09    90.2%
  2    0.2658E+07 0.2658E+07 +- 0.1294E+06      4.35
 Relative summed weights:
  0.1858E+00  0.0000E+00
  0.1567E+00  0.0000E+00
  0.1395E+00  0.0000E+00
  0.1447E+00  0.0000E+00
  0.2290E+00  0.0000E+00
  0.1443E+00  0.0000E+00
 Relative number of events:
  0.1670E+00  0.0000E+00
  0.1729E+00  0.0000E+00
  0.1646E+00  0.0000E+00
  0.1685E+00  0.0000E+00
  0.1656E+00  0.0000E+00
  0.1614E+00  0.0000E+00
 Events:
        1336           0
        1383           0
        1317           0
        1348           0
        1325           0
        1291           0
 Iteration  3   Mean: 0.9202E+08 Abs mean: 0.9202E+08   Fluctuation:  0.495E+08   0.745E+12   100.0%
  3    0.9202E+08 0.9202E+08 +- 0.4947E+08     68.00
 Relative summed weights:
  0.6318E-01  0.0000E+00
  0.5481E+00  0.0000E+00
  0.2977E-01  0.0000E+00
  0.6154E-01  0.0000E+00
  0.2879E-01  0.0000E+00
  0.2687E+00  0.0000E+00
 Relative number of events:
  0.1656E+00  0.0000E+00
  0.1697E+00  0.0000E+00
  0.1680E+00  0.0000E+00
  0.1694E+00  0.0000E+00
  0.1653E+00  0.0000E+00
  0.1620E+00  0.0000E+00
 Events:
        2650           0
        2715           0
        2688           0
        2710           0
        2645           0
        2592           0
 Found         2044  events.
 Wrote            2  events.
 Actual xsec    4078403.9518549708     
 Correct abs xsec    4078403.9518549708     
 Event xsec    4078403.9518549712     
 Events wgts > 1:            1
 % Cross section > 1:   0.34881539293564856       8.55274261827344647E-006
 Checking number of events   1743.5584734575184                2  chi2:    65.622148468752812     
 Found         2044  events.
 Wrote            3  events.
 Actual xsec    4078403.9518549708     
 Correct abs xsec    4078403.9518549708     
 Event xsec    4078403.9518549712     
 Events wgts > 1:            1
 % Cross section > 1:   0.23254360188730061       5.70182857393351965E-006
 Iteration  4   Mean: 0.8017E+08 Abs mean: 0.8017E+08   Fluctuation:  0.319E+08   0.989E+12    99.8%
  4    0.8017E+08 0.8017E+08 +- 0.3192E+08     71.23
 Relative summed weights:
  0.9193E-01  0.0000E+00
  0.8785E-01  0.0000E+00
  0.9240E-01  0.0000E+00
  0.8567E-01  0.0000E+00
  0.8876E-01  0.0000E+00
  0.5534E+00  0.0000E+00
 Relative number of events:
  0.1651E+00  0.0000E+00
  0.1687E+00  0.0000E+00
  0.1689E+00  0.0000E+00
  0.1655E+00  0.0000E+00
  0.1641E+00  0.0000E+00
  0.1677E+00  0.0000E+00
 Events:
        5284           0
        5398           0
        5405           0
        5295           0
        5251           0
        5367           0
 Found          675  events.
 Wrote            3  events.
 Actual xsec    4505543.2196001653     
 Correct abs xsec    4505543.2196001653     
 Event xsec    4505543.2196001653     
 Events wgts > 1:            0
 % Cross section > 1:    0.0000000000000000        0.0000000000000000     
 Checking number of events   1926.1647818112665                3  chi2:    106.38997735241763     
 Found          675  events.
 Wrote            4  events.
 Actual xsec    4505543.2196001653     
 Correct abs xsec    4505543.2196001653     
 Event xsec    4505543.2196001653     
 Events wgts > 1:            0
 % Cross section > 1:    0.0000000000000000        0.0000000000000000     
 Iteration  5   Mean: 0.7995E+08 Abs mean: 0.7995E+08   Fluctuation:  0.153E+08   0.949E+12    99.1%
  5    0.7995E+08 0.7995E+08 +- 0.1527E+08     48.32
 Relative summed weights:
  0.1413E+00  0.0000E+00
  0.1373E+00  0.0000E+00
  0.3400E+00  0.0000E+00
  0.1262E+00  0.0000E+00
  0.1353E+00  0.0000E+00
  0.1199E+00  0.0000E+00
 Relative number of events:
  0.1649E+00  0.0000E+00
  0.1675E+00  0.0000E+00
  0.1674E+00  0.0000E+00
  0.1653E+00  0.0000E+00
  0.1681E+00  0.0000E+00
  0.1669E+00  0.0000E+00
 Events:
       10552           0
       10722           0
       10711           0
       10576           0
       10760           0
       10679           0
 Found         2860  events.
 Wrote            9  events.
 Actual xsec    81109354.047008067     
 Correct abs xsec    81109354.047008067     
 Event xsec    81109354.047008067     
 Events wgts > 1:            1
 % Cross section > 1:    3.2030779644846916       3.94908577699719165E-006
 Checking number of events   34675.059948636415                9  chi2:   2.76282705705495797E-002
 Found         2860  events.
 Wrote            9  events.
 Actual xsec    81109354.047008067     
 Correct abs xsec    81109354.047008067     
 Event xsec    81109354.047008067     
 Events wgts > 1:            1
 % Cross section > 1:    3.2030779644846916       3.94908577699719165E-006
 Fixing grid
 Iteration  6   Mean: 0.1174E+09 Abs mean: 0.1174E+09   Fluctuation:  0.201E+08   0.191E+13    98.2%
  6    0.1174E+09 0.1174E+09 +- 0.2012E+08     61.33
 Relative summed weights:
  0.1197E+00  0.0000E+00
  0.1298E+00  0.0000E+00
  0.1934E+00  0.0000E+00
  0.1646E+00  0.0000E+00
  0.2400E+00  0.0000E+00
  0.1525E+00  0.0000E+00
 Relative number of events:
  0.1662E+00  0.0000E+00
  0.1664E+00  0.0000E+00
  0.1653E+00  0.0000E+00
  0.1670E+00  0.0000E+00
  0.1677E+00  0.0000E+00
  0.1674E+00  0.0000E+00
 Events:
       21279           0
       21293           0
       21159           0
       21374           0
       21471           0
       21424           0
 Found         8581  events.
 Wrote           10  events.
 Actual xsec    98775037.652684599     
 Correct abs xsec    98775037.652684599     
 Event xsec    98775037.652684584     
 Events wgts > 1:            0
 % Cross section > 1:    0.0000000000000000        0.0000000000000000     
 Checking number of events   42227.316346899192               10  chi2:    1.3575167498275864     
 Found         8581  events.
 Wrote           13  events.
 Actual xsec    98775037.652684599     
 Correct abs xsec    98775037.652684599     
 Event xsec    98775037.652684584     
 Events wgts > 1:            0
 % Cross section > 1:    0.0000000000000000        0.0000000000000000     
 Iteration  7   Mean: 0.1383E+09 Abs mean: 0.1383E+09   Fluctuation:  0.352E+08   0.788E+13    98.2%
  7    0.1383E+09 0.1383E+09 +- 0.3515E+08    128.56
 Relative summed weights:
  0.1534E+00  0.0000E+00
  0.3232E+00  0.0000E+00
  0.2075E+00  0.0000E+00
  0.1028E+00  0.0000E+00
  0.1170E+00  0.0000E+00
  0.9609E-01  0.0000E+00
 Relative number of events:
  0.1667E+00  0.0000E+00
  0.1667E+00  0.0000E+00
  0.1662E+00  0.0000E+00
  0.1670E+00  0.0000E+00
  0.1677E+00  0.0000E+00
  0.1656E+00  0.0000E+00
 Events:
       42679           0
       42674           0
       42555           0
       42753           0
       42943           0
       42396           0
 Found        12307  events.
 Wrote            2  events.
 Actual xsec    108267400.46254741     
 Correct abs xsec    108267400.46254741     
 Event xsec    108267400.46254742     
 Events wgts > 1:            1
 % Cross section > 1:    3.3195470795035362       3.06606334438763592E-006
 Checking number of events   46285.396371743642                2  chi2:    2.1881333400537359     
 Found        12307  events.
 Wrote            4  events.
 Actual xsec    108267400.46254741     
 Correct abs xsec    108267400.46254741     
 Event xsec    108267400.46254741     
 Events wgts > 1:            1
 % Cross section > 1:    1.6597735621035099       1.53303169283875993E-006
 Iteration  8   Mean: 0.1048E+09 Abs mean: 0.1048E+09   Fluctuation:  0.101E+08   0.398E+13    98.3%
  8    0.1048E+09 0.1048E+09 +- 0.1007E+08     68.78
 Relative summed weights:
  0.1479E+00  0.0000E+00
  0.1835E+00  0.0000E+00
  0.2261E+00  0.0000E+00
  0.1732E+00  0.0000E+00
  0.1253E+00  0.0000E+00
  0.1440E+00  0.0000E+00
 Relative number of events:
  0.1672E+00  0.0000E+00
  0.1663E+00  0.0000E+00
  0.1669E+00  0.0000E+00
  0.1671E+00  0.0000E+00
  0.1657E+00  0.0000E+00
  0.1668E+00  0.0000E+00
 Events:
       85587           0
       85134           0
       85459           0
       85561           0
       84846           0
       85413           0
 Found        21448  events.
 Wrote           18  events.
 Actual xsec    122198804.48121399     
 Correct abs xsec    122198804.48121399     
 Event xsec    122198804.48121390     
 Events wgts > 1:            0
 % Cross section > 1:    0.0000000000000000        0.0000000000000000     
 Checking number of events   47372.565408099123               18  chi2:   0.53802192839282137     
 Found        21448  events.
 Wrote           13  events.
 Actual xsec    122198804.48121399     
 Correct abs xsec    122198804.48121399     
 Event xsec    122198804.48121393     
 Events wgts > 1:            0
 % Cross section > 1:    0.0000000000000000        0.0000000000000000     

 -------------------------------------------------------------------------------
 Accumulated results:   Integral =  0.3503E+08
                        Std dev  =  0.1400E+07
                       Cross sec =  0.3503E+08
             Chi**2 per DoF.     =    168.1633
 -------------------------------------------------------------------------------
-------------------------------------------------
---------------------------
 Results Last   3 iters: Integral =   0.1108E+09
                     Abs integral =   0.1108E+09
                         Std dev =   0.8822E+07
                 Chi**2 per DoF. =      0.5380
-------------------------------------------------
---------------------------
>>>>>>> 911b5ec345c81b054214c521136984e9d6306827

ls status:
events.lhe
ftn25
ftn26
input_sg.txt
<<<<<<< HEAD
=======
log.txt
>>>>>>> 911b5ec345c81b054214c521136984e9d6306827
moffset.dat
results.dat
run_01_ftn26.gz
run_01_log.txt
run_01_results.dat
run_02_ftn26.gz
run_02_log.txt
run_02_results.dat
<<<<<<< HEAD
run_03_ftn26.gz
run_03_log.txt
run_03_results.dat
run_08_ftn26.gz
run_08_log.txt
run_08_results.dat
run_09_log.txt
run_09_results.dat
run_10_ftn26.gz
run_10_log.txt
run_10_results.dat
run_11_ftn26.gz
run_11_log.txt
run_11_results.dat
=======
>>>>>>> 911b5ec345c81b054214c521136984e9d6306827
run1_app.log
