 Process in group number            1
 No PDF is used, alpha_s(MZ) from param_card is used
 Value of alpha_s from param_card:   0.11800000071525575     
 The default order of alpha_s running is fixed to            2
 Warning: pt or E min of a gamma should in general be >0
 *****************************************************
 *               MadGraph/MadEvent                   *
 *        --------------------------------           *
 *          http://madgraph.hep.uiuc.edu             *
 *          http://madgraph.phys.ucl.ac.be           *
 *          http://madgraph.roma2.infn.it            *
 *        --------------------------------           *
 *                                                   *
 *          PARAMETER AND COUPLING VALUES            *
 *                                                   *
 *****************************************************

  External Params
  ---------------------------------
  
 mdl_MB =    4.6999998092651367     
 mdl_MT =    173.00000000000000     
 mdl_MTA =    1.7769999504089355     
 mdl_MZ =    91.188003540039063     
 mdl_MH =    125.00000000000000     
 aEWM1 =    132.50700378417969     
 mdl_Gf =   1.16639000000000003E-005
 aS =   0.11800000071525575     
 mdl_ymb =    4.6999998092651367     
 mdl_ymt =    173.00000000000000     
 mdl_ymtau =    1.7769999504089355     
 mdl_WT =    1.4915000200271606     
 mdl_WZ =    2.4414041042327881     
 mdl_WW =    2.0476000308990479     
 mdl_WH =   6.38233916833996773E-003
  Internal Params
  ---------------------------------
  
 mdl_conjg__CKM3x3 =    1.0000000000000000     
 mdl_CKM3x3 =    1.0000000000000000     
 mdl_conjg__CKM1x1 =    1.0000000000000000     
 mdl_complexi =  (  0.0000000000000000     ,  1.0000000000000000     )
 mdl_MZ__exp__2 =    8315.2519896181766     
 mdl_MZ__exp__4 =    69143415.650849044     
 mdl_sqrt__2 =    1.4142135623730951     
 mdl_MH__exp__2 =    15625.000000000000     
 mdl_aEW =   7.54677089845565054E-003
 mdl_MW =    80.419007276179556     
 mdl_sqrt__aEW =   8.68721526063194194E-002
 mdl_ee =   0.30795376284704501     
 mdl_MW__exp__2 =    6467.2167312862202     
 mdl_sw2 =   0.22224645274001076     
 mdl_cw =   0.88190336616887299     
 mdl_sqrt__sw2 =   0.47143022043565552     
 mdl_sw =   0.47143022043565552     
 mdl_g1 =   0.34919218438279087     
 mdl_gw =   0.65323296958447097     
 mdl_vev =    246.21845810181631     
 mdl_vev__exp__2 =    60623.529110035874     
 mdl_lam =   0.12886910601690271     
 mdl_yb =   2.69955531549349904E-002
 mdl_yt =   0.99366614581500645     
 mdl_ytau =   1.02066167158167895E-002
 mdl_muH =    88.388347648318444     
 mdl_I1x33 =  ( 2.69955531549349904E-002,  0.0000000000000000     )
 mdl_I2x33 =  ( 0.99366614581500645     ,  0.0000000000000000     )
 mdl_I3x33 =  ( 0.99366614581500645     ,  0.0000000000000000     )
 mdl_I4x33 =  ( 2.69955531549349904E-002,  0.0000000000000000     )
 mdl_ee__exp__2 =   9.48355200516540348E-002
 mdl_sw__exp__2 =   0.22224645274001076     
 mdl_cw__exp__2 =   0.77775354725998924     
  Internal Params evaluated point by point
  ----------------------------------------
  
 mdl_sqrt__aS =   0.34351128178744839     
 mdl_G__exp__2 =    1.4828317414825511     
  Couplings of sm
  ---------------------------------
  
         GC_3 =  -0.00000E+00  -0.30795E+00
        GC_50 =  -0.00000E+00  -0.28804E+00
        GC_59 =   0.00000E+00   0.82310E-01

 Collider parameters:
 --------------------

 Running at e e   machine @    10.000000000000000       GeV
 PDF set = none   
 alpha_s(Mz)= 0.1180 running at 2 loops.
 alpha_s(Mz)= 0.1180 running at 2 loops.
 Renormalization scale set on event-by-event basis
 Factorization   scale set on event-by-event basis


 getting user params
Enter number of events and max and min iterations: 
 Number of events and iterations         1000           9           3
Enter desired fractional accuracy: 
 Desired fractional accuracy:  -1.10059999999999990E-009
Enter 0 for fixed, 2 for adjustable grid: 
Suppress amplitude (0 no, 1 yes)? 
 Using suppressed amplitude.
Exact helicity sum (0 yes, n = number/event)? 
 Explicitly summing over helicities
Enter Configuration Number: 
Running Configuration Number:    5
 Not subdividing B.W.
 Attempting mappinvarients           1           5
 Completed mapping           5
 about to integrate            5        1000           9           3           5           1
 Keeping grid fixed.
  5 dimensions   1000 events  5 invarients  9 iterations  1 config(s),  (0.99)
 Using h-tuple random number sequence.
 Grid read from file
 Grid defined OK
 Set CM energy to         10.00
 Mapping Graph           5  to config           5
 Warning: No cutoff for shat integral found
          Minimum set to   1.00000000000000002E-002
 No modification is setgrid, grid read from file
 Warning: No cutoff for shat integral found
          Minimum set to   1.00000000000000002E-002
 No modification is setgrid, grid read from file
 Masses: 0.000E+00 0.000E+00 0.000E+00 0.000E+00 0.000E+00
   5   1   2   3   4   5
 Got moffset           4
Using random seed offsets     5 :      1
  with seed                   48
 Ranmar initialization seeds       30238       22051
  Particle       3       4       5
      Et >     0.0    -1.0    -1.0
       E >     0.0     0.0     0.0
     Eta <    -1.0    -1.0    -1.0
   xqcut:      0.0     0.0     0.0
d R # 3  >    -0.0     0.4     0.4
d R # 4  >    -0.0    -0.0     0.0
s min # 3>     0.0     0.0     0.0
s min # 4>     0.0     0.0     0.0
xqcutij # 3>     0.0     0.0     0.0
xqcutij # 4>     0.0     0.0     0.0
 alpha_s for scale    2.2360683072048424       is   0.28377209372583834     
 Added good helicity            1   4.5653401234408486       in event            1
 Added good helicity            5   3.4346601869203059       in event            1
 Added good helicity           10   4.5653374443499448       in event            1
 Added good helicity           14   3.4346622452861859       in event            1
 Added good helicity           19   3.4346622452884596       in event            1
 Added good helicity           23   4.5653374443529282       in event            1
 Added good helicity           28   3.4346601869203148       in event            1
 Added good helicity           32   4.5653401234410076       in event            1
 Iteration  1   Mean: 0.8348E+14 Abs mean: 0.8348E+14   Fluctuation:  0.767E+14   0.766E+17    99.1%
  1    0.8348E+14 0.8348E+14 +- 0.7668E+14     29.05
 Writing out events   9359431332.4558926        29.045578864251425     
 Relative summed weights:
  0.1000E+01  0.0000E+00
 Relative number of events:
  0.1000E+01  0.0000E+00
 Events:
        1000           0
 Iteration  2   Mean: 0.8695E+14 Abs mean: 0.8695E+14   Fluctuation:  0.482E+14   0.697E+17    99.6%
  2    0.8695E+14 0.8695E+14 +- 0.4823E+14     24.81
 Relative summed weights:
  0.1000E+01  0.0000E+00
 Relative number of events:
  0.1000E+01  0.0000E+00
 Events:
        2000           0
 Iteration  3   Mean: 0.3636E+14 Abs mean: 0.3636E+14   Fluctuation:  0.162E+14   0.497E+17    99.1%
  3    0.3636E+14 0.3636E+14 +- 0.1618E+14     28.15
 Relative summed weights:
  0.1000E+01  0.0000E+00
 Relative number of events:
  0.1000E+01  0.0000E+00
 Events:
        4000           0
 Found           40  events.
 Wrote            5  events.
 Actual xsec    59583793654452.141     
 Correct abs xsec    59583793654452.141     
 Event xsec    59583793654452.133     
 Events wgts > 1:            1
 % Cross section > 1:    1000937.4824218750       1.67988209718010182E-006
 Checking number of events   65577.923296090026                5  chi2:    1.2398474561154209     
 Found           40  events.
 Wrote            3  events.
 Actual xsec    59583793654452.141     
 Correct abs xsec    59583793654452.141     
 Event xsec    59583793654452.141     
 Events wgts > 1:            1
 % Cross section > 1:    1668229.1210937500       2.79980346798394719E-006
 Iteration  4   Mean: 0.1593E+14 Abs mean: 0.1593E+14   Fluctuation:  0.592E+13   0.393E+17    99.4%
  4    0.1593E+14 0.1593E+14 +- 0.5919E+13     33.22
 Relative summed weights:
  0.1000E+01  0.0000E+00
 Relative number of events:
  0.1000E+01  0.0000E+00
 Events:
        8000           0
 Found           72  events.
 Wrote            2  events.
 Actual xsec    37412674331004.461     
 Correct abs xsec    37412674331004.461     
 Event xsec    37412674331004.461     
 Events wgts > 1:            0
 % Cross section > 1:    0.0000000000000000        0.0000000000000000     
 Checking number of events   41176.389368703509                2  chi2:    7.1130606400610468     
 Found           72  events.
 Wrote            1  events.
 Actual xsec    37412674331004.461     
 Correct abs xsec    37412674331004.461     
 Event xsec    37412674331004.461     
 Events wgts > 1:            0
 % Cross section > 1:    0.0000000000000000        0.0000000000000000     
 Iteration  5   Mean: 0.4628E+15 Abs mean: 0.4628E+15   Fluctuation:  0.338E+15   0.496E+19    99.5%
  5    0.4628E+15 0.4628E+15 +- 0.3378E+15     92.32
 Relative summed weights:
  0.1000E+01  0.0000E+00
 Relative number of events:
  0.1000E+01  0.0000E+00
 Events:
       16000           0
 Found          308  events.
 Wrote            1  events.
 Actual xsec    82404501485931.438     
 Correct abs xsec    82404501485931.438     
 Event xsec    82404501485931.438     
 Events wgts > 1:            1
 % Cross section > 1:    5852305.7343750000       7.10192480853019681E-006
 Checking number of events   90694.394335416131                1  chi2:    67.738422972955092     
 Found          308  events.
 Wrote            3  events.
 Actual xsec    82404501485931.438     
 Correct abs xsec    82404501485931.438     
 Event xsec    82404501485931.438     
 Events wgts > 1:            1
 % Cross section > 1:    1950768.6718750000       2.36730838327812263E-006
 Iteration  6   Mean: 0.3292E+14 Abs mean: 0.3292E+14   Fluctuation:  0.918E+13   0.185E+18    99.5%
  6    0.3292E+14 0.3292E+14 +- 0.9184E+13     49.90
 Relative summed weights:
  0.1000E+01  0.0000E+00
 Relative number of events:
  0.1000E+01  0.0000E+00
 Events:
       32000           0
 Found           91  events.
 Wrote            6  events.
 Actual xsec    64046122746126.258     
 Correct abs xsec    64046122746126.258     
 Event xsec    64046122746126.242     
 Events wgts > 1:            1
 % Cross section > 1:    231379.64648437500       3.61270341690387092E-007
 Checking number of events   70489.162694386556                6  chi2:    39.473209344393901     
 Found           91  events.
 Wrote            6  events.
 Actual xsec    64046122746126.258     
 Correct abs xsec    64046122746126.258     
 Event xsec    64046122746126.242     
 Events wgts > 1:            1
 % Cross section > 1:    231379.64648437500       3.61270341690387092E-007
 Iteration  7   Mean: 0.5880E+15 Abs mean: 0.5880E+15   Fluctuation:  0.490E+15   0.313E+20    99.4%
  7    0.5880E+15 0.5880E+15 +- 0.4902E+15    210.92
 Relative summed weights:
  0.1000E+01  0.0000E+00
 Relative number of events:
  0.1000E+01  0.0000E+00
 Events:
       64000           0
 Found          837  events.
 Wrote            1  events.
 Actual xsec    132229962306711.48     
 Correct abs xsec    132229962306711.48     
 Event xsec    132229962306711.48     
 Events wgts > 1:            1
 % Cross section > 1:    5783892.4843750000       4.37411641316140076E-006
 Checking number of events   145532.29651476664                1  chi2:    59.373335647668348     
 Found          837  events.
 Wrote            1  events.
 Actual xsec    132229962306711.48     
 Correct abs xsec    132229962306711.48     
 Event xsec    132229962306711.48     
 Events wgts > 1:            1
 % Cross section > 1:    5783892.4843750000       4.37411641316140076E-006
 Iteration  8   Mean: 0.1356E+15 Abs mean: 0.1356E+15   Fluctuation:  0.457E+14   0.421E+19    99.4%
  8    0.1356E+15 0.1356E+15 +- 0.4571E+14    120.57
 Relative summed weights:
  0.1000E+01  0.0000E+00
 Relative number of events:
  0.1000E+01  0.0000E+00
 Events:
      128000           0
 Found          303  events.
 Wrote            7  events.
 Actual xsec    106655435868262.80     
 Correct abs xsec    106655435868262.80     
 Event xsec    106655435868262.78     
 Events wgts > 1:            0
 % Cross section > 1:    0.0000000000000000        0.0000000000000000     
 Checking number of events   117384.97271661002                7  chi2:    32.910756321612070     
 Found          303  events.
 Wrote            4  events.
 Actual xsec    106655435868262.80     
 Correct abs xsec    106655435868262.80     
 Event xsec    106655435868262.80     
 Events wgts > 1:            0
 % Cross section > 1:    0.0000000000000000        0.0000000000000000     
 Iteration  9   Mean: 0.2639E+15 Abs mean: 0.2639E+15   Fluctuation:  0.786E+14   0.158E+20    99.4%
  9    0.2639E+15 0.2639E+15 +- 0.7862E+14    150.74
 Relative summed weights:
  0.1000E+01  0.0000E+00
 Relative number of events:
  0.1000E+01  0.0000E+00
 Events:
      256000           0
 Found         1413  events.
 Wrote            4  events.
 Actual xsec    233061008191724.72     
 Correct abs xsec    233061008191724.72     
 Event xsec    233061008191724.75     
 Events wgts > 1:            1
 % Cross section > 1:    12788746.671875000       5.48729569613570698E-006
 Checking number of events   256506.94561581220                4  chi2:    2.6100731016245051     
 Found         1413  events.
 Wrote            3  events.
 Actual xsec    233061008191724.72     
 Correct abs xsec    233061008191724.72     
 Event xsec    233061008191724.75     
 Events wgts > 1:            1
 % Cross section > 1:    17051661.906250000       7.31639412295971079E-006

 -------------------------------------------------------------------------------
 Accumulated results:   Integral =  0.1319E+15
                        Std dev  =  0.1812E+14
                       Cross sec =  0.1319E+15
             Chi**2 per DoF.     =      7.0436
 -------------------------------------------------------------------------------
-------------------------------------------------
---------------------------
 Results Last   3 iters: Integral =   0.2331E+15
                     Abs integral =   0.2331E+15
                          Std dev =   0.5025E+14
                  Chi**2 per DoF. =      2.6101
-------------------------------------------------
---------------------------
 Status -1.10059999999999990E-009          10           9
 Trying w/ fresh grid
 Starting w/ ncall =         4000
 Keeping grid fixed.
  5 dimensions   4000 events  5 invarients  8 iterations  1 config(s),  (0.99)
 Using h-tuple random number sequence.
 Error opening grid
 Using Uniform Grid!
 Using uniform alpha   1.0000000000000000     
 Grid defined OK
 Warning: No cutoff for shat integral found
          Minimum set to   1.00000000000000002E-002
Setting grid   1    0.10000E-01   1
 Warning: No cutoff for shat integral found
          Minimum set to   1.00000000000000002E-002
Setting grid   2    0.10000E-01   1
 Iteration  1   Mean: 0.2544E+05 Abs mean: 0.2544E+05   Fluctuation:  0.100E+05   0.367E+08    98.4%
  1    0.2544E+05 0.2544E+05 +- 0.1003E+05     24.93
 Relative summed weights:
  0.1000E+01  0.0000E+00
 Relative number of events:
  0.1000E+01  0.0000E+00
 Events:
        4000           0
 Iteration  2   Mean: 0.4563E+05 Abs mean: 0.4563E+05   Fluctuation:  0.938E+04   0.370E+08    98.8%
  2    0.4563E+05 0.4563E+05 +- 0.9375E+04     18.38
 Relative summed weights:
  0.1000E+01  0.0000E+00
 Relative number of events:
  0.1000E+01  0.0000E+00
 Events:
        8000           0
 Iteration  3   Mean: 0.7913E+06 Abs mean: 0.7913E+06   Fluctuation:  0.261E+06   0.340E+10    98.8%
  3    0.7913E+06 0.7913E+06 +- 0.2611E+06     41.73
 Relative summed weights:
  0.1000E+01  0.0000E+00
 Relative number of events:
  0.1000E+01  0.0000E+00
 Events:
       16000           0
 Found         1100  events.
 Wrote            3  events.
 Actual xsec    216551.64694738673     
 Correct abs xsec    216551.64694738673     
 Event xsec    216551.64694738673     
 Events wgts > 1:            1
 % Cross section > 1:   2.75488069746643305E-003  1.27215873732687764E-006
 Checking number of events  2.38336742630293811E-004           3  chi2:    350.30383223837350     
 Found         1100  events.
 Wrote            3  events.
 Actual xsec    216551.64694738673     
 Correct abs xsec    216551.64694738673     
 Event xsec    216551.64694738673     
 Events wgts > 1:            1
 % Cross section > 1:   2.75488069746643305E-003  1.27215873732687764E-006
 Iteration  4   Mean: 0.1410E+08 Abs mean: 0.1410E+08   Fluctuation:  0.496E+07   0.136E+12    98.9%
  4    0.1410E+08 0.1410E+08 +- 0.4960E+07     62.92
 Relative summed weights:
  0.1000E+01  0.0000E+00
 Relative number of events:
  0.1000E+01  0.0000E+00
 Events:
       32000           0
 Found         1657  events.
 Wrote            4  events.
 Actual xsec    2987308.2452594163     
 Correct abs xsec    2987308.2452594163     
 Event xsec    2987308.2452594163     
 Events wgts > 1:            0
 % Cross section > 1:    0.0000000000000000        0.0000000000000000     
 Checking number of events  3.28783145473251310E-003           4  chi2:    49263.216318816740     
 Found         1657  events.
 Wrote            3  events.
 Actual xsec    2987308.2452594163     
 Correct abs xsec    2987308.2452594163     
 Event xsec    2987308.2452594163     
 Events wgts > 1:            0
 % Cross section > 1:    0.0000000000000000        0.0000000000000000     
 Iteration  5   Mean: 0.5355E+09 Abs mean: 0.5355E+09   Fluctuation:  0.180E+09   0.882E+13    99.1%
  5    0.5355E+09 0.5355E+09 +- 0.1799E+09     85.00
 Relative summed weights:
  0.1000E+01  0.0000E+00
 Relative number of events:
  0.1000E+01  0.0000E+00
 Events:
       64000           0
 Found         3227  events.
 Wrote            4  events.
 Actual xsec    186208198.27426293     
 Correct abs xsec    186208198.27426293     
 Event xsec    186208198.27426293     
 Events wgts > 1:            0
 % Cross section > 1:    0.0000000000000000        0.0000000000000000     
 Checking number of events  0.20494074302065377                4  chi2:    252816.03294251897     
 Found         3227  events.
 Wrote            3  events.
 Actual xsec    186208198.27426293     
 Correct abs xsec    186208198.27426293     
 Event xsec    186208198.27426293     
 Events wgts > 1:            0
 % Cross section > 1:    0.0000000000000000        0.0000000000000000     
 Fixing grid
 Iteration  6   Mean: 0.9786E+10 Abs mean: 0.9786E+10   Fluctuation:  0.427E+10   0.463E+15    99.1%
  6    0.9786E+10 0.9786E+10 +- 0.4269E+10    156.06
 Relative summed weights:
  0.1000E+01  0.0000E+00
 Relative number of events:
  0.1000E+01  0.0000E+00
 Events:
      128000           0
 Found         3197  events.
 Wrote            1  events.
 Actual xsec    2535804588.1170907     
 Correct abs xsec    2535804588.1170907     
 Event xsec    2535804588.1170907     
 Events wgts > 1:            0
 % Cross section > 1:    0.0000000000000000        0.0000000000000000     
 Checking number of events   2.7909065296816697                1  chi2:    129281.89430486943     
 Found         3197  events.
 Wrote            1  events.
 Actual xsec    2535804588.1170907     
 Correct abs xsec    2535804588.1170907     
 Event xsec    2535804588.1170907     
 Events wgts > 1:            0
 % Cross section > 1:    0.0000000000000000        0.0000000000000000     
 Iteration  7   Mean: 0.1446E+11 Abs mean: 0.1446E+11   Fluctuation:  0.127E+11   0.326E+16    99.1%
  7    0.1446E+11 0.1446E+11 +- 0.1275E+11    446.23
 Relative summed weights:
  0.1000E+01  0.0000E+00
 Relative number of events:
  0.1000E+01  0.0000E+00
 Events:
      256000           0
 Found          897  events.
 Wrote            1  events.
 Actual xsec    4854607263.7166290     
 Correct abs xsec    4854607263.7166290     
 Event xsec    4854607263.7166290     
 Events wgts > 1:            0
 % Cross section > 1:    0.0000000000000000        0.0000000000000000     
 Checking number of events   5.3429807544465211                1  chi2:    289.08082172694623     
 Found          897  events.
 Wrote            1  events.
 Actual xsec    4854607263.7166290     
 Correct abs xsec    4854607263.7166290     
 Event xsec    4854607263.7166290     
 Events wgts > 1:            0
 % Cross section > 1:    0.0000000000000000        0.0000000000000000     
 Iteration  8   Mean: 0.2799E+11 Abs mean: 0.2799E+11   Fluctuation:  0.248E+11   0.127E+17    99.0%
  8    0.2799E+11 0.2799E+11 +- 0.2475E+11    632.71
 Relative summed weights:
  0.1000E+01  0.0000E+00
 Relative number of events:
  0.1000E+01  0.0000E+00
 Events:
      512000           0
 Found         1466  events.
 Wrote            1  events.
 Actual xsec    214951487659322.22     
 Correct abs xsec    214951487659322.22     
 Event xsec    214951487659322.19     
 Events wgts > 1:            1
 % Cross section > 1:    1482488.2812500000       6.89685052842994957E-007
 Checking number of events   14.892520376193508                1  chi2:   0.55805475660186832     
 Found         1466  events.
 Wrote            1  events.
 Actual xsec    214951487659322.22     
 Correct abs xsec    214951487659322.22     
 Event xsec    214951487659322.19     
 Events wgts > 1:            1
 % Cross section > 1:    1482488.2812500000       6.89685052842994957E-007

 -------------------------------------------------------------------------------
 Accumulated results:   Integral =  0.1727E+10
                        Std dev  =  0.2158E+09
                       Cross sec =  0.1727E+10
             Chi**2 per DoF.     =     75.9070
 -------------------------------------------------------------------------------
-------------------------------------------------
---------------------------
 Results Last   3 iters: Integral =   0.1353E+11
                     Abs integral =   0.1353E+11
                         Std dev =   0.4839E+10
                 Chi**2 per DoF. =      0.5581
-------------------------------------------------
---------------------------

ls status:
events.lhe
ftn25
ftn26
input_sg.txt
log.txt
moffset.dat
results.dat
run1_app.log
