 Process in group number            0
 No PDF is used, alpha_s(MZ) from param_card is used
 Value of alpha_s from param_card:   0.11800000071525575     
 The default order of alpha_s running is fixed to            2
 *****************************************************
 *               MadGraph/MadEvent                   *
 *        --------------------------------           *
 *          http://madgraph.hep.uiuc.edu             *
 *          http://madgraph.phys.ucl.ac.be           *
 *          http://madgraph.roma2.infn.it            *
 *        --------------------------------           *
 *                                                   *
 *          PARAMETER AND COUPLING VALUES            *
 *                                                   *
 *****************************************************

  External Params
  ---------------------------------
  
 aEWM1 =    132.50700378417969     
 mdl_Gf =   1.16639000000000003E-005
 aS =   0.11800000071525575     
 mdl_ymb =    4.6999998092651367     
 mdl_ymt =    173.00000000000000     
 mdl_yme =   5.10999991092830896E-004
 mdl_ymm =   0.10565999895334244     
 mdl_ymtau =    1.7769999504089355     
 mdl_MZ =    91.188003540039063     
 mdl_MT =    173.00000000000000     
 mdl_MB =    4.6999998092651367     
 mdl_MH =    125.00000000000000     
 mdl_Me =   5.10999991092830896E-004
 mdl_MM =   0.10565999895334244     
 mdl_MTA =    1.7769999504089355     
 mdl_WZ =    2.4414041042327881     
 mdl_WW =    2.0476000308990479     
 mdl_WT =    1.4915000200271606     
 mdl_WH =   6.38233916833996773E-003
 mdl_WTau =   2.26999999999999982E-012
  Internal Params
  ---------------------------------
  
 mdl_conjg__CKM3x3 =    1.0000000000000000     
 mdl_CKM3x3 =    1.0000000000000000     
 mdl_conjg__CKM1x1 =    1.0000000000000000     
 mdl_complexi =  (  0.0000000000000000     ,  1.0000000000000000     )
 mdl_MZ__exp__2 =    8315.2519896181766     
 mdl_MZ__exp__4 =    69143415.650849044     
 mdl_sqrt__2 =    1.4142135623730951     
 mdl_MH__exp__2 =    15625.000000000000     
 mdl_aEW =   7.54677089845565054E-003
 mdl_MW =    80.419007276179556     
 mdl_sqrt__aEW =   8.68721526063194194E-002
 mdl_ee =   0.30795376284704501     
 mdl_MW__exp__2 =    6467.2167312862202     
 mdl_sw2 =   0.22224645274001076     
 mdl_cw =   0.88190336616887299     
 mdl_sqrt__sw2 =   0.47143022043565552     
 mdl_sw =   0.47143022043565552     
 mdl_g1 =   0.34919218438279087     
 mdl_gw =   0.65323296958447097     
 mdl_vev =    246.21845810181631     
 mdl_vev__exp__2 =    60623.529110035874     
 mdl_lam =   0.12886910601690271     
 mdl_yb =   2.69955531549349904E-002
 mdl_ye =   2.93504850670934038E-006
 mdl_ym =   6.06883028478528356E-004
 mdl_yt =   0.99366614581500645     
 mdl_ytau =   1.02066167158167895E-002
 mdl_muH =    88.388347648318444     
 mdl_I1x33 =  ( 2.69955531549349904E-002,  0.0000000000000000     )
 mdl_I2x33 =  ( 0.99366614581500645     ,  0.0000000000000000     )
 mdl_I3x33 =  ( 0.99366614581500645     ,  0.0000000000000000     )
 mdl_I4x33 =  ( 2.69955531549349904E-002,  0.0000000000000000     )
 mdl_ee__exp__2 =   9.48355200516540348E-002
 mdl_sw__exp__2 =   0.22224645274001076     
 mdl_cw__exp__2 =   0.77775354725998924     
  Internal Params evaluated point by point
  ----------------------------------------
  
 mdl_sqrt__aS =   0.34351128178744839     
 mdl_G__exp__2 =    1.4828317414825511     
  Couplings of sm-lepton_masses
  ---------------------------------
  
         GC_3 =  -0.00000E+00  -0.30795E+00

 Collider parameters:
 --------------------

<<<<<<< HEAD
 Running at e e   machine @   7.14879999999999960E-002  GeV
=======
 Running at e e   machine @   7.00000000000000067E-002  GeV
>>>>>>> 911b5ec345c81b054214c521136984e9d6306827
 PDF set = none   
 alpha_s(Mz)= 0.1180 running at 2 loops.
 alpha_s(Mz)= 0.1180 running at 2 loops.
 Renormalization scale fixed @    91.188000000000002     
 Factorization scales  fixed @    91.188000000000002        91.188000000000002     


 getting user params
Enter number of events and max and min iterations: 
 Number of events and iterations         2000           9           3
Enter desired fractional accuracy: 
<<<<<<< HEAD
 Desired fractional accuracy:  -3.19030000000000027E-005
=======
 Desired fractional accuracy:  -3.13399999999999974E-004
>>>>>>> 911b5ec345c81b054214c521136984e9d6306827
Enter 0 for fixed, 2 for adjustable grid: 
Suppress amplitude (0 no, 1 yes)? 
 Using suppressed amplitude.
Exact helicity sum (0 yes, n = number/event)? 
 Explicitly summing over helicities
Enter Configuration Number: 
Running Configuration Number:    1
 Not subdividing B.W.
 Attempting mappinvarients           1           4
 Completed mapping           4
 about to integrate            2        2000           9           3           2           1
 Using non-zero grid deformation.
  2 dimensions   2000 events  2 invarients  9 iterations  1 config(s),  (0.99)
 Using h-tuple random number sequence.
 Error opening grid
 Using Uniform Grid!
 Using uniform alpha   1.0000000000000000     
 Grid defined OK
 Set CM energy to          0.07
 Mapping Graph           1  to config           1
<<<<<<< HEAD
Setting grid   1    0.17611E-02   1
=======
Setting grid   1    0.38601E-01   1
>>>>>>> 911b5ec345c81b054214c521136984e9d6306827
 Masses: 0.511E-03 0.511E-03 0.000E+00 0.000E+00
   1   1   2
 Got moffset           2
Using random seed offsets     1 :      1
<<<<<<< HEAD
  with seed                  117
 Ranmar initialization seeds       24102       15809
=======
  with seed                   63
 Ranmar initialization seeds       18438       15753
>>>>>>> 911b5ec345c81b054214c521136984e9d6306827
  Particle       3       4
      Et >     0.0     0.0
       E >     0.0     0.0
     Eta <    -1.0    -1.0
   xqcut:      0.0     0.0
d R # 3  >    -0.0     0.0
s min # 3>     0.0     0.0
xqcutij # 3>     0.0     0.0
 alpha_s for scale    91.188000000000002       is   0.11800000071525575     
<<<<<<< HEAD
 Added good helicity            1  3.66652359715470971E-002  in event            1
 Added good helicity            2  1.89122001541841656E-005  in event            1
 Added good helicity            3  1.89122001541841622E-005  in event            1
 Added good helicity            6   7.9622215175969950       in event            1
 Added good helicity            7  1.07542193540803663E-003  in event            1
 Added good helicity           10  1.07542193540803663E-003  in event            1
 Added good helicity           11   7.9622215175969950       in event            1
 Added good helicity           14  1.89122001541841622E-005  in event            1
 Added good helicity           15  1.89122001541841656E-005  in event            1
 Added good helicity           16  3.66652359715470971E-002  in event            1
 Iteration  1   Mean: 0.1465E+09 Abs mean: 0.1465E+09   Fluctuation:  0.165E+07   0.179E+09    90.7%
  1    0.1465E+09 0.1465E+09 +- 0.1650E+07      0.50
 Writing out events   8973.3722556313933       0.50356436171323682     
 Relative summed weights:
  0.5242E+00  0.0000E+00
  0.4758E+00  0.0000E+00
 Relative number of events:
  0.5305E+00  0.0000E+00
  0.4695E+00  0.0000E+00
 Events:
        1061           0
         939           0
 Iteration  2   Mean: 0.1446E+09 Abs mean: 0.1446E+09   Fluctuation:  0.500E+06   0.222E+09    99.5%
  2    0.1446E+09 0.1446E+09 +- 0.4997E+06      0.22
 Relative summed weights:
  0.5013E+00  0.0000E+00
  0.4987E+00  0.0000E+00
 Relative number of events:
  0.4993E+00  0.0000E+00
  0.5008E+00  0.0000E+00
 Events:
        1997           0
        2003           0
Warning xbin not returning correct x   1  0.998421E+00  0.100000E+01  0.7985E-04
 Iteration  3   Mean: 0.1444E+09 Abs mean: 0.1444E+09   Fluctuation:  0.265E+06   0.189E+09    99.6%
  3    0.1444E+09 0.1444E+09 +- 0.2655E+06      0.16
 Relative summed weights:
  0.5043E+00  0.0000E+00
  0.4957E+00  0.0000E+00
 Relative number of events:
  0.5044E+00  0.0000E+00
  0.4956E+00  0.0000E+00
 Events:
        4035           0
        3965           0
 Found          803  events.
 Wrote          798  events.
 Actual xsec    144507866.58685419     
 Correct abs xsec    144507866.58685419     
 Event xsec    144507866.58685252     
 Events wgts > 1:            0
 % Cross section > 1:    0.0000000000000000        0.0000000000000000     
 Checking number of events   4610.2344677204092              798  chi2:   0.78295092713769976     
 Found          803  events.
 Wrote          798  events.
 Actual xsec    144507866.58685419     
 Correct abs xsec    144507866.58685419     
 Event xsec    144507866.58685252     
 Events wgts > 1:            0
 % Cross section > 1:    0.0000000000000000        0.0000000000000000     
Warning xbin not returning correct x   1  0.998968E+00  0.100000E+01  0.7463E-04
 Iteration  4   Mean: 0.1448E+09 Abs mean: 0.1448E+09   Fluctuation:  0.147E+06   0.178E+09    99.7%
  4    0.1448E+09 0.1448E+09 +- 0.1465E+06      0.13
 Relative summed weights:
  0.4926E+00  0.0000E+00
  0.5074E+00  0.0000E+00
 Relative number of events:
  0.4924E+00  0.0000E+00
  0.5076E+00  0.0000E+00
 Events:
        7878           0
        8122           0
 Found         1603  events.
 Wrote         1599  events.
 Actual xsec    144722039.72496092     
 Correct abs xsec    144722039.72496092     
 Event xsec    144722039.72496417     
 Events wgts > 1:            0
 % Cross section > 1:    0.0000000000000000        0.0000000000000000     
 Checking number of events   4617.0672333454286             1599  chi2:   0.85970539251939793     
 Found         1603  events.
 Wrote         1599  events.
 Actual xsec    144722039.72496092     
 Correct abs xsec    144722039.72496092     
 Event xsec    144722039.72496417     
 Events wgts > 1:            0
 % Cross section > 1:    0.0000000000000000        0.0000000000000000     
 Iteration  5   Mean: 0.1449E+09 Abs mean: 0.1449E+09   Fluctuation:  0.860E+05   0.178E+09    99.8%
  5    0.1449E+09 0.1449E+09 +- 0.8600E+05      0.11
 Relative summed weights:
  0.4966E+00  0.0000E+00
  0.5034E+00  0.0000E+00
 Relative number of events:
  0.4966E+00  0.0000E+00
  0.5034E+00  0.0000E+00
 Events:
       15891           0
       16109           0
 Found         3219  events.
 Wrote         3214  events.
 Actual xsec    144840613.90383148     
 Correct abs xsec    144840613.90383148     
 Event xsec    144840613.90382263     
 Events wgts > 1:            0
 % Cross section > 1:    0.0000000000000000        0.0000000000000000     
 Checking number of events   4620.8501053739365             3214  chi2:    1.3482603419420485     
 Found         3219  events.
 Wrote         3214  events.
 Actual xsec    144840613.90383148     
 Correct abs xsec    144840613.90383148     
 Event xsec    144840613.90382263     
 Events wgts > 1:            0
 % Cross section > 1:    0.0000000000000000        0.0000000000000000     
Warning xbin not returning correct x   1  0.998962E+00  0.100000E+01  0.8193E-04
 Iteration  6   Mean: 0.1450E+09 Abs mean: 0.1450E+09   Fluctuation:  0.536E+05   0.205E+09    99.8%
  6    0.1450E+09 0.1450E+09 +- 0.5364E+05      0.09
 Relative summed weights:
  0.5014E+00  0.0000E+00
  0.4986E+00  0.0000E+00
=======
 Added good helicity            1  8.04844641536562114E-003  in event            1
 Added good helicity            2  1.16496432792230619E-004  in event            1
 Added good helicity            3  1.16496432792230646E-004  in event            1
 Added good helicity            6   7.9541677675451723       in event            1
 Added good helicity            7  3.75507931510170867E-002  in event            1
 Added good helicity           10  3.75507931510170867E-002  in event            1
 Added good helicity           11   7.9541677675451723       in event            1
 Added good helicity           14  1.16496432792230646E-004  in event            1
 Added good helicity           15  1.16496432792230619E-004  in event            1
 Added good helicity           16  8.04844641536562114E-003  in event            1
 Iteration  1   Mean: 0.1479E+08 Abs mean: 0.1479E+08   Fluctuation:  0.335E+06   0.161E+08    16.1%
  1    0.1479E+08 0.1479E+08 +- 0.3347E+06      1.01
 Writing out events   5110.0253293431397        1.0117512179393142     
 Relative summed weights:
  0.5027E+00  0.0000E+00
  0.4973E+00  0.0000E+00
 Relative number of events:
  0.5005E+00  0.0000E+00
  0.4995E+00  0.0000E+00
 Events:
        1001           0
         999           0
Warning xbin not returning correct x   1  0.996515E+00  0.999983E+00  0.5102E-02
Warning xbin not returning correct x   1  0.998390E+00  0.999992E+00  0.5102E-02
 Iteration  2   Mean: 0.1465E+08 Abs mean: 0.1465E+08   Fluctuation:  0.167E+06   0.259E+09    79.5%
  2    0.1465E+08 0.1465E+08 +- 0.1672E+06      0.72
 Relative summed weights:
  0.4915E+00  0.0000E+00
  0.5085E+00  0.0000E+00
 Relative number of events:
  0.4950E+00  0.0000E+00
  0.5050E+00  0.0000E+00
 Events:
        1980           0
        2020           0
Warning xbin not returning correct x   1  0.981146E+00  0.999993E+00  0.4081E-03
Warning xbin not returning correct x   1  0.973799E+00  0.999990E+00  0.4081E-03
Warning xbin not returning correct x   1  0.964345E+00  0.999986E+00  0.4081E-03
 Iteration  3   Mean: 0.1474E+08 Abs mean: 0.1474E+08   Fluctuation:  0.633E+05   0.221E+08    93.1%
  3    0.1474E+08 0.1474E+08 +- 0.6334E+05      0.38
 Relative summed weights:
  0.5049E+00  0.0000E+00
  0.4951E+00  0.0000E+00
 Relative number of events:
  0.5050E+00  0.0000E+00
  0.4950E+00  0.0000E+00
 Events:
        4040           0
        3960           0
 Found          870  events.
 Wrote          865  events.
 Actual xsec    14733173.442269910     
 Correct abs xsec    14733173.442269910     
 Event xsec    14733173.442269793     
 Events wgts > 1:            0
 % Cross section > 1:    0.0000000000000000        0.0000000000000000     
 Checking number of events   4617.3765568073895              865  chi2:   0.14434941021730227     
 Found          870  events.
 Wrote          865  events.
 Actual xsec    14733173.442269910     
 Correct abs xsec    14733173.442269910     
 Event xsec    14733173.442269793     
 Events wgts > 1:            0
 % Cross section > 1:    0.0000000000000000        0.0000000000000000     
Warning xbin not returning correct x   1  0.967347E+00  0.999993E+00  0.2201E-03
Warning xbin not returning correct x   1  0.986131E+00  0.999997E+00  0.2201E-03
Warning xbin not returning correct x   1  0.992085E+00  0.999998E+00  0.2201E-03
 Iteration  4   Mean: 0.1470E+08 Abs mean: 0.1470E+08   Fluctuation:  0.337E+05   0.218E+08    96.2%
  4    0.1470E+08 0.1470E+08 +- 0.3370E+05      0.29
 Relative summed weights:
  0.4985E+00  0.0000E+00
  0.5015E+00  0.0000E+00
 Relative number of events:
  0.4983E+00  0.0000E+00
  0.5017E+00  0.0000E+00
 Events:
        7973           0
        8027           0
 Found         1663  events.
 Wrote         1659  events.
 Actual xsec    14711106.935375437     
 Correct abs xsec    14711106.935375437     
 Event xsec    14711106.935375180     
 Events wgts > 1:            0
 % Cross section > 1:    0.0000000000000000        0.0000000000000000     
 Checking number of events   4610.4609135466617             1659  chi2:   0.20339579198883281     
 Found         1663  events.
 Wrote         1659  events.
 Actual xsec    14711106.935375437     
 Correct abs xsec    14711106.935375437     
 Event xsec    14711106.935375180     
 Events wgts > 1:            0
 % Cross section > 1:    0.0000000000000000        0.0000000000000000     
Warning xbin not returning correct x   1  0.988374E+00  0.999998E+00  0.1940E-03
Warning xbin not returning correct x   1  0.976280E+00  0.999996E+00  0.1940E-03
Warning xbin not returning correct x   1  0.969154E+00  0.999994E+00  0.1940E-03
Warning xbin not returning correct x   1  0.968298E+00  0.999994E+00  0.1940E-03
Warning xbin not returning correct x   1  0.976297E+00  0.999996E+00  0.1940E-03
Warning xbin still not working well. Last message this iteration.
 Iteration  5   Mean: 0.1467E+08 Abs mean: 0.1467E+08   Fluctuation:  0.570E+05   0.468E+09    95.5%
  5    0.1467E+08 0.1467E+08 +- 0.5700E+05      0.69
 Relative summed weights:
  0.5026E+00  0.0000E+00
  0.4974E+00  0.0000E+00
 Relative number of events:
  0.5033E+00  0.0000E+00
  0.4967E+00  0.0000E+00
 Events:
       16107           0
       15893           0
 Found         3313  events.
 Wrote         3308  events.
 Actual xsec    14704316.011591766     
 Correct abs xsec    14704316.011591766     
 Event xsec    14704316.011590794     
 Events wgts > 1:           13
 % Cross section > 1:    132439.36418679045       0.90068360937288117     
 Checking number of events   4608.3326380328590             3308  chi2:   0.33780316718639725     
 Found         3313  events.
 Wrote         3308  events.
 Actual xsec    14704316.011591766     
 Correct abs xsec    14704316.011591766     
 Event xsec    14704316.011590794     
 Events wgts > 1:           13
 % Cross section > 1:    132439.36418679045       0.90068360937288117     
Warning xbin not returning correct x   1  0.995247E+00  0.999999E+00  0.2105E-03
Warning xbin not returning correct x   1  0.980559E+00  0.999996E+00  0.2105E-03
Warning xbin not returning correct x   1  0.995247E+00  0.999999E+00  0.2105E-03
Warning xbin not returning correct x   1  0.972775E+00  0.999994E+00  0.2105E-03
Warning xbin not returning correct x   1  0.994522E+00  0.999999E+00  0.2105E-03
Warning xbin still not working well. Last message this iteration.
 Iteration  6   Mean: 0.1474E+08 Abs mean: 0.1474E+08   Fluctuation:  0.229E+05   0.661E+08    93.4%
  6    0.1474E+08 0.1474E+08 +- 0.2289E+05      0.39
 Relative summed weights:
  0.5015E+00  0.0000E+00
  0.4985E+00  0.0000E+00
>>>>>>> 911b5ec345c81b054214c521136984e9d6306827
 Relative number of events:
  0.5015E+00  0.0000E+00
  0.4985E+00  0.0000E+00
 Events:
<<<<<<< HEAD
       32096           0
       31904           0
 Found         6348  events.
 Wrote         6343  events.
 Actual xsec    144960319.01272184     
 Correct abs xsec    144960319.01272184     
 Event xsec    144960319.01273692     
 Events wgts > 1:            0
 % Cross section > 1:    0.0000000000000000        0.0000000000000000     
 Checking number of events   4624.6690574628656             6343  chi2:    1.1545215633515722     

 -------------------------------------------------------------------------------
 Accumulated results:   Integral =  0.1449E+09
                        Std dev  =  0.4272E+05
                       Cross sec =  0.1511E+01
             Chi**2 per DoF.     =
-------------------------------------------------
---------------------------
 Results Last   3 iters: Integral =   0.1450E+09
                     Abs integral =   0.1450E+09
                          Std dev =   0.4346E+05
                  Chi**2 per DoF. =      1.1545
-------------------------------------------------
---------------------------
 Status -3.19030000000000027E-005           7           9
 We found enough events        6343   4624.6690574628656     
=======
       32097           0
       31903           0
 Found         6846  events.
 Wrote         6842  events.
 Actual xsec    14722161.630228315     
 Correct abs xsec    14722161.630228315     
 Event xsec    14722161.630230423     
 Events wgts > 1:            0
 % Cross section > 1:    0.0000000000000000        0.0000000000000000     
 Checking number of events   4613.9254549135530             6842  chi2:   0.76214215362800120     

 -------------------------------------------------------------------------------
 Accumulated results:   Integral =  0.1472E+08
                        Std dev  =  0.1717E+05
                       Cross sec =  0.3678E+00
             Chi**2 per DoF.     =
-------------------------------------------------
---------------------------
 Results Last   3 iters: Integral =   0.1472E+08
                     Abs integral =   0.1472E+08
                          Std dev =   0.1797E+05
                  Chi**2 per DoF. =      0.7621
-------------------------------------------------
---------------------------
 Status -3.13399999999999974E-004           7           9
 We found enough events        6842   4613.9254549135530     
>>>>>>> 911b5ec345c81b054214c521136984e9d6306827

ls status:
events.lhe
ftn25
ftn26
input_sg.txt
moffset.dat
results.dat
run_01_ftn26.gz
run_01_log.txt
run_01_results.dat
run_02_ftn26.gz
run_02_log.txt
run_02_results.dat
run_03_ftn26.gz
run_03_log.txt
run_03_results.dat
run_04_ftn26.gz
run_04_log.txt
run_04_results.dat
<<<<<<< HEAD
run_05_ftn26.gz
run_05_log.txt
run_05_results.dat
run_06_ftn26.gz
run_06_log.txt
run_06_results.dat
run_07_ftn26.gz
run_07_log.txt
run_07_results.dat
run_08_ftn26.gz
run_08_log.txt
run_08_results.dat
run_09_ftn26.gz
run_09_log.txt
run_09_results.dat
run_10_ftn26.gz
run_10_log.txt
run_10_results.dat
=======
>>>>>>> 911b5ec345c81b054214c521136984e9d6306827
run1_app.log
