 Process in group number            0
 No PDF is used, alpha_s(MZ) from param_card is used
 Value of alpha_s from param_card:   0.11800000071525575     
 The default order of alpha_s running is fixed to            2
<<<<<<< HEAD
=======
 Warning: pt or E min of a gamma should in general be >0
 Warning: pt or E min of a gamma should in general be >0
 Warning: pt or E min of a gamma should in general be >0
>>>>>>> 911b5ec345c81b054214c521136984e9d6306827
 *****************************************************
 *               MadGraph/MadEvent                   *
 *        --------------------------------           *
 *          http://madgraph.hep.uiuc.edu             *
 *          http://madgraph.phys.ucl.ac.be           *
 *          http://madgraph.roma2.infn.it            *
 *        --------------------------------           *
 *                                                   *
 *          PARAMETER AND COUPLING VALUES            *
 *                                                   *
 *****************************************************

  External Params
  ---------------------------------
  
 aEWM1 =    132.50700378417969     
 mdl_Gf =   1.16639000000000003E-005
 aS =   0.11800000071525575     
 mdl_ymb =    4.6999998092651367     
 mdl_ymt =    173.00000000000000     
 mdl_yme =   5.10999991092830896E-004
 mdl_ymm =   0.10565999895334244     
 mdl_ymtau =    1.7769999504089355     
 mdl_MZ =    91.188003540039063     
 mdl_MT =    173.00000000000000     
 mdl_MB =    4.6999998092651367     
 mdl_MH =    125.00000000000000     
 mdl_Me =   5.10999991092830896E-004
 mdl_MM =   0.10565999895334244     
 mdl_MTA =    1.7769999504089355     
 mdl_WZ =    2.4414041042327881     
 mdl_WW =    2.0476000308990479     
 mdl_WT =    1.4915000200271606     
 mdl_WH =   6.38233916833996773E-003
 mdl_WTau =   2.26999999999999982E-012
  Internal Params
  ---------------------------------
  
 mdl_conjg__CKM3x3 =    1.0000000000000000     
 mdl_CKM3x3 =    1.0000000000000000     
 mdl_conjg__CKM1x1 =    1.0000000000000000     
 mdl_complexi =  (  0.0000000000000000     ,  1.0000000000000000     )
 mdl_MZ__exp__2 =    8315.2519896181766     
 mdl_MZ__exp__4 =    69143415.650849044     
 mdl_sqrt__2 =    1.4142135623730951     
 mdl_MH__exp__2 =    15625.000000000000     
 mdl_aEW =   7.54677089845565054E-003
 mdl_MW =    80.419007276179556     
 mdl_sqrt__aEW =   8.68721526063194194E-002
 mdl_ee =   0.30795376284704501     
 mdl_MW__exp__2 =    6467.2167312862202     
 mdl_sw2 =   0.22224645274001076     
 mdl_cw =   0.88190336616887299     
 mdl_sqrt__sw2 =   0.47143022043565552     
 mdl_sw =   0.47143022043565552     
 mdl_g1 =   0.34919218438279087     
 mdl_gw =   0.65323296958447097     
 mdl_vev =    246.21845810181631     
 mdl_vev__exp__2 =    60623.529110035874     
 mdl_lam =   0.12886910601690271     
 mdl_yb =   2.69955531549349904E-002
 mdl_ye =   2.93504850670934038E-006
 mdl_ym =   6.06883028478528356E-004
 mdl_yt =   0.99366614581500645     
 mdl_ytau =   1.02066167158167895E-002
 mdl_muH =    88.388347648318444     
 mdl_I1x33 =  ( 2.69955531549349904E-002,  0.0000000000000000     )
 mdl_I2x33 =  ( 0.99366614581500645     ,  0.0000000000000000     )
 mdl_I3x33 =  ( 0.99366614581500645     ,  0.0000000000000000     )
 mdl_I4x33 =  ( 2.69955531549349904E-002,  0.0000000000000000     )
 mdl_ee__exp__2 =   9.48355200516540348E-002
 mdl_sw__exp__2 =   0.22224645274001076     
 mdl_cw__exp__2 =   0.77775354725998924     
  Internal Params evaluated point by point
  ----------------------------------------
  
 mdl_sqrt__aS =   0.34351128178744839     
 mdl_G__exp__2 =    1.4828317414825511     
  Couplings of sm-lepton_masses
  ---------------------------------
  
         GC_3 =  -0.00000E+00  -0.30795E+00

 Collider parameters:
 --------------------

<<<<<<< HEAD
 Running at e e   machine @   7.14879999999999960E-002  GeV
=======
 Running at e e   machine @   7.00000000000000067E-002  GeV
>>>>>>> 911b5ec345c81b054214c521136984e9d6306827
 PDF set = none   
 alpha_s(Mz)= 0.1180 running at 2 loops.
 alpha_s(Mz)= 0.1180 running at 2 loops.
 Renormalization scale fixed @    91.188000000000002     
 Factorization scales  fixed @    91.188000000000002        91.188000000000002     


 getting user params
Enter number of events and max and min iterations: 
<<<<<<< HEAD
 Number of events and iterations         2000           9           3
Enter desired fractional accuracy: 
 Desired fractional accuracy:  -1.03289999999999995E-004
=======
 Number of events and iterations         1000           9           3
Enter desired fractional accuracy: 
 Desired fractional accuracy:  -4.27509999999999978E-004
>>>>>>> 911b5ec345c81b054214c521136984e9d6306827
Enter 0 for fixed, 2 for adjustable grid: 
Suppress amplitude (0 no, 1 yes)? 
 Using suppressed amplitude.
Exact helicity sum (0 yes, n = number/event)? 
 Explicitly summing over helicities
Enter Configuration Number: 
Running Configuration Number:    1
 Not subdividing B.W.
 Attempting mappinvarients           1           5
 Completed mapping           5
<<<<<<< HEAD
 about to integrate            5        2000           9           3           5           1
 Using non-zero grid deformation.
  5 dimensions   2000 events  5 invarients  9 iterations  1 config(s),  (0.99)
 Using h-tuple random number sequence.
 Error opening grid
 Using Uniform Grid!
 Using uniform alpha   1.0000000000000000     
 Grid defined OK
 Set CM energy to          0.07
 Mapping Graph           1  to config           1
Setting grid   1    0.17611E-04   1
Setting grid   2    0.17611E-04   1
=======
 about to integrate            5        1000           9           3           5           1
 Keeping grid fixed.
  5 dimensions   1000 events  5 invarients  9 iterations  1 config(s),  (0.99)
 Using h-tuple random number sequence.
 Grid read from file
 Grid defined OK
 Set CM energy to          0.07
 Mapping Graph           1  to config           1
 Warning: No cutoff for shat integral found
          Minimum set to    204.08163265306121     
 No modification is setgrid, grid read from file
 Warning: No cutoff for shat integral found
          Minimum set to    204.08163265306121     
 No modification is setgrid, grid read from file
>>>>>>> 911b5ec345c81b054214c521136984e9d6306827
 Masses: 0.511E-03 0.511E-03 0.000E+00 0.000E+00 0.000E+00
   1   1   2   3   4   5
 Got moffset          24
Using random seed offsets     1 :      1
<<<<<<< HEAD
  with seed                  114
 Ranmar initialization seeds       20445       25098
=======
  with seed                   48
 Ranmar initialization seeds       30234       25029
>>>>>>> 911b5ec345c81b054214c521136984e9d6306827
  Particle       3       4       5
      Et >     0.0     0.0     0.0
       E >     0.0     0.0     0.0
     Eta <    -1.0    -1.0    -1.0
   xqcut:      0.0     0.0     0.0
d R # 3  >    -0.0     0.0     0.0
d R # 4  >    -0.0    -0.0     0.0
s min # 3>     0.0     0.0     0.0
s min # 4>     0.0     0.0     0.0
xqcutij # 3>     0.0     0.0     0.0
xqcutij # 4>     0.0     0.0     0.0
 alpha_s for scale    91.188000000000002       is   0.11800000071525575     
<<<<<<< HEAD
 Added good helicity            1  0.14900710563322137       in event            1
 Added good helicity            2  0.92535470004231501       in event            1
 Added good helicity            3  2.09080133364584428E-004  in event            1
 Added good helicity            4  5.90201718475632459E-005  in event            1
 Added good helicity            5   1.4499379908134180       in event            1
 Added good helicity            7  3.67356259383201913E-005  in event            1
 Added good helicity           10  4.64183672411398913E-003  in event            1
 Added good helicity           11  0.67693792589330937       in event            1
 Added good helicity           12   5.6810060939299953       in event            1
 Added good helicity           13  1.43858585527760850E-002  in event            1
 Added good helicity           15   7.0984235640131228       in event            1
 Added good helicity           18   7.0984235640131228       in event            1
 Added good helicity           20  1.43858585527760850E-002  in event            1
 Added good helicity           21   5.6810060939299953       in event            1
 Added good helicity           22  0.67693792589330937       in event            1
 Added good helicity           23  4.64183672411398913E-003  in event            1
 Added good helicity           26  3.67356259383201913E-005  in event            1
 Added good helicity           28   1.4499379908134182       in event            1
 Added good helicity           29  5.90201718475632324E-005  in event            1
 Added good helicity           30  2.09080133364584428E-004  in event            1
 Added good helicity           31  0.92535470004231524       in event            1
 Added good helicity           32  0.14900710563322137       in event            1
 Added good helicity            6  1.66114985403480085E-006  in event            2
 Added good helicity           14   3.5087952523463768       in event            2
 Added good helicity           19   3.5087952523463781       in event            2
 Added good helicity           27  1.66114985403480106E-006  in event            2
 Iteration  1   Mean: 0.3751E+08 Abs mean: 0.3751E+08   Fluctuation:  0.415E+07   0.672E+10    98.9%
  1    0.3751E+08 0.3751E+08 +- 0.4146E+07      4.94
 Writing out events   2106.8281293461596        4.9429034134963059     
 Relative summed weights:
  0.1447E+00  0.0000E+00
  0.1081E+00  0.0000E+00
  0.1935E+00  0.0000E+00
  0.2475E+00  0.0000E+00
  0.1702E+00  0.0000E+00
  0.1360E+00  0.0000E+00
 Relative number of events:
  0.1705E+00  0.0000E+00
  0.1665E+00  0.0000E+00
  0.1760E+00  0.0000E+00
  0.1565E+00  0.0000E+00
  0.1630E+00  0.0000E+00
  0.1675E+00  0.0000E+00
 Events:
         341           0
         333           0
         352           0
         313           0
         326           0
         335           0
 Iteration  2   Mean: 0.3610E+08 Abs mean: 0.3610E+08   Fluctuation:  0.191E+07   0.456E+10    96.9%
  2    0.3610E+08 0.3610E+08 +- 0.1906E+07      3.34
 Relative summed weights:
  0.1553E+00  0.0000E+00
  0.1874E+00  0.0000E+00
  0.1594E+00  0.0000E+00
  0.1574E+00  0.0000E+00
  0.1651E+00  0.0000E+00
  0.1753E+00  0.0000E+00
 Relative number of events:
  0.1673E+00  0.0000E+00
  0.1635E+00  0.0000E+00
  0.1583E+00  0.0000E+00
  0.1675E+00  0.0000E+00
  0.1695E+00  0.0000E+00
  0.1740E+00  0.0000E+00
 Events:
         669           0
         654           0
         633           0
         670           0
         678           0
         696           0
 Iteration  3   Mean: 0.3812E+08 Abs mean: 0.3812E+08   Fluctuation:  0.101E+07   0.406E+10    98.1%
  3    0.3812E+08 0.3812E+08 +- 0.1015E+07      2.38
 Relative summed weights:
  0.1718E+00  0.0000E+00
  0.1605E+00  0.0000E+00
  0.1606E+00  0.0000E+00
  0.1805E+00  0.0000E+00
  0.1637E+00  0.0000E+00
  0.1629E+00  0.0000E+00
 Relative number of events:
  0.1710E+00  0.0000E+00
  0.1639E+00  0.0000E+00
  0.1591E+00  0.0000E+00
  0.1625E+00  0.0000E+00
  0.1721E+00  0.0000E+00
  0.1714E+00  0.0000E+00
 Events:
        1368           0
        1311           0
        1273           0
        1300           0
        1377           0
        1371           0
 Found          812  events.
 Wrote           86  events.
 Actual xsec    37699226.290820591     
 Correct abs xsec    37699226.290820591     
 Event xsec    37699226.290820450     
 Events wgts > 1:            2
 % Cross section > 1:    114192.45938382793       0.30290398668376156     
 Checking number of events   3893.9530835788587               86  chi2:   0.43749703257934863     
 Found          812  events.
 Wrote          112  events.
 Actual xsec    37699226.290820591     
 Correct abs xsec    37699226.290820591     
 Event xsec    37699226.290820494     
 Events wgts > 1:            2
 % Cross section > 1:    87745.195384622668       0.23275065304453746     
 Iteration  4   Mean: 0.3997E+08 Abs mean: 0.3997E+08   Fluctuation:  0.847E+06   0.667E+10    96.5%
  4    0.3997E+08 0.3997E+08 +- 0.8468E+06      2.68
 Relative summed weights:
  0.1647E+00  0.0000E+00
  0.1766E+00  0.0000E+00
  0.1584E+00  0.0000E+00
  0.1767E+00  0.0000E+00
  0.1588E+00  0.0000E+00
  0.1648E+00  0.0000E+00
 Relative number of events:
  0.1685E+00  0.0000E+00
  0.1683E+00  0.0000E+00
  0.1668E+00  0.0000E+00
  0.1671E+00  0.0000E+00
  0.1641E+00  0.0000E+00
  0.1652E+00  0.0000E+00
 Events:
        2696           0
        2693           0
        2669           0
        2674           0
        2625           0
        2643           0
 Found         1606  events.
 Wrote          204  events.
 Actual xsec    38966000.859156027     
 Correct abs xsec    38966000.859156027     
 Event xsec    38966000.859155841     
 Events wgts > 1:            5
 % Cross section > 1:    336322.51685691229       0.86311787055736966     
 Checking number of events   4024.7982287422260              204  chi2:    2.1768028578971879     
 Found         1606  events.
 Wrote          198  events.
 Actual xsec    38966000.859156027     
 Correct abs xsec    38966000.859156027     
 Event xsec    38966000.859156005     
 Events wgts > 1:            5
 % Cross section > 1:    346423.50090881402       0.88904042824659912     
 Iteration  5   Mean: 0.3993E+08 Abs mean: 0.3993E+08   Fluctuation:  0.435E+06   0.480E+10    97.2%
  5    0.3993E+08 0.3993E+08 +- 0.4350E+06      1.95
 Relative summed weights:
  0.1633E+00  0.0000E+00
  0.1716E+00  0.0000E+00
  0.1678E+00  0.0000E+00
  0.1664E+00  0.0000E+00
  0.1662E+00  0.0000E+00
  0.1646E+00  0.0000E+00
 Relative number of events:
  0.1661E+00  0.0000E+00
  0.1683E+00  0.0000E+00
  0.1656E+00  0.0000E+00
  0.1672E+00  0.0000E+00
  0.1671E+00  0.0000E+00
  0.1657E+00  0.0000E+00
 Events:
        5316           0
        5386           0
        5298           0
        5351           0
        5347           0
        5302           0
 Found         3188  events.
 Wrote          866  events.
 Actual xsec    39724825.636160091     
 Correct abs xsec    39724825.636160091     
 Event xsec    39724825.636159919     
 Events wgts > 1:           18
 % Cross section > 1:    395902.63676521799       0.99661264819962769     
 Checking number of events   4103.1772399589754              866  chi2:    1.4078874591145174     
 Found         3188  events.
 Wrote          886  events.
 Actual xsec    39724825.636160091     
 Correct abs xsec    39724825.636160091     
 Event xsec    39724825.636159636     
 Events wgts > 1:           18
 % Cross section > 1:    387052.85755457194       0.97433494384492891     
 Iteration  6   Mean: 0.4007E+08 Abs mean: 0.4007E+08   Fluctuation:  0.288E+06   0.433E+10    97.1%
  6    0.4007E+08 0.4007E+08 +- 0.2884E+06      1.82
 Relative summed weights:
  0.1687E+00  0.0000E+00
  0.1706E+00  0.0000E+00
  0.1633E+00  0.0000E+00
  0.1677E+00  0.0000E+00
  0.1622E+00  0.0000E+00
  0.1676E+00  0.0000E+00
 Relative number of events:
  0.1680E+00  0.0000E+00
  0.1665E+00  0.0000E+00
  0.1658E+00  0.0000E+00
  0.1685E+00  0.0000E+00
  0.1653E+00  0.0000E+00
  0.1659E+00  0.0000E+00
 Events:
       10755           0
       10655           0
       10611           0
       10782           0
       10579           0
       10618           0
 Found         6290  events.
 Wrote         1727  events.
 Actual xsec    40023517.300754242     
 Correct abs xsec    40023517.300754242     
 Event xsec    40023517.300754495     
 Events wgts > 1:           31
 % Cross section > 1:    372249.74668176146       0.93007754387129815     
 Checking number of events   4134.0291019949054             1727  chi2:   3.87021033654452451E-002
 Found         6290  events.
 Wrote         1765  events.
 Actual xsec    40023517.300754242     
 Correct abs xsec    40023517.300754242     
 Event xsec    40023517.300754368     
 Events wgts > 1:           31
 % Cross section > 1:    364308.25483944139       0.91023548006005672     
 Iteration  7   Mean: 0.4058E+08 Abs mean: 0.4058E+08   Fluctuation:  0.208E+06   0.656E+10    96.9%
  7    0.4058E+08 0.4058E+08 +- 0.2078E+06      1.83
 Relative summed weights:
  0.1679E+00  0.0000E+00
  0.1677E+00  0.0000E+00
  0.1673E+00  0.0000E+00
  0.1674E+00  0.0000E+00
  0.1609E+00  0.0000E+00
  0.1689E+00  0.0000E+00
 Relative number of events:
  0.1681E+00  0.0000E+00
  0.1669E+00  0.0000E+00
  0.1668E+00  0.0000E+00
  0.1661E+00  0.0000E+00
  0.1646E+00  0.0000E+00
  0.1675E+00  0.0000E+00
 Events:
       21522           0
       21362           0
       21352           0
       21263           0
       21063           0
       21438           0
 Found        12758  events.
 Wrote         3832  events.
 Actual xsec    40347067.201974854     
 Correct abs xsec    40347067.201974854     
 Event xsec    40347067.201972656     
 Events wgts > 1:           69
 % Cross section > 1:    404415.41213497508        1.0023415335506773     
 Checking number of events   4167.4485712919823             3832  chi2:    1.5397334785250911     
 Found        12758  events.
 Wrote         3848  events.
 Actual xsec    40347067.201974854     
 Correct abs xsec    40347067.201974854     
 Event xsec    40347067.201973580     
 Events wgts > 1:           69
 % Cross section > 1:    402750.63677021040       0.99821539631140732     
 Iteration  8   Mean: 0.4070E+08 Abs mean: 0.4070E+08   Fluctuation:  0.138E+06   0.511E+10    96.8%
  8    0.4070E+08 0.4070E+08 +- 0.1379E+06      1.71
 Relative summed weights:
  0.1669E+00  0.0000E+00
  0.1656E+00  0.0000E+00
  0.1687E+00  0.0000E+00
  0.1668E+00  0.0000E+00
  0.1666E+00  0.0000E+00
  0.1654E+00  0.0000E+00
 Relative number of events:
  0.1671E+00  0.0000E+00
  0.1664E+00  0.0000E+00
  0.1669E+00  0.0000E+00
  0.1672E+00  0.0000E+00
  0.1670E+00  0.0000E+00
  0.1654E+00  0.0000E+00
 Events:
       42771           0
       42601           0
       42731           0
       42802           0
       42757           0
       42338           0
 Found        25346  events.
 Wrote         8690  events.
 Actual xsec    40581966.098209009     
 Correct abs xsec    40581966.098209009     
 Event xsec    40581966.098203301     
 Events wgts > 1:          167
 % Cross section > 1:    401449.44627005100       0.98923114099152654     
 Checking number of events   4191.7112782840086             8690  chi2:    1.9148431415315907     

 -------------------------------------------------------------------------------
 Accumulated results:   Integral =  0.4050E+08
                        Std dev  =  0.1022E+06
                       Cross sec =  0.2282E+01
             Chi**2 per DoF.     =
-------------------------------------------------
---------------------------
 Results Last   3 iters: Integral =   0.4058E+08
                     Abs integral =   0.4058E+08
                          Std dev =   0.1067E+06
                  Chi**2 per DoF. =      1.9148
-------------------------------------------------
---------------------------
 Status -1.03289999999999995E-004           9           9
 We found enough events        8690   4191.7112782840086     
=======
 Added good helicity            1  0.26994555790308089       in event            1
 Added good helicity            2   3.1319021663990152       in event            1
 Added good helicity            3  9.07993566675319440E-005  in event            1
 Added good helicity            4  1.17789634135267964E-005  in event            1
 Added good helicity            5  0.13944500523706299       in event            1
 Added good helicity            7  7.82949849252526397E-006  in event            1
 Added good helicity           10  0.43941080041027392       in event            1
 Added good helicity           12  2.69854017240771021E-004  in event            1
 Added good helicity           13   11.229324797144676       in event            1
 Added good helicity           14  0.78640902677890301       in event            1
 Added good helicity           15  3.18233252654006845E-003  in event            1
 Added good helicity           18  3.18233252654006845E-003  in event            1
 Added good helicity           19  0.78640902677890301       in event            1
 Added good helicity           20   11.229324797144676       in event            1
 Added good helicity           21  2.69854017240771021E-004  in event            1
 Added good helicity           23  0.43941080041027392       in event            1
 Added good helicity           26  7.82949849252526397E-006  in event            1
 Added good helicity           28  0.13944500523706299       in event            1
 Added good helicity           29  1.17789634135267964E-005  in event            1
 Added good helicity           30  9.07993566675319440E-005  in event            1
 Added good helicity           31   3.1319021663990139       in event            1
 Added good helicity           32  0.26994555790308100       in event            1
 Added good helicity            6  2.49362319452561872E-005  in event            2
 Added good helicity           11   7.9676048513644240       in event            2
 Added good helicity           22   7.9676048513644240       in event            2
 Added good helicity           27  2.49362319452561872E-005  in event            2
 Iteration  1   Mean: 0.1208E+09 Abs mean: 0.1208E+09   Fluctuation:  0.842E+07   0.477E+10    99.4%
  1    0.1208E+09 0.1208E+09 +- 0.8416E+07      2.20
 Writing out events   13500.984218930751        2.2033741700694378     
 Relative summed weights:
  0.1457E+00  0.0000E+00
  0.1667E+00  0.0000E+00
  0.1775E+00  0.0000E+00
  0.1610E+00  0.0000E+00
  0.1460E+00  0.0000E+00
  0.2031E+00  0.0000E+00
 Relative number of events:
  0.1430E+00  0.0000E+00
  0.1770E+00  0.0000E+00
  0.1840E+00  0.0000E+00
  0.1510E+00  0.0000E+00
  0.1610E+00  0.0000E+00
  0.1840E+00  0.0000E+00
 Events:
         143           0
         177           0
         184           0
         151           0
         161           0
         184           0
 Iteration  2   Mean: 0.1227E+09 Abs mean: 0.1227E+09   Fluctuation:  0.829E+07   0.141E+11    99.2%
  2    0.1227E+09 0.1227E+09 +- 0.8287E+07      3.02
 Relative summed weights:
  0.2297E+00  0.0000E+00
  0.1548E+00  0.0000E+00
  0.1435E+00  0.0000E+00
  0.1665E+00  0.0000E+00
  0.1525E+00  0.0000E+00
  0.1530E+00  0.0000E+00
 Relative number of events:
  0.1670E+00  0.0000E+00
  0.1685E+00  0.0000E+00
  0.1530E+00  0.0000E+00
  0.1675E+00  0.0000E+00
  0.1760E+00  0.0000E+00
  0.1680E+00  0.0000E+00
 Events:
         334           0
         337           0
         306           0
         335           0
         352           0
         336           0
 Iteration  3   Mean: 0.1212E+09 Abs mean: 0.1212E+09   Fluctuation:  0.448E+07   0.654E+10    99.0%
  3    0.1212E+09 0.1212E+09 +- 0.4484E+07      2.34
 Relative summed weights:
  0.1777E+00  0.0000E+00
  0.1589E+00  0.0000E+00
  0.1734E+00  0.0000E+00
  0.1858E+00  0.0000E+00
  0.1554E+00  0.0000E+00
  0.1488E+00  0.0000E+00
 Relative number of events:
  0.1700E+00  0.0000E+00
  0.1678E+00  0.0000E+00
  0.1595E+00  0.0000E+00
  0.1742E+00  0.0000E+00
  0.1560E+00  0.0000E+00
  0.1725E+00  0.0000E+00
 Events:
         680           0
         671           0
         638           0
         697           0
         624           0
         690           0
 Found          348  events.
 Wrote          108  events.
 Actual xsec    121387541.05010056     
 Correct abs xsec    121387541.05010056     
 Event xsec    121387541.05010098     
 Events wgts > 1:            6
 % Cross section > 1:    1096042.6853134600       0.90292848494318201     
 Checking number of events   51894.387674328493              108  chi2:   1.54229489205720965E-002
 Found          348  events.
 Wrote           95  events.
 Actual xsec    121387541.05010056     
 Correct abs xsec    121387541.05010056     
 Event xsec    121387541.05010091     
 Events wgts > 1:            6
 % Cross section > 1:    1244489.7992241201        1.0252203714304380     
 Iteration  4   Mean: 0.1334E+09 Abs mean: 0.1334E+09   Fluctuation:  0.152E+08   0.118E+12    99.4%
  4    0.1334E+09 0.1334E+09 +- 0.1523E+08     10.21
 Relative summed weights:
  0.1600E+00  0.0000E+00
  0.1410E+00  0.0000E+00
  0.1438E+00  0.0000E+00
  0.1341E+00  0.0000E+00
  0.2613E+00  0.0000E+00
  0.1598E+00  0.0000E+00
 Relative number of events:
  0.1674E+00  0.0000E+00
  0.1650E+00  0.0000E+00
  0.1669E+00  0.0000E+00
  0.1640E+00  0.0000E+00
  0.1701E+00  0.0000E+00
  0.1666E+00  0.0000E+00
 Events:
        1339           0
        1320           0
        1335           0
        1312           0
        1361           0
        1333           0
 Found          724  events.
 Wrote            9  events.
 Actual xsec    122409675.62146178     
 Correct abs xsec    122409675.62146178     
 Event xsec    122409675.62146178     
 Events wgts > 1:            0
 % Cross section > 1:    0.0000000000000000        0.0000000000000000     
 Checking number of events   52331.360424931125                9  chi2:   0.30007993541097377     
 Found          724  events.
 Wrote            9  events.
 Actual xsec    122409675.62146178     
 Correct abs xsec    122409675.62146178     
 Event xsec    122409675.62146178     
 Events wgts > 1:            0
 % Cross section > 1:    0.0000000000000000        0.0000000000000000     
 Iteration  5   Mean: 0.1226E+09 Abs mean: 0.1226E+09   Fluctuation:  0.304E+07   0.275E+11    99.3%
  5    0.1226E+09 0.1226E+09 +- 0.3041E+07      3.14
 Relative summed weights:
  0.1628E+00  0.0000E+00
  0.1675E+00  0.0000E+00
  0.1641E+00  0.0000E+00
  0.1822E+00  0.0000E+00
  0.1706E+00  0.0000E+00
  0.1529E+00  0.0000E+00
 Relative number of events:
  0.1632E+00  0.0000E+00
  0.1661E+00  0.0000E+00
  0.1668E+00  0.0000E+00
  0.1673E+00  0.0000E+00
  0.1737E+00  0.0000E+00
  0.1630E+00  0.0000E+00
 Events:
        2611           0
        2657           0
        2669           0
        2676           0
        2779           0
        2608           0
 Found         1357  events.
 Wrote          122  events.
 Actual xsec    122488474.16452169     
 Correct abs xsec    122488474.16452169     
 Event xsec    122488474.16452171     
 Events wgts > 1:            1
 % Cross section > 1:    798438.49821394356       0.65184786051095089     
 Checking number of events   52365.047590074668              122  chi2:   0.30117214006429649     
 Found         1357  events.
 Wrote          133  events.
 Actual xsec    122488474.16452169     
 Correct abs xsec    122488474.16452169     
 Event xsec    122488474.16452104     
 Events wgts > 1:            1
 % Cross section > 1:    732797.29880268010       0.59825816575886115     
 Iteration  6   Mean: 0.1241E+09 Abs mean: 0.1241E+09   Fluctuation:  0.234E+07   0.210E+11    99.2%
  6    0.1241E+09 0.1241E+09 +- 0.2343E+07      3.38
 Relative summed weights:
  0.1700E+00  0.0000E+00
  0.1624E+00  0.0000E+00
  0.1665E+00  0.0000E+00
  0.1630E+00  0.0000E+00
  0.1736E+00  0.0000E+00
  0.1645E+00  0.0000E+00
 Relative number of events:
  0.1669E+00  0.0000E+00
  0.1675E+00  0.0000E+00
  0.1651E+00  0.0000E+00
  0.1687E+00  0.0000E+00
  0.1663E+00  0.0000E+00
  0.1656E+00  0.0000E+00
 Events:
        5340           0
        5360           0
        5282           0
        5398           0
        5321           0
        5299           0
 Found         2910  events.
 Wrote          292  events.
 Actual xsec    123676548.55525810     
 Correct abs xsec    123676548.55525810     
 Event xsec    123676548.55525848     
 Events wgts > 1:           11
 % Cross section > 1:    1070336.9928774363       0.86543245698614513     
 Checking number of events   52872.961272858389              292  chi2:   0.28540893865034045     
 Found         2910  events.
 Wrote          300  events.
 Actual xsec    123676548.55525810     
 Correct abs xsec    123676548.55525810     
 Event xsec    123676548.55525766     
 Events wgts > 1:           11
 % Cross section > 1:    1042035.1560127933       0.84254870319834374     
 Iteration  7   Mean: 0.1218E+09 Abs mean: 0.1218E+09   Fluctuation:  0.214E+07   0.936E+11    99.3%
  7    0.1218E+09 0.1218E+09 +- 0.2141E+07      4.45
 Relative summed weights:
  0.1632E+00  0.0000E+00
  0.1754E+00  0.0000E+00
  0.1626E+00  0.0000E+00
  0.1570E+00  0.0000E+00
  0.1719E+00  0.0000E+00
  0.1699E+00  0.0000E+00
 Relative number of events:
  0.1680E+00  0.0000E+00
  0.1672E+00  0.0000E+00
  0.1635E+00  0.0000E+00
  0.1661E+00  0.0000E+00
  0.1678E+00  0.0000E+00
  0.1675E+00  0.0000E+00
 Events:
       10749           0
       10703           0
       10462           0
       10629           0
       10737           0
       10720           0
 Found         5679  events.
 Wrote          113  events.
 Actual xsec    122785514.98808414     
 Correct abs xsec    122785514.98808414     
 Event xsec    122785514.98808378     
 Events wgts > 1:            2
 % Cross section > 1:    503094.09726678533       0.40973407760321739     
 Checking number of events   52492.035512555849              113  chi2:   0.25597497377701833     
 Found         5679  events.
 Wrote          128  events.
 Actual xsec    122785514.98808414     
 Correct abs xsec    122785514.98808414     
 Event xsec    122785514.98808427     
 Events wgts > 1:            2
 % Cross section > 1:    444351.11609648122       0.36189213046799801     
 Iteration  8   Mean: 0.1216E+09 Abs mean: 0.1216E+09   Fluctuation:  0.219E+07   0.240E+12    99.2%
  8    0.1216E+09 0.1216E+09 +- 0.2185E+07      6.43
 Relative summed weights:
  0.1615E+00  0.0000E+00
  0.1783E+00  0.0000E+00
  0.1573E+00  0.0000E+00
  0.1679E+00  0.0000E+00
  0.1686E+00  0.0000E+00
  0.1665E+00  0.0000E+00
 Relative number of events:
  0.1655E+00  0.0000E+00
  0.1664E+00  0.0000E+00
  0.1661E+00  0.0000E+00
  0.1681E+00  0.0000E+00
  0.1667E+00  0.0000E+00
  0.1673E+00  0.0000E+00
 Events:
       21178           0
       21298           0
       21264           0
       21512           0
       21339           0
       21409           0
 Found        11485  events.
 Wrote           57  events.
 Actual xsec    122439868.50955079     
 Correct abs xsec    122439868.50955079     
 Event xsec    122439868.50955079     
 Events wgts > 1:            0
 % Cross section > 1:    0.0000000000000000        0.0000000000000000     
 Checking number of events   52344.268186518057               57  chi2:   0.34817349041664902     
 Found        11485  events.
 Wrote           61  events.
 Actual xsec    122439868.50955079     
 Correct abs xsec    122439868.50955079     
 Event xsec    122439868.50955077     
 Events wgts > 1:            0
 % Cross section > 1:    0.0000000000000000        0.0000000000000000     
 Iteration  9   Mean: 0.1227E+09 Abs mean: 0.1227E+09   Fluctuation:  0.161E+07   0.225E+12    99.2%
  9    0.1227E+09 0.1227E+09 +- 0.1610E+07      6.64
 Relative summed weights:
  0.1649E+00  0.0000E+00
  0.1747E+00  0.0000E+00
  0.1688E+00  0.0000E+00
  0.1659E+00  0.0000E+00
  0.1582E+00  0.0000E+00
  0.1676E+00  0.0000E+00
 Relative number of events:
  0.1672E+00  0.0000E+00
  0.1659E+00  0.0000E+00
  0.1667E+00  0.0000E+00
  0.1672E+00  0.0000E+00
  0.1661E+00  0.0000E+00
  0.1670E+00  0.0000E+00
 Events:
       42794           0
       42465           0
       42672           0
       42793           0
       42527           0
       42749           0
 Found        23028  events.
 Wrote          364  events.
 Actual xsec    122187614.62025259     
 Correct abs xsec    122187614.62025259     
 Event xsec    122187614.62025248     
 Events wgts > 1:            4
 % Cross section > 1:    1094511.0298297172       0.89576266238714441     
 Checking number of events   52236.427126304181              364  chi2:   9.60793724335629040E-002
 Found        23028  events.
 Wrote          339  events.
 Actual xsec    122187614.62025259     
 Correct abs xsec    122187614.62025259     
 Event xsec    122187614.62025227     
 Events wgts > 1:            4
 % Cross section > 1:    1174451.3493838497       0.96118690346311697     

 -------------------------------------------------------------------------------
 Accumulated results:   Integral =  0.1225E+09
                        Std dev  =  0.9183E+06
                       Cross sec =  0.1225E+09
             Chi**2 per DoF.     =      0.1824
 -------------------------------------------------------------------------------
-------------------------------------------------
---------------------------
 Results Last   3 iters: Integral =   0.1222E+09
                     Abs integral =   0.1222E+09
                          Std dev =   0.1109E+07
                  Chi**2 per DoF. =      0.0961
-------------------------------------------------
---------------------------
 Status -4.27509999999999978E-004          10           9
 Trying w/ fresh grid
 Starting w/ ncall =         4000
 Keeping grid fixed.
  5 dimensions   4000 events  5 invarients  8 iterations  1 config(s),  (0.99)
 Using h-tuple random number sequence.
 Error opening grid
 Using Uniform Grid!
 Using uniform alpha   1.0000000000000000     
 Grid defined OK
 Warning: No cutoff for shat integral found
          Minimum set to    204.08163265306121     
Setting grid   1    0.20408E+03   1
 Warning: No cutoff for shat integral found
          Minimum set to    204.08163265306121     
Setting grid   2    0.20408E+03   1
Warning xbin not returning correct x   2  0.999958E+00  0.988141E+00  0.2837E+03
Warning xbin not returning correct x   2  0.999976E+00  0.993332E+00  0.2837E+03
Warning xbin not returning correct x   2  0.999984E+00  0.995532E+00  0.2837E+03
Warning xbin not returning correct x   2  0.999986E+00  0.995943E+00  0.2837E+03
Warning xbin not returning correct x   2  0.999968E+00  0.990957E+00  0.2837E+03
Warning xbin still not working well. Last message this iteration.
 Iteration  1   Mean: 0.2133E+08 Abs mean: 0.2133E+08   Fluctuation:  0.644E+07   0.229E+11    99.2%
  1    0.2133E+08 0.2133E+08 +- 0.6438E+07     19.09
 Relative summed weights:
  0.7881E-01  0.0000E+00
  0.4670E+00  0.0000E+00
  0.1358E+00  0.0000E+00
  0.7821E-01  0.0000E+00
  0.1559E+00  0.0000E+00
  0.8426E-01  0.0000E+00
 Relative number of events:
  0.1620E+00  0.0000E+00
  0.1678E+00  0.0000E+00
  0.1678E+00  0.0000E+00
  0.1670E+00  0.0000E+00
  0.1750E+00  0.0000E+00
  0.1605E+00  0.0000E+00
 Events:
         648           0
         671           0
         671           0
         668           0
         700           0
         642           0
Warning xbin not returning correct x   1  0.993427E+00  0.999901E+00  0.1528E-01
Warning xbin not returning correct x   1  0.992989E+00  0.999894E+00  0.1528E-01
Warning xbin not returning correct x   1  0.985078E+00  0.999775E+00  0.1528E-01
Warning xbin not returning correct x   1  0.985129E+00  0.999776E+00  0.1528E-01
Warning xbin not returning correct x   1  0.987982E+00  0.999819E+00  0.1528E-01
Warning xbin still not working well. Last message this iteration.
 Iteration  2   Mean: 0.2749E+07 Abs mean: 0.2749E+07   Fluctuation:  0.153E+06   0.643E+09    95.1%
  2    0.2749E+07 0.2749E+07 +- 0.1527E+06      4.97
 Relative summed weights:
  0.1353E+00  0.0000E+00
  0.1587E+00  0.0000E+00
  0.1913E+00  0.0000E+00
  0.1529E+00  0.0000E+00
  0.2003E+00  0.0000E+00
  0.1615E+00  0.0000E+00
 Relative number of events:
  0.1638E+00  0.0000E+00
  0.1734E+00  0.0000E+00
  0.1648E+00  0.0000E+00
  0.1631E+00  0.0000E+00
  0.1701E+00  0.0000E+00
  0.1649E+00  0.0000E+00
 Events:
        1310           0
        1387           0
        1318           0
        1305           0
        1361           0
        1319           0
 Iteration  3   Mean: 0.6267E+08 Abs mean: 0.6267E+08   Fluctuation:  0.411E+08   0.654E+12    99.9%
  3    0.6267E+08 0.6267E+08 +- 0.4107E+08     82.90
 Relative summed weights:
  0.6581E-01  0.0000E+00
  0.5643E-01  0.0000E+00
  0.7389E+00  0.0000E+00
  0.4027E-01  0.0000E+00
  0.3217E-01  0.0000E+00
  0.6646E-01  0.0000E+00
 Relative number of events:
  0.1608E+00  0.0000E+00
  0.1654E+00  0.0000E+00
  0.1735E+00  0.0000E+00
  0.1700E+00  0.0000E+00
  0.1618E+00  0.0000E+00
  0.1685E+00  0.0000E+00
 Events:
        2573           0
        2647           0
        2776           0
        2720           0
        2588           0
        2696           0
 Found         1978  events.
 Wrote            1  events.
 Actual xsec    3766975.0955076278     
 Correct abs xsec    3766975.0955076278     
 Event xsec    3766975.0955076278     
 Events wgts > 1:            0
 % Cross section > 1:    0.0000000000000000        0.0000000000000000     
 Checking number of events   1610.4195230804660                1  chi2:    26.963128352080769     
 Found         1978  events.
 Wrote            1  events.
 Actual xsec    3766975.0955076278     
 Correct abs xsec    3766975.0955076278     
 Event xsec    3766975.0955076278     
 Events wgts > 1:            0
 % Cross section > 1:    0.0000000000000000        0.0000000000000000     
 Iteration  4   Mean: 0.3926E+08 Abs mean: 0.3926E+08   Fluctuation:  0.517E+07   0.142E+12    99.9%
  4    0.3926E+08 0.3926E+08 +- 0.5168E+07     23.55
 Relative summed weights:
  0.1297E+00  0.0000E+00
  0.1560E+00  0.0000E+00
  0.3038E+00  0.0000E+00
  0.1249E+00  0.0000E+00
  0.1150E+00  0.0000E+00
  0.1706E+00  0.0000E+00
 Relative number of events:
  0.1675E+00  0.0000E+00
  0.1656E+00  0.0000E+00
  0.1695E+00  0.0000E+00
  0.1670E+00  0.0000E+00
  0.1653E+00  0.0000E+00
  0.1653E+00  0.0000E+00
 Events:
        5359           0
        5299           0
        5423           0
        5343           0
        5288           0
        5288           0
 Found          930  events.
 Wrote            7  events.
 Actual xsec    8595277.1273986045     
 Correct abs xsec    8595277.1273986045     
 Event xsec    8595277.1273986045     
 Events wgts > 1:            0
 % Cross section > 1:    0.0000000000000000        0.0000000000000000     
 Checking number of events   3674.5669247341771                7  chi2:    751.59730376993423     
 Found          930  events.
 Wrote            8  events.
 Actual xsec    8595277.1273986045     
 Correct abs xsec    8595277.1273986045     
 Event xsec    8595277.1273986027     
 Events wgts > 1:            0
 % Cross section > 1:    0.0000000000000000        0.0000000000000000     
 Iteration  5   Mean: 0.6939E+08 Abs mean: 0.6939E+08   Fluctuation:  0.631E+07   0.259E+12    99.7%
  5    0.6939E+08 0.6939E+08 +- 0.6313E+07     23.01
 Relative summed weights:
  0.1475E+00  0.0000E+00
  0.2057E+00  0.0000E+00
  0.1477E+00  0.0000E+00
  0.1926E+00  0.0000E+00
  0.1517E+00  0.0000E+00
  0.1549E+00  0.0000E+00
 Relative number of events:
  0.1661E+00  0.0000E+00
  0.1664E+00  0.0000E+00
  0.1655E+00  0.0000E+00
  0.1667E+00  0.0000E+00
  0.1661E+00  0.0000E+00
  0.1693E+00  0.0000E+00
 Events:
       10631           0
       10647           0
       10591           0
       10668           0
       10631           0
       10832           0
 Found         4895  events.
 Wrote           22  events.
 Actual xsec    59689098.925531141     
 Correct abs xsec    59689098.925531141     
 Event xsec    59689098.925531164     
 Events wgts > 1:            1
 % Cross section > 1:    327040.25205154298       0.54790616366911871     
 Checking number of events   25517.686681653817               22  chi2:    8.9944373921847678     
 Found         4895  events.
 Wrote           17  events.
 Actual xsec    59689098.925531141     
 Correct abs xsec    59689098.925531141     
 Event xsec    59689098.925531149     
 Events wgts > 1:            1
 % Cross section > 1:    422547.63073927350       0.70791423952713561     
 Fixing grid
 Iteration  6   Mean: 0.1184E+09 Abs mean: 0.1184E+09   Fluctuation:  0.315E+08   0.398E+13    99.2%
  6    0.1184E+09 0.1184E+09 +- 0.3147E+08     95.08
 Relative summed weights:
  0.3851E+00  0.0000E+00
  0.1431E+00  0.0000E+00
  0.1179E+00  0.0000E+00
  0.1064E+00  0.0000E+00
  0.1285E+00  0.0000E+00
  0.1191E+00  0.0000E+00
 Relative number of events:
  0.1663E+00  0.0000E+00
  0.1669E+00  0.0000E+00
  0.1672E+00  0.0000E+00
  0.1673E+00  0.0000E+00
  0.1653E+00  0.0000E+00
  0.1671E+00  0.0000E+00
 Events:
       21281           0
       21361           0
       21403           0
       21410           0
       21161           0
       21384           0
 Found        10108  events.
 Wrote            2  events.
 Actual xsec    63967850.013635255     
 Correct abs xsec    63967850.013635255     
 Event xsec    63967850.013635255     
 Events wgts > 1:            0
 % Cross section > 1:    0.0000000000000000        0.0000000000000000     
 Checking number of events   27346.895559329205                2  chi2:    13.291859063853012     
 Found        10108  events.
 Wrote            4  events.
 Actual xsec    63967850.013635255     
 Correct abs xsec    63967850.013635255     
 Event xsec    63967850.013635255     
 Events wgts > 1:            0
 % Cross section > 1:    0.0000000000000000        0.0000000000000000     
 Iteration  7   Mean: 0.9889E+08 Abs mean: 0.9889E+08   Fluctuation:  0.678E+07   0.138E+13    99.2%
  7    0.9889E+08 0.9889E+08 +- 0.6783E+07     34.70
 Relative summed weights:
  0.1364E+00  0.0000E+00
  0.1705E+00  0.0000E+00
  0.1515E+00  0.0000E+00
  0.2156E+00  0.0000E+00
  0.1726E+00  0.0000E+00
  0.1534E+00  0.0000E+00
 Relative number of events:
  0.1656E+00  0.0000E+00
  0.1664E+00  0.0000E+00
  0.1657E+00  0.0000E+00
  0.1673E+00  0.0000E+00
  0.1674E+00  0.0000E+00
  0.1676E+00  0.0000E+00
 Events:
       42403           0
       42605           0
       42420           0
       42821           0
       42854           0
       42897           0
 Found        12795  events.
 Wrote           17  events.
 Actual xsec    89431155.399444774     
 Correct abs xsec    89431155.399444774     
 Event xsec    89431155.399444744     
 Events wgts > 1:            1
 % Cross section > 1:    1.9179208939895034       2.14457801134638072E-006
 Checking number of events   38232.713244816630               17  chi2:    6.4372138841278517     
 Found        12795  events.
 Wrote           18  events.
 Actual xsec    89431155.399444774     
 Correct abs xsec    89431155.399444774     
 Event xsec    89431155.399444729     
 Events wgts > 1:            1
 % Cross section > 1:    1.8113697348162532       2.02543479028730035E-006
 Iteration  8   Mean: 0.1030E+09 Abs mean: 0.1030E+09   Fluctuation:  0.113E+08   0.550E+13    99.2%
  8    0.1030E+09 0.1030E+09 +- 0.1127E+08     78.31
 Relative summed weights:
  0.1528E+00  0.0000E+00
  0.1673E+00  0.0000E+00
  0.2543E+00  0.0000E+00
  0.1446E+00  0.0000E+00
  0.1323E+00  0.0000E+00
  0.1486E+00  0.0000E+00
 Relative number of events:
  0.1665E+00  0.0000E+00
  0.1672E+00  0.0000E+00
  0.1665E+00  0.0000E+00
  0.1666E+00  0.0000E+00
  0.1667E+00  0.0000E+00
  0.1665E+00  0.0000E+00
 Events:
       85264           0
       85589           0
       85273           0
       85284           0
       85358           0
       85232           0
 Found        29610  events.
 Wrote           11  events.
 Actual xsec    121593877.73025821     
 Correct abs xsec    121593877.73025821     
 Event xsec    121593877.73025818     
 Events wgts > 1:            1
 % Cross section > 1:   0.96212974749505520       7.91264959597248644E-007
 Checking number of events   43130.950607057624               11  chi2:   0.21585014901832325     
 Found        29610  events.
 Wrote            8  events.
 Actual xsec    121593877.73025821     
 Correct abs xsec    121593877.73025821     
 Event xsec    121593877.73025820     
 Events wgts > 1:            1
 % Cross section > 1:    1.3229283988475800       1.08798931619101906E-006

 -------------------------------------------------------------------------------
 Accumulated results:   Integral =  0.5230E+08
                        Std dev  =  0.1819E+07
                       Cross sec =  0.5230E+08
             Chi**2 per DoF.     =     83.0560
 -------------------------------------------------------------------------------
-------------------------------------------------
---------------------------
 Results Last   3 iters: Integral =   0.1009E+09
                     Abs integral =   0.1009E+09
                         Std dev =   0.5728E+07
                 Chi**2 per DoF. =      0.2159
-------------------------------------------------
---------------------------
>>>>>>> 911b5ec345c81b054214c521136984e9d6306827

ls status:
events.lhe
ftn25
ftn26
input_sg.txt
<<<<<<< HEAD
=======
log.txt
>>>>>>> 911b5ec345c81b054214c521136984e9d6306827
moffset.dat
results.dat
run_01_ftn26.gz
run_01_log.txt
run_01_results.dat
run_02_ftn26.gz
run_02_log.txt
run_02_results.dat
<<<<<<< HEAD
run_03_ftn26.gz
run_03_log.txt
run_03_results.dat
run_08_ftn26.gz
run_08_log.txt
run_08_results.dat
run_09_log.txt
run_09_results.dat
run_10_ftn26.gz
run_10_log.txt
run_10_results.dat
run_11_ftn26.gz
run_11_log.txt
run_11_results.dat
=======
>>>>>>> 911b5ec345c81b054214c521136984e9d6306827
run1_app.log
