#************************************************************
#*               MadGraph5_aMC@NLO/MadEvent                 *
#*                                                          *
#*                *                       *                 *
#*                  *        * *        *                   *
#*                    * * * * 5 * * * *                     *
#*                  *        * *        *                   *
#*                *                       *                 *
#*                                                          *
#*                                                          *
#*         VERSION 5.2.1.1                                  *
#*                                                          *
#*    The MadGraph5_aMC@NLO Development Team - Find us at   *
#*    https://server06.fynu.ucl.ac.be/projects/madgraph     *
#*                                                          *
#************************************************************
#*                                                          *
#*               Command File for MadEvent                  *
#*                                                          *
#*     run as ./bin/madevent.py filename                    *
#*                                                          *
#************************************************************
help
generate_events
generate_events
Traceback (most recent call last):
  File "/nfs/cms/mc1/een7/MMAPS-madgraph/e+e-2ge+e-/bin/internal/extended_cmd.py", line 872, in onecmd
    return self.onecmd_orig(line, **opt)
  File "/nfs/cms/mc1/een7/MMAPS-madgraph/e+e-2ge+e-/bin/internal/extended_cmd.py", line 865, in onecmd_orig
    return func(arg, **opt)
  File "/nfs/cms/mc1/een7/MMAPS-madgraph/e+e-2ge+e-/bin/internal/madevent_interface.py", line 2105, in do_generate_events
    postcmd=False)
  File "/nfs/cms/mc1/een7/MMAPS-madgraph/e+e-2ge+e-/bin/internal/extended_cmd.py", line 912, in exec_cmd
    stop = Cmd.onecmd_orig(current_interface, line, **opt)
  File "/nfs/cms/mc1/een7/MMAPS-madgraph/e+e-2ge+e-/bin/internal/extended_cmd.py", line 865, in onecmd_orig
    return func(arg, **opt)
  File "/nfs/cms/mc1/een7/MMAPS-madgraph/e+e-2ge+e-/bin/internal/madevent_interface.py", line 2510, in do_survey
    self.compile(['gensym'], cwd=Pdir)
  File "/nfs/cms/mc1/een7/MMAPS-madgraph/e+e-2ge+e-/bin/internal/extended_cmd.py", line 980, in compile
    return misc.compile(nb_core=self.options['nb_core'], *args, **opts)
  File "/nfs/cms/mc1/een7/MMAPS-madgraph/e+e-2ge+e-/bin/internal/misc.py", line 293, in compile
    raise MadGraph5Error, error_text
MadGraph5Error: A compilation Error occurs when trying to compile /nfs/cms/mc1/een7/MMAPS-madgraph/e+e-2ge+e-/SubProcesses/P1_ll_all.
The compilation fails with the following output message:
    gfortran -O -w -fbounds-check -ffixed-line-length-132 -w  -c -o symmetry.o symmetry.f
    gfortran -O -w -fbounds-check -ffixed-line-length-132 -w  -c -o setcuts.o setcuts.f
    gfortran -O -w -fbounds-check -ffixed-line-length-132 -w  -c -o cuts.o cuts.f
    gfortran -O -w -fbounds-check -ffixed-line-length-132 -w  -c -o cluster.o cluster.f
    gfortran -O -w -fbounds-check -ffixed-line-length-132 -w  -c -o myamp.o myamp.f
    gfortran -O -w -fbounds-check -ffixed-line-length-132 -w  -c -o genps.o genps.f
    gfortran -O -w -fbounds-check -ffixed-line-length-132 -w  -c -o initcluster.o initcluster.f
    gfortran -O -w -fbounds-check -ffixed-line-length-132 -w  -c -o setscales.o setscales.f
    gfortran -O -w -fbounds-check -ffixed-line-length-132 -w  -c -o reweight.o reweight.f
    gfortran -O -w -fbounds-check -ffixed-line-length-132 -w  -c -o get_color.o get_color.f
    gfortran -O -w -fbounds-check -ffixed-line-length-132 -w  -c -o idenparts.o idenparts.f
    gfortran -O -w -fbounds-check -ffixed-line-length-132 -w  -c -o matrix1.o matrix1.f
    make: *** No rule to make target `../../lib/libdhelas.a', needed by `gensym'.  Stop.
    make: *** Waiting for unfinished jobs....
    
Please try to fix this compilations issue and retry.
Help might be found at https://answers.launchpad.net/madgraph5.
If you think that this is a bug, you can report this at https://bugs.launchpad.net/madgraph5
                              Run Options    
                              -----------    
               stdout_level 	:	None

                         MadEvent Options    
                         ----------------    
     automatic_html_opening 	:	False (user set)
          cluster_temp_path 	:	None
              cluster_queue 	:	madgraph
             cluster_memory 	:	None
               cluster_time 	:	None
                    nb_core 	:	24 (user set)
                   run_mode 	:	2

                      Configuration Options    
                      ---------------------    
                web_browser 	:	None
                text_editor 	:	None
            pythia-pgs_path 	:	None (user set)
                    td_path 	:	None (user set)
               delphes_path 	:	None (user set)
                thepeg_path 	:	None (user set)
               cluster_type 	:	condor
           madanalysis_path 	:	None (user set)
                     lhapdf 	:	lhapdf-config
           cluster_nb_retry 	:	1
                    timeout 	:	60
           fortran_compiler 	:	None
                auto_update 	:	7 (user set)
        exrootanalysis_path 	:	None (user set)
      cluster_status_update 	:	(600, 30)
                 eps_viewer 	:	None
               syscalc_path 	:	None (user set)
                 hepmc_path 	:	None (user set)
               pythia8_path 	:	None (user set)
                  hwpp_path 	:	None (user set)
         cluster_retry_wait 	:	300
