 Process in group number            0
 No PDF is used, alpha_s(MZ) from param_card is used
 Value of alpha_s from param_card:   0.11800000071525575     
 The default order of alpha_s running is fixed to            2
 *****************************************************
 *               MadGraph/MadEvent                   *
 *        --------------------------------           *
 *          http://madgraph.hep.uiuc.edu             *
 *          http://madgraph.phys.ucl.ac.be           *
 *          http://madgraph.roma2.infn.it            *
 *        --------------------------------           *
 *                                                   *
 *          PARAMETER AND COUPLING VALUES            *
 *                                                   *
 *****************************************************

  External Params
  ---------------------------------
  
 aEWM1 =    132.50700378417969     
 mdl_Gf =   1.16639000000000003E-005
 aS =   0.11800000071525575     
 mdl_ymb =    4.6999998092651367     
 mdl_ymt =    173.00000000000000     
 mdl_yme =   5.10999991092830896E-004
 mdl_ymm =   0.10565999895334244     
 mdl_ymtau =    1.7769999504089355     
 mdl_MZ =    91.188003540039063     
 mdl_MT =    173.00000000000000     
 mdl_MB =    4.6999998092651367     
 mdl_MH =    125.00000000000000     
 mdl_Me =   5.10999991092830896E-004
 mdl_MM =   0.10565999895334244     
 mdl_MTA =    1.7769999504089355     
 mdl_WZ =    2.4414041042327881     
 mdl_WW =    2.0476000308990479     
 mdl_WT =    1.4915000200271606     
 mdl_WH =   6.38233916833996773E-003
 mdl_WTau =   2.26999999999999982E-012
  Internal Params
  ---------------------------------
  
 mdl_conjg__CKM3x3 =    1.0000000000000000     
 mdl_CKM3x3 =    1.0000000000000000     
 mdl_conjg__CKM1x1 =    1.0000000000000000     
 mdl_complexi =  (  0.0000000000000000     ,  1.0000000000000000     )
 mdl_MZ__exp__2 =    8315.2519896181766     
 mdl_MZ__exp__4 =    69143415.650849044     
 mdl_sqrt__2 =    1.4142135623730951     
 mdl_MH__exp__2 =    15625.000000000000     
 mdl_aEW =   7.54677089845565054E-003
 mdl_MW =    80.419007276179556     
 mdl_sqrt__aEW =   8.68721526063194194E-002
 mdl_ee =   0.30795376284704501     
 mdl_MW__exp__2 =    6467.2167312862202     
 mdl_sw2 =   0.22224645274001076     
 mdl_cw =   0.88190336616887299     
 mdl_sqrt__sw2 =   0.47143022043565552     
 mdl_sw =   0.47143022043565552     
 mdl_g1 =   0.34919218438279087     
 mdl_gw =   0.65323296958447097     
 mdl_vev =    246.21845810181631     
 mdl_vev__exp__2 =    60623.529110035874     
 mdl_lam =   0.12886910601690271     
 mdl_yb =   2.69955531549349904E-002
 mdl_ye =   2.93504850670934038E-006
 mdl_ym =   6.06883028478528356E-004
 mdl_yt =   0.99366614581500645     
 mdl_ytau =   1.02066167158167895E-002
 mdl_muH =    88.388347648318444     
 mdl_I1x33 =  ( 2.69955531549349904E-002,  0.0000000000000000     )
 mdl_I2x33 =  ( 0.99366614581500645     ,  0.0000000000000000     )
 mdl_I3x33 =  ( 0.99366614581500645     ,  0.0000000000000000     )
 mdl_I4x33 =  ( 2.69955531549349904E-002,  0.0000000000000000     )
 mdl_ee__exp__2 =   9.48355200516540348E-002
 mdl_sw__exp__2 =   0.22224645274001076     
 mdl_cw__exp__2 =   0.77775354725998924     
  Internal Params evaluated point by point
  ----------------------------------------
  
 mdl_sqrt__aS =   0.34351128178744839     
 mdl_G__exp__2 =    1.4828317414825511     
  Couplings of sm-lepton_masses
  ---------------------------------
  
         GC_3 =  -0.00000E+00  -0.30795E+00

 Collider parameters:
 --------------------

<<<<<<< HEAD
 Running at e e   machine @   7.14879999999999960E-002  GeV
=======
 Running at e e   machine @   7.00000000000000067E-002  GeV
>>>>>>> 911b5ec345c81b054214c521136984e9d6306827
 PDF set = none   
 alpha_s(Mz)= 0.1180 running at 2 loops.
 alpha_s(Mz)= 0.1180 running at 2 loops.
 Renormalization scale fixed @    91.188000000000002     
 Factorization scales  fixed @    91.188000000000002        91.188000000000002     


 getting user params
Enter number of events and max and min iterations: 
 Number of events and iterations         2000           9           3
Enter desired fractional accuracy: 
<<<<<<< HEAD
 Desired fractional accuracy:  -3.19030000000000027E-005
=======
 Desired fractional accuracy:  -3.13399999999999974E-004
>>>>>>> 911b5ec345c81b054214c521136984e9d6306827
Enter 0 for fixed, 2 for adjustable grid: 
Suppress amplitude (0 no, 1 yes)? 
 Using suppressed amplitude.
Exact helicity sum (0 yes, n = number/event)? 
 Explicitly summing over helicities
Enter Configuration Number: 
Running Configuration Number:    1
 Not subdividing B.W.
 Attempting mappinvarients           1           4
 Completed mapping           4
 about to integrate            2        2000           9           3           2           1
 Using non-zero grid deformation.
  2 dimensions   2000 events  2 invarients  9 iterations  1 config(s),  (0.99)
 Using h-tuple random number sequence.
 Error opening grid
 Using Uniform Grid!
 Using uniform alpha   1.0000000000000000     
 Grid defined OK
 Set CM energy to          0.07
 Mapping Graph           1  to config           1
<<<<<<< HEAD
Setting grid   1    0.17611E-02   1
=======
Setting grid   1    0.38601E-01   1
>>>>>>> 911b5ec345c81b054214c521136984e9d6306827
 Masses: 0.511E-03 0.511E-03 0.000E+00 0.000E+00
   1   1   2
 Got moffset          25
Using random seed offsets     1 :      1
<<<<<<< HEAD
  with seed                  117
 Ranmar initialization seeds       24102       28258
=======
  with seed                   63
 Ranmar initialization seeds       18438       28202
>>>>>>> 911b5ec345c81b054214c521136984e9d6306827
  Particle       3       4
      Et >     0.0     0.0
       E >     0.0     0.0
     Eta <    -1.0    -1.0
   xqcut:      0.0     0.0
d R # 3  >    -0.0     0.0
s min # 3>     0.0     0.0
xqcutij # 3>     0.0     0.0
 alpha_s for scale    91.188000000000002       is   0.11800000071525575     
<<<<<<< HEAD
 Added good helicity            1  9.03781411273162222E-002  in event            1
 Added good helicity            2  7.36168045148710206E-006  in event            1
 Added good helicity            3  7.36168045148710630E-006  in event            1
 Added good helicity            6  1.64035200410925767E-004  in event            1
 Added good helicity            7   7.9094431000753751       in event            1
 Added good helicity           10   7.9094431000753751       in event            1
 Added good helicity           11  1.64035200410925767E-004  in event            1
 Added good helicity           14  7.36168045148710630E-006  in event            1
 Added good helicity           15  7.36168045148710206E-006  in event            1
 Added good helicity           16  9.03781411273162222E-002  in event            1
 Iteration  1   Mean: 0.1462E+09 Abs mean: 0.1462E+09   Fluctuation:  0.164E+07   0.179E+09    90.7%
  1    0.1462E+09 0.1462E+09 +- 0.1640E+07      0.50
 Writing out events   8957.9350999946946       0.50159591243822355     
 Relative summed weights:
  0.5165E+00  0.0000E+00
  0.4835E+00  0.0000E+00
 Relative number of events:
  0.5190E+00  0.0000E+00
  0.4810E+00  0.0000E+00
 Events:
        1038           0
         962           0
 Iteration  2   Mean: 0.1454E+09 Abs mean: 0.1454E+09   Fluctuation:  0.483E+06   0.230E+09    99.6%
  2    0.1454E+09 0.1454E+09 +- 0.4826E+06      0.21
 Relative summed weights:
  0.4829E+00  0.0000E+00
  0.5171E+00  0.0000E+00
 Relative number of events:
  0.4845E+00  0.0000E+00
  0.5155E+00  0.0000E+00
 Events:
        1938           0
        2062           0
 Iteration  3   Mean: 0.1446E+09 Abs mean: 0.1446E+09   Fluctuation:  0.259E+06   0.191E+09    99.7%
  3    0.1446E+09 0.1446E+09 +- 0.2591E+06      0.16
 Relative summed weights:
  0.4960E+00  0.0000E+00
  0.5040E+00  0.0000E+00
 Relative number of events:
  0.4965E+00  0.0000E+00
  0.5035E+00  0.0000E+00
 Events:
        3972           0
        4028           0
 Found          807  events.
 Wrote          802  events.
 Actual xsec    144824838.42489842     
 Correct abs xsec    144824838.42489842     
 Event xsec    144824838.42489681     
 Events wgts > 1:            0
 % Cross section > 1:    0.0000000000000000        0.0000000000000000     
 Checking number of events   4620.3468202695349              802  chi2:    1.4787509707200210     
 Found          807  events.
 Wrote          802  events.
 Actual xsec    144824838.42489842     
 Correct abs xsec    144824838.42489842     
 Event xsec    144824838.42489681     
 Events wgts > 1:            0
 % Cross section > 1:    0.0000000000000000        0.0000000000000000     
Warning xbin not returning correct x   1  0.998776E+00  0.100000E+01  0.7458E-04
 Iteration  4   Mean: 0.1446E+09 Abs mean: 0.1446E+09   Fluctuation:  0.152E+06   0.176E+09    99.7%
  4    0.1446E+09 0.1446E+09 +- 0.1518E+06      0.13
 Relative summed weights:
  0.5058E+00  0.0000E+00
  0.4942E+00  0.0000E+00
 Relative number of events:
  0.5053E+00  0.0000E+00
  0.4947E+00  0.0000E+00
 Events:
        8085           0
        7915           0
 Found         1592  events.
 Wrote         1588  events.
 Actual xsec    144667491.67088678     
 Correct abs xsec    144667491.67088678     
 Event xsec    144667491.67088783     
 Events wgts > 1:         1588
 % Cross section > 1:   2.31084413826465607E-008  1.59734858991107998E-014
 Checking number of events   4615.3269867763011             1588  chi2:    1.3582870053361273     
 Found         1592  events.
 Wrote         1588  events.
 Actual xsec    144667491.67088678     
 Correct abs xsec    144667491.67088678     
 Event xsec    144667491.67088783     
 Events wgts > 1:         1588
 % Cross section > 1:   2.31084413826465607E-008  1.59734858991107998E-014
Warning xbin not returning correct x   1  0.998475E+00  0.100000E+01  0.7728E-04
 Iteration  5   Mean: 0.1449E+09 Abs mean: 0.1449E+09   Fluctuation:  0.859E+05   0.178E+09    99.8%
  5    0.1449E+09 0.1449E+09 +- 0.8593E+05      0.11
 Relative summed weights:
  0.4973E+00  0.0000E+00
  0.5027E+00  0.0000E+00
 Relative number of events:
  0.4971E+00  0.0000E+00
  0.5029E+00  0.0000E+00
 Events:
       15908           0
       16092           0
 Found         3215  events.
 Wrote         3210  events.
 Actual xsec    144802631.64906177     
 Correct abs xsec    144802631.64906177     
 Event xsec    144802631.64905983     
 Events wgts > 1:            0
 % Cross section > 1:    0.0000000000000000        0.0000000000000000     
 Checking number of events   4619.6383575000182             3210  chi2:    1.5384493978122187     
 Found         3215  events.
 Wrote         3210  events.
 Actual xsec    144802631.64906177     
 Correct abs xsec    144802631.64906177     
 Event xsec    144802631.64905983     
 Events wgts > 1:            0
 % Cross section > 1:    0.0000000000000000        0.0000000000000000     
 Iteration  6   Mean: 0.1449E+09 Abs mean: 0.1449E+09   Fluctuation:  0.563E+05   0.214E+09    99.8%
  6    0.1449E+09 0.1449E+09 +- 0.5629E+05      0.10
 Relative summed weights:
  0.4995E+00  0.0000E+00
  0.5005E+00  0.0000E+00
 Relative number of events:
  0.4993E+00  0.0000E+00
  0.5007E+00  0.0000E+00
 Events:
       31954           0
       32046           0
 Found         6351  events.
 Wrote         6346  events.
 Actual xsec    144844341.92554468     
 Correct abs xsec    144844341.92554468     
 Event xsec    144844341.92555544     
 Events wgts > 1:            0
 % Cross section > 1:    0.0000000000000000        0.0000000000000000     
 Checking number of events   4620.9690404506518             6346  chi2:    1.3419241506521615     

 -------------------------------------------------------------------------------
 Accumulated results:   Integral =  0.1448E+09
                        Std dev  =  0.4411E+05
                       Cross sec =  0.1133E+01
             Chi**2 per DoF.     =
-------------------------------------------------
---------------------------
 Results Last   3 iters: Integral =   0.1448E+09
                     Abs integral =   0.1448E+09
                          Std dev =   0.4497E+05
                  Chi**2 per DoF. =      1.3419
-------------------------------------------------
---------------------------
 Status -3.19030000000000027E-005           7           9
 We found enough events        6346   4620.9690404506518     
=======
 Added good helicity            1  1.17704784745183092E-002  in event            1
 Added good helicity            2  7.25269183897262365E-005  in event            1
 Added good helicity            3  7.25269183897262365E-005  in event            1
 Added good helicity            6   7.9735655417543105       in event            1
 Added good helicity            7  1.45189259009581989E-002  in event            1
 Added good helicity           10  1.45189259009581989E-002  in event            1
 Added good helicity           11   7.9735655417543105       in event            1
 Added good helicity           14  7.25269183897262365E-005  in event            1
 Added good helicity           15  7.25269183897262365E-005  in event            1
 Added good helicity           16  1.17704784745183092E-002  in event            1
 Iteration  1   Mean: 0.1440E+08 Abs mean: 0.1440E+08   Fluctuation:  0.327E+06   0.157E+08    15.7%
  1    0.1440E+08 0.1440E+08 +- 0.3266E+06      1.01
 Writing out events   5092.2340357331886        1.0140729691406847     
 Relative summed weights:
  0.5036E+00  0.0000E+00
  0.4964E+00  0.0000E+00
 Relative number of events:
  0.5030E+00  0.0000E+00
  0.4970E+00  0.0000E+00
 Events:
        1006           0
         994           0
Warning xbin not returning correct x   1  0.974900E+00  0.999876E+00  0.5097E-02
 Iteration  2   Mean: 0.1464E+08 Abs mean: 0.1464E+08   Fluctuation:  0.155E+06   0.260E+09    79.8%
  2    0.1464E+08 0.1464E+08 +- 0.1550E+06      0.67
 Relative summed weights:
  0.5114E+00  0.0000E+00
  0.4886E+00  0.0000E+00
 Relative number of events:
  0.5160E+00  0.0000E+00
  0.4840E+00  0.0000E+00
 Events:
        2064           0
        1936           0
Warning xbin not returning correct x   1  0.965817E+00  0.999987E+00  0.4057E-03
Warning xbin not returning correct x   1  0.972467E+00  0.999989E+00  0.4057E-03
Warning xbin not returning correct x   1  0.976348E+00  0.999991E+00  0.4057E-03
Warning xbin not returning correct x   1  0.998241E+00  0.999999E+00  0.4057E-03
 Iteration  3   Mean: 0.1473E+08 Abs mean: 0.1473E+08   Fluctuation:  0.630E+05   0.212E+08    93.2%
  3    0.1473E+08 0.1473E+08 +- 0.6301E+05      0.38
 Relative summed weights:
  0.5096E+00  0.0000E+00
  0.4904E+00  0.0000E+00
 Relative number of events:
  0.5111E+00  0.0000E+00
  0.4889E+00  0.0000E+00
 Events:
        4089           0
        3911           0
 Found          858  events.
 Wrote          853  events.
 Actual xsec    14705854.540150911     
 Correct abs xsec    14705854.540150911     
 Event xsec    14705854.540150603     
 Events wgts > 1:            0
 % Cross section > 1:    0.0000000000000000        0.0000000000000000     
 Checking number of events   4608.8148128832954              853  chi2:   0.59351984843874916     
 Found          858  events.
 Wrote          853  events.
 Actual xsec    14705854.540150911     
 Correct abs xsec    14705854.540150911     
 Event xsec    14705854.540150603     
 Events wgts > 1:            0
 % Cross section > 1:    0.0000000000000000        0.0000000000000000     
Warning xbin not returning correct x   1  0.979485E+00  0.999996E+00  0.2120E-03
Warning xbin not returning correct x   1  0.964258E+00  0.999993E+00  0.2120E-03
Warning xbin not returning correct x   1  0.981156E+00  0.999996E+00  0.2120E-03
Warning xbin not returning correct x   1  0.984407E+00  0.999997E+00  0.2120E-03
Warning xbin not returning correct x   1  0.973254E+00  0.999995E+00  0.2120E-03
Warning xbin still not working well. Last message this iteration.
 Iteration  4   Mean: 0.1468E+08 Abs mean: 0.1468E+08   Fluctuation:  0.340E+05   0.217E+08    96.1%
  4    0.1468E+08 0.1468E+08 +- 0.3403E+05      0.29
 Relative summed weights:
  0.4953E+00  0.0000E+00
  0.5047E+00  0.0000E+00
 Relative number of events:
  0.4949E+00  0.0000E+00
  0.5051E+00  0.0000E+00
 Events:
        7918           0
        8082           0
 Found         1652  events.
 Wrote         1648  events.
 Actual xsec    14688535.655028049     
 Correct abs xsec    14688535.655028049     
 Event xsec    14688535.655028354     
 Events wgts > 1:            0
 % Cross section > 1:    0.0000000000000000        0.0000000000000000     
 Checking number of events   4603.3870742857898             1648  chi2:   0.29234554342715496     
 Found         1652  events.
 Wrote         1648  events.
 Actual xsec    14688535.655028049     
 Correct abs xsec    14688535.655028049     
 Event xsec    14688535.655028354     
 Events wgts > 1:            0
 % Cross section > 1:    0.0000000000000000        0.0000000000000000     
Warning xbin not returning correct x   1  0.961574E+00  0.999993E+00  0.1947E-03
Warning xbin not returning correct x   1  0.988583E+00  0.999998E+00  0.1947E-03
Warning xbin not returning correct x   1  0.988566E+00  0.999998E+00  0.1947E-03
Warning xbin not returning correct x   1  0.981043E+00  0.999996E+00  0.1947E-03
Warning xbin not returning correct x   1  0.997658E+00  0.100000E+01  0.1947E-03
Warning xbin still not working well. Last message this iteration.
 Iteration  5   Mean: 0.1466E+08 Abs mean: 0.1466E+08   Fluctuation:  0.467E+05   0.397E+09    95.8%
  5    0.1466E+08 0.1466E+08 +- 0.4675E+05      0.57
 Relative summed weights:
  0.4975E+00  0.0000E+00
  0.5025E+00  0.0000E+00
 Relative number of events:
  0.4965E+00  0.0000E+00
  0.5035E+00  0.0000E+00
 Events:
       15888           0
       16112           0
 Found         3309  events.
 Wrote         3304  events.
 Actual xsec    14681865.211352788     
 Correct abs xsec    14681865.211352788     
 Event xsec    14681865.211353932     
 Events wgts > 1:           11
 % Cross section > 1:    87638.323626518453       0.59691546247642346     
 Checking number of events   4601.2965572379635             3304  chi2:   0.37460142516934886     
 Found         3309  events.
 Wrote         3304  events.
 Actual xsec    14681865.211352788     
 Correct abs xsec    14681865.211352788     
 Event xsec    14681865.211353932     
 Events wgts > 1:           11
 % Cross section > 1:    87638.323626518453       0.59691546247642346     
Warning xbin not returning correct x   1  0.988070E+00  0.999998E+00  0.2114E-03
Warning xbin not returning correct x   1  0.967394E+00  0.999993E+00  0.2114E-03
Warning xbin not returning correct x   1  0.973353E+00  0.999995E+00  0.2114E-03
Warning xbin not returning correct x   1  0.975126E+00  0.999995E+00  0.2114E-03
Warning xbin not returning correct x   1  0.970011E+00  0.999994E+00  0.2114E-03
Warning xbin still not working well. Last message this iteration.
 Iteration  6   Mean: 0.1467E+08 Abs mean: 0.1467E+08   Fluctuation:  0.291E+05   0.173E+09    93.6%
  6    0.1467E+08 0.1467E+08 +- 0.2913E+05      0.50
 Relative summed weights:
  0.4975E+00  0.0000E+00
  0.5025E+00  0.0000E+00
 Relative number of events:
  0.4975E+00  0.0000E+00
  0.5025E+00  0.0000E+00
 Events:
       31837           0
       32163           0
 Found         6763  events.
 Wrote         6758  events.
 Actual xsec    14669861.369997760     
 Correct abs xsec    14669861.369997760     
 Event xsec    14669861.369998718     
 Events wgts > 1:           75
 % Cross section > 1:    25579.348131642142       0.17436666568611464     
 Checking number of events   4597.5345533572981             6758  chi2:   6.62924948410730241E-002

 -------------------------------------------------------------------------------
 Accumulated results:   Integral =  0.1467E+08
                        Std dev  =  0.1889E+05
                       Cross sec =  0.3279E+00
             Chi**2 per DoF.     =
-------------------------------------------------
---------------------------
 Results Last   3 iters: Integral =   0.1467E+08
                     Abs integral =   0.1467E+08
                          Std dev =   0.2000E+05
                  Chi**2 per DoF. =      0.0663
-------------------------------------------------
---------------------------
 Status -3.13399999999999974E-004           7           9
 We found enough events        6758   4597.5345533572981     
>>>>>>> 911b5ec345c81b054214c521136984e9d6306827

ls status:
events.lhe
ftn25
ftn26
input_sg.txt
moffset.dat
results.dat
run_01_ftn26.gz
run_01_log.txt
run_01_results.dat
run_02_ftn26.gz
run_02_log.txt
run_02_results.dat
run_03_ftn26.gz
run_03_log.txt
run_03_results.dat
run_04_ftn26.gz
run_04_log.txt
run_04_results.dat
<<<<<<< HEAD
run_05_ftn26.gz
run_05_log.txt
run_05_results.dat
run_06_ftn26.gz
run_06_log.txt
run_06_results.dat
run_08_ftn26.gz
run_08_log.txt
run_08_results.dat
run_09_ftn26.gz
run_09_log.txt
run_09_results.dat
run_10_ftn26.gz
run_10_log.txt
run_10_results.dat
=======
>>>>>>> 911b5ec345c81b054214c521136984e9d6306827
run1_app.log
