 Process in group number            0
 No PDF is used, alpha_s(MZ) from param_card is used
 Value of alpha_s from param_card:   0.11800000071525575     
 The default order of alpha_s running is fixed to            2
 *****************************************************
 *               MadGraph/MadEvent                   *
 *        --------------------------------           *
 *          http://madgraph.hep.uiuc.edu             *
 *          http://madgraph.phys.ucl.ac.be           *
 *          http://madgraph.roma2.infn.it            *
 *        --------------------------------           *
 *                                                   *
 *          PARAMETER AND COUPLING VALUES            *
 *                                                   *
 *****************************************************

  External Params
  ---------------------------------
  
 aEWM1 =    132.50700378417969     
 mdl_Gf =   1.16639000000000003E-005
 aS =   0.11800000071525575     
 mdl_ymb =    4.6999998092651367     
 mdl_ymt =    173.00000000000000     
 mdl_yme =   5.10999991092830896E-004
 mdl_ymm =   0.10565999895334244     
 mdl_ymtau =    1.7769999504089355     
 mdl_MZ =    91.188003540039063     
 mdl_MT =    173.00000000000000     
 mdl_MB =    4.6999998092651367     
 mdl_MH =    125.00000000000000     
 mdl_Me =   5.10999991092830896E-004
 mdl_MM =   0.10565999895334244     
 mdl_MTA =    1.7769999504089355     
 mdl_WZ =    2.4414041042327881     
 mdl_WW =    2.0476000308990479     
 mdl_WT =    1.4915000200271606     
 mdl_WH =   6.38233916833996773E-003
 mdl_WTau =   2.26999999999999982E-012
  Internal Params
  ---------------------------------
  
 mdl_conjg__CKM3x3 =    1.0000000000000000     
 mdl_CKM3x3 =    1.0000000000000000     
 mdl_conjg__CKM1x1 =    1.0000000000000000     
 mdl_complexi =  (  0.0000000000000000     ,  1.0000000000000000     )
 mdl_MZ__exp__2 =    8315.2519896181766     
 mdl_MZ__exp__4 =    69143415.650849044     
 mdl_sqrt__2 =    1.4142135623730951     
 mdl_MH__exp__2 =    15625.000000000000     
 mdl_aEW =   7.54677089845565054E-003
 mdl_MW =    80.419007276179556     
 mdl_sqrt__aEW =   8.68721526063194194E-002
 mdl_ee =   0.30795376284704501     
 mdl_MW__exp__2 =    6467.2167312862202     
 mdl_sw2 =   0.22224645274001076     
 mdl_cw =   0.88190336616887299     
 mdl_sqrt__sw2 =   0.47143022043565552     
 mdl_sw =   0.47143022043565552     
 mdl_g1 =   0.34919218438279087     
 mdl_gw =   0.65323296958447097     
 mdl_vev =    246.21845810181631     
 mdl_vev__exp__2 =    60623.529110035874     
 mdl_lam =   0.12886910601690271     
 mdl_yb =   2.69955531549349904E-002
 mdl_ye =   2.93504850670934038E-006
 mdl_ym =   6.06883028478528356E-004
 mdl_yt =   0.99366614581500645     
 mdl_ytau =   1.02066167158167895E-002
 mdl_muH =    88.388347648318444     
 mdl_I1x33 =  ( 2.69955531549349904E-002,  0.0000000000000000     )
 mdl_I2x33 =  ( 0.99366614581500645     ,  0.0000000000000000     )
 mdl_I3x33 =  ( 0.99366614581500645     ,  0.0000000000000000     )
 mdl_I4x33 =  ( 2.69955531549349904E-002,  0.0000000000000000     )
 mdl_ee__exp__2 =   9.48355200516540348E-002
 mdl_sw__exp__2 =   0.22224645274001076     
 mdl_cw__exp__2 =   0.77775354725998924     
  Internal Params evaluated point by point
  ----------------------------------------
  
 mdl_sqrt__aS =   0.34351128178744839     
 mdl_G__exp__2 =    1.4828317414825511     
  Couplings of sm-lepton_masses
  ---------------------------------
  
         GC_3 =  -0.00000E+00  -0.30795E+00

 Collider parameters:
 --------------------

<<<<<<< HEAD
 Running at e e   machine @   7.14879999999999960E-002  GeV
=======
 Running at e e   machine @   7.00000000000000067E-002  GeV
>>>>>>> 911b5ec345c81b054214c521136984e9d6306827
 PDF set = none   
 alpha_s(Mz)= 0.1180 running at 2 loops.
 alpha_s(Mz)= 0.1180 running at 2 loops.
 Renormalization scale fixed @    91.188000000000002     
 Factorization scales  fixed @    91.188000000000002        91.188000000000002     


 getting user params
Enter number of events and max and min iterations: 
 Number of events and iterations         2000           9           3
Enter desired fractional accuracy: 
<<<<<<< HEAD
 Desired fractional accuracy:  -3.19030000000000027E-005
=======
 Desired fractional accuracy:  -3.13399999999999974E-004
>>>>>>> 911b5ec345c81b054214c521136984e9d6306827
Enter 0 for fixed, 2 for adjustable grid: 
Suppress amplitude (0 no, 1 yes)? 
 Using suppressed amplitude.
Exact helicity sum (0 yes, n = number/event)? 
 Explicitly summing over helicities
Enter Configuration Number: 
Running Configuration Number:    1
 Not subdividing B.W.
 Attempting mappinvarients           1           4
 Completed mapping           4
 about to integrate            2        2000           9           3           2           1
 Using non-zero grid deformation.
  2 dimensions   2000 events  2 invarients  9 iterations  1 config(s),  (0.99)
 Using h-tuple random number sequence.
 Error opening grid
 Using Uniform Grid!
 Using uniform alpha   1.0000000000000000     
 Grid defined OK
 Set CM energy to          0.07
 Mapping Graph           1  to config           1
<<<<<<< HEAD
Setting grid   1    0.17611E-02   1
=======
Setting grid   1    0.38601E-01   1
>>>>>>> 911b5ec345c81b054214c521136984e9d6306827
 Masses: 0.511E-03 0.511E-03 0.000E+00 0.000E+00
   1   1   2
 Got moffset          12
Using random seed offsets     1 :      1
<<<<<<< HEAD
  with seed                  117
 Ranmar initialization seeds       24102       17298
=======
  with seed                   63
 Ranmar initialization seeds       18438       17242
>>>>>>> 911b5ec345c81b054214c521136984e9d6306827
  Particle       3       4
      Et >     0.0     0.0
       E >     0.0     0.0
     Eta <    -1.0    -1.0
   xqcut:      0.0     0.0
d R # 3  >    -0.0     0.0
s min # 3>     0.0     0.0
xqcutij # 3>     0.0     0.0
 alpha_s for scale    91.188000000000002       is   0.11800000071525575     
<<<<<<< HEAD
 Added good helicity            1  0.19185908068837326       in event            1
 Added good helicity            2  3.34659353036316442E-006  in event            1
 Added good helicity            3  3.34659353036316442E-006  in event            1
 Added good helicity            6   7.8080998864681712       in event            1
 Added good helicity            7  3.43391554127355620E-005  in event            1
 Added good helicity           10  3.43391554127355620E-005  in event            1
 Added good helicity           11   7.8080998864681712       in event            1
 Added good helicity           14  3.34659353036316442E-006  in event            1
 Added good helicity           15  3.34659353036316442E-006  in event            1
 Added good helicity           16  0.19185908068837326       in event            1
 Iteration  1   Mean: 0.1452E+09 Abs mean: 0.1452E+09   Fluctuation:  0.166E+07   0.179E+09    90.3%
  1    0.1452E+09 0.1452E+09 +- 0.1662E+07      0.51
 Writing out events   8934.6030093539066       0.51174141508894544     
 Relative summed weights:
  0.5057E+00  0.0000E+00
  0.4943E+00  0.0000E+00
 Relative number of events:
  0.5010E+00  0.0000E+00
  0.4990E+00  0.0000E+00
 Events:
        1002           0
         998           0
 Iteration  2   Mean: 0.1453E+09 Abs mean: 0.1453E+09   Fluctuation:  0.495E+06   0.217E+09    99.5%
  2    0.1453E+09 0.1453E+09 +- 0.4947E+06      0.22
 Relative summed weights:
  0.5024E+00  0.0000E+00
  0.4976E+00  0.0000E+00
 Relative number of events:
  0.5038E+00  0.0000E+00
  0.4963E+00  0.0000E+00
 Events:
        2015           0
        1985           0
 Iteration  3   Mean: 0.1448E+09 Abs mean: 0.1448E+09   Fluctuation:  0.258E+06   0.189E+09    99.7%
  3    0.1448E+09 0.1448E+09 +- 0.2583E+06      0.16
 Relative summed weights:
  0.5061E+00  0.0000E+00
  0.4939E+00  0.0000E+00
 Relative number of events:
  0.5051E+00  0.0000E+00
  0.4949E+00  0.0000E+00
 Events:
        4041           0
        3959           0
 Found          813  events.
 Wrote          808  events.
 Actual xsec    144937603.81214356     
 Correct abs xsec    144937603.81214356     
 Event xsec    144937603.81214422     
 Events wgts > 1:            0
 % Cross section > 1:    0.0000000000000000        0.0000000000000000     
 Checking number of events   4623.9443744188166              808  chi2:   0.43162495980172466     
 Found          813  events.
 Wrote          808  events.
 Actual xsec    144937603.81214356     
 Correct abs xsec    144937603.81214356     
 Event xsec    144937603.81214422     
 Events wgts > 1:            0
 % Cross section > 1:    0.0000000000000000        0.0000000000000000     
 Iteration  4   Mean: 0.1449E+09 Abs mean: 0.1449E+09   Fluctuation:  0.139E+06   0.176E+09    99.8%
  4    0.1449E+09 0.1449E+09 +- 0.1394E+06      0.12
 Relative summed weights:
  0.4994E+00  0.0000E+00
  0.5006E+00  0.0000E+00
 Relative number of events:
  0.4999E+00  0.0000E+00
  0.5001E+00  0.0000E+00
 Events:
        7998           0
        8002           0
 Found         1580  events.
 Wrote         1575  events.
 Actual xsec    144884209.76523909     
 Correct abs xsec    144884209.76523909     
 Event xsec    144884209.76524043     
 Events wgts > 1:            0
 % Cross section > 1:    0.0000000000000000        0.0000000000000000     
 Checking number of events   4622.2409441404234             1575  chi2:   0.44737952203836617     
 Found         1580  events.
 Wrote         1575  events.
 Actual xsec    144884209.76523909     
 Correct abs xsec    144884209.76523909     
 Event xsec    144884209.76524043     
 Events wgts > 1:            0
 % Cross section > 1:    0.0000000000000000        0.0000000000000000     
 Iteration  5   Mean: 0.1450E+09 Abs mean: 0.1450E+09   Fluctuation:  0.822E+05   0.179E+09    99.8%
  5    0.1450E+09 0.1450E+09 +- 0.8224E+05      0.10
 Relative summed weights:
  0.4980E+00  0.0000E+00
  0.5020E+00  0.0000E+00
 Relative number of events:
  0.4981E+00  0.0000E+00
  0.5019E+00  0.0000E+00
 Events:
       15938           0
       16062           0
 Found         3211  events.
 Wrote         3206  events.
 Actual xsec    144938259.57826272     
 Correct abs xsec    144938259.57826272     
 Event xsec    144938259.57825857     
 Events wgts > 1:            0
 % Cross section > 1:    0.0000000000000000        0.0000000000000000     
 Checking number of events   4623.9652953253162             3206  chi2:   0.33311320506038911     
 Found         3211  events.
 Wrote         3206  events.
 Actual xsec    144938259.57826272     
 Correct abs xsec    144938259.57826272     
 Event xsec    144938259.57825857     
 Events wgts > 1:            0
 % Cross section > 1:    0.0000000000000000        0.0000000000000000     
 Iteration  6   Mean: 0.1450E+09 Abs mean: 0.1450E+09   Fluctuation:  0.559E+05   0.206E+09    99.8%
  6    0.1450E+09 0.1450E+09 +- 0.5592E+05      0.10
 Relative summed weights:
  0.4994E+00  0.0000E+00
  0.5006E+00  0.0000E+00
 Relative number of events:
  0.4994E+00  0.0000E+00
  0.5006E+00  0.0000E+00
 Events:
       31963           0
       32037           0
 Found         6370  events.
 Wrote         6365  events.
 Actual xsec    144967116.18481460     
 Correct abs xsec    144967116.18481460     
 Event xsec    144967116.18481994     
 Events wgts > 1:            0
 % Cross section > 1:    0.0000000000000000        0.0000000000000000     
 Checking number of events   4624.8859076441404             6365  chi2:   0.29108850347678061     

 -------------------------------------------------------------------------------
 Accumulated results:   Integral =  0.1450E+09
                        Std dev  =  0.4309E+05
                       Cross sec =  0.2928E+00
             Chi**2 per DoF.     =
-------------------------------------------------
---------------------------
 Results Last   3 iters: Integral =   0.1450E+09
                     Abs integral =   0.1450E+09
                          Std dev =   0.4389E+05
                  Chi**2 per DoF. =      0.2911
-------------------------------------------------
---------------------------
 Status -3.19030000000000027E-005           7           9
 We found enough events        6365   4624.8859076441404     
=======
 Added good helicity            1  1.09707504122599827E-002  in event            1
 Added good helicity            2  7.89064126154182660E-005  in event            1
 Added good helicity            3  7.89064126154182525E-005  in event            1
 Added good helicity            6  1.71894999500930151E-002  in event            1
 Added good helicity            7   7.9716819367812555       in event            1
 Added good helicity           10   7.9716819367812555       in event            1
 Added good helicity           11  1.71894999500930151E-002  in event            1
 Added good helicity           14  7.89064126154182525E-005  in event            1
 Added good helicity           15  7.89064126154182660E-005  in event            1
 Added good helicity           16  1.09707504122599827E-002  in event            1
 Iteration  1   Mean: 0.1506E+08 Abs mean: 0.1506E+08   Fluctuation:  0.340E+06   0.163E+08    16.4%
  1    0.1506E+08 0.1506E+08 +- 0.3403E+06      1.01
 Writing out events   5110.4794771272664        1.0107086668689138     
 Relative summed weights:
  0.4993E+00  0.0000E+00
  0.5007E+00  0.0000E+00
 Relative number of events:
  0.4955E+00  0.0000E+00
  0.5045E+00  0.0000E+00
 Events:
         991           0
        1009           0
Warning xbin not returning correct x   1  0.968412E+00  0.999845E+00  0.5094E-02
 Iteration  2   Mean: 0.1450E+08 Abs mean: 0.1450E+08   Fluctuation:  0.155E+06   0.260E+09    79.3%
  2    0.1450E+08 0.1450E+08 +- 0.1555E+06      0.68
 Relative summed weights:
  0.5043E+00  0.0000E+00
  0.4957E+00  0.0000E+00
 Relative number of events:
  0.5020E+00  0.0000E+00
  0.4980E+00  0.0000E+00
 Events:
        2008           0
        1992           0
Warning xbin not returning correct x   1  0.984484E+00  0.999994E+00  0.4037E-03
Warning xbin not returning correct x   1  0.985589E+00  0.999994E+00  0.4037E-03
 Iteration  3   Mean: 0.1465E+08 Abs mean: 0.1465E+08   Fluctuation:  0.649E+05   0.205E+08    92.5%
  3    0.1465E+08 0.1465E+08 +- 0.6494E+05      0.40
 Relative summed weights:
  0.4979E+00  0.0000E+00
  0.5021E+00  0.0000E+00
 Relative number of events:
  0.4980E+00  0.0000E+00
  0.5020E+00  0.0000E+00
 Events:
        3984           0
        4016           0
 Found          873  events.
 Wrote          868  events.
 Actual xsec    14646573.565479280     
 Correct abs xsec    14646573.565479280     
 Event xsec    14646573.565479429     
 Events wgts > 1:            0
 % Cross section > 1:    0.0000000000000000        0.0000000000000000     
 Checking number of events   4590.2361554212057              868  chi2:    1.1575111430061289     
 Found          873  events.
 Wrote          868  events.
 Actual xsec    14646573.565479280     
 Correct abs xsec    14646573.565479280     
 Event xsec    14646573.565479429     
 Events wgts > 1:            0
 % Cross section > 1:    0.0000000000000000        0.0000000000000000     
Warning xbin not returning correct x   1  0.978432E+00  0.999996E+00  0.2130E-03
Warning xbin not returning correct x   1  0.962826E+00  0.999992E+00  0.2130E-03
Warning xbin not returning correct x   1  0.966520E+00  0.999993E+00  0.2130E-03
Warning xbin not returning correct x   1  0.969205E+00  0.999994E+00  0.2130E-03
Warning xbin not returning correct x   1  0.989167E+00  0.999998E+00  0.2130E-03
 Iteration  4   Mean: 0.1470E+08 Abs mean: 0.1470E+08   Fluctuation:  0.336E+05   0.221E+08    96.2%
  4    0.1470E+08 0.1470E+08 +- 0.3356E+05      0.29
 Relative summed weights:
  0.4987E+00  0.0000E+00
  0.5013E+00  0.0000E+00
 Relative number of events:
  0.4985E+00  0.0000E+00
  0.5015E+00  0.0000E+00
 Events:
        7976           0
        8024           0
 Found         1668  events.
 Wrote         1663  events.
 Actual xsec    14685461.754036713     
 Correct abs xsec    14685461.754036713     
 Event xsec    14685461.754036359     
 Events wgts > 1:            0
 % Cross section > 1:    0.0000000000000000        0.0000000000000000     
 Checking number of events   4602.4237137151058             1663  chi2:   0.90217834464692692     
 Found         1668  events.
 Wrote         1663  events.
 Actual xsec    14685461.754036713     
 Correct abs xsec    14685461.754036713     
 Event xsec    14685461.754036359     
 Events wgts > 1:            0
 % Cross section > 1:    0.0000000000000000        0.0000000000000000     
Warning xbin not returning correct x   1  0.992791E+00  0.999999E+00  0.1938E-03
Warning xbin not returning correct x   1  0.984504E+00  0.999997E+00  0.1938E-03
Warning xbin not returning correct x   1  0.969317E+00  0.999994E+00  0.1938E-03
Warning xbin not returning correct x   1  0.969725E+00  0.999994E+00  0.1938E-03
Warning xbin not returning correct x   1  0.996037E+00  0.999999E+00  0.1938E-03
Warning xbin still not working well. Last message this iteration.
 Iteration  5   Mean: 0.1468E+08 Abs mean: 0.1468E+08   Fluctuation:  0.560E+05   0.428E+09    95.5%
  5    0.1468E+08 0.1468E+08 +- 0.5603E+05      0.68
 Relative summed weights:
  0.4984E+00  0.0000E+00
  0.5016E+00  0.0000E+00
 Relative number of events:
  0.5000E+00  0.0000E+00
  0.5000E+00  0.0000E+00
 Events:
       15999           0
       16001           0
 Found         3314  events.
 Wrote         3310  events.
 Actual xsec    14688303.736863861     
 Correct abs xsec    14688303.736863861     
 Event xsec    14688303.736864487     
 Events wgts > 1:           15
 % Cross section > 1:    133619.26757871531       0.90969842381022969     
 Checking number of events   4603.3143911331335             3310  chi2:   0.23882406686037180     
 Found         3314  events.
 Wrote         3310  events.
 Actual xsec    14688303.736863861     
 Correct abs xsec    14688303.736863861     
 Event xsec    14688303.736864487     
 Events wgts > 1:           15
 % Cross section > 1:    133619.26757871531       0.90969842381022969     
Warning xbin not returning correct x   1  0.983555E+00  0.999997E+00  0.2105E-03
Warning xbin not returning correct x   1  0.993598E+00  0.999999E+00  0.2105E-03
Warning xbin not returning correct x   1  0.964006E+00  0.999993E+00  0.2105E-03
Warning xbin not returning correct x   1  0.972242E+00  0.999994E+00  0.2105E-03
Warning xbin not returning correct x   1  0.982088E+00  0.999996E+00  0.2105E-03
Warning xbin still not working well. Last message this iteration.
 Iteration  6   Mean: 0.1463E+08 Abs mean: 0.1463E+08   Fluctuation:  0.289E+05   0.199E+09    93.5%
  6    0.1463E+08 0.1463E+08 +- 0.2887E+05      0.50
 Relative summed weights:
  0.4988E+00  0.0000E+00
  0.5012E+00  0.0000E+00
 Relative number of events:
  0.4992E+00  0.0000E+00
  0.5008E+00  0.0000E+00
 Events:
       31946           0
       32054           0
 Found         6774  events.
 Wrote         6770  events.
 Actual xsec    14662177.793695878     
 Correct abs xsec    14662177.793695878     
 Event xsec    14662177.793693647     
 Events wgts > 1:           54
 % Cross section > 1:    37168.228297835514       0.25349732366375993     
 Checking number of events   4595.1265205442878             6770  chi2:    1.3815015990041803     

 -------------------------------------------------------------------------------
 Accumulated results:   Integral =  0.1466E+08
                        Std dev  =  0.1927E+05
                       Cross sec =  0.1041E+01
             Chi**2 per DoF.     =
-------------------------------------------------
---------------------------
 Results Last   3 iters: Integral =   0.1466E+08
                     Abs integral =   0.1466E+08
                          Std dev =   0.2039E+05
                  Chi**2 per DoF. =      1.3815
-------------------------------------------------
---------------------------
 Status -3.13399999999999974E-004           7           9
 We found enough events        6770   4595.1265205442878     
>>>>>>> 911b5ec345c81b054214c521136984e9d6306827

ls status:
events.lhe
ftn25
ftn26
input_sg.txt
moffset.dat
results.dat
run_01_ftn26.gz
run_01_log.txt
run_01_results.dat
run_02_ftn26.gz
run_02_log.txt
run_02_results.dat
run_03_ftn26.gz
run_03_log.txt
run_03_results.dat
run_04_ftn26.gz
run_04_log.txt
run_04_results.dat
<<<<<<< HEAD
run_05_ftn26.gz
run_05_log.txt
run_05_results.dat
run_06_ftn26.gz
run_06_log.txt
run_06_results.dat
run_07_ftn26.gz
run_07_log.txt
run_07_results.dat
run_08_ftn26.gz
run_08_log.txt
run_08_results.dat
run_09_ftn26.gz
run_09_log.txt
run_09_results.dat
run_10_ftn26.gz
run_10_log.txt
run_10_results.dat
=======
>>>>>>> 911b5ec345c81b054214c521136984e9d6306827
run1_app.log
