 Process in group number            1
 No PDF is used, alpha_s(MZ) from param_card is used
 Value of alpha_s from param_card:   0.11800000071525575     
 The default order of alpha_s running is fixed to            2
 *****************************************************
 *               MadGraph/MadEvent                   *
 *        --------------------------------           *
 *          http://madgraph.hep.uiuc.edu             *
 *          http://madgraph.phys.ucl.ac.be           *
 *          http://madgraph.roma2.infn.it            *
 *        --------------------------------           *
 *                                                   *
 *          PARAMETER AND COUPLING VALUES            *
 *                                                   *
 *****************************************************

  External Params
  ---------------------------------
  
 mdl_MB =    4.6999998092651367     
 mdl_MT =    173.00000000000000     
 mdl_Me =   5.10999991092830896E-004
 mdl_MM =   0.10565999895334244     
 mdl_MTA =    1.7769999504089355     
 mdl_MZ =    91.188003540039063     
 mdl_MH =    125.00000000000000     
 aEWM1 =    132.50700378417969     
 mdl_Gf =   1.16639000000000003E-005
 aS =   0.11800000071525575     
 mdl_ymb =    4.6999998092651367     
 mdl_ymt =    173.00000000000000     
 mdl_yme =   5.10999991092830896E-004
 mdl_ymm =   0.10565999895334244     
 mdl_ymtau =    1.7769999504089355     
 mdl_WT =    1.4915000200271606     
 mdl_WTau =   2.26999999999999982E-012
 mdl_WZ =    2.4414041042327881     
 mdl_WW =    2.0476000308990479     
 mdl_WH =   6.38233916833996773E-003
  Internal Params
  ---------------------------------
  
 mdl_conjg__CKM3x3 =    1.0000000000000000     
 mdl_CKM3x3 =    1.0000000000000000     
 mdl_conjg__CKM1x1 =    1.0000000000000000     
 mdl_complexi =  (  0.0000000000000000     ,  1.0000000000000000     )
 mdl_MZ__exp__2 =    8315.2519896181766     
 mdl_MZ__exp__4 =    69143415.650849044     
 mdl_sqrt__2 =    1.4142135623730951     
 mdl_MH__exp__2 =    15625.000000000000     
 mdl_aEW =   7.54677089845565054E-003
 mdl_MW =    80.419007276179556     
 mdl_sqrt__aEW =   8.68721526063194194E-002
 mdl_ee =   0.30795376284704501     
 mdl_MW__exp__2 =    6467.2167312862202     
 mdl_sw2 =   0.22224645274001076     
 mdl_cw =   0.88190336616887299     
 mdl_sqrt__sw2 =   0.47143022043565552     
 mdl_sw =   0.47143022043565552     
 mdl_g1 =   0.34919218438279087     
 mdl_gw =   0.65323296958447097     
 mdl_vev =    246.21845810181631     
 mdl_vev__exp__2 =    60623.529110035874     
 mdl_lam =   0.12886910601690271     
 mdl_yb =   2.69955531549349904E-002
 mdl_ye =   2.93504850670934038E-006
 mdl_ym =   6.06883028478528356E-004
 mdl_yt =   0.99366614581500645     
 mdl_ytau =   1.02066167158167895E-002
 mdl_muH =    88.388347648318444     
 mdl_I1x33 =  ( 2.69955531549349904E-002,  0.0000000000000000     )
 mdl_I2x33 =  ( 0.99366614581500645     ,  0.0000000000000000     )
 mdl_I3x33 =  ( 0.99366614581500645     ,  0.0000000000000000     )
 mdl_I4x33 =  ( 2.69955531549349904E-002,  0.0000000000000000     )
 mdl_ee__exp__2 =   9.48355200516540348E-002
 mdl_sw__exp__2 =   0.22224645274001076     
 mdl_cw__exp__2 =   0.77775354725998924     
  Internal Params evaluated point by point
  ----------------------------------------
  
 mdl_sqrt__aS =   0.34351128178744839     
 mdl_G__exp__2 =    1.4828317414825511     
  Couplings of sm-lepton_masses
  ---------------------------------
  
         GC_3 =  -0.00000E+00  -0.30795E+00
        GC_50 =  -0.00000E+00  -0.28804E+00
        GC_59 =   0.00000E+00   0.82310E-01
        GC_89 =  -0.00000E+00  -0.20754E-05

 Collider parameters:
 --------------------

 Running at e e   machine @    10.000000000000000       GeV
 PDF set = none   
 alpha_s(Mz)= 0.1180 running at 2 loops.
 alpha_s(Mz)= 0.1180 running at 2 loops.
 Renormalization scale set on event-by-event basis
 Factorization   scale set on event-by-event basis


 getting user params
Enter number of events and max and min iterations: 
 Number of events and iterations         1000           5           3
Enter desired fractional accuracy: 
 Desired fractional accuracy:   0.10000000000000001     
Enter 0 for fixed, 2 for adjustable grid: 
Suppress amplitude (0 no, 1 yes)? 
 Using suppressed amplitude.
Exact helicity sum (0 yes, n = number/event)? 
 Explicitly summing over helicities
Enter Configuration Number: 
Running Configuration Number:    2
 Using dconfig=           2
 BW Setting            2           0           0
 Attempting mappinvarients           1           5
 Completed mapping           5
 about to integrate            5        1000           5           3           5           1
 Using non-zero grid deformation.
  5 dimensions   1000 events  5 invarients  5 iterations  1 config(s),  (0.99)
 Using h-tuple random number sequence.
 Error opening grid
 Using Uniform Grid!
 Using uniform alpha   1.0000000000000000     
 Grid defined OK
 Set CM energy to         10.00
 Mapping Graph           2  to config           2
Setting grid   1    0.26112E-08   1
Setting grid   2    0.10445E-07   1
 Masses: 0.511E-03 0.511E-03 0.000E+00 0.511E-03 0.511E-03
   2   1   2   3   4   5
Using random seed offsets     2 :      1
  with seed                   45
 Ranmar initialization seeds       26578        9420
  Particle       3       4       5
      Et >     0.0     0.0     0.0
       E >     0.0     0.0     0.0
     Eta <     5.0     5.0     5.0
   xqcut:      0.0     0.0     0.0
d R # 3  >    -0.0     0.4     0.4
d R # 4  >    -0.0    -0.0     0.0
s min # 3>     0.0     0.0     0.0
s min # 4>     0.0     0.0     0.0
xqcutij # 3>     0.0     0.0     0.0
xqcutij # 4>     0.0     0.0     0.0
 Excluding BW           -2           1
 alpha_s for scale    2.0396400574237048       is   0.29544711202150120     
 Added good helicity            1   9.4892409079483340       in event            1
 Added good helicity            5   1.9860383688251830       in event            1
 Added good helicity           10   3.3896703137845785       in event            1
 Added good helicity           11  1.89079233159711591E-002  in event            1
 Added good helicity           14   1.1091855172058906       in event            1
 Added good helicity           15  4.51813289280131748E-003  in event            1
 Added good helicity           18  4.51876219834074395E-003  in event            1
 Added good helicity           19   1.1103748974498127       in event            1
 Added good helicity           22  1.89052901039576220E-002  in event            1
 Added good helicity           23   3.3933220376054778       in event            1
 Added good helicity           28   1.9860281844893828       in event            1
 Added good helicity           32   9.4892895687199363       in event            1
 Added good helicity            2  1.80655724622151444E-005  in event            5
 Added good helicity           12  9.55019177393867532E-006  in event            5
 Added good helicity           21  9.54971028286015438E-006  in event            5
 Added good helicity           31  1.80646304991401497E-005  in event            5
 Added good helicity            3  2.06836917976444858E-006  in event            7
 Added good helicity           30  2.06816487693381149E-006  in event            7
 Added good helicity           13  1.02128158800971821E-006  in event           58
 Added good helicity           20  1.03831819334527763E-006  in event           58
 Iteration  1   Mean: 0.2615E-23 Abs mean: 0.2615E-23   Fluctuation:  0.718E-24   0.507E-21    29.2%
  1    0.2615E-23 0.2615E-23 +- 0.7178E-24      8.68
 Writing out events  1.79042011834420788E-027   8.6820905018309027     
 Relative summed weights:
  0.6762E+00  0.0000E+00
  0.3238E+00  0.0000E+00
 Relative number of events:
  0.5070E+00  0.0000E+00
  0.4930E+00  0.0000E+00
 Events:
         507           0
         493           0
 Iteration  2   Mean: 0.1881E-23 Abs mean: 0.1881E-23   Fluctuation:  0.196E-24   0.251E-21    46.8%
  2    0.1881E-23 0.1881E-23 +- 0.1962E-24      4.67
 Relative summed weights:
  0.5015E+00  0.0000E+00
  0.4985E+00  0.0000E+00
 Relative number of events:
  0.5020E+00  0.0000E+00
  0.4980E+00  0.0000E+00
 Events:
        1004           0
         996           0
 Iteration  3   Mean: 0.2821E-23 Abs mean: 0.2821E-23   Fluctuation:  0.393E-24   0.142E-20    44.0%
  3    0.2821E-23 0.2821E-23 +- 0.3927E-24      8.80
 Relative summed weights:
  0.4874E+00  0.0000E+00
  0.5126E+00  0.0000E+00
 Relative number of events:
  0.5012E+00  0.0000E+00
  0.4988E+00  0.0000E+00
 Events:
        2005           0
        1995           0
 Accuracy:    0.140   0.100   0.080   3.066
 Found          668  events.
 Wrote           11  events.
 Actual xsec   2.25259488318098918E-024
 Correct abs xsec   2.25259488318098918E-024
 Event xsec   2.25259488318098918E-024
 Events wgts > 1:            0
 % Cross section > 1:    0.0000000000000000        0.0000000000000000     
 Iteration  4   Mean: 0.3575E-23 Abs mean: 0.3575E-23   Fluctuation:  0.867E-24   0.685E-20    33.9%
  4    0.3575E-23 0.3575E-23 +- 0.8670E-24     21.69
 Relative summed weights:
  0.3979E+00  0.0000E+00
  0.6021E+00  0.0000E+00
 Relative number of events:
  0.5039E+00  0.0000E+00
  0.4961E+00  0.0000E+00
 Events:
        4031           0
        3969           0
 Accuracy:    0.140   0.100   0.076   3.404
 Found         1262  events.
 Wrote            3  events.
 Actual xsec   2.36281407737522574E-024
 Correct abs xsec   2.36281407737522574E-024
 Event xsec   2.36281407737522574E-024
 Events wgts > 1:            0
 % Cross section > 1:    0.0000000000000000        0.0000000000000000     
 Iteration  5   Mean: 0.2790E-23 Abs mean: 0.2790E-23   Fluctuation:  0.928E-25   0.423E-21    25.6%
  5    0.2790E-23 0.2790E-23 +- 0.9281E-25      4.21
 Relative summed weights:
  0.5064E+00  0.0000E+00
  0.4936E+00  0.0000E+00
 Relative number of events:
  0.5039E+00  0.0000E+00
  0.4961E+00  0.0000E+00
 Events:
        8063           0
        7937           0
 Accuracy:    0.051   0.100   0.030   2.768
 Finished due to accuracy   5.06958059593686089E-002  0.10000000000000001     

 -------------------------------------------------------------------------------
 Accumulated results:   Integral =  0.2724E-23
                        Std dev  =  0.8300E-25
                       Cross sec =  0.2724E-23
             Chi**2 per DoF.     =      2.7682
 -------------------------------------------------------------------------------
 Found         2886  events.
 Wrote          146  events.
 Actual xsec   2.80500268517124801E-024
 Correct abs xsec   2.80500268517124801E-024
 Event xsec   2.80500268517124433E-024
 Events wgts > 1:            5
 % Cross section > 1:   2.06323689393956900E-026  0.73555612080050792     
-------------------------------------------------
---------------------------
 Results Last   3 iters: Integral =   0.2805E-23
                     Abs integral =   0.2805E-23
                          Std dev =   0.8997E-25
                  Chi**2 per DoF. =      0.4092
-------------------------------------------------
---------------------------
 Status  0.10000000000000001                6           5

ls status:
events.lhe
input_app.txt
log.txt
multijob.dat
results.dat
run_01_log.txt
run_01_results.dat
run1_app.log
