

          ********************************************************
                  STDHEP version 5.04.01 -  Aug. 29, 2005          
          ********************************************************



 STDXROPEN: successfully opened input stream     1
          title:                                                  PYTHIA file
          date:                                     Thu Jun 26 11:18:59 2014

                                                                                
                          1002 events
                             8 blocks per event

 Using GETJET for jet finding (ijetalg=1)

 Reading pythia input card
 Generating up to         1002  events

 Event number:            1



                            Event listing (standard)

    I  particle/jet  K(I,1)   K(I,2) K(I,3)     K(I,4)      K(I,5)       P(I,1)       P(I,2)       P(I,3)       P(I,4)       P(I,5)

    1  !e+!              21       -11    0           0           0      0.00000      0.00000   6500.00000   6500.00000      0.00051
    2  !e-!              21        11    0           0           0      0.00000      0.00000  -6500.00000   6500.00000      0.00051
    3  !e+!              21       -11    1           0           0     -0.00000      0.00000   6500.00000   6500.00000      0.00000
    4  !e-!              21        11    2           0           0     -0.00000      0.00000  -6500.00000   6500.00000      0.00000
    5  !e+!              21       -11    3           0           0      0.00000      0.00000   6500.00000   6500.00000      0.00000
    6  !e-!              21        11    4           0           0      0.00000      0.00000  -6500.00000   6500.00000      0.00000
    7  !gamma!           21        22    5           0           0    506.95423  -2190.16711   6098.86591   6500.00000      0.00000
    8  !gamma!           21        22    5           0           0   -506.95423   2190.16711  -6098.86591   6500.00000      0.00000
    9  gamma              1        22    7           0           0    506.95423  -2190.16711   6098.86591   6500.00000      0.00000
   10  gamma              1        22    8           0           0   -506.95423   2190.16711  -6098.86591   6500.00000      0.00000
   11  gamma              1        22    1           0           0      0.00000     -0.00000      0.00000      0.00000      0.00000
   12  gamma              1        22    2           0           0      0.00000     -0.00000     -0.00000      0.00000      0.00000
                   sum charge:  0.00   sum momentum and inv. mass:      0.00000      0.00000      0.00000  13000.00000  13000.00000

 Jet momenta (ktclus):
 Jet Pts:
 Jet momenta (getjet):
   567.55072924787726       -2118.1235104076818        6118.9410001918050        6499.9999999569109     
  -567.54999550824107        2118.1237070129187       -6118.9410001918041        6499.9999999569100     
 Jet Pts:   2192.8431397643467        2192.8431397643458     

 Event number:            2



                            Event listing (standard)

    I  particle/jet  K(I,1)   K(I,2) K(I,3)     K(I,4)      K(I,5)       P(I,1)       P(I,2)       P(I,3)       P(I,4)       P(I,5)

    1  !e+!              21       -11    0           0           0      0.00000      0.00000   6500.00000   6500.00000      0.00051
    2  !e-!              21        11    0           0           0      0.00000      0.00000  -6500.00000   6500.00000      0.00051
    3  !e+!              21       -11    1           0           0      0.00000     -0.00000   6500.00000   6500.00000      0.00000
    4  !e-!              21        11    2           0           0     -0.00000     -0.00000  -6500.00000   6500.00000      0.00000
    5  !e+!              21       -11    3           0           0      0.00000      0.00000   6500.00000   6500.00000      0.00000
    6  !e-!              21        11    4           0           0      0.00000      0.00000  -6500.00000   6500.00000      0.00000
    7  !gamma!           21        22    5           0           0   -958.41201  -1908.27611   6139.21239   6500.00000      0.00000
    8  !gamma!           21        22    5           0           0    958.41201   1908.27611  -6139.21239   6500.00000      0.00000
    9  gamma              1        22    7           0           0   -958.41201  -1908.27611   6139.21239   6500.00000      0.00000
   10  gamma              1        22    8           0           0    958.41201   1908.27611  -6139.21239   6500.00000      0.00000
   11  gamma              1        22    1           0           0     -0.00000      0.00000      0.00000      0.00000      0.00000
   12  gamma              1        22    2           0           0      0.00000      0.00000     -0.00000      0.00000      0.00000
                   sum charge:  0.00   sum momentum and inv. mass:      0.00000      0.00000      0.00000  13000.00000  13000.00000

 Jet momenta (ktclus):
 Jet Pts:
 Jet momenta (getjet):
  -995.52903915580373       -1953.8380096214833        6118.9410002125205        6499.9999999789161     
   995.52971598517183        1953.8376647599450       -6118.9410002125205        6499.9999999789161     
 Jet Pts:   2192.8431397717704        2192.8431397717695     

 Event number:            3



                            Event listing (standard)

    I  particle/jet  K(I,1)   K(I,2) K(I,3)     K(I,4)      K(I,5)       P(I,1)       P(I,2)       P(I,3)       P(I,4)       P(I,5)

    1  !e+!              21       -11    0           0           0      0.00000      0.00000   6500.00000   6500.00000      0.00051
    2  !e-!              21        11    0           0           0      0.00000      0.00000  -6500.00000   6500.00000      0.00051
    3  !e+!              21       -11    1           0           0      0.00000      0.00000   6500.00000   6500.00000      0.00000
    4  !e-!              21        11    2           0           0     -0.00000     -0.00000  -6500.00000   6500.00000      0.00000
    5  !e+!              21       -11    3           0           0      0.00000      0.00000   6500.00000   6500.00000      0.00000
    6  !e-!              21        11    4           0           0      0.00000      0.00000  -6500.00000   6500.00000      0.00000
    7  !gamma!           21        22    5           0           0   4627.79646  -3756.63992  -2592.51931   6500.00000      0.00000
    8  !gamma!           21        22    5           0           0  -4627.79646   3756.63992   2592.51931   6500.00000      0.00000
    9  gamma              1        22    7           0           0   4627.79646  -3756.63992  -2592.51931   6500.00000      0.00000
   10  gamma              1        22    8           0           0  -4627.79646   3756.63992   2592.51931   6500.00000      0.00000
   11  gamma              1        22    1           0           0     -0.00000     -0.00000      0.00000      0.00000      0.00000
   12  gamma              1        22    2           0           0      0.00000      0.00000     -0.00000      0.00000      0.00000
                   sum charge:  0.00   sum momentum and inv. mass:      0.00000      0.00000      0.00000  13000.00000  13000.00000

 Jet momenta (ktclus):
 Jet Pts:
 Jet momenta (getjet):
   4579.8621037119210       -3708.6945212457463       -2742.3435341286954        6500.0000000086357     
  -4579.8608189820125        3708.6961077564993        2742.3435341286963        6500.0000000086357     
 Jet Pts:   5893.1784243254333        5893.1784243254333     

 Event number:            4



                            Event listing (standard)

    I  particle/jet  K(I,1)   K(I,2) K(I,3)     K(I,4)      K(I,5)       P(I,1)       P(I,2)       P(I,3)       P(I,4)       P(I,5)

    1  !e+!              21       -11    0           0           0      0.00000      0.00000   6500.00000   6500.00000      0.00051
    2  !e-!              21        11    0           0           0      0.00000      0.00000  -6500.00000   6500.00000      0.00051
    3  !e+!              21       -11    1           0           0      0.00000      0.00000   6500.00000   6500.00000      0.00000
    4  !e-!              21        11    2           0           0      0.00000     -0.00000  -6500.00000   6500.00000      0.00000
    5  !e+!              21       -11    3           0           0      0.00000      0.00000   6500.00000   6500.00000      0.00000
    6  !e-!              21        11    4           0           0      0.00000      0.00000  -6500.00000   6500.00000      0.00000
    7  !gamma!           21        22    5           0           0  -1846.80024    528.47521  -6209.67333   6500.00000      0.00000
    8  !gamma!           21        22    5           0           0   1846.80024   -528.47521   6209.67333   6500.00000      0.00000
    9  gamma              1        22    7           0           0  -1846.80024    528.47521  -6209.67333   6500.00000      0.00000
   10  gamma              1        22    8           0           0   1846.80024   -528.47521   6209.67333   6500.00000      0.00000
   11  gamma              1        22    1           0           0     -0.00000     -0.00000      0.00000      0.00000      0.00000
   12  gamma              1        22    2           0           0     -0.00000      0.00000     -0.00000      0.00000      0.00000
                   sum charge:  0.00   sum momentum and inv. mass:      0.00000      0.00000      0.00000  13000.00000  13000.00000

 Jet momenta (ktclus):
 Jet Pts:
 Jet momenta (getjet):
  -1926.7957008053629        516.28269624259599       -6186.3487215361265        6499.9999999640941     
   1926.7958796508401       -516.28202878086836        6186.3487215361274        6499.9999999640941     
 Jet Pts:   1994.7655238352086        1994.7655238352061     

 Event number:            5



                            Event listing (standard)

    I  particle/jet  K(I,1)   K(I,2) K(I,3)     K(I,4)      K(I,5)       P(I,1)       P(I,2)       P(I,3)       P(I,4)       P(I,5)

    1  !e+!              21       -11    0           0           0      0.00000      0.00000   6500.00000   6500.00000      0.00051
    2  !e-!              21        11    0           0           0      0.00000      0.00000  -6500.00000   6500.00000      0.00051
    3  !e+!              21       -11    1           0           0     -0.00000     -0.00000   6500.00000   6500.00000      0.00000
    4  !e-!              21        11    2           0           0     -0.00000      0.00000  -6500.00000   6500.00000      0.00000
    5  !e+!              21       -11    3           0           0      0.00000      0.00000   6500.00000   6500.00000      0.00000
    6  !e-!              21        11    4           0           0      0.00000      0.00000  -6500.00000   6500.00000      0.00000
    7  !gamma!           21        22    5           0           0   -243.24356  -3792.87617  -5273.03735   6500.00000      0.00000
    8  !gamma!           21        22    5           0           0    243.24356   3792.87617   5273.03735   6500.00000      0.00000
    9  gamma              1        22    7           0           0   -243.24356  -3792.87617  -5273.03735   6500.00000      0.00000
   10  gamma              1        22    8           0           0    243.24356   3792.87617   5273.03735   6500.00000      0.00000
   11  gamma              1        22    1           0           0      0.00000      0.00000      0.00000      0.00000      0.00000
   12  gamma              1        22    2           0           0      0.00000     -0.00000     -0.00000      0.00000      0.00000
                   sum charge:  0.00   sum momentum and inv. mass:      0.00000      0.00000      0.00000  13000.00000  13000.00000

 Jet momenta (ktclus):
 Jet Pts:
 Jet momenta (getjet):
  -195.79686580597445       -3736.0634910096082       -5315.4015068218887        6500.0000000183654     
   195.79816001648686        3736.0634231833506        5315.4015068218896        6500.0000000183654     
 Jet Pts:   3741.1905620422949        3741.1905620422945     

 Event number:            6



                            Event listing (standard)

    I  particle/jet  K(I,1)   K(I,2) K(I,3)     K(I,4)      K(I,5)       P(I,1)       P(I,2)       P(I,3)       P(I,4)       P(I,5)

    1  !e+!              21       -11    0           0           0      0.00000      0.00000   6500.00000   6500.00000      0.00051
    2  !e-!              21        11    0           0           0      0.00000      0.00000  -6500.00000   6500.00000      0.00051
    3  !e+!              21       -11    1           0           0     -0.00000     -0.00000   6500.00000   6500.00000      0.00000
    4  !e-!              21        11    2           0           0      0.00000     -0.00000  -6500.00000   6500.00000      0.00000
    5  !e+!              21       -11    3           0           0      0.00000      0.00000   6500.00000   6500.00000      0.00000
    6  !e-!              21        11    4           0           0      0.00000      0.00000  -6500.00000   6500.00000      0.00000
    7  !gamma!           21        22    5           0           0  -3674.45228   4431.42019  -2613.30616   6322.06086      0.00000
    8  !gamma!           21        22    5           0           0    -41.50123     12.22205   -223.74589    227.89022      0.00000
    9  !gamma!           21        22    6           0           0   3715.95351  -4443.64223   2837.05204   6450.04892      0.00000
   10  gamma              1        22    7           0           0  -3674.45228   4431.42019  -2613.30616   6322.06086      0.00000
   11  gamma              1        22    8           0           0    -41.50123     12.22205   -223.74589    227.89022      0.00000
   12  gamma              1        22    9           0           0   3715.95351  -4443.64223   2837.05204   6450.04892      0.00000
   13  gamma              1        22    1           0           0      0.00000      0.00000      0.00000      0.00000      0.00000
   14  gamma              1        22    2           0           0     -0.00000      0.00000     -0.00000      0.00000      0.00000
                   sum charge:  0.00   sum momentum and inv. mass:      0.00000     -0.00000      0.00000  13000.00000  13000.00000

 Jet momenta (ktclus):
 Jet Pts:
 Jet momenta (getjet):
   3680.1995260425433       -4544.6624042779522        2721.2692245495127        6450.0489232889950     
  -3607.1719292977477        4454.4840974644476       -2667.2711869360537        6322.0608575635015     
  -41.607851502061997        11.148776047905498       -223.78213395483158        227.89021916563726     
 Jet Pts:   5847.8906385414921        5731.8511758486275        43.075613913025016     

 Event number:            7



                            Event listing (standard)

    I  particle/jet  K(I,1)   K(I,2) K(I,3)     K(I,4)      K(I,5)       P(I,1)       P(I,2)       P(I,3)       P(I,4)       P(I,5)

    1  !e+!              21       -11    0           0           0      0.00000      0.00000   6500.00000   6500.00000      0.00051
    2  !e-!              21        11    0           0           0      0.00000      0.00000  -6500.00000   6500.00000      0.00051
    3  !e+!              21       -11    1           0           0     -0.00000      0.00000   6500.00000   6500.00000      0.00000
    4  !e-!              21        11    2           0           0     -0.00000     -0.00000  -6500.00000   6500.00000      0.00000
    5  !e+!              21       -11    3           0           0      0.00000      0.00000   6500.00000   6500.00000      0.00000
    6  !e-!              21        11    4           0           0      0.00000      0.00000  -6500.00000   6500.00000      0.00000
    7  !gamma!           21        22    5           0           0   2908.42211   2311.16532   5333.81624   6500.00000      0.00000
    8  !gamma!           21        22    5           0           0  -2908.42211  -2311.16532  -5333.81624   6500.00000      0.00000
    9  gamma              1        22    7           0           0   2908.42211   2311.16532   5333.81624   6500.00000      0.00000
   10  gamma              1        22    8           0           0  -2908.42211  -2311.16532  -5333.81624   6500.00000      0.00000
   11  gamma              1        22    1           0           0      0.00000     -0.00000      0.00000      0.00000      0.00000
   12  gamma              1        22    2           0           0      0.00000      0.00000     -0.00000      0.00000      0.00000
                   sum charge:  0.00   sum momentum and inv. mass:      0.00000      0.00000      0.00000  13000.00000  13000.00000

 Jet momenta (ktclus):
 Jet Pts:
 Jet momenta (getjet):
  -2907.4501440186718       -2354.4087328783426       -5315.4015068016952        6499.9999999936717     
   2907.4509596097123        2354.4077257077956        5315.4015068016961        6499.9999999936717     
 Jet Pts:   3741.1905620280822        3741.1905620280813     

 Event number:            8



                            Event listing (standard)

    I  particle/jet  K(I,1)   K(I,2) K(I,3)     K(I,4)      K(I,5)       P(I,1)       P(I,2)       P(I,3)       P(I,4)       P(I,5)

    1  !e+!              21       -11    0           0           0      0.00000      0.00000   6500.00000   6500.00000      0.00051
    2  !e-!              21        11    0           0           0      0.00000      0.00000  -6500.00000   6500.00000      0.00051
    3  !e+!              21       -11    1           0           0     -0.00000     -0.00000   6500.00000   6500.00000      0.00000
    4  !e-!              21        11    2           0           0      0.00000      0.00000  -6500.00000   6500.00000      0.00000
    5  !e+!              21       -11    3           0           0      0.00000      0.00000   6500.00000   6500.00000      0.00000
    6  !e-!              21        11    4           0           0      0.00000      0.00000  -6500.00000   6500.00000      0.00000
    7  !gamma!           21        22    5           0           0    469.73000  -1454.55218   6317.72362   6500.00000      0.00000
    8  !gamma!           21        22    5           0           0   -469.73000   1454.55218  -6317.72362   6500.00000      0.00000
    9  gamma              1        22    7           0           0    469.73000  -1454.55218   6317.72362   6500.00000      0.00000
   10  gamma              1        22    8           0           0   -469.73000   1454.55218  -6317.72362   6500.00000      0.00000
   11  gamma              1        22    1           0           0      0.00000      0.00000      0.00000      0.00000      0.00000
   12  gamma              1        22    2           0           0     -0.00000     -0.00000     -0.00000      0.00000      0.00000
                   sum charge:  0.00   sum momentum and inv. mass:      0.00000      0.00000      0.00000  13000.00000  13000.00000

 Jet momenta (ktclus):
 Jet Pts:
 Jet momenta (getjet):
   386.68222201111979       -1443.1145328345096        6325.9700681986142        6499.9999999571082     
  -386.68172210149368        1443.1146667850910       -6325.9700681986142        6499.9999999571082     
 Jet Pts:   1494.0223210172001        1494.0223210171998     

 Event number:            9



                            Event listing (standard)

    I  particle/jet  K(I,1)   K(I,2) K(I,3)     K(I,4)      K(I,5)       P(I,1)       P(I,2)       P(I,3)       P(I,4)       P(I,5)

    1  !e+!              21       -11    0           0           0      0.00000      0.00000   6500.00000   6500.00000      0.00051
    2  !e-!              21        11    0           0           0      0.00000      0.00000  -6500.00000   6500.00000      0.00051
    3  !e+!              21       -11    1           0           0      0.00000      0.00000   6500.00000   6500.00000      0.00000
    4  !e-!              21        11    2           0           0      0.00000     -0.00000  -6500.00000   6500.00000      0.00000
    5  !e+!              21       -11    3           0           0      0.00000      0.00000   6500.00000   6500.00000      0.00000
    6  !e-!              21        11    4           0           0      0.00000      0.00000  -6500.00000   6500.00000      0.00000
    7  !gamma!           21        22    5           0           0  -1009.88199   1246.88753   6298.84194   6500.00000      0.00000
    8  !gamma!           21        22    5           0           0   1009.88199  -1246.88753  -6298.84194   6500.00000      0.00000
    9  gamma              1        22    7           0           0  -1009.88199   1246.88753   6298.84194   6500.00000      0.00000
   10  gamma              1        22    8           0           0   1009.88199  -1246.88753  -6298.84194   6500.00000      0.00000
   11  gamma              1        22    1           0           0     -0.00000     -0.00000      0.00000      0.00000      0.00000
   12  gamma              1        22    2           0           0     -0.00000      0.00000     -0.00000      0.00000      0.00000
                   sum charge:  0.00   sum momentum and inv. mass:      0.00000      0.00000      0.00000  13000.00000  13000.00000

 Jet momenta (ktclus):
 Jet Pts:
 Jet momenta (getjet):
   1036.0324423317331       -1279.3919614843360       -6288.0675081640811        6499.9999999925712     
  -1036.0319991372351        1279.3923203764703        6288.0675081640820        6499.9999999925712     
 Jet Pts:   1646.2706377368797        1646.2706377368772     

 Event number:           10



                            Event listing (standard)

    I  particle/jet  K(I,1)   K(I,2) K(I,3)     K(I,4)      K(I,5)       P(I,1)       P(I,2)       P(I,3)       P(I,4)       P(I,5)

    1  !e+!              21       -11    0           0           0      0.00000      0.00000   6500.00000   6500.00000      0.00051
    2  !e-!              21        11    0           0           0      0.00000      0.00000  -6500.00000   6500.00000      0.00051
    3  !e+!              21       -11    1           0           0      0.00000      0.00000   6500.00000   6500.00000      0.00000
    4  !e-!              21        11    2           0           0      0.00000      0.00000  -6500.00000   6500.00000      0.00000
    5  !e+!              21       -11    3           0           0      0.00000      0.00000   6500.00000   6500.00000      0.00000
    6  !e-!              21        11    4           0           0      0.00000      0.00000  -6500.00000   6500.00000      0.00000
    7  !gamma!           21        22    5           0           0   1374.47158   -341.32634   6343.84144   6500.00000      0.00000
    8  !gamma!           21        22    5           0           0  -1374.47158    341.32634  -6343.84144   6500.00000      0.00000
    9  gamma              1        22    7           0           0   1374.47158   -341.32634   6343.84144   6500.00000      0.00000
   10  gamma              1        22    8           0           0  -1374.47158    341.32634  -6343.84144   6500.00000      0.00000
   11  gamma              1        22    1           0           0     -0.00000     -0.00000      0.00000      0.00000      0.00000
   12  gamma              1        22    2           0           0     -0.00000     -0.00000     -0.00000      0.00000      0.00000
                   sum charge:  0.00   sum momentum and inv. mass:      0.00000      0.00000      0.00000  13000.00000  13000.00000

 Jet momenta (ktclus):
 Jet Pts:
 Jet momenta (getjet):
   1308.9608241720084       -350.73406427496838        6357.1697458089293        6500.0000000067903     
  -1308.9607026740700        350.73451771233630       -6357.1697458089293        6500.0000000067903     
 Jet Pts:   1355.1357212692392        1355.1357212692390     

          STDXEND:     349617 words i/o with     9509 efficiency 
 Done. Wrote         1000  lhe events.
