 Process in group number            1
 No PDF is used, alpha_s(MZ) from param_card is used
 Value of alpha_s from param_card:   0.11800000071525575     
 The default order of alpha_s running is fixed to            2
 Warning: pt or E min of a gamma should in general be >0
 *****************************************************
 *               MadGraph/MadEvent                   *
 *        --------------------------------           *
 *          http://madgraph.hep.uiuc.edu             *
 *          http://madgraph.phys.ucl.ac.be           *
 *          http://madgraph.roma2.infn.it            *
 *        --------------------------------           *
 *                                                   *
 *          PARAMETER AND COUPLING VALUES            *
 *                                                   *
 *****************************************************

  External Params
  ---------------------------------
  
 mdl_MB =    4.6999998092651367     
 mdl_MT =    173.00000000000000     
 mdl_MTA =    1.7769999504089355     
 mdl_MZ =    91.188003540039063     
 mdl_MH =    125.00000000000000     
 aEWM1 =    132.50700378417969     
 mdl_Gf =   1.16639000000000003E-005
 aS =   0.11800000071525575     
 mdl_ymb =    4.6999998092651367     
 mdl_ymt =    173.00000000000000     
 mdl_ymtau =    1.7769999504089355     
 mdl_WT =    1.4915000200271606     
 mdl_WZ =    2.4414041042327881     
 mdl_WW =    2.0476000308990479     
 mdl_WH =   6.38233916833996773E-003
  Internal Params
  ---------------------------------
  
 mdl_conjg__CKM3x3 =    1.0000000000000000     
 mdl_CKM3x3 =    1.0000000000000000     
 mdl_conjg__CKM1x1 =    1.0000000000000000     
 mdl_complexi =  (  0.0000000000000000     ,  1.0000000000000000     )
 mdl_MZ__exp__2 =    8315.2519896181766     
 mdl_MZ__exp__4 =    69143415.650849044     
 mdl_sqrt__2 =    1.4142135623730951     
 mdl_MH__exp__2 =    15625.000000000000     
 mdl_aEW =   7.54677089845565054E-003
 mdl_MW =    80.419007276179556     
 mdl_sqrt__aEW =   8.68721526063194194E-002
 mdl_ee =   0.30795376284704501     
 mdl_MW__exp__2 =    6467.2167312862202     
 mdl_sw2 =   0.22224645274001076     
 mdl_cw =   0.88190336616887299     
 mdl_sqrt__sw2 =   0.47143022043565552     
 mdl_sw =   0.47143022043565552     
 mdl_g1 =   0.34919218438279087     
 mdl_gw =   0.65323296958447097     
 mdl_vev =    246.21845810181631     
 mdl_vev__exp__2 =    60623.529110035874     
 mdl_lam =   0.12886910601690271     
 mdl_yb =   2.69955531549349904E-002
 mdl_yt =   0.99366614581500645     
 mdl_ytau =   1.02066167158167895E-002
 mdl_muH =    88.388347648318444     
 mdl_I1x33 =  ( 2.69955531549349904E-002,  0.0000000000000000     )
 mdl_I2x33 =  ( 0.99366614581500645     ,  0.0000000000000000     )
 mdl_I3x33 =  ( 0.99366614581500645     ,  0.0000000000000000     )
 mdl_I4x33 =  ( 2.69955531549349904E-002,  0.0000000000000000     )
 mdl_ee__exp__2 =   9.48355200516540348E-002
 mdl_sw__exp__2 =   0.22224645274001076     
 mdl_cw__exp__2 =   0.77775354725998924     
  Internal Params evaluated point by point
  ----------------------------------------
  
 mdl_sqrt__aS =   0.34351128178744839     
 mdl_G__exp__2 =    1.4828317414825511     
  Couplings of sm
  ---------------------------------
  
         GC_3 =  -0.00000E+00  -0.30795E+00
        GC_50 =  -0.00000E+00  -0.28804E+00
        GC_59 =   0.00000E+00   0.82310E-01

 Collider parameters:
 --------------------

 Running at e e   machine @    10.000000000000000       GeV
 PDF set = none   
 alpha_s(Mz)= 0.1180 running at 2 loops.
 alpha_s(Mz)= 0.1180 running at 2 loops.
 Renormalization scale set on event-by-event basis
 Factorization   scale set on event-by-event basis


 getting user params
Enter number of events and max and min iterations: 
 Number of events and iterations         1000           9           3
Enter desired fractional accuracy: 
 Desired fractional accuracy:  -1.10059999999999990E-009
Enter 0 for fixed, 2 for adjustable grid: 
Suppress amplitude (0 no, 1 yes)? 
 Using suppressed amplitude.
Exact helicity sum (0 yes, n = number/event)? 
 Explicitly summing over helicities
Enter Configuration Number: 
Running Configuration Number:    5
 Not subdividing B.W.
 Attempting mappinvarients           1           5
 Completed mapping           5
 about to integrate            5        1000           9           3           5           1
 Keeping grid fixed.
  5 dimensions   1000 events  5 invarients  9 iterations  1 config(s),  (0.99)
 Using h-tuple random number sequence.
 Grid read from file
 Grid defined OK
 Set CM energy to         10.00
 Mapping Graph           5  to config           5
 Warning: No cutoff for shat integral found
          Minimum set to   1.00000000000000002E-002
 No modification is setgrid, grid read from file
 Warning: No cutoff for shat integral found
          Minimum set to   1.00000000000000002E-002
 No modification is setgrid, grid read from file
 Masses: 0.000E+00 0.000E+00 0.000E+00 0.000E+00 0.000E+00
   5   1   2   3   4   5
 Got moffset          10
Using random seed offsets     5 :      1
  with seed                   48
 Ranmar initialization seeds       30238       10912
  Particle       3       4       5
      Et >     0.0    -1.0    -1.0
       E >     0.0     0.0     0.0
     Eta <    -1.0    -1.0    -1.0
   xqcut:      0.0     0.0     0.0
d R # 3  >    -0.0     0.4     0.4
d R # 4  >    -0.0    -0.0     0.0
s min # 3>     0.0     0.0     0.0
s min # 4>     0.0     0.0     0.0
xqcutij # 3>     0.0     0.0     0.0
xqcutij # 4>     0.0     0.0     0.0
 alpha_s for scale    2.2360679780075730       is   0.28377211163655497     
 Added good helicity            1   4.2448861082917286       in event            1
 Added good helicity            5   3.7551138986226742       in event            1
 Added good helicity           10   4.2448860979413725       in event            1
 Added good helicity           14   3.7551138951334964       in event            1
 Added good helicity           19   3.7551138951435750       in event            1
 Added good helicity           23   4.2448860979527545       in event            1
 Added good helicity           28   3.7551138986226751       in event            1
 Added good helicity           32   4.2448861082917269       in event            1
 Added good helicity           11  2.10125996006619437E-003  in event           38
 Added good helicity           15  1.65526140566307441E-003  in event           38
 Added good helicity           18  1.65526167747455594E-003  in event           38
 Added good helicity           22  2.10125961501707662E-003  in event           38
 Iteration  1   Mean: 0.6542E+15 Abs mean: 0.6542E+15   Fluctuation:  0.428E+15   0.416E+18    98.5%
  1    0.6542E+15 0.6542E+15 +- 0.4282E+15     20.70
 Writing out events   73782323701.358719        20.696908619580245     
 Relative summed weights:
  0.1000E+01  0.0000E+00
 Relative number of events:
  0.1000E+01  0.0000E+00
 Events:
        1000           0
 Iteration  2   Mean: 0.1852E+16 Abs mean: 0.1852E+16   Fluctuation:  0.101E+16   0.172E+19    98.6%
  2    0.1852E+16 0.1852E+16 +- 0.1006E+16     24.30
 Relative summed weights:
  0.1000E+01  0.0000E+00
 Relative number of events:
  0.1000E+01  0.0000E+00
 Events:
        2000           0
 Iteration  3   Mean: 0.7751E+15 Abs mean: 0.7751E+15   Fluctuation:  0.404E+15   0.157E+19    98.8%
  3    0.7751E+15 0.7751E+15 +- 0.4041E+15     32.97
 Relative summed weights:
  0.1000E+01  0.0000E+00
 Relative number of events:
  0.1000E+01  0.0000E+00
 Events:
        4000           0
 Found           44  events.
 Wrote            2  events.
 Actual xsec    1133096158077059.0     
 Correct abs xsec    1133096158077059.0     
 Event xsec    1133096158077059.0     
 Events wgts > 1:            1
 % Cross section > 1:    7770476.8750000000       6.85773825955515194E-007
 Checking number of events   1247085.6315796110                2  chi2:    1.2730151301486419     
 Found           44  events.
 Wrote            2  events.
 Actual xsec    1133096158077059.0     
 Correct abs xsec    1133096158077059.0     
 Event xsec    1133096158077059.0     
 Events wgts > 1:            1
 % Cross section > 1:    7770476.8750000000       6.85773825955515194E-007
 Iteration  4   Mean: 0.1008E+16 Abs mean: 0.1008E+16   Fluctuation:  0.357E+15   0.203E+19    99.0%
  4    0.1008E+16 0.1008E+16 +- 0.3572E+15     31.71
 Relative summed weights:
  0.1000E+01  0.0000E+00
 Relative number of events:
  0.1000E+01  0.0000E+00
 Events:
        8000           0
 Found          122  events.
 Wrote            6  events.
 Actual xsec    1141052751805535.8     
 Correct abs xsec    1141052751805535.8     
 Event xsec    1141052751805535.8     
 Events wgts > 1:            0
 % Cross section > 1:    0.0000000000000000        0.0000000000000000     
 Checking number of events   1255842.6586371725                6  chi2:   0.72941230505350096     
 Found          122  events.
 Wrote            4  events.
 Actual xsec    1141052751805535.8     
 Correct abs xsec    1141052751805535.8     
 Event xsec    1141052751805535.8     
 Events wgts > 1:            0
 % Cross section > 1:    0.0000000000000000        0.0000000000000000     
 Iteration  5   Mean: 0.1194E+16 Abs mean: 0.1194E+16   Fluctuation:  0.551E+15   0.745E+19    98.9%
  5    0.1194E+16 0.1194E+16 +- 0.5512E+15     58.41
 Relative summed weights:
  0.1000E+01  0.0000E+00
 Relative number of events:
  0.1000E+01  0.0000E+00
 Events:
       16000           0
 Found          201  events.
 Wrote            3  events.
 Actual xsec    1008667691773007.4     
 Correct abs xsec    1008667691773007.4     
 Event xsec    1008667691773007.5     
 Events wgts > 1:            0
 % Cross section > 1:    0.0000000000000000        0.0000000000000000     
 Checking number of events   1110139.6615653718                3  chi2:   0.22336052389745256     
 Found          201  events.
 Wrote            4  events.
 Actual xsec    1008667691773007.4     
 Correct abs xsec    1008667691773007.4     
 Event xsec    1008667691773007.5     
 Events wgts > 1:            0
 % Cross section > 1:    0.0000000000000000        0.0000000000000000     
 Iteration  6   Mean: 0.1751E+16 Abs mean: 0.1751E+16   Fluctuation:  0.100E+16   0.317E+20    98.9%
  6    0.1751E+16 0.1751E+16 +- 0.1004E+16    102.57
 Relative summed weights:
  0.1000E+01  0.0000E+00
 Relative number of events:
  0.1000E+01  0.0000E+00
 Events:
       32000           0
 Found          337  events.
 Wrote            1  events.
 Actual xsec    1207299658612495.0     
 Correct abs xsec    1207299658612495.0     
 Event xsec    1207299658612495.0     
 Events wgts > 1:            0
 % Cross section > 1:    0.0000000000000000        0.0000000000000000     
 Checking number of events   1328754.0042689119                1  chi2:   0.30304224188919993     
 Found          337  events.
 Wrote            1  events.
 Actual xsec    1207299658612495.0     
 Correct abs xsec    1207299658612495.0     
 Event xsec    1207299658612495.0     
 Events wgts > 1:            0
 % Cross section > 1:    0.0000000000000000        0.0000000000000000     
 Error in matrix element
 Error in matrix element
 Iteration  7   Mean: 0.1530E+16 Abs mean: 0.1530E+16   Fluctuation:  0.716E+15   0.433E+20    99.0%
  7    0.1530E+16 0.1530E+16 +- 0.7161E+15    118.39
 Relative summed weights:
  0.1000E+01  0.0000E+00
 Relative number of events:
  0.1000E+01  0.0000E+00
 Events:
       64000           0
 Found          498  events.
 Wrote            3  events.
 Actual xsec    1456465099896565.5     
 Correct abs xsec    1456465099896565.5     
 Event xsec    1456465099896565.8     
 Events wgts > 1:            1
 % Cross section > 1:    95867667.000000000       6.58221518708606658E-006
 Checking number of events   1602985.4889461598                3  chi2:   0.16194905985952149     
 Found          498  events.
 Wrote            2  events.
 Actual xsec    1456465099896565.5     
 Correct abs xsec    1456465099896565.5     
 Event xsec    1456465099896565.8     
 Events wgts > 1:            1
 % Cross section > 1:    143801495.75000000       9.87332245449701470E-006
 Error in matrix element
 Error in matrix element
 Error in matrix element
 Error in matrix element
 Error in matrix element
 Error in matrix element
 Iteration  8   Mean: 0.1591E+16 Abs mean: 0.1591E+16   Fluctuation:  0.301E+15   0.202E+20    98.9%
  8    0.1591E+16 0.1591E+16 +- 0.3008E+15     67.65
 Relative summed weights:
  0.1000E+01  0.0000E+00
 Relative number of events:
  0.1000E+01  0.0000E+00
 Events:
      128000           0
 Found         1179  events.
 Wrote            9  events.
 Actual xsec    1596706371232656.3     
 Correct abs xsec    1596706371232656.3     
 Event xsec    1596706371232656.5     
 Events wgts > 1:            1
 % Cross section > 1:    12477369355045.344       0.78144420162943418     
 Checking number of events   1757335.0321786613                9  chi2:   1.62567915113972054E-002
 Found         1179  events.
 Wrote            9  events.
 Actual xsec    1596706371232656.3     
 Correct abs xsec    1596706371232656.3     
 Event xsec    1596706371232656.5     
 Events wgts > 1:            1
 % Cross section > 1:    12477369355045.344       0.78144420162943418     
 Error in matrix element
 Error in matrix element
 Error in matrix element
 Iteration  9   Mean: 0.5617E+16 Abs mean: 0.5617E+16   Fluctuation:  0.205E+16   0.466E+21    99.0%
  9    0.5617E+16 0.5617E+16 +- 0.2055E+16    185.08
 Relative summed weights:
  0.1000E+01  0.0000E+00
 Relative number of events:
  0.1000E+01  0.0000E+00
 Events:
      256000           0
 Found         2232  events.
 Wrote            2  events.
 Actual xsec    2335973602737975.0     
 Correct abs xsec    2335973602737975.0     
 Event xsec    2335973602737975.0     
 Events wgts > 1:            0
 % Cross section > 1:    0.0000000000000000        0.0000000000000000     
 Checking number of events   2570972.5471734148                2  chi2:    4.9762374934903146     
 Found         2232  events.
 Wrote            3  events.
 Actual xsec    2335973602737975.0     
 Correct abs xsec    2335973602737975.0     
 Event xsec    2335973602737975.5     
 Events wgts > 1:            0
 % Cross section > 1:    0.0000000000000000        0.0000000000000000     

 -------------------------------------------------------------------------------
 Accumulated results:   Integral =  0.1890E+16
                        Std dev  =  0.2343E+15
                       Cross sec =  0.1890E+16
             Chi**2 per DoF.     =      4.3232
 -------------------------------------------------------------------------------
-------------------------------------------------
---------------------------
 Results Last   3 iters: Integral =   0.2336E+16
                     Abs integral =   0.2336E+16
                          Std dev =   0.3693E+15
                  Chi**2 per DoF. =      4.9762
-------------------------------------------------
---------------------------
 Status -1.10059999999999990E-009          10           9
 Trying w/ fresh grid
 Starting w/ ncall =         4000
 Keeping grid fixed.
  5 dimensions   4000 events  5 invarients  8 iterations  1 config(s),  (0.99)
 Using h-tuple random number sequence.
 Error opening grid
 Using Uniform Grid!
 Using uniform alpha   1.0000000000000000     
 Grid defined OK
 Warning: No cutoff for shat integral found
          Minimum set to   1.00000000000000002E-002
Setting grid   1    0.10000E-01   1
 Warning: No cutoff for shat integral found
          Minimum set to   1.00000000000000002E-002
Setting grid   2    0.10000E-01   1
 Iteration  1   Mean: 0.4842E+05 Abs mean: 0.4842E+05   Fluctuation:  0.209E+05   0.659E+08    98.4%
  1    0.4842E+05 0.4842E+05 +- 0.2090E+05     27.30
 Relative summed weights:
  0.1000E+01  0.0000E+00
 Relative number of events:
  0.1000E+01  0.0000E+00
 Events:
        4000           0
 Iteration  2   Mean: 0.1295E+06 Abs mean: 0.1295E+06   Fluctuation:  0.558E+05   0.389E+09    99.0%
  2    0.1295E+06 0.1295E+06 +- 0.5583E+05     38.56
 Relative summed weights:
  0.1000E+01  0.0000E+00
 Relative number of events:
  0.1000E+01  0.0000E+00
 Events:
        8000           0
 Iteration  3   Mean: 0.8108E+06 Abs mean: 0.8108E+06   Fluctuation:  0.300E+06   0.375E+10    99.2%
  3    0.8108E+06 0.8108E+06 +- 0.3002E+06     46.83
 Relative summed weights:
  0.1000E+01  0.0000E+00
 Relative number of events:
  0.1000E+01  0.0000E+00
 Events:
       16000           0
 Found          592  events.
 Wrote            2  events.
 Actual xsec    380799.55826504959     
 Correct abs xsec    380799.55826504959     
 Event xsec    380799.55826504959     
 Events wgts > 1:            1
 % Cross section > 1:   1.58355450548697263E-002  4.15849879842760781E-006
 Checking number of events  4.19107993826513541E-004           2  chi2:    137.63358223501217     
 Found          592  events.
 Wrote            3  events.
 Actual xsec    380799.55826504959     
 Correct abs xsec    380799.55826504959     
 Event xsec    380799.55826504959     
 Events wgts > 1:            1
 % Cross section > 1:   1.05570301820989698E-002  2.77233257049917971E-006
 Iteration  4   Mean: 0.3715E+09 Abs mean: 0.3715E+09   Fluctuation:  0.345E+09   0.110E+14    99.4%
  4    0.3715E+09 0.3715E+09 +- 0.3445E+09    165.89
 Relative summed weights:
  0.1000E+01  0.0000E+00
 Relative number of events:
  0.1000E+01  0.0000E+00
 Events:
       32000           0
 Found         1325  events.
 Wrote            1  events.
 Actual xsec    31693088.668650951     
 Correct abs xsec    31693088.668650951     
 Event xsec    31693088.668650948     
 Events wgts > 1:            1
 % Cross section > 1:    6.9393346868455410       2.18954194064068849E-005
 Checking number of events  3.48814133887172320E-002           1  chi2:    165122.92481507847     
 Found         1325  events.
 Wrote            1  events.
 Actual xsec    31693088.668650951     
 Correct abs xsec    31693088.668650951     
 Event xsec    31693088.668650948     
 Events wgts > 1:            1
 % Cross section > 1:    6.9393346868455410       2.18954194064068849E-005
 Iteration  5   Mean: 0.9388E+09 Abs mean: 0.9388E+09   Fluctuation:  0.341E+09   0.146E+14    99.7%
  5    0.9388E+09 0.9388E+09 +- 0.3406E+09     91.77
 Relative summed weights:
  0.1000E+01  0.0000E+00
 Relative number of events:
  0.1000E+01  0.0000E+00
 Events:
       64000           0
 Found          599  events.
 Wrote            4  events.
 Actual xsec    471544224.32215965     
 Correct abs xsec    471544224.32215965     
 Event xsec    471544224.32215965     
 Events wgts > 1:            1
 % Cross section > 1:    6.1043608933687210       1.29454684810182581E-006
 Checking number of events  0.51898157328896888                4  chi2:    1229400.4809288681     
 Found          599  events.
 Wrote            5  events.
 Actual xsec    471544224.32215965     
 Correct abs xsec    471544224.32215965     
 Event xsec    471544224.32215959     
 Events wgts > 1:            1
 % Cross section > 1:    4.8834887295961380       1.03563748164153809E-006
 Fixing grid
 Iteration  6   Mean: 0.7368E+11 Abs mean: 0.7368E+11   Fluctuation:  0.573E+11   0.730E+16    99.8%
  6    0.7368E+11 0.7368E+11 +- 0.5731E+11    278.28
 Relative summed weights:
  0.1000E+01  0.0000E+00
 Relative number of events:
  0.1000E+01  0.0000E+00
 Events:
      128000           0
 Found         4973  events.
 Wrote            1  events.
 Actual xsec    12419617968.002686     
 Correct abs xsec    12419617968.002686     
 Event xsec    12419617968.002686     
 Events wgts > 1:            1
 % Cross section > 1:    230.95030784606934       1.85956048278681966E-006
 Checking number of events   13.669031535583754                1  chi2:    1180.3567008750060     
 Found         4973  events.
 Wrote            1  events.
 Actual xsec    12419617968.002686     
 Correct abs xsec    12419617968.002686     
 Event xsec    12419617968.002686     
 Events wgts > 1:            1
 % Cross section > 1:    230.95030784606934       1.85956048278681966E-006
 Iteration  7   Mean: 0.7242E+12 Abs mean: 0.7242E+12   Fluctuation:  0.587E+12   0.149E+18    99.8%
  7    0.7242E+12 0.7242E+12 +- 0.5870E+12    410.09
 Relative summed weights:
  0.1000E+01  0.0000E+00
 Relative number of events:
  0.1000E+01  0.0000E+00
 Events:
      256000           0
 Found          754  events.
 Wrote            2  events.
 Actual xsec    114288509294.34357     
 Correct abs xsec    114288509294.34357     
 Event xsec    114288509294.34357     
 Events wgts > 1:            1
 % Cross section > 1:    13165.505012512207       1.15195351604466168E-005
 Checking number of events   125.78593332935452                2  chi2:    55392.843256446678     
 Found          754  events.
 Wrote            1  events.
 Actual xsec    114288509294.34357     
 Correct abs xsec    114288509294.34357     
 Event xsec    114288509294.34357     
 Events wgts > 1:            1
 % Cross section > 1:    26331.007003784180       2.30390676773726790E-005
 Iteration  8   Mean: 0.6684E+11 Abs mean: 0.6684E+11   Fluctuation:  0.312E+11   0.152E+17    99.8%
  8    0.6684E+11 0.6684E+11 +- 0.3125E+11    334.48
 Relative summed weights:
  0.1000E+01  0.0000E+00
 Relative number of events:
  0.1000E+01  0.0000E+00
 Events:
      512000           0
 Found          340  events.
 Wrote            3  events.
 Actual xsec    3093039973149500.5     
 Correct abs xsec    3093039973149500.5     
 Event xsec    3093039973149500.5     
 Events wgts > 1:            0
 % Cross section > 1:    0.0000000000000000        0.0000000000000000     
 Checking number of events   217.24939171242605                3  chi2:    11.461264504241093     
 Found          340  events.
 Wrote            1  events.
 Actual xsec    3093039973149500.5     
 Correct abs xsec    3093039973149500.5     
 Event xsec    3093039973149500.5     
 Events wgts > 1:            0
 % Cross section > 1:    0.0000000000000000        0.0000000000000000     

 -------------------------------------------------------------------------------
 Accumulated results:   Integral =  0.4450E+11
                        Std dev  =  0.7569E+10
                       Cross sec =  0.4450E+11
             Chi**2 per DoF.     =     54.7923
 -------------------------------------------------------------------------------
-------------------------------------------------
---------------------------
 Results Last   3 iters: Integral =   0.1974E+12
                     Abs integral =   0.1974E+12
                         Std dev =   0.7090E+11
                 Chi**2 per DoF. =     11.4613
-------------------------------------------------
---------------------------

ls status:
events.lhe
ftn25
ftn26
input_sg.txt
log.txt
moffset.dat
results.dat
run1_app.log
