 Process in group number            0
 No PDF is used, alpha_s(MZ) from param_card is used
 Value of alpha_s from param_card:   0.11800000071525575     
 The default order of alpha_s running is fixed to            2
 *****************************************************
 *               MadGraph/MadEvent                   *
 *        --------------------------------           *
 *          http://madgraph.hep.uiuc.edu             *
 *          http://madgraph.phys.ucl.ac.be           *
 *          http://madgraph.roma2.infn.it            *
 *        --------------------------------           *
 *                                                   *
 *          PARAMETER AND COUPLING VALUES            *
 *                                                   *
 *****************************************************

  External Params
  ---------------------------------
  
 aEWM1 =    132.50700378417969     
 mdl_Gf =   1.16639000000000003E-005
 aS =   0.11800000071525575     
 mdl_ymb =    4.6999998092651367     
 mdl_ymt =    173.00000000000000     
 mdl_yme =   5.10999991092830896E-004
 mdl_ymm =   0.10565999895334244     
 mdl_ymtau =    1.7769999504089355     
 mdl_MZ =    91.188003540039063     
 mdl_MT =    173.00000000000000     
 mdl_MB =    4.6999998092651367     
 mdl_MH =    125.00000000000000     
 mdl_Me =   5.10999991092830896E-004
 mdl_MM =   0.10565999895334244     
 mdl_MTA =    1.7769999504089355     
 mdl_WZ =    2.4414041042327881     
 mdl_WW =    2.0476000308990479     
 mdl_WT =    1.4915000200271606     
 mdl_WH =   6.38233916833996773E-003
 mdl_WTau =   2.26999999999999982E-012
  Internal Params
  ---------------------------------
  
 mdl_conjg__CKM3x3 =    1.0000000000000000     
 mdl_CKM3x3 =    1.0000000000000000     
 mdl_conjg__CKM1x1 =    1.0000000000000000     
 mdl_complexi =  (  0.0000000000000000     ,  1.0000000000000000     )
 mdl_MZ__exp__2 =    8315.2519896181766     
 mdl_MZ__exp__4 =    69143415.650849044     
 mdl_sqrt__2 =    1.4142135623730951     
 mdl_MH__exp__2 =    15625.000000000000     
 mdl_aEW =   7.54677089845565054E-003
 mdl_MW =    80.419007276179556     
 mdl_sqrt__aEW =   8.68721526063194194E-002
 mdl_ee =   0.30795376284704501     
 mdl_MW__exp__2 =    6467.2167312862202     
 mdl_sw2 =   0.22224645274001076     
 mdl_cw =   0.88190336616887299     
 mdl_sqrt__sw2 =   0.47143022043565552     
 mdl_sw =   0.47143022043565552     
 mdl_g1 =   0.34919218438279087     
 mdl_gw =   0.65323296958447097     
 mdl_vev =    246.21845810181631     
 mdl_vev__exp__2 =    60623.529110035874     
 mdl_lam =   0.12886910601690271     
 mdl_yb =   2.69955531549349904E-002
 mdl_ye =   2.93504850670934038E-006
 mdl_ym =   6.06883028478528356E-004
 mdl_yt =   0.99366614581500645     
 mdl_ytau =   1.02066167158167895E-002
 mdl_muH =    88.388347648318444     
 mdl_I1x33 =  ( 2.69955531549349904E-002,  0.0000000000000000     )
 mdl_I2x33 =  ( 0.99366614581500645     ,  0.0000000000000000     )
 mdl_I3x33 =  ( 0.99366614581500645     ,  0.0000000000000000     )
 mdl_I4x33 =  ( 2.69955531549349904E-002,  0.0000000000000000     )
 mdl_ee__exp__2 =   9.48355200516540348E-002
 mdl_sw__exp__2 =   0.22224645274001076     
 mdl_cw__exp__2 =   0.77775354725998924     
  Internal Params evaluated point by point
  ----------------------------------------
  
 mdl_sqrt__aS =   0.34351128178744839     
 mdl_G__exp__2 =    1.4828317414825511     
  Couplings of sm-lepton_masses
  ---------------------------------
  
         GC_3 =  -0.00000E+00  -0.30795E+00
        GC_50 =  -0.00000E+00  -0.28804E+00
        GC_59 =   0.00000E+00   0.82310E-01
        GC_89 =  -0.00000E+00  -0.20754E-05

 Collider parameters:
 --------------------

<<<<<<< HEAD
 Running at e e   machine @   7.14879999999999960E-002  GeV
=======
 Running at e e   machine @   7.00000000000000067E-002  GeV
>>>>>>> 911b5ec345c81b054214c521136984e9d6306827
 PDF set = none   
 alpha_s(Mz)= 0.1180 running at 2 loops.
 alpha_s(Mz)= 0.1180 running at 2 loops.
 Renormalization scale fixed @    91.188000000000002     
 Factorization scales  fixed @    91.188000000000002        91.188000000000002     


 getting user params
Enter number of events and max and min iterations: 
<<<<<<< HEAD
 Number of events and iterations         2000           9           3
Enter desired fractional accuracy: 
 Desired fractional accuracy:  -1.94430000000000017E-006
=======
 Number of events and iterations         1000           9           3
Enter desired fractional accuracy: 
 Desired fractional accuracy:  -4.17719999999999991E-053
>>>>>>> 911b5ec345c81b054214c521136984e9d6306827
Enter 0 for fixed, 2 for adjustable grid: 
Suppress amplitude (0 no, 1 yes)? 
 Using suppressed amplitude.
Exact helicity sum (0 yes, n = number/event)? 
 Explicitly summing over helicities
Enter Configuration Number: 
Running Configuration Number:    4
 Not subdividing B.W.
 Attempting mappinvarients           1           4
 Completed mapping           4
<<<<<<< HEAD
 about to integrate            2        2000           9           3           2           1
 Using non-zero grid deformation.
  2 dimensions   2000 events  2 invarients  9 iterations  1 config(s),  (0.99)
 Using h-tuple random number sequence.
 Error opening grid
 Using Uniform Grid!
 Using uniform alpha   1.0000000000000000     
 Grid defined OK
 Set CM energy to          0.07
 Mapping Graph           4  to config           4
Setting grid   1    0.19567E-01   1
=======
 about to integrate            2        1000           9           3           2           1
 Keeping grid fixed.
  2 dimensions   1000 events  2 invarients  9 iterations  1 config(s),  (0.99)
 Using h-tuple random number sequence.
 Grid read from file
 Grid defined OK
 Set CM energy to          0.07
 Mapping Graph           4  to config           4
 No modification is setgrid, grid read from file
>>>>>>> 911b5ec345c81b054214c521136984e9d6306827
 Masses: 0.511E-03 0.511E-03 0.511E-03 0.511E-03
   4   1   2
 Got moffset          13
Using random seed offsets     4 :      1
<<<<<<< HEAD
  with seed                   63
 Ranmar initialization seeds       18441       20399
=======
  with seed                   30
 Ranmar initialization seeds        8295       20365
>>>>>>> 911b5ec345c81b054214c521136984e9d6306827
  Particle       3       4
      Et >     0.0     0.0
       E >     0.0     0.0
     Eta <    -1.0    -1.0
   xqcut:      0.0     0.0
d R # 3  >    -0.0     0.4
s min # 3>     0.0     0.0
xqcutij # 3>     0.0     0.0
 alpha_s for scale    91.188000000000002       is   0.11800000071525575     
<<<<<<< HEAD
 Added good helicity            1   5.9574037164415987       in event            1
 Added good helicity            2  1.52695721111496356E-005  in event            1
 Added good helicity            3  1.52695748142927920E-005  in event            1
 Added good helicity            5  1.52695721111496458E-005  in event            1
 Added good helicity            6   2.0238934734824965       in event            1
 Added good helicity            7  1.86416000028477961E-002  in event            1
 Added good helicity            8  1.52695721111496559E-005  in event            1
 Added good helicity            9  1.52695748142927852E-005  in event            1
 Added good helicity           10  1.86416000028477961E-002  in event            1
 Added good helicity           11   2.0238937208048080       in event            1
 Added good helicity           12  1.52695748142927683E-005  in event            1
 Added good helicity           14  1.52695721111496695E-005  in event            1
 Added good helicity           15  1.52695748142927581E-005  in event            1
 Added good helicity           16   5.9574037164415987       in event            1
 Iteration  1   Mean: 0.2340E+10 Abs mean: 0.2340E+10   Fluctuation:  0.627E+08   0.102E+11    89.3%
  1    0.2340E+10 0.2340E+10 +- 0.6272E+08      1.20
 Writing out events   145588.99424966186        1.1987124210423752     
=======
 Added good helicity            1   4.0000000000000000       in event            1
 Added good helicity            6   4.0000000000000000       in event            1
 Added good helicity           11   4.0000000000000000       in event            1
 Added good helicity           16   4.0000000000000000       in event            1
 Added good helicity            2  9.53135955295760012E-006  in event           26
 Added good helicity            3  9.53135573227199399E-006  in event           26
 Added good helicity            5  9.53135955295759673E-006  in event           26
 Added good helicity            7   3.5618677924444495       in event           26
 Added good helicity            8  9.53135955295760859E-006  in event           26
 Added good helicity            9  9.53135573227199229E-006  in event           26
 Added good helicity           10   3.5618677924444486       in event           26
 Added good helicity           12  9.53135573227198382E-006  in event           26
 Added good helicity           14  9.53135955295760012E-006  in event           26
 Added good helicity           15  9.53135573227199399E-006  in event           26
 Iteration  1   Mean: 0.5574E+56 Abs mean: 0.5574E+56   Fluctuation:  0.557E+56   0.557E+59   100.0%
  1    0.5574E+56 0.5574E+56 +- 0.5573E+56     31.62
 Writing out events  6.19306785185240005E+051   31.619231169338747     
>>>>>>> 911b5ec345c81b054214c521136984e9d6306827
 Relative summed weights:
  0.1000E+01  0.0000E+00
 Relative number of events:
  0.1000E+01  0.0000E+00
 Events:
<<<<<<< HEAD
        2000           0
Warning xbin not returning correct x   1  0.985472E+00  0.999969E+00  0.2164E-02
 Iteration  2   Mean: 0.2403E+10 Abs mean: 0.2403E+10   Fluctuation:  0.259E+08   0.685E+10    98.7%
  2    0.2403E+10 0.2403E+10 +- 0.2585E+08      0.68
=======
        1000           0
 Error in matrix element
 Error in matrix element
 Iteration  2   Mean: 0.1856E+54 Abs mean: 0.1856E+54   Fluctuation:  0.115E+54   0.208E+57    99.9%
  2    0.1856E+54 0.1856E+54 +- 0.1149E+54     27.70
>>>>>>> 911b5ec345c81b054214c521136984e9d6306827
 Relative summed weights:
  0.1000E+01  0.0000E+00
 Relative number of events:
  0.1000E+01  0.0000E+00
 Events:
<<<<<<< HEAD
        4000           0
Warning xbin not returning correct x   1  0.984742E+00  0.999989E+00  0.7275E-03
Warning xbin not returning correct x   1  0.990632E+00  0.999993E+00  0.7275E-03
 Iteration  3   Mean: 0.2373E+10 Abs mean: 0.2373E+10   Fluctuation:  0.131E+08   0.945E+10    99.4%
  3    0.2373E+10 0.2373E+10 +- 0.1309E+08      0.49
=======
        2000           0
 Error in matrix element
 Iteration  3   Mean: 0.7780E+55 Abs mean: 0.7780E+55   Fluctuation:  0.757E+55   0.303E+59   100.0%
  3    0.7780E+55 0.7780E+55 +- 0.7572E+55     61.56
>>>>>>> 911b5ec345c81b054214c521136984e9d6306827
 Relative summed weights:
  0.1000E+01  0.0000E+00
 Relative number of events:
  0.1000E+01  0.0000E+00
 Events:
<<<<<<< HEAD
        8000           0
 Found          797  events.
 Wrote          792  events.
 Actual xsec    2378106164.4888830     
 Correct abs xsec    2378106164.4888830     
 Event xsec    2378106164.4888802     
 Events wgts > 1:            0
 % Cross section > 1:    0.0000000000000000        0.0000000000000000     
 Checking number of events   4623.7518156157357              792  chi2:   0.73834801668487626     
 Found          797  events.
 Wrote          792  events.
 Actual xsec    2378106164.4888830     
 Correct abs xsec    2378106164.4888830     
 Event xsec    2378106164.4888802     
 Events wgts > 1:            0
 % Cross section > 1:    0.0000000000000000        0.0000000000000000     
Warning xbin not returning correct x   1  0.996181E+00  0.999999E+00  0.3105E-03
Warning xbin not returning correct x   1  0.991854E+00  0.999998E+00  0.3105E-03
Warning xbin not returning correct x   1  0.983342E+00  0.999995E+00  0.3105E-03
Warning xbin not returning correct x   1  0.989408E+00  0.999997E+00  0.3105E-03
 Iteration  4   Mean: 0.2353E+10 Abs mean: 0.2353E+10   Fluctuation:  0.597E+07   0.405E+10    99.4%
  4    0.2353E+10 0.2353E+10 +- 0.5966E+07      0.32
=======
        4000           0
 Found           19  events.
 Wrote            1  events.
 Actual xsec   1.38214801341504173E+055
 Correct abs xsec   1.38214801341504173E+055
 Event xsec   1.38214801341504173E+055
 Events wgts > 1:            0
 % Cross section > 1:    0.0000000000000000        0.0000000000000000     
 Checking number of events   577.35086816373121                1  chi2:    7036.5477424311848     
 Found           19  events.
 Wrote            1  events.
 Actual xsec   1.38214801341504173E+055
 Correct abs xsec   1.38214801341504173E+055
 Event xsec   1.38214801341504173E+055
 Events wgts > 1:            0
 % Cross section > 1:    0.0000000000000000        0.0000000000000000     
 Iteration  4   Mean: 0.2700E+57 Abs mean: 0.2700E+57   Fluctuation:  0.226E+57   0.178E+61   100.0%
  4    0.2700E+57 0.2700E+57 +- 0.2260E+57     74.88
 Relative summed weights:
  0.1000E+01  0.0000E+00
 Relative number of events:
  0.1000E+01  0.0000E+00
 Events:
        8000           0
 Found           17  events.
 Wrote            1  events.
 Actual xsec   7.73930564336337907E+055
 Correct abs xsec   7.73930564336337907E+055
 Event xsec   7.73930564336338016E+055
 Events wgts > 1:            1
 % Cross section > 1:   1.35520390596997149E+049  1.75106652769565676E-005
 Checking number of events   3232.8627533457507                1  chi2:    225609.07462095094     
 Found           17  events.
 Wrote            1  events.
 Actual xsec   7.73930564336337907E+055
 Correct abs xsec   7.73930564336337907E+055
 Event xsec   7.73930564336338016E+055
 Events wgts > 1:            1
 % Cross section > 1:   1.35520390596997149E+049  1.75106652769565676E-005
 Error in matrix element
 Error in matrix element
 Error in matrix element
 Error in matrix element
 Error in matrix element
 Error in matrix element
 Iteration  5   Mean: 0.3289E+56 Abs mean: 0.3289E+56   Fluctuation:  0.265E+56   0.414E+60   100.0%
  5    0.3289E+56 0.3289E+56 +- 0.2649E+56    101.87
 Relative summed weights:
  0.1000E+01  0.0000E+00
 Relative number of events:
  0.1000E+01  0.0000E+00
 Events:
       16000           0
 Found           10  events.
 Wrote            1  events.
 Actual xsec   1.10360359696703495E+056
 Correct abs xsec   1.10360359696703495E+056
 Event xsec   1.10360359696703495E+056
 Events wgts > 1:            1
 % Cross section > 1:   1.98453566022511390E+049  1.79823232334426040E-005
 Checking number of events   4609.9729452506981                1  chi2:    96.293916797481003     
 Found           10  events.
 Wrote            1  events.
 Actual xsec   1.10360359696703495E+056
 Correct abs xsec   1.10360359696703495E+056
 Event xsec   1.10360359696703495E+056
 Events wgts > 1:            1
 % Cross section > 1:   1.98453566022511390E+049  1.79823232334426040E-005
 Error in matrix element
 Error in matrix element
 Error in matrix element
 Error in matrix element
 Iteration  6   Mean: 0.1843E+57 Abs mean: 0.1843E+57   Fluctuation:  0.764E+56   0.173E+61   100.0%
  6    0.1843E+57 0.1843E+57 +- 0.7644E+56     74.20
 Relative summed weights:
  0.1000E+01  0.0000E+00
 Relative number of events:
  0.1000E+01  0.0000E+00
 Events:
       32000           0
 Found           32  events.
 Wrote            3  events.
 Actual xsec   1.71632104667787909E+056
 Correct abs xsec   1.71632104667787909E+056
 Event xsec   1.71632104667787909E+056
 Events wgts > 1:            1
 % Cross section > 1:   1.12555704846600794E+048  6.55796332885763176E-007
 Checking number of events   7169.4162761828366                3  chi2:    13.822476097124794     
 Found           32  events.
 Wrote            4  events.
 Actual xsec   1.71632104667787909E+056
 Correct abs xsec   1.71632104667787909E+056
 Event xsec   1.71632104667787931E+056
 Events wgts > 1:            1
 % Cross section > 1:   8.44167786349505954E+047  4.91847249664322303E-007
 Error in matrix element
 Error in matrix element
 Error in matrix element
 Error in matrix element
 Error in matrix element
 Error in matrix element
 Iteration  7   Mean: 0.6687E+56 Abs mean: 0.6687E+56   Fluctuation:  0.252E+56   0.101E+61   100.0%
  7    0.6687E+56 0.6687E+56 +- 0.2519E+56     95.28
 Relative summed weights:
  0.1000E+01  0.0000E+00
 Relative number of events:
  0.1000E+01  0.0000E+00
 Events:
       64000           0
 Found           33  events.
 Wrote            1  events.
 Actual xsec   1.10616510024574850E+056
 Correct abs xsec   1.10616510024574850E+056
 Event xsec   1.10616510024574850E+056
 Events wgts > 1:            1
 % Cross section > 1:   7.35090696127585899E+048  6.64539765324612300E-006
 Checking number of events   4620.6728567465407                1  chi2:    6.2766592231011558     
 Found           33  events.
 Wrote            4  events.
 Actual xsec   1.10616510024574850E+056
 Correct abs xsec   1.10616510024574850E+056
 Event xsec   1.10616510024574872E+056
 Events wgts > 1:            1
 % Cross section > 1:   1.83772683287576855E+048  1.66134949698511928E-006
 Error in matrix element
 Error in matrix element
 Error in matrix element
 Error in matrix element
 Error in matrix element
 Error in matrix element
 Error in matrix element
 Error in matrix element
 Error in matrix element
 Error in matrix element
 Error in matrix element
 Iteration  8   Mean: 0.1459E+57 Abs mean: 0.1459E+57   Fluctuation:  0.337E+56   0.166E+61   100.0%
  8    0.1459E+57 0.1459E+57 +- 0.3372E+56     82.67
 Relative summed weights:
  0.1000E+01  0.0000E+00
 Relative number of events:
  0.1000E+01  0.0000E+00
 Events:
      128000           0
 Found           87  events.
 Wrote           11  events.
 Actual xsec   1.35332358220643799E+056
 Correct abs xsec   1.35332358220643799E+056
 Event xsec   1.35332358220643799E+056
 Events wgts > 1:            3
 % Cross section > 1:   7.08166864356559463E+053  0.52327977851533125     
 Checking number of events   5653.1032675927327               11  chi2:    3.9484495451859787     
 Found           87  events.
 Wrote           11  events.
 Actual xsec   1.35332358220643799E+056
 Correct abs xsec   1.35332358220643799E+056
 Event xsec   1.35332358220643799E+056
 Events wgts > 1:            3
 % Cross section > 1:   7.08166864356559463E+053  0.52327977851533125     
 Error in matrix element
 Error in matrix element
 Error in matrix element
 Error in matrix element
 Error in matrix element
 Error in matrix element
 Error in matrix element
 Error in matrix element
 Error in matrix element
 Error in matrix element
 Error in matrix element
 Error in matrix element
 Error in matrix element
 Error in matrix element
 Error in matrix element
 Error in matrix element
 Error in matrix element
 Error in matrix element
 Error in matrix element
 Error in matrix element
 Error in matrix element
 Error in matrix element
 Error in matrix element
 Error in matrix element
 Iteration  9   Mean: 0.1014E+57 Abs mean: 0.1014E+57   Fluctuation:  0.189E+56   0.178E+61   100.0%
  9    0.1014E+57 0.1014E+57 +- 0.1890E+56     94.33
 Relative summed weights:
  0.1000E+01  0.0000E+00
 Relative number of events:
  0.1000E+01  0.0000E+00
 Events:
      256000           0
 Found          128  events.
 Wrote           15  events.
 Actual xsec   1.12199414578032252E+056
 Correct abs xsec   1.12199414578032252E+056
 Event xsec   1.12199414578032230E+056
 Events wgts > 1:            2
 % Cross section > 1:   9.08214135424651307E+053  0.80946423726035421     
 Checking number of events   4686.7939457535631               15  chi2:    2.2835226782080387     
 Found          128  events.
 Wrote           11  events.
 Actual xsec   1.12199414578032252E+056
 Correct abs xsec   1.12199414578032252E+056
 Event xsec   1.12199414578032252E+056
 Events wgts > 1:            2
 % Cross section > 1:   1.23483906444655839E+054   1.1005753185884537     

 -------------------------------------------------------------------------------
 Accumulated results:   Integral =   +Infinity
                        Std dev  =   +Infinity
                       Cross sec =   +Infinity
             Chi**2 per DoF.     =      1.5815
 -------------------------------------------------------------------------------
-------------------------------------------------
---------------------------
 Results Last   3 iters: Integral =   0.1122E+57
                     Abs integral =   0.1122E+57
                          Std dev =   0.1519E+56
                  Chi**2 per DoF. =      2.2835
-------------------------------------------------
---------------------------
 Status -4.17719999999999991E-053          10           9
 Trying w/ fresh grid
 Starting w/ ncall =         4000
 Keeping grid fixed.
  2 dimensions   4000 events  2 invarients  8 iterations  1 config(s),  (0.99)
 Using h-tuple random number sequence.
 Error opening grid
 Using Uniform Grid!
 Using uniform alpha   1.0000000000000000     
 Grid defined OK
Setting grid   1    0.53290E-04   1
 Iteration  1   Mean: 0.8120E+31 Abs mean: 0.8120E+31   Fluctuation:  0.807E+31   0.323E+35   100.0%
  1    0.8120E+31 0.8120E+31 +- 0.8075E+31     62.89
 Relative summed weights:
  0.1000E+01  0.0000E+00
 Relative number of events:
  0.1000E+01  0.0000E+00
 Events:
        4000           0
 Iteration  2   Mean: 0.5130E+34 Abs mean: 0.5130E+34   Fluctuation:  0.360E+34   0.234E+38   100.0%
  2    0.5130E+34 0.5130E+34 +- 0.3597E+34     62.72
 Relative summed weights:
  0.1000E+01  0.0000E+00
 Relative number of events:
  0.1000E+01  0.0000E+00
 Events:
        8000           0
 Iteration  3   Mean: 0.1110E+39 Abs mean: 0.1110E+39   Fluctuation:  0.709E+38   0.994E+42   100.0%
  3    0.1110E+39 0.1110E+39 +- 0.7093E+38     80.86
>>>>>>> 911b5ec345c81b054214c521136984e9d6306827
 Relative summed weights:
  0.1000E+01  0.0000E+00
 Relative number of events:
  0.1000E+01  0.0000E+00
 Events:
       16000           0
<<<<<<< HEAD
 Found         1583  events.
 Wrote         1578  events.
 Actual xsec    2358826873.7108812     
 Correct abs xsec    2358826873.7108812     
 Event xsec    2358826873.7109017     
 Events wgts > 1:            0
 % Cross section > 1:    0.0000000000000000        0.0000000000000000     
 Checking number of events   4586.2670905560672             1578  chi2:    2.5013635331307160     
 Found         1583  events.
 Wrote         1578  events.
 Actual xsec    2358826873.7108812     
 Correct abs xsec    2358826873.7108812     
 Event xsec    2358826873.7109017     
 Events wgts > 1:            0
 % Cross section > 1:    0.0000000000000000        0.0000000000000000     
Warning xbin not returning correct x   1  0.983594E+00  0.999997E+00  0.2007E-03
Warning xbin not returning correct x   1  0.992911E+00  0.999999E+00  0.2007E-03
Warning xbin not returning correct x   1  0.981867E+00  0.999996E+00  0.2007E-03
Warning xbin not returning correct x   1  0.983249E+00  0.999997E+00  0.2007E-03
Warning xbin not returning correct x   1  0.986806E+00  0.999997E+00  0.2007E-03
Warning xbin still not working well. Last message this iteration.
 Iteration  5   Mean: 0.2357E+10 Abs mean: 0.2357E+10   Fluctuation:  0.295E+07   0.320E+10    99.6%
  5    0.2357E+10 0.2357E+10 +- 0.2949E+07      0.22
=======
 Found           82  events.
 Wrote            3  events.
 Actual xsec   4.94392789137211006E+037
 Correct abs xsec   4.94392789137211006E+037
 Event xsec   4.94392789137211006E+037
 Events wgts > 1:            1
 % Cross section > 1:   1.78413108356491694E+030  3.60873200978212336E-006
 Checking number of events  2.06517755878395771E-015           3  chi2:    18744693756235.934     
 Found           82  events.
 Wrote            2  events.
 Actual xsec   4.94392789137211006E+037
 Correct abs xsec   4.94392789137211006E+037
 Event xsec   4.94392789137211006E+037
 Events wgts > 1:            1
 % Cross section > 1:   2.67619657458193572E+030  5.41309791199078168E-006
 Iteration  4   Mean: 0.1081E+42 Abs mean: 0.1081E+42   Fluctuation:  0.519E+41   0.133E+46   100.0%
  4    0.1081E+42 0.1081E+42 +- 0.5192E+41     85.93
 Relative summed weights:
  0.1000E+01  0.0000E+00
 Relative number of events:
  0.1000E+01  0.0000E+00
 Events:
       32000           0
 Found          161  events.
 Wrote            3  events.
 Actual xsec   5.31631756863774033E+040
 Correct abs xsec   5.31631756863774033E+040
 Event xsec   5.31631756863774033E+040
 Events wgts > 1:            1
 % Cross section > 1:   3.08401916979946340E+033  5.80104391805494818E-006
 Checking number of events  2.22073217477135687E-012           3  chi2:    109195875198799.97     
 Found          161  events.
 Wrote            2  events.
 Actual xsec   5.31631756863774033E+040
 Correct abs xsec   5.31631756863774033E+040
 Event xsec   5.31631756863774033E+040
 Events wgts > 1:            1
 % Cross section > 1:   4.62602862050842912E+033  8.70156562466942503E-006
 Iteration  5   Mean: 0.6206E+50 Abs mean: 0.6206E+50   Fluctuation:  0.620E+50   0.397E+55   100.0%
  5    0.6206E+50 0.6206E+50 +- 0.6200E+50    252.73
 Relative summed weights:
  0.1000E+01  0.0000E+00
 Relative number of events:
  0.1000E+01  0.0000E+00
 Events:
       64000           0
 Found          528  events.
 Wrote            1  events.
 Actual xsec   7.99040510403484654E+048
 Correct abs xsec   7.99040510403484654E+048
 Event xsec   7.99040510403484654E+048
 Events wgts > 1:            0
 % Cross section > 1:    0.0000000000000000        0.0000000000000000     
 Checking number of events  3.33775202005743589E-004           1  chi2:   6.34606972277054715E+021
 Found          528  events.
 Wrote            1  events.
 Actual xsec   7.99040510403484654E+048
 Correct abs xsec   7.99040510403484654E+048
 Event xsec   7.99040510403484654E+048
 Events wgts > 1:            0
 % Cross section > 1:    0.0000000000000000        0.0000000000000000     
 Fixing grid
 Iteration  6   Mean: 0.2242E+58 Abs mean: 0.2242E+58   Fluctuation:  0.224E+58   0.287E+63   100.0%
  6    0.2242E+58 0.2242E+58 +- 0.2242E+58    357.74
>>>>>>> 911b5ec345c81b054214c521136984e9d6306827
 Relative summed weights:
  0.1000E+01  0.0000E+00
 Relative number of events:
  0.1000E+01  0.0000E+00
 Events:
<<<<<<< HEAD
       32000           0
 Found         3257  events.
 Wrote         3253  events.
 Actual xsec    2357234204.6887045     
 Correct abs xsec    2357234204.6887045     
 Event xsec    2357234204.6887717     
 Events wgts > 1:            0
 % Cross section > 1:    0.0000000000000000        0.0000000000000000     
 Checking number of events   4583.1704641762490             3253  chi2:   0.94673363967330482     
 Found         3257  events.
 Wrote         3253  events.
 Actual xsec    2357234204.6887045     
 Correct abs xsec    2357234204.6887045     
 Event xsec    2357234204.6887717     
 Events wgts > 1:            0
 % Cross section > 1:    0.0000000000000000        0.0000000000000000     
Warning xbin not returning correct x   1  0.983727E+00  0.999997E+00  0.1725E-03
Warning xbin not returning correct x   1  0.993565E+00  0.999999E+00  0.1725E-03
Warning xbin not returning correct x   1  0.986627E+00  0.999998E+00  0.1725E-03
Warning xbin not returning correct x   1  0.982328E+00  0.999997E+00  0.1725E-03
Warning xbin not returning correct x   1  0.981303E+00  0.999997E+00  0.1725E-03
Warning xbin still not working well. Last message this iteration.
 Iteration  6   Mean: 0.2357E+10 Abs mean: 0.2357E+10   Fluctuation:  0.154E+07   0.298E+10    99.7%
  6    0.2357E+10 0.2357E+10 +- 0.1541E+07      0.17
=======
      128000           0
 Found           78  events.
 Wrote            1  events.
 Actual xsec   3.53878704577469203E+056
 Correct abs xsec   3.53878704577469203E+056
 Event xsec   3.53878704577469247E+056
 Events wgts > 1:            1
 % Cross section > 1:   2.14148394714026869E+049  6.05146316927207557E-006
 Checking number of events   14782.221247610043                1  chi2:   2.32312224491299411E+031
 Found           78  events.
 Wrote            1  events.
 Actual xsec   3.53878704577469203E+056
 Correct abs xsec   3.53878704577469203E+056
 Event xsec   3.53878704577469247E+056
 Events wgts > 1:            1
 % Cross section > 1:   2.14148394714026869E+049  6.05146316927207557E-006
 Iteration  7   Mean: 0.3201E+56 Abs mean: 0.3201E+56   Fluctuation:  0.320E+56   0.819E+61   100.0%
  7    0.3201E+56 0.3201E+56 +- 0.3197E+56    505.32
 Relative summed weights:
  0.1000E+01  0.0000E+00
 Relative number of events:
  0.1000E+01  0.0000E+00
 Events:
      256000           0
 Found            6  events.
 Wrote            1  events.
 Actual xsec   7.56860040645346078E+056
 Correct abs xsec   7.56860040645346078E+056
 Event xsec   7.56860040645346078E+056
 Events wgts > 1:            0
 % Cross section > 1:    0.0000000000000000        0.0000000000000000     
 Checking number of events   31615.557617837396                1  chi2:    74503751633420.859     
 Found            6  events.
 Wrote            1  events.
 Actual xsec   7.56860040645346078E+056
 Correct abs xsec   7.56860040645346078E+056
 Event xsec   7.56860040645346078E+056
 Events wgts > 1:            0
 % Cross section > 1:    0.0000000000000000        0.0000000000000000     
 Error in matrix element
 Iteration  8   Mean: 0.3401E+54 Abs mean: 0.3401E+54   Fluctuation:  0.286E+54   0.145E+60   100.0%
  8    0.3401E+54 0.3401E+54 +- 0.2856E+54    600.81
>>>>>>> 911b5ec345c81b054214c521136984e9d6306827
 Relative summed weights:
  0.1000E+01  0.0000E+00
 Relative number of events:
  0.1000E+01  0.0000E+00
 Events:
<<<<<<< HEAD
       64000           0
 Found         6387  events.
 Wrote         6383  events.
 Actual xsec    2356959899.9009299     
 Correct abs xsec    2356959899.9009299     
 Event xsec    2356959899.9010782     
 Events wgts > 1:            0
 % Cross section > 1:    0.0000000000000000        0.0000000000000000     
 Checking number of events   4582.6371333773786             6383  chi2:   0.19704736894747202     

 -------------------------------------------------------------------------------
 Accumulated results:   Integral =  0.2357E+10
                        Std dev  =  0.1323E+07
                       Cross sec =  0.1062E+01
             Chi**2 per DoF.     =
-------------------------------------------------
---------------------------
 Results Last   3 iters: Integral =   0.2357E+10
                     Abs integral =   0.2357E+10
                          Std dev =   0.1332E+07
                  Chi**2 per DoF. =      0.1970
-------------------------------------------------
---------------------------
 Status -1.94430000000000017E-006           7           9
 We found enough events        6383   4582.6371333773786     
=======
      512000           0
 Found           15  events.
 Wrote            1  events.
 Actual xsec   9.45395191389727871E+055
 Correct abs xsec   9.45395191389727871E+055
 Event xsec   9.45395191389727871E+055
 Events wgts > 1:            1
 % Cross section > 1:   5.60695809944936647E+048  5.93080877765747545E-006
 Checking number of events   27773.431105346834                1  chi2:    2707562.4914935213     
 Found           15  events.
 Wrote            1  events.
 Actual xsec   9.45395191389727871E+055
 Correct abs xsec   9.45395191389727871E+055
 Event xsec   9.45395191389727871E+055
 Events wgts > 1:            1
 % Cross section > 1:   5.60695809944936647E+048  5.93080877765747545E-006

 -------------------------------------------------------------------------------
 Accumulated results:   Integral =   +Infinity
                        Std dev  =   +Infinity
                       Cross sec =   +Infinity
             Chi**2 per DoF.     =     26.1455
 -------------------------------------------------------------------------------
-------------------------------------------------
---------------------------
 Results Last   3 iters: Integral =   0.6649E+57
                     Abs integral =   0.6649E+57
                         Std dev =   0.3595E+57
                 Chi**2 per DoF. =2707562.4915
-------------------------------------------------
---------------------------
>>>>>>> 911b5ec345c81b054214c521136984e9d6306827

ls status:
events.lhe
ftn25
ftn26
input_sg.txt
<<<<<<< HEAD
moffset.dat
results.dat
run_01_ftn26.gz
run_01_log.txt
run_01_results.dat
run_02_ftn26.gz
run_02_log.txt
run_02_results.dat
run_03_ftn26.gz
run_03_log.txt
run_03_results.dat
run_04_ftn26.gz
run_04_log.txt
run_04_results.dat
=======
log.txt
moffset.dat
results.dat
>>>>>>> 911b5ec345c81b054214c521136984e9d6306827
run1_app.log
